[2022-09-20T17:17:02.867+0530] {processor.py:153} INFO - Started process (PID=28786) to work on /home/sayone/This PC/SayOne Technologies/Works/airflow_new/Airflow/venv/lib/python3.8/site-packages/airflow/example_dags/example_kubernetes_executor.py
[2022-09-20T17:17:02.868+0530] {processor.py:640} INFO - Processing file /home/sayone/This PC/SayOne Technologies/Works/airflow_new/Airflow/venv/lib/python3.8/site-packages/airflow/example_dags/example_kubernetes_executor.py for tasks to queue
[2022-09-20T17:17:02.869+0530] {logging_mixin.py:115} INFO - [2022-09-20T17:17:02.869+0530] {dagbag.py:508} INFO - Filling up the DagBag from /home/sayone/This PC/SayOne Technologies/Works/airflow_new/Airflow/venv/lib/python3.8/site-packages/airflow/example_dags/example_kubernetes_executor.py
[2022-09-20T17:17:02.881+0530] {logging_mixin.py:115} INFO - [2022-09-20T17:17:02.881+0530] {example_kubernetes_executor.py:39} WARNING - The example_kubernetes_executor example DAG requires the kubernetes provider. Please install it with: pip install apache-airflow[cncf.kubernetes]
[2022-09-20T17:17:02.881+0530] {processor.py:652} WARNING - No viable dags retrieved from /home/sayone/This PC/SayOne Technologies/Works/airflow_new/Airflow/venv/lib/python3.8/site-packages/airflow/example_dags/example_kubernetes_executor.py
[2022-09-20T17:17:02.888+0530] {processor.py:161} INFO - Processing /home/sayone/This PC/SayOne Technologies/Works/airflow_new/Airflow/venv/lib/python3.8/site-packages/airflow/example_dags/example_kubernetes_executor.py took 0.024 seconds
[2022-09-20T17:17:39.466+0530] {processor.py:153} INFO - Started process (PID=28985) to work on /home/sayone/This PC/SayOne Technologies/Works/airflow_new/Airflow/venv/lib/python3.8/site-packages/airflow/example_dags/example_kubernetes_executor.py
[2022-09-20T17:17:39.469+0530] {processor.py:640} INFO - Processing file /home/sayone/This PC/SayOne Technologies/Works/airflow_new/Airflow/venv/lib/python3.8/site-packages/airflow/example_dags/example_kubernetes_executor.py for tasks to queue
[2022-09-20T17:17:39.470+0530] {logging_mixin.py:115} INFO - [2022-09-20T17:17:39.470+0530] {dagbag.py:508} INFO - Filling up the DagBag from /home/sayone/This PC/SayOne Technologies/Works/airflow_new/Airflow/venv/lib/python3.8/site-packages/airflow/example_dags/example_kubernetes_executor.py
[2022-09-20T17:17:39.480+0530] {logging_mixin.py:115} INFO - [2022-09-20T17:17:39.479+0530] {example_kubernetes_executor.py:39} WARNING - The example_kubernetes_executor example DAG requires the kubernetes provider. Please install it with: pip install apache-airflow[cncf.kubernetes]
[2022-09-20T17:17:39.480+0530] {processor.py:652} WARNING - No viable dags retrieved from /home/sayone/This PC/SayOne Technologies/Works/airflow_new/Airflow/venv/lib/python3.8/site-packages/airflow/example_dags/example_kubernetes_executor.py
[2022-09-20T17:17:39.486+0530] {processor.py:161} INFO - Processing /home/sayone/This PC/SayOne Technologies/Works/airflow_new/Airflow/venv/lib/python3.8/site-packages/airflow/example_dags/example_kubernetes_executor.py took 0.024 seconds
[2022-09-20T17:18:13.773+0530] {processor.py:153} INFO - Started process (PID=29130) to work on /home/sayone/This PC/SayOne Technologies/Works/airflow_new/Airflow/venv/lib/python3.8/site-packages/airflow/example_dags/example_kubernetes_executor.py
[2022-09-20T17:18:13.777+0530] {processor.py:640} INFO - Processing file /home/sayone/This PC/SayOne Technologies/Works/airflow_new/Airflow/venv/lib/python3.8/site-packages/airflow/example_dags/example_kubernetes_executor.py for tasks to queue
[2022-09-20T17:18:13.777+0530] {logging_mixin.py:115} INFO - [2022-09-20T17:18:13.777+0530] {dagbag.py:508} INFO - Filling up the DagBag from /home/sayone/This PC/SayOne Technologies/Works/airflow_new/Airflow/venv/lib/python3.8/site-packages/airflow/example_dags/example_kubernetes_executor.py
[2022-09-20T17:18:13.796+0530] {logging_mixin.py:115} INFO - [2022-09-20T17:18:13.796+0530] {example_kubernetes_executor.py:39} WARNING - The example_kubernetes_executor example DAG requires the kubernetes provider. Please install it with: pip install apache-airflow[cncf.kubernetes]
[2022-09-20T17:18:13.797+0530] {processor.py:652} WARNING - No viable dags retrieved from /home/sayone/This PC/SayOne Technologies/Works/airflow_new/Airflow/venv/lib/python3.8/site-packages/airflow/example_dags/example_kubernetes_executor.py
[2022-09-20T17:18:13.804+0530] {processor.py:161} INFO - Processing /home/sayone/This PC/SayOne Technologies/Works/airflow_new/Airflow/venv/lib/python3.8/site-packages/airflow/example_dags/example_kubernetes_executor.py took 0.033 seconds
[2022-09-20T17:18:49.907+0530] {processor.py:153} INFO - Started process (PID=29208) to work on /home/sayone/This PC/SayOne Technologies/Works/airflow_new/Airflow/venv/lib/python3.8/site-packages/airflow/example_dags/example_kubernetes_executor.py
[2022-09-20T17:18:49.910+0530] {processor.py:640} INFO - Processing file /home/sayone/This PC/SayOne Technologies/Works/airflow_new/Airflow/venv/lib/python3.8/site-packages/airflow/example_dags/example_kubernetes_executor.py for tasks to queue
[2022-09-20T17:18:49.911+0530] {logging_mixin.py:115} INFO - [2022-09-20T17:18:49.911+0530] {dagbag.py:508} INFO - Filling up the DagBag from /home/sayone/This PC/SayOne Technologies/Works/airflow_new/Airflow/venv/lib/python3.8/site-packages/airflow/example_dags/example_kubernetes_executor.py
[2022-09-20T17:18:49.931+0530] {logging_mixin.py:115} INFO - [2022-09-20T17:18:49.931+0530] {example_kubernetes_executor.py:39} WARNING - The example_kubernetes_executor example DAG requires the kubernetes provider. Please install it with: pip install apache-airflow[cncf.kubernetes]
[2022-09-20T17:18:49.932+0530] {processor.py:652} WARNING - No viable dags retrieved from /home/sayone/This PC/SayOne Technologies/Works/airflow_new/Airflow/venv/lib/python3.8/site-packages/airflow/example_dags/example_kubernetes_executor.py
[2022-09-20T17:18:49.941+0530] {processor.py:161} INFO - Processing /home/sayone/This PC/SayOne Technologies/Works/airflow_new/Airflow/venv/lib/python3.8/site-packages/airflow/example_dags/example_kubernetes_executor.py took 0.038 seconds
[2022-09-20T17:19:24.610+0530] {processor.py:153} INFO - Started process (PID=29362) to work on /home/sayone/This PC/SayOne Technologies/Works/airflow_new/Airflow/venv/lib/python3.8/site-packages/airflow/example_dags/example_kubernetes_executor.py
[2022-09-20T17:19:24.613+0530] {processor.py:640} INFO - Processing file /home/sayone/This PC/SayOne Technologies/Works/airflow_new/Airflow/venv/lib/python3.8/site-packages/airflow/example_dags/example_kubernetes_executor.py for tasks to queue
[2022-09-20T17:19:24.614+0530] {logging_mixin.py:115} INFO - [2022-09-20T17:19:24.614+0530] {dagbag.py:508} INFO - Filling up the DagBag from /home/sayone/This PC/SayOne Technologies/Works/airflow_new/Airflow/venv/lib/python3.8/site-packages/airflow/example_dags/example_kubernetes_executor.py
[2022-09-20T17:19:24.627+0530] {logging_mixin.py:115} INFO - [2022-09-20T17:19:24.627+0530] {example_kubernetes_executor.py:39} WARNING - The example_kubernetes_executor example DAG requires the kubernetes provider. Please install it with: pip install apache-airflow[cncf.kubernetes]
[2022-09-20T17:19:24.627+0530] {processor.py:652} WARNING - No viable dags retrieved from /home/sayone/This PC/SayOne Technologies/Works/airflow_new/Airflow/venv/lib/python3.8/site-packages/airflow/example_dags/example_kubernetes_executor.py
[2022-09-20T17:19:24.633+0530] {processor.py:161} INFO - Processing /home/sayone/This PC/SayOne Technologies/Works/airflow_new/Airflow/venv/lib/python3.8/site-packages/airflow/example_dags/example_kubernetes_executor.py took 0.027 seconds
[2022-09-20T17:20:20.599+0530] {processor.py:153} INFO - Started process (PID=29690) to work on /home/sayone/This PC/SayOne Technologies/Works/airflow_new/Airflow/venv/lib/python3.8/site-packages/airflow/example_dags/example_kubernetes_executor.py
[2022-09-20T17:20:20.603+0530] {processor.py:640} INFO - Processing file /home/sayone/This PC/SayOne Technologies/Works/airflow_new/Airflow/venv/lib/python3.8/site-packages/airflow/example_dags/example_kubernetes_executor.py for tasks to queue
[2022-09-20T17:20:20.604+0530] {logging_mixin.py:115} INFO - [2022-09-20T17:20:20.604+0530] {dagbag.py:508} INFO - Filling up the DagBag from /home/sayone/This PC/SayOne Technologies/Works/airflow_new/Airflow/venv/lib/python3.8/site-packages/airflow/example_dags/example_kubernetes_executor.py
[2022-09-20T17:20:20.615+0530] {logging_mixin.py:115} INFO - [2022-09-20T17:20:20.615+0530] {example_kubernetes_executor.py:39} WARNING - The example_kubernetes_executor example DAG requires the kubernetes provider. Please install it with: pip install apache-airflow[cncf.kubernetes]
[2022-09-20T17:20:20.616+0530] {processor.py:652} WARNING - No viable dags retrieved from /home/sayone/This PC/SayOne Technologies/Works/airflow_new/Airflow/venv/lib/python3.8/site-packages/airflow/example_dags/example_kubernetes_executor.py
[2022-09-20T17:20:20.623+0530] {processor.py:161} INFO - Processing /home/sayone/This PC/SayOne Technologies/Works/airflow_new/Airflow/venv/lib/python3.8/site-packages/airflow/example_dags/example_kubernetes_executor.py took 0.029 seconds
[2022-09-20T17:20:57.846+0530] {processor.py:153} INFO - Started process (PID=29796) to work on /home/sayone/This PC/SayOne Technologies/Works/airflow_new/Airflow/venv/lib/python3.8/site-packages/airflow/example_dags/example_kubernetes_executor.py
[2022-09-20T17:20:57.849+0530] {processor.py:640} INFO - Processing file /home/sayone/This PC/SayOne Technologies/Works/airflow_new/Airflow/venv/lib/python3.8/site-packages/airflow/example_dags/example_kubernetes_executor.py for tasks to queue
[2022-09-20T17:20:57.850+0530] {logging_mixin.py:115} INFO - [2022-09-20T17:20:57.850+0530] {dagbag.py:508} INFO - Filling up the DagBag from /home/sayone/This PC/SayOne Technologies/Works/airflow_new/Airflow/venv/lib/python3.8/site-packages/airflow/example_dags/example_kubernetes_executor.py
[2022-09-20T17:20:57.864+0530] {logging_mixin.py:115} INFO - [2022-09-20T17:20:57.864+0530] {example_kubernetes_executor.py:39} WARNING - The example_kubernetes_executor example DAG requires the kubernetes provider. Please install it with: pip install apache-airflow[cncf.kubernetes]
[2022-09-20T17:20:57.864+0530] {processor.py:652} WARNING - No viable dags retrieved from /home/sayone/This PC/SayOne Technologies/Works/airflow_new/Airflow/venv/lib/python3.8/site-packages/airflow/example_dags/example_kubernetes_executor.py
[2022-09-20T17:20:57.870+0530] {processor.py:161} INFO - Processing /home/sayone/This PC/SayOne Technologies/Works/airflow_new/Airflow/venv/lib/python3.8/site-packages/airflow/example_dags/example_kubernetes_executor.py took 0.028 seconds
[2022-09-20T17:21:31.573+0530] {processor.py:153} INFO - Started process (PID=29879) to work on /home/sayone/This PC/SayOne Technologies/Works/airflow_new/Airflow/venv/lib/python3.8/site-packages/airflow/example_dags/example_kubernetes_executor.py
[2022-09-20T17:21:31.574+0530] {processor.py:640} INFO - Processing file /home/sayone/This PC/SayOne Technologies/Works/airflow_new/Airflow/venv/lib/python3.8/site-packages/airflow/example_dags/example_kubernetes_executor.py for tasks to queue
[2022-09-20T17:21:31.575+0530] {logging_mixin.py:115} INFO - [2022-09-20T17:21:31.575+0530] {dagbag.py:508} INFO - Filling up the DagBag from /home/sayone/This PC/SayOne Technologies/Works/airflow_new/Airflow/venv/lib/python3.8/site-packages/airflow/example_dags/example_kubernetes_executor.py
[2022-09-20T17:21:31.586+0530] {logging_mixin.py:115} INFO - [2022-09-20T17:21:31.586+0530] {example_kubernetes_executor.py:39} WARNING - The example_kubernetes_executor example DAG requires the kubernetes provider. Please install it with: pip install apache-airflow[cncf.kubernetes]
[2022-09-20T17:21:31.587+0530] {processor.py:652} WARNING - No viable dags retrieved from /home/sayone/This PC/SayOne Technologies/Works/airflow_new/Airflow/venv/lib/python3.8/site-packages/airflow/example_dags/example_kubernetes_executor.py
[2022-09-20T17:21:31.592+0530] {processor.py:161} INFO - Processing /home/sayone/This PC/SayOne Technologies/Works/airflow_new/Airflow/venv/lib/python3.8/site-packages/airflow/example_dags/example_kubernetes_executor.py took 0.023 seconds
[2022-09-20T17:22:09.941+0530] {processor.py:153} INFO - Started process (PID=30169) to work on /home/sayone/This PC/SayOne Technologies/Works/airflow_new/Airflow/venv/lib/python3.8/site-packages/airflow/example_dags/example_kubernetes_executor.py
[2022-09-20T17:22:09.944+0530] {processor.py:640} INFO - Processing file /home/sayone/This PC/SayOne Technologies/Works/airflow_new/Airflow/venv/lib/python3.8/site-packages/airflow/example_dags/example_kubernetes_executor.py for tasks to queue
[2022-09-20T17:22:09.945+0530] {logging_mixin.py:115} INFO - [2022-09-20T17:22:09.945+0530] {dagbag.py:508} INFO - Filling up the DagBag from /home/sayone/This PC/SayOne Technologies/Works/airflow_new/Airflow/venv/lib/python3.8/site-packages/airflow/example_dags/example_kubernetes_executor.py
[2022-09-20T17:22:09.961+0530] {logging_mixin.py:115} INFO - [2022-09-20T17:22:09.961+0530] {example_kubernetes_executor.py:39} WARNING - The example_kubernetes_executor example DAG requires the kubernetes provider. Please install it with: pip install apache-airflow[cncf.kubernetes]
[2022-09-20T17:22:09.961+0530] {processor.py:652} WARNING - No viable dags retrieved from /home/sayone/This PC/SayOne Technologies/Works/airflow_new/Airflow/venv/lib/python3.8/site-packages/airflow/example_dags/example_kubernetes_executor.py
[2022-09-20T17:22:09.971+0530] {processor.py:161} INFO - Processing /home/sayone/This PC/SayOne Technologies/Works/airflow_new/Airflow/venv/lib/python3.8/site-packages/airflow/example_dags/example_kubernetes_executor.py took 0.034 seconds
[2022-09-20T17:22:43.613+0530] {processor.py:153} INFO - Started process (PID=30295) to work on /home/sayone/This PC/SayOne Technologies/Works/airflow_new/Airflow/venv/lib/python3.8/site-packages/airflow/example_dags/example_kubernetes_executor.py
[2022-09-20T17:22:43.615+0530] {processor.py:640} INFO - Processing file /home/sayone/This PC/SayOne Technologies/Works/airflow_new/Airflow/venv/lib/python3.8/site-packages/airflow/example_dags/example_kubernetes_executor.py for tasks to queue
[2022-09-20T17:22:43.616+0530] {logging_mixin.py:115} INFO - [2022-09-20T17:22:43.616+0530] {dagbag.py:508} INFO - Filling up the DagBag from /home/sayone/This PC/SayOne Technologies/Works/airflow_new/Airflow/venv/lib/python3.8/site-packages/airflow/example_dags/example_kubernetes_executor.py
[2022-09-20T17:22:43.626+0530] {logging_mixin.py:115} INFO - [2022-09-20T17:22:43.626+0530] {example_kubernetes_executor.py:39} WARNING - The example_kubernetes_executor example DAG requires the kubernetes provider. Please install it with: pip install apache-airflow[cncf.kubernetes]
[2022-09-20T17:22:43.626+0530] {processor.py:652} WARNING - No viable dags retrieved from /home/sayone/This PC/SayOne Technologies/Works/airflow_new/Airflow/venv/lib/python3.8/site-packages/airflow/example_dags/example_kubernetes_executor.py
[2022-09-20T17:22:43.634+0530] {processor.py:161} INFO - Processing /home/sayone/This PC/SayOne Technologies/Works/airflow_new/Airflow/venv/lib/python3.8/site-packages/airflow/example_dags/example_kubernetes_executor.py took 0.023 seconds
[2022-09-20T17:23:45.968+0530] {processor.py:153} INFO - Started process (PID=30476) to work on /home/sayone/This PC/SayOne Technologies/Works/airflow_new/Airflow/venv/lib/python3.8/site-packages/airflow/example_dags/example_kubernetes_executor.py
[2022-09-20T17:23:45.971+0530] {processor.py:640} INFO - Processing file /home/sayone/This PC/SayOne Technologies/Works/airflow_new/Airflow/venv/lib/python3.8/site-packages/airflow/example_dags/example_kubernetes_executor.py for tasks to queue
[2022-09-20T17:23:45.971+0530] {logging_mixin.py:115} INFO - [2022-09-20T17:23:45.971+0530] {dagbag.py:508} INFO - Filling up the DagBag from /home/sayone/This PC/SayOne Technologies/Works/airflow_new/Airflow/venv/lib/python3.8/site-packages/airflow/example_dags/example_kubernetes_executor.py
[2022-09-20T17:23:45.982+0530] {logging_mixin.py:115} INFO - [2022-09-20T17:23:45.982+0530] {example_kubernetes_executor.py:39} WARNING - The example_kubernetes_executor example DAG requires the kubernetes provider. Please install it with: pip install apache-airflow[cncf.kubernetes]
[2022-09-20T17:23:45.982+0530] {processor.py:652} WARNING - No viable dags retrieved from /home/sayone/This PC/SayOne Technologies/Works/airflow_new/Airflow/venv/lib/python3.8/site-packages/airflow/example_dags/example_kubernetes_executor.py
[2022-09-20T17:23:45.989+0530] {processor.py:161} INFO - Processing /home/sayone/This PC/SayOne Technologies/Works/airflow_new/Airflow/venv/lib/python3.8/site-packages/airflow/example_dags/example_kubernetes_executor.py took 0.022 seconds
[2022-09-20T17:24:21.956+0530] {processor.py:153} INFO - Started process (PID=30631) to work on /home/sayone/This PC/SayOne Technologies/Works/airflow_new/Airflow/venv/lib/python3.8/site-packages/airflow/example_dags/example_kubernetes_executor.py
[2022-09-20T17:24:21.960+0530] {processor.py:640} INFO - Processing file /home/sayone/This PC/SayOne Technologies/Works/airflow_new/Airflow/venv/lib/python3.8/site-packages/airflow/example_dags/example_kubernetes_executor.py for tasks to queue
[2022-09-20T17:24:21.961+0530] {logging_mixin.py:115} INFO - [2022-09-20T17:24:21.960+0530] {dagbag.py:508} INFO - Filling up the DagBag from /home/sayone/This PC/SayOne Technologies/Works/airflow_new/Airflow/venv/lib/python3.8/site-packages/airflow/example_dags/example_kubernetes_executor.py
[2022-09-20T17:24:21.972+0530] {logging_mixin.py:115} INFO - [2022-09-20T17:24:21.972+0530] {example_kubernetes_executor.py:39} WARNING - The example_kubernetes_executor example DAG requires the kubernetes provider. Please install it with: pip install apache-airflow[cncf.kubernetes]
[2022-09-20T17:24:21.972+0530] {processor.py:652} WARNING - No viable dags retrieved from /home/sayone/This PC/SayOne Technologies/Works/airflow_new/Airflow/venv/lib/python3.8/site-packages/airflow/example_dags/example_kubernetes_executor.py
[2022-09-20T17:24:21.979+0530] {processor.py:161} INFO - Processing /home/sayone/This PC/SayOne Technologies/Works/airflow_new/Airflow/venv/lib/python3.8/site-packages/airflow/example_dags/example_kubernetes_executor.py took 0.028 seconds
[2022-09-20T17:24:57.899+0530] {processor.py:153} INFO - Started process (PID=30909) to work on /home/sayone/This PC/SayOne Technologies/Works/airflow_new/Airflow/venv/lib/python3.8/site-packages/airflow/example_dags/example_kubernetes_executor.py
[2022-09-20T17:24:57.900+0530] {processor.py:640} INFO - Processing file /home/sayone/This PC/SayOne Technologies/Works/airflow_new/Airflow/venv/lib/python3.8/site-packages/airflow/example_dags/example_kubernetes_executor.py for tasks to queue
[2022-09-20T17:24:57.900+0530] {logging_mixin.py:115} INFO - [2022-09-20T17:24:57.900+0530] {dagbag.py:508} INFO - Filling up the DagBag from /home/sayone/This PC/SayOne Technologies/Works/airflow_new/Airflow/venv/lib/python3.8/site-packages/airflow/example_dags/example_kubernetes_executor.py
[2022-09-20T17:24:57.913+0530] {logging_mixin.py:115} INFO - [2022-09-20T17:24:57.913+0530] {example_kubernetes_executor.py:39} WARNING - The example_kubernetes_executor example DAG requires the kubernetes provider. Please install it with: pip install apache-airflow[cncf.kubernetes]
[2022-09-20T17:24:57.913+0530] {processor.py:652} WARNING - No viable dags retrieved from /home/sayone/This PC/SayOne Technologies/Works/airflow_new/Airflow/venv/lib/python3.8/site-packages/airflow/example_dags/example_kubernetes_executor.py
[2022-09-20T17:24:57.919+0530] {processor.py:161} INFO - Processing /home/sayone/This PC/SayOne Technologies/Works/airflow_new/Airflow/venv/lib/python3.8/site-packages/airflow/example_dags/example_kubernetes_executor.py took 0.022 seconds
[2022-09-20T17:25:33.047+0530] {processor.py:153} INFO - Started process (PID=31014) to work on /home/sayone/This PC/SayOne Technologies/Works/airflow_new/Airflow/venv/lib/python3.8/site-packages/airflow/example_dags/example_kubernetes_executor.py
[2022-09-20T17:25:33.050+0530] {processor.py:640} INFO - Processing file /home/sayone/This PC/SayOne Technologies/Works/airflow_new/Airflow/venv/lib/python3.8/site-packages/airflow/example_dags/example_kubernetes_executor.py for tasks to queue
[2022-09-20T17:25:33.051+0530] {logging_mixin.py:115} INFO - [2022-09-20T17:25:33.051+0530] {dagbag.py:508} INFO - Filling up the DagBag from /home/sayone/This PC/SayOne Technologies/Works/airflow_new/Airflow/venv/lib/python3.8/site-packages/airflow/example_dags/example_kubernetes_executor.py
[2022-09-20T17:25:33.067+0530] {logging_mixin.py:115} INFO - [2022-09-20T17:25:33.067+0530] {example_kubernetes_executor.py:39} WARNING - The example_kubernetes_executor example DAG requires the kubernetes provider. Please install it with: pip install apache-airflow[cncf.kubernetes]
[2022-09-20T17:25:33.067+0530] {processor.py:652} WARNING - No viable dags retrieved from /home/sayone/This PC/SayOne Technologies/Works/airflow_new/Airflow/venv/lib/python3.8/site-packages/airflow/example_dags/example_kubernetes_executor.py
[2022-09-20T17:25:33.072+0530] {processor.py:161} INFO - Processing /home/sayone/This PC/SayOne Technologies/Works/airflow_new/Airflow/venv/lib/python3.8/site-packages/airflow/example_dags/example_kubernetes_executor.py took 0.029 seconds
[2022-09-20T17:26:09.336+0530] {processor.py:153} INFO - Started process (PID=31130) to work on /home/sayone/This PC/SayOne Technologies/Works/airflow_new/Airflow/venv/lib/python3.8/site-packages/airflow/example_dags/example_kubernetes_executor.py
[2022-09-20T17:26:09.339+0530] {processor.py:640} INFO - Processing file /home/sayone/This PC/SayOne Technologies/Works/airflow_new/Airflow/venv/lib/python3.8/site-packages/airflow/example_dags/example_kubernetes_executor.py for tasks to queue
[2022-09-20T17:26:09.340+0530] {logging_mixin.py:115} INFO - [2022-09-20T17:26:09.340+0530] {dagbag.py:508} INFO - Filling up the DagBag from /home/sayone/This PC/SayOne Technologies/Works/airflow_new/Airflow/venv/lib/python3.8/site-packages/airflow/example_dags/example_kubernetes_executor.py
[2022-09-20T17:26:09.356+0530] {logging_mixin.py:115} INFO - [2022-09-20T17:26:09.356+0530] {example_kubernetes_executor.py:39} WARNING - The example_kubernetes_executor example DAG requires the kubernetes provider. Please install it with: pip install apache-airflow[cncf.kubernetes]
[2022-09-20T17:26:09.356+0530] {processor.py:652} WARNING - No viable dags retrieved from /home/sayone/This PC/SayOne Technologies/Works/airflow_new/Airflow/venv/lib/python3.8/site-packages/airflow/example_dags/example_kubernetes_executor.py
[2022-09-20T17:26:09.362+0530] {processor.py:161} INFO - Processing /home/sayone/This PC/SayOne Technologies/Works/airflow_new/Airflow/venv/lib/python3.8/site-packages/airflow/example_dags/example_kubernetes_executor.py took 0.029 seconds
[2022-09-20T17:26:45.942+0530] {processor.py:153} INFO - Started process (PID=31216) to work on /home/sayone/This PC/SayOne Technologies/Works/airflow_new/Airflow/venv/lib/python3.8/site-packages/airflow/example_dags/example_kubernetes_executor.py
[2022-09-20T17:26:45.945+0530] {processor.py:640} INFO - Processing file /home/sayone/This PC/SayOne Technologies/Works/airflow_new/Airflow/venv/lib/python3.8/site-packages/airflow/example_dags/example_kubernetes_executor.py for tasks to queue
[2022-09-20T17:26:45.946+0530] {logging_mixin.py:115} INFO - [2022-09-20T17:26:45.945+0530] {dagbag.py:508} INFO - Filling up the DagBag from /home/sayone/This PC/SayOne Technologies/Works/airflow_new/Airflow/venv/lib/python3.8/site-packages/airflow/example_dags/example_kubernetes_executor.py
[2022-09-20T17:26:45.959+0530] {logging_mixin.py:115} INFO - [2022-09-20T17:26:45.959+0530] {example_kubernetes_executor.py:39} WARNING - The example_kubernetes_executor example DAG requires the kubernetes provider. Please install it with: pip install apache-airflow[cncf.kubernetes]
[2022-09-20T17:26:45.960+0530] {processor.py:652} WARNING - No viable dags retrieved from /home/sayone/This PC/SayOne Technologies/Works/airflow_new/Airflow/venv/lib/python3.8/site-packages/airflow/example_dags/example_kubernetes_executor.py
[2022-09-20T17:26:45.965+0530] {processor.py:161} INFO - Processing /home/sayone/This PC/SayOne Technologies/Works/airflow_new/Airflow/venv/lib/python3.8/site-packages/airflow/example_dags/example_kubernetes_executor.py took 0.025 seconds
[2022-09-20T17:27:22.457+0530] {processor.py:153} INFO - Started process (PID=31512) to work on /home/sayone/This PC/SayOne Technologies/Works/airflow_new/Airflow/venv/lib/python3.8/site-packages/airflow/example_dags/example_kubernetes_executor.py
[2022-09-20T17:27:22.460+0530] {processor.py:640} INFO - Processing file /home/sayone/This PC/SayOne Technologies/Works/airflow_new/Airflow/venv/lib/python3.8/site-packages/airflow/example_dags/example_kubernetes_executor.py for tasks to queue
[2022-09-20T17:27:22.461+0530] {logging_mixin.py:115} INFO - [2022-09-20T17:27:22.461+0530] {dagbag.py:508} INFO - Filling up the DagBag from /home/sayone/This PC/SayOne Technologies/Works/airflow_new/Airflow/venv/lib/python3.8/site-packages/airflow/example_dags/example_kubernetes_executor.py
[2022-09-20T17:27:22.476+0530] {logging_mixin.py:115} INFO - [2022-09-20T17:27:22.476+0530] {example_kubernetes_executor.py:39} WARNING - The example_kubernetes_executor example DAG requires the kubernetes provider. Please install it with: pip install apache-airflow[cncf.kubernetes]
[2022-09-20T17:27:22.476+0530] {processor.py:652} WARNING - No viable dags retrieved from /home/sayone/This PC/SayOne Technologies/Works/airflow_new/Airflow/venv/lib/python3.8/site-packages/airflow/example_dags/example_kubernetes_executor.py
[2022-09-20T17:27:22.481+0530] {processor.py:161} INFO - Processing /home/sayone/This PC/SayOne Technologies/Works/airflow_new/Airflow/venv/lib/python3.8/site-packages/airflow/example_dags/example_kubernetes_executor.py took 0.028 seconds
[2022-09-20T17:27:58.900+0530] {processor.py:153} INFO - Started process (PID=31644) to work on /home/sayone/This PC/SayOne Technologies/Works/airflow_new/Airflow/venv/lib/python3.8/site-packages/airflow/example_dags/example_kubernetes_executor.py
[2022-09-20T17:27:58.903+0530] {processor.py:640} INFO - Processing file /home/sayone/This PC/SayOne Technologies/Works/airflow_new/Airflow/venv/lib/python3.8/site-packages/airflow/example_dags/example_kubernetes_executor.py for tasks to queue
[2022-09-20T17:27:58.904+0530] {logging_mixin.py:115} INFO - [2022-09-20T17:27:58.904+0530] {dagbag.py:508} INFO - Filling up the DagBag from /home/sayone/This PC/SayOne Technologies/Works/airflow_new/Airflow/venv/lib/python3.8/site-packages/airflow/example_dags/example_kubernetes_executor.py
[2022-09-20T17:27:58.920+0530] {logging_mixin.py:115} INFO - [2022-09-20T17:27:58.920+0530] {example_kubernetes_executor.py:39} WARNING - The example_kubernetes_executor example DAG requires the kubernetes provider. Please install it with: pip install apache-airflow[cncf.kubernetes]
[2022-09-20T17:27:58.921+0530] {processor.py:652} WARNING - No viable dags retrieved from /home/sayone/This PC/SayOne Technologies/Works/airflow_new/Airflow/venv/lib/python3.8/site-packages/airflow/example_dags/example_kubernetes_executor.py
[2022-09-20T17:27:58.926+0530] {processor.py:161} INFO - Processing /home/sayone/This PC/SayOne Technologies/Works/airflow_new/Airflow/venv/lib/python3.8/site-packages/airflow/example_dags/example_kubernetes_executor.py took 0.028 seconds
[2022-09-20T17:28:34.471+0530] {processor.py:153} INFO - Started process (PID=31721) to work on /home/sayone/This PC/SayOne Technologies/Works/airflow_new/Airflow/venv/lib/python3.8/site-packages/airflow/example_dags/example_kubernetes_executor.py
[2022-09-20T17:28:34.474+0530] {processor.py:640} INFO - Processing file /home/sayone/This PC/SayOne Technologies/Works/airflow_new/Airflow/venv/lib/python3.8/site-packages/airflow/example_dags/example_kubernetes_executor.py for tasks to queue
[2022-09-20T17:28:34.475+0530] {logging_mixin.py:115} INFO - [2022-09-20T17:28:34.475+0530] {dagbag.py:508} INFO - Filling up the DagBag from /home/sayone/This PC/SayOne Technologies/Works/airflow_new/Airflow/venv/lib/python3.8/site-packages/airflow/example_dags/example_kubernetes_executor.py
[2022-09-20T17:28:34.486+0530] {logging_mixin.py:115} INFO - [2022-09-20T17:28:34.485+0530] {example_kubernetes_executor.py:39} WARNING - The example_kubernetes_executor example DAG requires the kubernetes provider. Please install it with: pip install apache-airflow[cncf.kubernetes]
[2022-09-20T17:28:34.486+0530] {processor.py:652} WARNING - No viable dags retrieved from /home/sayone/This PC/SayOne Technologies/Works/airflow_new/Airflow/venv/lib/python3.8/site-packages/airflow/example_dags/example_kubernetes_executor.py
[2022-09-20T17:28:34.491+0530] {processor.py:161} INFO - Processing /home/sayone/This PC/SayOne Technologies/Works/airflow_new/Airflow/venv/lib/python3.8/site-packages/airflow/example_dags/example_kubernetes_executor.py took 0.021 seconds
[2022-09-20T17:29:11.627+0530] {processor.py:153} INFO - Started process (PID=31846) to work on /home/sayone/This PC/SayOne Technologies/Works/airflow_new/Airflow/venv/lib/python3.8/site-packages/airflow/example_dags/example_kubernetes_executor.py
[2022-09-20T17:29:11.630+0530] {processor.py:640} INFO - Processing file /home/sayone/This PC/SayOne Technologies/Works/airflow_new/Airflow/venv/lib/python3.8/site-packages/airflow/example_dags/example_kubernetes_executor.py for tasks to queue
[2022-09-20T17:29:11.631+0530] {logging_mixin.py:115} INFO - [2022-09-20T17:29:11.631+0530] {dagbag.py:508} INFO - Filling up the DagBag from /home/sayone/This PC/SayOne Technologies/Works/airflow_new/Airflow/venv/lib/python3.8/site-packages/airflow/example_dags/example_kubernetes_executor.py
[2022-09-20T17:29:11.646+0530] {logging_mixin.py:115} INFO - [2022-09-20T17:29:11.646+0530] {example_kubernetes_executor.py:39} WARNING - The example_kubernetes_executor example DAG requires the kubernetes provider. Please install it with: pip install apache-airflow[cncf.kubernetes]
[2022-09-20T17:29:11.646+0530] {processor.py:652} WARNING - No viable dags retrieved from /home/sayone/This PC/SayOne Technologies/Works/airflow_new/Airflow/venv/lib/python3.8/site-packages/airflow/example_dags/example_kubernetes_executor.py
[2022-09-20T17:29:11.651+0530] {processor.py:161} INFO - Processing /home/sayone/This PC/SayOne Technologies/Works/airflow_new/Airflow/venv/lib/python3.8/site-packages/airflow/example_dags/example_kubernetes_executor.py took 0.028 seconds
[2022-09-20T17:29:46.769+0530] {processor.py:153} INFO - Started process (PID=32014) to work on /home/sayone/This PC/SayOne Technologies/Works/airflow_new/Airflow/venv/lib/python3.8/site-packages/airflow/example_dags/example_kubernetes_executor.py
[2022-09-20T17:29:46.772+0530] {processor.py:640} INFO - Processing file /home/sayone/This PC/SayOne Technologies/Works/airflow_new/Airflow/venv/lib/python3.8/site-packages/airflow/example_dags/example_kubernetes_executor.py for tasks to queue
[2022-09-20T17:29:46.773+0530] {logging_mixin.py:115} INFO - [2022-09-20T17:29:46.773+0530] {dagbag.py:508} INFO - Filling up the DagBag from /home/sayone/This PC/SayOne Technologies/Works/airflow_new/Airflow/venv/lib/python3.8/site-packages/airflow/example_dags/example_kubernetes_executor.py
[2022-09-20T17:29:46.784+0530] {logging_mixin.py:115} INFO - [2022-09-20T17:29:46.784+0530] {example_kubernetes_executor.py:39} WARNING - The example_kubernetes_executor example DAG requires the kubernetes provider. Please install it with: pip install apache-airflow[cncf.kubernetes]
[2022-09-20T17:29:46.784+0530] {processor.py:652} WARNING - No viable dags retrieved from /home/sayone/This PC/SayOne Technologies/Works/airflow_new/Airflow/venv/lib/python3.8/site-packages/airflow/example_dags/example_kubernetes_executor.py
[2022-09-20T17:29:46.789+0530] {processor.py:161} INFO - Processing /home/sayone/This PC/SayOne Technologies/Works/airflow_new/Airflow/venv/lib/python3.8/site-packages/airflow/example_dags/example_kubernetes_executor.py took 0.021 seconds
[2022-09-20T17:30:23.410+0530] {processor.py:153} INFO - Started process (PID=32109) to work on /home/sayone/This PC/SayOne Technologies/Works/airflow_new/Airflow/venv/lib/python3.8/site-packages/airflow/example_dags/example_kubernetes_executor.py
[2022-09-20T17:30:23.413+0530] {processor.py:640} INFO - Processing file /home/sayone/This PC/SayOne Technologies/Works/airflow_new/Airflow/venv/lib/python3.8/site-packages/airflow/example_dags/example_kubernetes_executor.py for tasks to queue
[2022-09-20T17:30:23.414+0530] {logging_mixin.py:115} INFO - [2022-09-20T17:30:23.414+0530] {dagbag.py:508} INFO - Filling up the DagBag from /home/sayone/This PC/SayOne Technologies/Works/airflow_new/Airflow/venv/lib/python3.8/site-packages/airflow/example_dags/example_kubernetes_executor.py
[2022-09-20T17:30:23.430+0530] {logging_mixin.py:115} INFO - [2022-09-20T17:30:23.430+0530] {example_kubernetes_executor.py:39} WARNING - The example_kubernetes_executor example DAG requires the kubernetes provider. Please install it with: pip install apache-airflow[cncf.kubernetes]
[2022-09-20T17:30:23.430+0530] {processor.py:652} WARNING - No viable dags retrieved from /home/sayone/This PC/SayOne Technologies/Works/airflow_new/Airflow/venv/lib/python3.8/site-packages/airflow/example_dags/example_kubernetes_executor.py
[2022-09-20T17:30:23.435+0530] {processor.py:161} INFO - Processing /home/sayone/This PC/SayOne Technologies/Works/airflow_new/Airflow/venv/lib/python3.8/site-packages/airflow/example_dags/example_kubernetes_executor.py took 0.030 seconds
[2022-09-20T17:30:59.336+0530] {processor.py:153} INFO - Started process (PID=32226) to work on /home/sayone/This PC/SayOne Technologies/Works/airflow_new/Airflow/venv/lib/python3.8/site-packages/airflow/example_dags/example_kubernetes_executor.py
[2022-09-20T17:30:59.336+0530] {processor.py:640} INFO - Processing file /home/sayone/This PC/SayOne Technologies/Works/airflow_new/Airflow/venv/lib/python3.8/site-packages/airflow/example_dags/example_kubernetes_executor.py for tasks to queue
[2022-09-20T17:30:59.337+0530] {logging_mixin.py:115} INFO - [2022-09-20T17:30:59.337+0530] {dagbag.py:508} INFO - Filling up the DagBag from /home/sayone/This PC/SayOne Technologies/Works/airflow_new/Airflow/venv/lib/python3.8/site-packages/airflow/example_dags/example_kubernetes_executor.py
[2022-09-20T17:30:59.345+0530] {logging_mixin.py:115} INFO - [2022-09-20T17:30:59.345+0530] {example_kubernetes_executor.py:39} WARNING - The example_kubernetes_executor example DAG requires the kubernetes provider. Please install it with: pip install apache-airflow[cncf.kubernetes]
[2022-09-20T17:30:59.345+0530] {processor.py:652} WARNING - No viable dags retrieved from /home/sayone/This PC/SayOne Technologies/Works/airflow_new/Airflow/venv/lib/python3.8/site-packages/airflow/example_dags/example_kubernetes_executor.py
[2022-09-20T17:30:59.351+0530] {processor.py:161} INFO - Processing /home/sayone/This PC/SayOne Technologies/Works/airflow_new/Airflow/venv/lib/python3.8/site-packages/airflow/example_dags/example_kubernetes_executor.py took 0.016 seconds
[2022-09-20T17:31:36.136+0530] {processor.py:153} INFO - Started process (PID=32307) to work on /home/sayone/This PC/SayOne Technologies/Works/airflow_new/Airflow/venv/lib/python3.8/site-packages/airflow/example_dags/example_kubernetes_executor.py
[2022-09-20T17:31:36.139+0530] {processor.py:640} INFO - Processing file /home/sayone/This PC/SayOne Technologies/Works/airflow_new/Airflow/venv/lib/python3.8/site-packages/airflow/example_dags/example_kubernetes_executor.py for tasks to queue
[2022-09-20T17:31:36.140+0530] {logging_mixin.py:115} INFO - [2022-09-20T17:31:36.139+0530] {dagbag.py:508} INFO - Filling up the DagBag from /home/sayone/This PC/SayOne Technologies/Works/airflow_new/Airflow/venv/lib/python3.8/site-packages/airflow/example_dags/example_kubernetes_executor.py
[2022-09-20T17:31:36.155+0530] {logging_mixin.py:115} INFO - [2022-09-20T17:31:36.155+0530] {example_kubernetes_executor.py:39} WARNING - The example_kubernetes_executor example DAG requires the kubernetes provider. Please install it with: pip install apache-airflow[cncf.kubernetes]
[2022-09-20T17:31:36.155+0530] {processor.py:652} WARNING - No viable dags retrieved from /home/sayone/This PC/SayOne Technologies/Works/airflow_new/Airflow/venv/lib/python3.8/site-packages/airflow/example_dags/example_kubernetes_executor.py
[2022-09-20T17:31:36.161+0530] {processor.py:161} INFO - Processing /home/sayone/This PC/SayOne Technologies/Works/airflow_new/Airflow/venv/lib/python3.8/site-packages/airflow/example_dags/example_kubernetes_executor.py took 0.027 seconds
[2022-09-20T17:32:11.300+0530] {processor.py:153} INFO - Started process (PID=32502) to work on /home/sayone/This PC/SayOne Technologies/Works/airflow_new/Airflow/venv/lib/python3.8/site-packages/airflow/example_dags/example_kubernetes_executor.py
[2022-09-20T17:32:11.301+0530] {processor.py:640} INFO - Processing file /home/sayone/This PC/SayOne Technologies/Works/airflow_new/Airflow/venv/lib/python3.8/site-packages/airflow/example_dags/example_kubernetes_executor.py for tasks to queue
[2022-09-20T17:32:11.302+0530] {logging_mixin.py:115} INFO - [2022-09-20T17:32:11.302+0530] {dagbag.py:508} INFO - Filling up the DagBag from /home/sayone/This PC/SayOne Technologies/Works/airflow_new/Airflow/venv/lib/python3.8/site-packages/airflow/example_dags/example_kubernetes_executor.py
[2022-09-20T17:32:11.316+0530] {logging_mixin.py:115} INFO - [2022-09-20T17:32:11.316+0530] {example_kubernetes_executor.py:39} WARNING - The example_kubernetes_executor example DAG requires the kubernetes provider. Please install it with: pip install apache-airflow[cncf.kubernetes]
[2022-09-20T17:32:11.316+0530] {processor.py:652} WARNING - No viable dags retrieved from /home/sayone/This PC/SayOne Technologies/Works/airflow_new/Airflow/venv/lib/python3.8/site-packages/airflow/example_dags/example_kubernetes_executor.py
[2022-09-20T17:32:11.321+0530] {processor.py:161} INFO - Processing /home/sayone/This PC/SayOne Technologies/Works/airflow_new/Airflow/venv/lib/python3.8/site-packages/airflow/example_dags/example_kubernetes_executor.py took 0.026 seconds
[2022-09-20T17:32:47.286+0530] {processor.py:153} INFO - Started process (PID=32621) to work on /home/sayone/This PC/SayOne Technologies/Works/airflow_new/Airflow/venv/lib/python3.8/site-packages/airflow/example_dags/example_kubernetes_executor.py
[2022-09-20T17:32:47.289+0530] {processor.py:640} INFO - Processing file /home/sayone/This PC/SayOne Technologies/Works/airflow_new/Airflow/venv/lib/python3.8/site-packages/airflow/example_dags/example_kubernetes_executor.py for tasks to queue
[2022-09-20T17:32:47.290+0530] {logging_mixin.py:115} INFO - [2022-09-20T17:32:47.290+0530] {dagbag.py:508} INFO - Filling up the DagBag from /home/sayone/This PC/SayOne Technologies/Works/airflow_new/Airflow/venv/lib/python3.8/site-packages/airflow/example_dags/example_kubernetes_executor.py
[2022-09-20T17:32:47.299+0530] {logging_mixin.py:115} INFO - [2022-09-20T17:32:47.298+0530] {example_kubernetes_executor.py:39} WARNING - The example_kubernetes_executor example DAG requires the kubernetes provider. Please install it with: pip install apache-airflow[cncf.kubernetes]
[2022-09-20T17:32:47.299+0530] {processor.py:652} WARNING - No viable dags retrieved from /home/sayone/This PC/SayOne Technologies/Works/airflow_new/Airflow/venv/lib/python3.8/site-packages/airflow/example_dags/example_kubernetes_executor.py
[2022-09-20T17:32:47.305+0530] {processor.py:161} INFO - Processing /home/sayone/This PC/SayOne Technologies/Works/airflow_new/Airflow/venv/lib/python3.8/site-packages/airflow/example_dags/example_kubernetes_executor.py took 0.020 seconds
[2022-09-20T17:33:22.124+0530] {processor.py:153} INFO - Started process (PID=32721) to work on /home/sayone/This PC/SayOne Technologies/Works/airflow_new/Airflow/venv/lib/python3.8/site-packages/airflow/example_dags/example_kubernetes_executor.py
[2022-09-20T17:33:22.127+0530] {processor.py:640} INFO - Processing file /home/sayone/This PC/SayOne Technologies/Works/airflow_new/Airflow/venv/lib/python3.8/site-packages/airflow/example_dags/example_kubernetes_executor.py for tasks to queue
[2022-09-20T17:33:22.128+0530] {logging_mixin.py:115} INFO - [2022-09-20T17:33:22.128+0530] {dagbag.py:508} INFO - Filling up the DagBag from /home/sayone/This PC/SayOne Technologies/Works/airflow_new/Airflow/venv/lib/python3.8/site-packages/airflow/example_dags/example_kubernetes_executor.py
[2022-09-20T17:33:22.144+0530] {logging_mixin.py:115} INFO - [2022-09-20T17:33:22.144+0530] {example_kubernetes_executor.py:39} WARNING - The example_kubernetes_executor example DAG requires the kubernetes provider. Please install it with: pip install apache-airflow[cncf.kubernetes]
[2022-09-20T17:33:22.144+0530] {processor.py:652} WARNING - No viable dags retrieved from /home/sayone/This PC/SayOne Technologies/Works/airflow_new/Airflow/venv/lib/python3.8/site-packages/airflow/example_dags/example_kubernetes_executor.py
[2022-09-20T17:33:22.149+0530] {processor.py:161} INFO - Processing /home/sayone/This PC/SayOne Technologies/Works/airflow_new/Airflow/venv/lib/python3.8/site-packages/airflow/example_dags/example_kubernetes_executor.py took 0.028 seconds
[2022-09-20T17:33:59.295+0530] {processor.py:153} INFO - Started process (PID=32821) to work on /home/sayone/This PC/SayOne Technologies/Works/airflow_new/Airflow/venv/lib/python3.8/site-packages/airflow/example_dags/example_kubernetes_executor.py
[2022-09-20T17:33:59.295+0530] {processor.py:640} INFO - Processing file /home/sayone/This PC/SayOne Technologies/Works/airflow_new/Airflow/venv/lib/python3.8/site-packages/airflow/example_dags/example_kubernetes_executor.py for tasks to queue
[2022-09-20T17:33:59.296+0530] {logging_mixin.py:115} INFO - [2022-09-20T17:33:59.296+0530] {dagbag.py:508} INFO - Filling up the DagBag from /home/sayone/This PC/SayOne Technologies/Works/airflow_new/Airflow/venv/lib/python3.8/site-packages/airflow/example_dags/example_kubernetes_executor.py
[2022-09-20T17:33:59.303+0530] {logging_mixin.py:115} INFO - [2022-09-20T17:33:59.303+0530] {example_kubernetes_executor.py:39} WARNING - The example_kubernetes_executor example DAG requires the kubernetes provider. Please install it with: pip install apache-airflow[cncf.kubernetes]
[2022-09-20T17:33:59.303+0530] {processor.py:652} WARNING - No viable dags retrieved from /home/sayone/This PC/SayOne Technologies/Works/airflow_new/Airflow/venv/lib/python3.8/site-packages/airflow/example_dags/example_kubernetes_executor.py
[2022-09-20T17:33:59.308+0530] {processor.py:161} INFO - Processing /home/sayone/This PC/SayOne Technologies/Works/airflow_new/Airflow/venv/lib/python3.8/site-packages/airflow/example_dags/example_kubernetes_executor.py took 0.017 seconds
[2022-09-20T17:34:35.704+0530] {processor.py:153} INFO - Started process (PID=33038) to work on /home/sayone/This PC/SayOne Technologies/Works/airflow_new/Airflow/venv/lib/python3.8/site-packages/airflow/example_dags/example_kubernetes_executor.py
[2022-09-20T17:34:35.706+0530] {processor.py:640} INFO - Processing file /home/sayone/This PC/SayOne Technologies/Works/airflow_new/Airflow/venv/lib/python3.8/site-packages/airflow/example_dags/example_kubernetes_executor.py for tasks to queue
[2022-09-20T17:34:35.707+0530] {logging_mixin.py:115} INFO - [2022-09-20T17:34:35.706+0530] {dagbag.py:508} INFO - Filling up the DagBag from /home/sayone/This PC/SayOne Technologies/Works/airflow_new/Airflow/venv/lib/python3.8/site-packages/airflow/example_dags/example_kubernetes_executor.py
[2022-09-20T17:34:35.721+0530] {logging_mixin.py:115} INFO - [2022-09-20T17:34:35.721+0530] {example_kubernetes_executor.py:39} WARNING - The example_kubernetes_executor example DAG requires the kubernetes provider. Please install it with: pip install apache-airflow[cncf.kubernetes]
[2022-09-20T17:34:35.721+0530] {processor.py:652} WARNING - No viable dags retrieved from /home/sayone/This PC/SayOne Technologies/Works/airflow_new/Airflow/venv/lib/python3.8/site-packages/airflow/example_dags/example_kubernetes_executor.py
[2022-09-20T17:34:35.726+0530] {processor.py:161} INFO - Processing /home/sayone/This PC/SayOne Technologies/Works/airflow_new/Airflow/venv/lib/python3.8/site-packages/airflow/example_dags/example_kubernetes_executor.py took 0.026 seconds
[2022-09-20T17:35:12.455+0530] {processor.py:153} INFO - Started process (PID=33155) to work on /home/sayone/This PC/SayOne Technologies/Works/airflow_new/Airflow/venv/lib/python3.8/site-packages/airflow/example_dags/example_kubernetes_executor.py
[2022-09-20T17:35:12.457+0530] {processor.py:640} INFO - Processing file /home/sayone/This PC/SayOne Technologies/Works/airflow_new/Airflow/venv/lib/python3.8/site-packages/airflow/example_dags/example_kubernetes_executor.py for tasks to queue
[2022-09-20T17:35:12.457+0530] {logging_mixin.py:115} INFO - [2022-09-20T17:35:12.457+0530] {dagbag.py:508} INFO - Filling up the DagBag from /home/sayone/This PC/SayOne Technologies/Works/airflow_new/Airflow/venv/lib/python3.8/site-packages/airflow/example_dags/example_kubernetes_executor.py
[2022-09-20T17:35:12.471+0530] {logging_mixin.py:115} INFO - [2022-09-20T17:35:12.471+0530] {example_kubernetes_executor.py:39} WARNING - The example_kubernetes_executor example DAG requires the kubernetes provider. Please install it with: pip install apache-airflow[cncf.kubernetes]
[2022-09-20T17:35:12.471+0530] {processor.py:652} WARNING - No viable dags retrieved from /home/sayone/This PC/SayOne Technologies/Works/airflow_new/Airflow/venv/lib/python3.8/site-packages/airflow/example_dags/example_kubernetes_executor.py
[2022-09-20T17:35:12.477+0530] {processor.py:161} INFO - Processing /home/sayone/This PC/SayOne Technologies/Works/airflow_new/Airflow/venv/lib/python3.8/site-packages/airflow/example_dags/example_kubernetes_executor.py took 0.023 seconds
[2022-09-20T17:35:47.350+0530] {processor.py:153} INFO - Started process (PID=33223) to work on /home/sayone/This PC/SayOne Technologies/Works/airflow_new/Airflow/venv/lib/python3.8/site-packages/airflow/example_dags/example_kubernetes_executor.py
[2022-09-20T17:35:47.352+0530] {processor.py:640} INFO - Processing file /home/sayone/This PC/SayOne Technologies/Works/airflow_new/Airflow/venv/lib/python3.8/site-packages/airflow/example_dags/example_kubernetes_executor.py for tasks to queue
[2022-09-20T17:35:47.352+0530] {logging_mixin.py:115} INFO - [2022-09-20T17:35:47.352+0530] {dagbag.py:508} INFO - Filling up the DagBag from /home/sayone/This PC/SayOne Technologies/Works/airflow_new/Airflow/venv/lib/python3.8/site-packages/airflow/example_dags/example_kubernetes_executor.py
[2022-09-20T17:35:47.365+0530] {logging_mixin.py:115} INFO - [2022-09-20T17:35:47.365+0530] {example_kubernetes_executor.py:39} WARNING - The example_kubernetes_executor example DAG requires the kubernetes provider. Please install it with: pip install apache-airflow[cncf.kubernetes]
[2022-09-20T17:35:47.365+0530] {processor.py:652} WARNING - No viable dags retrieved from /home/sayone/This PC/SayOne Technologies/Works/airflow_new/Airflow/venv/lib/python3.8/site-packages/airflow/example_dags/example_kubernetes_executor.py
[2022-09-20T17:35:47.370+0530] {processor.py:161} INFO - Processing /home/sayone/This PC/SayOne Technologies/Works/airflow_new/Airflow/venv/lib/python3.8/site-packages/airflow/example_dags/example_kubernetes_executor.py took 0.023 seconds
[2022-09-20T17:36:25.889+0530] {processor.py:153} INFO - Started process (PID=33381) to work on /home/sayone/This PC/SayOne Technologies/Works/airflow_new/Airflow/venv/lib/python3.8/site-packages/airflow/example_dags/example_kubernetes_executor.py
[2022-09-20T17:36:25.891+0530] {processor.py:640} INFO - Processing file /home/sayone/This PC/SayOne Technologies/Works/airflow_new/Airflow/venv/lib/python3.8/site-packages/airflow/example_dags/example_kubernetes_executor.py for tasks to queue
[2022-09-20T17:36:25.892+0530] {logging_mixin.py:115} INFO - [2022-09-20T17:36:25.892+0530] {dagbag.py:508} INFO - Filling up the DagBag from /home/sayone/This PC/SayOne Technologies/Works/airflow_new/Airflow/venv/lib/python3.8/site-packages/airflow/example_dags/example_kubernetes_executor.py
[2022-09-20T17:36:25.905+0530] {logging_mixin.py:115} INFO - [2022-09-20T17:36:25.905+0530] {example_kubernetes_executor.py:39} WARNING - The example_kubernetes_executor example DAG requires the kubernetes provider. Please install it with: pip install apache-airflow[cncf.kubernetes]
[2022-09-20T17:36:25.905+0530] {processor.py:652} WARNING - No viable dags retrieved from /home/sayone/This PC/SayOne Technologies/Works/airflow_new/Airflow/venv/lib/python3.8/site-packages/airflow/example_dags/example_kubernetes_executor.py
[2022-09-20T17:36:25.911+0530] {processor.py:161} INFO - Processing /home/sayone/This PC/SayOne Technologies/Works/airflow_new/Airflow/venv/lib/python3.8/site-packages/airflow/example_dags/example_kubernetes_executor.py took 0.024 seconds
[2022-09-20T17:37:00.512+0530] {processor.py:153} INFO - Started process (PID=33573) to work on /home/sayone/This PC/SayOne Technologies/Works/airflow_new/Airflow/venv/lib/python3.8/site-packages/airflow/example_dags/example_kubernetes_executor.py
[2022-09-20T17:37:00.515+0530] {processor.py:640} INFO - Processing file /home/sayone/This PC/SayOne Technologies/Works/airflow_new/Airflow/venv/lib/python3.8/site-packages/airflow/example_dags/example_kubernetes_executor.py for tasks to queue
[2022-09-20T17:37:00.516+0530] {logging_mixin.py:115} INFO - [2022-09-20T17:37:00.516+0530] {dagbag.py:508} INFO - Filling up the DagBag from /home/sayone/This PC/SayOne Technologies/Works/airflow_new/Airflow/venv/lib/python3.8/site-packages/airflow/example_dags/example_kubernetes_executor.py
[2022-09-20T17:37:00.545+0530] {logging_mixin.py:115} INFO - [2022-09-20T17:37:00.544+0530] {example_kubernetes_executor.py:39} WARNING - The example_kubernetes_executor example DAG requires the kubernetes provider. Please install it with: pip install apache-airflow[cncf.kubernetes]
[2022-09-20T17:37:00.545+0530] {processor.py:652} WARNING - No viable dags retrieved from /home/sayone/This PC/SayOne Technologies/Works/airflow_new/Airflow/venv/lib/python3.8/site-packages/airflow/example_dags/example_kubernetes_executor.py
[2022-09-20T17:37:00.551+0530] {processor.py:161} INFO - Processing /home/sayone/This PC/SayOne Technologies/Works/airflow_new/Airflow/venv/lib/python3.8/site-packages/airflow/example_dags/example_kubernetes_executor.py took 0.043 seconds
[2022-09-20T17:37:38.027+0530] {processor.py:153} INFO - Started process (PID=33708) to work on /home/sayone/This PC/SayOne Technologies/Works/airflow_new/Airflow/venv/lib/python3.8/site-packages/airflow/example_dags/example_kubernetes_executor.py
[2022-09-20T17:37:38.030+0530] {processor.py:640} INFO - Processing file /home/sayone/This PC/SayOne Technologies/Works/airflow_new/Airflow/venv/lib/python3.8/site-packages/airflow/example_dags/example_kubernetes_executor.py for tasks to queue
[2022-09-20T17:37:38.031+0530] {logging_mixin.py:115} INFO - [2022-09-20T17:37:38.031+0530] {dagbag.py:508} INFO - Filling up the DagBag from /home/sayone/This PC/SayOne Technologies/Works/airflow_new/Airflow/venv/lib/python3.8/site-packages/airflow/example_dags/example_kubernetes_executor.py
[2022-09-20T17:37:38.046+0530] {logging_mixin.py:115} INFO - [2022-09-20T17:37:38.046+0530] {example_kubernetes_executor.py:39} WARNING - The example_kubernetes_executor example DAG requires the kubernetes provider. Please install it with: pip install apache-airflow[cncf.kubernetes]
[2022-09-20T17:37:38.046+0530] {processor.py:652} WARNING - No viable dags retrieved from /home/sayone/This PC/SayOne Technologies/Works/airflow_new/Airflow/venv/lib/python3.8/site-packages/airflow/example_dags/example_kubernetes_executor.py
[2022-09-20T17:37:38.052+0530] {processor.py:161} INFO - Processing /home/sayone/This PC/SayOne Technologies/Works/airflow_new/Airflow/venv/lib/python3.8/site-packages/airflow/example_dags/example_kubernetes_executor.py took 0.029 seconds
[2022-09-20T17:38:24.188+0530] {processor.py:153} INFO - Started process (PID=33850) to work on /home/sayone/This PC/SayOne Technologies/Works/airflow_new/Airflow/venv/lib/python3.8/site-packages/airflow/example_dags/example_kubernetes_executor.py
[2022-09-20T17:38:24.191+0530] {processor.py:640} INFO - Processing file /home/sayone/This PC/SayOne Technologies/Works/airflow_new/Airflow/venv/lib/python3.8/site-packages/airflow/example_dags/example_kubernetes_executor.py for tasks to queue
[2022-09-20T17:38:24.192+0530] {logging_mixin.py:115} INFO - [2022-09-20T17:38:24.191+0530] {dagbag.py:508} INFO - Filling up the DagBag from /home/sayone/This PC/SayOne Technologies/Works/airflow_new/Airflow/venv/lib/python3.8/site-packages/airflow/example_dags/example_kubernetes_executor.py
[2022-09-20T17:38:24.207+0530] {logging_mixin.py:115} INFO - [2022-09-20T17:38:24.207+0530] {example_kubernetes_executor.py:39} WARNING - The example_kubernetes_executor example DAG requires the kubernetes provider. Please install it with: pip install apache-airflow[cncf.kubernetes]
[2022-09-20T17:38:24.207+0530] {processor.py:652} WARNING - No viable dags retrieved from /home/sayone/This PC/SayOne Technologies/Works/airflow_new/Airflow/venv/lib/python3.8/site-packages/airflow/example_dags/example_kubernetes_executor.py
[2022-09-20T17:38:24.212+0530] {processor.py:161} INFO - Processing /home/sayone/This PC/SayOne Technologies/Works/airflow_new/Airflow/venv/lib/python3.8/site-packages/airflow/example_dags/example_kubernetes_executor.py took 0.029 seconds
[2022-09-20T17:39:02.485+0530] {processor.py:153} INFO - Started process (PID=33953) to work on /home/sayone/This PC/SayOne Technologies/Works/airflow_new/Airflow/venv/lib/python3.8/site-packages/airflow/example_dags/example_kubernetes_executor.py
[2022-09-20T17:39:02.486+0530] {processor.py:640} INFO - Processing file /home/sayone/This PC/SayOne Technologies/Works/airflow_new/Airflow/venv/lib/python3.8/site-packages/airflow/example_dags/example_kubernetes_executor.py for tasks to queue
[2022-09-20T17:39:02.487+0530] {logging_mixin.py:115} INFO - [2022-09-20T17:39:02.487+0530] {dagbag.py:508} INFO - Filling up the DagBag from /home/sayone/This PC/SayOne Technologies/Works/airflow_new/Airflow/venv/lib/python3.8/site-packages/airflow/example_dags/example_kubernetes_executor.py
[2022-09-20T17:39:02.498+0530] {logging_mixin.py:115} INFO - [2022-09-20T17:39:02.498+0530] {example_kubernetes_executor.py:39} WARNING - The example_kubernetes_executor example DAG requires the kubernetes provider. Please install it with: pip install apache-airflow[cncf.kubernetes]
[2022-09-20T17:39:02.498+0530] {processor.py:652} WARNING - No viable dags retrieved from /home/sayone/This PC/SayOne Technologies/Works/airflow_new/Airflow/venv/lib/python3.8/site-packages/airflow/example_dags/example_kubernetes_executor.py
[2022-09-20T17:39:02.503+0530] {processor.py:161} INFO - Processing /home/sayone/This PC/SayOne Technologies/Works/airflow_new/Airflow/venv/lib/python3.8/site-packages/airflow/example_dags/example_kubernetes_executor.py took 0.020 seconds
[2022-09-20T17:39:35.088+0530] {processor.py:153} INFO - Started process (PID=34076) to work on /home/sayone/This PC/SayOne Technologies/Works/airflow_new/Airflow/venv/lib/python3.8/site-packages/airflow/example_dags/example_kubernetes_executor.py
[2022-09-20T17:39:35.090+0530] {processor.py:640} INFO - Processing file /home/sayone/This PC/SayOne Technologies/Works/airflow_new/Airflow/venv/lib/python3.8/site-packages/airflow/example_dags/example_kubernetes_executor.py for tasks to queue
[2022-09-20T17:39:35.091+0530] {logging_mixin.py:115} INFO - [2022-09-20T17:39:35.091+0530] {dagbag.py:508} INFO - Filling up the DagBag from /home/sayone/This PC/SayOne Technologies/Works/airflow_new/Airflow/venv/lib/python3.8/site-packages/airflow/example_dags/example_kubernetes_executor.py
[2022-09-20T17:39:35.104+0530] {logging_mixin.py:115} INFO - [2022-09-20T17:39:35.103+0530] {example_kubernetes_executor.py:39} WARNING - The example_kubernetes_executor example DAG requires the kubernetes provider. Please install it with: pip install apache-airflow[cncf.kubernetes]
[2022-09-20T17:39:35.104+0530] {processor.py:652} WARNING - No viable dags retrieved from /home/sayone/This PC/SayOne Technologies/Works/airflow_new/Airflow/venv/lib/python3.8/site-packages/airflow/example_dags/example_kubernetes_executor.py
[2022-09-20T17:39:35.111+0530] {processor.py:161} INFO - Processing /home/sayone/This PC/SayOne Technologies/Works/airflow_new/Airflow/venv/lib/python3.8/site-packages/airflow/example_dags/example_kubernetes_executor.py took 0.026 seconds
[2022-09-20T17:40:13.415+0530] {processor.py:153} INFO - Started process (PID=34197) to work on /home/sayone/This PC/SayOne Technologies/Works/airflow_new/Airflow/venv/lib/python3.8/site-packages/airflow/example_dags/example_kubernetes_executor.py
[2022-09-20T17:40:13.418+0530] {processor.py:640} INFO - Processing file /home/sayone/This PC/SayOne Technologies/Works/airflow_new/Airflow/venv/lib/python3.8/site-packages/airflow/example_dags/example_kubernetes_executor.py for tasks to queue
[2022-09-20T17:40:13.419+0530] {logging_mixin.py:115} INFO - [2022-09-20T17:40:13.419+0530] {dagbag.py:508} INFO - Filling up the DagBag from /home/sayone/This PC/SayOne Technologies/Works/airflow_new/Airflow/venv/lib/python3.8/site-packages/airflow/example_dags/example_kubernetes_executor.py
[2022-09-20T17:40:13.433+0530] {logging_mixin.py:115} INFO - [2022-09-20T17:40:13.433+0530] {example_kubernetes_executor.py:39} WARNING - The example_kubernetes_executor example DAG requires the kubernetes provider. Please install it with: pip install apache-airflow[cncf.kubernetes]
[2022-09-20T17:40:13.433+0530] {processor.py:652} WARNING - No viable dags retrieved from /home/sayone/This PC/SayOne Technologies/Works/airflow_new/Airflow/venv/lib/python3.8/site-packages/airflow/example_dags/example_kubernetes_executor.py
[2022-09-20T17:40:13.441+0530] {processor.py:161} INFO - Processing /home/sayone/This PC/SayOne Technologies/Works/airflow_new/Airflow/venv/lib/python3.8/site-packages/airflow/example_dags/example_kubernetes_executor.py took 0.029 seconds
[2022-09-20T17:40:48.211+0530] {processor.py:153} INFO - Started process (PID=34308) to work on /home/sayone/This PC/SayOne Technologies/Works/airflow_new/Airflow/venv/lib/python3.8/site-packages/airflow/example_dags/example_kubernetes_executor.py
[2022-09-20T17:40:48.214+0530] {processor.py:640} INFO - Processing file /home/sayone/This PC/SayOne Technologies/Works/airflow_new/Airflow/venv/lib/python3.8/site-packages/airflow/example_dags/example_kubernetes_executor.py for tasks to queue
[2022-09-20T17:40:48.215+0530] {logging_mixin.py:115} INFO - [2022-09-20T17:40:48.215+0530] {dagbag.py:508} INFO - Filling up the DagBag from /home/sayone/This PC/SayOne Technologies/Works/airflow_new/Airflow/venv/lib/python3.8/site-packages/airflow/example_dags/example_kubernetes_executor.py
[2022-09-20T17:40:48.230+0530] {logging_mixin.py:115} INFO - [2022-09-20T17:40:48.230+0530] {example_kubernetes_executor.py:39} WARNING - The example_kubernetes_executor example DAG requires the kubernetes provider. Please install it with: pip install apache-airflow[cncf.kubernetes]
[2022-09-20T17:40:48.230+0530] {processor.py:652} WARNING - No viable dags retrieved from /home/sayone/This PC/SayOne Technologies/Works/airflow_new/Airflow/venv/lib/python3.8/site-packages/airflow/example_dags/example_kubernetes_executor.py
[2022-09-20T17:40:48.235+0530] {processor.py:161} INFO - Processing /home/sayone/This PC/SayOne Technologies/Works/airflow_new/Airflow/venv/lib/python3.8/site-packages/airflow/example_dags/example_kubernetes_executor.py took 0.029 seconds
[2022-09-20T17:41:26.513+0530] {processor.py:153} INFO - Started process (PID=34421) to work on /home/sayone/This PC/SayOne Technologies/Works/airflow_new/Airflow/venv/lib/python3.8/site-packages/airflow/example_dags/example_kubernetes_executor.py
[2022-09-20T17:41:26.515+0530] {processor.py:640} INFO - Processing file /home/sayone/This PC/SayOne Technologies/Works/airflow_new/Airflow/venv/lib/python3.8/site-packages/airflow/example_dags/example_kubernetes_executor.py for tasks to queue
[2022-09-20T17:41:26.516+0530] {logging_mixin.py:115} INFO - [2022-09-20T17:41:26.516+0530] {dagbag.py:508} INFO - Filling up the DagBag from /home/sayone/This PC/SayOne Technologies/Works/airflow_new/Airflow/venv/lib/python3.8/site-packages/airflow/example_dags/example_kubernetes_executor.py
[2022-09-20T17:41:26.531+0530] {logging_mixin.py:115} INFO - [2022-09-20T17:41:26.531+0530] {example_kubernetes_executor.py:39} WARNING - The example_kubernetes_executor example DAG requires the kubernetes provider. Please install it with: pip install apache-airflow[cncf.kubernetes]
[2022-09-20T17:41:26.532+0530] {processor.py:652} WARNING - No viable dags retrieved from /home/sayone/This PC/SayOne Technologies/Works/airflow_new/Airflow/venv/lib/python3.8/site-packages/airflow/example_dags/example_kubernetes_executor.py
[2022-09-20T17:41:26.537+0530] {processor.py:161} INFO - Processing /home/sayone/This PC/SayOne Technologies/Works/airflow_new/Airflow/venv/lib/python3.8/site-packages/airflow/example_dags/example_kubernetes_executor.py took 0.025 seconds
[2022-09-20T17:45:53.140+0530] {processor.py:153} INFO - Started process (PID=34971) to work on /home/sayone/This PC/SayOne Technologies/Works/airflow_new/Airflow/venv/lib/python3.8/site-packages/airflow/example_dags/example_kubernetes_executor.py
[2022-09-20T17:45:53.143+0530] {processor.py:640} INFO - Processing file /home/sayone/This PC/SayOne Technologies/Works/airflow_new/Airflow/venv/lib/python3.8/site-packages/airflow/example_dags/example_kubernetes_executor.py for tasks to queue
[2022-09-20T17:45:53.144+0530] {logging_mixin.py:115} INFO - [2022-09-20T17:45:53.144+0530] {dagbag.py:508} INFO - Filling up the DagBag from /home/sayone/This PC/SayOne Technologies/Works/airflow_new/Airflow/venv/lib/python3.8/site-packages/airflow/example_dags/example_kubernetes_executor.py
[2022-09-20T17:45:53.159+0530] {logging_mixin.py:115} INFO - [2022-09-20T17:45:53.159+0530] {example_kubernetes_executor.py:39} WARNING - The example_kubernetes_executor example DAG requires the kubernetes provider. Please install it with: pip install apache-airflow[cncf.kubernetes]
[2022-09-20T17:45:53.159+0530] {processor.py:652} WARNING - No viable dags retrieved from /home/sayone/This PC/SayOne Technologies/Works/airflow_new/Airflow/venv/lib/python3.8/site-packages/airflow/example_dags/example_kubernetes_executor.py
[2022-09-20T17:45:53.165+0530] {processor.py:161} INFO - Processing /home/sayone/This PC/SayOne Technologies/Works/airflow_new/Airflow/venv/lib/python3.8/site-packages/airflow/example_dags/example_kubernetes_executor.py took 0.029 seconds
[2022-09-20T17:46:49.038+0530] {processor.py:153} INFO - Started process (PID=35228) to work on /home/sayone/This PC/SayOne Technologies/Works/airflow_new/Airflow/venv/lib/python3.8/site-packages/airflow/example_dags/example_kubernetes_executor.py
[2022-09-20T17:46:49.041+0530] {processor.py:640} INFO - Processing file /home/sayone/This PC/SayOne Technologies/Works/airflow_new/Airflow/venv/lib/python3.8/site-packages/airflow/example_dags/example_kubernetes_executor.py for tasks to queue
[2022-09-20T17:46:49.042+0530] {logging_mixin.py:115} INFO - [2022-09-20T17:46:49.042+0530] {dagbag.py:508} INFO - Filling up the DagBag from /home/sayone/This PC/SayOne Technologies/Works/airflow_new/Airflow/venv/lib/python3.8/site-packages/airflow/example_dags/example_kubernetes_executor.py
[2022-09-20T17:46:49.057+0530] {logging_mixin.py:115} INFO - [2022-09-20T17:46:49.057+0530] {example_kubernetes_executor.py:39} WARNING - The example_kubernetes_executor example DAG requires the kubernetes provider. Please install it with: pip install apache-airflow[cncf.kubernetes]
[2022-09-20T17:46:49.057+0530] {processor.py:652} WARNING - No viable dags retrieved from /home/sayone/This PC/SayOne Technologies/Works/airflow_new/Airflow/venv/lib/python3.8/site-packages/airflow/example_dags/example_kubernetes_executor.py
[2022-09-20T17:46:49.063+0530] {processor.py:161} INFO - Processing /home/sayone/This PC/SayOne Technologies/Works/airflow_new/Airflow/venv/lib/python3.8/site-packages/airflow/example_dags/example_kubernetes_executor.py took 0.026 seconds
[2022-09-20T17:47:24.129+0530] {processor.py:153} INFO - Started process (PID=35345) to work on /home/sayone/This PC/SayOne Technologies/Works/airflow_new/Airflow/venv/lib/python3.8/site-packages/airflow/example_dags/example_kubernetes_executor.py
[2022-09-20T17:47:24.132+0530] {processor.py:640} INFO - Processing file /home/sayone/This PC/SayOne Technologies/Works/airflow_new/Airflow/venv/lib/python3.8/site-packages/airflow/example_dags/example_kubernetes_executor.py for tasks to queue
[2022-09-20T17:47:24.132+0530] {logging_mixin.py:115} INFO - [2022-09-20T17:47:24.132+0530] {dagbag.py:508} INFO - Filling up the DagBag from /home/sayone/This PC/SayOne Technologies/Works/airflow_new/Airflow/venv/lib/python3.8/site-packages/airflow/example_dags/example_kubernetes_executor.py
[2022-09-20T17:47:24.145+0530] {logging_mixin.py:115} INFO - [2022-09-20T17:47:24.145+0530] {example_kubernetes_executor.py:39} WARNING - The example_kubernetes_executor example DAG requires the kubernetes provider. Please install it with: pip install apache-airflow[cncf.kubernetes]
[2022-09-20T17:47:24.145+0530] {processor.py:652} WARNING - No viable dags retrieved from /home/sayone/This PC/SayOne Technologies/Works/airflow_new/Airflow/venv/lib/python3.8/site-packages/airflow/example_dags/example_kubernetes_executor.py
[2022-09-20T17:47:24.152+0530] {processor.py:161} INFO - Processing /home/sayone/This PC/SayOne Technologies/Works/airflow_new/Airflow/venv/lib/python3.8/site-packages/airflow/example_dags/example_kubernetes_executor.py took 0.024 seconds
[2022-09-20T17:48:01.446+0530] {processor.py:153} INFO - Started process (PID=35479) to work on /home/sayone/This PC/SayOne Technologies/Works/airflow_new/Airflow/venv/lib/python3.8/site-packages/airflow/example_dags/example_kubernetes_executor.py
[2022-09-20T17:48:01.448+0530] {processor.py:640} INFO - Processing file /home/sayone/This PC/SayOne Technologies/Works/airflow_new/Airflow/venv/lib/python3.8/site-packages/airflow/example_dags/example_kubernetes_executor.py for tasks to queue
[2022-09-20T17:48:01.449+0530] {logging_mixin.py:115} INFO - [2022-09-20T17:48:01.449+0530] {dagbag.py:508} INFO - Filling up the DagBag from /home/sayone/This PC/SayOne Technologies/Works/airflow_new/Airflow/venv/lib/python3.8/site-packages/airflow/example_dags/example_kubernetes_executor.py
[2022-09-20T17:48:01.463+0530] {logging_mixin.py:115} INFO - [2022-09-20T17:48:01.463+0530] {example_kubernetes_executor.py:39} WARNING - The example_kubernetes_executor example DAG requires the kubernetes provider. Please install it with: pip install apache-airflow[cncf.kubernetes]
[2022-09-20T17:48:01.463+0530] {processor.py:652} WARNING - No viable dags retrieved from /home/sayone/This PC/SayOne Technologies/Works/airflow_new/Airflow/venv/lib/python3.8/site-packages/airflow/example_dags/example_kubernetes_executor.py
[2022-09-20T17:48:01.468+0530] {processor.py:161} INFO - Processing /home/sayone/This PC/SayOne Technologies/Works/airflow_new/Airflow/venv/lib/python3.8/site-packages/airflow/example_dags/example_kubernetes_executor.py took 0.024 seconds
[2022-09-20T17:48:38.519+0530] {processor.py:153} INFO - Started process (PID=35542) to work on /home/sayone/This PC/SayOne Technologies/Works/airflow_new/Airflow/venv/lib/python3.8/site-packages/airflow/example_dags/example_kubernetes_executor.py
[2022-09-20T17:48:38.523+0530] {processor.py:640} INFO - Processing file /home/sayone/This PC/SayOne Technologies/Works/airflow_new/Airflow/venv/lib/python3.8/site-packages/airflow/example_dags/example_kubernetes_executor.py for tasks to queue
[2022-09-20T17:48:38.524+0530] {logging_mixin.py:115} INFO - [2022-09-20T17:48:38.524+0530] {dagbag.py:508} INFO - Filling up the DagBag from /home/sayone/This PC/SayOne Technologies/Works/airflow_new/Airflow/venv/lib/python3.8/site-packages/airflow/example_dags/example_kubernetes_executor.py
[2022-09-20T17:48:38.537+0530] {logging_mixin.py:115} INFO - [2022-09-20T17:48:38.537+0530] {example_kubernetes_executor.py:39} WARNING - The example_kubernetes_executor example DAG requires the kubernetes provider. Please install it with: pip install apache-airflow[cncf.kubernetes]
[2022-09-20T17:48:38.538+0530] {processor.py:652} WARNING - No viable dags retrieved from /home/sayone/This PC/SayOne Technologies/Works/airflow_new/Airflow/venv/lib/python3.8/site-packages/airflow/example_dags/example_kubernetes_executor.py
[2022-09-20T17:48:38.545+0530] {processor.py:161} INFO - Processing /home/sayone/This PC/SayOne Technologies/Works/airflow_new/Airflow/venv/lib/python3.8/site-packages/airflow/example_dags/example_kubernetes_executor.py took 0.029 seconds
[2022-09-20T17:49:15.880+0530] {processor.py:153} INFO - Started process (PID=35672) to work on /home/sayone/This PC/SayOne Technologies/Works/airflow_new/Airflow/venv/lib/python3.8/site-packages/airflow/example_dags/example_kubernetes_executor.py
[2022-09-20T17:49:15.882+0530] {processor.py:640} INFO - Processing file /home/sayone/This PC/SayOne Technologies/Works/airflow_new/Airflow/venv/lib/python3.8/site-packages/airflow/example_dags/example_kubernetes_executor.py for tasks to queue
[2022-09-20T17:49:15.883+0530] {logging_mixin.py:115} INFO - [2022-09-20T17:49:15.883+0530] {dagbag.py:508} INFO - Filling up the DagBag from /home/sayone/This PC/SayOne Technologies/Works/airflow_new/Airflow/venv/lib/python3.8/site-packages/airflow/example_dags/example_kubernetes_executor.py
[2022-09-20T17:49:15.894+0530] {logging_mixin.py:115} INFO - [2022-09-20T17:49:15.893+0530] {example_kubernetes_executor.py:39} WARNING - The example_kubernetes_executor example DAG requires the kubernetes provider. Please install it with: pip install apache-airflow[cncf.kubernetes]
[2022-09-20T17:49:15.894+0530] {processor.py:652} WARNING - No viable dags retrieved from /home/sayone/This PC/SayOne Technologies/Works/airflow_new/Airflow/venv/lib/python3.8/site-packages/airflow/example_dags/example_kubernetes_executor.py
[2022-09-20T17:49:15.899+0530] {processor.py:161} INFO - Processing /home/sayone/This PC/SayOne Technologies/Works/airflow_new/Airflow/venv/lib/python3.8/site-packages/airflow/example_dags/example_kubernetes_executor.py took 0.023 seconds
[2022-09-20T17:49:52.682+0530] {processor.py:153} INFO - Started process (PID=35738) to work on /home/sayone/This PC/SayOne Technologies/Works/airflow_new/Airflow/venv/lib/python3.8/site-packages/airflow/example_dags/example_kubernetes_executor.py
[2022-09-20T17:49:52.685+0530] {processor.py:640} INFO - Processing file /home/sayone/This PC/SayOne Technologies/Works/airflow_new/Airflow/venv/lib/python3.8/site-packages/airflow/example_dags/example_kubernetes_executor.py for tasks to queue
[2022-09-20T17:49:52.685+0530] {logging_mixin.py:115} INFO - [2022-09-20T17:49:52.685+0530] {dagbag.py:508} INFO - Filling up the DagBag from /home/sayone/This PC/SayOne Technologies/Works/airflow_new/Airflow/venv/lib/python3.8/site-packages/airflow/example_dags/example_kubernetes_executor.py
[2022-09-20T17:49:52.697+0530] {logging_mixin.py:115} INFO - [2022-09-20T17:49:52.697+0530] {example_kubernetes_executor.py:39} WARNING - The example_kubernetes_executor example DAG requires the kubernetes provider. Please install it with: pip install apache-airflow[cncf.kubernetes]
[2022-09-20T17:49:52.697+0530] {processor.py:652} WARNING - No viable dags retrieved from /home/sayone/This PC/SayOne Technologies/Works/airflow_new/Airflow/venv/lib/python3.8/site-packages/airflow/example_dags/example_kubernetes_executor.py
[2022-09-20T17:49:52.703+0530] {processor.py:161} INFO - Processing /home/sayone/This PC/SayOne Technologies/Works/airflow_new/Airflow/venv/lib/python3.8/site-packages/airflow/example_dags/example_kubernetes_executor.py took 0.023 seconds
[2022-09-20T17:50:28.950+0530] {processor.py:153} INFO - Started process (PID=35845) to work on /home/sayone/This PC/SayOne Technologies/Works/airflow_new/Airflow/venv/lib/python3.8/site-packages/airflow/example_dags/example_kubernetes_executor.py
[2022-09-20T17:50:28.953+0530] {processor.py:640} INFO - Processing file /home/sayone/This PC/SayOne Technologies/Works/airflow_new/Airflow/venv/lib/python3.8/site-packages/airflow/example_dags/example_kubernetes_executor.py for tasks to queue
[2022-09-20T17:50:28.954+0530] {logging_mixin.py:115} INFO - [2022-09-20T17:50:28.954+0530] {dagbag.py:508} INFO - Filling up the DagBag from /home/sayone/This PC/SayOne Technologies/Works/airflow_new/Airflow/venv/lib/python3.8/site-packages/airflow/example_dags/example_kubernetes_executor.py
[2022-09-20T17:50:28.969+0530] {logging_mixin.py:115} INFO - [2022-09-20T17:50:28.969+0530] {example_kubernetes_executor.py:39} WARNING - The example_kubernetes_executor example DAG requires the kubernetes provider. Please install it with: pip install apache-airflow[cncf.kubernetes]
[2022-09-20T17:50:28.969+0530] {processor.py:652} WARNING - No viable dags retrieved from /home/sayone/This PC/SayOne Technologies/Works/airflow_new/Airflow/venv/lib/python3.8/site-packages/airflow/example_dags/example_kubernetes_executor.py
[2022-09-20T17:50:28.974+0530] {processor.py:161} INFO - Processing /home/sayone/This PC/SayOne Technologies/Works/airflow_new/Airflow/venv/lib/python3.8/site-packages/airflow/example_dags/example_kubernetes_executor.py took 0.029 seconds
[2022-09-20T17:51:05.961+0530] {processor.py:153} INFO - Started process (PID=35955) to work on /home/sayone/This PC/SayOne Technologies/Works/airflow_new/Airflow/venv/lib/python3.8/site-packages/airflow/example_dags/example_kubernetes_executor.py
[2022-09-20T17:51:05.963+0530] {processor.py:640} INFO - Processing file /home/sayone/This PC/SayOne Technologies/Works/airflow_new/Airflow/venv/lib/python3.8/site-packages/airflow/example_dags/example_kubernetes_executor.py for tasks to queue
[2022-09-20T17:51:05.963+0530] {logging_mixin.py:115} INFO - [2022-09-20T17:51:05.963+0530] {dagbag.py:508} INFO - Filling up the DagBag from /home/sayone/This PC/SayOne Technologies/Works/airflow_new/Airflow/venv/lib/python3.8/site-packages/airflow/example_dags/example_kubernetes_executor.py
[2022-09-20T17:51:05.971+0530] {logging_mixin.py:115} INFO - [2022-09-20T17:51:05.971+0530] {example_kubernetes_executor.py:39} WARNING - The example_kubernetes_executor example DAG requires the kubernetes provider. Please install it with: pip install apache-airflow[cncf.kubernetes]
[2022-09-20T17:51:05.971+0530] {processor.py:652} WARNING - No viable dags retrieved from /home/sayone/This PC/SayOne Technologies/Works/airflow_new/Airflow/venv/lib/python3.8/site-packages/airflow/example_dags/example_kubernetes_executor.py
[2022-09-20T17:51:05.977+0530] {processor.py:161} INFO - Processing /home/sayone/This PC/SayOne Technologies/Works/airflow_new/Airflow/venv/lib/python3.8/site-packages/airflow/example_dags/example_kubernetes_executor.py took 0.018 seconds
[2022-09-20T17:51:43.051+0530] {processor.py:153} INFO - Started process (PID=36016) to work on /home/sayone/This PC/SayOne Technologies/Works/airflow_new/Airflow/venv/lib/python3.8/site-packages/airflow/example_dags/example_kubernetes_executor.py
[2022-09-20T17:51:43.053+0530] {processor.py:640} INFO - Processing file /home/sayone/This PC/SayOne Technologies/Works/airflow_new/Airflow/venv/lib/python3.8/site-packages/airflow/example_dags/example_kubernetes_executor.py for tasks to queue
[2022-09-20T17:51:43.054+0530] {logging_mixin.py:115} INFO - [2022-09-20T17:51:43.054+0530] {dagbag.py:508} INFO - Filling up the DagBag from /home/sayone/This PC/SayOne Technologies/Works/airflow_new/Airflow/venv/lib/python3.8/site-packages/airflow/example_dags/example_kubernetes_executor.py
[2022-09-20T17:51:43.063+0530] {logging_mixin.py:115} INFO - [2022-09-20T17:51:43.063+0530] {example_kubernetes_executor.py:39} WARNING - The example_kubernetes_executor example DAG requires the kubernetes provider. Please install it with: pip install apache-airflow[cncf.kubernetes]
[2022-09-20T17:51:43.063+0530] {processor.py:652} WARNING - No viable dags retrieved from /home/sayone/This PC/SayOne Technologies/Works/airflow_new/Airflow/venv/lib/python3.8/site-packages/airflow/example_dags/example_kubernetes_executor.py
[2022-09-20T17:51:43.068+0530] {processor.py:161} INFO - Processing /home/sayone/This PC/SayOne Technologies/Works/airflow_new/Airflow/venv/lib/python3.8/site-packages/airflow/example_dags/example_kubernetes_executor.py took 0.019 seconds
