[2022-09-20T17:16:55.025+0530] {processor.py:153} INFO - Started process (PID=28675) to work on /home/sayone/This PC/SayOne Technologies/Works/airflow_new/Airflow/venv/lib/python3.8/site-packages/airflow/example_dags/example_latest_only_with_trigger.py
[2022-09-20T17:16:55.026+0530] {processor.py:640} INFO - Processing file /home/sayone/This PC/SayOne Technologies/Works/airflow_new/Airflow/venv/lib/python3.8/site-packages/airflow/example_dags/example_latest_only_with_trigger.py for tasks to queue
[2022-09-20T17:16:55.027+0530] {logging_mixin.py:115} INFO - [2022-09-20T17:16:55.027+0530] {dagbag.py:508} INFO - Filling up the DagBag from /home/sayone/This PC/SayOne Technologies/Works/airflow_new/Airflow/venv/lib/python3.8/site-packages/airflow/example_dags/example_latest_only_with_trigger.py
[2022-09-20T17:16:55.031+0530] {processor.py:650} INFO - DAG(s) dict_keys(['latest_only_with_trigger']) retrieved from /home/sayone/This PC/SayOne Technologies/Works/airflow_new/Airflow/venv/lib/python3.8/site-packages/airflow/example_dags/example_latest_only_with_trigger.py
[2022-09-20T17:16:55.094+0530] {logging_mixin.py:115} INFO - [2022-09-20T17:16:55.094+0530] {manager.py:508} INFO - Created Permission View: can edit on DAG:latest_only_with_trigger
[2022-09-20T17:16:55.101+0530] {logging_mixin.py:115} INFO - [2022-09-20T17:16:55.101+0530] {manager.py:508} INFO - Created Permission View: can read on DAG:latest_only_with_trigger
[2022-09-20T17:16:55.107+0530] {logging_mixin.py:115} INFO - [2022-09-20T17:16:55.107+0530] {manager.py:508} INFO - Created Permission View: can delete on DAG:latest_only_with_trigger
[2022-09-20T17:16:55.107+0530] {logging_mixin.py:115} INFO - [2022-09-20T17:16:55.107+0530] {dag.py:2429} INFO - Sync 1 DAGs
[2022-09-20T17:16:55.112+0530] {logging_mixin.py:115} INFO - [2022-09-20T17:16:55.112+0530] {dag.py:2448} INFO - Creating ORM DAG for latest_only_with_trigger
[2022-09-20T17:16:55.120+0530] {logging_mixin.py:115} INFO - [2022-09-20T17:16:55.120+0530] {dag.py:2977} INFO - Setting next_dagrun for latest_only_with_trigger to 2022-09-20T07:46:55.119807+00:00, run_after=2022-09-20T11:46:55.119807+00:00
[2022-09-20T17:16:55.131+0530] {processor.py:161} INFO - Processing /home/sayone/This PC/SayOne Technologies/Works/airflow_new/Airflow/venv/lib/python3.8/site-packages/airflow/example_dags/example_latest_only_with_trigger.py took 0.109 seconds
[2022-09-20T17:17:32.695+0530] {processor.py:153} INFO - Started process (PID=28968) to work on /home/sayone/This PC/SayOne Technologies/Works/airflow_new/Airflow/venv/lib/python3.8/site-packages/airflow/example_dags/example_latest_only_with_trigger.py
[2022-09-20T17:17:32.698+0530] {processor.py:640} INFO - Processing file /home/sayone/This PC/SayOne Technologies/Works/airflow_new/Airflow/venv/lib/python3.8/site-packages/airflow/example_dags/example_latest_only_with_trigger.py for tasks to queue
[2022-09-20T17:17:32.700+0530] {logging_mixin.py:115} INFO - [2022-09-20T17:17:32.699+0530] {dagbag.py:508} INFO - Filling up the DagBag from /home/sayone/This PC/SayOne Technologies/Works/airflow_new/Airflow/venv/lib/python3.8/site-packages/airflow/example_dags/example_latest_only_with_trigger.py
[2022-09-20T17:17:32.709+0530] {processor.py:650} INFO - DAG(s) dict_keys(['latest_only_with_trigger']) retrieved from /home/sayone/This PC/SayOne Technologies/Works/airflow_new/Airflow/venv/lib/python3.8/site-packages/airflow/example_dags/example_latest_only_with_trigger.py
[2022-09-20T17:17:32.733+0530] {logging_mixin.py:115} INFO - [2022-09-20T17:17:32.733+0530] {dag.py:2429} INFO - Sync 1 DAGs
[2022-09-20T17:17:32.749+0530] {logging_mixin.py:115} INFO - [2022-09-20T17:17:32.749+0530] {dag.py:2977} INFO - Setting next_dagrun for latest_only_with_trigger to 2022-09-20T07:47:32.749052+00:00, run_after=2022-09-20T11:47:32.749052+00:00
[2022-09-20T17:17:32.776+0530] {processor.py:161} INFO - Processing /home/sayone/This PC/SayOne Technologies/Works/airflow_new/Airflow/venv/lib/python3.8/site-packages/airflow/example_dags/example_latest_only_with_trigger.py took 0.084 seconds
[2022-09-20T17:18:05.214+0530] {processor.py:153} INFO - Started process (PID=29108) to work on /home/sayone/This PC/SayOne Technologies/Works/airflow_new/Airflow/venv/lib/python3.8/site-packages/airflow/example_dags/example_latest_only_with_trigger.py
[2022-09-20T17:18:05.215+0530] {processor.py:640} INFO - Processing file /home/sayone/This PC/SayOne Technologies/Works/airflow_new/Airflow/venv/lib/python3.8/site-packages/airflow/example_dags/example_latest_only_with_trigger.py for tasks to queue
[2022-09-20T17:18:05.215+0530] {logging_mixin.py:115} INFO - [2022-09-20T17:18:05.215+0530] {dagbag.py:508} INFO - Filling up the DagBag from /home/sayone/This PC/SayOne Technologies/Works/airflow_new/Airflow/venv/lib/python3.8/site-packages/airflow/example_dags/example_latest_only_with_trigger.py
[2022-09-20T17:18:05.220+0530] {processor.py:650} INFO - DAG(s) dict_keys(['latest_only_with_trigger']) retrieved from /home/sayone/This PC/SayOne Technologies/Works/airflow_new/Airflow/venv/lib/python3.8/site-packages/airflow/example_dags/example_latest_only_with_trigger.py
[2022-09-20T17:18:05.231+0530] {logging_mixin.py:115} INFO - [2022-09-20T17:18:05.230+0530] {dag.py:2429} INFO - Sync 1 DAGs
[2022-09-20T17:18:05.242+0530] {logging_mixin.py:115} INFO - [2022-09-20T17:18:05.242+0530] {dag.py:2977} INFO - Setting next_dagrun for latest_only_with_trigger to 2022-09-20T07:48:05.242357+00:00, run_after=2022-09-20T11:48:05.242357+00:00
[2022-09-20T17:18:05.257+0530] {processor.py:161} INFO - Processing /home/sayone/This PC/SayOne Technologies/Works/airflow_new/Airflow/venv/lib/python3.8/site-packages/airflow/example_dags/example_latest_only_with_trigger.py took 0.044 seconds
[2022-09-20T17:18:41.328+0530] {processor.py:153} INFO - Started process (PID=29188) to work on /home/sayone/This PC/SayOne Technologies/Works/airflow_new/Airflow/venv/lib/python3.8/site-packages/airflow/example_dags/example_latest_only_with_trigger.py
[2022-09-20T17:18:41.331+0530] {processor.py:640} INFO - Processing file /home/sayone/This PC/SayOne Technologies/Works/airflow_new/Airflow/venv/lib/python3.8/site-packages/airflow/example_dags/example_latest_only_with_trigger.py for tasks to queue
[2022-09-20T17:18:41.332+0530] {logging_mixin.py:115} INFO - [2022-09-20T17:18:41.332+0530] {dagbag.py:508} INFO - Filling up the DagBag from /home/sayone/This PC/SayOne Technologies/Works/airflow_new/Airflow/venv/lib/python3.8/site-packages/airflow/example_dags/example_latest_only_with_trigger.py
[2022-09-20T17:18:41.340+0530] {processor.py:650} INFO - DAG(s) dict_keys(['latest_only_with_trigger']) retrieved from /home/sayone/This PC/SayOne Technologies/Works/airflow_new/Airflow/venv/lib/python3.8/site-packages/airflow/example_dags/example_latest_only_with_trigger.py
[2022-09-20T17:18:41.356+0530] {logging_mixin.py:115} INFO - [2022-09-20T17:18:41.355+0530] {dag.py:2429} INFO - Sync 1 DAGs
[2022-09-20T17:18:41.367+0530] {logging_mixin.py:115} INFO - [2022-09-20T17:18:41.367+0530] {dag.py:2977} INFO - Setting next_dagrun for latest_only_with_trigger to 2022-09-20T07:48:41.366986+00:00, run_after=2022-09-20T11:48:41.366986+00:00
[2022-09-20T17:18:41.377+0530] {processor.py:161} INFO - Processing /home/sayone/This PC/SayOne Technologies/Works/airflow_new/Airflow/venv/lib/python3.8/site-packages/airflow/example_dags/example_latest_only_with_trigger.py took 0.052 seconds
[2022-09-20T17:19:17.023+0530] {processor.py:153} INFO - Started process (PID=29331) to work on /home/sayone/This PC/SayOne Technologies/Works/airflow_new/Airflow/venv/lib/python3.8/site-packages/airflow/example_dags/example_latest_only_with_trigger.py
[2022-09-20T17:19:17.026+0530] {processor.py:640} INFO - Processing file /home/sayone/This PC/SayOne Technologies/Works/airflow_new/Airflow/venv/lib/python3.8/site-packages/airflow/example_dags/example_latest_only_with_trigger.py for tasks to queue
[2022-09-20T17:19:17.027+0530] {logging_mixin.py:115} INFO - [2022-09-20T17:19:17.027+0530] {dagbag.py:508} INFO - Filling up the DagBag from /home/sayone/This PC/SayOne Technologies/Works/airflow_new/Airflow/venv/lib/python3.8/site-packages/airflow/example_dags/example_latest_only_with_trigger.py
[2022-09-20T17:19:17.034+0530] {processor.py:650} INFO - DAG(s) dict_keys(['latest_only_with_trigger']) retrieved from /home/sayone/This PC/SayOne Technologies/Works/airflow_new/Airflow/venv/lib/python3.8/site-packages/airflow/example_dags/example_latest_only_with_trigger.py
[2022-09-20T17:19:17.045+0530] {logging_mixin.py:115} INFO - [2022-09-20T17:19:17.045+0530] {dag.py:2429} INFO - Sync 1 DAGs
[2022-09-20T17:19:17.057+0530] {logging_mixin.py:115} INFO - [2022-09-20T17:19:17.057+0530] {dag.py:2977} INFO - Setting next_dagrun for latest_only_with_trigger to 2022-09-20T07:49:17.057536+00:00, run_after=2022-09-20T11:49:17.057536+00:00
[2022-09-20T17:19:17.067+0530] {processor.py:161} INFO - Processing /home/sayone/This PC/SayOne Technologies/Works/airflow_new/Airflow/venv/lib/python3.8/site-packages/airflow/example_dags/example_latest_only_with_trigger.py took 0.047 seconds
[2022-09-20T17:20:13.717+0530] {processor.py:153} INFO - Started process (PID=29679) to work on /home/sayone/This PC/SayOne Technologies/Works/airflow_new/Airflow/venv/lib/python3.8/site-packages/airflow/example_dags/example_latest_only_with_trigger.py
[2022-09-20T17:20:13.717+0530] {processor.py:640} INFO - Processing file /home/sayone/This PC/SayOne Technologies/Works/airflow_new/Airflow/venv/lib/python3.8/site-packages/airflow/example_dags/example_latest_only_with_trigger.py for tasks to queue
[2022-09-20T17:20:13.718+0530] {logging_mixin.py:115} INFO - [2022-09-20T17:20:13.718+0530] {dagbag.py:508} INFO - Filling up the DagBag from /home/sayone/This PC/SayOne Technologies/Works/airflow_new/Airflow/venv/lib/python3.8/site-packages/airflow/example_dags/example_latest_only_with_trigger.py
[2022-09-20T17:20:13.721+0530] {processor.py:650} INFO - DAG(s) dict_keys(['latest_only_with_trigger']) retrieved from /home/sayone/This PC/SayOne Technologies/Works/airflow_new/Airflow/venv/lib/python3.8/site-packages/airflow/example_dags/example_latest_only_with_trigger.py
[2022-09-20T17:20:13.730+0530] {logging_mixin.py:115} INFO - [2022-09-20T17:20:13.730+0530] {dag.py:2429} INFO - Sync 1 DAGs
[2022-09-20T17:20:13.741+0530] {logging_mixin.py:115} INFO - [2022-09-20T17:20:13.741+0530] {dag.py:2977} INFO - Setting next_dagrun for latest_only_with_trigger to 2022-09-20T07:50:13.740940+00:00, run_after=2022-09-20T11:50:13.740940+00:00
[2022-09-20T17:20:13.753+0530] {processor.py:161} INFO - Processing /home/sayone/This PC/SayOne Technologies/Works/airflow_new/Airflow/venv/lib/python3.8/site-packages/airflow/example_dags/example_latest_only_with_trigger.py took 0.038 seconds
[2022-09-20T17:20:50.418+0530] {processor.py:153} INFO - Started process (PID=29742) to work on /home/sayone/This PC/SayOne Technologies/Works/airflow_new/Airflow/venv/lib/python3.8/site-packages/airflow/example_dags/example_latest_only_with_trigger.py
[2022-09-20T17:20:50.421+0530] {processor.py:640} INFO - Processing file /home/sayone/This PC/SayOne Technologies/Works/airflow_new/Airflow/venv/lib/python3.8/site-packages/airflow/example_dags/example_latest_only_with_trigger.py for tasks to queue
[2022-09-20T17:20:50.422+0530] {logging_mixin.py:115} INFO - [2022-09-20T17:20:50.421+0530] {dagbag.py:508} INFO - Filling up the DagBag from /home/sayone/This PC/SayOne Technologies/Works/airflow_new/Airflow/venv/lib/python3.8/site-packages/airflow/example_dags/example_latest_only_with_trigger.py
[2022-09-20T17:20:50.426+0530] {processor.py:650} INFO - DAG(s) dict_keys(['latest_only_with_trigger']) retrieved from /home/sayone/This PC/SayOne Technologies/Works/airflow_new/Airflow/venv/lib/python3.8/site-packages/airflow/example_dags/example_latest_only_with_trigger.py
[2022-09-20T17:20:50.436+0530] {logging_mixin.py:115} INFO - [2022-09-20T17:20:50.435+0530] {dag.py:2429} INFO - Sync 1 DAGs
[2022-09-20T17:20:50.446+0530] {logging_mixin.py:115} INFO - [2022-09-20T17:20:50.446+0530] {dag.py:2977} INFO - Setting next_dagrun for latest_only_with_trigger to 2022-09-20T07:50:50.446043+00:00, run_after=2022-09-20T11:50:50.446043+00:00
[2022-09-20T17:20:50.455+0530] {processor.py:161} INFO - Processing /home/sayone/This PC/SayOne Technologies/Works/airflow_new/Airflow/venv/lib/python3.8/site-packages/airflow/example_dags/example_latest_only_with_trigger.py took 0.039 seconds
[2022-09-20T17:21:24.520+0530] {processor.py:153} INFO - Started process (PID=29857) to work on /home/sayone/This PC/SayOne Technologies/Works/airflow_new/Airflow/venv/lib/python3.8/site-packages/airflow/example_dags/example_latest_only_with_trigger.py
[2022-09-20T17:21:24.523+0530] {processor.py:640} INFO - Processing file /home/sayone/This PC/SayOne Technologies/Works/airflow_new/Airflow/venv/lib/python3.8/site-packages/airflow/example_dags/example_latest_only_with_trigger.py for tasks to queue
[2022-09-20T17:21:24.524+0530] {logging_mixin.py:115} INFO - [2022-09-20T17:21:24.523+0530] {dagbag.py:508} INFO - Filling up the DagBag from /home/sayone/This PC/SayOne Technologies/Works/airflow_new/Airflow/venv/lib/python3.8/site-packages/airflow/example_dags/example_latest_only_with_trigger.py
[2022-09-20T17:21:24.532+0530] {processor.py:650} INFO - DAG(s) dict_keys(['latest_only_with_trigger']) retrieved from /home/sayone/This PC/SayOne Technologies/Works/airflow_new/Airflow/venv/lib/python3.8/site-packages/airflow/example_dags/example_latest_only_with_trigger.py
[2022-09-20T17:21:24.544+0530] {logging_mixin.py:115} INFO - [2022-09-20T17:21:24.544+0530] {dag.py:2429} INFO - Sync 1 DAGs
[2022-09-20T17:21:24.556+0530] {logging_mixin.py:115} INFO - [2022-09-20T17:21:24.555+0530] {dag.py:2977} INFO - Setting next_dagrun for latest_only_with_trigger to 2022-09-20T07:51:24.555770+00:00, run_after=2022-09-20T11:51:24.555770+00:00
[2022-09-20T17:21:24.564+0530] {processor.py:161} INFO - Processing /home/sayone/This PC/SayOne Technologies/Works/airflow_new/Airflow/venv/lib/python3.8/site-packages/airflow/example_dags/example_latest_only_with_trigger.py took 0.049 seconds
[2022-09-20T17:22:01.977+0530] {processor.py:153} INFO - Started process (PID=30114) to work on /home/sayone/This PC/SayOne Technologies/Works/airflow_new/Airflow/venv/lib/python3.8/site-packages/airflow/example_dags/example_latest_only_with_trigger.py
[2022-09-20T17:22:01.981+0530] {processor.py:640} INFO - Processing file /home/sayone/This PC/SayOne Technologies/Works/airflow_new/Airflow/venv/lib/python3.8/site-packages/airflow/example_dags/example_latest_only_with_trigger.py for tasks to queue
[2022-09-20T17:22:01.983+0530] {logging_mixin.py:115} INFO - [2022-09-20T17:22:01.982+0530] {dagbag.py:508} INFO - Filling up the DagBag from /home/sayone/This PC/SayOne Technologies/Works/airflow_new/Airflow/venv/lib/python3.8/site-packages/airflow/example_dags/example_latest_only_with_trigger.py
[2022-09-20T17:22:01.994+0530] {processor.py:650} INFO - DAG(s) dict_keys(['latest_only_with_trigger']) retrieved from /home/sayone/This PC/SayOne Technologies/Works/airflow_new/Airflow/venv/lib/python3.8/site-packages/airflow/example_dags/example_latest_only_with_trigger.py
[2022-09-20T17:22:02.014+0530] {logging_mixin.py:115} INFO - [2022-09-20T17:22:02.014+0530] {dag.py:2429} INFO - Sync 1 DAGs
[2022-09-20T17:22:02.028+0530] {logging_mixin.py:115} INFO - [2022-09-20T17:22:02.028+0530] {dag.py:2977} INFO - Setting next_dagrun for latest_only_with_trigger to 2022-09-20T07:52:02.027956+00:00, run_after=2022-09-20T11:52:02.027956+00:00
[2022-09-20T17:22:02.041+0530] {processor.py:161} INFO - Processing /home/sayone/This PC/SayOne Technologies/Works/airflow_new/Airflow/venv/lib/python3.8/site-packages/airflow/example_dags/example_latest_only_with_trigger.py took 0.070 seconds
[2022-09-20T17:22:35.655+0530] {processor.py:153} INFO - Started process (PID=30282) to work on /home/sayone/This PC/SayOne Technologies/Works/airflow_new/Airflow/venv/lib/python3.8/site-packages/airflow/example_dags/example_latest_only_with_trigger.py
[2022-09-20T17:22:35.658+0530] {processor.py:640} INFO - Processing file /home/sayone/This PC/SayOne Technologies/Works/airflow_new/Airflow/venv/lib/python3.8/site-packages/airflow/example_dags/example_latest_only_with_trigger.py for tasks to queue
[2022-09-20T17:22:35.659+0530] {logging_mixin.py:115} INFO - [2022-09-20T17:22:35.658+0530] {dagbag.py:508} INFO - Filling up the DagBag from /home/sayone/This PC/SayOne Technologies/Works/airflow_new/Airflow/venv/lib/python3.8/site-packages/airflow/example_dags/example_latest_only_with_trigger.py
[2022-09-20T17:22:35.667+0530] {processor.py:650} INFO - DAG(s) dict_keys(['latest_only_with_trigger']) retrieved from /home/sayone/This PC/SayOne Technologies/Works/airflow_new/Airflow/venv/lib/python3.8/site-packages/airflow/example_dags/example_latest_only_with_trigger.py
[2022-09-20T17:22:35.678+0530] {logging_mixin.py:115} INFO - [2022-09-20T17:22:35.678+0530] {dag.py:2429} INFO - Sync 1 DAGs
[2022-09-20T17:22:35.692+0530] {logging_mixin.py:115} INFO - [2022-09-20T17:22:35.692+0530] {dag.py:2977} INFO - Setting next_dagrun for latest_only_with_trigger to 2022-09-20T07:52:35.691982+00:00, run_after=2022-09-20T11:52:35.691982+00:00
[2022-09-20T17:22:35.707+0530] {processor.py:161} INFO - Processing /home/sayone/This PC/SayOne Technologies/Works/airflow_new/Airflow/venv/lib/python3.8/site-packages/airflow/example_dags/example_latest_only_with_trigger.py took 0.056 seconds
[2022-09-20T17:23:37.424+0530] {processor.py:153} INFO - Started process (PID=30456) to work on /home/sayone/This PC/SayOne Technologies/Works/airflow_new/Airflow/venv/lib/python3.8/site-packages/airflow/example_dags/example_latest_only_with_trigger.py
[2022-09-20T17:23:37.427+0530] {processor.py:640} INFO - Processing file /home/sayone/This PC/SayOne Technologies/Works/airflow_new/Airflow/venv/lib/python3.8/site-packages/airflow/example_dags/example_latest_only_with_trigger.py for tasks to queue
[2022-09-20T17:23:37.428+0530] {logging_mixin.py:115} INFO - [2022-09-20T17:23:37.428+0530] {dagbag.py:508} INFO - Filling up the DagBag from /home/sayone/This PC/SayOne Technologies/Works/airflow_new/Airflow/venv/lib/python3.8/site-packages/airflow/example_dags/example_latest_only_with_trigger.py
[2022-09-20T17:23:37.432+0530] {processor.py:650} INFO - DAG(s) dict_keys(['latest_only_with_trigger']) retrieved from /home/sayone/This PC/SayOne Technologies/Works/airflow_new/Airflow/venv/lib/python3.8/site-packages/airflow/example_dags/example_latest_only_with_trigger.py
[2022-09-20T17:23:37.445+0530] {logging_mixin.py:115} INFO - [2022-09-20T17:23:37.445+0530] {dag.py:2429} INFO - Sync 1 DAGs
[2022-09-20T17:23:37.463+0530] {logging_mixin.py:115} INFO - [2022-09-20T17:23:37.463+0530] {dag.py:2977} INFO - Setting next_dagrun for latest_only_with_trigger to 2022-09-20T07:53:37.463220+00:00, run_after=2022-09-20T11:53:37.463220+00:00
[2022-09-20T17:23:37.478+0530] {processor.py:161} INFO - Processing /home/sayone/This PC/SayOne Technologies/Works/airflow_new/Airflow/venv/lib/python3.8/site-packages/airflow/example_dags/example_latest_only_with_trigger.py took 0.057 seconds
[2022-09-20T17:24:14.552+0530] {processor.py:153} INFO - Started process (PID=30610) to work on /home/sayone/This PC/SayOne Technologies/Works/airflow_new/Airflow/venv/lib/python3.8/site-packages/airflow/example_dags/example_latest_only_with_trigger.py
[2022-09-20T17:24:14.555+0530] {processor.py:640} INFO - Processing file /home/sayone/This PC/SayOne Technologies/Works/airflow_new/Airflow/venv/lib/python3.8/site-packages/airflow/example_dags/example_latest_only_with_trigger.py for tasks to queue
[2022-09-20T17:24:14.556+0530] {logging_mixin.py:115} INFO - [2022-09-20T17:24:14.556+0530] {dagbag.py:508} INFO - Filling up the DagBag from /home/sayone/This PC/SayOne Technologies/Works/airflow_new/Airflow/venv/lib/python3.8/site-packages/airflow/example_dags/example_latest_only_with_trigger.py
[2022-09-20T17:24:14.563+0530] {processor.py:650} INFO - DAG(s) dict_keys(['latest_only_with_trigger']) retrieved from /home/sayone/This PC/SayOne Technologies/Works/airflow_new/Airflow/venv/lib/python3.8/site-packages/airflow/example_dags/example_latest_only_with_trigger.py
[2022-09-20T17:24:14.574+0530] {logging_mixin.py:115} INFO - [2022-09-20T17:24:14.574+0530] {dag.py:2429} INFO - Sync 1 DAGs
[2022-09-20T17:24:14.585+0530] {logging_mixin.py:115} INFO - [2022-09-20T17:24:14.585+0530] {dag.py:2977} INFO - Setting next_dagrun for latest_only_with_trigger to 2022-09-20T07:54:14.584953+00:00, run_after=2022-09-20T11:54:14.584953+00:00
[2022-09-20T17:24:14.594+0530] {processor.py:161} INFO - Processing /home/sayone/This PC/SayOne Technologies/Works/airflow_new/Airflow/venv/lib/python3.8/site-packages/airflow/example_dags/example_latest_only_with_trigger.py took 0.045 seconds
[2022-09-20T17:24:49.343+0530] {processor.py:153} INFO - Started process (PID=30856) to work on /home/sayone/This PC/SayOne Technologies/Works/airflow_new/Airflow/venv/lib/python3.8/site-packages/airflow/example_dags/example_latest_only_with_trigger.py
[2022-09-20T17:24:49.347+0530] {processor.py:640} INFO - Processing file /home/sayone/This PC/SayOne Technologies/Works/airflow_new/Airflow/venv/lib/python3.8/site-packages/airflow/example_dags/example_latest_only_with_trigger.py for tasks to queue
[2022-09-20T17:24:49.348+0530] {logging_mixin.py:115} INFO - [2022-09-20T17:24:49.348+0530] {dagbag.py:508} INFO - Filling up the DagBag from /home/sayone/This PC/SayOne Technologies/Works/airflow_new/Airflow/venv/lib/python3.8/site-packages/airflow/example_dags/example_latest_only_with_trigger.py
[2022-09-20T17:24:49.354+0530] {processor.py:650} INFO - DAG(s) dict_keys(['latest_only_with_trigger']) retrieved from /home/sayone/This PC/SayOne Technologies/Works/airflow_new/Airflow/venv/lib/python3.8/site-packages/airflow/example_dags/example_latest_only_with_trigger.py
[2022-09-20T17:24:49.364+0530] {logging_mixin.py:115} INFO - [2022-09-20T17:24:49.364+0530] {dag.py:2429} INFO - Sync 1 DAGs
[2022-09-20T17:24:49.375+0530] {logging_mixin.py:115} INFO - [2022-09-20T17:24:49.375+0530] {dag.py:2977} INFO - Setting next_dagrun for latest_only_with_trigger to 2022-09-20T07:54:49.375074+00:00, run_after=2022-09-20T11:54:49.375074+00:00
[2022-09-20T17:24:49.384+0530] {processor.py:161} INFO - Processing /home/sayone/This PC/SayOne Technologies/Works/airflow_new/Airflow/venv/lib/python3.8/site-packages/airflow/example_dags/example_latest_only_with_trigger.py took 0.045 seconds
[2022-09-20T17:25:25.354+0530] {processor.py:153} INFO - Started process (PID=30994) to work on /home/sayone/This PC/SayOne Technologies/Works/airflow_new/Airflow/venv/lib/python3.8/site-packages/airflow/example_dags/example_latest_only_with_trigger.py
[2022-09-20T17:25:25.357+0530] {processor.py:640} INFO - Processing file /home/sayone/This PC/SayOne Technologies/Works/airflow_new/Airflow/venv/lib/python3.8/site-packages/airflow/example_dags/example_latest_only_with_trigger.py for tasks to queue
[2022-09-20T17:25:25.357+0530] {logging_mixin.py:115} INFO - [2022-09-20T17:25:25.357+0530] {dagbag.py:508} INFO - Filling up the DagBag from /home/sayone/This PC/SayOne Technologies/Works/airflow_new/Airflow/venv/lib/python3.8/site-packages/airflow/example_dags/example_latest_only_with_trigger.py
[2022-09-20T17:25:25.363+0530] {processor.py:650} INFO - DAG(s) dict_keys(['latest_only_with_trigger']) retrieved from /home/sayone/This PC/SayOne Technologies/Works/airflow_new/Airflow/venv/lib/python3.8/site-packages/airflow/example_dags/example_latest_only_with_trigger.py
[2022-09-20T17:25:25.374+0530] {logging_mixin.py:115} INFO - [2022-09-20T17:25:25.373+0530] {dag.py:2429} INFO - Sync 1 DAGs
[2022-09-20T17:25:25.383+0530] {logging_mixin.py:115} INFO - [2022-09-20T17:25:25.383+0530] {dag.py:2977} INFO - Setting next_dagrun for latest_only_with_trigger to 2022-09-20T07:55:25.383259+00:00, run_after=2022-09-20T11:55:25.383259+00:00
[2022-09-20T17:25:25.391+0530] {processor.py:161} INFO - Processing /home/sayone/This PC/SayOne Technologies/Works/airflow_new/Airflow/venv/lib/python3.8/site-packages/airflow/example_dags/example_latest_only_with_trigger.py took 0.038 seconds
[2022-09-20T17:26:01.381+0530] {processor.py:153} INFO - Started process (PID=31118) to work on /home/sayone/This PC/SayOne Technologies/Works/airflow_new/Airflow/venv/lib/python3.8/site-packages/airflow/example_dags/example_latest_only_with_trigger.py
[2022-09-20T17:26:01.384+0530] {processor.py:640} INFO - Processing file /home/sayone/This PC/SayOne Technologies/Works/airflow_new/Airflow/venv/lib/python3.8/site-packages/airflow/example_dags/example_latest_only_with_trigger.py for tasks to queue
[2022-09-20T17:26:01.384+0530] {logging_mixin.py:115} INFO - [2022-09-20T17:26:01.384+0530] {dagbag.py:508} INFO - Filling up the DagBag from /home/sayone/This PC/SayOne Technologies/Works/airflow_new/Airflow/venv/lib/python3.8/site-packages/airflow/example_dags/example_latest_only_with_trigger.py
[2022-09-20T17:26:01.392+0530] {processor.py:650} INFO - DAG(s) dict_keys(['latest_only_with_trigger']) retrieved from /home/sayone/This PC/SayOne Technologies/Works/airflow_new/Airflow/venv/lib/python3.8/site-packages/airflow/example_dags/example_latest_only_with_trigger.py
[2022-09-20T17:26:01.404+0530] {logging_mixin.py:115} INFO - [2022-09-20T17:26:01.404+0530] {dag.py:2429} INFO - Sync 1 DAGs
[2022-09-20T17:26:01.414+0530] {logging_mixin.py:115} INFO - [2022-09-20T17:26:01.413+0530] {dag.py:2977} INFO - Setting next_dagrun for latest_only_with_trigger to 2022-09-20T07:56:01.413759+00:00, run_after=2022-09-20T11:56:01.413759+00:00
[2022-09-20T17:26:01.422+0530] {processor.py:161} INFO - Processing /home/sayone/This PC/SayOne Technologies/Works/airflow_new/Airflow/venv/lib/python3.8/site-packages/airflow/example_dags/example_latest_only_with_trigger.py took 0.043 seconds
[2022-09-20T17:26:37.356+0530] {processor.py:153} INFO - Started process (PID=31191) to work on /home/sayone/This PC/SayOne Technologies/Works/airflow_new/Airflow/venv/lib/python3.8/site-packages/airflow/example_dags/example_latest_only_with_trigger.py
[2022-09-20T17:26:37.359+0530] {processor.py:640} INFO - Processing file /home/sayone/This PC/SayOne Technologies/Works/airflow_new/Airflow/venv/lib/python3.8/site-packages/airflow/example_dags/example_latest_only_with_trigger.py for tasks to queue
[2022-09-20T17:26:37.360+0530] {logging_mixin.py:115} INFO - [2022-09-20T17:26:37.360+0530] {dagbag.py:508} INFO - Filling up the DagBag from /home/sayone/This PC/SayOne Technologies/Works/airflow_new/Airflow/venv/lib/python3.8/site-packages/airflow/example_dags/example_latest_only_with_trigger.py
[2022-09-20T17:26:37.367+0530] {processor.py:650} INFO - DAG(s) dict_keys(['latest_only_with_trigger']) retrieved from /home/sayone/This PC/SayOne Technologies/Works/airflow_new/Airflow/venv/lib/python3.8/site-packages/airflow/example_dags/example_latest_only_with_trigger.py
[2022-09-20T17:26:37.382+0530] {logging_mixin.py:115} INFO - [2022-09-20T17:26:37.381+0530] {dag.py:2429} INFO - Sync 1 DAGs
[2022-09-20T17:26:37.392+0530] {logging_mixin.py:115} INFO - [2022-09-20T17:26:37.392+0530] {dag.py:2977} INFO - Setting next_dagrun for latest_only_with_trigger to 2022-09-20T07:56:37.392421+00:00, run_after=2022-09-20T11:56:37.392421+00:00
[2022-09-20T17:26:37.401+0530] {processor.py:161} INFO - Processing /home/sayone/This PC/SayOne Technologies/Works/airflow_new/Airflow/venv/lib/python3.8/site-packages/airflow/example_dags/example_latest_only_with_trigger.py took 0.046 seconds
[2022-09-20T17:27:14.551+0530] {processor.py:153} INFO - Started process (PID=31464) to work on /home/sayone/This PC/SayOne Technologies/Works/airflow_new/Airflow/venv/lib/python3.8/site-packages/airflow/example_dags/example_latest_only_with_trigger.py
[2022-09-20T17:27:14.554+0530] {processor.py:640} INFO - Processing file /home/sayone/This PC/SayOne Technologies/Works/airflow_new/Airflow/venv/lib/python3.8/site-packages/airflow/example_dags/example_latest_only_with_trigger.py for tasks to queue
[2022-09-20T17:27:14.555+0530] {logging_mixin.py:115} INFO - [2022-09-20T17:27:14.555+0530] {dagbag.py:508} INFO - Filling up the DagBag from /home/sayone/This PC/SayOne Technologies/Works/airflow_new/Airflow/venv/lib/python3.8/site-packages/airflow/example_dags/example_latest_only_with_trigger.py
[2022-09-20T17:27:14.563+0530] {processor.py:650} INFO - DAG(s) dict_keys(['latest_only_with_trigger']) retrieved from /home/sayone/This PC/SayOne Technologies/Works/airflow_new/Airflow/venv/lib/python3.8/site-packages/airflow/example_dags/example_latest_only_with_trigger.py
[2022-09-20T17:27:14.574+0530] {logging_mixin.py:115} INFO - [2022-09-20T17:27:14.574+0530] {dag.py:2429} INFO - Sync 1 DAGs
[2022-09-20T17:27:14.583+0530] {logging_mixin.py:115} INFO - [2022-09-20T17:27:14.583+0530] {dag.py:2977} INFO - Setting next_dagrun for latest_only_with_trigger to 2022-09-20T07:57:14.583229+00:00, run_after=2022-09-20T11:57:14.583229+00:00
[2022-09-20T17:27:14.592+0530] {processor.py:161} INFO - Processing /home/sayone/This PC/SayOne Technologies/Works/airflow_new/Airflow/venv/lib/python3.8/site-packages/airflow/example_dags/example_latest_only_with_trigger.py took 0.045 seconds
[2022-09-20T17:27:50.606+0530] {processor.py:153} INFO - Started process (PID=31589) to work on /home/sayone/This PC/SayOne Technologies/Works/airflow_new/Airflow/venv/lib/python3.8/site-packages/airflow/example_dags/example_latest_only_with_trigger.py
[2022-09-20T17:27:50.609+0530] {processor.py:640} INFO - Processing file /home/sayone/This PC/SayOne Technologies/Works/airflow_new/Airflow/venv/lib/python3.8/site-packages/airflow/example_dags/example_latest_only_with_trigger.py for tasks to queue
[2022-09-20T17:27:50.610+0530] {logging_mixin.py:115} INFO - [2022-09-20T17:27:50.609+0530] {dagbag.py:508} INFO - Filling up the DagBag from /home/sayone/This PC/SayOne Technologies/Works/airflow_new/Airflow/venv/lib/python3.8/site-packages/airflow/example_dags/example_latest_only_with_trigger.py
[2022-09-20T17:27:50.617+0530] {processor.py:650} INFO - DAG(s) dict_keys(['latest_only_with_trigger']) retrieved from /home/sayone/This PC/SayOne Technologies/Works/airflow_new/Airflow/venv/lib/python3.8/site-packages/airflow/example_dags/example_latest_only_with_trigger.py
[2022-09-20T17:27:50.628+0530] {logging_mixin.py:115} INFO - [2022-09-20T17:27:50.628+0530] {dag.py:2429} INFO - Sync 1 DAGs
[2022-09-20T17:27:50.638+0530] {logging_mixin.py:115} INFO - [2022-09-20T17:27:50.638+0530] {dag.py:2977} INFO - Setting next_dagrun for latest_only_with_trigger to 2022-09-20T07:57:50.637868+00:00, run_after=2022-09-20T11:57:50.637868+00:00
[2022-09-20T17:27:50.646+0530] {processor.py:161} INFO - Processing /home/sayone/This PC/SayOne Technologies/Works/airflow_new/Airflow/venv/lib/python3.8/site-packages/airflow/example_dags/example_latest_only_with_trigger.py took 0.042 seconds
[2022-09-20T17:28:26.372+0530] {processor.py:153} INFO - Started process (PID=31704) to work on /home/sayone/This PC/SayOne Technologies/Works/airflow_new/Airflow/venv/lib/python3.8/site-packages/airflow/example_dags/example_latest_only_with_trigger.py
[2022-09-20T17:28:26.375+0530] {processor.py:640} INFO - Processing file /home/sayone/This PC/SayOne Technologies/Works/airflow_new/Airflow/venv/lib/python3.8/site-packages/airflow/example_dags/example_latest_only_with_trigger.py for tasks to queue
[2022-09-20T17:28:26.376+0530] {logging_mixin.py:115} INFO - [2022-09-20T17:28:26.376+0530] {dagbag.py:508} INFO - Filling up the DagBag from /home/sayone/This PC/SayOne Technologies/Works/airflow_new/Airflow/venv/lib/python3.8/site-packages/airflow/example_dags/example_latest_only_with_trigger.py
[2022-09-20T17:28:26.382+0530] {processor.py:650} INFO - DAG(s) dict_keys(['latest_only_with_trigger']) retrieved from /home/sayone/This PC/SayOne Technologies/Works/airflow_new/Airflow/venv/lib/python3.8/site-packages/airflow/example_dags/example_latest_only_with_trigger.py
[2022-09-20T17:28:26.391+0530] {logging_mixin.py:115} INFO - [2022-09-20T17:28:26.391+0530] {dag.py:2429} INFO - Sync 1 DAGs
[2022-09-20T17:28:26.401+0530] {logging_mixin.py:115} INFO - [2022-09-20T17:28:26.401+0530] {dag.py:2977} INFO - Setting next_dagrun for latest_only_with_trigger to 2022-09-20T07:58:26.401089+00:00, run_after=2022-09-20T11:58:26.401089+00:00
[2022-09-20T17:28:26.410+0530] {processor.py:161} INFO - Processing /home/sayone/This PC/SayOne Technologies/Works/airflow_new/Airflow/venv/lib/python3.8/site-packages/airflow/example_dags/example_latest_only_with_trigger.py took 0.040 seconds
[2022-09-20T17:29:04.763+0530] {processor.py:153} INFO - Started process (PID=31838) to work on /home/sayone/This PC/SayOne Technologies/Works/airflow_new/Airflow/venv/lib/python3.8/site-packages/airflow/example_dags/example_latest_only_with_trigger.py
[2022-09-20T17:29:04.765+0530] {processor.py:640} INFO - Processing file /home/sayone/This PC/SayOne Technologies/Works/airflow_new/Airflow/venv/lib/python3.8/site-packages/airflow/example_dags/example_latest_only_with_trigger.py for tasks to queue
[2022-09-20T17:29:04.766+0530] {logging_mixin.py:115} INFO - [2022-09-20T17:29:04.766+0530] {dagbag.py:508} INFO - Filling up the DagBag from /home/sayone/This PC/SayOne Technologies/Works/airflow_new/Airflow/venv/lib/python3.8/site-packages/airflow/example_dags/example_latest_only_with_trigger.py
[2022-09-20T17:29:04.773+0530] {processor.py:650} INFO - DAG(s) dict_keys(['latest_only_with_trigger']) retrieved from /home/sayone/This PC/SayOne Technologies/Works/airflow_new/Airflow/venv/lib/python3.8/site-packages/airflow/example_dags/example_latest_only_with_trigger.py
[2022-09-20T17:29:04.784+0530] {logging_mixin.py:115} INFO - [2022-09-20T17:29:04.784+0530] {dag.py:2429} INFO - Sync 1 DAGs
[2022-09-20T17:29:04.793+0530] {logging_mixin.py:115} INFO - [2022-09-20T17:29:04.793+0530] {dag.py:2977} INFO - Setting next_dagrun for latest_only_with_trigger to 2022-09-20T07:59:04.793608+00:00, run_after=2022-09-20T11:59:04.793608+00:00
[2022-09-20T17:29:04.803+0530] {processor.py:161} INFO - Processing /home/sayone/This PC/SayOne Technologies/Works/airflow_new/Airflow/venv/lib/python3.8/site-packages/airflow/example_dags/example_latest_only_with_trigger.py took 0.042 seconds
[2022-09-20T17:29:39.345+0530] {processor.py:153} INFO - Started process (PID=31983) to work on /home/sayone/This PC/SayOne Technologies/Works/airflow_new/Airflow/venv/lib/python3.8/site-packages/airflow/example_dags/example_latest_only_with_trigger.py
[2022-09-20T17:29:39.348+0530] {processor.py:640} INFO - Processing file /home/sayone/This PC/SayOne Technologies/Works/airflow_new/Airflow/venv/lib/python3.8/site-packages/airflow/example_dags/example_latest_only_with_trigger.py for tasks to queue
[2022-09-20T17:29:39.349+0530] {logging_mixin.py:115} INFO - [2022-09-20T17:29:39.349+0530] {dagbag.py:508} INFO - Filling up the DagBag from /home/sayone/This PC/SayOne Technologies/Works/airflow_new/Airflow/venv/lib/python3.8/site-packages/airflow/example_dags/example_latest_only_with_trigger.py
[2022-09-20T17:29:39.358+0530] {processor.py:650} INFO - DAG(s) dict_keys(['latest_only_with_trigger']) retrieved from /home/sayone/This PC/SayOne Technologies/Works/airflow_new/Airflow/venv/lib/python3.8/site-packages/airflow/example_dags/example_latest_only_with_trigger.py
[2022-09-20T17:29:39.369+0530] {logging_mixin.py:115} INFO - [2022-09-20T17:29:39.369+0530] {dag.py:2429} INFO - Sync 1 DAGs
[2022-09-20T17:29:39.379+0530] {logging_mixin.py:115} INFO - [2022-09-20T17:29:39.379+0530] {dag.py:2977} INFO - Setting next_dagrun for latest_only_with_trigger to 2022-09-20T07:59:39.378855+00:00, run_after=2022-09-20T11:59:39.378855+00:00
[2022-09-20T17:29:39.388+0530] {processor.py:161} INFO - Processing /home/sayone/This PC/SayOne Technologies/Works/airflow_new/Airflow/venv/lib/python3.8/site-packages/airflow/example_dags/example_latest_only_with_trigger.py took 0.045 seconds
[2022-09-20T17:30:15.389+0530] {processor.py:153} INFO - Started process (PID=32096) to work on /home/sayone/This PC/SayOne Technologies/Works/airflow_new/Airflow/venv/lib/python3.8/site-packages/airflow/example_dags/example_latest_only_with_trigger.py
[2022-09-20T17:30:15.390+0530] {processor.py:640} INFO - Processing file /home/sayone/This PC/SayOne Technologies/Works/airflow_new/Airflow/venv/lib/python3.8/site-packages/airflow/example_dags/example_latest_only_with_trigger.py for tasks to queue
[2022-09-20T17:30:15.391+0530] {logging_mixin.py:115} INFO - [2022-09-20T17:30:15.391+0530] {dagbag.py:508} INFO - Filling up the DagBag from /home/sayone/This PC/SayOne Technologies/Works/airflow_new/Airflow/venv/lib/python3.8/site-packages/airflow/example_dags/example_latest_only_with_trigger.py
[2022-09-20T17:30:15.399+0530] {processor.py:650} INFO - DAG(s) dict_keys(['latest_only_with_trigger']) retrieved from /home/sayone/This PC/SayOne Technologies/Works/airflow_new/Airflow/venv/lib/python3.8/site-packages/airflow/example_dags/example_latest_only_with_trigger.py
[2022-09-20T17:30:15.410+0530] {logging_mixin.py:115} INFO - [2022-09-20T17:30:15.410+0530] {dag.py:2429} INFO - Sync 1 DAGs
[2022-09-20T17:30:15.419+0530] {logging_mixin.py:115} INFO - [2022-09-20T17:30:15.419+0530] {dag.py:2977} INFO - Setting next_dagrun for latest_only_with_trigger to 2022-09-20T08:00:15.419606+00:00, run_after=2022-09-20T12:00:15.419606+00:00
[2022-09-20T17:30:15.430+0530] {processor.py:161} INFO - Processing /home/sayone/This PC/SayOne Technologies/Works/airflow_new/Airflow/venv/lib/python3.8/site-packages/airflow/example_dags/example_latest_only_with_trigger.py took 0.045 seconds
[2022-09-20T17:30:51.851+0530] {processor.py:153} INFO - Started process (PID=32168) to work on /home/sayone/This PC/SayOne Technologies/Works/airflow_new/Airflow/venv/lib/python3.8/site-packages/airflow/example_dags/example_latest_only_with_trigger.py
[2022-09-20T17:30:51.853+0530] {processor.py:640} INFO - Processing file /home/sayone/This PC/SayOne Technologies/Works/airflow_new/Airflow/venv/lib/python3.8/site-packages/airflow/example_dags/example_latest_only_with_trigger.py for tasks to queue
[2022-09-20T17:30:51.853+0530] {logging_mixin.py:115} INFO - [2022-09-20T17:30:51.853+0530] {dagbag.py:508} INFO - Filling up the DagBag from /home/sayone/This PC/SayOne Technologies/Works/airflow_new/Airflow/venv/lib/python3.8/site-packages/airflow/example_dags/example_latest_only_with_trigger.py
[2022-09-20T17:30:51.861+0530] {processor.py:650} INFO - DAG(s) dict_keys(['latest_only_with_trigger']) retrieved from /home/sayone/This PC/SayOne Technologies/Works/airflow_new/Airflow/venv/lib/python3.8/site-packages/airflow/example_dags/example_latest_only_with_trigger.py
[2022-09-20T17:30:51.872+0530] {logging_mixin.py:115} INFO - [2022-09-20T17:30:51.872+0530] {dag.py:2429} INFO - Sync 1 DAGs
[2022-09-20T17:30:51.881+0530] {logging_mixin.py:115} INFO - [2022-09-20T17:30:51.881+0530] {dag.py:2977} INFO - Setting next_dagrun for latest_only_with_trigger to 2022-09-20T08:00:51.881117+00:00, run_after=2022-09-20T12:00:51.881117+00:00
[2022-09-20T17:30:51.890+0530] {processor.py:161} INFO - Processing /home/sayone/This PC/SayOne Technologies/Works/airflow_new/Airflow/venv/lib/python3.8/site-packages/airflow/example_dags/example_latest_only_with_trigger.py took 0.041 seconds
[2022-09-20T17:31:28.498+0530] {processor.py:153} INFO - Started process (PID=32285) to work on /home/sayone/This PC/SayOne Technologies/Works/airflow_new/Airflow/venv/lib/python3.8/site-packages/airflow/example_dags/example_latest_only_with_trigger.py
[2022-09-20T17:31:28.501+0530] {processor.py:640} INFO - Processing file /home/sayone/This PC/SayOne Technologies/Works/airflow_new/Airflow/venv/lib/python3.8/site-packages/airflow/example_dags/example_latest_only_with_trigger.py for tasks to queue
[2022-09-20T17:31:28.502+0530] {logging_mixin.py:115} INFO - [2022-09-20T17:31:28.502+0530] {dagbag.py:508} INFO - Filling up the DagBag from /home/sayone/This PC/SayOne Technologies/Works/airflow_new/Airflow/venv/lib/python3.8/site-packages/airflow/example_dags/example_latest_only_with_trigger.py
[2022-09-20T17:31:28.509+0530] {processor.py:650} INFO - DAG(s) dict_keys(['latest_only_with_trigger']) retrieved from /home/sayone/This PC/SayOne Technologies/Works/airflow_new/Airflow/venv/lib/python3.8/site-packages/airflow/example_dags/example_latest_only_with_trigger.py
[2022-09-20T17:31:28.520+0530] {logging_mixin.py:115} INFO - [2022-09-20T17:31:28.520+0530] {dag.py:2429} INFO - Sync 1 DAGs
[2022-09-20T17:31:28.530+0530] {logging_mixin.py:115} INFO - [2022-09-20T17:31:28.529+0530] {dag.py:2977} INFO - Setting next_dagrun for latest_only_with_trigger to 2022-09-20T08:01:28.529719+00:00, run_after=2022-09-20T12:01:28.529719+00:00
[2022-09-20T17:31:28.540+0530] {processor.py:161} INFO - Processing /home/sayone/This PC/SayOne Technologies/Works/airflow_new/Airflow/venv/lib/python3.8/site-packages/airflow/example_dags/example_latest_only_with_trigger.py took 0.043 seconds
[2022-09-20T17:32:04.847+0530] {processor.py:153} INFO - Started process (PID=32478) to work on /home/sayone/This PC/SayOne Technologies/Works/airflow_new/Airflow/venv/lib/python3.8/site-packages/airflow/example_dags/example_latest_only_with_trigger.py
[2022-09-20T17:32:04.850+0530] {processor.py:640} INFO - Processing file /home/sayone/This PC/SayOne Technologies/Works/airflow_new/Airflow/venv/lib/python3.8/site-packages/airflow/example_dags/example_latest_only_with_trigger.py for tasks to queue
[2022-09-20T17:32:04.851+0530] {logging_mixin.py:115} INFO - [2022-09-20T17:32:04.851+0530] {dagbag.py:508} INFO - Filling up the DagBag from /home/sayone/This PC/SayOne Technologies/Works/airflow_new/Airflow/venv/lib/python3.8/site-packages/airflow/example_dags/example_latest_only_with_trigger.py
[2022-09-20T17:32:04.858+0530] {processor.py:650} INFO - DAG(s) dict_keys(['latest_only_with_trigger']) retrieved from /home/sayone/This PC/SayOne Technologies/Works/airflow_new/Airflow/venv/lib/python3.8/site-packages/airflow/example_dags/example_latest_only_with_trigger.py
[2022-09-20T17:32:04.869+0530] {logging_mixin.py:115} INFO - [2022-09-20T17:32:04.869+0530] {dag.py:2429} INFO - Sync 1 DAGs
[2022-09-20T17:32:04.878+0530] {logging_mixin.py:115} INFO - [2022-09-20T17:32:04.878+0530] {dag.py:2977} INFO - Setting next_dagrun for latest_only_with_trigger to 2022-09-20T08:02:04.878437+00:00, run_after=2022-09-20T12:02:04.878437+00:00
[2022-09-20T17:32:04.888+0530] {processor.py:161} INFO - Processing /home/sayone/This PC/SayOne Technologies/Works/airflow_new/Airflow/venv/lib/python3.8/site-packages/airflow/example_dags/example_latest_only_with_trigger.py took 0.045 seconds
[2022-09-20T17:32:39.287+0530] {processor.py:153} INFO - Started process (PID=32609) to work on /home/sayone/This PC/SayOne Technologies/Works/airflow_new/Airflow/venv/lib/python3.8/site-packages/airflow/example_dags/example_latest_only_with_trigger.py
[2022-09-20T17:32:39.289+0530] {processor.py:640} INFO - Processing file /home/sayone/This PC/SayOne Technologies/Works/airflow_new/Airflow/venv/lib/python3.8/site-packages/airflow/example_dags/example_latest_only_with_trigger.py for tasks to queue
[2022-09-20T17:32:39.291+0530] {logging_mixin.py:115} INFO - [2022-09-20T17:32:39.290+0530] {dagbag.py:508} INFO - Filling up the DagBag from /home/sayone/This PC/SayOne Technologies/Works/airflow_new/Airflow/venv/lib/python3.8/site-packages/airflow/example_dags/example_latest_only_with_trigger.py
[2022-09-20T17:32:39.298+0530] {processor.py:650} INFO - DAG(s) dict_keys(['latest_only_with_trigger']) retrieved from /home/sayone/This PC/SayOne Technologies/Works/airflow_new/Airflow/venv/lib/python3.8/site-packages/airflow/example_dags/example_latest_only_with_trigger.py
[2022-09-20T17:32:39.310+0530] {logging_mixin.py:115} INFO - [2022-09-20T17:32:39.310+0530] {dag.py:2429} INFO - Sync 1 DAGs
[2022-09-20T17:32:39.319+0530] {logging_mixin.py:115} INFO - [2022-09-20T17:32:39.319+0530] {dag.py:2977} INFO - Setting next_dagrun for latest_only_with_trigger to 2022-09-20T08:02:39.319289+00:00, run_after=2022-09-20T12:02:39.319289+00:00
[2022-09-20T17:32:39.329+0530] {processor.py:161} INFO - Processing /home/sayone/This PC/SayOne Technologies/Works/airflow_new/Airflow/venv/lib/python3.8/site-packages/airflow/example_dags/example_latest_only_with_trigger.py took 0.045 seconds
[2022-09-20T17:33:14.673+0530] {processor.py:153} INFO - Started process (PID=32700) to work on /home/sayone/This PC/SayOne Technologies/Works/airflow_new/Airflow/venv/lib/python3.8/site-packages/airflow/example_dags/example_latest_only_with_trigger.py
[2022-09-20T17:33:14.676+0530] {processor.py:640} INFO - Processing file /home/sayone/This PC/SayOne Technologies/Works/airflow_new/Airflow/venv/lib/python3.8/site-packages/airflow/example_dags/example_latest_only_with_trigger.py for tasks to queue
[2022-09-20T17:33:14.676+0530] {logging_mixin.py:115} INFO - [2022-09-20T17:33:14.676+0530] {dagbag.py:508} INFO - Filling up the DagBag from /home/sayone/This PC/SayOne Technologies/Works/airflow_new/Airflow/venv/lib/python3.8/site-packages/airflow/example_dags/example_latest_only_with_trigger.py
[2022-09-20T17:33:14.684+0530] {processor.py:650} INFO - DAG(s) dict_keys(['latest_only_with_trigger']) retrieved from /home/sayone/This PC/SayOne Technologies/Works/airflow_new/Airflow/venv/lib/python3.8/site-packages/airflow/example_dags/example_latest_only_with_trigger.py
[2022-09-20T17:33:14.695+0530] {logging_mixin.py:115} INFO - [2022-09-20T17:33:14.695+0530] {dag.py:2429} INFO - Sync 1 DAGs
[2022-09-20T17:33:14.705+0530] {logging_mixin.py:115} INFO - [2022-09-20T17:33:14.705+0530] {dag.py:2977} INFO - Setting next_dagrun for latest_only_with_trigger to 2022-09-20T08:03:14.705191+00:00, run_after=2022-09-20T12:03:14.705191+00:00
[2022-09-20T17:33:14.714+0530] {processor.py:161} INFO - Processing /home/sayone/This PC/SayOne Technologies/Works/airflow_new/Airflow/venv/lib/python3.8/site-packages/airflow/example_dags/example_latest_only_with_trigger.py took 0.043 seconds
[2022-09-20T17:33:51.284+0530] {processor.py:153} INFO - Started process (PID=32767) to work on /home/sayone/This PC/SayOne Technologies/Works/airflow_new/Airflow/venv/lib/python3.8/site-packages/airflow/example_dags/example_latest_only_with_trigger.py
[2022-09-20T17:33:51.287+0530] {processor.py:640} INFO - Processing file /home/sayone/This PC/SayOne Technologies/Works/airflow_new/Airflow/venv/lib/python3.8/site-packages/airflow/example_dags/example_latest_only_with_trigger.py for tasks to queue
[2022-09-20T17:33:51.288+0530] {logging_mixin.py:115} INFO - [2022-09-20T17:33:51.288+0530] {dagbag.py:508} INFO - Filling up the DagBag from /home/sayone/This PC/SayOne Technologies/Works/airflow_new/Airflow/venv/lib/python3.8/site-packages/airflow/example_dags/example_latest_only_with_trigger.py
[2022-09-20T17:33:51.294+0530] {processor.py:650} INFO - DAG(s) dict_keys(['latest_only_with_trigger']) retrieved from /home/sayone/This PC/SayOne Technologies/Works/airflow_new/Airflow/venv/lib/python3.8/site-packages/airflow/example_dags/example_latest_only_with_trigger.py
[2022-09-20T17:33:51.302+0530] {logging_mixin.py:115} INFO - [2022-09-20T17:33:51.302+0530] {dag.py:2429} INFO - Sync 1 DAGs
[2022-09-20T17:33:51.312+0530] {logging_mixin.py:115} INFO - [2022-09-20T17:33:51.312+0530] {dag.py:2977} INFO - Setting next_dagrun for latest_only_with_trigger to 2022-09-20T08:03:51.311888+00:00, run_after=2022-09-20T12:03:51.311888+00:00
[2022-09-20T17:33:51.322+0530] {processor.py:161} INFO - Processing /home/sayone/This PC/SayOne Technologies/Works/airflow_new/Airflow/venv/lib/python3.8/site-packages/airflow/example_dags/example_latest_only_with_trigger.py took 0.039 seconds
[2022-09-20T17:34:27.842+0530] {processor.py:153} INFO - Started process (PID=32937) to work on /home/sayone/This PC/SayOne Technologies/Works/airflow_new/Airflow/venv/lib/python3.8/site-packages/airflow/example_dags/example_latest_only_with_trigger.py
[2022-09-20T17:34:27.846+0530] {processor.py:640} INFO - Processing file /home/sayone/This PC/SayOne Technologies/Works/airflow_new/Airflow/venv/lib/python3.8/site-packages/airflow/example_dags/example_latest_only_with_trigger.py for tasks to queue
[2022-09-20T17:34:27.847+0530] {logging_mixin.py:115} INFO - [2022-09-20T17:34:27.847+0530] {dagbag.py:508} INFO - Filling up the DagBag from /home/sayone/This PC/SayOne Technologies/Works/airflow_new/Airflow/venv/lib/python3.8/site-packages/airflow/example_dags/example_latest_only_with_trigger.py
[2022-09-20T17:34:27.856+0530] {processor.py:650} INFO - DAG(s) dict_keys(['latest_only_with_trigger']) retrieved from /home/sayone/This PC/SayOne Technologies/Works/airflow_new/Airflow/venv/lib/python3.8/site-packages/airflow/example_dags/example_latest_only_with_trigger.py
[2022-09-20T17:34:27.866+0530] {logging_mixin.py:115} INFO - [2022-09-20T17:34:27.866+0530] {dag.py:2429} INFO - Sync 1 DAGs
[2022-09-20T17:34:27.877+0530] {logging_mixin.py:115} INFO - [2022-09-20T17:34:27.877+0530] {dag.py:2977} INFO - Setting next_dagrun for latest_only_with_trigger to 2022-09-20T08:04:27.877303+00:00, run_after=2022-09-20T12:04:27.877303+00:00
[2022-09-20T17:34:27.888+0530] {processor.py:161} INFO - Processing /home/sayone/This PC/SayOne Technologies/Works/airflow_new/Airflow/venv/lib/python3.8/site-packages/airflow/example_dags/example_latest_only_with_trigger.py took 0.051 seconds
[2022-09-20T17:35:05.559+0530] {processor.py:153} INFO - Started process (PID=33147) to work on /home/sayone/This PC/SayOne Technologies/Works/airflow_new/Airflow/venv/lib/python3.8/site-packages/airflow/example_dags/example_latest_only_with_trigger.py
[2022-09-20T17:35:05.562+0530] {processor.py:640} INFO - Processing file /home/sayone/This PC/SayOne Technologies/Works/airflow_new/Airflow/venv/lib/python3.8/site-packages/airflow/example_dags/example_latest_only_with_trigger.py for tasks to queue
[2022-09-20T17:35:05.563+0530] {logging_mixin.py:115} INFO - [2022-09-20T17:35:05.563+0530] {dagbag.py:508} INFO - Filling up the DagBag from /home/sayone/This PC/SayOne Technologies/Works/airflow_new/Airflow/venv/lib/python3.8/site-packages/airflow/example_dags/example_latest_only_with_trigger.py
[2022-09-20T17:35:05.568+0530] {processor.py:650} INFO - DAG(s) dict_keys(['latest_only_with_trigger']) retrieved from /home/sayone/This PC/SayOne Technologies/Works/airflow_new/Airflow/venv/lib/python3.8/site-packages/airflow/example_dags/example_latest_only_with_trigger.py
[2022-09-20T17:35:05.577+0530] {logging_mixin.py:115} INFO - [2022-09-20T17:35:05.577+0530] {dag.py:2429} INFO - Sync 1 DAGs
[2022-09-20T17:35:05.587+0530] {logging_mixin.py:115} INFO - [2022-09-20T17:35:05.587+0530] {dag.py:2977} INFO - Setting next_dagrun for latest_only_with_trigger to 2022-09-20T08:05:05.587274+00:00, run_after=2022-09-20T12:05:05.587274+00:00
[2022-09-20T17:35:05.596+0530] {processor.py:161} INFO - Processing /home/sayone/This PC/SayOne Technologies/Works/airflow_new/Airflow/venv/lib/python3.8/site-packages/airflow/example_dags/example_latest_only_with_trigger.py took 0.039 seconds
[2022-09-20T17:35:39.340+0530] {processor.py:153} INFO - Started process (PID=33204) to work on /home/sayone/This PC/SayOne Technologies/Works/airflow_new/Airflow/venv/lib/python3.8/site-packages/airflow/example_dags/example_latest_only_with_trigger.py
[2022-09-20T17:35:39.343+0530] {processor.py:640} INFO - Processing file /home/sayone/This PC/SayOne Technologies/Works/airflow_new/Airflow/venv/lib/python3.8/site-packages/airflow/example_dags/example_latest_only_with_trigger.py for tasks to queue
[2022-09-20T17:35:39.344+0530] {logging_mixin.py:115} INFO - [2022-09-20T17:35:39.343+0530] {dagbag.py:508} INFO - Filling up the DagBag from /home/sayone/This PC/SayOne Technologies/Works/airflow_new/Airflow/venv/lib/python3.8/site-packages/airflow/example_dags/example_latest_only_with_trigger.py
[2022-09-20T17:35:39.351+0530] {processor.py:650} INFO - DAG(s) dict_keys(['latest_only_with_trigger']) retrieved from /home/sayone/This PC/SayOne Technologies/Works/airflow_new/Airflow/venv/lib/python3.8/site-packages/airflow/example_dags/example_latest_only_with_trigger.py
[2022-09-20T17:35:39.360+0530] {logging_mixin.py:115} INFO - [2022-09-20T17:35:39.360+0530] {dag.py:2429} INFO - Sync 1 DAGs
[2022-09-20T17:35:39.370+0530] {logging_mixin.py:115} INFO - [2022-09-20T17:35:39.370+0530] {dag.py:2977} INFO - Setting next_dagrun for latest_only_with_trigger to 2022-09-20T08:05:39.370672+00:00, run_after=2022-09-20T12:05:39.370672+00:00
[2022-09-20T17:35:39.381+0530] {processor.py:161} INFO - Processing /home/sayone/This PC/SayOne Technologies/Works/airflow_new/Airflow/venv/lib/python3.8/site-packages/airflow/example_dags/example_latest_only_with_trigger.py took 0.042 seconds
[2022-09-20T17:36:18.152+0530] {processor.py:153} INFO - Started process (PID=33359) to work on /home/sayone/This PC/SayOne Technologies/Works/airflow_new/Airflow/venv/lib/python3.8/site-packages/airflow/example_dags/example_latest_only_with_trigger.py
[2022-09-20T17:36:18.155+0530] {processor.py:640} INFO - Processing file /home/sayone/This PC/SayOne Technologies/Works/airflow_new/Airflow/venv/lib/python3.8/site-packages/airflow/example_dags/example_latest_only_with_trigger.py for tasks to queue
[2022-09-20T17:36:18.156+0530] {logging_mixin.py:115} INFO - [2022-09-20T17:36:18.156+0530] {dagbag.py:508} INFO - Filling up the DagBag from /home/sayone/This PC/SayOne Technologies/Works/airflow_new/Airflow/venv/lib/python3.8/site-packages/airflow/example_dags/example_latest_only_with_trigger.py
[2022-09-20T17:36:18.164+0530] {processor.py:650} INFO - DAG(s) dict_keys(['latest_only_with_trigger']) retrieved from /home/sayone/This PC/SayOne Technologies/Works/airflow_new/Airflow/venv/lib/python3.8/site-packages/airflow/example_dags/example_latest_only_with_trigger.py
[2022-09-20T17:36:18.174+0530] {logging_mixin.py:115} INFO - [2022-09-20T17:36:18.174+0530] {dag.py:2429} INFO - Sync 1 DAGs
[2022-09-20T17:36:18.184+0530] {logging_mixin.py:115} INFO - [2022-09-20T17:36:18.184+0530] {dag.py:2977} INFO - Setting next_dagrun for latest_only_with_trigger to 2022-09-20T08:06:18.184004+00:00, run_after=2022-09-20T12:06:18.184004+00:00
[2022-09-20T17:36:18.193+0530] {processor.py:161} INFO - Processing /home/sayone/This PC/SayOne Technologies/Works/airflow_new/Airflow/venv/lib/python3.8/site-packages/airflow/example_dags/example_latest_only_with_trigger.py took 0.045 seconds
[2022-09-20T17:36:53.627+0530] {processor.py:153} INFO - Started process (PID=33425) to work on /home/sayone/This PC/SayOne Technologies/Works/airflow_new/Airflow/venv/lib/python3.8/site-packages/airflow/example_dags/example_latest_only_with_trigger.py
[2022-09-20T17:36:53.630+0530] {processor.py:640} INFO - Processing file /home/sayone/This PC/SayOne Technologies/Works/airflow_new/Airflow/venv/lib/python3.8/site-packages/airflow/example_dags/example_latest_only_with_trigger.py for tasks to queue
[2022-09-20T17:36:53.631+0530] {logging_mixin.py:115} INFO - [2022-09-20T17:36:53.631+0530] {dagbag.py:508} INFO - Filling up the DagBag from /home/sayone/This PC/SayOne Technologies/Works/airflow_new/Airflow/venv/lib/python3.8/site-packages/airflow/example_dags/example_latest_only_with_trigger.py
[2022-09-20T17:36:53.638+0530] {processor.py:650} INFO - DAG(s) dict_keys(['latest_only_with_trigger']) retrieved from /home/sayone/This PC/SayOne Technologies/Works/airflow_new/Airflow/venv/lib/python3.8/site-packages/airflow/example_dags/example_latest_only_with_trigger.py
[2022-09-20T17:36:53.648+0530] {logging_mixin.py:115} INFO - [2022-09-20T17:36:53.648+0530] {dag.py:2429} INFO - Sync 1 DAGs
[2022-09-20T17:36:53.657+0530] {logging_mixin.py:115} INFO - [2022-09-20T17:36:53.657+0530] {dag.py:2977} INFO - Setting next_dagrun for latest_only_with_trigger to 2022-09-20T08:06:53.657725+00:00, run_after=2022-09-20T12:06:53.657725+00:00
[2022-09-20T17:36:53.668+0530] {processor.py:161} INFO - Processing /home/sayone/This PC/SayOne Technologies/Works/airflow_new/Airflow/venv/lib/python3.8/site-packages/airflow/example_dags/example_latest_only_with_trigger.py took 0.045 seconds
[2022-09-20T17:37:30.157+0530] {processor.py:153} INFO - Started process (PID=33697) to work on /home/sayone/This PC/SayOne Technologies/Works/airflow_new/Airflow/venv/lib/python3.8/site-packages/airflow/example_dags/example_latest_only_with_trigger.py
[2022-09-20T17:37:30.160+0530] {processor.py:640} INFO - Processing file /home/sayone/This PC/SayOne Technologies/Works/airflow_new/Airflow/venv/lib/python3.8/site-packages/airflow/example_dags/example_latest_only_with_trigger.py for tasks to queue
[2022-09-20T17:37:30.161+0530] {logging_mixin.py:115} INFO - [2022-09-20T17:37:30.161+0530] {dagbag.py:508} INFO - Filling up the DagBag from /home/sayone/This PC/SayOne Technologies/Works/airflow_new/Airflow/venv/lib/python3.8/site-packages/airflow/example_dags/example_latest_only_with_trigger.py
[2022-09-20T17:37:30.165+0530] {processor.py:650} INFO - DAG(s) dict_keys(['latest_only_with_trigger']) retrieved from /home/sayone/This PC/SayOne Technologies/Works/airflow_new/Airflow/venv/lib/python3.8/site-packages/airflow/example_dags/example_latest_only_with_trigger.py
[2022-09-20T17:37:30.179+0530] {logging_mixin.py:115} INFO - [2022-09-20T17:37:30.178+0530] {dag.py:2429} INFO - Sync 1 DAGs
[2022-09-20T17:37:30.190+0530] {logging_mixin.py:115} INFO - [2022-09-20T17:37:30.190+0530] {dag.py:2977} INFO - Setting next_dagrun for latest_only_with_trigger to 2022-09-20T08:07:30.190031+00:00, run_after=2022-09-20T12:07:30.190031+00:00
[2022-09-20T17:37:30.201+0530] {processor.py:161} INFO - Processing /home/sayone/This PC/SayOne Technologies/Works/airflow_new/Airflow/venv/lib/python3.8/site-packages/airflow/example_dags/example_latest_only_with_trigger.py took 0.049 seconds
[2022-09-20T17:38:17.321+0530] {processor.py:153} INFO - Started process (PID=33840) to work on /home/sayone/This PC/SayOne Technologies/Works/airflow_new/Airflow/venv/lib/python3.8/site-packages/airflow/example_dags/example_latest_only_with_trigger.py
[2022-09-20T17:38:17.324+0530] {processor.py:640} INFO - Processing file /home/sayone/This PC/SayOne Technologies/Works/airflow_new/Airflow/venv/lib/python3.8/site-packages/airflow/example_dags/example_latest_only_with_trigger.py for tasks to queue
[2022-09-20T17:38:17.325+0530] {logging_mixin.py:115} INFO - [2022-09-20T17:38:17.324+0530] {dagbag.py:508} INFO - Filling up the DagBag from /home/sayone/This PC/SayOne Technologies/Works/airflow_new/Airflow/venv/lib/python3.8/site-packages/airflow/example_dags/example_latest_only_with_trigger.py
[2022-09-20T17:38:17.333+0530] {processor.py:650} INFO - DAG(s) dict_keys(['latest_only_with_trigger']) retrieved from /home/sayone/This PC/SayOne Technologies/Works/airflow_new/Airflow/venv/lib/python3.8/site-packages/airflow/example_dags/example_latest_only_with_trigger.py
[2022-09-20T17:38:17.344+0530] {logging_mixin.py:115} INFO - [2022-09-20T17:38:17.344+0530] {dag.py:2429} INFO - Sync 1 DAGs
[2022-09-20T17:38:17.353+0530] {logging_mixin.py:115} INFO - [2022-09-20T17:38:17.353+0530] {dag.py:2977} INFO - Setting next_dagrun for latest_only_with_trigger to 2022-09-20T08:08:17.353458+00:00, run_after=2022-09-20T12:08:17.353458+00:00
[2022-09-20T17:38:17.361+0530] {processor.py:161} INFO - Processing /home/sayone/This PC/SayOne Technologies/Works/airflow_new/Airflow/venv/lib/python3.8/site-packages/airflow/example_dags/example_latest_only_with_trigger.py took 0.044 seconds
[2022-09-20T17:38:55.058+0530] {processor.py:153} INFO - Started process (PID=33944) to work on /home/sayone/This PC/SayOne Technologies/Works/airflow_new/Airflow/venv/lib/python3.8/site-packages/airflow/example_dags/example_latest_only_with_trigger.py
[2022-09-20T17:38:55.061+0530] {processor.py:640} INFO - Processing file /home/sayone/This PC/SayOne Technologies/Works/airflow_new/Airflow/venv/lib/python3.8/site-packages/airflow/example_dags/example_latest_only_with_trigger.py for tasks to queue
[2022-09-20T17:38:55.062+0530] {logging_mixin.py:115} INFO - [2022-09-20T17:38:55.061+0530] {dagbag.py:508} INFO - Filling up the DagBag from /home/sayone/This PC/SayOne Technologies/Works/airflow_new/Airflow/venv/lib/python3.8/site-packages/airflow/example_dags/example_latest_only_with_trigger.py
[2022-09-20T17:38:55.069+0530] {processor.py:650} INFO - DAG(s) dict_keys(['latest_only_with_trigger']) retrieved from /home/sayone/This PC/SayOne Technologies/Works/airflow_new/Airflow/venv/lib/python3.8/site-packages/airflow/example_dags/example_latest_only_with_trigger.py
[2022-09-20T17:38:55.080+0530] {logging_mixin.py:115} INFO - [2022-09-20T17:38:55.080+0530] {dag.py:2429} INFO - Sync 1 DAGs
[2022-09-20T17:38:55.089+0530] {logging_mixin.py:115} INFO - [2022-09-20T17:38:55.089+0530] {dag.py:2977} INFO - Setting next_dagrun for latest_only_with_trigger to 2022-09-20T08:08:55.089341+00:00, run_after=2022-09-20T12:08:55.089341+00:00
[2022-09-20T17:38:55.097+0530] {processor.py:161} INFO - Processing /home/sayone/This PC/SayOne Technologies/Works/airflow_new/Airflow/venv/lib/python3.8/site-packages/airflow/example_dags/example_latest_only_with_trigger.py took 0.044 seconds
[2022-09-20T17:39:28.057+0530] {processor.py:153} INFO - Started process (PID=34030) to work on /home/sayone/This PC/SayOne Technologies/Works/airflow_new/Airflow/venv/lib/python3.8/site-packages/airflow/example_dags/example_latest_only_with_trigger.py
[2022-09-20T17:39:28.060+0530] {processor.py:640} INFO - Processing file /home/sayone/This PC/SayOne Technologies/Works/airflow_new/Airflow/venv/lib/python3.8/site-packages/airflow/example_dags/example_latest_only_with_trigger.py for tasks to queue
[2022-09-20T17:39:28.061+0530] {logging_mixin.py:115} INFO - [2022-09-20T17:39:28.061+0530] {dagbag.py:508} INFO - Filling up the DagBag from /home/sayone/This PC/SayOne Technologies/Works/airflow_new/Airflow/venv/lib/python3.8/site-packages/airflow/example_dags/example_latest_only_with_trigger.py
[2022-09-20T17:39:28.068+0530] {processor.py:650} INFO - DAG(s) dict_keys(['latest_only_with_trigger']) retrieved from /home/sayone/This PC/SayOne Technologies/Works/airflow_new/Airflow/venv/lib/python3.8/site-packages/airflow/example_dags/example_latest_only_with_trigger.py
[2022-09-20T17:39:28.079+0530] {logging_mixin.py:115} INFO - [2022-09-20T17:39:28.079+0530] {dag.py:2429} INFO - Sync 1 DAGs
[2022-09-20T17:39:28.089+0530] {logging_mixin.py:115} INFO - [2022-09-20T17:39:28.089+0530] {dag.py:2977} INFO - Setting next_dagrun for latest_only_with_trigger to 2022-09-20T08:09:28.088992+00:00, run_after=2022-09-20T12:09:28.088992+00:00
[2022-09-20T17:39:28.098+0530] {processor.py:161} INFO - Processing /home/sayone/This PC/SayOne Technologies/Works/airflow_new/Airflow/venv/lib/python3.8/site-packages/airflow/example_dags/example_latest_only_with_trigger.py took 0.046 seconds
[2022-09-20T17:40:05.383+0530] {processor.py:153} INFO - Started process (PID=34186) to work on /home/sayone/This PC/SayOne Technologies/Works/airflow_new/Airflow/venv/lib/python3.8/site-packages/airflow/example_dags/example_latest_only_with_trigger.py
[2022-09-20T17:40:05.385+0530] {processor.py:640} INFO - Processing file /home/sayone/This PC/SayOne Technologies/Works/airflow_new/Airflow/venv/lib/python3.8/site-packages/airflow/example_dags/example_latest_only_with_trigger.py for tasks to queue
[2022-09-20T17:40:05.386+0530] {logging_mixin.py:115} INFO - [2022-09-20T17:40:05.386+0530] {dagbag.py:508} INFO - Filling up the DagBag from /home/sayone/This PC/SayOne Technologies/Works/airflow_new/Airflow/venv/lib/python3.8/site-packages/airflow/example_dags/example_latest_only_with_trigger.py
[2022-09-20T17:40:05.393+0530] {processor.py:650} INFO - DAG(s) dict_keys(['latest_only_with_trigger']) retrieved from /home/sayone/This PC/SayOne Technologies/Works/airflow_new/Airflow/venv/lib/python3.8/site-packages/airflow/example_dags/example_latest_only_with_trigger.py
[2022-09-20T17:40:05.404+0530] {logging_mixin.py:115} INFO - [2022-09-20T17:40:05.404+0530] {dag.py:2429} INFO - Sync 1 DAGs
[2022-09-20T17:40:05.413+0530] {logging_mixin.py:115} INFO - [2022-09-20T17:40:05.413+0530] {dag.py:2977} INFO - Setting next_dagrun for latest_only_with_trigger to 2022-09-20T08:10:05.413472+00:00, run_after=2022-09-20T12:10:05.413472+00:00
[2022-09-20T17:40:05.421+0530] {processor.py:161} INFO - Processing /home/sayone/This PC/SayOne Technologies/Works/airflow_new/Airflow/venv/lib/python3.8/site-packages/airflow/example_dags/example_latest_only_with_trigger.py took 0.040 seconds
[2022-09-20T17:40:40.450+0530] {processor.py:153} INFO - Started process (PID=34293) to work on /home/sayone/This PC/SayOne Technologies/Works/airflow_new/Airflow/venv/lib/python3.8/site-packages/airflow/example_dags/example_latest_only_with_trigger.py
[2022-09-20T17:40:40.453+0530] {processor.py:640} INFO - Processing file /home/sayone/This PC/SayOne Technologies/Works/airflow_new/Airflow/venv/lib/python3.8/site-packages/airflow/example_dags/example_latest_only_with_trigger.py for tasks to queue
[2022-09-20T17:40:40.453+0530] {logging_mixin.py:115} INFO - [2022-09-20T17:40:40.453+0530] {dagbag.py:508} INFO - Filling up the DagBag from /home/sayone/This PC/SayOne Technologies/Works/airflow_new/Airflow/venv/lib/python3.8/site-packages/airflow/example_dags/example_latest_only_with_trigger.py
[2022-09-20T17:40:40.461+0530] {processor.py:650} INFO - DAG(s) dict_keys(['latest_only_with_trigger']) retrieved from /home/sayone/This PC/SayOne Technologies/Works/airflow_new/Airflow/venv/lib/python3.8/site-packages/airflow/example_dags/example_latest_only_with_trigger.py
[2022-09-20T17:40:40.472+0530] {logging_mixin.py:115} INFO - [2022-09-20T17:40:40.472+0530] {dag.py:2429} INFO - Sync 1 DAGs
[2022-09-20T17:40:40.481+0530] {logging_mixin.py:115} INFO - [2022-09-20T17:40:40.481+0530] {dag.py:2977} INFO - Setting next_dagrun for latest_only_with_trigger to 2022-09-20T08:10:40.481691+00:00, run_after=2022-09-20T12:10:40.481691+00:00
[2022-09-20T17:40:40.490+0530] {processor.py:161} INFO - Processing /home/sayone/This PC/SayOne Technologies/Works/airflow_new/Airflow/venv/lib/python3.8/site-packages/airflow/example_dags/example_latest_only_with_trigger.py took 0.041 seconds
[2022-09-20T17:41:17.936+0530] {processor.py:153} INFO - Started process (PID=34410) to work on /home/sayone/This PC/SayOne Technologies/Works/airflow_new/Airflow/venv/lib/python3.8/site-packages/airflow/example_dags/example_latest_only_with_trigger.py
[2022-09-20T17:41:17.939+0530] {processor.py:640} INFO - Processing file /home/sayone/This PC/SayOne Technologies/Works/airflow_new/Airflow/venv/lib/python3.8/site-packages/airflow/example_dags/example_latest_only_with_trigger.py for tasks to queue
[2022-09-20T17:41:17.939+0530] {logging_mixin.py:115} INFO - [2022-09-20T17:41:17.939+0530] {dagbag.py:508} INFO - Filling up the DagBag from /home/sayone/This PC/SayOne Technologies/Works/airflow_new/Airflow/venv/lib/python3.8/site-packages/airflow/example_dags/example_latest_only_with_trigger.py
[2022-09-20T17:41:17.942+0530] {processor.py:650} INFO - DAG(s) dict_keys(['latest_only_with_trigger']) retrieved from /home/sayone/This PC/SayOne Technologies/Works/airflow_new/Airflow/venv/lib/python3.8/site-packages/airflow/example_dags/example_latest_only_with_trigger.py
[2022-09-20T17:41:17.953+0530] {logging_mixin.py:115} INFO - [2022-09-20T17:41:17.953+0530] {dag.py:2429} INFO - Sync 1 DAGs
[2022-09-20T17:41:17.966+0530] {logging_mixin.py:115} INFO - [2022-09-20T17:41:17.966+0530] {dag.py:2977} INFO - Setting next_dagrun for latest_only_with_trigger to 2022-09-20T08:11:17.965845+00:00, run_after=2022-09-20T12:11:17.965845+00:00
[2022-09-20T17:41:17.974+0530] {processor.py:161} INFO - Processing /home/sayone/This PC/SayOne Technologies/Works/airflow_new/Airflow/venv/lib/python3.8/site-packages/airflow/example_dags/example_latest_only_with_trigger.py took 0.039 seconds
[2022-09-20T17:42:13.646+0530] {processor.py:153} INFO - Started process (PID=34563) to work on /home/sayone/This PC/SayOne Technologies/Works/airflow_new/Airflow/venv/lib/python3.8/site-packages/airflow/example_dags/example_latest_only_with_trigger.py
[2022-09-20T17:42:13.649+0530] {processor.py:640} INFO - Processing file /home/sayone/This PC/SayOne Technologies/Works/airflow_new/Airflow/venv/lib/python3.8/site-packages/airflow/example_dags/example_latest_only_with_trigger.py for tasks to queue
[2022-09-20T17:42:13.650+0530] {logging_mixin.py:115} INFO - [2022-09-20T17:42:13.650+0530] {dagbag.py:508} INFO - Filling up the DagBag from /home/sayone/This PC/SayOne Technologies/Works/airflow_new/Airflow/venv/lib/python3.8/site-packages/airflow/example_dags/example_latest_only_with_trigger.py
[2022-09-20T17:42:13.658+0530] {processor.py:650} INFO - DAG(s) dict_keys(['latest_only_with_trigger']) retrieved from /home/sayone/This PC/SayOne Technologies/Works/airflow_new/Airflow/venv/lib/python3.8/site-packages/airflow/example_dags/example_latest_only_with_trigger.py
[2022-09-20T17:42:13.670+0530] {logging_mixin.py:115} INFO - [2022-09-20T17:42:13.670+0530] {dag.py:2429} INFO - Sync 1 DAGs
[2022-09-20T17:42:13.679+0530] {logging_mixin.py:115} INFO - [2022-09-20T17:42:13.679+0530] {dag.py:2977} INFO - Setting next_dagrun for latest_only_with_trigger to 2022-09-20T08:12:13.679571+00:00, run_after=2022-09-20T12:12:13.679571+00:00
[2022-09-20T17:42:13.688+0530] {processor.py:161} INFO - Processing /home/sayone/This PC/SayOne Technologies/Works/airflow_new/Airflow/venv/lib/python3.8/site-packages/airflow/example_dags/example_latest_only_with_trigger.py took 0.043 seconds
[2022-09-20T17:45:45.858+0530] {processor.py:153} INFO - Started process (PID=34959) to work on /home/sayone/This PC/SayOne Technologies/Works/airflow_new/Airflow/venv/lib/python3.8/site-packages/airflow/example_dags/example_latest_only_with_trigger.py
[2022-09-20T17:45:45.861+0530] {processor.py:640} INFO - Processing file /home/sayone/This PC/SayOne Technologies/Works/airflow_new/Airflow/venv/lib/python3.8/site-packages/airflow/example_dags/example_latest_only_with_trigger.py for tasks to queue
[2022-09-20T17:45:45.861+0530] {logging_mixin.py:115} INFO - [2022-09-20T17:45:45.861+0530] {dagbag.py:508} INFO - Filling up the DagBag from /home/sayone/This PC/SayOne Technologies/Works/airflow_new/Airflow/venv/lib/python3.8/site-packages/airflow/example_dags/example_latest_only_with_trigger.py
[2022-09-20T17:45:45.864+0530] {processor.py:650} INFO - DAG(s) dict_keys(['latest_only_with_trigger']) retrieved from /home/sayone/This PC/SayOne Technologies/Works/airflow_new/Airflow/venv/lib/python3.8/site-packages/airflow/example_dags/example_latest_only_with_trigger.py
[2022-09-20T17:45:45.874+0530] {logging_mixin.py:115} INFO - [2022-09-20T17:45:45.874+0530] {dag.py:2429} INFO - Sync 1 DAGs
[2022-09-20T17:45:45.887+0530] {logging_mixin.py:115} INFO - [2022-09-20T17:45:45.887+0530] {dag.py:2977} INFO - Setting next_dagrun for latest_only_with_trigger to 2022-09-20T08:15:45.887515+00:00, run_after=2022-09-20T12:15:45.887515+00:00
[2022-09-20T17:45:45.896+0530] {processor.py:161} INFO - Processing /home/sayone/This PC/SayOne Technologies/Works/airflow_new/Airflow/venv/lib/python3.8/site-packages/airflow/example_dags/example_latest_only_with_trigger.py took 0.040 seconds
[2022-09-20T17:46:40.462+0530] {processor.py:153} INFO - Started process (PID=35089) to work on /home/sayone/This PC/SayOne Technologies/Works/airflow_new/Airflow/venv/lib/python3.8/site-packages/airflow/example_dags/example_latest_only_with_trigger.py
[2022-09-20T17:46:40.464+0530] {processor.py:640} INFO - Processing file /home/sayone/This PC/SayOne Technologies/Works/airflow_new/Airflow/venv/lib/python3.8/site-packages/airflow/example_dags/example_latest_only_with_trigger.py for tasks to queue
[2022-09-20T17:46:40.465+0530] {logging_mixin.py:115} INFO - [2022-09-20T17:46:40.465+0530] {dagbag.py:508} INFO - Filling up the DagBag from /home/sayone/This PC/SayOne Technologies/Works/airflow_new/Airflow/venv/lib/python3.8/site-packages/airflow/example_dags/example_latest_only_with_trigger.py
[2022-09-20T17:46:40.468+0530] {processor.py:650} INFO - DAG(s) dict_keys(['latest_only_with_trigger']) retrieved from /home/sayone/This PC/SayOne Technologies/Works/airflow_new/Airflow/venv/lib/python3.8/site-packages/airflow/example_dags/example_latest_only_with_trigger.py
[2022-09-20T17:46:40.478+0530] {logging_mixin.py:115} INFO - [2022-09-20T17:46:40.478+0530] {dag.py:2429} INFO - Sync 1 DAGs
[2022-09-20T17:46:40.488+0530] {logging_mixin.py:115} INFO - [2022-09-20T17:46:40.488+0530] {dag.py:2977} INFO - Setting next_dagrun for latest_only_with_trigger to 2022-09-20T08:16:40.488290+00:00, run_after=2022-09-20T12:16:40.488290+00:00
[2022-09-20T17:46:40.497+0530] {processor.py:161} INFO - Processing /home/sayone/This PC/SayOne Technologies/Works/airflow_new/Airflow/venv/lib/python3.8/site-packages/airflow/example_dags/example_latest_only_with_trigger.py took 0.036 seconds
[2022-09-20T17:47:16.568+0530] {processor.py:153} INFO - Started process (PID=35323) to work on /home/sayone/This PC/SayOne Technologies/Works/airflow_new/Airflow/venv/lib/python3.8/site-packages/airflow/example_dags/example_latest_only_with_trigger.py
[2022-09-20T17:47:16.570+0530] {processor.py:640} INFO - Processing file /home/sayone/This PC/SayOne Technologies/Works/airflow_new/Airflow/venv/lib/python3.8/site-packages/airflow/example_dags/example_latest_only_with_trigger.py for tasks to queue
[2022-09-20T17:47:16.571+0530] {logging_mixin.py:115} INFO - [2022-09-20T17:47:16.570+0530] {dagbag.py:508} INFO - Filling up the DagBag from /home/sayone/This PC/SayOne Technologies/Works/airflow_new/Airflow/venv/lib/python3.8/site-packages/airflow/example_dags/example_latest_only_with_trigger.py
[2022-09-20T17:47:16.576+0530] {processor.py:650} INFO - DAG(s) dict_keys(['latest_only_with_trigger']) retrieved from /home/sayone/This PC/SayOne Technologies/Works/airflow_new/Airflow/venv/lib/python3.8/site-packages/airflow/example_dags/example_latest_only_with_trigger.py
[2022-09-20T17:47:16.586+0530] {logging_mixin.py:115} INFO - [2022-09-20T17:47:16.586+0530] {dag.py:2429} INFO - Sync 1 DAGs
[2022-09-20T17:47:16.597+0530] {logging_mixin.py:115} INFO - [2022-09-20T17:47:16.597+0530] {dag.py:2977} INFO - Setting next_dagrun for latest_only_with_trigger to 2022-09-20T08:17:16.597171+00:00, run_after=2022-09-20T12:17:16.597171+00:00
[2022-09-20T17:47:16.606+0530] {processor.py:161} INFO - Processing /home/sayone/This PC/SayOne Technologies/Works/airflow_new/Airflow/venv/lib/python3.8/site-packages/airflow/example_dags/example_latest_only_with_trigger.py took 0.042 seconds
[2022-09-20T17:47:53.737+0530] {processor.py:153} INFO - Started process (PID=35428) to work on /home/sayone/This PC/SayOne Technologies/Works/airflow_new/Airflow/venv/lib/python3.8/site-packages/airflow/example_dags/example_latest_only_with_trigger.py
[2022-09-20T17:47:53.740+0530] {processor.py:640} INFO - Processing file /home/sayone/This PC/SayOne Technologies/Works/airflow_new/Airflow/venv/lib/python3.8/site-packages/airflow/example_dags/example_latest_only_with_trigger.py for tasks to queue
[2022-09-20T17:47:53.741+0530] {logging_mixin.py:115} INFO - [2022-09-20T17:47:53.740+0530] {dagbag.py:508} INFO - Filling up the DagBag from /home/sayone/This PC/SayOne Technologies/Works/airflow_new/Airflow/venv/lib/python3.8/site-packages/airflow/example_dags/example_latest_only_with_trigger.py
[2022-09-20T17:47:53.748+0530] {processor.py:650} INFO - DAG(s) dict_keys(['latest_only_with_trigger']) retrieved from /home/sayone/This PC/SayOne Technologies/Works/airflow_new/Airflow/venv/lib/python3.8/site-packages/airflow/example_dags/example_latest_only_with_trigger.py
[2022-09-20T17:47:53.758+0530] {logging_mixin.py:115} INFO - [2022-09-20T17:47:53.758+0530] {dag.py:2429} INFO - Sync 1 DAGs
[2022-09-20T17:47:53.768+0530] {logging_mixin.py:115} INFO - [2022-09-20T17:47:53.768+0530] {dag.py:2977} INFO - Setting next_dagrun for latest_only_with_trigger to 2022-09-20T08:17:53.768502+00:00, run_after=2022-09-20T12:17:53.768502+00:00
[2022-09-20T17:47:53.777+0530] {processor.py:161} INFO - Processing /home/sayone/This PC/SayOne Technologies/Works/airflow_new/Airflow/venv/lib/python3.8/site-packages/airflow/example_dags/example_latest_only_with_trigger.py took 0.045 seconds
[2022-09-20T17:48:30.591+0530] {processor.py:153} INFO - Started process (PID=35526) to work on /home/sayone/This PC/SayOne Technologies/Works/airflow_new/Airflow/venv/lib/python3.8/site-packages/airflow/example_dags/example_latest_only_with_trigger.py
[2022-09-20T17:48:30.595+0530] {processor.py:640} INFO - Processing file /home/sayone/This PC/SayOne Technologies/Works/airflow_new/Airflow/venv/lib/python3.8/site-packages/airflow/example_dags/example_latest_only_with_trigger.py for tasks to queue
[2022-09-20T17:48:30.596+0530] {logging_mixin.py:115} INFO - [2022-09-20T17:48:30.595+0530] {dagbag.py:508} INFO - Filling up the DagBag from /home/sayone/This PC/SayOne Technologies/Works/airflow_new/Airflow/venv/lib/python3.8/site-packages/airflow/example_dags/example_latest_only_with_trigger.py
[2022-09-20T17:48:30.605+0530] {processor.py:650} INFO - DAG(s) dict_keys(['latest_only_with_trigger']) retrieved from /home/sayone/This PC/SayOne Technologies/Works/airflow_new/Airflow/venv/lib/python3.8/site-packages/airflow/example_dags/example_latest_only_with_trigger.py
[2022-09-20T17:48:30.618+0530] {logging_mixin.py:115} INFO - [2022-09-20T17:48:30.618+0530] {dag.py:2429} INFO - Sync 1 DAGs
[2022-09-20T17:48:30.630+0530] {logging_mixin.py:115} INFO - [2022-09-20T17:48:30.630+0530] {dag.py:2977} INFO - Setting next_dagrun for latest_only_with_trigger to 2022-09-20T08:18:30.630185+00:00, run_after=2022-09-20T12:18:30.630185+00:00
[2022-09-20T17:48:30.640+0530] {processor.py:161} INFO - Processing /home/sayone/This PC/SayOne Technologies/Works/airflow_new/Airflow/venv/lib/python3.8/site-packages/airflow/example_dags/example_latest_only_with_trigger.py took 0.053 seconds
[2022-09-20T17:49:08.806+0530] {processor.py:153} INFO - Started process (PID=35656) to work on /home/sayone/This PC/SayOne Technologies/Works/airflow_new/Airflow/venv/lib/python3.8/site-packages/airflow/example_dags/example_latest_only_with_trigger.py
[2022-09-20T17:49:08.807+0530] {processor.py:640} INFO - Processing file /home/sayone/This PC/SayOne Technologies/Works/airflow_new/Airflow/venv/lib/python3.8/site-packages/airflow/example_dags/example_latest_only_with_trigger.py for tasks to queue
[2022-09-20T17:49:08.807+0530] {logging_mixin.py:115} INFO - [2022-09-20T17:49:08.807+0530] {dagbag.py:508} INFO - Filling up the DagBag from /home/sayone/This PC/SayOne Technologies/Works/airflow_new/Airflow/venv/lib/python3.8/site-packages/airflow/example_dags/example_latest_only_with_trigger.py
[2022-09-20T17:49:08.811+0530] {processor.py:650} INFO - DAG(s) dict_keys(['latest_only_with_trigger']) retrieved from /home/sayone/This PC/SayOne Technologies/Works/airflow_new/Airflow/venv/lib/python3.8/site-packages/airflow/example_dags/example_latest_only_with_trigger.py
[2022-09-20T17:49:08.823+0530] {logging_mixin.py:115} INFO - [2022-09-20T17:49:08.823+0530] {dag.py:2429} INFO - Sync 1 DAGs
[2022-09-20T17:49:08.835+0530] {logging_mixin.py:115} INFO - [2022-09-20T17:49:08.835+0530] {dag.py:2977} INFO - Setting next_dagrun for latest_only_with_trigger to 2022-09-20T08:19:08.835180+00:00, run_after=2022-09-20T12:19:08.835180+00:00
[2022-09-20T17:49:08.847+0530] {processor.py:161} INFO - Processing /home/sayone/This PC/SayOne Technologies/Works/airflow_new/Airflow/venv/lib/python3.8/site-packages/airflow/example_dags/example_latest_only_with_trigger.py took 0.043 seconds
[2022-09-20T17:49:44.824+0530] {processor.py:153} INFO - Started process (PID=35726) to work on /home/sayone/This PC/SayOne Technologies/Works/airflow_new/Airflow/venv/lib/python3.8/site-packages/airflow/example_dags/example_latest_only_with_trigger.py
[2022-09-20T17:49:44.827+0530] {processor.py:640} INFO - Processing file /home/sayone/This PC/SayOne Technologies/Works/airflow_new/Airflow/venv/lib/python3.8/site-packages/airflow/example_dags/example_latest_only_with_trigger.py for tasks to queue
[2022-09-20T17:49:44.828+0530] {logging_mixin.py:115} INFO - [2022-09-20T17:49:44.828+0530] {dagbag.py:508} INFO - Filling up the DagBag from /home/sayone/This PC/SayOne Technologies/Works/airflow_new/Airflow/venv/lib/python3.8/site-packages/airflow/example_dags/example_latest_only_with_trigger.py
[2022-09-20T17:49:44.836+0530] {processor.py:650} INFO - DAG(s) dict_keys(['latest_only_with_trigger']) retrieved from /home/sayone/This PC/SayOne Technologies/Works/airflow_new/Airflow/venv/lib/python3.8/site-packages/airflow/example_dags/example_latest_only_with_trigger.py
[2022-09-20T17:49:44.847+0530] {logging_mixin.py:115} INFO - [2022-09-20T17:49:44.847+0530] {dag.py:2429} INFO - Sync 1 DAGs
[2022-09-20T17:49:44.857+0530] {logging_mixin.py:115} INFO - [2022-09-20T17:49:44.857+0530] {dag.py:2977} INFO - Setting next_dagrun for latest_only_with_trigger to 2022-09-20T08:19:44.857329+00:00, run_after=2022-09-20T12:19:44.857329+00:00
[2022-09-20T17:49:44.867+0530] {processor.py:161} INFO - Processing /home/sayone/This PC/SayOne Technologies/Works/airflow_new/Airflow/venv/lib/python3.8/site-packages/airflow/example_dags/example_latest_only_with_trigger.py took 0.047 seconds
[2022-09-20T17:50:22.246+0530] {processor.py:153} INFO - Started process (PID=35833) to work on /home/sayone/This PC/SayOne Technologies/Works/airflow_new/Airflow/venv/lib/python3.8/site-packages/airflow/example_dags/example_latest_only_with_trigger.py
[2022-09-20T17:50:22.249+0530] {processor.py:640} INFO - Processing file /home/sayone/This PC/SayOne Technologies/Works/airflow_new/Airflow/venv/lib/python3.8/site-packages/airflow/example_dags/example_latest_only_with_trigger.py for tasks to queue
[2022-09-20T17:50:22.250+0530] {logging_mixin.py:115} INFO - [2022-09-20T17:50:22.249+0530] {dagbag.py:508} INFO - Filling up the DagBag from /home/sayone/This PC/SayOne Technologies/Works/airflow_new/Airflow/venv/lib/python3.8/site-packages/airflow/example_dags/example_latest_only_with_trigger.py
[2022-09-20T17:50:22.256+0530] {processor.py:650} INFO - DAG(s) dict_keys(['latest_only_with_trigger']) retrieved from /home/sayone/This PC/SayOne Technologies/Works/airflow_new/Airflow/venv/lib/python3.8/site-packages/airflow/example_dags/example_latest_only_with_trigger.py
[2022-09-20T17:50:22.266+0530] {logging_mixin.py:115} INFO - [2022-09-20T17:50:22.265+0530] {dag.py:2429} INFO - Sync 1 DAGs
[2022-09-20T17:50:22.275+0530] {logging_mixin.py:115} INFO - [2022-09-20T17:50:22.275+0530] {dag.py:2977} INFO - Setting next_dagrun for latest_only_with_trigger to 2022-09-20T08:20:22.274930+00:00, run_after=2022-09-20T12:20:22.274930+00:00
[2022-09-20T17:50:22.286+0530] {processor.py:161} INFO - Processing /home/sayone/This PC/SayOne Technologies/Works/airflow_new/Airflow/venv/lib/python3.8/site-packages/airflow/example_dags/example_latest_only_with_trigger.py took 0.041 seconds
[2022-09-20T17:50:58.539+0530] {processor.py:153} INFO - Started process (PID=35939) to work on /home/sayone/This PC/SayOne Technologies/Works/airflow_new/Airflow/venv/lib/python3.8/site-packages/airflow/example_dags/example_latest_only_with_trigger.py
[2022-09-20T17:50:58.543+0530] {processor.py:640} INFO - Processing file /home/sayone/This PC/SayOne Technologies/Works/airflow_new/Airflow/venv/lib/python3.8/site-packages/airflow/example_dags/example_latest_only_with_trigger.py for tasks to queue
[2022-09-20T17:50:58.543+0530] {logging_mixin.py:115} INFO - [2022-09-20T17:50:58.543+0530] {dagbag.py:508} INFO - Filling up the DagBag from /home/sayone/This PC/SayOne Technologies/Works/airflow_new/Airflow/venv/lib/python3.8/site-packages/airflow/example_dags/example_latest_only_with_trigger.py
[2022-09-20T17:50:58.551+0530] {processor.py:650} INFO - DAG(s) dict_keys(['latest_only_with_trigger']) retrieved from /home/sayone/This PC/SayOne Technologies/Works/airflow_new/Airflow/venv/lib/python3.8/site-packages/airflow/example_dags/example_latest_only_with_trigger.py
[2022-09-20T17:50:58.562+0530] {logging_mixin.py:115} INFO - [2022-09-20T17:50:58.562+0530] {dag.py:2429} INFO - Sync 1 DAGs
[2022-09-20T17:50:58.572+0530] {logging_mixin.py:115} INFO - [2022-09-20T17:50:58.572+0530] {dag.py:2977} INFO - Setting next_dagrun for latest_only_with_trigger to 2022-09-20T08:20:58.572124+00:00, run_after=2022-09-20T12:20:58.572124+00:00
[2022-09-20T17:50:58.582+0530] {processor.py:161} INFO - Processing /home/sayone/This PC/SayOne Technologies/Works/airflow_new/Airflow/venv/lib/python3.8/site-packages/airflow/example_dags/example_latest_only_with_trigger.py took 0.046 seconds
[2022-09-20T17:51:34.482+0530] {processor.py:153} INFO - Started process (PID=36006) to work on /home/sayone/This PC/SayOne Technologies/Works/airflow_new/Airflow/venv/lib/python3.8/site-packages/airflow/example_dags/example_latest_only_with_trigger.py
[2022-09-20T17:51:34.484+0530] {processor.py:640} INFO - Processing file /home/sayone/This PC/SayOne Technologies/Works/airflow_new/Airflow/venv/lib/python3.8/site-packages/airflow/example_dags/example_latest_only_with_trigger.py for tasks to queue
[2022-09-20T17:51:34.485+0530] {logging_mixin.py:115} INFO - [2022-09-20T17:51:34.485+0530] {dagbag.py:508} INFO - Filling up the DagBag from /home/sayone/This PC/SayOne Technologies/Works/airflow_new/Airflow/venv/lib/python3.8/site-packages/airflow/example_dags/example_latest_only_with_trigger.py
[2022-09-20T17:51:34.490+0530] {processor.py:650} INFO - DAG(s) dict_keys(['latest_only_with_trigger']) retrieved from /home/sayone/This PC/SayOne Technologies/Works/airflow_new/Airflow/venv/lib/python3.8/site-packages/airflow/example_dags/example_latest_only_with_trigger.py
[2022-09-20T17:51:34.501+0530] {logging_mixin.py:115} INFO - [2022-09-20T17:51:34.501+0530] {dag.py:2429} INFO - Sync 1 DAGs
[2022-09-20T17:51:34.511+0530] {logging_mixin.py:115} INFO - [2022-09-20T17:51:34.510+0530] {dag.py:2977} INFO - Setting next_dagrun for latest_only_with_trigger to 2022-09-20T08:21:34.510820+00:00, run_after=2022-09-20T12:21:34.510820+00:00
[2022-09-20T17:51:34.521+0530] {processor.py:161} INFO - Processing /home/sayone/This PC/SayOne Technologies/Works/airflow_new/Airflow/venv/lib/python3.8/site-packages/airflow/example_dags/example_latest_only_with_trigger.py took 0.040 seconds
[2022-09-20T17:52:13.900+0530] {processor.py:153} INFO - Started process (PID=36143) to work on /home/sayone/This PC/SayOne Technologies/Works/airflow_new/Airflow/venv/lib/python3.8/site-packages/airflow/example_dags/example_latest_only_with_trigger.py
[2022-09-20T17:52:13.903+0530] {processor.py:640} INFO - Processing file /home/sayone/This PC/SayOne Technologies/Works/airflow_new/Airflow/venv/lib/python3.8/site-packages/airflow/example_dags/example_latest_only_with_trigger.py for tasks to queue
[2022-09-20T17:52:13.904+0530] {logging_mixin.py:115} INFO - [2022-09-20T17:52:13.904+0530] {dagbag.py:508} INFO - Filling up the DagBag from /home/sayone/This PC/SayOne Technologies/Works/airflow_new/Airflow/venv/lib/python3.8/site-packages/airflow/example_dags/example_latest_only_with_trigger.py
[2022-09-20T17:52:13.910+0530] {processor.py:650} INFO - DAG(s) dict_keys(['latest_only_with_trigger']) retrieved from /home/sayone/This PC/SayOne Technologies/Works/airflow_new/Airflow/venv/lib/python3.8/site-packages/airflow/example_dags/example_latest_only_with_trigger.py
[2022-09-20T17:52:13.921+0530] {logging_mixin.py:115} INFO - [2022-09-20T17:52:13.921+0530] {dag.py:2429} INFO - Sync 1 DAGs
[2022-09-20T17:52:13.931+0530] {logging_mixin.py:115} INFO - [2022-09-20T17:52:13.931+0530] {dag.py:2977} INFO - Setting next_dagrun for latest_only_with_trigger to 2022-09-20T08:22:13.931217+00:00, run_after=2022-09-20T12:22:13.931217+00:00
[2022-09-20T17:52:13.946+0530] {processor.py:161} INFO - Processing /home/sayone/This PC/SayOne Technologies/Works/airflow_new/Airflow/venv/lib/python3.8/site-packages/airflow/example_dags/example_latest_only_with_trigger.py took 0.050 seconds
[2022-09-20T17:52:51.027+0530] {processor.py:153} INFO - Started process (PID=36327) to work on /home/sayone/This PC/SayOne Technologies/Works/airflow_new/Airflow/venv/lib/python3.8/site-packages/airflow/example_dags/example_latest_only_with_trigger.py
[2022-09-20T17:52:51.031+0530] {processor.py:640} INFO - Processing file /home/sayone/This PC/SayOne Technologies/Works/airflow_new/Airflow/venv/lib/python3.8/site-packages/airflow/example_dags/example_latest_only_with_trigger.py for tasks to queue
[2022-09-20T17:52:51.032+0530] {logging_mixin.py:115} INFO - [2022-09-20T17:52:51.032+0530] {dagbag.py:508} INFO - Filling up the DagBag from /home/sayone/This PC/SayOne Technologies/Works/airflow_new/Airflow/venv/lib/python3.8/site-packages/airflow/example_dags/example_latest_only_with_trigger.py
[2022-09-20T17:52:51.039+0530] {processor.py:650} INFO - DAG(s) dict_keys(['latest_only_with_trigger']) retrieved from /home/sayone/This PC/SayOne Technologies/Works/airflow_new/Airflow/venv/lib/python3.8/site-packages/airflow/example_dags/example_latest_only_with_trigger.py
[2022-09-20T17:52:51.050+0530] {logging_mixin.py:115} INFO - [2022-09-20T17:52:51.050+0530] {dag.py:2429} INFO - Sync 1 DAGs
[2022-09-20T17:52:51.060+0530] {logging_mixin.py:115} INFO - [2022-09-20T17:52:51.060+0530] {dag.py:2977} INFO - Setting next_dagrun for latest_only_with_trigger to 2022-09-20T08:22:51.060174+00:00, run_after=2022-09-20T12:22:51.060174+00:00
[2022-09-20T17:52:51.070+0530] {processor.py:161} INFO - Processing /home/sayone/This PC/SayOne Technologies/Works/airflow_new/Airflow/venv/lib/python3.8/site-packages/airflow/example_dags/example_latest_only_with_trigger.py took 0.047 seconds
[2022-09-20T17:53:26.340+0530] {processor.py:153} INFO - Started process (PID=36428) to work on /home/sayone/This PC/SayOne Technologies/Works/airflow_new/Airflow/venv/lib/python3.8/site-packages/airflow/example_dags/example_latest_only_with_trigger.py
[2022-09-20T17:53:26.343+0530] {processor.py:640} INFO - Processing file /home/sayone/This PC/SayOne Technologies/Works/airflow_new/Airflow/venv/lib/python3.8/site-packages/airflow/example_dags/example_latest_only_with_trigger.py for tasks to queue
[2022-09-20T17:53:26.343+0530] {logging_mixin.py:115} INFO - [2022-09-20T17:53:26.343+0530] {dagbag.py:508} INFO - Filling up the DagBag from /home/sayone/This PC/SayOne Technologies/Works/airflow_new/Airflow/venv/lib/python3.8/site-packages/airflow/example_dags/example_latest_only_with_trigger.py
[2022-09-20T17:53:26.351+0530] {processor.py:650} INFO - DAG(s) dict_keys(['latest_only_with_trigger']) retrieved from /home/sayone/This PC/SayOne Technologies/Works/airflow_new/Airflow/venv/lib/python3.8/site-packages/airflow/example_dags/example_latest_only_with_trigger.py
[2022-09-20T17:53:26.362+0530] {logging_mixin.py:115} INFO - [2022-09-20T17:53:26.362+0530] {dag.py:2429} INFO - Sync 1 DAGs
[2022-09-20T17:53:26.371+0530] {logging_mixin.py:115} INFO - [2022-09-20T17:53:26.371+0530] {dag.py:2977} INFO - Setting next_dagrun for latest_only_with_trigger to 2022-09-20T08:23:26.371679+00:00, run_after=2022-09-20T12:23:26.371679+00:00
[2022-09-20T17:53:26.381+0530] {processor.py:161} INFO - Processing /home/sayone/This PC/SayOne Technologies/Works/airflow_new/Airflow/venv/lib/python3.8/site-packages/airflow/example_dags/example_latest_only_with_trigger.py took 0.045 seconds
