[2022-09-20T17:17:04.363+0530] {processor.py:153} INFO - Started process (PID=28792) to work on /home/sayone/This PC/SayOne Technologies/Works/airflow_new/Airflow/venv/lib/python3.8/site-packages/airflow/example_dags/example_bash_operator.py
[2022-09-20T17:17:04.363+0530] {processor.py:640} INFO - Processing file /home/sayone/This PC/SayOne Technologies/Works/airflow_new/Airflow/venv/lib/python3.8/site-packages/airflow/example_dags/example_bash_operator.py for tasks to queue
[2022-09-20T17:17:04.364+0530] {logging_mixin.py:115} INFO - [2022-09-20T17:17:04.363+0530] {dagbag.py:508} INFO - Filling up the DagBag from /home/sayone/This PC/SayOne Technologies/Works/airflow_new/Airflow/venv/lib/python3.8/site-packages/airflow/example_dags/example_bash_operator.py
[2022-09-20T17:17:04.378+0530] {processor.py:650} INFO - DAG(s) dict_keys(['example_bash_operator']) retrieved from /home/sayone/This PC/SayOne Technologies/Works/airflow_new/Airflow/venv/lib/python3.8/site-packages/airflow/example_dags/example_bash_operator.py
[2022-09-20T17:17:04.437+0530] {logging_mixin.py:115} INFO - [2022-09-20T17:17:04.437+0530] {manager.py:508} INFO - Created Permission View: can edit on DAG:example_bash_operator
[2022-09-20T17:17:04.450+0530] {logging_mixin.py:115} INFO - [2022-09-20T17:17:04.450+0530] {manager.py:508} INFO - Created Permission View: can read on DAG:example_bash_operator
[2022-09-20T17:17:04.457+0530] {logging_mixin.py:115} INFO - [2022-09-20T17:17:04.457+0530] {manager.py:508} INFO - Created Permission View: can delete on DAG:example_bash_operator
[2022-09-20T17:17:04.457+0530] {logging_mixin.py:115} INFO - [2022-09-20T17:17:04.457+0530] {dag.py:2429} INFO - Sync 1 DAGs
[2022-09-20T17:17:04.462+0530] {logging_mixin.py:115} INFO - [2022-09-20T17:17:04.462+0530] {dag.py:2448} INFO - Creating ORM DAG for example_bash_operator
[2022-09-20T17:17:04.470+0530] {logging_mixin.py:115} INFO - [2022-09-20T17:17:04.469+0530] {dag.py:2977} INFO - Setting next_dagrun for example_bash_operator to 2022-09-19T00:00:00+00:00, run_after=2022-09-20T00:00:00+00:00
[2022-09-20T17:17:04.482+0530] {processor.py:161} INFO - Processing /home/sayone/This PC/SayOne Technologies/Works/airflow_new/Airflow/venv/lib/python3.8/site-packages/airflow/example_dags/example_bash_operator.py took 0.122 seconds
[2022-09-20T17:17:41.745+0530] {processor.py:153} INFO - Started process (PID=28990) to work on /home/sayone/This PC/SayOne Technologies/Works/airflow_new/Airflow/venv/lib/python3.8/site-packages/airflow/example_dags/example_bash_operator.py
[2022-09-20T17:17:41.747+0530] {processor.py:640} INFO - Processing file /home/sayone/This PC/SayOne Technologies/Works/airflow_new/Airflow/venv/lib/python3.8/site-packages/airflow/example_dags/example_bash_operator.py for tasks to queue
[2022-09-20T17:17:41.748+0530] {logging_mixin.py:115} INFO - [2022-09-20T17:17:41.748+0530] {dagbag.py:508} INFO - Filling up the DagBag from /home/sayone/This PC/SayOne Technologies/Works/airflow_new/Airflow/venv/lib/python3.8/site-packages/airflow/example_dags/example_bash_operator.py
[2022-09-20T17:17:41.756+0530] {processor.py:650} INFO - DAG(s) dict_keys(['example_bash_operator']) retrieved from /home/sayone/This PC/SayOne Technologies/Works/airflow_new/Airflow/venv/lib/python3.8/site-packages/airflow/example_dags/example_bash_operator.py
[2022-09-20T17:17:41.772+0530] {logging_mixin.py:115} INFO - [2022-09-20T17:17:41.772+0530] {dag.py:2429} INFO - Sync 1 DAGs
[2022-09-20T17:17:41.783+0530] {logging_mixin.py:115} INFO - [2022-09-20T17:17:41.783+0530] {dag.py:2977} INFO - Setting next_dagrun for example_bash_operator to 2022-09-19T00:00:00+00:00, run_after=2022-09-20T00:00:00+00:00
[2022-09-20T17:17:41.797+0530] {processor.py:161} INFO - Processing /home/sayone/This PC/SayOne Technologies/Works/airflow_new/Airflow/venv/lib/python3.8/site-packages/airflow/example_dags/example_bash_operator.py took 0.053 seconds
[2022-09-20T17:18:15.198+0530] {processor.py:153} INFO - Started process (PID=29133) to work on /home/sayone/This PC/SayOne Technologies/Works/airflow_new/Airflow/venv/lib/python3.8/site-packages/airflow/example_dags/example_bash_operator.py
[2022-09-20T17:18:15.201+0530] {processor.py:640} INFO - Processing file /home/sayone/This PC/SayOne Technologies/Works/airflow_new/Airflow/venv/lib/python3.8/site-packages/airflow/example_dags/example_bash_operator.py for tasks to queue
[2022-09-20T17:18:15.201+0530] {logging_mixin.py:115} INFO - [2022-09-20T17:18:15.201+0530] {dagbag.py:508} INFO - Filling up the DagBag from /home/sayone/This PC/SayOne Technologies/Works/airflow_new/Airflow/venv/lib/python3.8/site-packages/airflow/example_dags/example_bash_operator.py
[2022-09-20T17:18:15.209+0530] {processor.py:650} INFO - DAG(s) dict_keys(['example_bash_operator']) retrieved from /home/sayone/This PC/SayOne Technologies/Works/airflow_new/Airflow/venv/lib/python3.8/site-packages/airflow/example_dags/example_bash_operator.py
[2022-09-20T17:18:15.225+0530] {logging_mixin.py:115} INFO - [2022-09-20T17:18:15.225+0530] {dag.py:2429} INFO - Sync 1 DAGs
[2022-09-20T17:18:15.237+0530] {logging_mixin.py:115} INFO - [2022-09-20T17:18:15.237+0530] {dag.py:2977} INFO - Setting next_dagrun for example_bash_operator to 2022-09-19T00:00:00+00:00, run_after=2022-09-20T00:00:00+00:00
[2022-09-20T17:18:15.249+0530] {processor.py:161} INFO - Processing /home/sayone/This PC/SayOne Technologies/Works/airflow_new/Airflow/venv/lib/python3.8/site-packages/airflow/example_dags/example_bash_operator.py took 0.054 seconds
[2022-09-20T17:18:51.627+0530] {processor.py:153} INFO - Started process (PID=29210) to work on /home/sayone/This PC/SayOne Technologies/Works/airflow_new/Airflow/venv/lib/python3.8/site-packages/airflow/example_dags/example_bash_operator.py
[2022-09-20T17:18:51.631+0530] {processor.py:640} INFO - Processing file /home/sayone/This PC/SayOne Technologies/Works/airflow_new/Airflow/venv/lib/python3.8/site-packages/airflow/example_dags/example_bash_operator.py for tasks to queue
[2022-09-20T17:18:51.632+0530] {logging_mixin.py:115} INFO - [2022-09-20T17:18:51.632+0530] {dagbag.py:508} INFO - Filling up the DagBag from /home/sayone/This PC/SayOne Technologies/Works/airflow_new/Airflow/venv/lib/python3.8/site-packages/airflow/example_dags/example_bash_operator.py
[2022-09-20T17:18:51.643+0530] {processor.py:650} INFO - DAG(s) dict_keys(['example_bash_operator']) retrieved from /home/sayone/This PC/SayOne Technologies/Works/airflow_new/Airflow/venv/lib/python3.8/site-packages/airflow/example_dags/example_bash_operator.py
[2022-09-20T17:18:51.657+0530] {logging_mixin.py:115} INFO - [2022-09-20T17:18:51.657+0530] {dag.py:2429} INFO - Sync 1 DAGs
[2022-09-20T17:18:51.669+0530] {logging_mixin.py:115} INFO - [2022-09-20T17:18:51.669+0530] {dag.py:2977} INFO - Setting next_dagrun for example_bash_operator to 2022-09-19T00:00:00+00:00, run_after=2022-09-20T00:00:00+00:00
[2022-09-20T17:18:51.680+0530] {processor.py:161} INFO - Processing /home/sayone/This PC/SayOne Technologies/Works/airflow_new/Airflow/venv/lib/python3.8/site-packages/airflow/example_dags/example_bash_operator.py took 0.057 seconds
[2022-09-20T17:19:26.024+0530] {processor.py:153} INFO - Started process (PID=29366) to work on /home/sayone/This PC/SayOne Technologies/Works/airflow_new/Airflow/venv/lib/python3.8/site-packages/airflow/example_dags/example_bash_operator.py
[2022-09-20T17:19:26.027+0530] {processor.py:640} INFO - Processing file /home/sayone/This PC/SayOne Technologies/Works/airflow_new/Airflow/venv/lib/python3.8/site-packages/airflow/example_dags/example_bash_operator.py for tasks to queue
[2022-09-20T17:19:26.029+0530] {logging_mixin.py:115} INFO - [2022-09-20T17:19:26.028+0530] {dagbag.py:508} INFO - Filling up the DagBag from /home/sayone/This PC/SayOne Technologies/Works/airflow_new/Airflow/venv/lib/python3.8/site-packages/airflow/example_dags/example_bash_operator.py
[2022-09-20T17:19:26.039+0530] {processor.py:650} INFO - DAG(s) dict_keys(['example_bash_operator']) retrieved from /home/sayone/This PC/SayOne Technologies/Works/airflow_new/Airflow/venv/lib/python3.8/site-packages/airflow/example_dags/example_bash_operator.py
[2022-09-20T17:19:26.054+0530] {logging_mixin.py:115} INFO - [2022-09-20T17:19:26.054+0530] {dag.py:2429} INFO - Sync 1 DAGs
[2022-09-20T17:19:26.066+0530] {logging_mixin.py:115} INFO - [2022-09-20T17:19:26.066+0530] {dag.py:2977} INFO - Setting next_dagrun for example_bash_operator to 2022-09-19T00:00:00+00:00, run_after=2022-09-20T00:00:00+00:00
[2022-09-20T17:19:26.076+0530] {processor.py:161} INFO - Processing /home/sayone/This PC/SayOne Technologies/Works/airflow_new/Airflow/venv/lib/python3.8/site-packages/airflow/example_dags/example_bash_operator.py took 0.056 seconds
[2022-09-20T17:20:22.867+0530] {processor.py:153} INFO - Started process (PID=29694) to work on /home/sayone/This PC/SayOne Technologies/Works/airflow_new/Airflow/venv/lib/python3.8/site-packages/airflow/example_dags/example_bash_operator.py
[2022-09-20T17:20:22.875+0530] {processor.py:640} INFO - Processing file /home/sayone/This PC/SayOne Technologies/Works/airflow_new/Airflow/venv/lib/python3.8/site-packages/airflow/example_dags/example_bash_operator.py for tasks to queue
[2022-09-20T17:20:22.876+0530] {logging_mixin.py:115} INFO - [2022-09-20T17:20:22.876+0530] {dagbag.py:508} INFO - Filling up the DagBag from /home/sayone/This PC/SayOne Technologies/Works/airflow_new/Airflow/venv/lib/python3.8/site-packages/airflow/example_dags/example_bash_operator.py
[2022-09-20T17:20:22.888+0530] {processor.py:650} INFO - DAG(s) dict_keys(['example_bash_operator']) retrieved from /home/sayone/This PC/SayOne Technologies/Works/airflow_new/Airflow/venv/lib/python3.8/site-packages/airflow/example_dags/example_bash_operator.py
[2022-09-20T17:20:22.921+0530] {logging_mixin.py:115} INFO - [2022-09-20T17:20:22.921+0530] {dag.py:2429} INFO - Sync 1 DAGs
[2022-09-20T17:20:22.934+0530] {logging_mixin.py:115} INFO - [2022-09-20T17:20:22.934+0530] {dag.py:2977} INFO - Setting next_dagrun for example_bash_operator to 2022-09-19T00:00:00+00:00, run_after=2022-09-20T00:00:00+00:00
[2022-09-20T17:20:22.944+0530] {processor.py:161} INFO - Processing /home/sayone/This PC/SayOne Technologies/Works/airflow_new/Airflow/venv/lib/python3.8/site-packages/airflow/example_dags/example_bash_operator.py took 0.082 seconds
[2022-09-20T17:21:00.125+0530] {processor.py:153} INFO - Started process (PID=29798) to work on /home/sayone/This PC/SayOne Technologies/Works/airflow_new/Airflow/venv/lib/python3.8/site-packages/airflow/example_dags/example_bash_operator.py
[2022-09-20T17:21:00.128+0530] {processor.py:640} INFO - Processing file /home/sayone/This PC/SayOne Technologies/Works/airflow_new/Airflow/venv/lib/python3.8/site-packages/airflow/example_dags/example_bash_operator.py for tasks to queue
[2022-09-20T17:21:00.128+0530] {logging_mixin.py:115} INFO - [2022-09-20T17:21:00.128+0530] {dagbag.py:508} INFO - Filling up the DagBag from /home/sayone/This PC/SayOne Technologies/Works/airflow_new/Airflow/venv/lib/python3.8/site-packages/airflow/example_dags/example_bash_operator.py
[2022-09-20T17:21:00.136+0530] {processor.py:650} INFO - DAG(s) dict_keys(['example_bash_operator']) retrieved from /home/sayone/This PC/SayOne Technologies/Works/airflow_new/Airflow/venv/lib/python3.8/site-packages/airflow/example_dags/example_bash_operator.py
[2022-09-20T17:21:00.151+0530] {logging_mixin.py:115} INFO - [2022-09-20T17:21:00.151+0530] {dag.py:2429} INFO - Sync 1 DAGs
[2022-09-20T17:21:00.168+0530] {logging_mixin.py:115} INFO - [2022-09-20T17:21:00.168+0530] {dag.py:2977} INFO - Setting next_dagrun for example_bash_operator to 2022-09-19T00:00:00+00:00, run_after=2022-09-20T00:00:00+00:00
[2022-09-20T17:21:00.179+0530] {processor.py:161} INFO - Processing /home/sayone/This PC/SayOne Technologies/Works/airflow_new/Airflow/venv/lib/python3.8/site-packages/airflow/example_dags/example_bash_operator.py took 0.057 seconds
[2022-09-20T17:21:33.858+0530] {processor.py:153} INFO - Started process (PID=29897) to work on /home/sayone/This PC/SayOne Technologies/Works/airflow_new/Airflow/venv/lib/python3.8/site-packages/airflow/example_dags/example_bash_operator.py
[2022-09-20T17:21:33.861+0530] {processor.py:640} INFO - Processing file /home/sayone/This PC/SayOne Technologies/Works/airflow_new/Airflow/venv/lib/python3.8/site-packages/airflow/example_dags/example_bash_operator.py for tasks to queue
[2022-09-20T17:21:33.862+0530] {logging_mixin.py:115} INFO - [2022-09-20T17:21:33.862+0530] {dagbag.py:508} INFO - Filling up the DagBag from /home/sayone/This PC/SayOne Technologies/Works/airflow_new/Airflow/venv/lib/python3.8/site-packages/airflow/example_dags/example_bash_operator.py
[2022-09-20T17:21:33.872+0530] {processor.py:650} INFO - DAG(s) dict_keys(['example_bash_operator']) retrieved from /home/sayone/This PC/SayOne Technologies/Works/airflow_new/Airflow/venv/lib/python3.8/site-packages/airflow/example_dags/example_bash_operator.py
[2022-09-20T17:21:33.886+0530] {logging_mixin.py:115} INFO - [2022-09-20T17:21:33.886+0530] {dag.py:2429} INFO - Sync 1 DAGs
[2022-09-20T17:21:33.897+0530] {logging_mixin.py:115} INFO - [2022-09-20T17:21:33.897+0530] {dag.py:2977} INFO - Setting next_dagrun for example_bash_operator to 2022-09-19T00:00:00+00:00, run_after=2022-09-20T00:00:00+00:00
[2022-09-20T17:21:33.907+0530] {processor.py:161} INFO - Processing /home/sayone/This PC/SayOne Technologies/Works/airflow_new/Airflow/venv/lib/python3.8/site-packages/airflow/example_dags/example_bash_operator.py took 0.053 seconds
[2022-09-20T17:22:12.201+0530] {processor.py:153} INFO - Started process (PID=30177) to work on /home/sayone/This PC/SayOne Technologies/Works/airflow_new/Airflow/venv/lib/python3.8/site-packages/airflow/example_dags/example_bash_operator.py
[2022-09-20T17:22:12.202+0530] {processor.py:640} INFO - Processing file /home/sayone/This PC/SayOne Technologies/Works/airflow_new/Airflow/venv/lib/python3.8/site-packages/airflow/example_dags/example_bash_operator.py for tasks to queue
[2022-09-20T17:22:12.202+0530] {logging_mixin.py:115} INFO - [2022-09-20T17:22:12.202+0530] {dagbag.py:508} INFO - Filling up the DagBag from /home/sayone/This PC/SayOne Technologies/Works/airflow_new/Airflow/venv/lib/python3.8/site-packages/airflow/example_dags/example_bash_operator.py
[2022-09-20T17:22:12.210+0530] {processor.py:650} INFO - DAG(s) dict_keys(['example_bash_operator']) retrieved from /home/sayone/This PC/SayOne Technologies/Works/airflow_new/Airflow/venv/lib/python3.8/site-packages/airflow/example_dags/example_bash_operator.py
[2022-09-20T17:22:12.226+0530] {logging_mixin.py:115} INFO - [2022-09-20T17:22:12.226+0530] {dag.py:2429} INFO - Sync 1 DAGs
[2022-09-20T17:22:12.239+0530] {logging_mixin.py:115} INFO - [2022-09-20T17:22:12.238+0530] {dag.py:2977} INFO - Setting next_dagrun for example_bash_operator to 2022-09-19T00:00:00+00:00, run_after=2022-09-20T00:00:00+00:00
[2022-09-20T17:22:12.250+0530] {processor.py:161} INFO - Processing /home/sayone/This PC/SayOne Technologies/Works/airflow_new/Airflow/venv/lib/python3.8/site-packages/airflow/example_dags/example_bash_operator.py took 0.054 seconds
[2022-09-20T17:22:45.791+0530] {processor.py:153} INFO - Started process (PID=30297) to work on /home/sayone/This PC/SayOne Technologies/Works/airflow_new/Airflow/venv/lib/python3.8/site-packages/airflow/example_dags/example_bash_operator.py
[2022-09-20T17:22:45.794+0530] {processor.py:640} INFO - Processing file /home/sayone/This PC/SayOne Technologies/Works/airflow_new/Airflow/venv/lib/python3.8/site-packages/airflow/example_dags/example_bash_operator.py for tasks to queue
[2022-09-20T17:22:45.796+0530] {logging_mixin.py:115} INFO - [2022-09-20T17:22:45.795+0530] {dagbag.py:508} INFO - Filling up the DagBag from /home/sayone/This PC/SayOne Technologies/Works/airflow_new/Airflow/venv/lib/python3.8/site-packages/airflow/example_dags/example_bash_operator.py
[2022-09-20T17:22:45.804+0530] {processor.py:650} INFO - DAG(s) dict_keys(['example_bash_operator']) retrieved from /home/sayone/This PC/SayOne Technologies/Works/airflow_new/Airflow/venv/lib/python3.8/site-packages/airflow/example_dags/example_bash_operator.py
[2022-09-20T17:22:45.819+0530] {logging_mixin.py:115} INFO - [2022-09-20T17:22:45.819+0530] {dag.py:2429} INFO - Sync 1 DAGs
[2022-09-20T17:22:45.830+0530] {logging_mixin.py:115} INFO - [2022-09-20T17:22:45.830+0530] {dag.py:2977} INFO - Setting next_dagrun for example_bash_operator to 2022-09-19T00:00:00+00:00, run_after=2022-09-20T00:00:00+00:00
[2022-09-20T17:22:45.840+0530] {processor.py:161} INFO - Processing /home/sayone/This PC/SayOne Technologies/Works/airflow_new/Airflow/venv/lib/python3.8/site-packages/airflow/example_dags/example_bash_operator.py took 0.051 seconds
[2022-09-20T17:23:47.398+0530] {processor.py:153} INFO - Started process (PID=30482) to work on /home/sayone/This PC/SayOne Technologies/Works/airflow_new/Airflow/venv/lib/python3.8/site-packages/airflow/example_dags/example_bash_operator.py
[2022-09-20T17:23:47.401+0530] {processor.py:640} INFO - Processing file /home/sayone/This PC/SayOne Technologies/Works/airflow_new/Airflow/venv/lib/python3.8/site-packages/airflow/example_dags/example_bash_operator.py for tasks to queue
[2022-09-20T17:23:47.402+0530] {logging_mixin.py:115} INFO - [2022-09-20T17:23:47.401+0530] {dagbag.py:508} INFO - Filling up the DagBag from /home/sayone/This PC/SayOne Technologies/Works/airflow_new/Airflow/venv/lib/python3.8/site-packages/airflow/example_dags/example_bash_operator.py
[2022-09-20T17:23:47.411+0530] {processor.py:650} INFO - DAG(s) dict_keys(['example_bash_operator']) retrieved from /home/sayone/This PC/SayOne Technologies/Works/airflow_new/Airflow/venv/lib/python3.8/site-packages/airflow/example_dags/example_bash_operator.py
[2022-09-20T17:23:47.431+0530] {logging_mixin.py:115} INFO - [2022-09-20T17:23:47.431+0530] {dag.py:2429} INFO - Sync 1 DAGs
[2022-09-20T17:23:47.443+0530] {logging_mixin.py:115} INFO - [2022-09-20T17:23:47.443+0530] {dag.py:2977} INFO - Setting next_dagrun for example_bash_operator to 2022-09-19T00:00:00+00:00, run_after=2022-09-20T00:00:00+00:00
[2022-09-20T17:23:47.453+0530] {processor.py:161} INFO - Processing /home/sayone/This PC/SayOne Technologies/Works/airflow_new/Airflow/venv/lib/python3.8/site-packages/airflow/example_dags/example_bash_operator.py took 0.060 seconds
[2022-09-20T17:24:23.683+0530] {processor.py:153} INFO - Started process (PID=30635) to work on /home/sayone/This PC/SayOne Technologies/Works/airflow_new/Airflow/venv/lib/python3.8/site-packages/airflow/example_dags/example_bash_operator.py
[2022-09-20T17:24:23.686+0530] {processor.py:640} INFO - Processing file /home/sayone/This PC/SayOne Technologies/Works/airflow_new/Airflow/venv/lib/python3.8/site-packages/airflow/example_dags/example_bash_operator.py for tasks to queue
[2022-09-20T17:24:23.687+0530] {logging_mixin.py:115} INFO - [2022-09-20T17:24:23.687+0530] {dagbag.py:508} INFO - Filling up the DagBag from /home/sayone/This PC/SayOne Technologies/Works/airflow_new/Airflow/venv/lib/python3.8/site-packages/airflow/example_dags/example_bash_operator.py
[2022-09-20T17:24:23.700+0530] {processor.py:650} INFO - DAG(s) dict_keys(['example_bash_operator']) retrieved from /home/sayone/This PC/SayOne Technologies/Works/airflow_new/Airflow/venv/lib/python3.8/site-packages/airflow/example_dags/example_bash_operator.py
[2022-09-20T17:24:23.717+0530] {logging_mixin.py:115} INFO - [2022-09-20T17:24:23.716+0530] {dag.py:2429} INFO - Sync 1 DAGs
[2022-09-20T17:24:23.735+0530] {logging_mixin.py:115} INFO - [2022-09-20T17:24:23.735+0530] {dag.py:2977} INFO - Setting next_dagrun for example_bash_operator to 2022-09-19T00:00:00+00:00, run_after=2022-09-20T00:00:00+00:00
[2022-09-20T17:24:23.753+0530] {processor.py:161} INFO - Processing /home/sayone/This PC/SayOne Technologies/Works/airflow_new/Airflow/venv/lib/python3.8/site-packages/airflow/example_dags/example_bash_operator.py took 0.072 seconds
[2022-09-20T17:24:59.475+0530] {processor.py:153} INFO - Started process (PID=30911) to work on /home/sayone/This PC/SayOne Technologies/Works/airflow_new/Airflow/venv/lib/python3.8/site-packages/airflow/example_dags/example_bash_operator.py
[2022-09-20T17:24:59.476+0530] {processor.py:640} INFO - Processing file /home/sayone/This PC/SayOne Technologies/Works/airflow_new/Airflow/venv/lib/python3.8/site-packages/airflow/example_dags/example_bash_operator.py for tasks to queue
[2022-09-20T17:24:59.477+0530] {logging_mixin.py:115} INFO - [2022-09-20T17:24:59.476+0530] {dagbag.py:508} INFO - Filling up the DagBag from /home/sayone/This PC/SayOne Technologies/Works/airflow_new/Airflow/venv/lib/python3.8/site-packages/airflow/example_dags/example_bash_operator.py
[2022-09-20T17:24:59.484+0530] {processor.py:650} INFO - DAG(s) dict_keys(['example_bash_operator']) retrieved from /home/sayone/This PC/SayOne Technologies/Works/airflow_new/Airflow/venv/lib/python3.8/site-packages/airflow/example_dags/example_bash_operator.py
[2022-09-20T17:24:59.500+0530] {logging_mixin.py:115} INFO - [2022-09-20T17:24:59.500+0530] {dag.py:2429} INFO - Sync 1 DAGs
[2022-09-20T17:24:59.513+0530] {logging_mixin.py:115} INFO - [2022-09-20T17:24:59.513+0530] {dag.py:2977} INFO - Setting next_dagrun for example_bash_operator to 2022-09-19T00:00:00+00:00, run_after=2022-09-20T00:00:00+00:00
[2022-09-20T17:24:59.523+0530] {processor.py:161} INFO - Processing /home/sayone/This PC/SayOne Technologies/Works/airflow_new/Airflow/venv/lib/python3.8/site-packages/airflow/example_dags/example_bash_operator.py took 0.050 seconds
[2022-09-20T17:25:35.327+0530] {processor.py:153} INFO - Started process (PID=31016) to work on /home/sayone/This PC/SayOne Technologies/Works/airflow_new/Airflow/venv/lib/python3.8/site-packages/airflow/example_dags/example_bash_operator.py
[2022-09-20T17:25:35.329+0530] {processor.py:640} INFO - Processing file /home/sayone/This PC/SayOne Technologies/Works/airflow_new/Airflow/venv/lib/python3.8/site-packages/airflow/example_dags/example_bash_operator.py for tasks to queue
[2022-09-20T17:25:35.330+0530] {logging_mixin.py:115} INFO - [2022-09-20T17:25:35.330+0530] {dagbag.py:508} INFO - Filling up the DagBag from /home/sayone/This PC/SayOne Technologies/Works/airflow_new/Airflow/venv/lib/python3.8/site-packages/airflow/example_dags/example_bash_operator.py
[2022-09-20T17:25:35.340+0530] {processor.py:650} INFO - DAG(s) dict_keys(['example_bash_operator']) retrieved from /home/sayone/This PC/SayOne Technologies/Works/airflow_new/Airflow/venv/lib/python3.8/site-packages/airflow/example_dags/example_bash_operator.py
[2022-09-20T17:25:35.354+0530] {logging_mixin.py:115} INFO - [2022-09-20T17:25:35.354+0530] {dag.py:2429} INFO - Sync 1 DAGs
[2022-09-20T17:25:35.364+0530] {logging_mixin.py:115} INFO - [2022-09-20T17:25:35.363+0530] {dag.py:2977} INFO - Setting next_dagrun for example_bash_operator to 2022-09-19T00:00:00+00:00, run_after=2022-09-20T00:00:00+00:00
[2022-09-20T17:25:35.373+0530] {processor.py:161} INFO - Processing /home/sayone/This PC/SayOne Technologies/Works/airflow_new/Airflow/venv/lib/python3.8/site-packages/airflow/example_dags/example_bash_operator.py took 0.048 seconds
[2022-09-20T17:26:11.608+0530] {processor.py:153} INFO - Started process (PID=31132) to work on /home/sayone/This PC/SayOne Technologies/Works/airflow_new/Airflow/venv/lib/python3.8/site-packages/airflow/example_dags/example_bash_operator.py
[2022-09-20T17:26:11.611+0530] {processor.py:640} INFO - Processing file /home/sayone/This PC/SayOne Technologies/Works/airflow_new/Airflow/venv/lib/python3.8/site-packages/airflow/example_dags/example_bash_operator.py for tasks to queue
[2022-09-20T17:26:11.612+0530] {logging_mixin.py:115} INFO - [2022-09-20T17:26:11.612+0530] {dagbag.py:508} INFO - Filling up the DagBag from /home/sayone/This PC/SayOne Technologies/Works/airflow_new/Airflow/venv/lib/python3.8/site-packages/airflow/example_dags/example_bash_operator.py
[2022-09-20T17:26:11.625+0530] {processor.py:650} INFO - DAG(s) dict_keys(['example_bash_operator']) retrieved from /home/sayone/This PC/SayOne Technologies/Works/airflow_new/Airflow/venv/lib/python3.8/site-packages/airflow/example_dags/example_bash_operator.py
[2022-09-20T17:26:11.638+0530] {logging_mixin.py:115} INFO - [2022-09-20T17:26:11.638+0530] {dag.py:2429} INFO - Sync 1 DAGs
[2022-09-20T17:26:11.649+0530] {logging_mixin.py:115} INFO - [2022-09-20T17:26:11.649+0530] {dag.py:2977} INFO - Setting next_dagrun for example_bash_operator to 2022-09-19T00:00:00+00:00, run_after=2022-09-20T00:00:00+00:00
[2022-09-20T17:26:11.659+0530] {processor.py:161} INFO - Processing /home/sayone/This PC/SayOne Technologies/Works/airflow_new/Airflow/venv/lib/python3.8/site-packages/airflow/example_dags/example_bash_operator.py took 0.053 seconds
[2022-09-20T17:26:47.662+0530] {processor.py:153} INFO - Started process (PID=31230) to work on /home/sayone/This PC/SayOne Technologies/Works/airflow_new/Airflow/venv/lib/python3.8/site-packages/airflow/example_dags/example_bash_operator.py
[2022-09-20T17:26:47.663+0530] {processor.py:640} INFO - Processing file /home/sayone/This PC/SayOne Technologies/Works/airflow_new/Airflow/venv/lib/python3.8/site-packages/airflow/example_dags/example_bash_operator.py for tasks to queue
[2022-09-20T17:26:47.664+0530] {logging_mixin.py:115} INFO - [2022-09-20T17:26:47.664+0530] {dagbag.py:508} INFO - Filling up the DagBag from /home/sayone/This PC/SayOne Technologies/Works/airflow_new/Airflow/venv/lib/python3.8/site-packages/airflow/example_dags/example_bash_operator.py
[2022-09-20T17:26:47.673+0530] {processor.py:650} INFO - DAG(s) dict_keys(['example_bash_operator']) retrieved from /home/sayone/This PC/SayOne Technologies/Works/airflow_new/Airflow/venv/lib/python3.8/site-packages/airflow/example_dags/example_bash_operator.py
[2022-09-20T17:26:47.686+0530] {logging_mixin.py:115} INFO - [2022-09-20T17:26:47.686+0530] {dag.py:2429} INFO - Sync 1 DAGs
[2022-09-20T17:26:47.696+0530] {logging_mixin.py:115} INFO - [2022-09-20T17:26:47.696+0530] {dag.py:2977} INFO - Setting next_dagrun for example_bash_operator to 2022-09-19T00:00:00+00:00, run_after=2022-09-20T00:00:00+00:00
[2022-09-20T17:26:47.706+0530] {processor.py:161} INFO - Processing /home/sayone/This PC/SayOne Technologies/Works/airflow_new/Airflow/venv/lib/python3.8/site-packages/airflow/example_dags/example_bash_operator.py took 0.047 seconds
[2022-09-20T17:27:24.725+0530] {processor.py:153} INFO - Started process (PID=31515) to work on /home/sayone/This PC/SayOne Technologies/Works/airflow_new/Airflow/venv/lib/python3.8/site-packages/airflow/example_dags/example_bash_operator.py
[2022-09-20T17:27:24.728+0530] {processor.py:640} INFO - Processing file /home/sayone/This PC/SayOne Technologies/Works/airflow_new/Airflow/venv/lib/python3.8/site-packages/airflow/example_dags/example_bash_operator.py for tasks to queue
[2022-09-20T17:27:24.728+0530] {logging_mixin.py:115} INFO - [2022-09-20T17:27:24.728+0530] {dagbag.py:508} INFO - Filling up the DagBag from /home/sayone/This PC/SayOne Technologies/Works/airflow_new/Airflow/venv/lib/python3.8/site-packages/airflow/example_dags/example_bash_operator.py
[2022-09-20T17:27:24.742+0530] {processor.py:650} INFO - DAG(s) dict_keys(['example_bash_operator']) retrieved from /home/sayone/This PC/SayOne Technologies/Works/airflow_new/Airflow/venv/lib/python3.8/site-packages/airflow/example_dags/example_bash_operator.py
[2022-09-20T17:27:24.755+0530] {logging_mixin.py:115} INFO - [2022-09-20T17:27:24.755+0530] {dag.py:2429} INFO - Sync 1 DAGs
[2022-09-20T17:27:24.765+0530] {logging_mixin.py:115} INFO - [2022-09-20T17:27:24.765+0530] {dag.py:2977} INFO - Setting next_dagrun for example_bash_operator to 2022-09-19T00:00:00+00:00, run_after=2022-09-20T00:00:00+00:00
[2022-09-20T17:27:24.774+0530] {processor.py:161} INFO - Processing /home/sayone/This PC/SayOne Technologies/Works/airflow_new/Airflow/venv/lib/python3.8/site-packages/airflow/example_dags/example_bash_operator.py took 0.052 seconds
[2022-09-20T17:28:00.623+0530] {processor.py:153} INFO - Started process (PID=31646) to work on /home/sayone/This PC/SayOne Technologies/Works/airflow_new/Airflow/venv/lib/python3.8/site-packages/airflow/example_dags/example_bash_operator.py
[2022-09-20T17:28:00.626+0530] {processor.py:640} INFO - Processing file /home/sayone/This PC/SayOne Technologies/Works/airflow_new/Airflow/venv/lib/python3.8/site-packages/airflow/example_dags/example_bash_operator.py for tasks to queue
[2022-09-20T17:28:00.627+0530] {logging_mixin.py:115} INFO - [2022-09-20T17:28:00.626+0530] {dagbag.py:508} INFO - Filling up the DagBag from /home/sayone/This PC/SayOne Technologies/Works/airflow_new/Airflow/venv/lib/python3.8/site-packages/airflow/example_dags/example_bash_operator.py
[2022-09-20T17:28:00.640+0530] {processor.py:650} INFO - DAG(s) dict_keys(['example_bash_operator']) retrieved from /home/sayone/This PC/SayOne Technologies/Works/airflow_new/Airflow/venv/lib/python3.8/site-packages/airflow/example_dags/example_bash_operator.py
[2022-09-20T17:28:00.653+0530] {logging_mixin.py:115} INFO - [2022-09-20T17:28:00.653+0530] {dag.py:2429} INFO - Sync 1 DAGs
[2022-09-20T17:28:00.663+0530] {logging_mixin.py:115} INFO - [2022-09-20T17:28:00.663+0530] {dag.py:2977} INFO - Setting next_dagrun for example_bash_operator to 2022-09-19T00:00:00+00:00, run_after=2022-09-20T00:00:00+00:00
[2022-09-20T17:28:00.673+0530] {processor.py:161} INFO - Processing /home/sayone/This PC/SayOne Technologies/Works/airflow_new/Airflow/venv/lib/python3.8/site-packages/airflow/example_dags/example_bash_operator.py took 0.053 seconds
[2022-09-20T17:28:36.668+0530] {processor.py:153} INFO - Started process (PID=31723) to work on /home/sayone/This PC/SayOne Technologies/Works/airflow_new/Airflow/venv/lib/python3.8/site-packages/airflow/example_dags/example_bash_operator.py
[2022-09-20T17:28:36.671+0530] {processor.py:640} INFO - Processing file /home/sayone/This PC/SayOne Technologies/Works/airflow_new/Airflow/venv/lib/python3.8/site-packages/airflow/example_dags/example_bash_operator.py for tasks to queue
[2022-09-20T17:28:36.671+0530] {logging_mixin.py:115} INFO - [2022-09-20T17:28:36.671+0530] {dagbag.py:508} INFO - Filling up the DagBag from /home/sayone/This PC/SayOne Technologies/Works/airflow_new/Airflow/venv/lib/python3.8/site-packages/airflow/example_dags/example_bash_operator.py
[2022-09-20T17:28:36.684+0530] {processor.py:650} INFO - DAG(s) dict_keys(['example_bash_operator']) retrieved from /home/sayone/This PC/SayOne Technologies/Works/airflow_new/Airflow/venv/lib/python3.8/site-packages/airflow/example_dags/example_bash_operator.py
[2022-09-20T17:28:36.697+0530] {logging_mixin.py:115} INFO - [2022-09-20T17:28:36.697+0530] {dag.py:2429} INFO - Sync 1 DAGs
[2022-09-20T17:28:36.708+0530] {logging_mixin.py:115} INFO - [2022-09-20T17:28:36.708+0530] {dag.py:2977} INFO - Setting next_dagrun for example_bash_operator to 2022-09-19T00:00:00+00:00, run_after=2022-09-20T00:00:00+00:00
[2022-09-20T17:28:36.716+0530] {processor.py:161} INFO - Processing /home/sayone/This PC/SayOne Technologies/Works/airflow_new/Airflow/venv/lib/python3.8/site-packages/airflow/example_dags/example_bash_operator.py took 0.051 seconds
[2022-09-20T17:29:13.903+0530] {processor.py:153} INFO - Started process (PID=31851) to work on /home/sayone/This PC/SayOne Technologies/Works/airflow_new/Airflow/venv/lib/python3.8/site-packages/airflow/example_dags/example_bash_operator.py
[2022-09-20T17:29:13.906+0530] {processor.py:640} INFO - Processing file /home/sayone/This PC/SayOne Technologies/Works/airflow_new/Airflow/venv/lib/python3.8/site-packages/airflow/example_dags/example_bash_operator.py for tasks to queue
[2022-09-20T17:29:13.907+0530] {logging_mixin.py:115} INFO - [2022-09-20T17:29:13.907+0530] {dagbag.py:508} INFO - Filling up the DagBag from /home/sayone/This PC/SayOne Technologies/Works/airflow_new/Airflow/venv/lib/python3.8/site-packages/airflow/example_dags/example_bash_operator.py
[2022-09-20T17:29:13.916+0530] {processor.py:650} INFO - DAG(s) dict_keys(['example_bash_operator']) retrieved from /home/sayone/This PC/SayOne Technologies/Works/airflow_new/Airflow/venv/lib/python3.8/site-packages/airflow/example_dags/example_bash_operator.py
[2022-09-20T17:29:13.929+0530] {logging_mixin.py:115} INFO - [2022-09-20T17:29:13.928+0530] {dag.py:2429} INFO - Sync 1 DAGs
[2022-09-20T17:29:13.940+0530] {logging_mixin.py:115} INFO - [2022-09-20T17:29:13.939+0530] {dag.py:2977} INFO - Setting next_dagrun for example_bash_operator to 2022-09-19T00:00:00+00:00, run_after=2022-09-20T00:00:00+00:00
[2022-09-20T17:29:13.948+0530] {processor.py:161} INFO - Processing /home/sayone/This PC/SayOne Technologies/Works/airflow_new/Airflow/venv/lib/python3.8/site-packages/airflow/example_dags/example_bash_operator.py took 0.046 seconds
[2022-09-20T17:29:48.514+0530] {processor.py:153} INFO - Started process (PID=32016) to work on /home/sayone/This PC/SayOne Technologies/Works/airflow_new/Airflow/venv/lib/python3.8/site-packages/airflow/example_dags/example_bash_operator.py
[2022-09-20T17:29:48.517+0530] {processor.py:640} INFO - Processing file /home/sayone/This PC/SayOne Technologies/Works/airflow_new/Airflow/venv/lib/python3.8/site-packages/airflow/example_dags/example_bash_operator.py for tasks to queue
[2022-09-20T17:29:48.517+0530] {logging_mixin.py:115} INFO - [2022-09-20T17:29:48.517+0530] {dagbag.py:508} INFO - Filling up the DagBag from /home/sayone/This PC/SayOne Technologies/Works/airflow_new/Airflow/venv/lib/python3.8/site-packages/airflow/example_dags/example_bash_operator.py
[2022-09-20T17:29:48.530+0530] {processor.py:650} INFO - DAG(s) dict_keys(['example_bash_operator']) retrieved from /home/sayone/This PC/SayOne Technologies/Works/airflow_new/Airflow/venv/lib/python3.8/site-packages/airflow/example_dags/example_bash_operator.py
[2022-09-20T17:29:48.543+0530] {logging_mixin.py:115} INFO - [2022-09-20T17:29:48.543+0530] {dag.py:2429} INFO - Sync 1 DAGs
[2022-09-20T17:29:48.555+0530] {logging_mixin.py:115} INFO - [2022-09-20T17:29:48.554+0530] {dag.py:2977} INFO - Setting next_dagrun for example_bash_operator to 2022-09-19T00:00:00+00:00, run_after=2022-09-20T00:00:00+00:00
[2022-09-20T17:29:48.564+0530] {processor.py:161} INFO - Processing /home/sayone/This PC/SayOne Technologies/Works/airflow_new/Airflow/venv/lib/python3.8/site-packages/airflow/example_dags/example_bash_operator.py took 0.051 seconds
[2022-09-20T17:30:25.689+0530] {processor.py:153} INFO - Started process (PID=32111) to work on /home/sayone/This PC/SayOne Technologies/Works/airflow_new/Airflow/venv/lib/python3.8/site-packages/airflow/example_dags/example_bash_operator.py
[2022-09-20T17:30:25.692+0530] {processor.py:640} INFO - Processing file /home/sayone/This PC/SayOne Technologies/Works/airflow_new/Airflow/venv/lib/python3.8/site-packages/airflow/example_dags/example_bash_operator.py for tasks to queue
[2022-09-20T17:30:25.693+0530] {logging_mixin.py:115} INFO - [2022-09-20T17:30:25.693+0530] {dagbag.py:508} INFO - Filling up the DagBag from /home/sayone/This PC/SayOne Technologies/Works/airflow_new/Airflow/venv/lib/python3.8/site-packages/airflow/example_dags/example_bash_operator.py
[2022-09-20T17:30:25.706+0530] {processor.py:650} INFO - DAG(s) dict_keys(['example_bash_operator']) retrieved from /home/sayone/This PC/SayOne Technologies/Works/airflow_new/Airflow/venv/lib/python3.8/site-packages/airflow/example_dags/example_bash_operator.py
[2022-09-20T17:30:25.720+0530] {logging_mixin.py:115} INFO - [2022-09-20T17:30:25.720+0530] {dag.py:2429} INFO - Sync 1 DAGs
[2022-09-20T17:30:25.732+0530] {logging_mixin.py:115} INFO - [2022-09-20T17:30:25.732+0530] {dag.py:2977} INFO - Setting next_dagrun for example_bash_operator to 2022-09-19T00:00:00+00:00, run_after=2022-09-20T00:00:00+00:00
[2022-09-20T17:30:25.741+0530] {processor.py:161} INFO - Processing /home/sayone/This PC/SayOne Technologies/Works/airflow_new/Airflow/venv/lib/python3.8/site-packages/airflow/example_dags/example_bash_operator.py took 0.054 seconds
[2022-09-20T17:31:01.627+0530] {processor.py:153} INFO - Started process (PID=32228) to work on /home/sayone/This PC/SayOne Technologies/Works/airflow_new/Airflow/venv/lib/python3.8/site-packages/airflow/example_dags/example_bash_operator.py
[2022-09-20T17:31:01.629+0530] {processor.py:640} INFO - Processing file /home/sayone/This PC/SayOne Technologies/Works/airflow_new/Airflow/venv/lib/python3.8/site-packages/airflow/example_dags/example_bash_operator.py for tasks to queue
[2022-09-20T17:31:01.629+0530] {logging_mixin.py:115} INFO - [2022-09-20T17:31:01.629+0530] {dagbag.py:508} INFO - Filling up the DagBag from /home/sayone/This PC/SayOne Technologies/Works/airflow_new/Airflow/venv/lib/python3.8/site-packages/airflow/example_dags/example_bash_operator.py
[2022-09-20T17:31:01.641+0530] {processor.py:650} INFO - DAG(s) dict_keys(['example_bash_operator']) retrieved from /home/sayone/This PC/SayOne Technologies/Works/airflow_new/Airflow/venv/lib/python3.8/site-packages/airflow/example_dags/example_bash_operator.py
[2022-09-20T17:31:01.654+0530] {logging_mixin.py:115} INFO - [2022-09-20T17:31:01.654+0530] {dag.py:2429} INFO - Sync 1 DAGs
[2022-09-20T17:31:01.665+0530] {logging_mixin.py:115} INFO - [2022-09-20T17:31:01.665+0530] {dag.py:2977} INFO - Setting next_dagrun for example_bash_operator to 2022-09-19T00:00:00+00:00, run_after=2022-09-20T00:00:00+00:00
[2022-09-20T17:31:01.674+0530] {processor.py:161} INFO - Processing /home/sayone/This PC/SayOne Technologies/Works/airflow_new/Airflow/venv/lib/python3.8/site-packages/airflow/example_dags/example_bash_operator.py took 0.051 seconds
[2022-09-20T17:31:38.420+0530] {processor.py:153} INFO - Started process (PID=32309) to work on /home/sayone/This PC/SayOne Technologies/Works/airflow_new/Airflow/venv/lib/python3.8/site-packages/airflow/example_dags/example_bash_operator.py
[2022-09-20T17:31:38.422+0530] {processor.py:640} INFO - Processing file /home/sayone/This PC/SayOne Technologies/Works/airflow_new/Airflow/venv/lib/python3.8/site-packages/airflow/example_dags/example_bash_operator.py for tasks to queue
[2022-09-20T17:31:38.423+0530] {logging_mixin.py:115} INFO - [2022-09-20T17:31:38.423+0530] {dagbag.py:508} INFO - Filling up the DagBag from /home/sayone/This PC/SayOne Technologies/Works/airflow_new/Airflow/venv/lib/python3.8/site-packages/airflow/example_dags/example_bash_operator.py
[2022-09-20T17:31:38.436+0530] {processor.py:650} INFO - DAG(s) dict_keys(['example_bash_operator']) retrieved from /home/sayone/This PC/SayOne Technologies/Works/airflow_new/Airflow/venv/lib/python3.8/site-packages/airflow/example_dags/example_bash_operator.py
[2022-09-20T17:31:38.449+0530] {logging_mixin.py:115} INFO - [2022-09-20T17:31:38.449+0530] {dag.py:2429} INFO - Sync 1 DAGs
[2022-09-20T17:31:38.460+0530] {logging_mixin.py:115} INFO - [2022-09-20T17:31:38.460+0530] {dag.py:2977} INFO - Setting next_dagrun for example_bash_operator to 2022-09-19T00:00:00+00:00, run_after=2022-09-20T00:00:00+00:00
[2022-09-20T17:31:38.468+0530] {processor.py:161} INFO - Processing /home/sayone/This PC/SayOne Technologies/Works/airflow_new/Airflow/venv/lib/python3.8/site-packages/airflow/example_dags/example_bash_operator.py took 0.052 seconds
[2022-09-20T17:32:13.590+0530] {processor.py:153} INFO - Started process (PID=32506) to work on /home/sayone/This PC/SayOne Technologies/Works/airflow_new/Airflow/venv/lib/python3.8/site-packages/airflow/example_dags/example_bash_operator.py
[2022-09-20T17:32:13.593+0530] {processor.py:640} INFO - Processing file /home/sayone/This PC/SayOne Technologies/Works/airflow_new/Airflow/venv/lib/python3.8/site-packages/airflow/example_dags/example_bash_operator.py for tasks to queue
[2022-09-20T17:32:13.595+0530] {logging_mixin.py:115} INFO - [2022-09-20T17:32:13.595+0530] {dagbag.py:508} INFO - Filling up the DagBag from /home/sayone/This PC/SayOne Technologies/Works/airflow_new/Airflow/venv/lib/python3.8/site-packages/airflow/example_dags/example_bash_operator.py
[2022-09-20T17:32:13.603+0530] {processor.py:650} INFO - DAG(s) dict_keys(['example_bash_operator']) retrieved from /home/sayone/This PC/SayOne Technologies/Works/airflow_new/Airflow/venv/lib/python3.8/site-packages/airflow/example_dags/example_bash_operator.py
[2022-09-20T17:32:13.618+0530] {logging_mixin.py:115} INFO - [2022-09-20T17:32:13.618+0530] {dag.py:2429} INFO - Sync 1 DAGs
[2022-09-20T17:32:13.629+0530] {logging_mixin.py:115} INFO - [2022-09-20T17:32:13.629+0530] {dag.py:2977} INFO - Setting next_dagrun for example_bash_operator to 2022-09-19T00:00:00+00:00, run_after=2022-09-20T00:00:00+00:00
[2022-09-20T17:32:13.637+0530] {processor.py:161} INFO - Processing /home/sayone/This PC/SayOne Technologies/Works/airflow_new/Airflow/venv/lib/python3.8/site-packages/airflow/example_dags/example_bash_operator.py took 0.049 seconds
[2022-09-20T17:32:49.590+0530] {processor.py:153} INFO - Started process (PID=32623) to work on /home/sayone/This PC/SayOne Technologies/Works/airflow_new/Airflow/venv/lib/python3.8/site-packages/airflow/example_dags/example_bash_operator.py
[2022-09-20T17:32:49.593+0530] {processor.py:640} INFO - Processing file /home/sayone/This PC/SayOne Technologies/Works/airflow_new/Airflow/venv/lib/python3.8/site-packages/airflow/example_dags/example_bash_operator.py for tasks to queue
[2022-09-20T17:32:49.594+0530] {logging_mixin.py:115} INFO - [2022-09-20T17:32:49.594+0530] {dagbag.py:508} INFO - Filling up the DagBag from /home/sayone/This PC/SayOne Technologies/Works/airflow_new/Airflow/venv/lib/python3.8/site-packages/airflow/example_dags/example_bash_operator.py
[2022-09-20T17:32:49.607+0530] {processor.py:650} INFO - DAG(s) dict_keys(['example_bash_operator']) retrieved from /home/sayone/This PC/SayOne Technologies/Works/airflow_new/Airflow/venv/lib/python3.8/site-packages/airflow/example_dags/example_bash_operator.py
[2022-09-20T17:32:49.621+0530] {logging_mixin.py:115} INFO - [2022-09-20T17:32:49.621+0530] {dag.py:2429} INFO - Sync 1 DAGs
[2022-09-20T17:32:49.632+0530] {logging_mixin.py:115} INFO - [2022-09-20T17:32:49.632+0530] {dag.py:2977} INFO - Setting next_dagrun for example_bash_operator to 2022-09-19T00:00:00+00:00, run_after=2022-09-20T00:00:00+00:00
[2022-09-20T17:32:49.641+0530] {processor.py:161} INFO - Processing /home/sayone/This PC/SayOne Technologies/Works/airflow_new/Airflow/venv/lib/python3.8/site-packages/airflow/example_dags/example_bash_operator.py took 0.055 seconds
[2022-09-20T17:33:24.409+0530] {processor.py:153} INFO - Started process (PID=32725) to work on /home/sayone/This PC/SayOne Technologies/Works/airflow_new/Airflow/venv/lib/python3.8/site-packages/airflow/example_dags/example_bash_operator.py
[2022-09-20T17:33:24.412+0530] {processor.py:640} INFO - Processing file /home/sayone/This PC/SayOne Technologies/Works/airflow_new/Airflow/venv/lib/python3.8/site-packages/airflow/example_dags/example_bash_operator.py for tasks to queue
[2022-09-20T17:33:24.412+0530] {logging_mixin.py:115} INFO - [2022-09-20T17:33:24.412+0530] {dagbag.py:508} INFO - Filling up the DagBag from /home/sayone/This PC/SayOne Technologies/Works/airflow_new/Airflow/venv/lib/python3.8/site-packages/airflow/example_dags/example_bash_operator.py
[2022-09-20T17:33:24.424+0530] {processor.py:650} INFO - DAG(s) dict_keys(['example_bash_operator']) retrieved from /home/sayone/This PC/SayOne Technologies/Works/airflow_new/Airflow/venv/lib/python3.8/site-packages/airflow/example_dags/example_bash_operator.py
[2022-09-20T17:33:24.438+0530] {logging_mixin.py:115} INFO - [2022-09-20T17:33:24.437+0530] {dag.py:2429} INFO - Sync 1 DAGs
[2022-09-20T17:33:24.450+0530] {logging_mixin.py:115} INFO - [2022-09-20T17:33:24.450+0530] {dag.py:2977} INFO - Setting next_dagrun for example_bash_operator to 2022-09-19T00:00:00+00:00, run_after=2022-09-20T00:00:00+00:00
[2022-09-20T17:33:24.458+0530] {processor.py:161} INFO - Processing /home/sayone/This PC/SayOne Technologies/Works/airflow_new/Airflow/venv/lib/python3.8/site-packages/airflow/example_dags/example_bash_operator.py took 0.052 seconds
[2022-09-20T17:34:01.591+0530] {processor.py:153} INFO - Started process (PID=32823) to work on /home/sayone/This PC/SayOne Technologies/Works/airflow_new/Airflow/venv/lib/python3.8/site-packages/airflow/example_dags/example_bash_operator.py
[2022-09-20T17:34:01.593+0530] {processor.py:640} INFO - Processing file /home/sayone/This PC/SayOne Technologies/Works/airflow_new/Airflow/venv/lib/python3.8/site-packages/airflow/example_dags/example_bash_operator.py for tasks to queue
[2022-09-20T17:34:01.594+0530] {logging_mixin.py:115} INFO - [2022-09-20T17:34:01.594+0530] {dagbag.py:508} INFO - Filling up the DagBag from /home/sayone/This PC/SayOne Technologies/Works/airflow_new/Airflow/venv/lib/python3.8/site-packages/airflow/example_dags/example_bash_operator.py
[2022-09-20T17:34:01.608+0530] {processor.py:650} INFO - DAG(s) dict_keys(['example_bash_operator']) retrieved from /home/sayone/This PC/SayOne Technologies/Works/airflow_new/Airflow/venv/lib/python3.8/site-packages/airflow/example_dags/example_bash_operator.py
[2022-09-20T17:34:01.622+0530] {logging_mixin.py:115} INFO - [2022-09-20T17:34:01.622+0530] {dag.py:2429} INFO - Sync 1 DAGs
[2022-09-20T17:34:01.634+0530] {logging_mixin.py:115} INFO - [2022-09-20T17:34:01.634+0530] {dag.py:2977} INFO - Setting next_dagrun for example_bash_operator to 2022-09-19T00:00:00+00:00, run_after=2022-09-20T00:00:00+00:00
[2022-09-20T17:34:01.642+0530] {processor.py:161} INFO - Processing /home/sayone/This PC/SayOne Technologies/Works/airflow_new/Airflow/venv/lib/python3.8/site-packages/airflow/example_dags/example_bash_operator.py took 0.055 seconds
[2022-09-20T17:34:37.803+0530] {processor.py:153} INFO - Started process (PID=33049) to work on /home/sayone/This PC/SayOne Technologies/Works/airflow_new/Airflow/venv/lib/python3.8/site-packages/airflow/example_dags/example_bash_operator.py
[2022-09-20T17:34:37.806+0530] {processor.py:640} INFO - Processing file /home/sayone/This PC/SayOne Technologies/Works/airflow_new/Airflow/venv/lib/python3.8/site-packages/airflow/example_dags/example_bash_operator.py for tasks to queue
[2022-09-20T17:34:37.807+0530] {logging_mixin.py:115} INFO - [2022-09-20T17:34:37.807+0530] {dagbag.py:508} INFO - Filling up the DagBag from /home/sayone/This PC/SayOne Technologies/Works/airflow_new/Airflow/venv/lib/python3.8/site-packages/airflow/example_dags/example_bash_operator.py
[2022-09-20T17:34:37.819+0530] {processor.py:650} INFO - DAG(s) dict_keys(['example_bash_operator']) retrieved from /home/sayone/This PC/SayOne Technologies/Works/airflow_new/Airflow/venv/lib/python3.8/site-packages/airflow/example_dags/example_bash_operator.py
[2022-09-20T17:34:37.832+0530] {logging_mixin.py:115} INFO - [2022-09-20T17:34:37.832+0530] {dag.py:2429} INFO - Sync 1 DAGs
[2022-09-20T17:34:37.843+0530] {logging_mixin.py:115} INFO - [2022-09-20T17:34:37.843+0530] {dag.py:2977} INFO - Setting next_dagrun for example_bash_operator to 2022-09-19T00:00:00+00:00, run_after=2022-09-20T00:00:00+00:00
[2022-09-20T17:34:37.853+0530] {processor.py:161} INFO - Processing /home/sayone/This PC/SayOne Technologies/Works/airflow_new/Airflow/venv/lib/python3.8/site-packages/airflow/example_dags/example_bash_operator.py took 0.054 seconds
[2022-09-20T17:35:14.722+0530] {processor.py:153} INFO - Started process (PID=33159) to work on /home/sayone/This PC/SayOne Technologies/Works/airflow_new/Airflow/venv/lib/python3.8/site-packages/airflow/example_dags/example_bash_operator.py
[2022-09-20T17:35:14.725+0530] {processor.py:640} INFO - Processing file /home/sayone/This PC/SayOne Technologies/Works/airflow_new/Airflow/venv/lib/python3.8/site-packages/airflow/example_dags/example_bash_operator.py for tasks to queue
[2022-09-20T17:35:14.726+0530] {logging_mixin.py:115} INFO - [2022-09-20T17:35:14.726+0530] {dagbag.py:508} INFO - Filling up the DagBag from /home/sayone/This PC/SayOne Technologies/Works/airflow_new/Airflow/venv/lib/python3.8/site-packages/airflow/example_dags/example_bash_operator.py
[2022-09-20T17:35:14.735+0530] {processor.py:650} INFO - DAG(s) dict_keys(['example_bash_operator']) retrieved from /home/sayone/This PC/SayOne Technologies/Works/airflow_new/Airflow/venv/lib/python3.8/site-packages/airflow/example_dags/example_bash_operator.py
[2022-09-20T17:35:14.748+0530] {logging_mixin.py:115} INFO - [2022-09-20T17:35:14.748+0530] {dag.py:2429} INFO - Sync 1 DAGs
[2022-09-20T17:35:14.759+0530] {logging_mixin.py:115} INFO - [2022-09-20T17:35:14.759+0530] {dag.py:2977} INFO - Setting next_dagrun for example_bash_operator to 2022-09-19T00:00:00+00:00, run_after=2022-09-20T00:00:00+00:00
[2022-09-20T17:35:14.768+0530] {processor.py:161} INFO - Processing /home/sayone/This PC/SayOne Technologies/Works/airflow_new/Airflow/venv/lib/python3.8/site-packages/airflow/example_dags/example_bash_operator.py took 0.047 seconds
[2022-09-20T17:35:49.626+0530] {processor.py:153} INFO - Started process (PID=33225) to work on /home/sayone/This PC/SayOne Technologies/Works/airflow_new/Airflow/venv/lib/python3.8/site-packages/airflow/example_dags/example_bash_operator.py
[2022-09-20T17:35:49.628+0530] {processor.py:640} INFO - Processing file /home/sayone/This PC/SayOne Technologies/Works/airflow_new/Airflow/venv/lib/python3.8/site-packages/airflow/example_dags/example_bash_operator.py for tasks to queue
[2022-09-20T17:35:49.629+0530] {logging_mixin.py:115} INFO - [2022-09-20T17:35:49.629+0530] {dagbag.py:508} INFO - Filling up the DagBag from /home/sayone/This PC/SayOne Technologies/Works/airflow_new/Airflow/venv/lib/python3.8/site-packages/airflow/example_dags/example_bash_operator.py
[2022-09-20T17:35:49.641+0530] {processor.py:650} INFO - DAG(s) dict_keys(['example_bash_operator']) retrieved from /home/sayone/This PC/SayOne Technologies/Works/airflow_new/Airflow/venv/lib/python3.8/site-packages/airflow/example_dags/example_bash_operator.py
[2022-09-20T17:35:49.655+0530] {logging_mixin.py:115} INFO - [2022-09-20T17:35:49.654+0530] {dag.py:2429} INFO - Sync 1 DAGs
[2022-09-20T17:35:49.666+0530] {logging_mixin.py:115} INFO - [2022-09-20T17:35:49.666+0530] {dag.py:2977} INFO - Setting next_dagrun for example_bash_operator to 2022-09-19T00:00:00+00:00, run_after=2022-09-20T00:00:00+00:00
[2022-09-20T17:35:49.674+0530] {processor.py:161} INFO - Processing /home/sayone/This PC/SayOne Technologies/Works/airflow_new/Airflow/venv/lib/python3.8/site-packages/airflow/example_dags/example_bash_operator.py took 0.052 seconds
[2022-09-20T17:36:28.178+0530] {processor.py:153} INFO - Started process (PID=33385) to work on /home/sayone/This PC/SayOne Technologies/Works/airflow_new/Airflow/venv/lib/python3.8/site-packages/airflow/example_dags/example_bash_operator.py
[2022-09-20T17:36:28.181+0530] {processor.py:640} INFO - Processing file /home/sayone/This PC/SayOne Technologies/Works/airflow_new/Airflow/venv/lib/python3.8/site-packages/airflow/example_dags/example_bash_operator.py for tasks to queue
[2022-09-20T17:36:28.182+0530] {logging_mixin.py:115} INFO - [2022-09-20T17:36:28.182+0530] {dagbag.py:508} INFO - Filling up the DagBag from /home/sayone/This PC/SayOne Technologies/Works/airflow_new/Airflow/venv/lib/python3.8/site-packages/airflow/example_dags/example_bash_operator.py
[2022-09-20T17:36:28.197+0530] {processor.py:650} INFO - DAG(s) dict_keys(['example_bash_operator']) retrieved from /home/sayone/This PC/SayOne Technologies/Works/airflow_new/Airflow/venv/lib/python3.8/site-packages/airflow/example_dags/example_bash_operator.py
[2022-09-20T17:36:28.211+0530] {logging_mixin.py:115} INFO - [2022-09-20T17:36:28.211+0530] {dag.py:2429} INFO - Sync 1 DAGs
[2022-09-20T17:36:28.224+0530] {logging_mixin.py:115} INFO - [2022-09-20T17:36:28.224+0530] {dag.py:2977} INFO - Setting next_dagrun for example_bash_operator to 2022-09-19T00:00:00+00:00, run_after=2022-09-20T00:00:00+00:00
[2022-09-20T17:36:28.235+0530] {processor.py:161} INFO - Processing /home/sayone/This PC/SayOne Technologies/Works/airflow_new/Airflow/venv/lib/python3.8/site-packages/airflow/example_dags/example_bash_operator.py took 0.061 seconds
[2022-09-20T17:37:02.796+0530] {processor.py:153} INFO - Started process (PID=33577) to work on /home/sayone/This PC/SayOne Technologies/Works/airflow_new/Airflow/venv/lib/python3.8/site-packages/airflow/example_dags/example_bash_operator.py
[2022-09-20T17:37:02.799+0530] {processor.py:640} INFO - Processing file /home/sayone/This PC/SayOne Technologies/Works/airflow_new/Airflow/venv/lib/python3.8/site-packages/airflow/example_dags/example_bash_operator.py for tasks to queue
[2022-09-20T17:37:02.799+0530] {logging_mixin.py:115} INFO - [2022-09-20T17:37:02.799+0530] {dagbag.py:508} INFO - Filling up the DagBag from /home/sayone/This PC/SayOne Technologies/Works/airflow_new/Airflow/venv/lib/python3.8/site-packages/airflow/example_dags/example_bash_operator.py
[2022-09-20T17:37:02.810+0530] {processor.py:650} INFO - DAG(s) dict_keys(['example_bash_operator']) retrieved from /home/sayone/This PC/SayOne Technologies/Works/airflow_new/Airflow/venv/lib/python3.8/site-packages/airflow/example_dags/example_bash_operator.py
[2022-09-20T17:37:02.826+0530] {logging_mixin.py:115} INFO - [2022-09-20T17:37:02.825+0530] {dag.py:2429} INFO - Sync 1 DAGs
[2022-09-20T17:37:02.841+0530] {logging_mixin.py:115} INFO - [2022-09-20T17:37:02.840+0530] {dag.py:2977} INFO - Setting next_dagrun for example_bash_operator to 2022-09-19T00:00:00+00:00, run_after=2022-09-20T00:00:00+00:00
[2022-09-20T17:37:02.852+0530] {processor.py:161} INFO - Processing /home/sayone/This PC/SayOne Technologies/Works/airflow_new/Airflow/venv/lib/python3.8/site-packages/airflow/example_dags/example_bash_operator.py took 0.061 seconds
[2022-09-20T17:37:39.433+0530] {processor.py:153} INFO - Started process (PID=33710) to work on /home/sayone/This PC/SayOne Technologies/Works/airflow_new/Airflow/venv/lib/python3.8/site-packages/airflow/example_dags/example_bash_operator.py
[2022-09-20T17:37:39.436+0530] {processor.py:640} INFO - Processing file /home/sayone/This PC/SayOne Technologies/Works/airflow_new/Airflow/venv/lib/python3.8/site-packages/airflow/example_dags/example_bash_operator.py for tasks to queue
[2022-09-20T17:37:39.437+0530] {logging_mixin.py:115} INFO - [2022-09-20T17:37:39.437+0530] {dagbag.py:508} INFO - Filling up the DagBag from /home/sayone/This PC/SayOne Technologies/Works/airflow_new/Airflow/venv/lib/python3.8/site-packages/airflow/example_dags/example_bash_operator.py
[2022-09-20T17:37:39.450+0530] {processor.py:650} INFO - DAG(s) dict_keys(['example_bash_operator']) retrieved from /home/sayone/This PC/SayOne Technologies/Works/airflow_new/Airflow/venv/lib/python3.8/site-packages/airflow/example_dags/example_bash_operator.py
[2022-09-20T17:37:39.464+0530] {logging_mixin.py:115} INFO - [2022-09-20T17:37:39.464+0530] {dag.py:2429} INFO - Sync 1 DAGs
[2022-09-20T17:37:39.476+0530] {logging_mixin.py:115} INFO - [2022-09-20T17:37:39.476+0530] {dag.py:2977} INFO - Setting next_dagrun for example_bash_operator to 2022-09-19T00:00:00+00:00, run_after=2022-09-20T00:00:00+00:00
[2022-09-20T17:37:39.485+0530] {processor.py:161} INFO - Processing /home/sayone/This PC/SayOne Technologies/Works/airflow_new/Airflow/venv/lib/python3.8/site-packages/airflow/example_dags/example_bash_operator.py took 0.054 seconds
[2022-09-20T17:38:26.456+0530] {processor.py:153} INFO - Started process (PID=33853) to work on /home/sayone/This PC/SayOne Technologies/Works/airflow_new/Airflow/venv/lib/python3.8/site-packages/airflow/example_dags/example_bash_operator.py
[2022-09-20T17:38:26.457+0530] {processor.py:640} INFO - Processing file /home/sayone/This PC/SayOne Technologies/Works/airflow_new/Airflow/venv/lib/python3.8/site-packages/airflow/example_dags/example_bash_operator.py for tasks to queue
[2022-09-20T17:38:26.457+0530] {logging_mixin.py:115} INFO - [2022-09-20T17:38:26.457+0530] {dagbag.py:508} INFO - Filling up the DagBag from /home/sayone/This PC/SayOne Technologies/Works/airflow_new/Airflow/venv/lib/python3.8/site-packages/airflow/example_dags/example_bash_operator.py
[2022-09-20T17:38:26.464+0530] {processor.py:650} INFO - DAG(s) dict_keys(['example_bash_operator']) retrieved from /home/sayone/This PC/SayOne Technologies/Works/airflow_new/Airflow/venv/lib/python3.8/site-packages/airflow/example_dags/example_bash_operator.py
[2022-09-20T17:38:26.481+0530] {logging_mixin.py:115} INFO - [2022-09-20T17:38:26.480+0530] {dag.py:2429} INFO - Sync 1 DAGs
[2022-09-20T17:38:26.496+0530] {logging_mixin.py:115} INFO - [2022-09-20T17:38:26.496+0530] {dag.py:2977} INFO - Setting next_dagrun for example_bash_operator to 2022-09-19T00:00:00+00:00, run_after=2022-09-20T00:00:00+00:00
[2022-09-20T17:38:26.510+0530] {processor.py:161} INFO - Processing /home/sayone/This PC/SayOne Technologies/Works/airflow_new/Airflow/venv/lib/python3.8/site-packages/airflow/example_dags/example_bash_operator.py took 0.057 seconds
[2022-09-20T17:39:04.209+0530] {processor.py:153} INFO - Started process (PID=33958) to work on /home/sayone/This PC/SayOne Technologies/Works/airflow_new/Airflow/venv/lib/python3.8/site-packages/airflow/example_dags/example_bash_operator.py
[2022-09-20T17:39:04.212+0530] {processor.py:640} INFO - Processing file /home/sayone/This PC/SayOne Technologies/Works/airflow_new/Airflow/venv/lib/python3.8/site-packages/airflow/example_dags/example_bash_operator.py for tasks to queue
[2022-09-20T17:39:04.213+0530] {logging_mixin.py:115} INFO - [2022-09-20T17:39:04.212+0530] {dagbag.py:508} INFO - Filling up the DagBag from /home/sayone/This PC/SayOne Technologies/Works/airflow_new/Airflow/venv/lib/python3.8/site-packages/airflow/example_dags/example_bash_operator.py
[2022-09-20T17:39:04.225+0530] {processor.py:650} INFO - DAG(s) dict_keys(['example_bash_operator']) retrieved from /home/sayone/This PC/SayOne Technologies/Works/airflow_new/Airflow/venv/lib/python3.8/site-packages/airflow/example_dags/example_bash_operator.py
[2022-09-20T17:39:04.239+0530] {logging_mixin.py:115} INFO - [2022-09-20T17:39:04.239+0530] {dag.py:2429} INFO - Sync 1 DAGs
[2022-09-20T17:39:04.248+0530] {logging_mixin.py:115} INFO - [2022-09-20T17:39:04.248+0530] {dag.py:2977} INFO - Setting next_dagrun for example_bash_operator to 2022-09-19T00:00:00+00:00, run_after=2022-09-20T00:00:00+00:00
[2022-09-20T17:39:04.257+0530] {processor.py:161} INFO - Processing /home/sayone/This PC/SayOne Technologies/Works/airflow_new/Airflow/venv/lib/python3.8/site-packages/airflow/example_dags/example_bash_operator.py took 0.050 seconds
[2022-09-20T17:39:37.383+0530] {processor.py:153} INFO - Started process (PID=34095) to work on /home/sayone/This PC/SayOne Technologies/Works/airflow_new/Airflow/venv/lib/python3.8/site-packages/airflow/example_dags/example_bash_operator.py
[2022-09-20T17:39:37.386+0530] {processor.py:640} INFO - Processing file /home/sayone/This PC/SayOne Technologies/Works/airflow_new/Airflow/venv/lib/python3.8/site-packages/airflow/example_dags/example_bash_operator.py for tasks to queue
[2022-09-20T17:39:37.387+0530] {logging_mixin.py:115} INFO - [2022-09-20T17:39:37.387+0530] {dagbag.py:508} INFO - Filling up the DagBag from /home/sayone/This PC/SayOne Technologies/Works/airflow_new/Airflow/venv/lib/python3.8/site-packages/airflow/example_dags/example_bash_operator.py
[2022-09-20T17:39:37.399+0530] {processor.py:650} INFO - DAG(s) dict_keys(['example_bash_operator']) retrieved from /home/sayone/This PC/SayOne Technologies/Works/airflow_new/Airflow/venv/lib/python3.8/site-packages/airflow/example_dags/example_bash_operator.py
[2022-09-20T17:39:37.413+0530] {logging_mixin.py:115} INFO - [2022-09-20T17:39:37.413+0530] {dag.py:2429} INFO - Sync 1 DAGs
[2022-09-20T17:39:37.424+0530] {logging_mixin.py:115} INFO - [2022-09-20T17:39:37.424+0530] {dag.py:2977} INFO - Setting next_dagrun for example_bash_operator to 2022-09-19T00:00:00+00:00, run_after=2022-09-20T00:00:00+00:00
[2022-09-20T17:39:37.434+0530] {processor.py:161} INFO - Processing /home/sayone/This PC/SayOne Technologies/Works/airflow_new/Airflow/venv/lib/python3.8/site-packages/airflow/example_dags/example_bash_operator.py took 0.055 seconds
[2022-09-20T17:40:15.704+0530] {processor.py:153} INFO - Started process (PID=34199) to work on /home/sayone/This PC/SayOne Technologies/Works/airflow_new/Airflow/venv/lib/python3.8/site-packages/airflow/example_dags/example_bash_operator.py
[2022-09-20T17:40:15.707+0530] {processor.py:640} INFO - Processing file /home/sayone/This PC/SayOne Technologies/Works/airflow_new/Airflow/venv/lib/python3.8/site-packages/airflow/example_dags/example_bash_operator.py for tasks to queue
[2022-09-20T17:40:15.707+0530] {logging_mixin.py:115} INFO - [2022-09-20T17:40:15.707+0530] {dagbag.py:508} INFO - Filling up the DagBag from /home/sayone/This PC/SayOne Technologies/Works/airflow_new/Airflow/venv/lib/python3.8/site-packages/airflow/example_dags/example_bash_operator.py
[2022-09-20T17:40:15.718+0530] {processor.py:650} INFO - DAG(s) dict_keys(['example_bash_operator']) retrieved from /home/sayone/This PC/SayOne Technologies/Works/airflow_new/Airflow/venv/lib/python3.8/site-packages/airflow/example_dags/example_bash_operator.py
[2022-09-20T17:40:15.732+0530] {logging_mixin.py:115} INFO - [2022-09-20T17:40:15.732+0530] {dag.py:2429} INFO - Sync 1 DAGs
[2022-09-20T17:40:15.743+0530] {logging_mixin.py:115} INFO - [2022-09-20T17:40:15.743+0530] {dag.py:2977} INFO - Setting next_dagrun for example_bash_operator to 2022-09-19T00:00:00+00:00, run_after=2022-09-20T00:00:00+00:00
[2022-09-20T17:40:15.755+0530] {processor.py:161} INFO - Processing /home/sayone/This PC/SayOne Technologies/Works/airflow_new/Airflow/venv/lib/python3.8/site-packages/airflow/example_dags/example_bash_operator.py took 0.055 seconds
[2022-09-20T17:40:50.486+0530] {processor.py:153} INFO - Started process (PID=34311) to work on /home/sayone/This PC/SayOne Technologies/Works/airflow_new/Airflow/venv/lib/python3.8/site-packages/airflow/example_dags/example_bash_operator.py
[2022-09-20T17:40:50.489+0530] {processor.py:640} INFO - Processing file /home/sayone/This PC/SayOne Technologies/Works/airflow_new/Airflow/venv/lib/python3.8/site-packages/airflow/example_dags/example_bash_operator.py for tasks to queue
[2022-09-20T17:40:50.490+0530] {logging_mixin.py:115} INFO - [2022-09-20T17:40:50.489+0530] {dagbag.py:508} INFO - Filling up the DagBag from /home/sayone/This PC/SayOne Technologies/Works/airflow_new/Airflow/venv/lib/python3.8/site-packages/airflow/example_dags/example_bash_operator.py
[2022-09-20T17:40:50.498+0530] {processor.py:650} INFO - DAG(s) dict_keys(['example_bash_operator']) retrieved from /home/sayone/This PC/SayOne Technologies/Works/airflow_new/Airflow/venv/lib/python3.8/site-packages/airflow/example_dags/example_bash_operator.py
[2022-09-20T17:40:50.512+0530] {logging_mixin.py:115} INFO - [2022-09-20T17:40:50.512+0530] {dag.py:2429} INFO - Sync 1 DAGs
[2022-09-20T17:40:50.523+0530] {logging_mixin.py:115} INFO - [2022-09-20T17:40:50.523+0530] {dag.py:2977} INFO - Setting next_dagrun for example_bash_operator to 2022-09-19T00:00:00+00:00, run_after=2022-09-20T00:00:00+00:00
[2022-09-20T17:40:50.534+0530] {processor.py:161} INFO - Processing /home/sayone/This PC/SayOne Technologies/Works/airflow_new/Airflow/venv/lib/python3.8/site-packages/airflow/example_dags/example_bash_operator.py took 0.050 seconds
[2022-09-20T17:41:28.236+0530] {processor.py:153} INFO - Started process (PID=34423) to work on /home/sayone/This PC/SayOne Technologies/Works/airflow_new/Airflow/venv/lib/python3.8/site-packages/airflow/example_dags/example_bash_operator.py
[2022-09-20T17:41:28.239+0530] {processor.py:640} INFO - Processing file /home/sayone/This PC/SayOne Technologies/Works/airflow_new/Airflow/venv/lib/python3.8/site-packages/airflow/example_dags/example_bash_operator.py for tasks to queue
[2022-09-20T17:41:28.240+0530] {logging_mixin.py:115} INFO - [2022-09-20T17:41:28.240+0530] {dagbag.py:508} INFO - Filling up the DagBag from /home/sayone/This PC/SayOne Technologies/Works/airflow_new/Airflow/venv/lib/python3.8/site-packages/airflow/example_dags/example_bash_operator.py
[2022-09-20T17:41:28.257+0530] {processor.py:650} INFO - DAG(s) dict_keys(['example_bash_operator']) retrieved from /home/sayone/This PC/SayOne Technologies/Works/airflow_new/Airflow/venv/lib/python3.8/site-packages/airflow/example_dags/example_bash_operator.py
[2022-09-20T17:41:28.272+0530] {logging_mixin.py:115} INFO - [2022-09-20T17:41:28.272+0530] {dag.py:2429} INFO - Sync 1 DAGs
[2022-09-20T17:41:28.283+0530] {logging_mixin.py:115} INFO - [2022-09-20T17:41:28.283+0530] {dag.py:2977} INFO - Setting next_dagrun for example_bash_operator to 2022-09-19T00:00:00+00:00, run_after=2022-09-20T00:00:00+00:00
[2022-09-20T17:41:28.295+0530] {processor.py:161} INFO - Processing /home/sayone/This PC/SayOne Technologies/Works/airflow_new/Airflow/venv/lib/python3.8/site-packages/airflow/example_dags/example_bash_operator.py took 0.063 seconds
[2022-09-20T17:45:55.022+0530] {processor.py:153} INFO - Started process (PID=34982) to work on /home/sayone/This PC/SayOne Technologies/Works/airflow_new/Airflow/venv/lib/python3.8/site-packages/airflow/example_dags/example_bash_operator.py
[2022-09-20T17:45:55.024+0530] {processor.py:640} INFO - Processing file /home/sayone/This PC/SayOne Technologies/Works/airflow_new/Airflow/venv/lib/python3.8/site-packages/airflow/example_dags/example_bash_operator.py for tasks to queue
[2022-09-20T17:45:55.025+0530] {logging_mixin.py:115} INFO - [2022-09-20T17:45:55.025+0530] {dagbag.py:508} INFO - Filling up the DagBag from /home/sayone/This PC/SayOne Technologies/Works/airflow_new/Airflow/venv/lib/python3.8/site-packages/airflow/example_dags/example_bash_operator.py
[2022-09-20T17:45:55.031+0530] {processor.py:650} INFO - DAG(s) dict_keys(['example_bash_operator']) retrieved from /home/sayone/This PC/SayOne Technologies/Works/airflow_new/Airflow/venv/lib/python3.8/site-packages/airflow/example_dags/example_bash_operator.py
[2022-09-20T17:45:55.052+0530] {logging_mixin.py:115} INFO - [2022-09-20T17:45:55.052+0530] {dag.py:2429} INFO - Sync 1 DAGs
[2022-09-20T17:45:55.069+0530] {logging_mixin.py:115} INFO - [2022-09-20T17:45:55.069+0530] {dag.py:2977} INFO - Setting next_dagrun for example_bash_operator to 2022-09-19T00:00:00+00:00, run_after=2022-09-20T00:00:00+00:00
[2022-09-20T17:45:55.082+0530] {processor.py:161} INFO - Processing /home/sayone/This PC/SayOne Technologies/Works/airflow_new/Airflow/venv/lib/python3.8/site-packages/airflow/example_dags/example_bash_operator.py took 0.062 seconds
[2022-09-20T17:46:49.339+0530] {processor.py:153} INFO - Started process (PID=35230) to work on /home/sayone/This PC/SayOne Technologies/Works/airflow_new/Airflow/venv/lib/python3.8/site-packages/airflow/example_dags/example_bash_operator.py
[2022-09-20T17:46:49.340+0530] {processor.py:640} INFO - Processing file /home/sayone/This PC/SayOne Technologies/Works/airflow_new/Airflow/venv/lib/python3.8/site-packages/airflow/example_dags/example_bash_operator.py for tasks to queue
[2022-09-20T17:46:49.341+0530] {logging_mixin.py:115} INFO - [2022-09-20T17:46:49.341+0530] {dagbag.py:508} INFO - Filling up the DagBag from /home/sayone/This PC/SayOne Technologies/Works/airflow_new/Airflow/venv/lib/python3.8/site-packages/airflow/example_dags/example_bash_operator.py
[2022-09-20T17:46:49.353+0530] {processor.py:650} INFO - DAG(s) dict_keys(['example_bash_operator']) retrieved from /home/sayone/This PC/SayOne Technologies/Works/airflow_new/Airflow/venv/lib/python3.8/site-packages/airflow/example_dags/example_bash_operator.py
[2022-09-20T17:46:49.367+0530] {logging_mixin.py:115} INFO - [2022-09-20T17:46:49.366+0530] {dag.py:2429} INFO - Sync 1 DAGs
[2022-09-20T17:46:49.377+0530] {logging_mixin.py:115} INFO - [2022-09-20T17:46:49.377+0530] {dag.py:2977} INFO - Setting next_dagrun for example_bash_operator to 2022-09-19T00:00:00+00:00, run_after=2022-09-20T00:00:00+00:00
[2022-09-20T17:46:49.387+0530] {processor.py:161} INFO - Processing /home/sayone/This PC/SayOne Technologies/Works/airflow_new/Airflow/venv/lib/python3.8/site-packages/airflow/example_dags/example_bash_operator.py took 0.053 seconds
[2022-09-20T17:47:25.706+0530] {processor.py:153} INFO - Started process (PID=35348) to work on /home/sayone/This PC/SayOne Technologies/Works/airflow_new/Airflow/venv/lib/python3.8/site-packages/airflow/example_dags/example_bash_operator.py
[2022-09-20T17:47:25.709+0530] {processor.py:640} INFO - Processing file /home/sayone/This PC/SayOne Technologies/Works/airflow_new/Airflow/venv/lib/python3.8/site-packages/airflow/example_dags/example_bash_operator.py for tasks to queue
[2022-09-20T17:47:25.709+0530] {logging_mixin.py:115} INFO - [2022-09-20T17:47:25.709+0530] {dagbag.py:508} INFO - Filling up the DagBag from /home/sayone/This PC/SayOne Technologies/Works/airflow_new/Airflow/venv/lib/python3.8/site-packages/airflow/example_dags/example_bash_operator.py
[2022-09-20T17:47:25.720+0530] {processor.py:650} INFO - DAG(s) dict_keys(['example_bash_operator']) retrieved from /home/sayone/This PC/SayOne Technologies/Works/airflow_new/Airflow/venv/lib/python3.8/site-packages/airflow/example_dags/example_bash_operator.py
[2022-09-20T17:47:25.734+0530] {logging_mixin.py:115} INFO - [2022-09-20T17:47:25.733+0530] {dag.py:2429} INFO - Sync 1 DAGs
[2022-09-20T17:47:25.744+0530] {logging_mixin.py:115} INFO - [2022-09-20T17:47:25.744+0530] {dag.py:2977} INFO - Setting next_dagrun for example_bash_operator to 2022-09-19T00:00:00+00:00, run_after=2022-09-20T00:00:00+00:00
[2022-09-20T17:47:25.754+0530] {processor.py:161} INFO - Processing /home/sayone/This PC/SayOne Technologies/Works/airflow_new/Airflow/venv/lib/python3.8/site-packages/airflow/example_dags/example_bash_operator.py took 0.049 seconds
[2022-09-20T17:48:02.876+0530] {processor.py:153} INFO - Started process (PID=35484) to work on /home/sayone/This PC/SayOne Technologies/Works/airflow_new/Airflow/venv/lib/python3.8/site-packages/airflow/example_dags/example_bash_operator.py
[2022-09-20T17:48:02.878+0530] {processor.py:640} INFO - Processing file /home/sayone/This PC/SayOne Technologies/Works/airflow_new/Airflow/venv/lib/python3.8/site-packages/airflow/example_dags/example_bash_operator.py for tasks to queue
[2022-09-20T17:48:02.879+0530] {logging_mixin.py:115} INFO - [2022-09-20T17:48:02.878+0530] {dagbag.py:508} INFO - Filling up the DagBag from /home/sayone/This PC/SayOne Technologies/Works/airflow_new/Airflow/venv/lib/python3.8/site-packages/airflow/example_dags/example_bash_operator.py
[2022-09-20T17:48:02.891+0530] {processor.py:650} INFO - DAG(s) dict_keys(['example_bash_operator']) retrieved from /home/sayone/This PC/SayOne Technologies/Works/airflow_new/Airflow/venv/lib/python3.8/site-packages/airflow/example_dags/example_bash_operator.py
[2022-09-20T17:48:02.904+0530] {logging_mixin.py:115} INFO - [2022-09-20T17:48:02.904+0530] {dag.py:2429} INFO - Sync 1 DAGs
[2022-09-20T17:48:02.914+0530] {logging_mixin.py:115} INFO - [2022-09-20T17:48:02.914+0530] {dag.py:2977} INFO - Setting next_dagrun for example_bash_operator to 2022-09-19T00:00:00+00:00, run_after=2022-09-20T00:00:00+00:00
[2022-09-20T17:48:02.924+0530] {processor.py:161} INFO - Processing /home/sayone/This PC/SayOne Technologies/Works/airflow_new/Airflow/venv/lib/python3.8/site-packages/airflow/example_dags/example_bash_operator.py took 0.052 seconds
[2022-09-20T17:48:40.085+0530] {processor.py:153} INFO - Started process (PID=35544) to work on /home/sayone/This PC/SayOne Technologies/Works/airflow_new/Airflow/venv/lib/python3.8/site-packages/airflow/example_dags/example_bash_operator.py
[2022-09-20T17:48:40.088+0530] {processor.py:640} INFO - Processing file /home/sayone/This PC/SayOne Technologies/Works/airflow_new/Airflow/venv/lib/python3.8/site-packages/airflow/example_dags/example_bash_operator.py for tasks to queue
[2022-09-20T17:48:40.089+0530] {logging_mixin.py:115} INFO - [2022-09-20T17:48:40.089+0530] {dagbag.py:508} INFO - Filling up the DagBag from /home/sayone/This PC/SayOne Technologies/Works/airflow_new/Airflow/venv/lib/python3.8/site-packages/airflow/example_dags/example_bash_operator.py
[2022-09-20T17:48:40.102+0530] {processor.py:650} INFO - DAG(s) dict_keys(['example_bash_operator']) retrieved from /home/sayone/This PC/SayOne Technologies/Works/airflow_new/Airflow/venv/lib/python3.8/site-packages/airflow/example_dags/example_bash_operator.py
[2022-09-20T17:48:40.116+0530] {logging_mixin.py:115} INFO - [2022-09-20T17:48:40.116+0530] {dag.py:2429} INFO - Sync 1 DAGs
[2022-09-20T17:48:40.128+0530] {logging_mixin.py:115} INFO - [2022-09-20T17:48:40.128+0530] {dag.py:2977} INFO - Setting next_dagrun for example_bash_operator to 2022-09-19T00:00:00+00:00, run_after=2022-09-20T00:00:00+00:00
[2022-09-20T17:48:40.136+0530] {processor.py:161} INFO - Processing /home/sayone/This PC/SayOne Technologies/Works/airflow_new/Airflow/venv/lib/python3.8/site-packages/airflow/example_dags/example_bash_operator.py took 0.052 seconds
[2022-09-20T17:49:18.164+0530] {processor.py:153} INFO - Started process (PID=35677) to work on /home/sayone/This PC/SayOne Technologies/Works/airflow_new/Airflow/venv/lib/python3.8/site-packages/airflow/example_dags/example_bash_operator.py
[2022-09-20T17:49:18.167+0530] {processor.py:640} INFO - Processing file /home/sayone/This PC/SayOne Technologies/Works/airflow_new/Airflow/venv/lib/python3.8/site-packages/airflow/example_dags/example_bash_operator.py for tasks to queue
[2022-09-20T17:49:18.168+0530] {logging_mixin.py:115} INFO - [2022-09-20T17:49:18.168+0530] {dagbag.py:508} INFO - Filling up the DagBag from /home/sayone/This PC/SayOne Technologies/Works/airflow_new/Airflow/venv/lib/python3.8/site-packages/airflow/example_dags/example_bash_operator.py
[2022-09-20T17:49:18.181+0530] {processor.py:650} INFO - DAG(s) dict_keys(['example_bash_operator']) retrieved from /home/sayone/This PC/SayOne Technologies/Works/airflow_new/Airflow/venv/lib/python3.8/site-packages/airflow/example_dags/example_bash_operator.py
[2022-09-20T17:49:18.197+0530] {logging_mixin.py:115} INFO - [2022-09-20T17:49:18.196+0530] {dag.py:2429} INFO - Sync 1 DAGs
[2022-09-20T17:49:18.208+0530] {logging_mixin.py:115} INFO - [2022-09-20T17:49:18.208+0530] {dag.py:2977} INFO - Setting next_dagrun for example_bash_operator to 2022-09-19T00:00:00+00:00, run_after=2022-09-20T00:00:00+00:00
[2022-09-20T17:49:18.220+0530] {processor.py:161} INFO - Processing /home/sayone/This PC/SayOne Technologies/Works/airflow_new/Airflow/venv/lib/python3.8/site-packages/airflow/example_dags/example_bash_operator.py took 0.062 seconds
[2022-09-20T17:49:54.957+0530] {processor.py:153} INFO - Started process (PID=35742) to work on /home/sayone/This PC/SayOne Technologies/Works/airflow_new/Airflow/venv/lib/python3.8/site-packages/airflow/example_dags/example_bash_operator.py
[2022-09-20T17:49:54.959+0530] {processor.py:640} INFO - Processing file /home/sayone/This PC/SayOne Technologies/Works/airflow_new/Airflow/venv/lib/python3.8/site-packages/airflow/example_dags/example_bash_operator.py for tasks to queue
[2022-09-20T17:49:54.960+0530] {logging_mixin.py:115} INFO - [2022-09-20T17:49:54.960+0530] {dagbag.py:508} INFO - Filling up the DagBag from /home/sayone/This PC/SayOne Technologies/Works/airflow_new/Airflow/venv/lib/python3.8/site-packages/airflow/example_dags/example_bash_operator.py
[2022-09-20T17:49:54.973+0530] {processor.py:650} INFO - DAG(s) dict_keys(['example_bash_operator']) retrieved from /home/sayone/This PC/SayOne Technologies/Works/airflow_new/Airflow/venv/lib/python3.8/site-packages/airflow/example_dags/example_bash_operator.py
[2022-09-20T17:49:54.986+0530] {logging_mixin.py:115} INFO - [2022-09-20T17:49:54.986+0530] {dag.py:2429} INFO - Sync 1 DAGs
[2022-09-20T17:49:54.997+0530] {logging_mixin.py:115} INFO - [2022-09-20T17:49:54.997+0530] {dag.py:2977} INFO - Setting next_dagrun for example_bash_operator to 2022-09-19T00:00:00+00:00, run_after=2022-09-20T00:00:00+00:00
[2022-09-20T17:49:55.006+0530] {processor.py:161} INFO - Processing /home/sayone/This PC/SayOne Technologies/Works/airflow_new/Airflow/venv/lib/python3.8/site-packages/airflow/example_dags/example_bash_operator.py took 0.050 seconds
[2022-09-20T17:50:31.206+0530] {processor.py:153} INFO - Started process (PID=35849) to work on /home/sayone/This PC/SayOne Technologies/Works/airflow_new/Airflow/venv/lib/python3.8/site-packages/airflow/example_dags/example_bash_operator.py
[2022-09-20T17:50:31.209+0530] {processor.py:640} INFO - Processing file /home/sayone/This PC/SayOne Technologies/Works/airflow_new/Airflow/venv/lib/python3.8/site-packages/airflow/example_dags/example_bash_operator.py for tasks to queue
[2022-09-20T17:50:31.210+0530] {logging_mixin.py:115} INFO - [2022-09-20T17:50:31.210+0530] {dagbag.py:508} INFO - Filling up the DagBag from /home/sayone/This PC/SayOne Technologies/Works/airflow_new/Airflow/venv/lib/python3.8/site-packages/airflow/example_dags/example_bash_operator.py
[2022-09-20T17:50:31.217+0530] {processor.py:650} INFO - DAG(s) dict_keys(['example_bash_operator']) retrieved from /home/sayone/This PC/SayOne Technologies/Works/airflow_new/Airflow/venv/lib/python3.8/site-packages/airflow/example_dags/example_bash_operator.py
[2022-09-20T17:50:31.233+0530] {logging_mixin.py:115} INFO - [2022-09-20T17:50:31.233+0530] {dag.py:2429} INFO - Sync 1 DAGs
[2022-09-20T17:50:31.249+0530] {logging_mixin.py:115} INFO - [2022-09-20T17:50:31.249+0530] {dag.py:2977} INFO - Setting next_dagrun for example_bash_operator to 2022-09-19T00:00:00+00:00, run_after=2022-09-20T00:00:00+00:00
[2022-09-20T17:50:31.261+0530] {processor.py:161} INFO - Processing /home/sayone/This PC/SayOne Technologies/Works/airflow_new/Airflow/venv/lib/python3.8/site-packages/airflow/example_dags/example_bash_operator.py took 0.056 seconds
[2022-09-20T17:51:07.662+0530] {processor.py:153} INFO - Started process (PID=35957) to work on /home/sayone/This PC/SayOne Technologies/Works/airflow_new/Airflow/venv/lib/python3.8/site-packages/airflow/example_dags/example_bash_operator.py
[2022-09-20T17:51:07.664+0530] {processor.py:640} INFO - Processing file /home/sayone/This PC/SayOne Technologies/Works/airflow_new/Airflow/venv/lib/python3.8/site-packages/airflow/example_dags/example_bash_operator.py for tasks to queue
[2022-09-20T17:51:07.665+0530] {logging_mixin.py:115} INFO - [2022-09-20T17:51:07.665+0530] {dagbag.py:508} INFO - Filling up the DagBag from /home/sayone/This PC/SayOne Technologies/Works/airflow_new/Airflow/venv/lib/python3.8/site-packages/airflow/example_dags/example_bash_operator.py
[2022-09-20T17:51:07.677+0530] {processor.py:650} INFO - DAG(s) dict_keys(['example_bash_operator']) retrieved from /home/sayone/This PC/SayOne Technologies/Works/airflow_new/Airflow/venv/lib/python3.8/site-packages/airflow/example_dags/example_bash_operator.py
[2022-09-20T17:51:07.691+0530] {logging_mixin.py:115} INFO - [2022-09-20T17:51:07.691+0530] {dag.py:2429} INFO - Sync 1 DAGs
[2022-09-20T17:51:07.702+0530] {logging_mixin.py:115} INFO - [2022-09-20T17:51:07.702+0530] {dag.py:2977} INFO - Setting next_dagrun for example_bash_operator to 2022-09-19T00:00:00+00:00, run_after=2022-09-20T00:00:00+00:00
[2022-09-20T17:51:07.710+0530] {processor.py:161} INFO - Processing /home/sayone/This PC/SayOne Technologies/Works/airflow_new/Airflow/venv/lib/python3.8/site-packages/airflow/example_dags/example_bash_operator.py took 0.050 seconds
[2022-09-20T17:51:44.792+0530] {processor.py:153} INFO - Started process (PID=36022) to work on /home/sayone/This PC/SayOne Technologies/Works/airflow_new/Airflow/venv/lib/python3.8/site-packages/airflow/example_dags/example_bash_operator.py
[2022-09-20T17:51:44.795+0530] {processor.py:640} INFO - Processing file /home/sayone/This PC/SayOne Technologies/Works/airflow_new/Airflow/venv/lib/python3.8/site-packages/airflow/example_dags/example_bash_operator.py for tasks to queue
[2022-09-20T17:51:44.796+0530] {logging_mixin.py:115} INFO - [2022-09-20T17:51:44.796+0530] {dagbag.py:508} INFO - Filling up the DagBag from /home/sayone/This PC/SayOne Technologies/Works/airflow_new/Airflow/venv/lib/python3.8/site-packages/airflow/example_dags/example_bash_operator.py
[2022-09-20T17:51:44.810+0530] {processor.py:650} INFO - DAG(s) dict_keys(['example_bash_operator']) retrieved from /home/sayone/This PC/SayOne Technologies/Works/airflow_new/Airflow/venv/lib/python3.8/site-packages/airflow/example_dags/example_bash_operator.py
[2022-09-20T17:51:44.823+0530] {logging_mixin.py:115} INFO - [2022-09-20T17:51:44.823+0530] {dag.py:2429} INFO - Sync 1 DAGs
[2022-09-20T17:51:44.835+0530] {logging_mixin.py:115} INFO - [2022-09-20T17:51:44.835+0530] {dag.py:2977} INFO - Setting next_dagrun for example_bash_operator to 2022-09-19T00:00:00+00:00, run_after=2022-09-20T00:00:00+00:00
[2022-09-20T17:51:44.843+0530] {processor.py:161} INFO - Processing /home/sayone/This PC/SayOne Technologies/Works/airflow_new/Airflow/venv/lib/python3.8/site-packages/airflow/example_dags/example_bash_operator.py took 0.055 seconds
