[2022-09-20T17:16:42.247+0530] {processor.py:153} INFO - Started process (PID=28611) to work on /home/sayone/This PC/SayOne Technologies/Works/airflow_new/Airflow/venv/lib/python3.8/site-packages/airflow/example_dags/example_task_group_decorator.py
[2022-09-20T17:16:42.248+0530] {processor.py:640} INFO - Processing file /home/sayone/This PC/SayOne Technologies/Works/airflow_new/Airflow/venv/lib/python3.8/site-packages/airflow/example_dags/example_task_group_decorator.py for tasks to queue
[2022-09-20T17:16:42.250+0530] {logging_mixin.py:115} INFO - [2022-09-20T17:16:42.249+0530] {dagbag.py:508} INFO - Filling up the DagBag from /home/sayone/This PC/SayOne Technologies/Works/airflow_new/Airflow/venv/lib/python3.8/site-packages/airflow/example_dags/example_task_group_decorator.py
[2022-09-20T17:16:42.288+0530] {processor.py:650} INFO - DAG(s) dict_keys(['example_task_group_decorator']) retrieved from /home/sayone/This PC/SayOne Technologies/Works/airflow_new/Airflow/venv/lib/python3.8/site-packages/airflow/example_dags/example_task_group_decorator.py
[2022-09-20T17:16:42.379+0530] {logging_mixin.py:115} INFO - [2022-09-20T17:16:42.379+0530] {manager.py:508} INFO - Created Permission View: can edit on DAG:example_task_group_decorator
[2022-09-20T17:16:42.396+0530] {logging_mixin.py:115} INFO - [2022-09-20T17:16:42.395+0530] {manager.py:508} INFO - Created Permission View: can read on DAG:example_task_group_decorator
[2022-09-20T17:16:42.409+0530] {logging_mixin.py:115} INFO - [2022-09-20T17:16:42.409+0530] {manager.py:508} INFO - Created Permission View: can delete on DAG:example_task_group_decorator
[2022-09-20T17:16:42.409+0530] {logging_mixin.py:115} INFO - [2022-09-20T17:16:42.409+0530] {dag.py:2429} INFO - Sync 1 DAGs
[2022-09-20T17:16:42.424+0530] {logging_mixin.py:115} INFO - [2022-09-20T17:16:42.423+0530] {dag.py:2448} INFO - Creating ORM DAG for example_task_group_decorator
[2022-09-20T17:16:42.435+0530] {logging_mixin.py:115} INFO - [2022-09-20T17:16:42.435+0530] {dag.py:2977} INFO - Setting next_dagrun for example_task_group_decorator to 2022-09-19T11:46:42.435128+00:00, run_after=2022-09-20T11:46:42.435128+00:00
[2022-09-20T17:16:42.459+0530] {processor.py:161} INFO - Processing /home/sayone/This PC/SayOne Technologies/Works/airflow_new/Airflow/venv/lib/python3.8/site-packages/airflow/example_dags/example_task_group_decorator.py took 0.217 seconds
[2022-09-20T17:17:20.040+0530] {processor.py:153} INFO - Started process (PID=28889) to work on /home/sayone/This PC/SayOne Technologies/Works/airflow_new/Airflow/venv/lib/python3.8/site-packages/airflow/example_dags/example_task_group_decorator.py
[2022-09-20T17:17:20.042+0530] {processor.py:640} INFO - Processing file /home/sayone/This PC/SayOne Technologies/Works/airflow_new/Airflow/venv/lib/python3.8/site-packages/airflow/example_dags/example_task_group_decorator.py for tasks to queue
[2022-09-20T17:17:20.043+0530] {logging_mixin.py:115} INFO - [2022-09-20T17:17:20.043+0530] {dagbag.py:508} INFO - Filling up the DagBag from /home/sayone/This PC/SayOne Technologies/Works/airflow_new/Airflow/venv/lib/python3.8/site-packages/airflow/example_dags/example_task_group_decorator.py
[2022-09-20T17:17:20.061+0530] {processor.py:650} INFO - DAG(s) dict_keys(['example_task_group_decorator']) retrieved from /home/sayone/This PC/SayOne Technologies/Works/airflow_new/Airflow/venv/lib/python3.8/site-packages/airflow/example_dags/example_task_group_decorator.py
[2022-09-20T17:17:20.106+0530] {logging_mixin.py:115} INFO - [2022-09-20T17:17:20.106+0530] {dag.py:2429} INFO - Sync 1 DAGs
[2022-09-20T17:17:20.123+0530] {logging_mixin.py:115} INFO - [2022-09-20T17:17:20.123+0530] {dag.py:2977} INFO - Setting next_dagrun for example_task_group_decorator to 2022-09-19T11:47:20.123564+00:00, run_after=2022-09-20T11:47:20.123564+00:00
[2022-09-20T17:17:20.142+0530] {processor.py:161} INFO - Processing /home/sayone/This PC/SayOne Technologies/Works/airflow_new/Airflow/venv/lib/python3.8/site-packages/airflow/example_dags/example_task_group_decorator.py took 0.104 seconds
[2022-09-20T17:17:53.688+0530] {processor.py:153} INFO - Started process (PID=29058) to work on /home/sayone/This PC/SayOne Technologies/Works/airflow_new/Airflow/venv/lib/python3.8/site-packages/airflow/example_dags/example_task_group_decorator.py
[2022-09-20T17:17:53.691+0530] {processor.py:640} INFO - Processing file /home/sayone/This PC/SayOne Technologies/Works/airflow_new/Airflow/venv/lib/python3.8/site-packages/airflow/example_dags/example_task_group_decorator.py for tasks to queue
[2022-09-20T17:17:53.691+0530] {logging_mixin.py:115} INFO - [2022-09-20T17:17:53.691+0530] {dagbag.py:508} INFO - Filling up the DagBag from /home/sayone/This PC/SayOne Technologies/Works/airflow_new/Airflow/venv/lib/python3.8/site-packages/airflow/example_dags/example_task_group_decorator.py
[2022-09-20T17:17:53.713+0530] {processor.py:650} INFO - DAG(s) dict_keys(['example_task_group_decorator']) retrieved from /home/sayone/This PC/SayOne Technologies/Works/airflow_new/Airflow/venv/lib/python3.8/site-packages/airflow/example_dags/example_task_group_decorator.py
[2022-09-20T17:17:53.760+0530] {logging_mixin.py:115} INFO - [2022-09-20T17:17:53.759+0530] {dag.py:2429} INFO - Sync 1 DAGs
[2022-09-20T17:17:53.776+0530] {logging_mixin.py:115} INFO - [2022-09-20T17:17:53.776+0530] {dag.py:2977} INFO - Setting next_dagrun for example_task_group_decorator to 2022-09-19T11:47:53.776297+00:00, run_after=2022-09-20T11:47:53.776297+00:00
[2022-09-20T17:17:53.794+0530] {processor.py:161} INFO - Processing /home/sayone/This PC/SayOne Technologies/Works/airflow_new/Airflow/venv/lib/python3.8/site-packages/airflow/example_dags/example_task_group_decorator.py took 0.108 seconds
[2022-09-20T17:18:30.461+0530] {processor.py:153} INFO - Started process (PID=29168) to work on /home/sayone/This PC/SayOne Technologies/Works/airflow_new/Airflow/venv/lib/python3.8/site-packages/airflow/example_dags/example_task_group_decorator.py
[2022-09-20T17:18:30.464+0530] {processor.py:640} INFO - Processing file /home/sayone/This PC/SayOne Technologies/Works/airflow_new/Airflow/venv/lib/python3.8/site-packages/airflow/example_dags/example_task_group_decorator.py for tasks to queue
[2022-09-20T17:18:30.465+0530] {logging_mixin.py:115} INFO - [2022-09-20T17:18:30.465+0530] {dagbag.py:508} INFO - Filling up the DagBag from /home/sayone/This PC/SayOne Technologies/Works/airflow_new/Airflow/venv/lib/python3.8/site-packages/airflow/example_dags/example_task_group_decorator.py
[2022-09-20T17:18:30.484+0530] {processor.py:650} INFO - DAG(s) dict_keys(['example_task_group_decorator']) retrieved from /home/sayone/This PC/SayOne Technologies/Works/airflow_new/Airflow/venv/lib/python3.8/site-packages/airflow/example_dags/example_task_group_decorator.py
[2022-09-20T17:18:30.513+0530] {logging_mixin.py:115} INFO - [2022-09-20T17:18:30.513+0530] {dag.py:2429} INFO - Sync 1 DAGs
[2022-09-20T17:18:30.522+0530] {logging_mixin.py:115} INFO - [2022-09-20T17:18:30.522+0530] {dag.py:2977} INFO - Setting next_dagrun for example_task_group_decorator to 2022-09-19T11:48:30.522293+00:00, run_after=2022-09-20T11:48:30.522293+00:00
[2022-09-20T17:18:30.535+0530] {processor.py:161} INFO - Processing /home/sayone/This PC/SayOne Technologies/Works/airflow_new/Airflow/venv/lib/python3.8/site-packages/airflow/example_dags/example_task_group_decorator.py took 0.078 seconds
[2022-09-20T17:19:04.624+0530] {processor.py:153} INFO - Started process (PID=29305) to work on /home/sayone/This PC/SayOne Technologies/Works/airflow_new/Airflow/venv/lib/python3.8/site-packages/airflow/example_dags/example_task_group_decorator.py
[2022-09-20T17:19:04.627+0530] {processor.py:640} INFO - Processing file /home/sayone/This PC/SayOne Technologies/Works/airflow_new/Airflow/venv/lib/python3.8/site-packages/airflow/example_dags/example_task_group_decorator.py for tasks to queue
[2022-09-20T17:19:04.628+0530] {logging_mixin.py:115} INFO - [2022-09-20T17:19:04.628+0530] {dagbag.py:508} INFO - Filling up the DagBag from /home/sayone/This PC/SayOne Technologies/Works/airflow_new/Airflow/venv/lib/python3.8/site-packages/airflow/example_dags/example_task_group_decorator.py
[2022-09-20T17:19:04.648+0530] {processor.py:650} INFO - DAG(s) dict_keys(['example_task_group_decorator']) retrieved from /home/sayone/This PC/SayOne Technologies/Works/airflow_new/Airflow/venv/lib/python3.8/site-packages/airflow/example_dags/example_task_group_decorator.py
[2022-09-20T17:19:04.658+0530] {logging_mixin.py:115} INFO - [2022-09-20T17:19:04.658+0530] {dag.py:2429} INFO - Sync 1 DAGs
[2022-09-20T17:19:04.671+0530] {logging_mixin.py:115} INFO - [2022-09-20T17:19:04.670+0530] {dag.py:2977} INFO - Setting next_dagrun for example_task_group_decorator to 2022-09-19T11:49:04.670764+00:00, run_after=2022-09-20T11:49:04.670764+00:00
[2022-09-20T17:19:04.681+0530] {processor.py:161} INFO - Processing /home/sayone/This PC/SayOne Technologies/Works/airflow_new/Airflow/venv/lib/python3.8/site-packages/airflow/example_dags/example_task_group_decorator.py took 0.060 seconds
[2022-09-20T17:19:40.049+0530] {processor.py:153} INFO - Started process (PID=29527) to work on /home/sayone/This PC/SayOne Technologies/Works/airflow_new/Airflow/venv/lib/python3.8/site-packages/airflow/example_dags/example_task_group_decorator.py
[2022-09-20T17:19:40.052+0530] {processor.py:640} INFO - Processing file /home/sayone/This PC/SayOne Technologies/Works/airflow_new/Airflow/venv/lib/python3.8/site-packages/airflow/example_dags/example_task_group_decorator.py for tasks to queue
[2022-09-20T17:19:40.053+0530] {logging_mixin.py:115} INFO - [2022-09-20T17:19:40.052+0530] {dagbag.py:508} INFO - Filling up the DagBag from /home/sayone/This PC/SayOne Technologies/Works/airflow_new/Airflow/venv/lib/python3.8/site-packages/airflow/example_dags/example_task_group_decorator.py
[2022-09-20T17:19:40.072+0530] {processor.py:650} INFO - DAG(s) dict_keys(['example_task_group_decorator']) retrieved from /home/sayone/This PC/SayOne Technologies/Works/airflow_new/Airflow/venv/lib/python3.8/site-packages/airflow/example_dags/example_task_group_decorator.py
[2022-09-20T17:19:40.105+0530] {logging_mixin.py:115} INFO - [2022-09-20T17:19:40.105+0530] {dag.py:2429} INFO - Sync 1 DAGs
[2022-09-20T17:19:40.115+0530] {logging_mixin.py:115} INFO - [2022-09-20T17:19:40.114+0530] {dag.py:2977} INFO - Setting next_dagrun for example_task_group_decorator to 2022-09-19T11:49:40.114776+00:00, run_after=2022-09-20T11:49:40.114776+00:00
[2022-09-20T17:19:40.124+0530] {processor.py:161} INFO - Processing /home/sayone/This PC/SayOne Technologies/Works/airflow_new/Airflow/venv/lib/python3.8/site-packages/airflow/example_dags/example_task_group_decorator.py took 0.080 seconds
[2022-09-20T17:20:03.449+0530] {processor.py:153} INFO - Started process (PID=29656) to work on /home/sayone/This PC/SayOne Technologies/Works/airflow_new/Airflow/venv/lib/python3.8/site-packages/airflow/example_dags/example_task_group_decorator.py
[2022-09-20T17:20:03.451+0530] {processor.py:640} INFO - Processing file /home/sayone/This PC/SayOne Technologies/Works/airflow_new/Airflow/venv/lib/python3.8/site-packages/airflow/example_dags/example_task_group_decorator.py for tasks to queue
[2022-09-20T17:20:03.452+0530] {logging_mixin.py:115} INFO - [2022-09-20T17:20:03.452+0530] {dagbag.py:508} INFO - Filling up the DagBag from /home/sayone/This PC/SayOne Technologies/Works/airflow_new/Airflow/venv/lib/python3.8/site-packages/airflow/example_dags/example_task_group_decorator.py
[2022-09-20T17:20:03.469+0530] {processor.py:650} INFO - DAG(s) dict_keys(['example_task_group_decorator']) retrieved from /home/sayone/This PC/SayOne Technologies/Works/airflow_new/Airflow/venv/lib/python3.8/site-packages/airflow/example_dags/example_task_group_decorator.py
[2022-09-20T17:20:03.478+0530] {logging_mixin.py:115} INFO - [2022-09-20T17:20:03.477+0530] {dag.py:2429} INFO - Sync 1 DAGs
[2022-09-20T17:20:03.492+0530] {logging_mixin.py:115} INFO - [2022-09-20T17:20:03.492+0530] {dag.py:2977} INFO - Setting next_dagrun for example_task_group_decorator to 2022-09-19T11:50:03.492453+00:00, run_after=2022-09-20T11:50:03.492453+00:00
[2022-09-20T17:20:03.503+0530] {processor.py:161} INFO - Processing /home/sayone/This PC/SayOne Technologies/Works/airflow_new/Airflow/venv/lib/python3.8/site-packages/airflow/example_dags/example_task_group_decorator.py took 0.055 seconds
[2022-09-20T17:20:38.301+0530] {processor.py:153} INFO - Started process (PID=29723) to work on /home/sayone/This PC/SayOne Technologies/Works/airflow_new/Airflow/venv/lib/python3.8/site-packages/airflow/example_dags/example_task_group_decorator.py
[2022-09-20T17:20:38.306+0530] {processor.py:640} INFO - Processing file /home/sayone/This PC/SayOne Technologies/Works/airflow_new/Airflow/venv/lib/python3.8/site-packages/airflow/example_dags/example_task_group_decorator.py for tasks to queue
[2022-09-20T17:20:38.307+0530] {logging_mixin.py:115} INFO - [2022-09-20T17:20:38.307+0530] {dagbag.py:508} INFO - Filling up the DagBag from /home/sayone/This PC/SayOne Technologies/Works/airflow_new/Airflow/venv/lib/python3.8/site-packages/airflow/example_dags/example_task_group_decorator.py
[2022-09-20T17:20:38.328+0530] {processor.py:650} INFO - DAG(s) dict_keys(['example_task_group_decorator']) retrieved from /home/sayone/This PC/SayOne Technologies/Works/airflow_new/Airflow/venv/lib/python3.8/site-packages/airflow/example_dags/example_task_group_decorator.py
[2022-09-20T17:20:38.370+0530] {logging_mixin.py:115} INFO - [2022-09-20T17:20:38.370+0530] {dag.py:2429} INFO - Sync 1 DAGs
[2022-09-20T17:20:38.382+0530] {logging_mixin.py:115} INFO - [2022-09-20T17:20:38.382+0530] {dag.py:2977} INFO - Setting next_dagrun for example_task_group_decorator to 2022-09-19T11:50:38.382138+00:00, run_after=2022-09-20T11:50:38.382138+00:00
[2022-09-20T17:20:38.398+0530] {processor.py:161} INFO - Processing /home/sayone/This PC/SayOne Technologies/Works/airflow_new/Airflow/venv/lib/python3.8/site-packages/airflow/example_dags/example_task_group_decorator.py took 0.100 seconds
[2022-09-20T17:21:13.278+0530] {processor.py:153} INFO - Started process (PID=29835) to work on /home/sayone/This PC/SayOne Technologies/Works/airflow_new/Airflow/venv/lib/python3.8/site-packages/airflow/example_dags/example_task_group_decorator.py
[2022-09-20T17:21:13.281+0530] {processor.py:640} INFO - Processing file /home/sayone/This PC/SayOne Technologies/Works/airflow_new/Airflow/venv/lib/python3.8/site-packages/airflow/example_dags/example_task_group_decorator.py for tasks to queue
[2022-09-20T17:21:13.282+0530] {logging_mixin.py:115} INFO - [2022-09-20T17:21:13.282+0530] {dagbag.py:508} INFO - Filling up the DagBag from /home/sayone/This PC/SayOne Technologies/Works/airflow_new/Airflow/venv/lib/python3.8/site-packages/airflow/example_dags/example_task_group_decorator.py
[2022-09-20T17:21:13.299+0530] {processor.py:650} INFO - DAG(s) dict_keys(['example_task_group_decorator']) retrieved from /home/sayone/This PC/SayOne Technologies/Works/airflow_new/Airflow/venv/lib/python3.8/site-packages/airflow/example_dags/example_task_group_decorator.py
[2022-09-20T17:21:13.330+0530] {logging_mixin.py:115} INFO - [2022-09-20T17:21:13.330+0530] {dag.py:2429} INFO - Sync 1 DAGs
[2022-09-20T17:21:13.339+0530] {logging_mixin.py:115} INFO - [2022-09-20T17:21:13.339+0530] {dag.py:2977} INFO - Setting next_dagrun for example_task_group_decorator to 2022-09-19T11:51:13.339229+00:00, run_after=2022-09-20T11:51:13.339229+00:00
[2022-09-20T17:21:13.352+0530] {processor.py:161} INFO - Processing /home/sayone/This PC/SayOne Technologies/Works/airflow_new/Airflow/venv/lib/python3.8/site-packages/airflow/example_dags/example_task_group_decorator.py took 0.078 seconds
[2022-09-20T17:21:50.423+0530] {processor.py:153} INFO - Started process (PID=29943) to work on /home/sayone/This PC/SayOne Technologies/Works/airflow_new/Airflow/venv/lib/python3.8/site-packages/airflow/example_dags/example_task_group_decorator.py
[2022-09-20T17:21:50.426+0530] {processor.py:640} INFO - Processing file /home/sayone/This PC/SayOne Technologies/Works/airflow_new/Airflow/venv/lib/python3.8/site-packages/airflow/example_dags/example_task_group_decorator.py for tasks to queue
[2022-09-20T17:21:50.426+0530] {logging_mixin.py:115} INFO - [2022-09-20T17:21:50.426+0530] {dagbag.py:508} INFO - Filling up the DagBag from /home/sayone/This PC/SayOne Technologies/Works/airflow_new/Airflow/venv/lib/python3.8/site-packages/airflow/example_dags/example_task_group_decorator.py
[2022-09-20T17:21:50.441+0530] {processor.py:650} INFO - DAG(s) dict_keys(['example_task_group_decorator']) retrieved from /home/sayone/This PC/SayOne Technologies/Works/airflow_new/Airflow/venv/lib/python3.8/site-packages/airflow/example_dags/example_task_group_decorator.py
[2022-09-20T17:21:50.470+0530] {logging_mixin.py:115} INFO - [2022-09-20T17:21:50.470+0530] {dag.py:2429} INFO - Sync 1 DAGs
[2022-09-20T17:21:50.479+0530] {logging_mixin.py:115} INFO - [2022-09-20T17:21:50.479+0530] {dag.py:2977} INFO - Setting next_dagrun for example_task_group_decorator to 2022-09-19T11:51:50.479707+00:00, run_after=2022-09-20T11:51:50.479707+00:00
[2022-09-20T17:21:50.489+0530] {processor.py:161} INFO - Processing /home/sayone/This PC/SayOne Technologies/Works/airflow_new/Airflow/venv/lib/python3.8/site-packages/airflow/example_dags/example_task_group_decorator.py took 0.067 seconds
[2022-09-20T17:22:24.230+0530] {processor.py:153} INFO - Started process (PID=30233) to work on /home/sayone/This PC/SayOne Technologies/Works/airflow_new/Airflow/venv/lib/python3.8/site-packages/airflow/example_dags/example_task_group_decorator.py
[2022-09-20T17:22:24.232+0530] {processor.py:640} INFO - Processing file /home/sayone/This PC/SayOne Technologies/Works/airflow_new/Airflow/venv/lib/python3.8/site-packages/airflow/example_dags/example_task_group_decorator.py for tasks to queue
[2022-09-20T17:22:24.233+0530] {logging_mixin.py:115} INFO - [2022-09-20T17:22:24.233+0530] {dagbag.py:508} INFO - Filling up the DagBag from /home/sayone/This PC/SayOne Technologies/Works/airflow_new/Airflow/venv/lib/python3.8/site-packages/airflow/example_dags/example_task_group_decorator.py
[2022-09-20T17:22:24.249+0530] {processor.py:650} INFO - DAG(s) dict_keys(['example_task_group_decorator']) retrieved from /home/sayone/This PC/SayOne Technologies/Works/airflow_new/Airflow/venv/lib/python3.8/site-packages/airflow/example_dags/example_task_group_decorator.py
[2022-09-20T17:22:24.260+0530] {logging_mixin.py:115} INFO - [2022-09-20T17:22:24.260+0530] {dag.py:2429} INFO - Sync 1 DAGs
[2022-09-20T17:22:24.279+0530] {logging_mixin.py:115} INFO - [2022-09-20T17:22:24.279+0530] {dag.py:2977} INFO - Setting next_dagrun for example_task_group_decorator to 2022-09-19T11:52:24.279369+00:00, run_after=2022-09-20T11:52:24.279369+00:00
[2022-09-20T17:22:24.295+0530] {processor.py:161} INFO - Processing /home/sayone/This PC/SayOne Technologies/Works/airflow_new/Airflow/venv/lib/python3.8/site-packages/airflow/example_dags/example_task_group_decorator.py took 0.067 seconds
[2022-09-20T17:23:00.204+0530] {processor.py:153} INFO - Started process (PID=30367) to work on /home/sayone/This PC/SayOne Technologies/Works/airflow_new/Airflow/venv/lib/python3.8/site-packages/airflow/example_dags/example_task_group_decorator.py
[2022-09-20T17:23:00.206+0530] {processor.py:640} INFO - Processing file /home/sayone/This PC/SayOne Technologies/Works/airflow_new/Airflow/venv/lib/python3.8/site-packages/airflow/example_dags/example_task_group_decorator.py for tasks to queue
[2022-09-20T17:23:00.207+0530] {logging_mixin.py:115} INFO - [2022-09-20T17:23:00.206+0530] {dagbag.py:508} INFO - Filling up the DagBag from /home/sayone/This PC/SayOne Technologies/Works/airflow_new/Airflow/venv/lib/python3.8/site-packages/airflow/example_dags/example_task_group_decorator.py
[2022-09-20T17:23:00.222+0530] {processor.py:650} INFO - DAG(s) dict_keys(['example_task_group_decorator']) retrieved from /home/sayone/This PC/SayOne Technologies/Works/airflow_new/Airflow/venv/lib/python3.8/site-packages/airflow/example_dags/example_task_group_decorator.py
[2022-09-20T17:23:00.260+0530] {logging_mixin.py:115} INFO - [2022-09-20T17:23:00.259+0530] {dag.py:2429} INFO - Sync 1 DAGs
[2022-09-20T17:23:00.270+0530] {logging_mixin.py:115} INFO - [2022-09-20T17:23:00.270+0530] {dag.py:2977} INFO - Setting next_dagrun for example_task_group_decorator to 2022-09-19T11:53:00.270373+00:00, run_after=2022-09-20T11:53:00.270373+00:00
[2022-09-20T17:23:00.279+0530] {processor.py:161} INFO - Processing /home/sayone/This PC/SayOne Technologies/Works/airflow_new/Airflow/venv/lib/python3.8/site-packages/airflow/example_dags/example_task_group_decorator.py took 0.078 seconds
[2022-09-20T17:23:27.073+0530] {processor.py:153} INFO - Started process (PID=30433) to work on /home/sayone/This PC/SayOne Technologies/Works/airflow_new/Airflow/venv/lib/python3.8/site-packages/airflow/example_dags/example_task_group_decorator.py
[2022-09-20T17:23:27.075+0530] {processor.py:640} INFO - Processing file /home/sayone/This PC/SayOne Technologies/Works/airflow_new/Airflow/venv/lib/python3.8/site-packages/airflow/example_dags/example_task_group_decorator.py for tasks to queue
[2022-09-20T17:23:27.077+0530] {logging_mixin.py:115} INFO - [2022-09-20T17:23:27.077+0530] {dagbag.py:508} INFO - Filling up the DagBag from /home/sayone/This PC/SayOne Technologies/Works/airflow_new/Airflow/venv/lib/python3.8/site-packages/airflow/example_dags/example_task_group_decorator.py
[2022-09-20T17:23:27.104+0530] {processor.py:650} INFO - DAG(s) dict_keys(['example_task_group_decorator']) retrieved from /home/sayone/This PC/SayOne Technologies/Works/airflow_new/Airflow/venv/lib/python3.8/site-packages/airflow/example_dags/example_task_group_decorator.py
[2022-09-20T17:23:27.119+0530] {logging_mixin.py:115} INFO - [2022-09-20T17:23:27.118+0530] {dag.py:2429} INFO - Sync 1 DAGs
[2022-09-20T17:23:27.138+0530] {logging_mixin.py:115} INFO - [2022-09-20T17:23:27.138+0530] {dag.py:2977} INFO - Setting next_dagrun for example_task_group_decorator to 2022-09-19T11:53:27.138161+00:00, run_after=2022-09-20T11:53:27.138161+00:00
[2022-09-20T17:23:27.152+0530] {processor.py:161} INFO - Processing /home/sayone/This PC/SayOne Technologies/Works/airflow_new/Airflow/venv/lib/python3.8/site-packages/airflow/example_dags/example_task_group_decorator.py took 0.081 seconds
[2022-09-20T17:24:02.239+0530] {processor.py:153} INFO - Started process (PID=30561) to work on /home/sayone/This PC/SayOne Technologies/Works/airflow_new/Airflow/venv/lib/python3.8/site-packages/airflow/example_dags/example_task_group_decorator.py
[2022-09-20T17:24:02.241+0530] {processor.py:640} INFO - Processing file /home/sayone/This PC/SayOne Technologies/Works/airflow_new/Airflow/venv/lib/python3.8/site-packages/airflow/example_dags/example_task_group_decorator.py for tasks to queue
[2022-09-20T17:24:02.242+0530] {logging_mixin.py:115} INFO - [2022-09-20T17:24:02.242+0530] {dagbag.py:508} INFO - Filling up the DagBag from /home/sayone/This PC/SayOne Technologies/Works/airflow_new/Airflow/venv/lib/python3.8/site-packages/airflow/example_dags/example_task_group_decorator.py
[2022-09-20T17:24:02.256+0530] {processor.py:650} INFO - DAG(s) dict_keys(['example_task_group_decorator']) retrieved from /home/sayone/This PC/SayOne Technologies/Works/airflow_new/Airflow/venv/lib/python3.8/site-packages/airflow/example_dags/example_task_group_decorator.py
[2022-09-20T17:24:02.285+0530] {logging_mixin.py:115} INFO - [2022-09-20T17:24:02.285+0530] {dag.py:2429} INFO - Sync 1 DAGs
[2022-09-20T17:24:02.294+0530] {logging_mixin.py:115} INFO - [2022-09-20T17:24:02.294+0530] {dag.py:2977} INFO - Setting next_dagrun for example_task_group_decorator to 2022-09-19T11:54:02.294029+00:00, run_after=2022-09-20T11:54:02.294029+00:00
[2022-09-20T17:24:02.303+0530] {processor.py:161} INFO - Processing /home/sayone/This PC/SayOne Technologies/Works/airflow_new/Airflow/venv/lib/python3.8/site-packages/airflow/example_dags/example_task_group_decorator.py took 0.067 seconds
[2022-09-20T17:24:37.403+0530] {processor.py:153} INFO - Started process (PID=30813) to work on /home/sayone/This PC/SayOne Technologies/Works/airflow_new/Airflow/venv/lib/python3.8/site-packages/airflow/example_dags/example_task_group_decorator.py
[2022-09-20T17:24:37.406+0530] {processor.py:640} INFO - Processing file /home/sayone/This PC/SayOne Technologies/Works/airflow_new/Airflow/venv/lib/python3.8/site-packages/airflow/example_dags/example_task_group_decorator.py for tasks to queue
[2022-09-20T17:24:37.407+0530] {logging_mixin.py:115} INFO - [2022-09-20T17:24:37.407+0530] {dagbag.py:508} INFO - Filling up the DagBag from /home/sayone/This PC/SayOne Technologies/Works/airflow_new/Airflow/venv/lib/python3.8/site-packages/airflow/example_dags/example_task_group_decorator.py
[2022-09-20T17:24:37.424+0530] {processor.py:650} INFO - DAG(s) dict_keys(['example_task_group_decorator']) retrieved from /home/sayone/This PC/SayOne Technologies/Works/airflow_new/Airflow/venv/lib/python3.8/site-packages/airflow/example_dags/example_task_group_decorator.py
[2022-09-20T17:24:37.454+0530] {logging_mixin.py:115} INFO - [2022-09-20T17:24:37.454+0530] {dag.py:2429} INFO - Sync 1 DAGs
[2022-09-20T17:24:37.465+0530] {logging_mixin.py:115} INFO - [2022-09-20T17:24:37.465+0530] {dag.py:2977} INFO - Setting next_dagrun for example_task_group_decorator to 2022-09-19T11:54:37.465249+00:00, run_after=2022-09-20T11:54:37.465249+00:00
[2022-09-20T17:24:37.481+0530] {processor.py:161} INFO - Processing /home/sayone/This PC/SayOne Technologies/Works/airflow_new/Airflow/venv/lib/python3.8/site-packages/airflow/example_dags/example_task_group_decorator.py took 0.081 seconds
[2022-09-20T17:25:14.480+0530] {processor.py:153} INFO - Started process (PID=30974) to work on /home/sayone/This PC/SayOne Technologies/Works/airflow_new/Airflow/venv/lib/python3.8/site-packages/airflow/example_dags/example_task_group_decorator.py
[2022-09-20T17:25:14.483+0530] {processor.py:640} INFO - Processing file /home/sayone/This PC/SayOne Technologies/Works/airflow_new/Airflow/venv/lib/python3.8/site-packages/airflow/example_dags/example_task_group_decorator.py for tasks to queue
[2022-09-20T17:25:14.484+0530] {logging_mixin.py:115} INFO - [2022-09-20T17:25:14.484+0530] {dagbag.py:508} INFO - Filling up the DagBag from /home/sayone/This PC/SayOne Technologies/Works/airflow_new/Airflow/venv/lib/python3.8/site-packages/airflow/example_dags/example_task_group_decorator.py
[2022-09-20T17:25:14.503+0530] {processor.py:650} INFO - DAG(s) dict_keys(['example_task_group_decorator']) retrieved from /home/sayone/This PC/SayOne Technologies/Works/airflow_new/Airflow/venv/lib/python3.8/site-packages/airflow/example_dags/example_task_group_decorator.py
[2022-09-20T17:25:14.531+0530] {logging_mixin.py:115} INFO - [2022-09-20T17:25:14.531+0530] {dag.py:2429} INFO - Sync 1 DAGs
[2022-09-20T17:25:14.540+0530] {logging_mixin.py:115} INFO - [2022-09-20T17:25:14.540+0530] {dag.py:2977} INFO - Setting next_dagrun for example_task_group_decorator to 2022-09-19T11:55:14.540511+00:00, run_after=2022-09-20T11:55:14.540511+00:00
[2022-09-20T17:25:14.550+0530] {processor.py:161} INFO - Processing /home/sayone/This PC/SayOne Technologies/Works/airflow_new/Airflow/venv/lib/python3.8/site-packages/airflow/example_dags/example_task_group_decorator.py took 0.072 seconds
[2022-09-20T17:25:49.066+0530] {processor.py:153} INFO - Started process (PID=31055) to work on /home/sayone/This PC/SayOne Technologies/Works/airflow_new/Airflow/venv/lib/python3.8/site-packages/airflow/example_dags/example_task_group_decorator.py
[2022-09-20T17:25:49.070+0530] {processor.py:640} INFO - Processing file /home/sayone/This PC/SayOne Technologies/Works/airflow_new/Airflow/venv/lib/python3.8/site-packages/airflow/example_dags/example_task_group_decorator.py for tasks to queue
[2022-09-20T17:25:49.071+0530] {logging_mixin.py:115} INFO - [2022-09-20T17:25:49.070+0530] {dagbag.py:508} INFO - Filling up the DagBag from /home/sayone/This PC/SayOne Technologies/Works/airflow_new/Airflow/venv/lib/python3.8/site-packages/airflow/example_dags/example_task_group_decorator.py
[2022-09-20T17:25:49.092+0530] {processor.py:650} INFO - DAG(s) dict_keys(['example_task_group_decorator']) retrieved from /home/sayone/This PC/SayOne Technologies/Works/airflow_new/Airflow/venv/lib/python3.8/site-packages/airflow/example_dags/example_task_group_decorator.py
[2022-09-20T17:25:49.118+0530] {logging_mixin.py:115} INFO - [2022-09-20T17:25:49.118+0530] {dag.py:2429} INFO - Sync 1 DAGs
[2022-09-20T17:25:49.126+0530] {logging_mixin.py:115} INFO - [2022-09-20T17:25:49.126+0530] {dag.py:2977} INFO - Setting next_dagrun for example_task_group_decorator to 2022-09-19T11:55:49.125971+00:00, run_after=2022-09-20T11:55:49.125971+00:00
[2022-09-20T17:25:49.135+0530] {processor.py:161} INFO - Processing /home/sayone/This PC/SayOne Technologies/Works/airflow_new/Airflow/venv/lib/python3.8/site-packages/airflow/example_dags/example_task_group_decorator.py took 0.070 seconds
[2022-09-20T17:26:27.063+0530] {processor.py:153} INFO - Started process (PID=31162) to work on /home/sayone/This PC/SayOne Technologies/Works/airflow_new/Airflow/venv/lib/python3.8/site-packages/airflow/example_dags/example_task_group_decorator.py
[2022-09-20T17:26:27.065+0530] {processor.py:640} INFO - Processing file /home/sayone/This PC/SayOne Technologies/Works/airflow_new/Airflow/venv/lib/python3.8/site-packages/airflow/example_dags/example_task_group_decorator.py for tasks to queue
[2022-09-20T17:26:27.066+0530] {logging_mixin.py:115} INFO - [2022-09-20T17:26:27.066+0530] {dagbag.py:508} INFO - Filling up the DagBag from /home/sayone/This PC/SayOne Technologies/Works/airflow_new/Airflow/venv/lib/python3.8/site-packages/airflow/example_dags/example_task_group_decorator.py
[2022-09-20T17:26:27.087+0530] {processor.py:650} INFO - DAG(s) dict_keys(['example_task_group_decorator']) retrieved from /home/sayone/This PC/SayOne Technologies/Works/airflow_new/Airflow/venv/lib/python3.8/site-packages/airflow/example_dags/example_task_group_decorator.py
[2022-09-20T17:26:27.112+0530] {logging_mixin.py:115} INFO - [2022-09-20T17:26:27.112+0530] {dag.py:2429} INFO - Sync 1 DAGs
[2022-09-20T17:26:27.120+0530] {logging_mixin.py:115} INFO - [2022-09-20T17:26:27.120+0530] {dag.py:2977} INFO - Setting next_dagrun for example_task_group_decorator to 2022-09-19T11:56:27.120320+00:00, run_after=2022-09-20T11:56:27.120320+00:00
[2022-09-20T17:26:27.129+0530] {processor.py:161} INFO - Processing /home/sayone/This PC/SayOne Technologies/Works/airflow_new/Airflow/venv/lib/python3.8/site-packages/airflow/example_dags/example_task_group_decorator.py took 0.069 seconds
[2022-09-20T17:27:02.204+0530] {processor.py:153} INFO - Started process (PID=31420) to work on /home/sayone/This PC/SayOne Technologies/Works/airflow_new/Airflow/venv/lib/python3.8/site-packages/airflow/example_dags/example_task_group_decorator.py
[2022-09-20T17:27:02.206+0530] {processor.py:640} INFO - Processing file /home/sayone/This PC/SayOne Technologies/Works/airflow_new/Airflow/venv/lib/python3.8/site-packages/airflow/example_dags/example_task_group_decorator.py for tasks to queue
[2022-09-20T17:27:02.206+0530] {logging_mixin.py:115} INFO - [2022-09-20T17:27:02.206+0530] {dagbag.py:508} INFO - Filling up the DagBag from /home/sayone/This PC/SayOne Technologies/Works/airflow_new/Airflow/venv/lib/python3.8/site-packages/airflow/example_dags/example_task_group_decorator.py
[2022-09-20T17:27:02.227+0530] {processor.py:650} INFO - DAG(s) dict_keys(['example_task_group_decorator']) retrieved from /home/sayone/This PC/SayOne Technologies/Works/airflow_new/Airflow/venv/lib/python3.8/site-packages/airflow/example_dags/example_task_group_decorator.py
[2022-09-20T17:27:02.252+0530] {logging_mixin.py:115} INFO - [2022-09-20T17:27:02.252+0530] {dag.py:2429} INFO - Sync 1 DAGs
[2022-09-20T17:27:02.260+0530] {logging_mixin.py:115} INFO - [2022-09-20T17:27:02.260+0530] {dag.py:2977} INFO - Setting next_dagrun for example_task_group_decorator to 2022-09-19T11:57:02.260638+00:00, run_after=2022-09-20T11:57:02.260638+00:00
[2022-09-20T17:27:02.269+0530] {processor.py:161} INFO - Processing /home/sayone/This PC/SayOne Technologies/Works/airflow_new/Airflow/venv/lib/python3.8/site-packages/airflow/example_dags/example_task_group_decorator.py took 0.069 seconds
[2022-09-20T17:27:40.029+0530] {processor.py:153} INFO - Started process (PID=31574) to work on /home/sayone/This PC/SayOne Technologies/Works/airflow_new/Airflow/venv/lib/python3.8/site-packages/airflow/example_dags/example_task_group_decorator.py
[2022-09-20T17:27:40.031+0530] {processor.py:640} INFO - Processing file /home/sayone/This PC/SayOne Technologies/Works/airflow_new/Airflow/venv/lib/python3.8/site-packages/airflow/example_dags/example_task_group_decorator.py for tasks to queue
[2022-09-20T17:27:40.032+0530] {logging_mixin.py:115} INFO - [2022-09-20T17:27:40.032+0530] {dagbag.py:508} INFO - Filling up the DagBag from /home/sayone/This PC/SayOne Technologies/Works/airflow_new/Airflow/venv/lib/python3.8/site-packages/airflow/example_dags/example_task_group_decorator.py
[2022-09-20T17:27:40.053+0530] {processor.py:650} INFO - DAG(s) dict_keys(['example_task_group_decorator']) retrieved from /home/sayone/This PC/SayOne Technologies/Works/airflow_new/Airflow/venv/lib/python3.8/site-packages/airflow/example_dags/example_task_group_decorator.py
[2022-09-20T17:27:40.079+0530] {logging_mixin.py:115} INFO - [2022-09-20T17:27:40.079+0530] {dag.py:2429} INFO - Sync 1 DAGs
[2022-09-20T17:27:40.088+0530] {logging_mixin.py:115} INFO - [2022-09-20T17:27:40.088+0530] {dag.py:2977} INFO - Setting next_dagrun for example_task_group_decorator to 2022-09-19T11:57:40.087975+00:00, run_after=2022-09-20T11:57:40.087975+00:00
[2022-09-20T17:27:40.097+0530] {processor.py:161} INFO - Processing /home/sayone/This PC/SayOne Technologies/Works/airflow_new/Airflow/venv/lib/python3.8/site-packages/airflow/example_dags/example_task_group_decorator.py took 0.071 seconds
[2022-09-20T17:28:14.190+0530] {processor.py:153} INFO - Started process (PID=31683) to work on /home/sayone/This PC/SayOne Technologies/Works/airflow_new/Airflow/venv/lib/python3.8/site-packages/airflow/example_dags/example_task_group_decorator.py
[2022-09-20T17:28:14.193+0530] {processor.py:640} INFO - Processing file /home/sayone/This PC/SayOne Technologies/Works/airflow_new/Airflow/venv/lib/python3.8/site-packages/airflow/example_dags/example_task_group_decorator.py for tasks to queue
[2022-09-20T17:28:14.194+0530] {logging_mixin.py:115} INFO - [2022-09-20T17:28:14.194+0530] {dagbag.py:508} INFO - Filling up the DagBag from /home/sayone/This PC/SayOne Technologies/Works/airflow_new/Airflow/venv/lib/python3.8/site-packages/airflow/example_dags/example_task_group_decorator.py
[2022-09-20T17:28:14.215+0530] {processor.py:650} INFO - DAG(s) dict_keys(['example_task_group_decorator']) retrieved from /home/sayone/This PC/SayOne Technologies/Works/airflow_new/Airflow/venv/lib/python3.8/site-packages/airflow/example_dags/example_task_group_decorator.py
[2022-09-20T17:28:14.224+0530] {logging_mixin.py:115} INFO - [2022-09-20T17:28:14.224+0530] {dag.py:2429} INFO - Sync 1 DAGs
[2022-09-20T17:28:14.235+0530] {logging_mixin.py:115} INFO - [2022-09-20T17:28:14.234+0530] {dag.py:2977} INFO - Setting next_dagrun for example_task_group_decorator to 2022-09-19T11:58:14.234831+00:00, run_after=2022-09-20T11:58:14.234831+00:00
[2022-09-20T17:28:14.243+0530] {processor.py:161} INFO - Processing /home/sayone/This PC/SayOne Technologies/Works/airflow_new/Airflow/venv/lib/python3.8/site-packages/airflow/example_dags/example_task_group_decorator.py took 0.057 seconds
[2022-09-20T17:28:52.483+0530] {processor.py:153} INFO - Started process (PID=31760) to work on /home/sayone/This PC/SayOne Technologies/Works/airflow_new/Airflow/venv/lib/python3.8/site-packages/airflow/example_dags/example_task_group_decorator.py
[2022-09-20T17:28:52.486+0530] {processor.py:640} INFO - Processing file /home/sayone/This PC/SayOne Technologies/Works/airflow_new/Airflow/venv/lib/python3.8/site-packages/airflow/example_dags/example_task_group_decorator.py for tasks to queue
[2022-09-20T17:28:52.487+0530] {logging_mixin.py:115} INFO - [2022-09-20T17:28:52.487+0530] {dagbag.py:508} INFO - Filling up the DagBag from /home/sayone/This PC/SayOne Technologies/Works/airflow_new/Airflow/venv/lib/python3.8/site-packages/airflow/example_dags/example_task_group_decorator.py
[2022-09-20T17:28:52.508+0530] {processor.py:650} INFO - DAG(s) dict_keys(['example_task_group_decorator']) retrieved from /home/sayone/This PC/SayOne Technologies/Works/airflow_new/Airflow/venv/lib/python3.8/site-packages/airflow/example_dags/example_task_group_decorator.py
[2022-09-20T17:28:52.534+0530] {logging_mixin.py:115} INFO - [2022-09-20T17:28:52.534+0530] {dag.py:2429} INFO - Sync 1 DAGs
[2022-09-20T17:28:52.542+0530] {logging_mixin.py:115} INFO - [2022-09-20T17:28:52.542+0530] {dag.py:2977} INFO - Setting next_dagrun for example_task_group_decorator to 2022-09-19T11:58:52.542199+00:00, run_after=2022-09-20T11:58:52.542199+00:00
[2022-09-20T17:28:52.551+0530] {processor.py:161} INFO - Processing /home/sayone/This PC/SayOne Technologies/Works/airflow_new/Airflow/venv/lib/python3.8/site-packages/airflow/example_dags/example_task_group_decorator.py took 0.073 seconds
[2022-09-20T17:29:27.918+0530] {processor.py:153} INFO - Started process (PID=31915) to work on /home/sayone/This PC/SayOne Technologies/Works/airflow_new/Airflow/venv/lib/python3.8/site-packages/airflow/example_dags/example_task_group_decorator.py
[2022-09-20T17:29:27.922+0530] {processor.py:640} INFO - Processing file /home/sayone/This PC/SayOne Technologies/Works/airflow_new/Airflow/venv/lib/python3.8/site-packages/airflow/example_dags/example_task_group_decorator.py for tasks to queue
[2022-09-20T17:29:27.923+0530] {logging_mixin.py:115} INFO - [2022-09-20T17:29:27.923+0530] {dagbag.py:508} INFO - Filling up the DagBag from /home/sayone/This PC/SayOne Technologies/Works/airflow_new/Airflow/venv/lib/python3.8/site-packages/airflow/example_dags/example_task_group_decorator.py
[2022-09-20T17:29:27.966+0530] {processor.py:650} INFO - DAG(s) dict_keys(['example_task_group_decorator']) retrieved from /home/sayone/This PC/SayOne Technologies/Works/airflow_new/Airflow/venv/lib/python3.8/site-packages/airflow/example_dags/example_task_group_decorator.py
[2022-09-20T17:29:27.979+0530] {logging_mixin.py:115} INFO - [2022-09-20T17:29:27.979+0530] {dag.py:2429} INFO - Sync 1 DAGs
[2022-09-20T17:29:27.993+0530] {logging_mixin.py:115} INFO - [2022-09-20T17:29:27.993+0530] {dag.py:2977} INFO - Setting next_dagrun for example_task_group_decorator to 2022-09-19T11:59:27.993049+00:00, run_after=2022-09-20T11:59:27.993049+00:00
[2022-09-20T17:29:28.003+0530] {processor.py:161} INFO - Processing /home/sayone/This PC/SayOne Technologies/Works/airflow_new/Airflow/venv/lib/python3.8/site-packages/airflow/example_dags/example_task_group_decorator.py took 0.089 seconds
[2022-09-20T17:30:03.966+0530] {processor.py:153} INFO - Started process (PID=32081) to work on /home/sayone/This PC/SayOne Technologies/Works/airflow_new/Airflow/venv/lib/python3.8/site-packages/airflow/example_dags/example_task_group_decorator.py
[2022-09-20T17:30:03.969+0530] {processor.py:640} INFO - Processing file /home/sayone/This PC/SayOne Technologies/Works/airflow_new/Airflow/venv/lib/python3.8/site-packages/airflow/example_dags/example_task_group_decorator.py for tasks to queue
[2022-09-20T17:30:03.970+0530] {logging_mixin.py:115} INFO - [2022-09-20T17:30:03.970+0530] {dagbag.py:508} INFO - Filling up the DagBag from /home/sayone/This PC/SayOne Technologies/Works/airflow_new/Airflow/venv/lib/python3.8/site-packages/airflow/example_dags/example_task_group_decorator.py
[2022-09-20T17:30:03.991+0530] {processor.py:650} INFO - DAG(s) dict_keys(['example_task_group_decorator']) retrieved from /home/sayone/This PC/SayOne Technologies/Works/airflow_new/Airflow/venv/lib/python3.8/site-packages/airflow/example_dags/example_task_group_decorator.py
[2022-09-20T17:30:04.001+0530] {logging_mixin.py:115} INFO - [2022-09-20T17:30:04.001+0530] {dag.py:2429} INFO - Sync 1 DAGs
[2022-09-20T17:30:04.012+0530] {logging_mixin.py:115} INFO - [2022-09-20T17:30:04.011+0530] {dag.py:2977} INFO - Setting next_dagrun for example_task_group_decorator to 2022-09-19T12:00:04.011398+00:00, run_after=2022-09-20T12:00:04.011398+00:00
[2022-09-20T17:30:04.020+0530] {processor.py:161} INFO - Processing /home/sayone/This PC/SayOne Technologies/Works/airflow_new/Airflow/venv/lib/python3.8/site-packages/airflow/example_dags/example_task_group_decorator.py took 0.059 seconds
[2022-09-20T17:30:39.994+0530] {processor.py:153} INFO - Started process (PID=32150) to work on /home/sayone/This PC/SayOne Technologies/Works/airflow_new/Airflow/venv/lib/python3.8/site-packages/airflow/example_dags/example_task_group_decorator.py
[2022-09-20T17:30:39.997+0530] {processor.py:640} INFO - Processing file /home/sayone/This PC/SayOne Technologies/Works/airflow_new/Airflow/venv/lib/python3.8/site-packages/airflow/example_dags/example_task_group_decorator.py for tasks to queue
[2022-09-20T17:30:39.997+0530] {logging_mixin.py:115} INFO - [2022-09-20T17:30:39.997+0530] {dagbag.py:508} INFO - Filling up the DagBag from /home/sayone/This PC/SayOne Technologies/Works/airflow_new/Airflow/venv/lib/python3.8/site-packages/airflow/example_dags/example_task_group_decorator.py
[2022-09-20T17:30:40.018+0530] {processor.py:650} INFO - DAG(s) dict_keys(['example_task_group_decorator']) retrieved from /home/sayone/This PC/SayOne Technologies/Works/airflow_new/Airflow/venv/lib/python3.8/site-packages/airflow/example_dags/example_task_group_decorator.py
[2022-09-20T17:30:40.028+0530] {logging_mixin.py:115} INFO - [2022-09-20T17:30:40.028+0530] {dag.py:2429} INFO - Sync 1 DAGs
[2022-09-20T17:30:40.038+0530] {logging_mixin.py:115} INFO - [2022-09-20T17:30:40.038+0530] {dag.py:2977} INFO - Setting next_dagrun for example_task_group_decorator to 2022-09-19T12:00:40.038691+00:00, run_after=2022-09-20T12:00:40.038691+00:00
[2022-09-20T17:30:40.047+0530] {processor.py:161} INFO - Processing /home/sayone/This PC/SayOne Technologies/Works/airflow_new/Airflow/venv/lib/python3.8/site-packages/airflow/example_dags/example_task_group_decorator.py took 0.056 seconds
[2022-09-20T17:31:15.920+0530] {processor.py:153} INFO - Started process (PID=32261) to work on /home/sayone/This PC/SayOne Technologies/Works/airflow_new/Airflow/venv/lib/python3.8/site-packages/airflow/example_dags/example_task_group_decorator.py
[2022-09-20T17:31:15.922+0530] {processor.py:640} INFO - Processing file /home/sayone/This PC/SayOne Technologies/Works/airflow_new/Airflow/venv/lib/python3.8/site-packages/airflow/example_dags/example_task_group_decorator.py for tasks to queue
[2022-09-20T17:31:15.923+0530] {logging_mixin.py:115} INFO - [2022-09-20T17:31:15.923+0530] {dagbag.py:508} INFO - Filling up the DagBag from /home/sayone/This PC/SayOne Technologies/Works/airflow_new/Airflow/venv/lib/python3.8/site-packages/airflow/example_dags/example_task_group_decorator.py
[2022-09-20T17:31:15.940+0530] {processor.py:650} INFO - DAG(s) dict_keys(['example_task_group_decorator']) retrieved from /home/sayone/This PC/SayOne Technologies/Works/airflow_new/Airflow/venv/lib/python3.8/site-packages/airflow/example_dags/example_task_group_decorator.py
[2022-09-20T17:31:15.950+0530] {logging_mixin.py:115} INFO - [2022-09-20T17:31:15.950+0530] {dag.py:2429} INFO - Sync 1 DAGs
[2022-09-20T17:31:15.960+0530] {logging_mixin.py:115} INFO - [2022-09-20T17:31:15.960+0530] {dag.py:2977} INFO - Setting next_dagrun for example_task_group_decorator to 2022-09-19T12:01:15.960531+00:00, run_after=2022-09-20T12:01:15.960531+00:00
[2022-09-20T17:31:15.971+0530] {processor.py:161} INFO - Processing /home/sayone/This PC/SayOne Technologies/Works/airflow_new/Airflow/venv/lib/python3.8/site-packages/airflow/example_dags/example_task_group_decorator.py took 0.053 seconds
[2022-09-20T17:31:52.414+0530] {processor.py:153} INFO - Started process (PID=32331) to work on /home/sayone/This PC/SayOne Technologies/Works/airflow_new/Airflow/venv/lib/python3.8/site-packages/airflow/example_dags/example_task_group_decorator.py
[2022-09-20T17:31:52.417+0530] {processor.py:640} INFO - Processing file /home/sayone/This PC/SayOne Technologies/Works/airflow_new/Airflow/venv/lib/python3.8/site-packages/airflow/example_dags/example_task_group_decorator.py for tasks to queue
[2022-09-20T17:31:52.417+0530] {logging_mixin.py:115} INFO - [2022-09-20T17:31:52.417+0530] {dagbag.py:508} INFO - Filling up the DagBag from /home/sayone/This PC/SayOne Technologies/Works/airflow_new/Airflow/venv/lib/python3.8/site-packages/airflow/example_dags/example_task_group_decorator.py
[2022-09-20T17:31:52.432+0530] {processor.py:650} INFO - DAG(s) dict_keys(['example_task_group_decorator']) retrieved from /home/sayone/This PC/SayOne Technologies/Works/airflow_new/Airflow/venv/lib/python3.8/site-packages/airflow/example_dags/example_task_group_decorator.py
[2022-09-20T17:31:52.460+0530] {logging_mixin.py:115} INFO - [2022-09-20T17:31:52.460+0530] {dag.py:2429} INFO - Sync 1 DAGs
[2022-09-20T17:31:52.468+0530] {logging_mixin.py:115} INFO - [2022-09-20T17:31:52.468+0530] {dag.py:2977} INFO - Setting next_dagrun for example_task_group_decorator to 2022-09-19T12:01:52.468591+00:00, run_after=2022-09-20T12:01:52.468591+00:00
[2022-09-20T17:31:52.477+0530] {processor.py:161} INFO - Processing /home/sayone/This PC/SayOne Technologies/Works/airflow_new/Airflow/venv/lib/python3.8/site-packages/airflow/example_dags/example_task_group_decorator.py took 0.064 seconds
[2022-09-20T17:32:27.864+0530] {processor.py:153} INFO - Started process (PID=32589) to work on /home/sayone/This PC/SayOne Technologies/Works/airflow_new/Airflow/venv/lib/python3.8/site-packages/airflow/example_dags/example_task_group_decorator.py
[2022-09-20T17:32:27.867+0530] {processor.py:640} INFO - Processing file /home/sayone/This PC/SayOne Technologies/Works/airflow_new/Airflow/venv/lib/python3.8/site-packages/airflow/example_dags/example_task_group_decorator.py for tasks to queue
[2022-09-20T17:32:27.868+0530] {logging_mixin.py:115} INFO - [2022-09-20T17:32:27.868+0530] {dagbag.py:508} INFO - Filling up the DagBag from /home/sayone/This PC/SayOne Technologies/Works/airflow_new/Airflow/venv/lib/python3.8/site-packages/airflow/example_dags/example_task_group_decorator.py
[2022-09-20T17:32:27.889+0530] {processor.py:650} INFO - DAG(s) dict_keys(['example_task_group_decorator']) retrieved from /home/sayone/This PC/SayOne Technologies/Works/airflow_new/Airflow/venv/lib/python3.8/site-packages/airflow/example_dags/example_task_group_decorator.py
[2022-09-20T17:32:27.915+0530] {logging_mixin.py:115} INFO - [2022-09-20T17:32:27.914+0530] {dag.py:2429} INFO - Sync 1 DAGs
[2022-09-20T17:32:27.923+0530] {logging_mixin.py:115} INFO - [2022-09-20T17:32:27.923+0530] {dag.py:2977} INFO - Setting next_dagrun for example_task_group_decorator to 2022-09-19T12:02:27.923470+00:00, run_after=2022-09-20T12:02:27.923470+00:00
[2022-09-20T17:32:27.932+0530] {processor.py:161} INFO - Processing /home/sayone/This PC/SayOne Technologies/Works/airflow_new/Airflow/venv/lib/python3.8/site-packages/airflow/example_dags/example_task_group_decorator.py took 0.072 seconds
[2022-09-20T17:33:03.902+0530] {processor.py:153} INFO - Started process (PID=32686) to work on /home/sayone/This PC/SayOne Technologies/Works/airflow_new/Airflow/venv/lib/python3.8/site-packages/airflow/example_dags/example_task_group_decorator.py
[2022-09-20T17:33:03.905+0530] {processor.py:640} INFO - Processing file /home/sayone/This PC/SayOne Technologies/Works/airflow_new/Airflow/venv/lib/python3.8/site-packages/airflow/example_dags/example_task_group_decorator.py for tasks to queue
[2022-09-20T17:33:03.906+0530] {logging_mixin.py:115} INFO - [2022-09-20T17:33:03.906+0530] {dagbag.py:508} INFO - Filling up the DagBag from /home/sayone/This PC/SayOne Technologies/Works/airflow_new/Airflow/venv/lib/python3.8/site-packages/airflow/example_dags/example_task_group_decorator.py
[2022-09-20T17:33:03.928+0530] {processor.py:650} INFO - DAG(s) dict_keys(['example_task_group_decorator']) retrieved from /home/sayone/This PC/SayOne Technologies/Works/airflow_new/Airflow/venv/lib/python3.8/site-packages/airflow/example_dags/example_task_group_decorator.py
[2022-09-20T17:33:03.937+0530] {logging_mixin.py:115} INFO - [2022-09-20T17:33:03.937+0530] {dag.py:2429} INFO - Sync 1 DAGs
[2022-09-20T17:33:03.948+0530] {logging_mixin.py:115} INFO - [2022-09-20T17:33:03.948+0530] {dag.py:2977} INFO - Setting next_dagrun for example_task_group_decorator to 2022-09-19T12:03:03.947960+00:00, run_after=2022-09-20T12:03:03.947960+00:00
[2022-09-20T17:33:03.956+0530] {processor.py:161} INFO - Processing /home/sayone/This PC/SayOne Technologies/Works/airflow_new/Airflow/venv/lib/python3.8/site-packages/airflow/example_dags/example_task_group_decorator.py took 0.058 seconds
[2022-09-20T17:33:38.717+0530] {processor.py:153} INFO - Started process (PID=32750) to work on /home/sayone/This PC/SayOne Technologies/Works/airflow_new/Airflow/venv/lib/python3.8/site-packages/airflow/example_dags/example_task_group_decorator.py
[2022-09-20T17:33:38.721+0530] {processor.py:640} INFO - Processing file /home/sayone/This PC/SayOne Technologies/Works/airflow_new/Airflow/venv/lib/python3.8/site-packages/airflow/example_dags/example_task_group_decorator.py for tasks to queue
[2022-09-20T17:33:38.722+0530] {logging_mixin.py:115} INFO - [2022-09-20T17:33:38.721+0530] {dagbag.py:508} INFO - Filling up the DagBag from /home/sayone/This PC/SayOne Technologies/Works/airflow_new/Airflow/venv/lib/python3.8/site-packages/airflow/example_dags/example_task_group_decorator.py
[2022-09-20T17:33:38.742+0530] {processor.py:650} INFO - DAG(s) dict_keys(['example_task_group_decorator']) retrieved from /home/sayone/This PC/SayOne Technologies/Works/airflow_new/Airflow/venv/lib/python3.8/site-packages/airflow/example_dags/example_task_group_decorator.py
[2022-09-20T17:33:38.768+0530] {logging_mixin.py:115} INFO - [2022-09-20T17:33:38.768+0530] {dag.py:2429} INFO - Sync 1 DAGs
[2022-09-20T17:33:38.776+0530] {logging_mixin.py:115} INFO - [2022-09-20T17:33:38.776+0530] {dag.py:2977} INFO - Setting next_dagrun for example_task_group_decorator to 2022-09-19T12:03:38.776024+00:00, run_after=2022-09-20T12:03:38.776024+00:00
[2022-09-20T17:33:38.785+0530] {processor.py:161} INFO - Processing /home/sayone/This PC/SayOne Technologies/Works/airflow_new/Airflow/venv/lib/python3.8/site-packages/airflow/example_dags/example_task_group_decorator.py took 0.072 seconds
[2022-09-20T17:34:15.433+0530] {processor.py:153} INFO - Started process (PID=32848) to work on /home/sayone/This PC/SayOne Technologies/Works/airflow_new/Airflow/venv/lib/python3.8/site-packages/airflow/example_dags/example_task_group_decorator.py
[2022-09-20T17:34:15.436+0530] {processor.py:640} INFO - Processing file /home/sayone/This PC/SayOne Technologies/Works/airflow_new/Airflow/venv/lib/python3.8/site-packages/airflow/example_dags/example_task_group_decorator.py for tasks to queue
[2022-09-20T17:34:15.437+0530] {logging_mixin.py:115} INFO - [2022-09-20T17:34:15.437+0530] {dagbag.py:508} INFO - Filling up the DagBag from /home/sayone/This PC/SayOne Technologies/Works/airflow_new/Airflow/venv/lib/python3.8/site-packages/airflow/example_dags/example_task_group_decorator.py
[2022-09-20T17:34:15.456+0530] {processor.py:650} INFO - DAG(s) dict_keys(['example_task_group_decorator']) retrieved from /home/sayone/This PC/SayOne Technologies/Works/airflow_new/Airflow/venv/lib/python3.8/site-packages/airflow/example_dags/example_task_group_decorator.py
[2022-09-20T17:34:15.465+0530] {logging_mixin.py:115} INFO - [2022-09-20T17:34:15.465+0530] {dag.py:2429} INFO - Sync 1 DAGs
[2022-09-20T17:34:15.475+0530] {logging_mixin.py:115} INFO - [2022-09-20T17:34:15.475+0530] {dag.py:2977} INFO - Setting next_dagrun for example_task_group_decorator to 2022-09-19T12:04:15.475664+00:00, run_after=2022-09-20T12:04:15.475664+00:00
[2022-09-20T17:34:15.484+0530] {processor.py:161} INFO - Processing /home/sayone/This PC/SayOne Technologies/Works/airflow_new/Airflow/venv/lib/python3.8/site-packages/airflow/example_dags/example_task_group_decorator.py took 0.055 seconds
[2022-09-20T17:34:52.942+0530] {processor.py:153} INFO - Started process (PID=33086) to work on /home/sayone/This PC/SayOne Technologies/Works/airflow_new/Airflow/venv/lib/python3.8/site-packages/airflow/example_dags/example_task_group_decorator.py
[2022-09-20T17:34:52.945+0530] {processor.py:640} INFO - Processing file /home/sayone/This PC/SayOne Technologies/Works/airflow_new/Airflow/venv/lib/python3.8/site-packages/airflow/example_dags/example_task_group_decorator.py for tasks to queue
[2022-09-20T17:34:52.946+0530] {logging_mixin.py:115} INFO - [2022-09-20T17:34:52.946+0530] {dagbag.py:508} INFO - Filling up the DagBag from /home/sayone/This PC/SayOne Technologies/Works/airflow_new/Airflow/venv/lib/python3.8/site-packages/airflow/example_dags/example_task_group_decorator.py
[2022-09-20T17:34:52.968+0530] {processor.py:650} INFO - DAG(s) dict_keys(['example_task_group_decorator']) retrieved from /home/sayone/This PC/SayOne Technologies/Works/airflow_new/Airflow/venv/lib/python3.8/site-packages/airflow/example_dags/example_task_group_decorator.py
[2022-09-20T17:34:52.977+0530] {logging_mixin.py:115} INFO - [2022-09-20T17:34:52.977+0530] {dag.py:2429} INFO - Sync 1 DAGs
[2022-09-20T17:34:52.988+0530] {logging_mixin.py:115} INFO - [2022-09-20T17:34:52.988+0530] {dag.py:2977} INFO - Setting next_dagrun for example_task_group_decorator to 2022-09-19T12:04:52.988671+00:00, run_after=2022-09-20T12:04:52.988671+00:00
[2022-09-20T17:34:52.997+0530] {processor.py:161} INFO - Processing /home/sayone/This PC/SayOne Technologies/Works/airflow_new/Airflow/venv/lib/python3.8/site-packages/airflow/example_dags/example_task_group_decorator.py took 0.058 seconds
[2022-09-20T17:35:26.753+0530] {processor.py:153} INFO - Started process (PID=33177) to work on /home/sayone/This PC/SayOne Technologies/Works/airflow_new/Airflow/venv/lib/python3.8/site-packages/airflow/example_dags/example_task_group_decorator.py
[2022-09-20T17:35:26.756+0530] {processor.py:640} INFO - Processing file /home/sayone/This PC/SayOne Technologies/Works/airflow_new/Airflow/venv/lib/python3.8/site-packages/airflow/example_dags/example_task_group_decorator.py for tasks to queue
[2022-09-20T17:35:26.757+0530] {logging_mixin.py:115} INFO - [2022-09-20T17:35:26.756+0530] {dagbag.py:508} INFO - Filling up the DagBag from /home/sayone/This PC/SayOne Technologies/Works/airflow_new/Airflow/venv/lib/python3.8/site-packages/airflow/example_dags/example_task_group_decorator.py
[2022-09-20T17:35:26.780+0530] {processor.py:650} INFO - DAG(s) dict_keys(['example_task_group_decorator']) retrieved from /home/sayone/This PC/SayOne Technologies/Works/airflow_new/Airflow/venv/lib/python3.8/site-packages/airflow/example_dags/example_task_group_decorator.py
[2022-09-20T17:35:26.789+0530] {logging_mixin.py:115} INFO - [2022-09-20T17:35:26.789+0530] {dag.py:2429} INFO - Sync 1 DAGs
[2022-09-20T17:35:26.800+0530] {logging_mixin.py:115} INFO - [2022-09-20T17:35:26.800+0530] {dag.py:2977} INFO - Setting next_dagrun for example_task_group_decorator to 2022-09-19T12:05:26.800049+00:00, run_after=2022-09-20T12:05:26.800049+00:00
[2022-09-20T17:35:26.808+0530] {processor.py:161} INFO - Processing /home/sayone/This PC/SayOne Technologies/Works/airflow_new/Airflow/venv/lib/python3.8/site-packages/airflow/example_dags/example_task_group_decorator.py took 0.058 seconds
[2022-09-20T17:36:06.233+0530] {processor.py:153} INFO - Started process (PID=33299) to work on /home/sayone/This PC/SayOne Technologies/Works/airflow_new/Airflow/venv/lib/python3.8/site-packages/airflow/example_dags/example_task_group_decorator.py
[2022-09-20T17:36:06.237+0530] {processor.py:640} INFO - Processing file /home/sayone/This PC/SayOne Technologies/Works/airflow_new/Airflow/venv/lib/python3.8/site-packages/airflow/example_dags/example_task_group_decorator.py for tasks to queue
[2022-09-20T17:36:06.238+0530] {logging_mixin.py:115} INFO - [2022-09-20T17:36:06.238+0530] {dagbag.py:508} INFO - Filling up the DagBag from /home/sayone/This PC/SayOne Technologies/Works/airflow_new/Airflow/venv/lib/python3.8/site-packages/airflow/example_dags/example_task_group_decorator.py
[2022-09-20T17:36:06.257+0530] {processor.py:650} INFO - DAG(s) dict_keys(['example_task_group_decorator']) retrieved from /home/sayone/This PC/SayOne Technologies/Works/airflow_new/Airflow/venv/lib/python3.8/site-packages/airflow/example_dags/example_task_group_decorator.py
[2022-09-20T17:36:06.270+0530] {logging_mixin.py:115} INFO - [2022-09-20T17:36:06.269+0530] {dag.py:2429} INFO - Sync 1 DAGs
[2022-09-20T17:36:06.284+0530] {logging_mixin.py:115} INFO - [2022-09-20T17:36:06.284+0530] {dag.py:2977} INFO - Setting next_dagrun for example_task_group_decorator to 2022-09-19T12:06:06.284397+00:00, run_after=2022-09-20T12:06:06.284397+00:00
[2022-09-20T17:36:06.297+0530] {processor.py:161} INFO - Processing /home/sayone/This PC/SayOne Technologies/Works/airflow_new/Airflow/venv/lib/python3.8/site-packages/airflow/example_dags/example_task_group_decorator.py took 0.067 seconds
[2022-09-20T17:36:41.047+0530] {processor.py:153} INFO - Started process (PID=33408) to work on /home/sayone/This PC/SayOne Technologies/Works/airflow_new/Airflow/venv/lib/python3.8/site-packages/airflow/example_dags/example_task_group_decorator.py
[2022-09-20T17:36:41.050+0530] {processor.py:640} INFO - Processing file /home/sayone/This PC/SayOne Technologies/Works/airflow_new/Airflow/venv/lib/python3.8/site-packages/airflow/example_dags/example_task_group_decorator.py for tasks to queue
[2022-09-20T17:36:41.051+0530] {logging_mixin.py:115} INFO - [2022-09-20T17:36:41.051+0530] {dagbag.py:508} INFO - Filling up the DagBag from /home/sayone/This PC/SayOne Technologies/Works/airflow_new/Airflow/venv/lib/python3.8/site-packages/airflow/example_dags/example_task_group_decorator.py
[2022-09-20T17:36:41.071+0530] {processor.py:650} INFO - DAG(s) dict_keys(['example_task_group_decorator']) retrieved from /home/sayone/This PC/SayOne Technologies/Works/airflow_new/Airflow/venv/lib/python3.8/site-packages/airflow/example_dags/example_task_group_decorator.py
[2022-09-20T17:36:41.081+0530] {logging_mixin.py:115} INFO - [2022-09-20T17:36:41.081+0530] {dag.py:2429} INFO - Sync 1 DAGs
[2022-09-20T17:36:41.093+0530] {logging_mixin.py:115} INFO - [2022-09-20T17:36:41.093+0530] {dag.py:2977} INFO - Setting next_dagrun for example_task_group_decorator to 2022-09-19T12:06:41.093052+00:00, run_after=2022-09-20T12:06:41.093052+00:00
[2022-09-20T17:36:41.102+0530] {processor.py:161} INFO - Processing /home/sayone/This PC/SayOne Technologies/Works/airflow_new/Airflow/venv/lib/python3.8/site-packages/airflow/example_dags/example_task_group_decorator.py took 0.059 seconds
[2022-09-20T17:37:17.755+0530] {processor.py:153} INFO - Started process (PID=33682) to work on /home/sayone/This PC/SayOne Technologies/Works/airflow_new/Airflow/venv/lib/python3.8/site-packages/airflow/example_dags/example_task_group_decorator.py
[2022-09-20T17:37:17.758+0530] {processor.py:640} INFO - Processing file /home/sayone/This PC/SayOne Technologies/Works/airflow_new/Airflow/venv/lib/python3.8/site-packages/airflow/example_dags/example_task_group_decorator.py for tasks to queue
[2022-09-20T17:37:17.759+0530] {logging_mixin.py:115} INFO - [2022-09-20T17:37:17.759+0530] {dagbag.py:508} INFO - Filling up the DagBag from /home/sayone/This PC/SayOne Technologies/Works/airflow_new/Airflow/venv/lib/python3.8/site-packages/airflow/example_dags/example_task_group_decorator.py
[2022-09-20T17:37:17.779+0530] {processor.py:650} INFO - DAG(s) dict_keys(['example_task_group_decorator']) retrieved from /home/sayone/This PC/SayOne Technologies/Works/airflow_new/Airflow/venv/lib/python3.8/site-packages/airflow/example_dags/example_task_group_decorator.py
[2022-09-20T17:37:17.789+0530] {logging_mixin.py:115} INFO - [2022-09-20T17:37:17.789+0530] {dag.py:2429} INFO - Sync 1 DAGs
[2022-09-20T17:37:17.800+0530] {logging_mixin.py:115} INFO - [2022-09-20T17:37:17.800+0530] {dag.py:2977} INFO - Setting next_dagrun for example_task_group_decorator to 2022-09-19T12:07:17.800548+00:00, run_after=2022-09-20T12:07:17.800548+00:00
[2022-09-20T17:37:17.809+0530] {processor.py:161} INFO - Processing /home/sayone/This PC/SayOne Technologies/Works/airflow_new/Airflow/venv/lib/python3.8/site-packages/airflow/example_dags/example_task_group_decorator.py took 0.059 seconds
[2022-09-20T17:38:07.002+0530] {processor.py:153} INFO - Started process (PID=33819) to work on /home/sayone/This PC/SayOne Technologies/Works/airflow_new/Airflow/venv/lib/python3.8/site-packages/airflow/example_dags/example_task_group_decorator.py
[2022-09-20T17:38:07.005+0530] {processor.py:640} INFO - Processing file /home/sayone/This PC/SayOne Technologies/Works/airflow_new/Airflow/venv/lib/python3.8/site-packages/airflow/example_dags/example_task_group_decorator.py for tasks to queue
[2022-09-20T17:38:07.005+0530] {logging_mixin.py:115} INFO - [2022-09-20T17:38:07.005+0530] {dagbag.py:508} INFO - Filling up the DagBag from /home/sayone/This PC/SayOne Technologies/Works/airflow_new/Airflow/venv/lib/python3.8/site-packages/airflow/example_dags/example_task_group_decorator.py
[2022-09-20T17:38:07.025+0530] {processor.py:650} INFO - DAG(s) dict_keys(['example_task_group_decorator']) retrieved from /home/sayone/This PC/SayOne Technologies/Works/airflow_new/Airflow/venv/lib/python3.8/site-packages/airflow/example_dags/example_task_group_decorator.py
[2022-09-20T17:38:07.067+0530] {logging_mixin.py:115} INFO - [2022-09-20T17:38:07.067+0530] {dag.py:2429} INFO - Sync 1 DAGs
[2022-09-20T17:38:07.081+0530] {logging_mixin.py:115} INFO - [2022-09-20T17:38:07.081+0530] {dag.py:2977} INFO - Setting next_dagrun for example_task_group_decorator to 2022-09-19T12:08:07.081173+00:00, run_after=2022-09-20T12:08:07.081173+00:00
[2022-09-20T17:38:07.094+0530] {processor.py:161} INFO - Processing /home/sayone/This PC/SayOne Technologies/Works/airflow_new/Airflow/venv/lib/python3.8/site-packages/airflow/example_dags/example_task_group_decorator.py took 0.093 seconds
[2022-09-20T17:38:42.655+0530] {processor.py:153} INFO - Started process (PID=33877) to work on /home/sayone/This PC/SayOne Technologies/Works/airflow_new/Airflow/venv/lib/python3.8/site-packages/airflow/example_dags/example_task_group_decorator.py
[2022-09-20T17:38:42.658+0530] {processor.py:640} INFO - Processing file /home/sayone/This PC/SayOne Technologies/Works/airflow_new/Airflow/venv/lib/python3.8/site-packages/airflow/example_dags/example_task_group_decorator.py for tasks to queue
[2022-09-20T17:38:42.659+0530] {logging_mixin.py:115} INFO - [2022-09-20T17:38:42.659+0530] {dagbag.py:508} INFO - Filling up the DagBag from /home/sayone/This PC/SayOne Technologies/Works/airflow_new/Airflow/venv/lib/python3.8/site-packages/airflow/example_dags/example_task_group_decorator.py
[2022-09-20T17:38:42.677+0530] {processor.py:650} INFO - DAG(s) dict_keys(['example_task_group_decorator']) retrieved from /home/sayone/This PC/SayOne Technologies/Works/airflow_new/Airflow/venv/lib/python3.8/site-packages/airflow/example_dags/example_task_group_decorator.py
[2022-09-20T17:38:42.709+0530] {logging_mixin.py:115} INFO - [2022-09-20T17:38:42.709+0530] {dag.py:2429} INFO - Sync 1 DAGs
[2022-09-20T17:38:42.722+0530] {logging_mixin.py:115} INFO - [2022-09-20T17:38:42.722+0530] {dag.py:2977} INFO - Setting next_dagrun for example_task_group_decorator to 2022-09-19T12:08:42.721882+00:00, run_after=2022-09-20T12:08:42.721882+00:00
[2022-09-20T17:38:42.733+0530] {processor.py:161} INFO - Processing /home/sayone/This PC/SayOne Technologies/Works/airflow_new/Airflow/venv/lib/python3.8/site-packages/airflow/example_dags/example_task_group_decorator.py took 0.084 seconds
[2022-09-20T17:39:16.783+0530] {processor.py:153} INFO - Started process (PID=33977) to work on /home/sayone/This PC/SayOne Technologies/Works/airflow_new/Airflow/venv/lib/python3.8/site-packages/airflow/example_dags/example_task_group_decorator.py
[2022-09-20T17:39:16.785+0530] {processor.py:640} INFO - Processing file /home/sayone/This PC/SayOne Technologies/Works/airflow_new/Airflow/venv/lib/python3.8/site-packages/airflow/example_dags/example_task_group_decorator.py for tasks to queue
[2022-09-20T17:39:16.786+0530] {logging_mixin.py:115} INFO - [2022-09-20T17:39:16.786+0530] {dagbag.py:508} INFO - Filling up the DagBag from /home/sayone/This PC/SayOne Technologies/Works/airflow_new/Airflow/venv/lib/python3.8/site-packages/airflow/example_dags/example_task_group_decorator.py
[2022-09-20T17:39:16.808+0530] {processor.py:650} INFO - DAG(s) dict_keys(['example_task_group_decorator']) retrieved from /home/sayone/This PC/SayOne Technologies/Works/airflow_new/Airflow/venv/lib/python3.8/site-packages/airflow/example_dags/example_task_group_decorator.py
[2022-09-20T17:39:16.833+0530] {logging_mixin.py:115} INFO - [2022-09-20T17:39:16.833+0530] {dag.py:2429} INFO - Sync 1 DAGs
[2022-09-20T17:39:16.841+0530] {logging_mixin.py:115} INFO - [2022-09-20T17:39:16.841+0530] {dag.py:2977} INFO - Setting next_dagrun for example_task_group_decorator to 2022-09-19T12:09:16.841308+00:00, run_after=2022-09-20T12:09:16.841308+00:00
[2022-09-20T17:39:16.850+0530] {processor.py:161} INFO - Processing /home/sayone/This PC/SayOne Technologies/Works/airflow_new/Airflow/venv/lib/python3.8/site-packages/airflow/example_dags/example_task_group_decorator.py took 0.069 seconds
[2022-09-20T17:39:53.952+0530] {processor.py:153} INFO - Started process (PID=34130) to work on /home/sayone/This PC/SayOne Technologies/Works/airflow_new/Airflow/venv/lib/python3.8/site-packages/airflow/example_dags/example_task_group_decorator.py
[2022-09-20T17:39:53.956+0530] {processor.py:640} INFO - Processing file /home/sayone/This PC/SayOne Technologies/Works/airflow_new/Airflow/venv/lib/python3.8/site-packages/airflow/example_dags/example_task_group_decorator.py for tasks to queue
[2022-09-20T17:39:53.957+0530] {logging_mixin.py:115} INFO - [2022-09-20T17:39:53.956+0530] {dagbag.py:508} INFO - Filling up the DagBag from /home/sayone/This PC/SayOne Technologies/Works/airflow_new/Airflow/venv/lib/python3.8/site-packages/airflow/example_dags/example_task_group_decorator.py
[2022-09-20T17:39:53.976+0530] {processor.py:650} INFO - DAG(s) dict_keys(['example_task_group_decorator']) retrieved from /home/sayone/This PC/SayOne Technologies/Works/airflow_new/Airflow/venv/lib/python3.8/site-packages/airflow/example_dags/example_task_group_decorator.py
[2022-09-20T17:39:54.003+0530] {logging_mixin.py:115} INFO - [2022-09-20T17:39:54.003+0530] {dag.py:2429} INFO - Sync 1 DAGs
[2022-09-20T17:39:54.011+0530] {logging_mixin.py:115} INFO - [2022-09-20T17:39:54.011+0530] {dag.py:2977} INFO - Setting next_dagrun for example_task_group_decorator to 2022-09-19T12:09:54.011518+00:00, run_after=2022-09-20T12:09:54.011518+00:00
[2022-09-20T17:39:54.021+0530] {processor.py:161} INFO - Processing /home/sayone/This PC/SayOne Technologies/Works/airflow_new/Airflow/venv/lib/python3.8/site-packages/airflow/example_dags/example_task_group_decorator.py took 0.072 seconds
[2022-09-20T17:40:29.182+0530] {processor.py:153} INFO - Started process (PID=34232) to work on /home/sayone/This PC/SayOne Technologies/Works/airflow_new/Airflow/venv/lib/python3.8/site-packages/airflow/example_dags/example_task_group_decorator.py
[2022-09-20T17:40:29.185+0530] {processor.py:640} INFO - Processing file /home/sayone/This PC/SayOne Technologies/Works/airflow_new/Airflow/venv/lib/python3.8/site-packages/airflow/example_dags/example_task_group_decorator.py for tasks to queue
[2022-09-20T17:40:29.186+0530] {logging_mixin.py:115} INFO - [2022-09-20T17:40:29.186+0530] {dagbag.py:508} INFO - Filling up the DagBag from /home/sayone/This PC/SayOne Technologies/Works/airflow_new/Airflow/venv/lib/python3.8/site-packages/airflow/example_dags/example_task_group_decorator.py
[2022-09-20T17:40:29.207+0530] {processor.py:650} INFO - DAG(s) dict_keys(['example_task_group_decorator']) retrieved from /home/sayone/This PC/SayOne Technologies/Works/airflow_new/Airflow/venv/lib/python3.8/site-packages/airflow/example_dags/example_task_group_decorator.py
[2022-09-20T17:40:29.234+0530] {logging_mixin.py:115} INFO - [2022-09-20T17:40:29.233+0530] {dag.py:2429} INFO - Sync 1 DAGs
[2022-09-20T17:40:29.242+0530] {logging_mixin.py:115} INFO - [2022-09-20T17:40:29.242+0530] {dag.py:2977} INFO - Setting next_dagrun for example_task_group_decorator to 2022-09-19T12:10:29.242178+00:00, run_after=2022-09-20T12:10:29.242178+00:00
[2022-09-20T17:40:29.251+0530] {processor.py:161} INFO - Processing /home/sayone/This PC/SayOne Technologies/Works/airflow_new/Airflow/venv/lib/python3.8/site-packages/airflow/example_dags/example_task_group_decorator.py took 0.072 seconds
[2022-09-20T17:41:05.920+0530] {processor.py:153} INFO - Started process (PID=34389) to work on /home/sayone/This PC/SayOne Technologies/Works/airflow_new/Airflow/venv/lib/python3.8/site-packages/airflow/example_dags/example_task_group_decorator.py
[2022-09-20T17:41:05.924+0530] {processor.py:640} INFO - Processing file /home/sayone/This PC/SayOne Technologies/Works/airflow_new/Airflow/venv/lib/python3.8/site-packages/airflow/example_dags/example_task_group_decorator.py for tasks to queue
[2022-09-20T17:41:05.925+0530] {logging_mixin.py:115} INFO - [2022-09-20T17:41:05.925+0530] {dagbag.py:508} INFO - Filling up the DagBag from /home/sayone/This PC/SayOne Technologies/Works/airflow_new/Airflow/venv/lib/python3.8/site-packages/airflow/example_dags/example_task_group_decorator.py
[2022-09-20T17:41:05.945+0530] {processor.py:650} INFO - DAG(s) dict_keys(['example_task_group_decorator']) retrieved from /home/sayone/This PC/SayOne Technologies/Works/airflow_new/Airflow/venv/lib/python3.8/site-packages/airflow/example_dags/example_task_group_decorator.py
[2022-09-20T17:41:05.955+0530] {logging_mixin.py:115} INFO - [2022-09-20T17:41:05.955+0530] {dag.py:2429} INFO - Sync 1 DAGs
[2022-09-20T17:41:05.968+0530] {logging_mixin.py:115} INFO - [2022-09-20T17:41:05.968+0530] {dag.py:2977} INFO - Setting next_dagrun for example_task_group_decorator to 2022-09-19T12:11:05.968085+00:00, run_after=2022-09-20T12:11:05.968085+00:00
[2022-09-20T17:41:05.977+0530] {processor.py:161} INFO - Processing /home/sayone/This PC/SayOne Technologies/Works/airflow_new/Airflow/venv/lib/python3.8/site-packages/airflow/example_dags/example_task_group_decorator.py took 0.060 seconds
[2022-09-20T17:42:03.359+0530] {processor.py:153} INFO - Started process (PID=34543) to work on /home/sayone/This PC/SayOne Technologies/Works/airflow_new/Airflow/venv/lib/python3.8/site-packages/airflow/example_dags/example_task_group_decorator.py
[2022-09-20T17:42:03.361+0530] {processor.py:640} INFO - Processing file /home/sayone/This PC/SayOne Technologies/Works/airflow_new/Airflow/venv/lib/python3.8/site-packages/airflow/example_dags/example_task_group_decorator.py for tasks to queue
[2022-09-20T17:42:03.361+0530] {logging_mixin.py:115} INFO - [2022-09-20T17:42:03.361+0530] {dagbag.py:508} INFO - Filling up the DagBag from /home/sayone/This PC/SayOne Technologies/Works/airflow_new/Airflow/venv/lib/python3.8/site-packages/airflow/example_dags/example_task_group_decorator.py
[2022-09-20T17:42:03.379+0530] {processor.py:650} INFO - DAG(s) dict_keys(['example_task_group_decorator']) retrieved from /home/sayone/This PC/SayOne Technologies/Works/airflow_new/Airflow/venv/lib/python3.8/site-packages/airflow/example_dags/example_task_group_decorator.py
[2022-09-20T17:42:03.413+0530] {logging_mixin.py:115} INFO - [2022-09-20T17:42:03.412+0530] {dag.py:2429} INFO - Sync 1 DAGs
[2022-09-20T17:42:03.424+0530] {logging_mixin.py:115} INFO - [2022-09-20T17:42:03.423+0530] {dag.py:2977} INFO - Setting next_dagrun for example_task_group_decorator to 2022-09-19T12:12:03.423698+00:00, run_after=2022-09-20T12:12:03.423698+00:00
[2022-09-20T17:42:03.436+0530] {processor.py:161} INFO - Processing /home/sayone/This PC/SayOne Technologies/Works/airflow_new/Airflow/venv/lib/python3.8/site-packages/airflow/example_dags/example_task_group_decorator.py took 0.079 seconds
[2022-09-20T17:45:33.070+0530] {processor.py:153} INFO - Started process (PID=34937) to work on /home/sayone/This PC/SayOne Technologies/Works/airflow_new/Airflow/venv/lib/python3.8/site-packages/airflow/example_dags/example_task_group_decorator.py
[2022-09-20T17:45:33.073+0530] {processor.py:640} INFO - Processing file /home/sayone/This PC/SayOne Technologies/Works/airflow_new/Airflow/venv/lib/python3.8/site-packages/airflow/example_dags/example_task_group_decorator.py for tasks to queue
[2022-09-20T17:45:33.073+0530] {logging_mixin.py:115} INFO - [2022-09-20T17:45:33.073+0530] {dagbag.py:508} INFO - Filling up the DagBag from /home/sayone/This PC/SayOne Technologies/Works/airflow_new/Airflow/venv/lib/python3.8/site-packages/airflow/example_dags/example_task_group_decorator.py
[2022-09-20T17:45:33.092+0530] {processor.py:650} INFO - DAG(s) dict_keys(['example_task_group_decorator']) retrieved from /home/sayone/This PC/SayOne Technologies/Works/airflow_new/Airflow/venv/lib/python3.8/site-packages/airflow/example_dags/example_task_group_decorator.py
[2022-09-20T17:45:33.132+0530] {logging_mixin.py:115} INFO - [2022-09-20T17:45:33.132+0530] {dag.py:2429} INFO - Sync 1 DAGs
[2022-09-20T17:45:33.152+0530] {logging_mixin.py:115} INFO - [2022-09-20T17:45:33.151+0530] {dag.py:2977} INFO - Setting next_dagrun for example_task_group_decorator to 2022-09-19T12:15:33.151092+00:00, run_after=2022-09-20T12:15:33.151092+00:00
[2022-09-20T17:45:33.174+0530] {processor.py:161} INFO - Processing /home/sayone/This PC/SayOne Technologies/Works/airflow_new/Airflow/venv/lib/python3.8/site-packages/airflow/example_dags/example_task_group_decorator.py took 0.107 seconds
[2022-09-20T17:46:30.193+0530] {processor.py:153} INFO - Started process (PID=35071) to work on /home/sayone/This PC/SayOne Technologies/Works/airflow_new/Airflow/venv/lib/python3.8/site-packages/airflow/example_dags/example_task_group_decorator.py
[2022-09-20T17:46:30.196+0530] {processor.py:640} INFO - Processing file /home/sayone/This PC/SayOne Technologies/Works/airflow_new/Airflow/venv/lib/python3.8/site-packages/airflow/example_dags/example_task_group_decorator.py for tasks to queue
[2022-09-20T17:46:30.197+0530] {logging_mixin.py:115} INFO - [2022-09-20T17:46:30.197+0530] {dagbag.py:508} INFO - Filling up the DagBag from /home/sayone/This PC/SayOne Technologies/Works/airflow_new/Airflow/venv/lib/python3.8/site-packages/airflow/example_dags/example_task_group_decorator.py
[2022-09-20T17:46:30.215+0530] {processor.py:650} INFO - DAG(s) dict_keys(['example_task_group_decorator']) retrieved from /home/sayone/This PC/SayOne Technologies/Works/airflow_new/Airflow/venv/lib/python3.8/site-packages/airflow/example_dags/example_task_group_decorator.py
[2022-09-20T17:46:30.242+0530] {logging_mixin.py:115} INFO - [2022-09-20T17:46:30.242+0530] {dag.py:2429} INFO - Sync 1 DAGs
[2022-09-20T17:46:30.250+0530] {logging_mixin.py:115} INFO - [2022-09-20T17:46:30.250+0530] {dag.py:2977} INFO - Setting next_dagrun for example_task_group_decorator to 2022-09-19T12:16:30.250561+00:00, run_after=2022-09-20T12:16:30.250561+00:00
[2022-09-20T17:46:30.261+0530] {processor.py:161} INFO - Processing /home/sayone/This PC/SayOne Technologies/Works/airflow_new/Airflow/venv/lib/python3.8/site-packages/airflow/example_dags/example_task_group_decorator.py took 0.069 seconds
[2022-09-20T17:47:04.339+0530] {processor.py:153} INFO - Started process (PID=35304) to work on /home/sayone/This PC/SayOne Technologies/Works/airflow_new/Airflow/venv/lib/python3.8/site-packages/airflow/example_dags/example_task_group_decorator.py
[2022-09-20T17:47:04.340+0530] {processor.py:640} INFO - Processing file /home/sayone/This PC/SayOne Technologies/Works/airflow_new/Airflow/venv/lib/python3.8/site-packages/airflow/example_dags/example_task_group_decorator.py for tasks to queue
[2022-09-20T17:47:04.340+0530] {logging_mixin.py:115} INFO - [2022-09-20T17:47:04.340+0530] {dagbag.py:508} INFO - Filling up the DagBag from /home/sayone/This PC/SayOne Technologies/Works/airflow_new/Airflow/venv/lib/python3.8/site-packages/airflow/example_dags/example_task_group_decorator.py
[2022-09-20T17:47:04.360+0530] {processor.py:650} INFO - DAG(s) dict_keys(['example_task_group_decorator']) retrieved from /home/sayone/This PC/SayOne Technologies/Works/airflow_new/Airflow/venv/lib/python3.8/site-packages/airflow/example_dags/example_task_group_decorator.py
[2022-09-20T17:47:04.403+0530] {logging_mixin.py:115} INFO - [2022-09-20T17:47:04.403+0530] {dag.py:2429} INFO - Sync 1 DAGs
[2022-09-20T17:47:04.411+0530] {logging_mixin.py:115} INFO - [2022-09-20T17:47:04.411+0530] {dag.py:2977} INFO - Setting next_dagrun for example_task_group_decorator to 2022-09-19T12:17:04.411376+00:00, run_after=2022-09-20T12:17:04.411376+00:00
[2022-09-20T17:47:04.422+0530] {processor.py:161} INFO - Processing /home/sayone/This PC/SayOne Technologies/Works/airflow_new/Airflow/venv/lib/python3.8/site-packages/airflow/example_dags/example_task_group_decorator.py took 0.084 seconds
[2022-09-20T17:47:42.299+0530] {processor.py:153} INFO - Started process (PID=35404) to work on /home/sayone/This PC/SayOne Technologies/Works/airflow_new/Airflow/venv/lib/python3.8/site-packages/airflow/example_dags/example_task_group_decorator.py
[2022-09-20T17:47:42.302+0530] {processor.py:640} INFO - Processing file /home/sayone/This PC/SayOne Technologies/Works/airflow_new/Airflow/venv/lib/python3.8/site-packages/airflow/example_dags/example_task_group_decorator.py for tasks to queue
[2022-09-20T17:47:42.303+0530] {logging_mixin.py:115} INFO - [2022-09-20T17:47:42.303+0530] {dagbag.py:508} INFO - Filling up the DagBag from /home/sayone/This PC/SayOne Technologies/Works/airflow_new/Airflow/venv/lib/python3.8/site-packages/airflow/example_dags/example_task_group_decorator.py
[2022-09-20T17:47:42.323+0530] {processor.py:650} INFO - DAG(s) dict_keys(['example_task_group_decorator']) retrieved from /home/sayone/This PC/SayOne Technologies/Works/airflow_new/Airflow/venv/lib/python3.8/site-packages/airflow/example_dags/example_task_group_decorator.py
[2022-09-20T17:47:42.355+0530] {logging_mixin.py:115} INFO - [2022-09-20T17:47:42.355+0530] {dag.py:2429} INFO - Sync 1 DAGs
[2022-09-20T17:47:42.365+0530] {logging_mixin.py:115} INFO - [2022-09-20T17:47:42.365+0530] {dag.py:2977} INFO - Setting next_dagrun for example_task_group_decorator to 2022-09-19T12:17:42.365171+00:00, run_after=2022-09-20T12:17:42.365171+00:00
[2022-09-20T17:47:42.375+0530] {processor.py:161} INFO - Processing /home/sayone/This PC/SayOne Technologies/Works/airflow_new/Airflow/venv/lib/python3.8/site-packages/airflow/example_dags/example_task_group_decorator.py took 0.082 seconds
[2022-09-20T17:48:19.504+0530] {processor.py:153} INFO - Started process (PID=35507) to work on /home/sayone/This PC/SayOne Technologies/Works/airflow_new/Airflow/venv/lib/python3.8/site-packages/airflow/example_dags/example_task_group_decorator.py
[2022-09-20T17:48:19.505+0530] {processor.py:640} INFO - Processing file /home/sayone/This PC/SayOne Technologies/Works/airflow_new/Airflow/venv/lib/python3.8/site-packages/airflow/example_dags/example_task_group_decorator.py for tasks to queue
[2022-09-20T17:48:19.506+0530] {logging_mixin.py:115} INFO - [2022-09-20T17:48:19.506+0530] {dagbag.py:508} INFO - Filling up the DagBag from /home/sayone/This PC/SayOne Technologies/Works/airflow_new/Airflow/venv/lib/python3.8/site-packages/airflow/example_dags/example_task_group_decorator.py
[2022-09-20T17:48:19.525+0530] {processor.py:650} INFO - DAG(s) dict_keys(['example_task_group_decorator']) retrieved from /home/sayone/This PC/SayOne Technologies/Works/airflow_new/Airflow/venv/lib/python3.8/site-packages/airflow/example_dags/example_task_group_decorator.py
[2022-09-20T17:48:19.551+0530] {logging_mixin.py:115} INFO - [2022-09-20T17:48:19.551+0530] {dag.py:2429} INFO - Sync 1 DAGs
[2022-09-20T17:48:19.560+0530] {logging_mixin.py:115} INFO - [2022-09-20T17:48:19.560+0530] {dag.py:2977} INFO - Setting next_dagrun for example_task_group_decorator to 2022-09-19T12:18:19.560238+00:00, run_after=2022-09-20T12:18:19.560238+00:00
[2022-09-20T17:48:19.570+0530] {processor.py:161} INFO - Processing /home/sayone/This PC/SayOne Technologies/Works/airflow_new/Airflow/venv/lib/python3.8/site-packages/airflow/example_dags/example_task_group_decorator.py took 0.069 seconds
[2022-09-20T17:48:56.552+0530] {processor.py:153} INFO - Started process (PID=35632) to work on /home/sayone/This PC/SayOne Technologies/Works/airflow_new/Airflow/venv/lib/python3.8/site-packages/airflow/example_dags/example_task_group_decorator.py
[2022-09-20T17:48:56.555+0530] {processor.py:640} INFO - Processing file /home/sayone/This PC/SayOne Technologies/Works/airflow_new/Airflow/venv/lib/python3.8/site-packages/airflow/example_dags/example_task_group_decorator.py for tasks to queue
[2022-09-20T17:48:56.556+0530] {logging_mixin.py:115} INFO - [2022-09-20T17:48:56.556+0530] {dagbag.py:508} INFO - Filling up the DagBag from /home/sayone/This PC/SayOne Technologies/Works/airflow_new/Airflow/venv/lib/python3.8/site-packages/airflow/example_dags/example_task_group_decorator.py
[2022-09-20T17:48:56.581+0530] {processor.py:650} INFO - DAG(s) dict_keys(['example_task_group_decorator']) retrieved from /home/sayone/This PC/SayOne Technologies/Works/airflow_new/Airflow/venv/lib/python3.8/site-packages/airflow/example_dags/example_task_group_decorator.py
[2022-09-20T17:48:56.617+0530] {logging_mixin.py:115} INFO - [2022-09-20T17:48:56.617+0530] {dag.py:2429} INFO - Sync 1 DAGs
[2022-09-20T17:48:56.628+0530] {logging_mixin.py:115} INFO - [2022-09-20T17:48:56.628+0530] {dag.py:2977} INFO - Setting next_dagrun for example_task_group_decorator to 2022-09-19T12:18:56.628028+00:00, run_after=2022-09-20T12:18:56.628028+00:00
[2022-09-20T17:48:56.639+0530] {processor.py:161} INFO - Processing /home/sayone/This PC/SayOne Technologies/Works/airflow_new/Airflow/venv/lib/python3.8/site-packages/airflow/example_dags/example_task_group_decorator.py took 0.089 seconds
[2022-09-20T17:49:33.537+0530] {processor.py:153} INFO - Started process (PID=35707) to work on /home/sayone/This PC/SayOne Technologies/Works/airflow_new/Airflow/venv/lib/python3.8/site-packages/airflow/example_dags/example_task_group_decorator.py
[2022-09-20T17:49:33.540+0530] {processor.py:640} INFO - Processing file /home/sayone/This PC/SayOne Technologies/Works/airflow_new/Airflow/venv/lib/python3.8/site-packages/airflow/example_dags/example_task_group_decorator.py for tasks to queue
[2022-09-20T17:49:33.541+0530] {logging_mixin.py:115} INFO - [2022-09-20T17:49:33.541+0530] {dagbag.py:508} INFO - Filling up the DagBag from /home/sayone/This PC/SayOne Technologies/Works/airflow_new/Airflow/venv/lib/python3.8/site-packages/airflow/example_dags/example_task_group_decorator.py
[2022-09-20T17:49:33.562+0530] {processor.py:650} INFO - DAG(s) dict_keys(['example_task_group_decorator']) retrieved from /home/sayone/This PC/SayOne Technologies/Works/airflow_new/Airflow/venv/lib/python3.8/site-packages/airflow/example_dags/example_task_group_decorator.py
[2022-09-20T17:49:33.588+0530] {logging_mixin.py:115} INFO - [2022-09-20T17:49:33.588+0530] {dag.py:2429} INFO - Sync 1 DAGs
[2022-09-20T17:49:33.596+0530] {logging_mixin.py:115} INFO - [2022-09-20T17:49:33.596+0530] {dag.py:2977} INFO - Setting next_dagrun for example_task_group_decorator to 2022-09-19T12:19:33.596006+00:00, run_after=2022-09-20T12:19:33.596006+00:00
[2022-09-20T17:49:33.605+0530] {processor.py:161} INFO - Processing /home/sayone/This PC/SayOne Technologies/Works/airflow_new/Airflow/venv/lib/python3.8/site-packages/airflow/example_dags/example_task_group_decorator.py took 0.069 seconds
[2022-09-20T17:50:10.680+0530] {processor.py:153} INFO - Started process (PID=35812) to work on /home/sayone/This PC/SayOne Technologies/Works/airflow_new/Airflow/venv/lib/python3.8/site-packages/airflow/example_dags/example_task_group_decorator.py
[2022-09-20T17:50:10.683+0530] {processor.py:640} INFO - Processing file /home/sayone/This PC/SayOne Technologies/Works/airflow_new/Airflow/venv/lib/python3.8/site-packages/airflow/example_dags/example_task_group_decorator.py for tasks to queue
[2022-09-20T17:50:10.684+0530] {logging_mixin.py:115} INFO - [2022-09-20T17:50:10.684+0530] {dagbag.py:508} INFO - Filling up the DagBag from /home/sayone/This PC/SayOne Technologies/Works/airflow_new/Airflow/venv/lib/python3.8/site-packages/airflow/example_dags/example_task_group_decorator.py
[2022-09-20T17:50:10.704+0530] {processor.py:650} INFO - DAG(s) dict_keys(['example_task_group_decorator']) retrieved from /home/sayone/This PC/SayOne Technologies/Works/airflow_new/Airflow/venv/lib/python3.8/site-packages/airflow/example_dags/example_task_group_decorator.py
[2022-09-20T17:50:10.731+0530] {logging_mixin.py:115} INFO - [2022-09-20T17:50:10.731+0530] {dag.py:2429} INFO - Sync 1 DAGs
[2022-09-20T17:50:10.739+0530] {logging_mixin.py:115} INFO - [2022-09-20T17:50:10.739+0530] {dag.py:2977} INFO - Setting next_dagrun for example_task_group_decorator to 2022-09-19T12:20:10.739670+00:00, run_after=2022-09-20T12:20:10.739670+00:00
[2022-09-20T17:50:10.749+0530] {processor.py:161} INFO - Processing /home/sayone/This PC/SayOne Technologies/Works/airflow_new/Airflow/venv/lib/python3.8/site-packages/airflow/example_dags/example_task_group_decorator.py took 0.073 seconds
[2022-09-20T17:50:46.646+0530] {processor.py:153} INFO - Started process (PID=35881) to work on /home/sayone/This PC/SayOne Technologies/Works/airflow_new/Airflow/venv/lib/python3.8/site-packages/airflow/example_dags/example_task_group_decorator.py
[2022-09-20T17:50:46.647+0530] {processor.py:640} INFO - Processing file /home/sayone/This PC/SayOne Technologies/Works/airflow_new/Airflow/venv/lib/python3.8/site-packages/airflow/example_dags/example_task_group_decorator.py for tasks to queue
[2022-09-20T17:50:46.648+0530] {logging_mixin.py:115} INFO - [2022-09-20T17:50:46.647+0530] {dagbag.py:508} INFO - Filling up the DagBag from /home/sayone/This PC/SayOne Technologies/Works/airflow_new/Airflow/venv/lib/python3.8/site-packages/airflow/example_dags/example_task_group_decorator.py
[2022-09-20T17:50:46.667+0530] {processor.py:650} INFO - DAG(s) dict_keys(['example_task_group_decorator']) retrieved from /home/sayone/This PC/SayOne Technologies/Works/airflow_new/Airflow/venv/lib/python3.8/site-packages/airflow/example_dags/example_task_group_decorator.py
[2022-09-20T17:50:46.692+0530] {logging_mixin.py:115} INFO - [2022-09-20T17:50:46.692+0530] {dag.py:2429} INFO - Sync 1 DAGs
[2022-09-20T17:50:46.701+0530] {logging_mixin.py:115} INFO - [2022-09-20T17:50:46.700+0530] {dag.py:2977} INFO - Setting next_dagrun for example_task_group_decorator to 2022-09-19T12:20:46.700777+00:00, run_after=2022-09-20T12:20:46.700777+00:00
[2022-09-20T17:50:46.710+0530] {processor.py:161} INFO - Processing /home/sayone/This PC/SayOne Technologies/Works/airflow_new/Airflow/venv/lib/python3.8/site-packages/airflow/example_dags/example_task_group_decorator.py took 0.068 seconds
[2022-09-20T17:51:22.798+0530] {processor.py:153} INFO - Started process (PID=35988) to work on /home/sayone/This PC/SayOne Technologies/Works/airflow_new/Airflow/venv/lib/python3.8/site-packages/airflow/example_dags/example_task_group_decorator.py
[2022-09-20T17:51:22.798+0530] {processor.py:640} INFO - Processing file /home/sayone/This PC/SayOne Technologies/Works/airflow_new/Airflow/venv/lib/python3.8/site-packages/airflow/example_dags/example_task_group_decorator.py for tasks to queue
[2022-09-20T17:51:22.799+0530] {logging_mixin.py:115} INFO - [2022-09-20T17:51:22.798+0530] {dagbag.py:508} INFO - Filling up the DagBag from /home/sayone/This PC/SayOne Technologies/Works/airflow_new/Airflow/venv/lib/python3.8/site-packages/airflow/example_dags/example_task_group_decorator.py
[2022-09-20T17:51:22.818+0530] {processor.py:650} INFO - DAG(s) dict_keys(['example_task_group_decorator']) retrieved from /home/sayone/This PC/SayOne Technologies/Works/airflow_new/Airflow/venv/lib/python3.8/site-packages/airflow/example_dags/example_task_group_decorator.py
[2022-09-20T17:51:22.843+0530] {logging_mixin.py:115} INFO - [2022-09-20T17:51:22.843+0530] {dag.py:2429} INFO - Sync 1 DAGs
[2022-09-20T17:51:22.851+0530] {logging_mixin.py:115} INFO - [2022-09-20T17:51:22.851+0530] {dag.py:2977} INFO - Setting next_dagrun for example_task_group_decorator to 2022-09-19T12:21:22.851360+00:00, run_after=2022-09-20T12:21:22.851360+00:00
[2022-09-20T17:51:22.860+0530] {processor.py:161} INFO - Processing /home/sayone/This PC/SayOne Technologies/Works/airflow_new/Airflow/venv/lib/python3.8/site-packages/airflow/example_dags/example_task_group_decorator.py took 0.066 seconds
[2022-09-20T17:52:01.373+0530] {processor.py:153} INFO - Started process (PID=36087) to work on /home/sayone/This PC/SayOne Technologies/Works/airflow_new/Airflow/venv/lib/python3.8/site-packages/airflow/example_dags/example_task_group_decorator.py
[2022-09-20T17:52:01.376+0530] {processor.py:640} INFO - Processing file /home/sayone/This PC/SayOne Technologies/Works/airflow_new/Airflow/venv/lib/python3.8/site-packages/airflow/example_dags/example_task_group_decorator.py for tasks to queue
[2022-09-20T17:52:01.376+0530] {logging_mixin.py:115} INFO - [2022-09-20T17:52:01.376+0530] {dagbag.py:508} INFO - Filling up the DagBag from /home/sayone/This PC/SayOne Technologies/Works/airflow_new/Airflow/venv/lib/python3.8/site-packages/airflow/example_dags/example_task_group_decorator.py
[2022-09-20T17:52:01.391+0530] {processor.py:650} INFO - DAG(s) dict_keys(['example_task_group_decorator']) retrieved from /home/sayone/This PC/SayOne Technologies/Works/airflow_new/Airflow/venv/lib/python3.8/site-packages/airflow/example_dags/example_task_group_decorator.py
[2022-09-20T17:52:01.401+0530] {logging_mixin.py:115} INFO - [2022-09-20T17:52:01.401+0530] {dag.py:2429} INFO - Sync 1 DAGs
[2022-09-20T17:52:01.411+0530] {logging_mixin.py:115} INFO - [2022-09-20T17:52:01.411+0530] {dag.py:2977} INFO - Setting next_dagrun for example_task_group_decorator to 2022-09-19T12:22:01.411410+00:00, run_after=2022-09-20T12:22:01.411410+00:00
[2022-09-20T17:52:01.419+0530] {processor.py:161} INFO - Processing /home/sayone/This PC/SayOne Technologies/Works/airflow_new/Airflow/venv/lib/python3.8/site-packages/airflow/example_dags/example_task_group_decorator.py took 0.048 seconds
