[2022-09-20T17:16:43.631+0530] {processor.py:153} INFO - Started process (PID=28613) to work on /home/sayone/This PC/SayOne Technologies/Works/airflow_new/Airflow/venv/lib/python3.8/site-packages/airflow/example_dags/example_xcom.py
[2022-09-20T17:16:43.632+0530] {processor.py:640} INFO - Processing file /home/sayone/This PC/SayOne Technologies/Works/airflow_new/Airflow/venv/lib/python3.8/site-packages/airflow/example_dags/example_xcom.py for tasks to queue
[2022-09-20T17:16:43.632+0530] {logging_mixin.py:115} INFO - [2022-09-20T17:16:43.632+0530] {dagbag.py:508} INFO - Filling up the DagBag from /home/sayone/This PC/SayOne Technologies/Works/airflow_new/Airflow/venv/lib/python3.8/site-packages/airflow/example_dags/example_xcom.py
[2022-09-20T17:16:43.646+0530] {processor.py:650} INFO - DAG(s) dict_keys(['example_xcom']) retrieved from /home/sayone/This PC/SayOne Technologies/Works/airflow_new/Airflow/venv/lib/python3.8/site-packages/airflow/example_dags/example_xcom.py
[2022-09-20T17:16:43.704+0530] {logging_mixin.py:115} INFO - [2022-09-20T17:16:43.703+0530] {manager.py:508} INFO - Created Permission View: can edit on DAG:example_xcom
[2022-09-20T17:16:43.713+0530] {logging_mixin.py:115} INFO - [2022-09-20T17:16:43.712+0530] {manager.py:508} INFO - Created Permission View: can read on DAG:example_xcom
[2022-09-20T17:16:43.719+0530] {logging_mixin.py:115} INFO - [2022-09-20T17:16:43.719+0530] {manager.py:508} INFO - Created Permission View: can delete on DAG:example_xcom
[2022-09-20T17:16:43.719+0530] {logging_mixin.py:115} INFO - [2022-09-20T17:16:43.719+0530] {dag.py:2429} INFO - Sync 1 DAGs
[2022-09-20T17:16:43.726+0530] {logging_mixin.py:115} INFO - [2022-09-20T17:16:43.726+0530] {dag.py:2448} INFO - Creating ORM DAG for example_xcom
[2022-09-20T17:16:43.732+0530] {logging_mixin.py:115} INFO - [2022-09-20T17:16:43.732+0530] {dag.py:2977} INFO - Setting next_dagrun for example_xcom to 2021-01-01T00:00:00+00:00, run_after=2021-01-01T00:00:00+00:00
[2022-09-20T17:16:43.743+0530] {processor.py:161} INFO - Processing /home/sayone/This PC/SayOne Technologies/Works/airflow_new/Airflow/venv/lib/python3.8/site-packages/airflow/example_dags/example_xcom.py took 0.114 seconds
[2022-09-20T17:17:21.266+0530] {processor.py:153} INFO - Started process (PID=28893) to work on /home/sayone/This PC/SayOne Technologies/Works/airflow_new/Airflow/venv/lib/python3.8/site-packages/airflow/example_dags/example_xcom.py
[2022-09-20T17:17:21.269+0530] {processor.py:640} INFO - Processing file /home/sayone/This PC/SayOne Technologies/Works/airflow_new/Airflow/venv/lib/python3.8/site-packages/airflow/example_dags/example_xcom.py for tasks to queue
[2022-09-20T17:17:21.270+0530] {logging_mixin.py:115} INFO - [2022-09-20T17:17:21.270+0530] {dagbag.py:508} INFO - Filling up the DagBag from /home/sayone/This PC/SayOne Technologies/Works/airflow_new/Airflow/venv/lib/python3.8/site-packages/airflow/example_dags/example_xcom.py
[2022-09-20T17:17:21.283+0530] {processor.py:650} INFO - DAG(s) dict_keys(['example_xcom']) retrieved from /home/sayone/This PC/SayOne Technologies/Works/airflow_new/Airflow/venv/lib/python3.8/site-packages/airflow/example_dags/example_xcom.py
[2022-09-20T17:17:21.347+0530] {logging_mixin.py:115} INFO - [2022-09-20T17:17:21.346+0530] {dag.py:2429} INFO - Sync 1 DAGs
[2022-09-20T17:17:21.365+0530] {logging_mixin.py:115} INFO - [2022-09-20T17:17:21.365+0530] {dag.py:2977} INFO - Setting next_dagrun for example_xcom to 2021-01-01T00:00:00+00:00, run_after=2021-01-01T00:00:00+00:00
[2022-09-20T17:17:21.388+0530] {processor.py:161} INFO - Processing /home/sayone/This PC/SayOne Technologies/Works/airflow_new/Airflow/venv/lib/python3.8/site-packages/airflow/example_dags/example_xcom.py took 0.123 seconds
[2022-09-20T17:17:54.930+0530] {processor.py:153} INFO - Started process (PID=29070) to work on /home/sayone/This PC/SayOne Technologies/Works/airflow_new/Airflow/venv/lib/python3.8/site-packages/airflow/example_dags/example_xcom.py
[2022-09-20T17:17:54.932+0530] {processor.py:640} INFO - Processing file /home/sayone/This PC/SayOne Technologies/Works/airflow_new/Airflow/venv/lib/python3.8/site-packages/airflow/example_dags/example_xcom.py for tasks to queue
[2022-09-20T17:17:54.933+0530] {logging_mixin.py:115} INFO - [2022-09-20T17:17:54.933+0530] {dagbag.py:508} INFO - Filling up the DagBag from /home/sayone/This PC/SayOne Technologies/Works/airflow_new/Airflow/venv/lib/python3.8/site-packages/airflow/example_dags/example_xcom.py
[2022-09-20T17:17:54.946+0530] {processor.py:650} INFO - DAG(s) dict_keys(['example_xcom']) retrieved from /home/sayone/This PC/SayOne Technologies/Works/airflow_new/Airflow/venv/lib/python3.8/site-packages/airflow/example_dags/example_xcom.py
[2022-09-20T17:17:54.978+0530] {logging_mixin.py:115} INFO - [2022-09-20T17:17:54.977+0530] {dag.py:2429} INFO - Sync 1 DAGs
[2022-09-20T17:17:54.989+0530] {logging_mixin.py:115} INFO - [2022-09-20T17:17:54.988+0530] {dag.py:2977} INFO - Setting next_dagrun for example_xcom to 2021-01-01T00:00:00+00:00, run_after=2021-01-01T00:00:00+00:00
[2022-09-20T17:17:55.006+0530] {processor.py:161} INFO - Processing /home/sayone/This PC/SayOne Technologies/Works/airflow_new/Airflow/venv/lib/python3.8/site-packages/airflow/example_dags/example_xcom.py took 0.078 seconds
[2022-09-20T17:18:31.048+0530] {processor.py:153} INFO - Started process (PID=29169) to work on /home/sayone/This PC/SayOne Technologies/Works/airflow_new/Airflow/venv/lib/python3.8/site-packages/airflow/example_dags/example_xcom.py
[2022-09-20T17:18:31.051+0530] {processor.py:640} INFO - Processing file /home/sayone/This PC/SayOne Technologies/Works/airflow_new/Airflow/venv/lib/python3.8/site-packages/airflow/example_dags/example_xcom.py for tasks to queue
[2022-09-20T17:18:31.052+0530] {logging_mixin.py:115} INFO - [2022-09-20T17:18:31.051+0530] {dagbag.py:508} INFO - Filling up the DagBag from /home/sayone/This PC/SayOne Technologies/Works/airflow_new/Airflow/venv/lib/python3.8/site-packages/airflow/example_dags/example_xcom.py
[2022-09-20T17:18:31.065+0530] {processor.py:650} INFO - DAG(s) dict_keys(['example_xcom']) retrieved from /home/sayone/This PC/SayOne Technologies/Works/airflow_new/Airflow/venv/lib/python3.8/site-packages/airflow/example_dags/example_xcom.py
[2022-09-20T17:18:31.094+0530] {logging_mixin.py:115} INFO - [2022-09-20T17:18:31.093+0530] {dag.py:2429} INFO - Sync 1 DAGs
[2022-09-20T17:18:31.102+0530] {logging_mixin.py:115} INFO - [2022-09-20T17:18:31.102+0530] {dag.py:2977} INFO - Setting next_dagrun for example_xcom to 2021-01-01T00:00:00+00:00, run_after=2021-01-01T00:00:00+00:00
[2022-09-20T17:18:31.112+0530] {processor.py:161} INFO - Processing /home/sayone/This PC/SayOne Technologies/Works/airflow_new/Airflow/venv/lib/python3.8/site-packages/airflow/example_dags/example_xcom.py took 0.067 seconds
[2022-09-20T17:19:05.760+0530] {processor.py:153} INFO - Started process (PID=29306) to work on /home/sayone/This PC/SayOne Technologies/Works/airflow_new/Airflow/venv/lib/python3.8/site-packages/airflow/example_dags/example_xcom.py
[2022-09-20T17:19:05.763+0530] {processor.py:640} INFO - Processing file /home/sayone/This PC/SayOne Technologies/Works/airflow_new/Airflow/venv/lib/python3.8/site-packages/airflow/example_dags/example_xcom.py for tasks to queue
[2022-09-20T17:19:05.764+0530] {logging_mixin.py:115} INFO - [2022-09-20T17:19:05.763+0530] {dagbag.py:508} INFO - Filling up the DagBag from /home/sayone/This PC/SayOne Technologies/Works/airflow_new/Airflow/venv/lib/python3.8/site-packages/airflow/example_dags/example_xcom.py
[2022-09-20T17:19:05.775+0530] {processor.py:650} INFO - DAG(s) dict_keys(['example_xcom']) retrieved from /home/sayone/This PC/SayOne Technologies/Works/airflow_new/Airflow/venv/lib/python3.8/site-packages/airflow/example_dags/example_xcom.py
[2022-09-20T17:19:05.784+0530] {logging_mixin.py:115} INFO - [2022-09-20T17:19:05.784+0530] {dag.py:2429} INFO - Sync 1 DAGs
[2022-09-20T17:19:05.796+0530] {logging_mixin.py:115} INFO - [2022-09-20T17:19:05.796+0530] {dag.py:2977} INFO - Setting next_dagrun for example_xcom to 2021-01-01T00:00:00+00:00, run_after=2021-01-01T00:00:00+00:00
[2022-09-20T17:19:05.804+0530] {processor.py:161} INFO - Processing /home/sayone/This PC/SayOne Technologies/Works/airflow_new/Airflow/venv/lib/python3.8/site-packages/airflow/example_dags/example_xcom.py took 0.048 seconds
[2022-09-20T17:19:41.169+0530] {processor.py:153} INFO - Started process (PID=29528) to work on /home/sayone/This PC/SayOne Technologies/Works/airflow_new/Airflow/venv/lib/python3.8/site-packages/airflow/example_dags/example_xcom.py
[2022-09-20T17:19:41.171+0530] {processor.py:640} INFO - Processing file /home/sayone/This PC/SayOne Technologies/Works/airflow_new/Airflow/venv/lib/python3.8/site-packages/airflow/example_dags/example_xcom.py for tasks to queue
[2022-09-20T17:19:41.172+0530] {logging_mixin.py:115} INFO - [2022-09-20T17:19:41.172+0530] {dagbag.py:508} INFO - Filling up the DagBag from /home/sayone/This PC/SayOne Technologies/Works/airflow_new/Airflow/venv/lib/python3.8/site-packages/airflow/example_dags/example_xcom.py
[2022-09-20T17:19:41.183+0530] {processor.py:650} INFO - DAG(s) dict_keys(['example_xcom']) retrieved from /home/sayone/This PC/SayOne Technologies/Works/airflow_new/Airflow/venv/lib/python3.8/site-packages/airflow/example_dags/example_xcom.py
[2022-09-20T17:19:41.214+0530] {logging_mixin.py:115} INFO - [2022-09-20T17:19:41.213+0530] {dag.py:2429} INFO - Sync 1 DAGs
[2022-09-20T17:19:41.225+0530] {logging_mixin.py:115} INFO - [2022-09-20T17:19:41.225+0530] {dag.py:2977} INFO - Setting next_dagrun for example_xcom to 2021-01-01T00:00:00+00:00, run_after=2021-01-01T00:00:00+00:00
[2022-09-20T17:19:41.234+0530] {processor.py:161} INFO - Processing /home/sayone/This PC/SayOne Technologies/Works/airflow_new/Airflow/venv/lib/python3.8/site-packages/airflow/example_dags/example_xcom.py took 0.067 seconds
[2022-09-20T17:20:03.733+0530] {processor.py:153} INFO - Started process (PID=29657) to work on /home/sayone/This PC/SayOne Technologies/Works/airflow_new/Airflow/venv/lib/python3.8/site-packages/airflow/example_dags/example_xcom.py
[2022-09-20T17:20:03.736+0530] {processor.py:640} INFO - Processing file /home/sayone/This PC/SayOne Technologies/Works/airflow_new/Airflow/venv/lib/python3.8/site-packages/airflow/example_dags/example_xcom.py for tasks to queue
[2022-09-20T17:20:03.737+0530] {logging_mixin.py:115} INFO - [2022-09-20T17:20:03.736+0530] {dagbag.py:508} INFO - Filling up the DagBag from /home/sayone/This PC/SayOne Technologies/Works/airflow_new/Airflow/venv/lib/python3.8/site-packages/airflow/example_dags/example_xcom.py
[2022-09-20T17:20:03.749+0530] {processor.py:650} INFO - DAG(s) dict_keys(['example_xcom']) retrieved from /home/sayone/This PC/SayOne Technologies/Works/airflow_new/Airflow/venv/lib/python3.8/site-packages/airflow/example_dags/example_xcom.py
[2022-09-20T17:20:03.758+0530] {logging_mixin.py:115} INFO - [2022-09-20T17:20:03.758+0530] {dag.py:2429} INFO - Sync 1 DAGs
[2022-09-20T17:20:03.771+0530] {logging_mixin.py:115} INFO - [2022-09-20T17:20:03.771+0530] {dag.py:2977} INFO - Setting next_dagrun for example_xcom to 2021-01-01T00:00:00+00:00, run_after=2021-01-01T00:00:00+00:00
[2022-09-20T17:20:03.781+0530] {processor.py:161} INFO - Processing /home/sayone/This PC/SayOne Technologies/Works/airflow_new/Airflow/venv/lib/python3.8/site-packages/airflow/example_dags/example_xcom.py took 0.050 seconds
[2022-09-20T17:20:39.004+0530] {processor.py:153} INFO - Started process (PID=29724) to work on /home/sayone/This PC/SayOne Technologies/Works/airflow_new/Airflow/venv/lib/python3.8/site-packages/airflow/example_dags/example_xcom.py
[2022-09-20T17:20:39.007+0530] {processor.py:640} INFO - Processing file /home/sayone/This PC/SayOne Technologies/Works/airflow_new/Airflow/venv/lib/python3.8/site-packages/airflow/example_dags/example_xcom.py for tasks to queue
[2022-09-20T17:20:39.008+0530] {logging_mixin.py:115} INFO - [2022-09-20T17:20:39.008+0530] {dagbag.py:508} INFO - Filling up the DagBag from /home/sayone/This PC/SayOne Technologies/Works/airflow_new/Airflow/venv/lib/python3.8/site-packages/airflow/example_dags/example_xcom.py
[2022-09-20T17:20:39.025+0530] {processor.py:650} INFO - DAG(s) dict_keys(['example_xcom']) retrieved from /home/sayone/This PC/SayOne Technologies/Works/airflow_new/Airflow/venv/lib/python3.8/site-packages/airflow/example_dags/example_xcom.py
[2022-09-20T17:20:39.062+0530] {logging_mixin.py:115} INFO - [2022-09-20T17:20:39.062+0530] {dag.py:2429} INFO - Sync 1 DAGs
[2022-09-20T17:20:39.073+0530] {logging_mixin.py:115} INFO - [2022-09-20T17:20:39.073+0530] {dag.py:2977} INFO - Setting next_dagrun for example_xcom to 2021-01-01T00:00:00+00:00, run_after=2021-01-01T00:00:00+00:00
[2022-09-20T17:20:39.083+0530] {processor.py:161} INFO - Processing /home/sayone/This PC/SayOne Technologies/Works/airflow_new/Airflow/venv/lib/python3.8/site-packages/airflow/example_dags/example_xcom.py took 0.082 seconds
[2022-09-20T17:21:14.419+0530] {processor.py:153} INFO - Started process (PID=29837) to work on /home/sayone/This PC/SayOne Technologies/Works/airflow_new/Airflow/venv/lib/python3.8/site-packages/airflow/example_dags/example_xcom.py
[2022-09-20T17:21:14.422+0530] {processor.py:640} INFO - Processing file /home/sayone/This PC/SayOne Technologies/Works/airflow_new/Airflow/venv/lib/python3.8/site-packages/airflow/example_dags/example_xcom.py for tasks to queue
[2022-09-20T17:21:14.423+0530] {logging_mixin.py:115} INFO - [2022-09-20T17:21:14.423+0530] {dagbag.py:508} INFO - Filling up the DagBag from /home/sayone/This PC/SayOne Technologies/Works/airflow_new/Airflow/venv/lib/python3.8/site-packages/airflow/example_dags/example_xcom.py
[2022-09-20T17:21:14.439+0530] {processor.py:650} INFO - DAG(s) dict_keys(['example_xcom']) retrieved from /home/sayone/This PC/SayOne Technologies/Works/airflow_new/Airflow/venv/lib/python3.8/site-packages/airflow/example_dags/example_xcom.py
[2022-09-20T17:21:14.465+0530] {logging_mixin.py:115} INFO - [2022-09-20T17:21:14.465+0530] {dag.py:2429} INFO - Sync 1 DAGs
[2022-09-20T17:21:14.476+0530] {logging_mixin.py:115} INFO - [2022-09-20T17:21:14.476+0530] {dag.py:2977} INFO - Setting next_dagrun for example_xcom to 2021-01-01T00:00:00+00:00, run_after=2021-01-01T00:00:00+00:00
[2022-09-20T17:21:14.487+0530] {processor.py:161} INFO - Processing /home/sayone/This PC/SayOne Technologies/Works/airflow_new/Airflow/venv/lib/python3.8/site-packages/airflow/example_dags/example_xcom.py took 0.073 seconds
[2022-09-20T17:21:51.556+0530] {processor.py:153} INFO - Started process (PID=29945) to work on /home/sayone/This PC/SayOne Technologies/Works/airflow_new/Airflow/venv/lib/python3.8/site-packages/airflow/example_dags/example_xcom.py
[2022-09-20T17:21:51.558+0530] {processor.py:640} INFO - Processing file /home/sayone/This PC/SayOne Technologies/Works/airflow_new/Airflow/venv/lib/python3.8/site-packages/airflow/example_dags/example_xcom.py for tasks to queue
[2022-09-20T17:21:51.559+0530] {logging_mixin.py:115} INFO - [2022-09-20T17:21:51.558+0530] {dagbag.py:508} INFO - Filling up the DagBag from /home/sayone/This PC/SayOne Technologies/Works/airflow_new/Airflow/venv/lib/python3.8/site-packages/airflow/example_dags/example_xcom.py
[2022-09-20T17:21:51.569+0530] {processor.py:650} INFO - DAG(s) dict_keys(['example_xcom']) retrieved from /home/sayone/This PC/SayOne Technologies/Works/airflow_new/Airflow/venv/lib/python3.8/site-packages/airflow/example_dags/example_xcom.py
[2022-09-20T17:21:51.595+0530] {logging_mixin.py:115} INFO - [2022-09-20T17:21:51.594+0530] {dag.py:2429} INFO - Sync 1 DAGs
[2022-09-20T17:21:51.603+0530] {logging_mixin.py:115} INFO - [2022-09-20T17:21:51.603+0530] {dag.py:2977} INFO - Setting next_dagrun for example_xcom to 2021-01-01T00:00:00+00:00, run_after=2021-01-01T00:00:00+00:00
[2022-09-20T17:21:51.613+0530] {processor.py:161} INFO - Processing /home/sayone/This PC/SayOne Technologies/Works/airflow_new/Airflow/venv/lib/python3.8/site-packages/airflow/example_dags/example_xcom.py took 0.059 seconds
[2022-09-20T17:22:25.073+0530] {processor.py:153} INFO - Started process (PID=30234) to work on /home/sayone/This PC/SayOne Technologies/Works/airflow_new/Airflow/venv/lib/python3.8/site-packages/airflow/example_dags/example_xcom.py
[2022-09-20T17:22:25.077+0530] {processor.py:640} INFO - Processing file /home/sayone/This PC/SayOne Technologies/Works/airflow_new/Airflow/venv/lib/python3.8/site-packages/airflow/example_dags/example_xcom.py for tasks to queue
[2022-09-20T17:22:25.078+0530] {logging_mixin.py:115} INFO - [2022-09-20T17:22:25.078+0530] {dagbag.py:508} INFO - Filling up the DagBag from /home/sayone/This PC/SayOne Technologies/Works/airflow_new/Airflow/venv/lib/python3.8/site-packages/airflow/example_dags/example_xcom.py
[2022-09-20T17:22:25.090+0530] {processor.py:650} INFO - DAG(s) dict_keys(['example_xcom']) retrieved from /home/sayone/This PC/SayOne Technologies/Works/airflow_new/Airflow/venv/lib/python3.8/site-packages/airflow/example_dags/example_xcom.py
[2022-09-20T17:22:25.100+0530] {logging_mixin.py:115} INFO - [2022-09-20T17:22:25.100+0530] {dag.py:2429} INFO - Sync 1 DAGs
[2022-09-20T17:22:25.112+0530] {logging_mixin.py:115} INFO - [2022-09-20T17:22:25.112+0530] {dag.py:2977} INFO - Setting next_dagrun for example_xcom to 2021-01-01T00:00:00+00:00, run_after=2021-01-01T00:00:00+00:00
[2022-09-20T17:22:25.123+0530] {processor.py:161} INFO - Processing /home/sayone/This PC/SayOne Technologies/Works/airflow_new/Airflow/venv/lib/python3.8/site-packages/airflow/example_dags/example_xcom.py took 0.054 seconds
[2022-09-20T17:23:01.336+0530] {processor.py:153} INFO - Started process (PID=30368) to work on /home/sayone/This PC/SayOne Technologies/Works/airflow_new/Airflow/venv/lib/python3.8/site-packages/airflow/example_dags/example_xcom.py
[2022-09-20T17:23:01.339+0530] {processor.py:640} INFO - Processing file /home/sayone/This PC/SayOne Technologies/Works/airflow_new/Airflow/venv/lib/python3.8/site-packages/airflow/example_dags/example_xcom.py for tasks to queue
[2022-09-20T17:23:01.340+0530] {logging_mixin.py:115} INFO - [2022-09-20T17:23:01.340+0530] {dagbag.py:508} INFO - Filling up the DagBag from /home/sayone/This PC/SayOne Technologies/Works/airflow_new/Airflow/venv/lib/python3.8/site-packages/airflow/example_dags/example_xcom.py
[2022-09-20T17:23:01.356+0530] {processor.py:650} INFO - DAG(s) dict_keys(['example_xcom']) retrieved from /home/sayone/This PC/SayOne Technologies/Works/airflow_new/Airflow/venv/lib/python3.8/site-packages/airflow/example_dags/example_xcom.py
[2022-09-20T17:23:01.391+0530] {logging_mixin.py:115} INFO - [2022-09-20T17:23:01.391+0530] {dag.py:2429} INFO - Sync 1 DAGs
[2022-09-20T17:23:01.404+0530] {logging_mixin.py:115} INFO - [2022-09-20T17:23:01.404+0530] {dag.py:2977} INFO - Setting next_dagrun for example_xcom to 2021-01-01T00:00:00+00:00, run_after=2021-01-01T00:00:00+00:00
[2022-09-20T17:23:01.417+0530] {processor.py:161} INFO - Processing /home/sayone/This PC/SayOne Technologies/Works/airflow_new/Airflow/venv/lib/python3.8/site-packages/airflow/example_dags/example_xcom.py took 0.085 seconds
[2022-09-20T17:23:28.269+0530] {processor.py:153} INFO - Started process (PID=30434) to work on /home/sayone/This PC/SayOne Technologies/Works/airflow_new/Airflow/venv/lib/python3.8/site-packages/airflow/example_dags/example_xcom.py
[2022-09-20T17:23:28.270+0530] {processor.py:640} INFO - Processing file /home/sayone/This PC/SayOne Technologies/Works/airflow_new/Airflow/venv/lib/python3.8/site-packages/airflow/example_dags/example_xcom.py for tasks to queue
[2022-09-20T17:23:28.270+0530] {logging_mixin.py:115} INFO - [2022-09-20T17:23:28.270+0530] {dagbag.py:508} INFO - Filling up the DagBag from /home/sayone/This PC/SayOne Technologies/Works/airflow_new/Airflow/venv/lib/python3.8/site-packages/airflow/example_dags/example_xcom.py
[2022-09-20T17:23:28.282+0530] {processor.py:650} INFO - DAG(s) dict_keys(['example_xcom']) retrieved from /home/sayone/This PC/SayOne Technologies/Works/airflow_new/Airflow/venv/lib/python3.8/site-packages/airflow/example_dags/example_xcom.py
[2022-09-20T17:23:28.287+0530] {logging_mixin.py:115} INFO - [2022-09-20T17:23:28.287+0530] {dag.py:2429} INFO - Sync 1 DAGs
[2022-09-20T17:23:28.299+0530] {logging_mixin.py:115} INFO - [2022-09-20T17:23:28.299+0530] {dag.py:2977} INFO - Setting next_dagrun for example_xcom to 2021-01-01T00:00:00+00:00, run_after=2021-01-01T00:00:00+00:00
[2022-09-20T17:23:28.309+0530] {processor.py:161} INFO - Processing /home/sayone/This PC/SayOne Technologies/Works/airflow_new/Airflow/venv/lib/python3.8/site-packages/airflow/example_dags/example_xcom.py took 0.044 seconds
[2022-09-20T17:24:03.133+0530] {processor.py:153} INFO - Started process (PID=30563) to work on /home/sayone/This PC/SayOne Technologies/Works/airflow_new/Airflow/venv/lib/python3.8/site-packages/airflow/example_dags/example_xcom.py
[2022-09-20T17:24:03.136+0530] {processor.py:640} INFO - Processing file /home/sayone/This PC/SayOne Technologies/Works/airflow_new/Airflow/venv/lib/python3.8/site-packages/airflow/example_dags/example_xcom.py for tasks to queue
[2022-09-20T17:24:03.137+0530] {logging_mixin.py:115} INFO - [2022-09-20T17:24:03.137+0530] {dagbag.py:508} INFO - Filling up the DagBag from /home/sayone/This PC/SayOne Technologies/Works/airflow_new/Airflow/venv/lib/python3.8/site-packages/airflow/example_dags/example_xcom.py
[2022-09-20T17:24:03.157+0530] {processor.py:650} INFO - DAG(s) dict_keys(['example_xcom']) retrieved from /home/sayone/This PC/SayOne Technologies/Works/airflow_new/Airflow/venv/lib/python3.8/site-packages/airflow/example_dags/example_xcom.py
[2022-09-20T17:24:03.187+0530] {logging_mixin.py:115} INFO - [2022-09-20T17:24:03.187+0530] {dag.py:2429} INFO - Sync 1 DAGs
[2022-09-20T17:24:03.198+0530] {logging_mixin.py:115} INFO - [2022-09-20T17:24:03.198+0530] {dag.py:2977} INFO - Setting next_dagrun for example_xcom to 2021-01-01T00:00:00+00:00, run_after=2021-01-01T00:00:00+00:00
[2022-09-20T17:24:03.207+0530] {processor.py:161} INFO - Processing /home/sayone/This PC/SayOne Technologies/Works/airflow_new/Airflow/venv/lib/python3.8/site-packages/airflow/example_dags/example_xcom.py took 0.078 seconds
[2022-09-20T17:24:38.059+0530] {processor.py:153} INFO - Started process (PID=30815) to work on /home/sayone/This PC/SayOne Technologies/Works/airflow_new/Airflow/venv/lib/python3.8/site-packages/airflow/example_dags/example_xcom.py
[2022-09-20T17:24:38.060+0530] {processor.py:640} INFO - Processing file /home/sayone/This PC/SayOne Technologies/Works/airflow_new/Airflow/venv/lib/python3.8/site-packages/airflow/example_dags/example_xcom.py for tasks to queue
[2022-09-20T17:24:38.061+0530] {logging_mixin.py:115} INFO - [2022-09-20T17:24:38.061+0530] {dagbag.py:508} INFO - Filling up the DagBag from /home/sayone/This PC/SayOne Technologies/Works/airflow_new/Airflow/venv/lib/python3.8/site-packages/airflow/example_dags/example_xcom.py
[2022-09-20T17:24:38.073+0530] {processor.py:650} INFO - DAG(s) dict_keys(['example_xcom']) retrieved from /home/sayone/This PC/SayOne Technologies/Works/airflow_new/Airflow/venv/lib/python3.8/site-packages/airflow/example_dags/example_xcom.py
[2022-09-20T17:24:38.100+0530] {logging_mixin.py:115} INFO - [2022-09-20T17:24:38.100+0530] {dag.py:2429} INFO - Sync 1 DAGs
[2022-09-20T17:24:38.109+0530] {logging_mixin.py:115} INFO - [2022-09-20T17:24:38.109+0530] {dag.py:2977} INFO - Setting next_dagrun for example_xcom to 2021-01-01T00:00:00+00:00, run_after=2021-01-01T00:00:00+00:00
[2022-09-20T17:24:38.118+0530] {processor.py:161} INFO - Processing /home/sayone/This PC/SayOne Technologies/Works/airflow_new/Airflow/venv/lib/python3.8/site-packages/airflow/example_dags/example_xcom.py took 0.062 seconds
[2022-09-20T17:25:15.071+0530] {processor.py:153} INFO - Started process (PID=30975) to work on /home/sayone/This PC/SayOne Technologies/Works/airflow_new/Airflow/venv/lib/python3.8/site-packages/airflow/example_dags/example_xcom.py
[2022-09-20T17:25:15.074+0530] {processor.py:640} INFO - Processing file /home/sayone/This PC/SayOne Technologies/Works/airflow_new/Airflow/venv/lib/python3.8/site-packages/airflow/example_dags/example_xcom.py for tasks to queue
[2022-09-20T17:25:15.075+0530] {logging_mixin.py:115} INFO - [2022-09-20T17:25:15.074+0530] {dagbag.py:508} INFO - Filling up the DagBag from /home/sayone/This PC/SayOne Technologies/Works/airflow_new/Airflow/venv/lib/python3.8/site-packages/airflow/example_dags/example_xcom.py
[2022-09-20T17:25:15.087+0530] {processor.py:650} INFO - DAG(s) dict_keys(['example_xcom']) retrieved from /home/sayone/This PC/SayOne Technologies/Works/airflow_new/Airflow/venv/lib/python3.8/site-packages/airflow/example_dags/example_xcom.py
[2022-09-20T17:25:15.117+0530] {logging_mixin.py:115} INFO - [2022-09-20T17:25:15.117+0530] {dag.py:2429} INFO - Sync 1 DAGs
[2022-09-20T17:25:15.126+0530] {logging_mixin.py:115} INFO - [2022-09-20T17:25:15.126+0530] {dag.py:2977} INFO - Setting next_dagrun for example_xcom to 2021-01-01T00:00:00+00:00, run_after=2021-01-01T00:00:00+00:00
[2022-09-20T17:25:15.135+0530] {processor.py:161} INFO - Processing /home/sayone/This PC/SayOne Technologies/Works/airflow_new/Airflow/venv/lib/python3.8/site-packages/airflow/example_dags/example_xcom.py took 0.067 seconds
[2022-09-20T17:25:50.202+0530] {processor.py:153} INFO - Started process (PID=31056) to work on /home/sayone/This PC/SayOne Technologies/Works/airflow_new/Airflow/venv/lib/python3.8/site-packages/airflow/example_dags/example_xcom.py
[2022-09-20T17:25:50.205+0530] {processor.py:640} INFO - Processing file /home/sayone/This PC/SayOne Technologies/Works/airflow_new/Airflow/venv/lib/python3.8/site-packages/airflow/example_dags/example_xcom.py for tasks to queue
[2022-09-20T17:25:50.206+0530] {logging_mixin.py:115} INFO - [2022-09-20T17:25:50.206+0530] {dagbag.py:508} INFO - Filling up the DagBag from /home/sayone/This PC/SayOne Technologies/Works/airflow_new/Airflow/venv/lib/python3.8/site-packages/airflow/example_dags/example_xcom.py
[2022-09-20T17:25:50.218+0530] {processor.py:650} INFO - DAG(s) dict_keys(['example_xcom']) retrieved from /home/sayone/This PC/SayOne Technologies/Works/airflow_new/Airflow/venv/lib/python3.8/site-packages/airflow/example_dags/example_xcom.py
[2022-09-20T17:25:50.244+0530] {logging_mixin.py:115} INFO - [2022-09-20T17:25:50.243+0530] {dag.py:2429} INFO - Sync 1 DAGs
[2022-09-20T17:25:50.252+0530] {logging_mixin.py:115} INFO - [2022-09-20T17:25:50.251+0530] {dag.py:2977} INFO - Setting next_dagrun for example_xcom to 2021-01-01T00:00:00+00:00, run_after=2021-01-01T00:00:00+00:00
[2022-09-20T17:25:50.261+0530] {processor.py:161} INFO - Processing /home/sayone/This PC/SayOne Technologies/Works/airflow_new/Airflow/venv/lib/python3.8/site-packages/airflow/example_dags/example_xcom.py took 0.060 seconds
[2022-09-20T17:26:28.204+0530] {processor.py:153} INFO - Started process (PID=31165) to work on /home/sayone/This PC/SayOne Technologies/Works/airflow_new/Airflow/venv/lib/python3.8/site-packages/airflow/example_dags/example_xcom.py
[2022-09-20T17:26:28.207+0530] {processor.py:640} INFO - Processing file /home/sayone/This PC/SayOne Technologies/Works/airflow_new/Airflow/venv/lib/python3.8/site-packages/airflow/example_dags/example_xcom.py for tasks to queue
[2022-09-20T17:26:28.208+0530] {logging_mixin.py:115} INFO - [2022-09-20T17:26:28.208+0530] {dagbag.py:508} INFO - Filling up the DagBag from /home/sayone/This PC/SayOne Technologies/Works/airflow_new/Airflow/venv/lib/python3.8/site-packages/airflow/example_dags/example_xcom.py
[2022-09-20T17:26:28.221+0530] {processor.py:650} INFO - DAG(s) dict_keys(['example_xcom']) retrieved from /home/sayone/This PC/SayOne Technologies/Works/airflow_new/Airflow/venv/lib/python3.8/site-packages/airflow/example_dags/example_xcom.py
[2022-09-20T17:26:28.229+0530] {logging_mixin.py:115} INFO - [2022-09-20T17:26:28.229+0530] {dag.py:2429} INFO - Sync 1 DAGs
[2022-09-20T17:26:28.240+0530] {logging_mixin.py:115} INFO - [2022-09-20T17:26:28.240+0530] {dag.py:2977} INFO - Setting next_dagrun for example_xcom to 2021-01-01T00:00:00+00:00, run_after=2021-01-01T00:00:00+00:00
[2022-09-20T17:26:28.249+0530] {processor.py:161} INFO - Processing /home/sayone/This PC/SayOne Technologies/Works/airflow_new/Airflow/venv/lib/python3.8/site-packages/airflow/example_dags/example_xcom.py took 0.046 seconds
[2022-09-20T17:27:03.095+0530] {processor.py:153} INFO - Started process (PID=31423) to work on /home/sayone/This PC/SayOne Technologies/Works/airflow_new/Airflow/venv/lib/python3.8/site-packages/airflow/example_dags/example_xcom.py
[2022-09-20T17:27:03.098+0530] {processor.py:640} INFO - Processing file /home/sayone/This PC/SayOne Technologies/Works/airflow_new/Airflow/venv/lib/python3.8/site-packages/airflow/example_dags/example_xcom.py for tasks to queue
[2022-09-20T17:27:03.098+0530] {logging_mixin.py:115} INFO - [2022-09-20T17:27:03.098+0530] {dagbag.py:508} INFO - Filling up the DagBag from /home/sayone/This PC/SayOne Technologies/Works/airflow_new/Airflow/venv/lib/python3.8/site-packages/airflow/example_dags/example_xcom.py
[2022-09-20T17:27:03.116+0530] {processor.py:650} INFO - DAG(s) dict_keys(['example_xcom']) retrieved from /home/sayone/This PC/SayOne Technologies/Works/airflow_new/Airflow/venv/lib/python3.8/site-packages/airflow/example_dags/example_xcom.py
[2022-09-20T17:27:03.140+0530] {logging_mixin.py:115} INFO - [2022-09-20T17:27:03.140+0530] {dag.py:2429} INFO - Sync 1 DAGs
[2022-09-20T17:27:03.149+0530] {logging_mixin.py:115} INFO - [2022-09-20T17:27:03.149+0530] {dag.py:2977} INFO - Setting next_dagrun for example_xcom to 2021-01-01T00:00:00+00:00, run_after=2021-01-01T00:00:00+00:00
[2022-09-20T17:27:03.158+0530] {processor.py:161} INFO - Processing /home/sayone/This PC/SayOne Technologies/Works/airflow_new/Airflow/venv/lib/python3.8/site-packages/airflow/example_dags/example_xcom.py took 0.066 seconds
[2022-09-20T17:27:40.465+0530] {processor.py:153} INFO - Started process (PID=31575) to work on /home/sayone/This PC/SayOne Technologies/Works/airflow_new/Airflow/venv/lib/python3.8/site-packages/airflow/example_dags/example_xcom.py
[2022-09-20T17:27:40.468+0530] {processor.py:640} INFO - Processing file /home/sayone/This PC/SayOne Technologies/Works/airflow_new/Airflow/venv/lib/python3.8/site-packages/airflow/example_dags/example_xcom.py for tasks to queue
[2022-09-20T17:27:40.469+0530] {logging_mixin.py:115} INFO - [2022-09-20T17:27:40.469+0530] {dagbag.py:508} INFO - Filling up the DagBag from /home/sayone/This PC/SayOne Technologies/Works/airflow_new/Airflow/venv/lib/python3.8/site-packages/airflow/example_dags/example_xcom.py
[2022-09-20T17:27:40.486+0530] {processor.py:650} INFO - DAG(s) dict_keys(['example_xcom']) retrieved from /home/sayone/This PC/SayOne Technologies/Works/airflow_new/Airflow/venv/lib/python3.8/site-packages/airflow/example_dags/example_xcom.py
[2022-09-20T17:27:40.511+0530] {logging_mixin.py:115} INFO - [2022-09-20T17:27:40.510+0530] {dag.py:2429} INFO - Sync 1 DAGs
[2022-09-20T17:27:40.519+0530] {logging_mixin.py:115} INFO - [2022-09-20T17:27:40.518+0530] {dag.py:2977} INFO - Setting next_dagrun for example_xcom to 2021-01-01T00:00:00+00:00, run_after=2021-01-01T00:00:00+00:00
[2022-09-20T17:27:40.527+0530] {processor.py:161} INFO - Processing /home/sayone/This PC/SayOne Technologies/Works/airflow_new/Airflow/venv/lib/python3.8/site-packages/airflow/example_dags/example_xcom.py took 0.066 seconds
[2022-09-20T17:28:14.912+0530] {processor.py:153} INFO - Started process (PID=31684) to work on /home/sayone/This PC/SayOne Technologies/Works/airflow_new/Airflow/venv/lib/python3.8/site-packages/airflow/example_dags/example_xcom.py
[2022-09-20T17:28:14.915+0530] {processor.py:640} INFO - Processing file /home/sayone/This PC/SayOne Technologies/Works/airflow_new/Airflow/venv/lib/python3.8/site-packages/airflow/example_dags/example_xcom.py for tasks to queue
[2022-09-20T17:28:14.915+0530] {logging_mixin.py:115} INFO - [2022-09-20T17:28:14.915+0530] {dagbag.py:508} INFO - Filling up the DagBag from /home/sayone/This PC/SayOne Technologies/Works/airflow_new/Airflow/venv/lib/python3.8/site-packages/airflow/example_dags/example_xcom.py
[2022-09-20T17:28:14.933+0530] {processor.py:650} INFO - DAG(s) dict_keys(['example_xcom']) retrieved from /home/sayone/This PC/SayOne Technologies/Works/airflow_new/Airflow/venv/lib/python3.8/site-packages/airflow/example_dags/example_xcom.py
[2022-09-20T17:28:14.941+0530] {logging_mixin.py:115} INFO - [2022-09-20T17:28:14.941+0530] {dag.py:2429} INFO - Sync 1 DAGs
[2022-09-20T17:28:14.952+0530] {logging_mixin.py:115} INFO - [2022-09-20T17:28:14.952+0530] {dag.py:2977} INFO - Setting next_dagrun for example_xcom to 2021-01-01T00:00:00+00:00, run_after=2021-01-01T00:00:00+00:00
[2022-09-20T17:28:14.960+0530] {processor.py:161} INFO - Processing /home/sayone/This PC/SayOne Technologies/Works/airflow_new/Airflow/venv/lib/python3.8/site-packages/airflow/example_dags/example_xcom.py took 0.051 seconds
[2022-09-20T17:28:53.618+0530] {processor.py:153} INFO - Started process (PID=31819) to work on /home/sayone/This PC/SayOne Technologies/Works/airflow_new/Airflow/venv/lib/python3.8/site-packages/airflow/example_dags/example_xcom.py
[2022-09-20T17:28:53.621+0530] {processor.py:640} INFO - Processing file /home/sayone/This PC/SayOne Technologies/Works/airflow_new/Airflow/venv/lib/python3.8/site-packages/airflow/example_dags/example_xcom.py for tasks to queue
[2022-09-20T17:28:53.622+0530] {logging_mixin.py:115} INFO - [2022-09-20T17:28:53.622+0530] {dagbag.py:508} INFO - Filling up the DagBag from /home/sayone/This PC/SayOne Technologies/Works/airflow_new/Airflow/venv/lib/python3.8/site-packages/airflow/example_dags/example_xcom.py
[2022-09-20T17:28:53.638+0530] {processor.py:650} INFO - DAG(s) dict_keys(['example_xcom']) retrieved from /home/sayone/This PC/SayOne Technologies/Works/airflow_new/Airflow/venv/lib/python3.8/site-packages/airflow/example_dags/example_xcom.py
[2022-09-20T17:28:53.662+0530] {logging_mixin.py:115} INFO - [2022-09-20T17:28:53.662+0530] {dag.py:2429} INFO - Sync 1 DAGs
[2022-09-20T17:28:53.670+0530] {logging_mixin.py:115} INFO - [2022-09-20T17:28:53.670+0530] {dag.py:2977} INFO - Setting next_dagrun for example_xcom to 2021-01-01T00:00:00+00:00, run_after=2021-01-01T00:00:00+00:00
[2022-09-20T17:28:53.679+0530] {processor.py:161} INFO - Processing /home/sayone/This PC/SayOne Technologies/Works/airflow_new/Airflow/venv/lib/python3.8/site-packages/airflow/example_dags/example_xcom.py took 0.065 seconds
[2022-09-20T17:29:29.045+0530] {processor.py:153} INFO - Started process (PID=31916) to work on /home/sayone/This PC/SayOne Technologies/Works/airflow_new/Airflow/venv/lib/python3.8/site-packages/airflow/example_dags/example_xcom.py
[2022-09-20T17:29:29.048+0530] {processor.py:640} INFO - Processing file /home/sayone/This PC/SayOne Technologies/Works/airflow_new/Airflow/venv/lib/python3.8/site-packages/airflow/example_dags/example_xcom.py for tasks to queue
[2022-09-20T17:29:29.049+0530] {logging_mixin.py:115} INFO - [2022-09-20T17:29:29.049+0530] {dagbag.py:508} INFO - Filling up the DagBag from /home/sayone/This PC/SayOne Technologies/Works/airflow_new/Airflow/venv/lib/python3.8/site-packages/airflow/example_dags/example_xcom.py
[2022-09-20T17:29:29.066+0530] {processor.py:650} INFO - DAG(s) dict_keys(['example_xcom']) retrieved from /home/sayone/This PC/SayOne Technologies/Works/airflow_new/Airflow/venv/lib/python3.8/site-packages/airflow/example_dags/example_xcom.py
[2022-09-20T17:29:29.074+0530] {logging_mixin.py:115} INFO - [2022-09-20T17:29:29.074+0530] {dag.py:2429} INFO - Sync 1 DAGs
[2022-09-20T17:29:29.085+0530] {logging_mixin.py:115} INFO - [2022-09-20T17:29:29.085+0530] {dag.py:2977} INFO - Setting next_dagrun for example_xcom to 2021-01-01T00:00:00+00:00, run_after=2021-01-01T00:00:00+00:00
[2022-09-20T17:29:29.094+0530] {processor.py:161} INFO - Processing /home/sayone/This PC/SayOne Technologies/Works/airflow_new/Airflow/venv/lib/python3.8/site-packages/airflow/example_dags/example_xcom.py took 0.053 seconds
[2022-09-20T17:30:05.093+0530] {processor.py:153} INFO - Started process (PID=32082) to work on /home/sayone/This PC/SayOne Technologies/Works/airflow_new/Airflow/venv/lib/python3.8/site-packages/airflow/example_dags/example_xcom.py
[2022-09-20T17:30:05.094+0530] {processor.py:640} INFO - Processing file /home/sayone/This PC/SayOne Technologies/Works/airflow_new/Airflow/venv/lib/python3.8/site-packages/airflow/example_dags/example_xcom.py for tasks to queue
[2022-09-20T17:30:05.094+0530] {logging_mixin.py:115} INFO - [2022-09-20T17:30:05.094+0530] {dagbag.py:508} INFO - Filling up the DagBag from /home/sayone/This PC/SayOne Technologies/Works/airflow_new/Airflow/venv/lib/python3.8/site-packages/airflow/example_dags/example_xcom.py
[2022-09-20T17:30:05.108+0530] {processor.py:650} INFO - DAG(s) dict_keys(['example_xcom']) retrieved from /home/sayone/This PC/SayOne Technologies/Works/airflow_new/Airflow/venv/lib/python3.8/site-packages/airflow/example_dags/example_xcom.py
[2022-09-20T17:30:05.117+0530] {logging_mixin.py:115} INFO - [2022-09-20T17:30:05.117+0530] {dag.py:2429} INFO - Sync 1 DAGs
[2022-09-20T17:30:05.128+0530] {logging_mixin.py:115} INFO - [2022-09-20T17:30:05.128+0530] {dag.py:2977} INFO - Setting next_dagrun for example_xcom to 2021-01-01T00:00:00+00:00, run_after=2021-01-01T00:00:00+00:00
[2022-09-20T17:30:05.137+0530] {processor.py:161} INFO - Processing /home/sayone/This PC/SayOne Technologies/Works/airflow_new/Airflow/venv/lib/python3.8/site-packages/airflow/example_dags/example_xcom.py took 0.046 seconds
[2022-09-20T17:30:41.130+0530] {processor.py:153} INFO - Started process (PID=32152) to work on /home/sayone/This PC/SayOne Technologies/Works/airflow_new/Airflow/venv/lib/python3.8/site-packages/airflow/example_dags/example_xcom.py
[2022-09-20T17:30:41.133+0530] {processor.py:640} INFO - Processing file /home/sayone/This PC/SayOne Technologies/Works/airflow_new/Airflow/venv/lib/python3.8/site-packages/airflow/example_dags/example_xcom.py for tasks to queue
[2022-09-20T17:30:41.134+0530] {logging_mixin.py:115} INFO - [2022-09-20T17:30:41.134+0530] {dagbag.py:508} INFO - Filling up the DagBag from /home/sayone/This PC/SayOne Technologies/Works/airflow_new/Airflow/venv/lib/python3.8/site-packages/airflow/example_dags/example_xcom.py
[2022-09-20T17:30:41.146+0530] {processor.py:650} INFO - DAG(s) dict_keys(['example_xcom']) retrieved from /home/sayone/This PC/SayOne Technologies/Works/airflow_new/Airflow/venv/lib/python3.8/site-packages/airflow/example_dags/example_xcom.py
[2022-09-20T17:30:41.154+0530] {logging_mixin.py:115} INFO - [2022-09-20T17:30:41.154+0530] {dag.py:2429} INFO - Sync 1 DAGs
[2022-09-20T17:30:41.164+0530] {logging_mixin.py:115} INFO - [2022-09-20T17:30:41.164+0530] {dag.py:2977} INFO - Setting next_dagrun for example_xcom to 2021-01-01T00:00:00+00:00, run_after=2021-01-01T00:00:00+00:00
[2022-09-20T17:30:41.173+0530] {processor.py:161} INFO - Processing /home/sayone/This PC/SayOne Technologies/Works/airflow_new/Airflow/venv/lib/python3.8/site-packages/airflow/example_dags/example_xcom.py took 0.044 seconds
[2022-09-20T17:31:17.057+0530] {processor.py:153} INFO - Started process (PID=32263) to work on /home/sayone/This PC/SayOne Technologies/Works/airflow_new/Airflow/venv/lib/python3.8/site-packages/airflow/example_dags/example_xcom.py
[2022-09-20T17:31:17.059+0530] {processor.py:640} INFO - Processing file /home/sayone/This PC/SayOne Technologies/Works/airflow_new/Airflow/venv/lib/python3.8/site-packages/airflow/example_dags/example_xcom.py for tasks to queue
[2022-09-20T17:31:17.060+0530] {logging_mixin.py:115} INFO - [2022-09-20T17:31:17.060+0530] {dagbag.py:508} INFO - Filling up the DagBag from /home/sayone/This PC/SayOne Technologies/Works/airflow_new/Airflow/venv/lib/python3.8/site-packages/airflow/example_dags/example_xcom.py
[2022-09-20T17:31:17.072+0530] {processor.py:650} INFO - DAG(s) dict_keys(['example_xcom']) retrieved from /home/sayone/This PC/SayOne Technologies/Works/airflow_new/Airflow/venv/lib/python3.8/site-packages/airflow/example_dags/example_xcom.py
[2022-09-20T17:31:17.081+0530] {logging_mixin.py:115} INFO - [2022-09-20T17:31:17.080+0530] {dag.py:2429} INFO - Sync 1 DAGs
[2022-09-20T17:31:17.091+0530] {logging_mixin.py:115} INFO - [2022-09-20T17:31:17.091+0530] {dag.py:2977} INFO - Setting next_dagrun for example_xcom to 2021-01-01T00:00:00+00:00, run_after=2021-01-01T00:00:00+00:00
[2022-09-20T17:31:17.099+0530] {processor.py:161} INFO - Processing /home/sayone/This PC/SayOne Technologies/Works/airflow_new/Airflow/venv/lib/python3.8/site-packages/airflow/example_dags/example_xcom.py took 0.043 seconds
[2022-09-20T17:31:53.549+0530] {processor.py:153} INFO - Started process (PID=32334) to work on /home/sayone/This PC/SayOne Technologies/Works/airflow_new/Airflow/venv/lib/python3.8/site-packages/airflow/example_dags/example_xcom.py
[2022-09-20T17:31:53.552+0530] {processor.py:640} INFO - Processing file /home/sayone/This PC/SayOne Technologies/Works/airflow_new/Airflow/venv/lib/python3.8/site-packages/airflow/example_dags/example_xcom.py for tasks to queue
[2022-09-20T17:31:53.553+0530] {logging_mixin.py:115} INFO - [2022-09-20T17:31:53.553+0530] {dagbag.py:508} INFO - Filling up the DagBag from /home/sayone/This PC/SayOne Technologies/Works/airflow_new/Airflow/venv/lib/python3.8/site-packages/airflow/example_dags/example_xcom.py
[2022-09-20T17:31:53.571+0530] {processor.py:650} INFO - DAG(s) dict_keys(['example_xcom']) retrieved from /home/sayone/This PC/SayOne Technologies/Works/airflow_new/Airflow/venv/lib/python3.8/site-packages/airflow/example_dags/example_xcom.py
[2022-09-20T17:31:53.596+0530] {logging_mixin.py:115} INFO - [2022-09-20T17:31:53.596+0530] {dag.py:2429} INFO - Sync 1 DAGs
[2022-09-20T17:31:53.604+0530] {logging_mixin.py:115} INFO - [2022-09-20T17:31:53.604+0530] {dag.py:2977} INFO - Setting next_dagrun for example_xcom to 2021-01-01T00:00:00+00:00, run_after=2021-01-01T00:00:00+00:00
[2022-09-20T17:31:53.613+0530] {processor.py:161} INFO - Processing /home/sayone/This PC/SayOne Technologies/Works/airflow_new/Airflow/venv/lib/python3.8/site-packages/airflow/example_dags/example_xcom.py took 0.065 seconds
[2022-09-20T17:32:28.990+0530] {processor.py:153} INFO - Started process (PID=32590) to work on /home/sayone/This PC/SayOne Technologies/Works/airflow_new/Airflow/venv/lib/python3.8/site-packages/airflow/example_dags/example_xcom.py
[2022-09-20T17:32:28.990+0530] {processor.py:640} INFO - Processing file /home/sayone/This PC/SayOne Technologies/Works/airflow_new/Airflow/venv/lib/python3.8/site-packages/airflow/example_dags/example_xcom.py for tasks to queue
[2022-09-20T17:32:28.991+0530] {logging_mixin.py:115} INFO - [2022-09-20T17:32:28.991+0530] {dagbag.py:508} INFO - Filling up the DagBag from /home/sayone/This PC/SayOne Technologies/Works/airflow_new/Airflow/venv/lib/python3.8/site-packages/airflow/example_dags/example_xcom.py
[2022-09-20T17:32:29.005+0530] {processor.py:650} INFO - DAG(s) dict_keys(['example_xcom']) retrieved from /home/sayone/This PC/SayOne Technologies/Works/airflow_new/Airflow/venv/lib/python3.8/site-packages/airflow/example_dags/example_xcom.py
[2022-09-20T17:32:29.013+0530] {logging_mixin.py:115} INFO - [2022-09-20T17:32:29.013+0530] {dag.py:2429} INFO - Sync 1 DAGs
[2022-09-20T17:32:29.024+0530] {logging_mixin.py:115} INFO - [2022-09-20T17:32:29.023+0530] {dag.py:2977} INFO - Setting next_dagrun for example_xcom to 2021-01-01T00:00:00+00:00, run_after=2021-01-01T00:00:00+00:00
[2022-09-20T17:32:29.032+0530] {processor.py:161} INFO - Processing /home/sayone/This PC/SayOne Technologies/Works/airflow_new/Airflow/venv/lib/python3.8/site-packages/airflow/example_dags/example_xcom.py took 0.044 seconds
[2022-09-20T17:33:04.539+0530] {processor.py:153} INFO - Started process (PID=32687) to work on /home/sayone/This PC/SayOne Technologies/Works/airflow_new/Airflow/venv/lib/python3.8/site-packages/airflow/example_dags/example_xcom.py
[2022-09-20T17:33:04.540+0530] {processor.py:640} INFO - Processing file /home/sayone/This PC/SayOne Technologies/Works/airflow_new/Airflow/venv/lib/python3.8/site-packages/airflow/example_dags/example_xcom.py for tasks to queue
[2022-09-20T17:33:04.540+0530] {logging_mixin.py:115} INFO - [2022-09-20T17:33:04.540+0530] {dagbag.py:508} INFO - Filling up the DagBag from /home/sayone/This PC/SayOne Technologies/Works/airflow_new/Airflow/venv/lib/python3.8/site-packages/airflow/example_dags/example_xcom.py
[2022-09-20T17:33:04.556+0530] {processor.py:650} INFO - DAG(s) dict_keys(['example_xcom']) retrieved from /home/sayone/This PC/SayOne Technologies/Works/airflow_new/Airflow/venv/lib/python3.8/site-packages/airflow/example_dags/example_xcom.py
[2022-09-20T17:33:04.581+0530] {logging_mixin.py:115} INFO - [2022-09-20T17:33:04.580+0530] {dag.py:2429} INFO - Sync 1 DAGs
[2022-09-20T17:33:04.588+0530] {logging_mixin.py:115} INFO - [2022-09-20T17:33:04.588+0530] {dag.py:2977} INFO - Setting next_dagrun for example_xcom to 2021-01-01T00:00:00+00:00, run_after=2021-01-01T00:00:00+00:00
[2022-09-20T17:33:04.597+0530] {processor.py:161} INFO - Processing /home/sayone/This PC/SayOne Technologies/Works/airflow_new/Airflow/venv/lib/python3.8/site-packages/airflow/example_dags/example_xcom.py took 0.061 seconds
[2022-09-20T17:33:39.859+0530] {processor.py:153} INFO - Started process (PID=32751) to work on /home/sayone/This PC/SayOne Technologies/Works/airflow_new/Airflow/venv/lib/python3.8/site-packages/airflow/example_dags/example_xcom.py
[2022-09-20T17:33:39.862+0530] {processor.py:640} INFO - Processing file /home/sayone/This PC/SayOne Technologies/Works/airflow_new/Airflow/venv/lib/python3.8/site-packages/airflow/example_dags/example_xcom.py for tasks to queue
[2022-09-20T17:33:39.863+0530] {logging_mixin.py:115} INFO - [2022-09-20T17:33:39.863+0530] {dagbag.py:508} INFO - Filling up the DagBag from /home/sayone/This PC/SayOne Technologies/Works/airflow_new/Airflow/venv/lib/python3.8/site-packages/airflow/example_dags/example_xcom.py
[2022-09-20T17:33:39.879+0530] {processor.py:650} INFO - DAG(s) dict_keys(['example_xcom']) retrieved from /home/sayone/This PC/SayOne Technologies/Works/airflow_new/Airflow/venv/lib/python3.8/site-packages/airflow/example_dags/example_xcom.py
[2022-09-20T17:33:39.903+0530] {logging_mixin.py:115} INFO - [2022-09-20T17:33:39.903+0530] {dag.py:2429} INFO - Sync 1 DAGs
[2022-09-20T17:33:39.911+0530] {logging_mixin.py:115} INFO - [2022-09-20T17:33:39.910+0530] {dag.py:2977} INFO - Setting next_dagrun for example_xcom to 2021-01-01T00:00:00+00:00, run_after=2021-01-01T00:00:00+00:00
[2022-09-20T17:33:39.920+0530] {processor.py:161} INFO - Processing /home/sayone/This PC/SayOne Technologies/Works/airflow_new/Airflow/venv/lib/python3.8/site-packages/airflow/example_dags/example_xcom.py took 0.062 seconds
[2022-09-20T17:34:16.569+0530] {processor.py:153} INFO - Started process (PID=32849) to work on /home/sayone/This PC/SayOne Technologies/Works/airflow_new/Airflow/venv/lib/python3.8/site-packages/airflow/example_dags/example_xcom.py
[2022-09-20T17:34:16.571+0530] {processor.py:640} INFO - Processing file /home/sayone/This PC/SayOne Technologies/Works/airflow_new/Airflow/venv/lib/python3.8/site-packages/airflow/example_dags/example_xcom.py for tasks to queue
[2022-09-20T17:34:16.572+0530] {logging_mixin.py:115} INFO - [2022-09-20T17:34:16.572+0530] {dagbag.py:508} INFO - Filling up the DagBag from /home/sayone/This PC/SayOne Technologies/Works/airflow_new/Airflow/venv/lib/python3.8/site-packages/airflow/example_dags/example_xcom.py
[2022-09-20T17:34:16.587+0530] {processor.py:650} INFO - DAG(s) dict_keys(['example_xcom']) retrieved from /home/sayone/This PC/SayOne Technologies/Works/airflow_new/Airflow/venv/lib/python3.8/site-packages/airflow/example_dags/example_xcom.py
[2022-09-20T17:34:16.596+0530] {logging_mixin.py:115} INFO - [2022-09-20T17:34:16.596+0530] {dag.py:2429} INFO - Sync 1 DAGs
[2022-09-20T17:34:16.607+0530] {logging_mixin.py:115} INFO - [2022-09-20T17:34:16.607+0530] {dag.py:2977} INFO - Setting next_dagrun for example_xcom to 2021-01-01T00:00:00+00:00, run_after=2021-01-01T00:00:00+00:00
[2022-09-20T17:34:16.616+0530] {processor.py:161} INFO - Processing /home/sayone/This PC/SayOne Technologies/Works/airflow_new/Airflow/venv/lib/python3.8/site-packages/airflow/example_dags/example_xcom.py took 0.050 seconds
[2022-09-20T17:34:54.070+0530] {processor.py:153} INFO - Started process (PID=33129) to work on /home/sayone/This PC/SayOne Technologies/Works/airflow_new/Airflow/venv/lib/python3.8/site-packages/airflow/example_dags/example_xcom.py
[2022-09-20T17:34:54.072+0530] {processor.py:640} INFO - Processing file /home/sayone/This PC/SayOne Technologies/Works/airflow_new/Airflow/venv/lib/python3.8/site-packages/airflow/example_dags/example_xcom.py for tasks to queue
[2022-09-20T17:34:54.073+0530] {logging_mixin.py:115} INFO - [2022-09-20T17:34:54.073+0530] {dagbag.py:508} INFO - Filling up the DagBag from /home/sayone/This PC/SayOne Technologies/Works/airflow_new/Airflow/venv/lib/python3.8/site-packages/airflow/example_dags/example_xcom.py
[2022-09-20T17:34:54.086+0530] {processor.py:650} INFO - DAG(s) dict_keys(['example_xcom']) retrieved from /home/sayone/This PC/SayOne Technologies/Works/airflow_new/Airflow/venv/lib/python3.8/site-packages/airflow/example_dags/example_xcom.py
[2022-09-20T17:34:54.094+0530] {logging_mixin.py:115} INFO - [2022-09-20T17:34:54.094+0530] {dag.py:2429} INFO - Sync 1 DAGs
[2022-09-20T17:34:54.105+0530] {logging_mixin.py:115} INFO - [2022-09-20T17:34:54.105+0530] {dag.py:2977} INFO - Setting next_dagrun for example_xcom to 2021-01-01T00:00:00+00:00, run_after=2021-01-01T00:00:00+00:00
[2022-09-20T17:34:54.113+0530] {processor.py:161} INFO - Processing /home/sayone/This PC/SayOne Technologies/Works/airflow_new/Airflow/venv/lib/python3.8/site-packages/airflow/example_dags/example_xcom.py took 0.044 seconds
[2022-09-20T17:35:27.906+0530] {processor.py:153} INFO - Started process (PID=33178) to work on /home/sayone/This PC/SayOne Technologies/Works/airflow_new/Airflow/venv/lib/python3.8/site-packages/airflow/example_dags/example_xcom.py
[2022-09-20T17:35:27.907+0530] {processor.py:640} INFO - Processing file /home/sayone/This PC/SayOne Technologies/Works/airflow_new/Airflow/venv/lib/python3.8/site-packages/airflow/example_dags/example_xcom.py for tasks to queue
[2022-09-20T17:35:27.907+0530] {logging_mixin.py:115} INFO - [2022-09-20T17:35:27.907+0530] {dagbag.py:508} INFO - Filling up the DagBag from /home/sayone/This PC/SayOne Technologies/Works/airflow_new/Airflow/venv/lib/python3.8/site-packages/airflow/example_dags/example_xcom.py
[2022-09-20T17:35:27.917+0530] {processor.py:650} INFO - DAG(s) dict_keys(['example_xcom']) retrieved from /home/sayone/This PC/SayOne Technologies/Works/airflow_new/Airflow/venv/lib/python3.8/site-packages/airflow/example_dags/example_xcom.py
[2022-09-20T17:35:27.925+0530] {logging_mixin.py:115} INFO - [2022-09-20T17:35:27.925+0530] {dag.py:2429} INFO - Sync 1 DAGs
[2022-09-20T17:35:27.936+0530] {logging_mixin.py:115} INFO - [2022-09-20T17:35:27.936+0530] {dag.py:2977} INFO - Setting next_dagrun for example_xcom to 2021-01-01T00:00:00+00:00, run_after=2021-01-01T00:00:00+00:00
[2022-09-20T17:35:27.944+0530] {processor.py:161} INFO - Processing /home/sayone/This PC/SayOne Technologies/Works/airflow_new/Airflow/venv/lib/python3.8/site-packages/airflow/example_dags/example_xcom.py took 0.041 seconds
[2022-09-20T17:36:06.867+0530] {processor.py:153} INFO - Started process (PID=33300) to work on /home/sayone/This PC/SayOne Technologies/Works/airflow_new/Airflow/venv/lib/python3.8/site-packages/airflow/example_dags/example_xcom.py
[2022-09-20T17:36:06.870+0530] {processor.py:640} INFO - Processing file /home/sayone/This PC/SayOne Technologies/Works/airflow_new/Airflow/venv/lib/python3.8/site-packages/airflow/example_dags/example_xcom.py for tasks to queue
[2022-09-20T17:36:06.872+0530] {logging_mixin.py:115} INFO - [2022-09-20T17:36:06.871+0530] {dagbag.py:508} INFO - Filling up the DagBag from /home/sayone/This PC/SayOne Technologies/Works/airflow_new/Airflow/venv/lib/python3.8/site-packages/airflow/example_dags/example_xcom.py
[2022-09-20T17:36:06.888+0530] {processor.py:650} INFO - DAG(s) dict_keys(['example_xcom']) retrieved from /home/sayone/This PC/SayOne Technologies/Works/airflow_new/Airflow/venv/lib/python3.8/site-packages/airflow/example_dags/example_xcom.py
[2022-09-20T17:36:06.898+0530] {logging_mixin.py:115} INFO - [2022-09-20T17:36:06.898+0530] {dag.py:2429} INFO - Sync 1 DAGs
[2022-09-20T17:36:06.912+0530] {logging_mixin.py:115} INFO - [2022-09-20T17:36:06.911+0530] {dag.py:2977} INFO - Setting next_dagrun for example_xcom to 2021-01-01T00:00:00+00:00, run_after=2021-01-01T00:00:00+00:00
[2022-09-20T17:36:06.921+0530] {processor.py:161} INFO - Processing /home/sayone/This PC/SayOne Technologies/Works/airflow_new/Airflow/venv/lib/python3.8/site-packages/airflow/example_dags/example_xcom.py took 0.059 seconds
[2022-09-20T17:36:42.177+0530] {processor.py:153} INFO - Started process (PID=33409) to work on /home/sayone/This PC/SayOne Technologies/Works/airflow_new/Airflow/venv/lib/python3.8/site-packages/airflow/example_dags/example_xcom.py
[2022-09-20T17:36:42.180+0530] {processor.py:640} INFO - Processing file /home/sayone/This PC/SayOne Technologies/Works/airflow_new/Airflow/venv/lib/python3.8/site-packages/airflow/example_dags/example_xcom.py for tasks to queue
[2022-09-20T17:36:42.181+0530] {logging_mixin.py:115} INFO - [2022-09-20T17:36:42.181+0530] {dagbag.py:508} INFO - Filling up the DagBag from /home/sayone/This PC/SayOne Technologies/Works/airflow_new/Airflow/venv/lib/python3.8/site-packages/airflow/example_dags/example_xcom.py
[2022-09-20T17:36:42.198+0530] {processor.py:650} INFO - DAG(s) dict_keys(['example_xcom']) retrieved from /home/sayone/This PC/SayOne Technologies/Works/airflow_new/Airflow/venv/lib/python3.8/site-packages/airflow/example_dags/example_xcom.py
[2022-09-20T17:36:42.208+0530] {logging_mixin.py:115} INFO - [2022-09-20T17:36:42.208+0530] {dag.py:2429} INFO - Sync 1 DAGs
[2022-09-20T17:36:42.219+0530] {logging_mixin.py:115} INFO - [2022-09-20T17:36:42.218+0530] {dag.py:2977} INFO - Setting next_dagrun for example_xcom to 2021-01-01T00:00:00+00:00, run_after=2021-01-01T00:00:00+00:00
[2022-09-20T17:36:42.228+0530] {processor.py:161} INFO - Processing /home/sayone/This PC/SayOne Technologies/Works/airflow_new/Airflow/venv/lib/python3.8/site-packages/airflow/example_dags/example_xcom.py took 0.055 seconds
[2022-09-20T17:37:18.892+0530] {processor.py:153} INFO - Started process (PID=33683) to work on /home/sayone/This PC/SayOne Technologies/Works/airflow_new/Airflow/venv/lib/python3.8/site-packages/airflow/example_dags/example_xcom.py
[2022-09-20T17:37:18.895+0530] {processor.py:640} INFO - Processing file /home/sayone/This PC/SayOne Technologies/Works/airflow_new/Airflow/venv/lib/python3.8/site-packages/airflow/example_dags/example_xcom.py for tasks to queue
[2022-09-20T17:37:18.896+0530] {logging_mixin.py:115} INFO - [2022-09-20T17:37:18.896+0530] {dagbag.py:508} INFO - Filling up the DagBag from /home/sayone/This PC/SayOne Technologies/Works/airflow_new/Airflow/venv/lib/python3.8/site-packages/airflow/example_dags/example_xcom.py
[2022-09-20T17:37:18.912+0530] {processor.py:650} INFO - DAG(s) dict_keys(['example_xcom']) retrieved from /home/sayone/This PC/SayOne Technologies/Works/airflow_new/Airflow/venv/lib/python3.8/site-packages/airflow/example_dags/example_xcom.py
[2022-09-20T17:37:18.921+0530] {logging_mixin.py:115} INFO - [2022-09-20T17:37:18.921+0530] {dag.py:2429} INFO - Sync 1 DAGs
[2022-09-20T17:37:18.932+0530] {logging_mixin.py:115} INFO - [2022-09-20T17:37:18.931+0530] {dag.py:2977} INFO - Setting next_dagrun for example_xcom to 2021-01-01T00:00:00+00:00, run_after=2021-01-01T00:00:00+00:00
[2022-09-20T17:37:18.940+0530] {processor.py:161} INFO - Processing /home/sayone/This PC/SayOne Technologies/Works/airflow_new/Airflow/venv/lib/python3.8/site-packages/airflow/example_dags/example_xcom.py took 0.052 seconds
[2022-09-20T17:38:07.354+0530] {processor.py:153} INFO - Started process (PID=33820) to work on /home/sayone/This PC/SayOne Technologies/Works/airflow_new/Airflow/venv/lib/python3.8/site-packages/airflow/example_dags/example_xcom.py
[2022-09-20T17:38:07.357+0530] {processor.py:640} INFO - Processing file /home/sayone/This PC/SayOne Technologies/Works/airflow_new/Airflow/venv/lib/python3.8/site-packages/airflow/example_dags/example_xcom.py for tasks to queue
[2022-09-20T17:38:07.357+0530] {logging_mixin.py:115} INFO - [2022-09-20T17:38:07.357+0530] {dagbag.py:508} INFO - Filling up the DagBag from /home/sayone/This PC/SayOne Technologies/Works/airflow_new/Airflow/venv/lib/python3.8/site-packages/airflow/example_dags/example_xcom.py
[2022-09-20T17:38:07.372+0530] {processor.py:650} INFO - DAG(s) dict_keys(['example_xcom']) retrieved from /home/sayone/This PC/SayOne Technologies/Works/airflow_new/Airflow/venv/lib/python3.8/site-packages/airflow/example_dags/example_xcom.py
[2022-09-20T17:38:07.407+0530] {logging_mixin.py:115} INFO - [2022-09-20T17:38:07.407+0530] {dag.py:2429} INFO - Sync 1 DAGs
[2022-09-20T17:38:07.418+0530] {logging_mixin.py:115} INFO - [2022-09-20T17:38:07.418+0530] {dag.py:2977} INFO - Setting next_dagrun for example_xcom to 2021-01-01T00:00:00+00:00, run_after=2021-01-01T00:00:00+00:00
[2022-09-20T17:38:07.430+0530] {processor.py:161} INFO - Processing /home/sayone/This PC/SayOne Technologies/Works/airflow_new/Airflow/venv/lib/python3.8/site-packages/airflow/example_dags/example_xcom.py took 0.078 seconds
[2022-09-20T17:38:43.623+0530] {processor.py:153} INFO - Started process (PID=33887) to work on /home/sayone/This PC/SayOne Technologies/Works/airflow_new/Airflow/venv/lib/python3.8/site-packages/airflow/example_dags/example_xcom.py
[2022-09-20T17:38:43.624+0530] {processor.py:640} INFO - Processing file /home/sayone/This PC/SayOne Technologies/Works/airflow_new/Airflow/venv/lib/python3.8/site-packages/airflow/example_dags/example_xcom.py for tasks to queue
[2022-09-20T17:38:43.625+0530] {logging_mixin.py:115} INFO - [2022-09-20T17:38:43.625+0530] {dagbag.py:508} INFO - Filling up the DagBag from /home/sayone/This PC/SayOne Technologies/Works/airflow_new/Airflow/venv/lib/python3.8/site-packages/airflow/example_dags/example_xcom.py
[2022-09-20T17:38:43.641+0530] {processor.py:650} INFO - DAG(s) dict_keys(['example_xcom']) retrieved from /home/sayone/This PC/SayOne Technologies/Works/airflow_new/Airflow/venv/lib/python3.8/site-packages/airflow/example_dags/example_xcom.py
[2022-09-20T17:38:43.666+0530] {logging_mixin.py:115} INFO - [2022-09-20T17:38:43.666+0530] {dag.py:2429} INFO - Sync 1 DAGs
[2022-09-20T17:38:43.674+0530] {logging_mixin.py:115} INFO - [2022-09-20T17:38:43.674+0530] {dag.py:2977} INFO - Setting next_dagrun for example_xcom to 2021-01-01T00:00:00+00:00, run_after=2021-01-01T00:00:00+00:00
[2022-09-20T17:38:43.683+0530] {processor.py:161} INFO - Processing /home/sayone/This PC/SayOne Technologies/Works/airflow_new/Airflow/venv/lib/python3.8/site-packages/airflow/example_dags/example_xcom.py took 0.064 seconds
[2022-09-20T17:39:17.913+0530] {processor.py:153} INFO - Started process (PID=33979) to work on /home/sayone/This PC/SayOne Technologies/Works/airflow_new/Airflow/venv/lib/python3.8/site-packages/airflow/example_dags/example_xcom.py
[2022-09-20T17:39:17.915+0530] {processor.py:640} INFO - Processing file /home/sayone/This PC/SayOne Technologies/Works/airflow_new/Airflow/venv/lib/python3.8/site-packages/airflow/example_dags/example_xcom.py for tasks to queue
[2022-09-20T17:39:17.916+0530] {logging_mixin.py:115} INFO - [2022-09-20T17:39:17.916+0530] {dagbag.py:508} INFO - Filling up the DagBag from /home/sayone/This PC/SayOne Technologies/Works/airflow_new/Airflow/venv/lib/python3.8/site-packages/airflow/example_dags/example_xcom.py
[2022-09-20T17:39:17.934+0530] {processor.py:650} INFO - DAG(s) dict_keys(['example_xcom']) retrieved from /home/sayone/This PC/SayOne Technologies/Works/airflow_new/Airflow/venv/lib/python3.8/site-packages/airflow/example_dags/example_xcom.py
[2022-09-20T17:39:17.958+0530] {logging_mixin.py:115} INFO - [2022-09-20T17:39:17.958+0530] {dag.py:2429} INFO - Sync 1 DAGs
[2022-09-20T17:39:17.966+0530] {logging_mixin.py:115} INFO - [2022-09-20T17:39:17.966+0530] {dag.py:2977} INFO - Setting next_dagrun for example_xcom to 2021-01-01T00:00:00+00:00, run_after=2021-01-01T00:00:00+00:00
[2022-09-20T17:39:17.975+0530] {processor.py:161} INFO - Processing /home/sayone/This PC/SayOne Technologies/Works/airflow_new/Airflow/venv/lib/python3.8/site-packages/airflow/example_dags/example_xcom.py took 0.064 seconds
[2022-09-20T17:39:55.080+0530] {processor.py:153} INFO - Started process (PID=34173) to work on /home/sayone/This PC/SayOne Technologies/Works/airflow_new/Airflow/venv/lib/python3.8/site-packages/airflow/example_dags/example_xcom.py
[2022-09-20T17:39:55.083+0530] {processor.py:640} INFO - Processing file /home/sayone/This PC/SayOne Technologies/Works/airflow_new/Airflow/venv/lib/python3.8/site-packages/airflow/example_dags/example_xcom.py for tasks to queue
[2022-09-20T17:39:55.083+0530] {logging_mixin.py:115} INFO - [2022-09-20T17:39:55.083+0530] {dagbag.py:508} INFO - Filling up the DagBag from /home/sayone/This PC/SayOne Technologies/Works/airflow_new/Airflow/venv/lib/python3.8/site-packages/airflow/example_dags/example_xcom.py
[2022-09-20T17:39:55.098+0530] {processor.py:650} INFO - DAG(s) dict_keys(['example_xcom']) retrieved from /home/sayone/This PC/SayOne Technologies/Works/airflow_new/Airflow/venv/lib/python3.8/site-packages/airflow/example_dags/example_xcom.py
[2022-09-20T17:39:55.123+0530] {logging_mixin.py:115} INFO - [2022-09-20T17:39:55.123+0530] {dag.py:2429} INFO - Sync 1 DAGs
[2022-09-20T17:39:55.131+0530] {logging_mixin.py:115} INFO - [2022-09-20T17:39:55.131+0530] {dag.py:2977} INFO - Setting next_dagrun for example_xcom to 2021-01-01T00:00:00+00:00, run_after=2021-01-01T00:00:00+00:00
[2022-09-20T17:39:55.141+0530] {processor.py:161} INFO - Processing /home/sayone/This PC/SayOne Technologies/Works/airflow_new/Airflow/venv/lib/python3.8/site-packages/airflow/example_dags/example_xcom.py took 0.063 seconds
[2022-09-20T17:40:30.311+0530] {processor.py:153} INFO - Started process (PID=34234) to work on /home/sayone/This PC/SayOne Technologies/Works/airflow_new/Airflow/venv/lib/python3.8/site-packages/airflow/example_dags/example_xcom.py
[2022-09-20T17:40:30.314+0530] {processor.py:640} INFO - Processing file /home/sayone/This PC/SayOne Technologies/Works/airflow_new/Airflow/venv/lib/python3.8/site-packages/airflow/example_dags/example_xcom.py for tasks to queue
[2022-09-20T17:40:30.314+0530] {logging_mixin.py:115} INFO - [2022-09-20T17:40:30.314+0530] {dagbag.py:508} INFO - Filling up the DagBag from /home/sayone/This PC/SayOne Technologies/Works/airflow_new/Airflow/venv/lib/python3.8/site-packages/airflow/example_dags/example_xcom.py
[2022-09-20T17:40:30.333+0530] {processor.py:650} INFO - DAG(s) dict_keys(['example_xcom']) retrieved from /home/sayone/This PC/SayOne Technologies/Works/airflow_new/Airflow/venv/lib/python3.8/site-packages/airflow/example_dags/example_xcom.py
[2022-09-20T17:40:30.360+0530] {logging_mixin.py:115} INFO - [2022-09-20T17:40:30.360+0530] {dag.py:2429} INFO - Sync 1 DAGs
[2022-09-20T17:40:30.368+0530] {logging_mixin.py:115} INFO - [2022-09-20T17:40:30.368+0530] {dag.py:2977} INFO - Setting next_dagrun for example_xcom to 2021-01-01T00:00:00+00:00, run_after=2021-01-01T00:00:00+00:00
[2022-09-20T17:40:30.377+0530] {processor.py:161} INFO - Processing /home/sayone/This PC/SayOne Technologies/Works/airflow_new/Airflow/venv/lib/python3.8/site-packages/airflow/example_dags/example_xcom.py took 0.067 seconds
[2022-09-20T17:41:07.055+0530] {processor.py:153} INFO - Started process (PID=34390) to work on /home/sayone/This PC/SayOne Technologies/Works/airflow_new/Airflow/venv/lib/python3.8/site-packages/airflow/example_dags/example_xcom.py
[2022-09-20T17:41:07.058+0530] {processor.py:640} INFO - Processing file /home/sayone/This PC/SayOne Technologies/Works/airflow_new/Airflow/venv/lib/python3.8/site-packages/airflow/example_dags/example_xcom.py for tasks to queue
[2022-09-20T17:41:07.060+0530] {logging_mixin.py:115} INFO - [2022-09-20T17:41:07.059+0530] {dagbag.py:508} INFO - Filling up the DagBag from /home/sayone/This PC/SayOne Technologies/Works/airflow_new/Airflow/venv/lib/python3.8/site-packages/airflow/example_dags/example_xcom.py
[2022-09-20T17:41:07.081+0530] {processor.py:650} INFO - DAG(s) dict_keys(['example_xcom']) retrieved from /home/sayone/This PC/SayOne Technologies/Works/airflow_new/Airflow/venv/lib/python3.8/site-packages/airflow/example_dags/example_xcom.py
[2022-09-20T17:41:07.127+0530] {logging_mixin.py:115} INFO - [2022-09-20T17:41:07.126+0530] {dag.py:2429} INFO - Sync 1 DAGs
[2022-09-20T17:41:07.139+0530] {logging_mixin.py:115} INFO - [2022-09-20T17:41:07.139+0530] {dag.py:2977} INFO - Setting next_dagrun for example_xcom to 2021-01-01T00:00:00+00:00, run_after=2021-01-01T00:00:00+00:00
[2022-09-20T17:41:07.152+0530] {processor.py:161} INFO - Processing /home/sayone/This PC/SayOne Technologies/Works/airflow_new/Airflow/venv/lib/python3.8/site-packages/airflow/example_dags/example_xcom.py took 0.099 seconds
[2022-09-20T17:42:04.497+0530] {processor.py:153} INFO - Started process (PID=34544) to work on /home/sayone/This PC/SayOne Technologies/Works/airflow_new/Airflow/venv/lib/python3.8/site-packages/airflow/example_dags/example_xcom.py
[2022-09-20T17:42:04.498+0530] {processor.py:640} INFO - Processing file /home/sayone/This PC/SayOne Technologies/Works/airflow_new/Airflow/venv/lib/python3.8/site-packages/airflow/example_dags/example_xcom.py for tasks to queue
[2022-09-20T17:42:04.498+0530] {logging_mixin.py:115} INFO - [2022-09-20T17:42:04.498+0530] {dagbag.py:508} INFO - Filling up the DagBag from /home/sayone/This PC/SayOne Technologies/Works/airflow_new/Airflow/venv/lib/python3.8/site-packages/airflow/example_dags/example_xcom.py
[2022-09-20T17:42:04.512+0530] {processor.py:650} INFO - DAG(s) dict_keys(['example_xcom']) retrieved from /home/sayone/This PC/SayOne Technologies/Works/airflow_new/Airflow/venv/lib/python3.8/site-packages/airflow/example_dags/example_xcom.py
[2022-09-20T17:42:04.545+0530] {logging_mixin.py:115} INFO - [2022-09-20T17:42:04.545+0530] {dag.py:2429} INFO - Sync 1 DAGs
[2022-09-20T17:42:04.556+0530] {logging_mixin.py:115} INFO - [2022-09-20T17:42:04.555+0530] {dag.py:2977} INFO - Setting next_dagrun for example_xcom to 2021-01-01T00:00:00+00:00, run_after=2021-01-01T00:00:00+00:00
[2022-09-20T17:42:04.567+0530] {processor.py:161} INFO - Processing /home/sayone/This PC/SayOne Technologies/Works/airflow_new/Airflow/venv/lib/python3.8/site-packages/airflow/example_dags/example_xcom.py took 0.072 seconds
[2022-09-20T17:45:34.434+0530] {processor.py:153} INFO - Started process (PID=34938) to work on /home/sayone/This PC/SayOne Technologies/Works/airflow_new/Airflow/venv/lib/python3.8/site-packages/airflow/example_dags/example_xcom.py
[2022-09-20T17:45:34.437+0530] {processor.py:640} INFO - Processing file /home/sayone/This PC/SayOne Technologies/Works/airflow_new/Airflow/venv/lib/python3.8/site-packages/airflow/example_dags/example_xcom.py for tasks to queue
[2022-09-20T17:45:34.437+0530] {logging_mixin.py:115} INFO - [2022-09-20T17:45:34.437+0530] {dagbag.py:508} INFO - Filling up the DagBag from /home/sayone/This PC/SayOne Technologies/Works/airflow_new/Airflow/venv/lib/python3.8/site-packages/airflow/example_dags/example_xcom.py
[2022-09-20T17:45:34.451+0530] {processor.py:650} INFO - DAG(s) dict_keys(['example_xcom']) retrieved from /home/sayone/This PC/SayOne Technologies/Works/airflow_new/Airflow/venv/lib/python3.8/site-packages/airflow/example_dags/example_xcom.py
[2022-09-20T17:45:34.484+0530] {logging_mixin.py:115} INFO - [2022-09-20T17:45:34.484+0530] {dag.py:2429} INFO - Sync 1 DAGs
[2022-09-20T17:45:34.497+0530] {logging_mixin.py:115} INFO - [2022-09-20T17:45:34.496+0530] {dag.py:2977} INFO - Setting next_dagrun for example_xcom to 2021-01-01T00:00:00+00:00, run_after=2021-01-01T00:00:00+00:00
[2022-09-20T17:45:34.509+0530] {processor.py:161} INFO - Processing /home/sayone/This PC/SayOne Technologies/Works/airflow_new/Airflow/venv/lib/python3.8/site-packages/airflow/example_dags/example_xcom.py took 0.077 seconds
[2022-09-20T17:46:31.341+0530] {processor.py:153} INFO - Started process (PID=35072) to work on /home/sayone/This PC/SayOne Technologies/Works/airflow_new/Airflow/venv/lib/python3.8/site-packages/airflow/example_dags/example_xcom.py
[2022-09-20T17:46:31.344+0530] {processor.py:640} INFO - Processing file /home/sayone/This PC/SayOne Technologies/Works/airflow_new/Airflow/venv/lib/python3.8/site-packages/airflow/example_dags/example_xcom.py for tasks to queue
[2022-09-20T17:46:31.345+0530] {logging_mixin.py:115} INFO - [2022-09-20T17:46:31.345+0530] {dagbag.py:508} INFO - Filling up the DagBag from /home/sayone/This PC/SayOne Technologies/Works/airflow_new/Airflow/venv/lib/python3.8/site-packages/airflow/example_dags/example_xcom.py
[2022-09-20T17:46:31.362+0530] {processor.py:650} INFO - DAG(s) dict_keys(['example_xcom']) retrieved from /home/sayone/This PC/SayOne Technologies/Works/airflow_new/Airflow/venv/lib/python3.8/site-packages/airflow/example_dags/example_xcom.py
[2022-09-20T17:46:31.387+0530] {logging_mixin.py:115} INFO - [2022-09-20T17:46:31.387+0530] {dag.py:2429} INFO - Sync 1 DAGs
[2022-09-20T17:46:31.396+0530] {logging_mixin.py:115} INFO - [2022-09-20T17:46:31.396+0530] {dag.py:2977} INFO - Setting next_dagrun for example_xcom to 2021-01-01T00:00:00+00:00, run_after=2021-01-01T00:00:00+00:00
[2022-09-20T17:46:31.405+0530] {processor.py:161} INFO - Processing /home/sayone/This PC/SayOne Technologies/Works/airflow_new/Airflow/venv/lib/python3.8/site-packages/airflow/example_dags/example_xcom.py took 0.066 seconds
[2022-09-20T17:47:05.131+0530] {processor.py:153} INFO - Started process (PID=35306) to work on /home/sayone/This PC/SayOne Technologies/Works/airflow_new/Airflow/venv/lib/python3.8/site-packages/airflow/example_dags/example_xcom.py
[2022-09-20T17:47:05.133+0530] {processor.py:640} INFO - Processing file /home/sayone/This PC/SayOne Technologies/Works/airflow_new/Airflow/venv/lib/python3.8/site-packages/airflow/example_dags/example_xcom.py for tasks to queue
[2022-09-20T17:47:05.134+0530] {logging_mixin.py:115} INFO - [2022-09-20T17:47:05.134+0530] {dagbag.py:508} INFO - Filling up the DagBag from /home/sayone/This PC/SayOne Technologies/Works/airflow_new/Airflow/venv/lib/python3.8/site-packages/airflow/example_dags/example_xcom.py
[2022-09-20T17:47:05.152+0530] {processor.py:650} INFO - DAG(s) dict_keys(['example_xcom']) retrieved from /home/sayone/This PC/SayOne Technologies/Works/airflow_new/Airflow/venv/lib/python3.8/site-packages/airflow/example_dags/example_xcom.py
[2022-09-20T17:47:05.178+0530] {logging_mixin.py:115} INFO - [2022-09-20T17:47:05.178+0530] {dag.py:2429} INFO - Sync 1 DAGs
[2022-09-20T17:47:05.186+0530] {logging_mixin.py:115} INFO - [2022-09-20T17:47:05.185+0530] {dag.py:2977} INFO - Setting next_dagrun for example_xcom to 2021-01-01T00:00:00+00:00, run_after=2021-01-01T00:00:00+00:00
[2022-09-20T17:47:05.194+0530] {processor.py:161} INFO - Processing /home/sayone/This PC/SayOne Technologies/Works/airflow_new/Airflow/venv/lib/python3.8/site-packages/airflow/example_dags/example_xcom.py took 0.064 seconds
[2022-09-20T17:47:43.439+0530] {processor.py:153} INFO - Started process (PID=35408) to work on /home/sayone/This PC/SayOne Technologies/Works/airflow_new/Airflow/venv/lib/python3.8/site-packages/airflow/example_dags/example_xcom.py
[2022-09-20T17:47:43.442+0530] {processor.py:640} INFO - Processing file /home/sayone/This PC/SayOne Technologies/Works/airflow_new/Airflow/venv/lib/python3.8/site-packages/airflow/example_dags/example_xcom.py for tasks to queue
[2022-09-20T17:47:43.443+0530] {logging_mixin.py:115} INFO - [2022-09-20T17:47:43.442+0530] {dagbag.py:508} INFO - Filling up the DagBag from /home/sayone/This PC/SayOne Technologies/Works/airflow_new/Airflow/venv/lib/python3.8/site-packages/airflow/example_dags/example_xcom.py
[2022-09-20T17:47:43.456+0530] {processor.py:650} INFO - DAG(s) dict_keys(['example_xcom']) retrieved from /home/sayone/This PC/SayOne Technologies/Works/airflow_new/Airflow/venv/lib/python3.8/site-packages/airflow/example_dags/example_xcom.py
[2022-09-20T17:47:43.487+0530] {logging_mixin.py:115} INFO - [2022-09-20T17:47:43.486+0530] {dag.py:2429} INFO - Sync 1 DAGs
[2022-09-20T17:47:43.496+0530] {logging_mixin.py:115} INFO - [2022-09-20T17:47:43.496+0530] {dag.py:2977} INFO - Setting next_dagrun for example_xcom to 2021-01-01T00:00:00+00:00, run_after=2021-01-01T00:00:00+00:00
[2022-09-20T17:47:43.505+0530] {processor.py:161} INFO - Processing /home/sayone/This PC/SayOne Technologies/Works/airflow_new/Airflow/venv/lib/python3.8/site-packages/airflow/example_dags/example_xcom.py took 0.070 seconds
[2022-09-20T17:48:19.967+0530] {processor.py:153} INFO - Started process (PID=35508) to work on /home/sayone/This PC/SayOne Technologies/Works/airflow_new/Airflow/venv/lib/python3.8/site-packages/airflow/example_dags/example_xcom.py
[2022-09-20T17:48:19.971+0530] {processor.py:640} INFO - Processing file /home/sayone/This PC/SayOne Technologies/Works/airflow_new/Airflow/venv/lib/python3.8/site-packages/airflow/example_dags/example_xcom.py for tasks to queue
[2022-09-20T17:48:19.972+0530] {logging_mixin.py:115} INFO - [2022-09-20T17:48:19.971+0530] {dagbag.py:508} INFO - Filling up the DagBag from /home/sayone/This PC/SayOne Technologies/Works/airflow_new/Airflow/venv/lib/python3.8/site-packages/airflow/example_dags/example_xcom.py
[2022-09-20T17:48:19.988+0530] {processor.py:650} INFO - DAG(s) dict_keys(['example_xcom']) retrieved from /home/sayone/This PC/SayOne Technologies/Works/airflow_new/Airflow/venv/lib/python3.8/site-packages/airflow/example_dags/example_xcom.py
[2022-09-20T17:48:20.013+0530] {logging_mixin.py:115} INFO - [2022-09-20T17:48:20.013+0530] {dag.py:2429} INFO - Sync 1 DAGs
[2022-09-20T17:48:20.021+0530] {logging_mixin.py:115} INFO - [2022-09-20T17:48:20.021+0530] {dag.py:2977} INFO - Setting next_dagrun for example_xcom to 2021-01-01T00:00:00+00:00, run_after=2021-01-01T00:00:00+00:00
[2022-09-20T17:48:20.029+0530] {processor.py:161} INFO - Processing /home/sayone/This PC/SayOne Technologies/Works/airflow_new/Airflow/venv/lib/python3.8/site-packages/airflow/example_dags/example_xcom.py took 0.066 seconds
[2022-09-20T17:48:57.680+0530] {processor.py:153} INFO - Started process (PID=35633) to work on /home/sayone/This PC/SayOne Technologies/Works/airflow_new/Airflow/venv/lib/python3.8/site-packages/airflow/example_dags/example_xcom.py
[2022-09-20T17:48:57.682+0530] {processor.py:640} INFO - Processing file /home/sayone/This PC/SayOne Technologies/Works/airflow_new/Airflow/venv/lib/python3.8/site-packages/airflow/example_dags/example_xcom.py for tasks to queue
[2022-09-20T17:48:57.683+0530] {logging_mixin.py:115} INFO - [2022-09-20T17:48:57.683+0530] {dagbag.py:508} INFO - Filling up the DagBag from /home/sayone/This PC/SayOne Technologies/Works/airflow_new/Airflow/venv/lib/python3.8/site-packages/airflow/example_dags/example_xcom.py
[2022-09-20T17:48:57.700+0530] {processor.py:650} INFO - DAG(s) dict_keys(['example_xcom']) retrieved from /home/sayone/This PC/SayOne Technologies/Works/airflow_new/Airflow/venv/lib/python3.8/site-packages/airflow/example_dags/example_xcom.py
[2022-09-20T17:48:57.723+0530] {logging_mixin.py:115} INFO - [2022-09-20T17:48:57.723+0530] {dag.py:2429} INFO - Sync 1 DAGs
[2022-09-20T17:48:57.732+0530] {logging_mixin.py:115} INFO - [2022-09-20T17:48:57.732+0530] {dag.py:2977} INFO - Setting next_dagrun for example_xcom to 2021-01-01T00:00:00+00:00, run_after=2021-01-01T00:00:00+00:00
[2022-09-20T17:48:57.743+0530] {processor.py:161} INFO - Processing /home/sayone/This PC/SayOne Technologies/Works/airflow_new/Airflow/venv/lib/python3.8/site-packages/airflow/example_dags/example_xcom.py took 0.067 seconds
[2022-09-20T17:49:34.673+0530] {processor.py:153} INFO - Started process (PID=35708) to work on /home/sayone/This PC/SayOne Technologies/Works/airflow_new/Airflow/venv/lib/python3.8/site-packages/airflow/example_dags/example_xcom.py
[2022-09-20T17:49:34.676+0530] {processor.py:640} INFO - Processing file /home/sayone/This PC/SayOne Technologies/Works/airflow_new/Airflow/venv/lib/python3.8/site-packages/airflow/example_dags/example_xcom.py for tasks to queue
[2022-09-20T17:49:34.676+0530] {logging_mixin.py:115} INFO - [2022-09-20T17:49:34.676+0530] {dagbag.py:508} INFO - Filling up the DagBag from /home/sayone/This PC/SayOne Technologies/Works/airflow_new/Airflow/venv/lib/python3.8/site-packages/airflow/example_dags/example_xcom.py
[2022-09-20T17:49:34.686+0530] {processor.py:650} INFO - DAG(s) dict_keys(['example_xcom']) retrieved from /home/sayone/This PC/SayOne Technologies/Works/airflow_new/Airflow/venv/lib/python3.8/site-packages/airflow/example_dags/example_xcom.py
[2022-09-20T17:49:34.713+0530] {logging_mixin.py:115} INFO - [2022-09-20T17:49:34.712+0530] {dag.py:2429} INFO - Sync 1 DAGs
[2022-09-20T17:49:34.721+0530] {logging_mixin.py:115} INFO - [2022-09-20T17:49:34.721+0530] {dag.py:2977} INFO - Setting next_dagrun for example_xcom to 2021-01-01T00:00:00+00:00, run_after=2021-01-01T00:00:00+00:00
[2022-09-20T17:49:34.730+0530] {processor.py:161} INFO - Processing /home/sayone/This PC/SayOne Technologies/Works/airflow_new/Airflow/venv/lib/python3.8/site-packages/airflow/example_dags/example_xcom.py took 0.059 seconds
[2022-09-20T17:50:11.804+0530] {processor.py:153} INFO - Started process (PID=35813) to work on /home/sayone/This PC/SayOne Technologies/Works/airflow_new/Airflow/venv/lib/python3.8/site-packages/airflow/example_dags/example_xcom.py
[2022-09-20T17:50:11.807+0530] {processor.py:640} INFO - Processing file /home/sayone/This PC/SayOne Technologies/Works/airflow_new/Airflow/venv/lib/python3.8/site-packages/airflow/example_dags/example_xcom.py for tasks to queue
[2022-09-20T17:50:11.810+0530] {logging_mixin.py:115} INFO - [2022-09-20T17:50:11.809+0530] {dagbag.py:508} INFO - Filling up the DagBag from /home/sayone/This PC/SayOne Technologies/Works/airflow_new/Airflow/venv/lib/python3.8/site-packages/airflow/example_dags/example_xcom.py
[2022-09-20T17:50:11.828+0530] {processor.py:650} INFO - DAG(s) dict_keys(['example_xcom']) retrieved from /home/sayone/This PC/SayOne Technologies/Works/airflow_new/Airflow/venv/lib/python3.8/site-packages/airflow/example_dags/example_xcom.py
[2022-09-20T17:50:11.853+0530] {logging_mixin.py:115} INFO - [2022-09-20T17:50:11.853+0530] {dag.py:2429} INFO - Sync 1 DAGs
[2022-09-20T17:50:11.861+0530] {logging_mixin.py:115} INFO - [2022-09-20T17:50:11.861+0530] {dag.py:2977} INFO - Setting next_dagrun for example_xcom to 2021-01-01T00:00:00+00:00, run_after=2021-01-01T00:00:00+00:00
[2022-09-20T17:50:11.870+0530] {processor.py:161} INFO - Processing /home/sayone/This PC/SayOne Technologies/Works/airflow_new/Airflow/venv/lib/python3.8/site-packages/airflow/example_dags/example_xcom.py took 0.068 seconds
[2022-09-20T17:50:47.774+0530] {processor.py:153} INFO - Started process (PID=35882) to work on /home/sayone/This PC/SayOne Technologies/Works/airflow_new/Airflow/venv/lib/python3.8/site-packages/airflow/example_dags/example_xcom.py
[2022-09-20T17:50:47.777+0530] {processor.py:640} INFO - Processing file /home/sayone/This PC/SayOne Technologies/Works/airflow_new/Airflow/venv/lib/python3.8/site-packages/airflow/example_dags/example_xcom.py for tasks to queue
[2022-09-20T17:50:47.778+0530] {logging_mixin.py:115} INFO - [2022-09-20T17:50:47.778+0530] {dagbag.py:508} INFO - Filling up the DagBag from /home/sayone/This PC/SayOne Technologies/Works/airflow_new/Airflow/venv/lib/python3.8/site-packages/airflow/example_dags/example_xcom.py
[2022-09-20T17:50:47.794+0530] {processor.py:650} INFO - DAG(s) dict_keys(['example_xcom']) retrieved from /home/sayone/This PC/SayOne Technologies/Works/airflow_new/Airflow/venv/lib/python3.8/site-packages/airflow/example_dags/example_xcom.py
[2022-09-20T17:50:47.820+0530] {logging_mixin.py:115} INFO - [2022-09-20T17:50:47.820+0530] {dag.py:2429} INFO - Sync 1 DAGs
[2022-09-20T17:50:47.829+0530] {logging_mixin.py:115} INFO - [2022-09-20T17:50:47.829+0530] {dag.py:2977} INFO - Setting next_dagrun for example_xcom to 2021-01-01T00:00:00+00:00, run_after=2021-01-01T00:00:00+00:00
[2022-09-20T17:50:47.837+0530] {processor.py:161} INFO - Processing /home/sayone/This PC/SayOne Technologies/Works/airflow_new/Airflow/venv/lib/python3.8/site-packages/airflow/example_dags/example_xcom.py took 0.068 seconds
[2022-09-20T17:51:23.819+0530] {processor.py:153} INFO - Started process (PID=35991) to work on /home/sayone/This PC/SayOne Technologies/Works/airflow_new/Airflow/venv/lib/python3.8/site-packages/airflow/example_dags/example_xcom.py
[2022-09-20T17:51:23.823+0530] {processor.py:640} INFO - Processing file /home/sayone/This PC/SayOne Technologies/Works/airflow_new/Airflow/venv/lib/python3.8/site-packages/airflow/example_dags/example_xcom.py for tasks to queue
[2022-09-20T17:51:23.824+0530] {logging_mixin.py:115} INFO - [2022-09-20T17:51:23.823+0530] {dagbag.py:508} INFO - Filling up the DagBag from /home/sayone/This PC/SayOne Technologies/Works/airflow_new/Airflow/venv/lib/python3.8/site-packages/airflow/example_dags/example_xcom.py
[2022-09-20T17:51:23.840+0530] {processor.py:650} INFO - DAG(s) dict_keys(['example_xcom']) retrieved from /home/sayone/This PC/SayOne Technologies/Works/airflow_new/Airflow/venv/lib/python3.8/site-packages/airflow/example_dags/example_xcom.py
[2022-09-20T17:51:23.867+0530] {logging_mixin.py:115} INFO - [2022-09-20T17:51:23.867+0530] {dag.py:2429} INFO - Sync 1 DAGs
[2022-09-20T17:51:23.876+0530] {logging_mixin.py:115} INFO - [2022-09-20T17:51:23.876+0530] {dag.py:2977} INFO - Setting next_dagrun for example_xcom to 2021-01-01T00:00:00+00:00, run_after=2021-01-01T00:00:00+00:00
[2022-09-20T17:51:23.886+0530] {processor.py:161} INFO - Processing /home/sayone/This PC/SayOne Technologies/Works/airflow_new/Airflow/venv/lib/python3.8/site-packages/airflow/example_dags/example_xcom.py took 0.071 seconds
[2022-09-20T17:52:02.528+0530] {processor.py:153} INFO - Started process (PID=36091) to work on /home/sayone/This PC/SayOne Technologies/Works/airflow_new/Airflow/venv/lib/python3.8/site-packages/airflow/example_dags/example_xcom.py
[2022-09-20T17:52:02.531+0530] {processor.py:640} INFO - Processing file /home/sayone/This PC/SayOne Technologies/Works/airflow_new/Airflow/venv/lib/python3.8/site-packages/airflow/example_dags/example_xcom.py for tasks to queue
[2022-09-20T17:52:02.531+0530] {logging_mixin.py:115} INFO - [2022-09-20T17:52:02.531+0530] {dagbag.py:508} INFO - Filling up the DagBag from /home/sayone/This PC/SayOne Technologies/Works/airflow_new/Airflow/venv/lib/python3.8/site-packages/airflow/example_dags/example_xcom.py
[2022-09-20T17:52:02.543+0530] {processor.py:650} INFO - DAG(s) dict_keys(['example_xcom']) retrieved from /home/sayone/This PC/SayOne Technologies/Works/airflow_new/Airflow/venv/lib/python3.8/site-packages/airflow/example_dags/example_xcom.py
[2022-09-20T17:52:02.552+0530] {logging_mixin.py:115} INFO - [2022-09-20T17:52:02.552+0530] {dag.py:2429} INFO - Sync 1 DAGs
[2022-09-20T17:52:02.563+0530] {logging_mixin.py:115} INFO - [2022-09-20T17:52:02.562+0530] {dag.py:2977} INFO - Setting next_dagrun for example_xcom to 2021-01-01T00:00:00+00:00, run_after=2021-01-01T00:00:00+00:00
[2022-09-20T17:52:02.572+0530] {processor.py:161} INFO - Processing /home/sayone/This PC/SayOne Technologies/Works/airflow_new/Airflow/venv/lib/python3.8/site-packages/airflow/example_dags/example_xcom.py took 0.045 seconds
[2022-09-20T17:52:39.582+0530] {processor.py:153} INFO - Started process (PID=36294) to work on /home/sayone/This PC/SayOne Technologies/Works/airflow_new/Airflow/venv/lib/python3.8/site-packages/airflow/example_dags/example_xcom.py
[2022-09-20T17:52:39.583+0530] {processor.py:640} INFO - Processing file /home/sayone/This PC/SayOne Technologies/Works/airflow_new/Airflow/venv/lib/python3.8/site-packages/airflow/example_dags/example_xcom.py for tasks to queue
[2022-09-20T17:52:39.583+0530] {logging_mixin.py:115} INFO - [2022-09-20T17:52:39.583+0530] {dagbag.py:508} INFO - Filling up the DagBag from /home/sayone/This PC/SayOne Technologies/Works/airflow_new/Airflow/venv/lib/python3.8/site-packages/airflow/example_dags/example_xcom.py
[2022-09-20T17:52:39.595+0530] {processor.py:650} INFO - DAG(s) dict_keys(['example_xcom']) retrieved from /home/sayone/This PC/SayOne Technologies/Works/airflow_new/Airflow/venv/lib/python3.8/site-packages/airflow/example_dags/example_xcom.py
[2022-09-20T17:52:39.603+0530] {logging_mixin.py:115} INFO - [2022-09-20T17:52:39.603+0530] {dag.py:2429} INFO - Sync 1 DAGs
[2022-09-20T17:52:39.614+0530] {logging_mixin.py:115} INFO - [2022-09-20T17:52:39.614+0530] {dag.py:2977} INFO - Setting next_dagrun for example_xcom to 2021-01-01T00:00:00+00:00, run_after=2021-01-01T00:00:00+00:00
[2022-09-20T17:52:39.622+0530] {processor.py:161} INFO - Processing /home/sayone/This PC/SayOne Technologies/Works/airflow_new/Airflow/venv/lib/python3.8/site-packages/airflow/example_dags/example_xcom.py took 0.042 seconds
[2022-09-20T17:53:16.292+0530] {processor.py:153} INFO - Started process (PID=36411) to work on /home/sayone/This PC/SayOne Technologies/Works/airflow_new/Airflow/venv/lib/python3.8/site-packages/airflow/example_dags/example_xcom.py
[2022-09-20T17:53:16.295+0530] {processor.py:640} INFO - Processing file /home/sayone/This PC/SayOne Technologies/Works/airflow_new/Airflow/venv/lib/python3.8/site-packages/airflow/example_dags/example_xcom.py for tasks to queue
[2022-09-20T17:53:16.296+0530] {logging_mixin.py:115} INFO - [2022-09-20T17:53:16.296+0530] {dagbag.py:508} INFO - Filling up the DagBag from /home/sayone/This PC/SayOne Technologies/Works/airflow_new/Airflow/venv/lib/python3.8/site-packages/airflow/example_dags/example_xcom.py
[2022-09-20T17:53:16.312+0530] {processor.py:650} INFO - DAG(s) dict_keys(['example_xcom']) retrieved from /home/sayone/This PC/SayOne Technologies/Works/airflow_new/Airflow/venv/lib/python3.8/site-packages/airflow/example_dags/example_xcom.py
[2022-09-20T17:53:16.320+0530] {logging_mixin.py:115} INFO - [2022-09-20T17:53:16.320+0530] {dag.py:2429} INFO - Sync 1 DAGs
[2022-09-20T17:53:16.332+0530] {logging_mixin.py:115} INFO - [2022-09-20T17:53:16.332+0530] {dag.py:2977} INFO - Setting next_dagrun for example_xcom to 2021-01-01T00:00:00+00:00, run_after=2021-01-01T00:00:00+00:00
[2022-09-20T17:53:16.341+0530] {processor.py:161} INFO - Processing /home/sayone/This PC/SayOne Technologies/Works/airflow_new/Airflow/venv/lib/python3.8/site-packages/airflow/example_dags/example_xcom.py took 0.055 seconds
