[2022-09-20T17:17:02.471+0530] {processor.py:153} INFO - Started process (PID=28785) to work on /home/sayone/This PC/SayOne Technologies/Works/airflow_new/Airflow/venv/lib/python3.8/site-packages/airflow/example_dags/example_branch_operator.py
[2022-09-20T17:17:02.472+0530] {processor.py:640} INFO - Processing file /home/sayone/This PC/SayOne Technologies/Works/airflow_new/Airflow/venv/lib/python3.8/site-packages/airflow/example_dags/example_branch_operator.py for tasks to queue
[2022-09-20T17:17:02.472+0530] {logging_mixin.py:115} INFO - [2022-09-20T17:17:02.472+0530] {dagbag.py:508} INFO - Filling up the DagBag from /home/sayone/This PC/SayOne Technologies/Works/airflow_new/Airflow/venv/lib/python3.8/site-packages/airflow/example_dags/example_branch_operator.py
[2022-09-20T17:17:02.480+0530] {processor.py:650} INFO - DAG(s) dict_keys(['example_branch_operator']) retrieved from /home/sayone/This PC/SayOne Technologies/Works/airflow_new/Airflow/venv/lib/python3.8/site-packages/airflow/example_dags/example_branch_operator.py
[2022-09-20T17:17:02.540+0530] {logging_mixin.py:115} INFO - [2022-09-20T17:17:02.540+0530] {manager.py:508} INFO - Created Permission View: can edit on DAG:example_branch_operator
[2022-09-20T17:17:02.550+0530] {logging_mixin.py:115} INFO - [2022-09-20T17:17:02.550+0530] {manager.py:508} INFO - Created Permission View: can read on DAG:example_branch_operator
[2022-09-20T17:17:02.562+0530] {logging_mixin.py:115} INFO - [2022-09-20T17:17:02.562+0530] {manager.py:508} INFO - Created Permission View: can delete on DAG:example_branch_operator
[2022-09-20T17:17:02.562+0530] {logging_mixin.py:115} INFO - [2022-09-20T17:17:02.562+0530] {dag.py:2429} INFO - Sync 1 DAGs
[2022-09-20T17:17:02.569+0530] {logging_mixin.py:115} INFO - [2022-09-20T17:17:02.569+0530] {dag.py:2448} INFO - Creating ORM DAG for example_branch_operator
[2022-09-20T17:17:02.577+0530] {logging_mixin.py:115} INFO - [2022-09-20T17:17:02.577+0530] {dag.py:2977} INFO - Setting next_dagrun for example_branch_operator to 2022-09-19T00:00:00+00:00, run_after=2022-09-20T00:00:00+00:00
[2022-09-20T17:17:02.597+0530] {processor.py:161} INFO - Processing /home/sayone/This PC/SayOne Technologies/Works/airflow_new/Airflow/venv/lib/python3.8/site-packages/airflow/example_dags/example_branch_operator.py took 0.130 seconds
[2022-09-20T17:17:38.883+0530] {processor.py:153} INFO - Started process (PID=28979) to work on /home/sayone/This PC/SayOne Technologies/Works/airflow_new/Airflow/venv/lib/python3.8/site-packages/airflow/example_dags/example_branch_operator.py
[2022-09-20T17:17:38.886+0530] {processor.py:640} INFO - Processing file /home/sayone/This PC/SayOne Technologies/Works/airflow_new/Airflow/venv/lib/python3.8/site-packages/airflow/example_dags/example_branch_operator.py for tasks to queue
[2022-09-20T17:17:38.888+0530] {logging_mixin.py:115} INFO - [2022-09-20T17:17:38.888+0530] {dagbag.py:508} INFO - Filling up the DagBag from /home/sayone/This PC/SayOne Technologies/Works/airflow_new/Airflow/venv/lib/python3.8/site-packages/airflow/example_dags/example_branch_operator.py
[2022-09-20T17:17:38.907+0530] {processor.py:650} INFO - DAG(s) dict_keys(['example_branch_operator']) retrieved from /home/sayone/This PC/SayOne Technologies/Works/airflow_new/Airflow/venv/lib/python3.8/site-packages/airflow/example_dags/example_branch_operator.py
[2022-09-20T17:17:38.928+0530] {logging_mixin.py:115} INFO - [2022-09-20T17:17:38.928+0530] {dag.py:2429} INFO - Sync 1 DAGs
[2022-09-20T17:17:38.947+0530] {logging_mixin.py:115} INFO - [2022-09-20T17:17:38.947+0530] {dag.py:2977} INFO - Setting next_dagrun for example_branch_operator to 2022-09-19T00:00:00+00:00, run_after=2022-09-20T00:00:00+00:00
[2022-09-20T17:17:38.956+0530] {processor.py:161} INFO - Processing /home/sayone/This PC/SayOne Technologies/Works/airflow_new/Airflow/venv/lib/python3.8/site-packages/airflow/example_dags/example_branch_operator.py took 0.077 seconds
[2022-09-20T17:18:12.650+0530] {processor.py:153} INFO - Started process (PID=29128) to work on /home/sayone/This PC/SayOne Technologies/Works/airflow_new/Airflow/venv/lib/python3.8/site-packages/airflow/example_dags/example_branch_operator.py
[2022-09-20T17:18:12.651+0530] {processor.py:640} INFO - Processing file /home/sayone/This PC/SayOne Technologies/Works/airflow_new/Airflow/venv/lib/python3.8/site-packages/airflow/example_dags/example_branch_operator.py for tasks to queue
[2022-09-20T17:18:12.651+0530] {logging_mixin.py:115} INFO - [2022-09-20T17:18:12.651+0530] {dagbag.py:508} INFO - Filling up the DagBag from /home/sayone/This PC/SayOne Technologies/Works/airflow_new/Airflow/venv/lib/python3.8/site-packages/airflow/example_dags/example_branch_operator.py
[2022-09-20T17:18:12.658+0530] {processor.py:650} INFO - DAG(s) dict_keys(['example_branch_operator']) retrieved from /home/sayone/This PC/SayOne Technologies/Works/airflow_new/Airflow/venv/lib/python3.8/site-packages/airflow/example_dags/example_branch_operator.py
[2022-09-20T17:18:12.670+0530] {logging_mixin.py:115} INFO - [2022-09-20T17:18:12.670+0530] {dag.py:2429} INFO - Sync 1 DAGs
[2022-09-20T17:18:12.685+0530] {logging_mixin.py:115} INFO - [2022-09-20T17:18:12.685+0530] {dag.py:2977} INFO - Setting next_dagrun for example_branch_operator to 2022-09-19T00:00:00+00:00, run_after=2022-09-20T00:00:00+00:00
[2022-09-20T17:18:12.696+0530] {processor.py:161} INFO - Processing /home/sayone/This PC/SayOne Technologies/Works/airflow_new/Airflow/venv/lib/python3.8/site-packages/airflow/example_dags/example_branch_operator.py took 0.048 seconds
[2022-09-20T17:18:48.768+0530] {processor.py:153} INFO - Started process (PID=29206) to work on /home/sayone/This PC/SayOne Technologies/Works/airflow_new/Airflow/venv/lib/python3.8/site-packages/airflow/example_dags/example_branch_operator.py
[2022-09-20T17:18:48.769+0530] {processor.py:640} INFO - Processing file /home/sayone/This PC/SayOne Technologies/Works/airflow_new/Airflow/venv/lib/python3.8/site-packages/airflow/example_dags/example_branch_operator.py for tasks to queue
[2022-09-20T17:18:48.770+0530] {logging_mixin.py:115} INFO - [2022-09-20T17:18:48.770+0530] {dagbag.py:508} INFO - Filling up the DagBag from /home/sayone/This PC/SayOne Technologies/Works/airflow_new/Airflow/venv/lib/python3.8/site-packages/airflow/example_dags/example_branch_operator.py
[2022-09-20T17:18:48.780+0530] {processor.py:650} INFO - DAG(s) dict_keys(['example_branch_operator']) retrieved from /home/sayone/This PC/SayOne Technologies/Works/airflow_new/Airflow/venv/lib/python3.8/site-packages/airflow/example_dags/example_branch_operator.py
[2022-09-20T17:18:48.789+0530] {logging_mixin.py:115} INFO - [2022-09-20T17:18:48.789+0530] {dag.py:2429} INFO - Sync 1 DAGs
[2022-09-20T17:18:48.800+0530] {logging_mixin.py:115} INFO - [2022-09-20T17:18:48.800+0530] {dag.py:2977} INFO - Setting next_dagrun for example_branch_operator to 2022-09-19T00:00:00+00:00, run_after=2022-09-20T00:00:00+00:00
[2022-09-20T17:18:48.809+0530] {processor.py:161} INFO - Processing /home/sayone/This PC/SayOne Technologies/Works/airflow_new/Airflow/venv/lib/python3.8/site-packages/airflow/example_dags/example_branch_operator.py took 0.045 seconds
[2022-09-20T17:19:23.469+0530] {processor.py:153} INFO - Started process (PID=29356) to work on /home/sayone/This PC/SayOne Technologies/Works/airflow_new/Airflow/venv/lib/python3.8/site-packages/airflow/example_dags/example_branch_operator.py
[2022-09-20T17:19:23.472+0530] {processor.py:640} INFO - Processing file /home/sayone/This PC/SayOne Technologies/Works/airflow_new/Airflow/venv/lib/python3.8/site-packages/airflow/example_dags/example_branch_operator.py for tasks to queue
[2022-09-20T17:19:23.473+0530] {logging_mixin.py:115} INFO - [2022-09-20T17:19:23.473+0530] {dagbag.py:508} INFO - Filling up the DagBag from /home/sayone/This PC/SayOne Technologies/Works/airflow_new/Airflow/venv/lib/python3.8/site-packages/airflow/example_dags/example_branch_operator.py
[2022-09-20T17:19:23.483+0530] {processor.py:650} INFO - DAG(s) dict_keys(['example_branch_operator']) retrieved from /home/sayone/This PC/SayOne Technologies/Works/airflow_new/Airflow/venv/lib/python3.8/site-packages/airflow/example_dags/example_branch_operator.py
[2022-09-20T17:19:23.493+0530] {logging_mixin.py:115} INFO - [2022-09-20T17:19:23.493+0530] {dag.py:2429} INFO - Sync 1 DAGs
[2022-09-20T17:19:23.505+0530] {logging_mixin.py:115} INFO - [2022-09-20T17:19:23.505+0530] {dag.py:2977} INFO - Setting next_dagrun for example_branch_operator to 2022-09-19T00:00:00+00:00, run_after=2022-09-20T00:00:00+00:00
[2022-09-20T17:19:23.515+0530] {processor.py:161} INFO - Processing /home/sayone/This PC/SayOne Technologies/Works/airflow_new/Airflow/venv/lib/python3.8/site-packages/airflow/example_dags/example_branch_operator.py took 0.049 seconds
[2022-09-20T17:20:19.450+0530] {processor.py:153} INFO - Started process (PID=29689) to work on /home/sayone/This PC/SayOne Technologies/Works/airflow_new/Airflow/venv/lib/python3.8/site-packages/airflow/example_dags/example_branch_operator.py
[2022-09-20T17:20:19.453+0530] {processor.py:640} INFO - Processing file /home/sayone/This PC/SayOne Technologies/Works/airflow_new/Airflow/venv/lib/python3.8/site-packages/airflow/example_dags/example_branch_operator.py for tasks to queue
[2022-09-20T17:20:19.454+0530] {logging_mixin.py:115} INFO - [2022-09-20T17:20:19.454+0530] {dagbag.py:508} INFO - Filling up the DagBag from /home/sayone/This PC/SayOne Technologies/Works/airflow_new/Airflow/venv/lib/python3.8/site-packages/airflow/example_dags/example_branch_operator.py
[2022-09-20T17:20:19.465+0530] {processor.py:650} INFO - DAG(s) dict_keys(['example_branch_operator']) retrieved from /home/sayone/This PC/SayOne Technologies/Works/airflow_new/Airflow/venv/lib/python3.8/site-packages/airflow/example_dags/example_branch_operator.py
[2022-09-20T17:20:19.474+0530] {logging_mixin.py:115} INFO - [2022-09-20T17:20:19.474+0530] {dag.py:2429} INFO - Sync 1 DAGs
[2022-09-20T17:20:19.487+0530] {logging_mixin.py:115} INFO - [2022-09-20T17:20:19.487+0530] {dag.py:2977} INFO - Setting next_dagrun for example_branch_operator to 2022-09-19T00:00:00+00:00, run_after=2022-09-20T00:00:00+00:00
[2022-09-20T17:20:19.496+0530] {processor.py:161} INFO - Processing /home/sayone/This PC/SayOne Technologies/Works/airflow_new/Airflow/venv/lib/python3.8/site-packages/airflow/example_dags/example_branch_operator.py took 0.050 seconds
[2022-09-20T17:20:56.709+0530] {processor.py:153} INFO - Started process (PID=29795) to work on /home/sayone/This PC/SayOne Technologies/Works/airflow_new/Airflow/venv/lib/python3.8/site-packages/airflow/example_dags/example_branch_operator.py
[2022-09-20T17:20:56.710+0530] {processor.py:640} INFO - Processing file /home/sayone/This PC/SayOne Technologies/Works/airflow_new/Airflow/venv/lib/python3.8/site-packages/airflow/example_dags/example_branch_operator.py for tasks to queue
[2022-09-20T17:20:56.711+0530] {logging_mixin.py:115} INFO - [2022-09-20T17:20:56.711+0530] {dagbag.py:508} INFO - Filling up the DagBag from /home/sayone/This PC/SayOne Technologies/Works/airflow_new/Airflow/venv/lib/python3.8/site-packages/airflow/example_dags/example_branch_operator.py
[2022-09-20T17:20:56.719+0530] {processor.py:650} INFO - DAG(s) dict_keys(['example_branch_operator']) retrieved from /home/sayone/This PC/SayOne Technologies/Works/airflow_new/Airflow/venv/lib/python3.8/site-packages/airflow/example_dags/example_branch_operator.py
[2022-09-20T17:20:56.729+0530] {logging_mixin.py:115} INFO - [2022-09-20T17:20:56.729+0530] {dag.py:2429} INFO - Sync 1 DAGs
[2022-09-20T17:20:56.740+0530] {logging_mixin.py:115} INFO - [2022-09-20T17:20:56.740+0530] {dag.py:2977} INFO - Setting next_dagrun for example_branch_operator to 2022-09-19T00:00:00+00:00, run_after=2022-09-20T00:00:00+00:00
[2022-09-20T17:20:56.749+0530] {processor.py:161} INFO - Processing /home/sayone/This PC/SayOne Technologies/Works/airflow_new/Airflow/venv/lib/python3.8/site-packages/airflow/example_dags/example_branch_operator.py took 0.045 seconds
[2022-09-20T17:21:30.974+0530] {processor.py:153} INFO - Started process (PID=29878) to work on /home/sayone/This PC/SayOne Technologies/Works/airflow_new/Airflow/venv/lib/python3.8/site-packages/airflow/example_dags/example_branch_operator.py
[2022-09-20T17:21:30.976+0530] {processor.py:640} INFO - Processing file /home/sayone/This PC/SayOne Technologies/Works/airflow_new/Airflow/venv/lib/python3.8/site-packages/airflow/example_dags/example_branch_operator.py for tasks to queue
[2022-09-20T17:21:30.977+0530] {logging_mixin.py:115} INFO - [2022-09-20T17:21:30.977+0530] {dagbag.py:508} INFO - Filling up the DagBag from /home/sayone/This PC/SayOne Technologies/Works/airflow_new/Airflow/venv/lib/python3.8/site-packages/airflow/example_dags/example_branch_operator.py
[2022-09-20T17:21:30.987+0530] {processor.py:650} INFO - DAG(s) dict_keys(['example_branch_operator']) retrieved from /home/sayone/This PC/SayOne Technologies/Works/airflow_new/Airflow/venv/lib/python3.8/site-packages/airflow/example_dags/example_branch_operator.py
[2022-09-20T17:21:31.000+0530] {logging_mixin.py:115} INFO - [2022-09-20T17:21:31.000+0530] {dag.py:2429} INFO - Sync 1 DAGs
[2022-09-20T17:21:31.013+0530] {logging_mixin.py:115} INFO - [2022-09-20T17:21:31.013+0530] {dag.py:2977} INFO - Setting next_dagrun for example_branch_operator to 2022-09-19T00:00:00+00:00, run_after=2022-09-20T00:00:00+00:00
[2022-09-20T17:21:31.022+0530] {processor.py:161} INFO - Processing /home/sayone/This PC/SayOne Technologies/Works/airflow_new/Airflow/venv/lib/python3.8/site-packages/airflow/example_dags/example_branch_operator.py took 0.052 seconds
[2022-09-20T17:22:08.803+0530] {processor.py:153} INFO - Started process (PID=30160) to work on /home/sayone/This PC/SayOne Technologies/Works/airflow_new/Airflow/venv/lib/python3.8/site-packages/airflow/example_dags/example_branch_operator.py
[2022-09-20T17:22:08.806+0530] {processor.py:640} INFO - Processing file /home/sayone/This PC/SayOne Technologies/Works/airflow_new/Airflow/venv/lib/python3.8/site-packages/airflow/example_dags/example_branch_operator.py for tasks to queue
[2022-09-20T17:22:08.806+0530] {logging_mixin.py:115} INFO - [2022-09-20T17:22:08.806+0530] {dagbag.py:508} INFO - Filling up the DagBag from /home/sayone/This PC/SayOne Technologies/Works/airflow_new/Airflow/venv/lib/python3.8/site-packages/airflow/example_dags/example_branch_operator.py
[2022-09-20T17:22:08.814+0530] {processor.py:650} INFO - DAG(s) dict_keys(['example_branch_operator']) retrieved from /home/sayone/This PC/SayOne Technologies/Works/airflow_new/Airflow/venv/lib/python3.8/site-packages/airflow/example_dags/example_branch_operator.py
[2022-09-20T17:22:08.825+0530] {logging_mixin.py:115} INFO - [2022-09-20T17:22:08.825+0530] {dag.py:2429} INFO - Sync 1 DAGs
[2022-09-20T17:22:08.839+0530] {logging_mixin.py:115} INFO - [2022-09-20T17:22:08.839+0530] {dag.py:2977} INFO - Setting next_dagrun for example_branch_operator to 2022-09-19T00:00:00+00:00, run_after=2022-09-20T00:00:00+00:00
[2022-09-20T17:22:08.849+0530] {processor.py:161} INFO - Processing /home/sayone/This PC/SayOne Technologies/Works/airflow_new/Airflow/venv/lib/python3.8/site-packages/airflow/example_dags/example_branch_operator.py took 0.048 seconds
[2022-09-20T17:22:42.488+0530] {processor.py:153} INFO - Started process (PID=30293) to work on /home/sayone/This PC/SayOne Technologies/Works/airflow_new/Airflow/venv/lib/python3.8/site-packages/airflow/example_dags/example_branch_operator.py
[2022-09-20T17:22:42.490+0530] {processor.py:640} INFO - Processing file /home/sayone/This PC/SayOne Technologies/Works/airflow_new/Airflow/venv/lib/python3.8/site-packages/airflow/example_dags/example_branch_operator.py for tasks to queue
[2022-09-20T17:22:42.491+0530] {logging_mixin.py:115} INFO - [2022-09-20T17:22:42.491+0530] {dagbag.py:508} INFO - Filling up the DagBag from /home/sayone/This PC/SayOne Technologies/Works/airflow_new/Airflow/venv/lib/python3.8/site-packages/airflow/example_dags/example_branch_operator.py
[2022-09-20T17:22:42.498+0530] {processor.py:650} INFO - DAG(s) dict_keys(['example_branch_operator']) retrieved from /home/sayone/This PC/SayOne Technologies/Works/airflow_new/Airflow/venv/lib/python3.8/site-packages/airflow/example_dags/example_branch_operator.py
[2022-09-20T17:22:42.508+0530] {logging_mixin.py:115} INFO - [2022-09-20T17:22:42.508+0530] {dag.py:2429} INFO - Sync 1 DAGs
[2022-09-20T17:22:42.519+0530] {logging_mixin.py:115} INFO - [2022-09-20T17:22:42.519+0530] {dag.py:2977} INFO - Setting next_dagrun for example_branch_operator to 2022-09-19T00:00:00+00:00, run_after=2022-09-20T00:00:00+00:00
[2022-09-20T17:22:42.530+0530] {processor.py:161} INFO - Processing /home/sayone/This PC/SayOne Technologies/Works/airflow_new/Airflow/venv/lib/python3.8/site-packages/airflow/example_dags/example_branch_operator.py took 0.044 seconds
[2022-09-20T17:23:44.833+0530] {processor.py:153} INFO - Started process (PID=30475) to work on /home/sayone/This PC/SayOne Technologies/Works/airflow_new/Airflow/venv/lib/python3.8/site-packages/airflow/example_dags/example_branch_operator.py
[2022-09-20T17:23:44.835+0530] {processor.py:640} INFO - Processing file /home/sayone/This PC/SayOne Technologies/Works/airflow_new/Airflow/venv/lib/python3.8/site-packages/airflow/example_dags/example_branch_operator.py for tasks to queue
[2022-09-20T17:23:44.836+0530] {logging_mixin.py:115} INFO - [2022-09-20T17:23:44.836+0530] {dagbag.py:508} INFO - Filling up the DagBag from /home/sayone/This PC/SayOne Technologies/Works/airflow_new/Airflow/venv/lib/python3.8/site-packages/airflow/example_dags/example_branch_operator.py
[2022-09-20T17:23:44.843+0530] {processor.py:650} INFO - DAG(s) dict_keys(['example_branch_operator']) retrieved from /home/sayone/This PC/SayOne Technologies/Works/airflow_new/Airflow/venv/lib/python3.8/site-packages/airflow/example_dags/example_branch_operator.py
[2022-09-20T17:23:44.854+0530] {logging_mixin.py:115} INFO - [2022-09-20T17:23:44.854+0530] {dag.py:2429} INFO - Sync 1 DAGs
[2022-09-20T17:23:44.869+0530] {logging_mixin.py:115} INFO - [2022-09-20T17:23:44.869+0530] {dag.py:2977} INFO - Setting next_dagrun for example_branch_operator to 2022-09-19T00:00:00+00:00, run_after=2022-09-20T00:00:00+00:00
[2022-09-20T17:23:44.880+0530] {processor.py:161} INFO - Processing /home/sayone/This PC/SayOne Technologies/Works/airflow_new/Airflow/venv/lib/python3.8/site-packages/airflow/example_dags/example_branch_operator.py took 0.048 seconds
[2022-09-20T17:24:20.829+0530] {processor.py:153} INFO - Started process (PID=30630) to work on /home/sayone/This PC/SayOne Technologies/Works/airflow_new/Airflow/venv/lib/python3.8/site-packages/airflow/example_dags/example_branch_operator.py
[2022-09-20T17:24:20.831+0530] {processor.py:640} INFO - Processing file /home/sayone/This PC/SayOne Technologies/Works/airflow_new/Airflow/venv/lib/python3.8/site-packages/airflow/example_dags/example_branch_operator.py for tasks to queue
[2022-09-20T17:24:20.832+0530] {logging_mixin.py:115} INFO - [2022-09-20T17:24:20.832+0530] {dagbag.py:508} INFO - Filling up the DagBag from /home/sayone/This PC/SayOne Technologies/Works/airflow_new/Airflow/venv/lib/python3.8/site-packages/airflow/example_dags/example_branch_operator.py
[2022-09-20T17:24:20.842+0530] {processor.py:650} INFO - DAG(s) dict_keys(['example_branch_operator']) retrieved from /home/sayone/This PC/SayOne Technologies/Works/airflow_new/Airflow/venv/lib/python3.8/site-packages/airflow/example_dags/example_branch_operator.py
[2022-09-20T17:24:20.853+0530] {logging_mixin.py:115} INFO - [2022-09-20T17:24:20.852+0530] {dag.py:2429} INFO - Sync 1 DAGs
[2022-09-20T17:24:20.865+0530] {logging_mixin.py:115} INFO - [2022-09-20T17:24:20.865+0530] {dag.py:2977} INFO - Setting next_dagrun for example_branch_operator to 2022-09-19T00:00:00+00:00, run_after=2022-09-20T00:00:00+00:00
[2022-09-20T17:24:20.875+0530] {processor.py:161} INFO - Processing /home/sayone/This PC/SayOne Technologies/Works/airflow_new/Airflow/venv/lib/python3.8/site-packages/airflow/example_dags/example_branch_operator.py took 0.049 seconds
[2022-09-20T17:24:56.768+0530] {processor.py:153} INFO - Started process (PID=30908) to work on /home/sayone/This PC/SayOne Technologies/Works/airflow_new/Airflow/venv/lib/python3.8/site-packages/airflow/example_dags/example_branch_operator.py
[2022-09-20T17:24:56.771+0530] {processor.py:640} INFO - Processing file /home/sayone/This PC/SayOne Technologies/Works/airflow_new/Airflow/venv/lib/python3.8/site-packages/airflow/example_dags/example_branch_operator.py for tasks to queue
[2022-09-20T17:24:56.771+0530] {logging_mixin.py:115} INFO - [2022-09-20T17:24:56.771+0530] {dagbag.py:508} INFO - Filling up the DagBag from /home/sayone/This PC/SayOne Technologies/Works/airflow_new/Airflow/venv/lib/python3.8/site-packages/airflow/example_dags/example_branch_operator.py
[2022-09-20T17:24:56.780+0530] {processor.py:650} INFO - DAG(s) dict_keys(['example_branch_operator']) retrieved from /home/sayone/This PC/SayOne Technologies/Works/airflow_new/Airflow/venv/lib/python3.8/site-packages/airflow/example_dags/example_branch_operator.py
[2022-09-20T17:24:56.793+0530] {logging_mixin.py:115} INFO - [2022-09-20T17:24:56.793+0530] {dag.py:2429} INFO - Sync 1 DAGs
[2022-09-20T17:24:56.811+0530] {logging_mixin.py:115} INFO - [2022-09-20T17:24:56.810+0530] {dag.py:2977} INFO - Setting next_dagrun for example_branch_operator to 2022-09-19T00:00:00+00:00, run_after=2022-09-20T00:00:00+00:00
[2022-09-20T17:24:56.824+0530] {processor.py:161} INFO - Processing /home/sayone/This PC/SayOne Technologies/Works/airflow_new/Airflow/venv/lib/python3.8/site-packages/airflow/example_dags/example_branch_operator.py took 0.058 seconds
[2022-09-20T17:25:32.800+0530] {processor.py:153} INFO - Started process (PID=31013) to work on /home/sayone/This PC/SayOne Technologies/Works/airflow_new/Airflow/venv/lib/python3.8/site-packages/airflow/example_dags/example_branch_operator.py
[2022-09-20T17:25:32.803+0530] {processor.py:640} INFO - Processing file /home/sayone/This PC/SayOne Technologies/Works/airflow_new/Airflow/venv/lib/python3.8/site-packages/airflow/example_dags/example_branch_operator.py for tasks to queue
[2022-09-20T17:25:32.803+0530] {logging_mixin.py:115} INFO - [2022-09-20T17:25:32.803+0530] {dagbag.py:508} INFO - Filling up the DagBag from /home/sayone/This PC/SayOne Technologies/Works/airflow_new/Airflow/venv/lib/python3.8/site-packages/airflow/example_dags/example_branch_operator.py
[2022-09-20T17:25:32.814+0530] {processor.py:650} INFO - DAG(s) dict_keys(['example_branch_operator']) retrieved from /home/sayone/This PC/SayOne Technologies/Works/airflow_new/Airflow/venv/lib/python3.8/site-packages/airflow/example_dags/example_branch_operator.py
[2022-09-20T17:25:32.823+0530] {logging_mixin.py:115} INFO - [2022-09-20T17:25:32.823+0530] {dag.py:2429} INFO - Sync 1 DAGs
[2022-09-20T17:25:32.834+0530] {logging_mixin.py:115} INFO - [2022-09-20T17:25:32.833+0530] {dag.py:2977} INFO - Setting next_dagrun for example_branch_operator to 2022-09-19T00:00:00+00:00, run_after=2022-09-20T00:00:00+00:00
[2022-09-20T17:25:32.841+0530] {processor.py:161} INFO - Processing /home/sayone/This PC/SayOne Technologies/Works/airflow_new/Airflow/venv/lib/python3.8/site-packages/airflow/example_dags/example_branch_operator.py took 0.043 seconds
[2022-09-20T17:26:08.809+0530] {processor.py:153} INFO - Started process (PID=31129) to work on /home/sayone/This PC/SayOne Technologies/Works/airflow_new/Airflow/venv/lib/python3.8/site-packages/airflow/example_dags/example_branch_operator.py
[2022-09-20T17:26:08.812+0530] {processor.py:640} INFO - Processing file /home/sayone/This PC/SayOne Technologies/Works/airflow_new/Airflow/venv/lib/python3.8/site-packages/airflow/example_dags/example_branch_operator.py for tasks to queue
[2022-09-20T17:26:08.813+0530] {logging_mixin.py:115} INFO - [2022-09-20T17:26:08.813+0530] {dagbag.py:508} INFO - Filling up the DagBag from /home/sayone/This PC/SayOne Technologies/Works/airflow_new/Airflow/venv/lib/python3.8/site-packages/airflow/example_dags/example_branch_operator.py
[2022-09-20T17:26:08.827+0530] {processor.py:650} INFO - DAG(s) dict_keys(['example_branch_operator']) retrieved from /home/sayone/This PC/SayOne Technologies/Works/airflow_new/Airflow/venv/lib/python3.8/site-packages/airflow/example_dags/example_branch_operator.py
[2022-09-20T17:26:08.836+0530] {logging_mixin.py:115} INFO - [2022-09-20T17:26:08.836+0530] {dag.py:2429} INFO - Sync 1 DAGs
[2022-09-20T17:26:08.846+0530] {logging_mixin.py:115} INFO - [2022-09-20T17:26:08.846+0530] {dag.py:2977} INFO - Setting next_dagrun for example_branch_operator to 2022-09-19T00:00:00+00:00, run_after=2022-09-20T00:00:00+00:00
[2022-09-20T17:26:08.858+0530] {processor.py:161} INFO - Processing /home/sayone/This PC/SayOne Technologies/Works/airflow_new/Airflow/venv/lib/python3.8/site-packages/airflow/example_dags/example_branch_operator.py took 0.052 seconds
[2022-09-20T17:26:44.800+0530] {processor.py:153} INFO - Started process (PID=31215) to work on /home/sayone/This PC/SayOne Technologies/Works/airflow_new/Airflow/venv/lib/python3.8/site-packages/airflow/example_dags/example_branch_operator.py
[2022-09-20T17:26:44.803+0530] {processor.py:640} INFO - Processing file /home/sayone/This PC/SayOne Technologies/Works/airflow_new/Airflow/venv/lib/python3.8/site-packages/airflow/example_dags/example_branch_operator.py for tasks to queue
[2022-09-20T17:26:44.803+0530] {logging_mixin.py:115} INFO - [2022-09-20T17:26:44.803+0530] {dagbag.py:508} INFO - Filling up the DagBag from /home/sayone/This PC/SayOne Technologies/Works/airflow_new/Airflow/venv/lib/python3.8/site-packages/airflow/example_dags/example_branch_operator.py
[2022-09-20T17:26:44.814+0530] {processor.py:650} INFO - DAG(s) dict_keys(['example_branch_operator']) retrieved from /home/sayone/This PC/SayOne Technologies/Works/airflow_new/Airflow/venv/lib/python3.8/site-packages/airflow/example_dags/example_branch_operator.py
[2022-09-20T17:26:44.824+0530] {logging_mixin.py:115} INFO - [2022-09-20T17:26:44.824+0530] {dag.py:2429} INFO - Sync 1 DAGs
[2022-09-20T17:26:44.834+0530] {logging_mixin.py:115} INFO - [2022-09-20T17:26:44.834+0530] {dag.py:2977} INFO - Setting next_dagrun for example_branch_operator to 2022-09-19T00:00:00+00:00, run_after=2022-09-20T00:00:00+00:00
[2022-09-20T17:26:44.843+0530] {processor.py:161} INFO - Processing /home/sayone/This PC/SayOne Technologies/Works/airflow_new/Airflow/venv/lib/python3.8/site-packages/airflow/example_dags/example_branch_operator.py took 0.046 seconds
[2022-09-20T17:27:21.319+0530] {processor.py:153} INFO - Started process (PID=31509) to work on /home/sayone/This PC/SayOne Technologies/Works/airflow_new/Airflow/venv/lib/python3.8/site-packages/airflow/example_dags/example_branch_operator.py
[2022-09-20T17:27:21.323+0530] {processor.py:640} INFO - Processing file /home/sayone/This PC/SayOne Technologies/Works/airflow_new/Airflow/venv/lib/python3.8/site-packages/airflow/example_dags/example_branch_operator.py for tasks to queue
[2022-09-20T17:27:21.323+0530] {logging_mixin.py:115} INFO - [2022-09-20T17:27:21.323+0530] {dagbag.py:508} INFO - Filling up the DagBag from /home/sayone/This PC/SayOne Technologies/Works/airflow_new/Airflow/venv/lib/python3.8/site-packages/airflow/example_dags/example_branch_operator.py
[2022-09-20T17:27:21.337+0530] {processor.py:650} INFO - DAG(s) dict_keys(['example_branch_operator']) retrieved from /home/sayone/This PC/SayOne Technologies/Works/airflow_new/Airflow/venv/lib/python3.8/site-packages/airflow/example_dags/example_branch_operator.py
[2022-09-20T17:27:21.346+0530] {logging_mixin.py:115} INFO - [2022-09-20T17:27:21.346+0530] {dag.py:2429} INFO - Sync 1 DAGs
[2022-09-20T17:27:21.356+0530] {logging_mixin.py:115} INFO - [2022-09-20T17:27:21.356+0530] {dag.py:2977} INFO - Setting next_dagrun for example_branch_operator to 2022-09-19T00:00:00+00:00, run_after=2022-09-20T00:00:00+00:00
[2022-09-20T17:27:21.365+0530] {processor.py:161} INFO - Processing /home/sayone/This PC/SayOne Technologies/Works/airflow_new/Airflow/venv/lib/python3.8/site-packages/airflow/example_dags/example_branch_operator.py took 0.047 seconds
[2022-09-20T17:27:57.761+0530] {processor.py:153} INFO - Started process (PID=31643) to work on /home/sayone/This PC/SayOne Technologies/Works/airflow_new/Airflow/venv/lib/python3.8/site-packages/airflow/example_dags/example_branch_operator.py
[2022-09-20T17:27:57.764+0530] {processor.py:640} INFO - Processing file /home/sayone/This PC/SayOne Technologies/Works/airflow_new/Airflow/venv/lib/python3.8/site-packages/airflow/example_dags/example_branch_operator.py for tasks to queue
[2022-09-20T17:27:57.764+0530] {logging_mixin.py:115} INFO - [2022-09-20T17:27:57.764+0530] {dagbag.py:508} INFO - Filling up the DagBag from /home/sayone/This PC/SayOne Technologies/Works/airflow_new/Airflow/venv/lib/python3.8/site-packages/airflow/example_dags/example_branch_operator.py
[2022-09-20T17:27:57.775+0530] {processor.py:650} INFO - DAG(s) dict_keys(['example_branch_operator']) retrieved from /home/sayone/This PC/SayOne Technologies/Works/airflow_new/Airflow/venv/lib/python3.8/site-packages/airflow/example_dags/example_branch_operator.py
[2022-09-20T17:27:57.785+0530] {logging_mixin.py:115} INFO - [2022-09-20T17:27:57.784+0530] {dag.py:2429} INFO - Sync 1 DAGs
[2022-09-20T17:27:57.795+0530] {logging_mixin.py:115} INFO - [2022-09-20T17:27:57.795+0530] {dag.py:2977} INFO - Setting next_dagrun for example_branch_operator to 2022-09-19T00:00:00+00:00, run_after=2022-09-20T00:00:00+00:00
[2022-09-20T17:27:57.804+0530] {processor.py:161} INFO - Processing /home/sayone/This PC/SayOne Technologies/Works/airflow_new/Airflow/venv/lib/python3.8/site-packages/airflow/example_dags/example_branch_operator.py took 0.046 seconds
[2022-09-20T17:28:33.336+0530] {processor.py:153} INFO - Started process (PID=31720) to work on /home/sayone/This PC/SayOne Technologies/Works/airflow_new/Airflow/venv/lib/python3.8/site-packages/airflow/example_dags/example_branch_operator.py
[2022-09-20T17:28:33.338+0530] {processor.py:640} INFO - Processing file /home/sayone/This PC/SayOne Technologies/Works/airflow_new/Airflow/venv/lib/python3.8/site-packages/airflow/example_dags/example_branch_operator.py for tasks to queue
[2022-09-20T17:28:33.338+0530] {logging_mixin.py:115} INFO - [2022-09-20T17:28:33.338+0530] {dagbag.py:508} INFO - Filling up the DagBag from /home/sayone/This PC/SayOne Technologies/Works/airflow_new/Airflow/venv/lib/python3.8/site-packages/airflow/example_dags/example_branch_operator.py
[2022-09-20T17:28:33.349+0530] {processor.py:650} INFO - DAG(s) dict_keys(['example_branch_operator']) retrieved from /home/sayone/This PC/SayOne Technologies/Works/airflow_new/Airflow/venv/lib/python3.8/site-packages/airflow/example_dags/example_branch_operator.py
[2022-09-20T17:28:33.358+0530] {logging_mixin.py:115} INFO - [2022-09-20T17:28:33.358+0530] {dag.py:2429} INFO - Sync 1 DAGs
[2022-09-20T17:28:33.369+0530] {logging_mixin.py:115} INFO - [2022-09-20T17:28:33.368+0530] {dag.py:2977} INFO - Setting next_dagrun for example_branch_operator to 2022-09-19T00:00:00+00:00, run_after=2022-09-20T00:00:00+00:00
[2022-09-20T17:28:33.379+0530] {processor.py:161} INFO - Processing /home/sayone/This PC/SayOne Technologies/Works/airflow_new/Airflow/venv/lib/python3.8/site-packages/airflow/example_dags/example_branch_operator.py took 0.047 seconds
[2022-09-20T17:29:11.329+0530] {processor.py:153} INFO - Started process (PID=31845) to work on /home/sayone/This PC/SayOne Technologies/Works/airflow_new/Airflow/venv/lib/python3.8/site-packages/airflow/example_dags/example_branch_operator.py
[2022-09-20T17:29:11.329+0530] {processor.py:640} INFO - Processing file /home/sayone/This PC/SayOne Technologies/Works/airflow_new/Airflow/venv/lib/python3.8/site-packages/airflow/example_dags/example_branch_operator.py for tasks to queue
[2022-09-20T17:29:11.330+0530] {logging_mixin.py:115} INFO - [2022-09-20T17:29:11.330+0530] {dagbag.py:508} INFO - Filling up the DagBag from /home/sayone/This PC/SayOne Technologies/Works/airflow_new/Airflow/venv/lib/python3.8/site-packages/airflow/example_dags/example_branch_operator.py
[2022-09-20T17:29:11.341+0530] {processor.py:650} INFO - DAG(s) dict_keys(['example_branch_operator']) retrieved from /home/sayone/This PC/SayOne Technologies/Works/airflow_new/Airflow/venv/lib/python3.8/site-packages/airflow/example_dags/example_branch_operator.py
[2022-09-20T17:29:11.351+0530] {logging_mixin.py:115} INFO - [2022-09-20T17:29:11.351+0530] {dag.py:2429} INFO - Sync 1 DAGs
[2022-09-20T17:29:11.361+0530] {logging_mixin.py:115} INFO - [2022-09-20T17:29:11.361+0530] {dag.py:2977} INFO - Setting next_dagrun for example_branch_operator to 2022-09-19T00:00:00+00:00, run_after=2022-09-20T00:00:00+00:00
[2022-09-20T17:29:11.371+0530] {processor.py:161} INFO - Processing /home/sayone/This PC/SayOne Technologies/Works/airflow_new/Airflow/venv/lib/python3.8/site-packages/airflow/example_dags/example_branch_operator.py took 0.045 seconds
[2022-09-20T17:29:45.638+0530] {processor.py:153} INFO - Started process (PID=32013) to work on /home/sayone/This PC/SayOne Technologies/Works/airflow_new/Airflow/venv/lib/python3.8/site-packages/airflow/example_dags/example_branch_operator.py
[2022-09-20T17:29:45.641+0530] {processor.py:640} INFO - Processing file /home/sayone/This PC/SayOne Technologies/Works/airflow_new/Airflow/venv/lib/python3.8/site-packages/airflow/example_dags/example_branch_operator.py for tasks to queue
[2022-09-20T17:29:45.642+0530] {logging_mixin.py:115} INFO - [2022-09-20T17:29:45.642+0530] {dagbag.py:508} INFO - Filling up the DagBag from /home/sayone/This PC/SayOne Technologies/Works/airflow_new/Airflow/venv/lib/python3.8/site-packages/airflow/example_dags/example_branch_operator.py
[2022-09-20T17:29:45.656+0530] {processor.py:650} INFO - DAG(s) dict_keys(['example_branch_operator']) retrieved from /home/sayone/This PC/SayOne Technologies/Works/airflow_new/Airflow/venv/lib/python3.8/site-packages/airflow/example_dags/example_branch_operator.py
[2022-09-20T17:29:45.665+0530] {logging_mixin.py:115} INFO - [2022-09-20T17:29:45.665+0530] {dag.py:2429} INFO - Sync 1 DAGs
[2022-09-20T17:29:45.675+0530] {logging_mixin.py:115} INFO - [2022-09-20T17:29:45.675+0530] {dag.py:2977} INFO - Setting next_dagrun for example_branch_operator to 2022-09-19T00:00:00+00:00, run_after=2022-09-20T00:00:00+00:00
[2022-09-20T17:29:45.684+0530] {processor.py:161} INFO - Processing /home/sayone/This PC/SayOne Technologies/Works/airflow_new/Airflow/venv/lib/python3.8/site-packages/airflow/example_dags/example_branch_operator.py took 0.047 seconds
[2022-09-20T17:30:22.458+0530] {processor.py:153} INFO - Started process (PID=32108) to work on /home/sayone/This PC/SayOne Technologies/Works/airflow_new/Airflow/venv/lib/python3.8/site-packages/airflow/example_dags/example_branch_operator.py
[2022-09-20T17:30:22.461+0530] {processor.py:640} INFO - Processing file /home/sayone/This PC/SayOne Technologies/Works/airflow_new/Airflow/venv/lib/python3.8/site-packages/airflow/example_dags/example_branch_operator.py for tasks to queue
[2022-09-20T17:30:22.462+0530] {logging_mixin.py:115} INFO - [2022-09-20T17:30:22.461+0530] {dagbag.py:508} INFO - Filling up the DagBag from /home/sayone/This PC/SayOne Technologies/Works/airflow_new/Airflow/venv/lib/python3.8/site-packages/airflow/example_dags/example_branch_operator.py
[2022-09-20T17:30:22.474+0530] {processor.py:650} INFO - DAG(s) dict_keys(['example_branch_operator']) retrieved from /home/sayone/This PC/SayOne Technologies/Works/airflow_new/Airflow/venv/lib/python3.8/site-packages/airflow/example_dags/example_branch_operator.py
[2022-09-20T17:30:22.484+0530] {logging_mixin.py:115} INFO - [2022-09-20T17:30:22.484+0530] {dag.py:2429} INFO - Sync 1 DAGs
[2022-09-20T17:30:22.494+0530] {logging_mixin.py:115} INFO - [2022-09-20T17:30:22.494+0530] {dag.py:2977} INFO - Setting next_dagrun for example_branch_operator to 2022-09-19T00:00:00+00:00, run_after=2022-09-20T00:00:00+00:00
[2022-09-20T17:30:22.504+0530] {processor.py:161} INFO - Processing /home/sayone/This PC/SayOne Technologies/Works/airflow_new/Airflow/venv/lib/python3.8/site-packages/airflow/example_dags/example_branch_operator.py took 0.050 seconds
[2022-09-20T17:30:58.742+0530] {processor.py:153} INFO - Started process (PID=32225) to work on /home/sayone/This PC/SayOne Technologies/Works/airflow_new/Airflow/venv/lib/python3.8/site-packages/airflow/example_dags/example_branch_operator.py
[2022-09-20T17:30:58.745+0530] {processor.py:640} INFO - Processing file /home/sayone/This PC/SayOne Technologies/Works/airflow_new/Airflow/venv/lib/python3.8/site-packages/airflow/example_dags/example_branch_operator.py for tasks to queue
[2022-09-20T17:30:58.746+0530] {logging_mixin.py:115} INFO - [2022-09-20T17:30:58.746+0530] {dagbag.py:508} INFO - Filling up the DagBag from /home/sayone/This PC/SayOne Technologies/Works/airflow_new/Airflow/venv/lib/python3.8/site-packages/airflow/example_dags/example_branch_operator.py
[2022-09-20T17:30:58.755+0530] {processor.py:650} INFO - DAG(s) dict_keys(['example_branch_operator']) retrieved from /home/sayone/This PC/SayOne Technologies/Works/airflow_new/Airflow/venv/lib/python3.8/site-packages/airflow/example_dags/example_branch_operator.py
[2022-09-20T17:30:58.764+0530] {logging_mixin.py:115} INFO - [2022-09-20T17:30:58.764+0530] {dag.py:2429} INFO - Sync 1 DAGs
[2022-09-20T17:30:58.774+0530] {logging_mixin.py:115} INFO - [2022-09-20T17:30:58.774+0530] {dag.py:2977} INFO - Setting next_dagrun for example_branch_operator to 2022-09-19T00:00:00+00:00, run_after=2022-09-20T00:00:00+00:00
[2022-09-20T17:30:58.784+0530] {processor.py:161} INFO - Processing /home/sayone/This PC/SayOne Technologies/Works/airflow_new/Airflow/venv/lib/python3.8/site-packages/airflow/example_dags/example_branch_operator.py took 0.043 seconds
[2022-09-20T17:31:35.366+0530] {processor.py:153} INFO - Started process (PID=32306) to work on /home/sayone/This PC/SayOne Technologies/Works/airflow_new/Airflow/venv/lib/python3.8/site-packages/airflow/example_dags/example_branch_operator.py
[2022-09-20T17:31:35.370+0530] {processor.py:640} INFO - Processing file /home/sayone/This PC/SayOne Technologies/Works/airflow_new/Airflow/venv/lib/python3.8/site-packages/airflow/example_dags/example_branch_operator.py for tasks to queue
[2022-09-20T17:31:35.371+0530] {logging_mixin.py:115} INFO - [2022-09-20T17:31:35.370+0530] {dagbag.py:508} INFO - Filling up the DagBag from /home/sayone/This PC/SayOne Technologies/Works/airflow_new/Airflow/venv/lib/python3.8/site-packages/airflow/example_dags/example_branch_operator.py
[2022-09-20T17:31:35.384+0530] {processor.py:650} INFO - DAG(s) dict_keys(['example_branch_operator']) retrieved from /home/sayone/This PC/SayOne Technologies/Works/airflow_new/Airflow/venv/lib/python3.8/site-packages/airflow/example_dags/example_branch_operator.py
[2022-09-20T17:31:35.393+0530] {logging_mixin.py:115} INFO - [2022-09-20T17:31:35.393+0530] {dag.py:2429} INFO - Sync 1 DAGs
[2022-09-20T17:31:35.406+0530] {logging_mixin.py:115} INFO - [2022-09-20T17:31:35.406+0530] {dag.py:2977} INFO - Setting next_dagrun for example_branch_operator to 2022-09-19T00:00:00+00:00, run_after=2022-09-20T00:00:00+00:00
[2022-09-20T17:31:35.415+0530] {processor.py:161} INFO - Processing /home/sayone/This PC/SayOne Technologies/Works/airflow_new/Airflow/venv/lib/python3.8/site-packages/airflow/example_dags/example_branch_operator.py took 0.051 seconds
[2022-09-20T17:32:10.968+0530] {processor.py:153} INFO - Started process (PID=32501) to work on /home/sayone/This PC/SayOne Technologies/Works/airflow_new/Airflow/venv/lib/python3.8/site-packages/airflow/example_dags/example_branch_operator.py
[2022-09-20T17:32:10.971+0530] {processor.py:640} INFO - Processing file /home/sayone/This PC/SayOne Technologies/Works/airflow_new/Airflow/venv/lib/python3.8/site-packages/airflow/example_dags/example_branch_operator.py for tasks to queue
[2022-09-20T17:32:10.971+0530] {logging_mixin.py:115} INFO - [2022-09-20T17:32:10.971+0530] {dagbag.py:508} INFO - Filling up the DagBag from /home/sayone/This PC/SayOne Technologies/Works/airflow_new/Airflow/venv/lib/python3.8/site-packages/airflow/example_dags/example_branch_operator.py
[2022-09-20T17:32:10.984+0530] {processor.py:650} INFO - DAG(s) dict_keys(['example_branch_operator']) retrieved from /home/sayone/This PC/SayOne Technologies/Works/airflow_new/Airflow/venv/lib/python3.8/site-packages/airflow/example_dags/example_branch_operator.py
[2022-09-20T17:32:10.994+0530] {logging_mixin.py:115} INFO - [2022-09-20T17:32:10.994+0530] {dag.py:2429} INFO - Sync 1 DAGs
[2022-09-20T17:32:11.004+0530] {logging_mixin.py:115} INFO - [2022-09-20T17:32:11.004+0530] {dag.py:2977} INFO - Setting next_dagrun for example_branch_operator to 2022-09-19T00:00:00+00:00, run_after=2022-09-20T00:00:00+00:00
[2022-09-20T17:32:11.014+0530] {processor.py:161} INFO - Processing /home/sayone/This PC/SayOne Technologies/Works/airflow_new/Airflow/venv/lib/python3.8/site-packages/airflow/example_dags/example_branch_operator.py took 0.049 seconds
[2022-09-20T17:32:46.531+0530] {processor.py:153} INFO - Started process (PID=32620) to work on /home/sayone/This PC/SayOne Technologies/Works/airflow_new/Airflow/venv/lib/python3.8/site-packages/airflow/example_dags/example_branch_operator.py
[2022-09-20T17:32:46.534+0530] {processor.py:640} INFO - Processing file /home/sayone/This PC/SayOne Technologies/Works/airflow_new/Airflow/venv/lib/python3.8/site-packages/airflow/example_dags/example_branch_operator.py for tasks to queue
[2022-09-20T17:32:46.535+0530] {logging_mixin.py:115} INFO - [2022-09-20T17:32:46.535+0530] {dagbag.py:508} INFO - Filling up the DagBag from /home/sayone/This PC/SayOne Technologies/Works/airflow_new/Airflow/venv/lib/python3.8/site-packages/airflow/example_dags/example_branch_operator.py
[2022-09-20T17:32:46.549+0530] {processor.py:650} INFO - DAG(s) dict_keys(['example_branch_operator']) retrieved from /home/sayone/This PC/SayOne Technologies/Works/airflow_new/Airflow/venv/lib/python3.8/site-packages/airflow/example_dags/example_branch_operator.py
[2022-09-20T17:32:46.558+0530] {logging_mixin.py:115} INFO - [2022-09-20T17:32:46.558+0530] {dag.py:2429} INFO - Sync 1 DAGs
[2022-09-20T17:32:46.568+0530] {logging_mixin.py:115} INFO - [2022-09-20T17:32:46.568+0530] {dag.py:2977} INFO - Setting next_dagrun for example_branch_operator to 2022-09-19T00:00:00+00:00, run_after=2022-09-20T00:00:00+00:00
[2022-09-20T17:32:46.578+0530] {processor.py:161} INFO - Processing /home/sayone/This PC/SayOne Technologies/Works/airflow_new/Airflow/venv/lib/python3.8/site-packages/airflow/example_dags/example_branch_operator.py took 0.050 seconds
[2022-09-20T17:33:21.615+0530] {processor.py:153} INFO - Started process (PID=32720) to work on /home/sayone/This PC/SayOne Technologies/Works/airflow_new/Airflow/venv/lib/python3.8/site-packages/airflow/example_dags/example_branch_operator.py
[2022-09-20T17:33:21.618+0530] {processor.py:640} INFO - Processing file /home/sayone/This PC/SayOne Technologies/Works/airflow_new/Airflow/venv/lib/python3.8/site-packages/airflow/example_dags/example_branch_operator.py for tasks to queue
[2022-09-20T17:33:21.619+0530] {logging_mixin.py:115} INFO - [2022-09-20T17:33:21.619+0530] {dagbag.py:508} INFO - Filling up the DagBag from /home/sayone/This PC/SayOne Technologies/Works/airflow_new/Airflow/venv/lib/python3.8/site-packages/airflow/example_dags/example_branch_operator.py
[2022-09-20T17:33:21.628+0530] {processor.py:650} INFO - DAG(s) dict_keys(['example_branch_operator']) retrieved from /home/sayone/This PC/SayOne Technologies/Works/airflow_new/Airflow/venv/lib/python3.8/site-packages/airflow/example_dags/example_branch_operator.py
[2022-09-20T17:33:21.636+0530] {logging_mixin.py:115} INFO - [2022-09-20T17:33:21.636+0530] {dag.py:2429} INFO - Sync 1 DAGs
[2022-09-20T17:33:21.647+0530] {logging_mixin.py:115} INFO - [2022-09-20T17:33:21.647+0530] {dag.py:2977} INFO - Setting next_dagrun for example_branch_operator to 2022-09-19T00:00:00+00:00, run_after=2022-09-20T00:00:00+00:00
[2022-09-20T17:33:21.656+0530] {processor.py:161} INFO - Processing /home/sayone/This PC/SayOne Technologies/Works/airflow_new/Airflow/venv/lib/python3.8/site-packages/airflow/example_dags/example_branch_operator.py took 0.042 seconds
[2022-09-20T17:33:58.571+0530] {processor.py:153} INFO - Started process (PID=32820) to work on /home/sayone/This PC/SayOne Technologies/Works/airflow_new/Airflow/venv/lib/python3.8/site-packages/airflow/example_dags/example_branch_operator.py
[2022-09-20T17:33:58.573+0530] {processor.py:640} INFO - Processing file /home/sayone/This PC/SayOne Technologies/Works/airflow_new/Airflow/venv/lib/python3.8/site-packages/airflow/example_dags/example_branch_operator.py for tasks to queue
[2022-09-20T17:33:58.574+0530] {logging_mixin.py:115} INFO - [2022-09-20T17:33:58.574+0530] {dagbag.py:508} INFO - Filling up the DagBag from /home/sayone/This PC/SayOne Technologies/Works/airflow_new/Airflow/venv/lib/python3.8/site-packages/airflow/example_dags/example_branch_operator.py
[2022-09-20T17:33:58.588+0530] {processor.py:650} INFO - DAG(s) dict_keys(['example_branch_operator']) retrieved from /home/sayone/This PC/SayOne Technologies/Works/airflow_new/Airflow/venv/lib/python3.8/site-packages/airflow/example_dags/example_branch_operator.py
[2022-09-20T17:33:58.597+0530] {logging_mixin.py:115} INFO - [2022-09-20T17:33:58.597+0530] {dag.py:2429} INFO - Sync 1 DAGs
[2022-09-20T17:33:58.609+0530] {logging_mixin.py:115} INFO - [2022-09-20T17:33:58.609+0530] {dag.py:2977} INFO - Setting next_dagrun for example_branch_operator to 2022-09-19T00:00:00+00:00, run_after=2022-09-20T00:00:00+00:00
[2022-09-20T17:33:58.618+0530] {processor.py:161} INFO - Processing /home/sayone/This PC/SayOne Technologies/Works/airflow_new/Airflow/venv/lib/python3.8/site-packages/airflow/example_dags/example_branch_operator.py took 0.050 seconds
[2022-09-20T17:34:35.251+0530] {processor.py:153} INFO - Started process (PID=33035) to work on /home/sayone/This PC/SayOne Technologies/Works/airflow_new/Airflow/venv/lib/python3.8/site-packages/airflow/example_dags/example_branch_operator.py
[2022-09-20T17:34:35.254+0530] {processor.py:640} INFO - Processing file /home/sayone/This PC/SayOne Technologies/Works/airflow_new/Airflow/venv/lib/python3.8/site-packages/airflow/example_dags/example_branch_operator.py for tasks to queue
[2022-09-20T17:34:35.255+0530] {logging_mixin.py:115} INFO - [2022-09-20T17:34:35.254+0530] {dagbag.py:508} INFO - Filling up the DagBag from /home/sayone/This PC/SayOne Technologies/Works/airflow_new/Airflow/venv/lib/python3.8/site-packages/airflow/example_dags/example_branch_operator.py
[2022-09-20T17:34:35.267+0530] {processor.py:650} INFO - DAG(s) dict_keys(['example_branch_operator']) retrieved from /home/sayone/This PC/SayOne Technologies/Works/airflow_new/Airflow/venv/lib/python3.8/site-packages/airflow/example_dags/example_branch_operator.py
[2022-09-20T17:34:35.276+0530] {logging_mixin.py:115} INFO - [2022-09-20T17:34:35.276+0530] {dag.py:2429} INFO - Sync 1 DAGs
[2022-09-20T17:34:35.287+0530] {logging_mixin.py:115} INFO - [2022-09-20T17:34:35.287+0530] {dag.py:2977} INFO - Setting next_dagrun for example_branch_operator to 2022-09-19T00:00:00+00:00, run_after=2022-09-20T00:00:00+00:00
[2022-09-20T17:34:35.295+0530] {processor.py:161} INFO - Processing /home/sayone/This PC/SayOne Technologies/Works/airflow_new/Airflow/venv/lib/python3.8/site-packages/airflow/example_dags/example_branch_operator.py took 0.048 seconds
[2022-09-20T17:35:11.314+0530] {processor.py:153} INFO - Started process (PID=33154) to work on /home/sayone/This PC/SayOne Technologies/Works/airflow_new/Airflow/venv/lib/python3.8/site-packages/airflow/example_dags/example_branch_operator.py
[2022-09-20T17:35:11.315+0530] {processor.py:640} INFO - Processing file /home/sayone/This PC/SayOne Technologies/Works/airflow_new/Airflow/venv/lib/python3.8/site-packages/airflow/example_dags/example_branch_operator.py for tasks to queue
[2022-09-20T17:35:11.316+0530] {logging_mixin.py:115} INFO - [2022-09-20T17:35:11.316+0530] {dagbag.py:508} INFO - Filling up the DagBag from /home/sayone/This PC/SayOne Technologies/Works/airflow_new/Airflow/venv/lib/python3.8/site-packages/airflow/example_dags/example_branch_operator.py
[2022-09-20T17:35:11.328+0530] {processor.py:650} INFO - DAG(s) dict_keys(['example_branch_operator']) retrieved from /home/sayone/This PC/SayOne Technologies/Works/airflow_new/Airflow/venv/lib/python3.8/site-packages/airflow/example_dags/example_branch_operator.py
[2022-09-20T17:35:11.337+0530] {logging_mixin.py:115} INFO - [2022-09-20T17:35:11.337+0530] {dag.py:2429} INFO - Sync 1 DAGs
[2022-09-20T17:35:11.348+0530] {logging_mixin.py:115} INFO - [2022-09-20T17:35:11.348+0530] {dag.py:2977} INFO - Setting next_dagrun for example_branch_operator to 2022-09-19T00:00:00+00:00, run_after=2022-09-20T00:00:00+00:00
[2022-09-20T17:35:11.357+0530] {processor.py:161} INFO - Processing /home/sayone/This PC/SayOne Technologies/Works/airflow_new/Airflow/venv/lib/python3.8/site-packages/airflow/example_dags/example_branch_operator.py took 0.047 seconds
[2022-09-20T17:35:46.590+0530] {processor.py:153} INFO - Started process (PID=33221) to work on /home/sayone/This PC/SayOne Technologies/Works/airflow_new/Airflow/venv/lib/python3.8/site-packages/airflow/example_dags/example_branch_operator.py
[2022-09-20T17:35:46.593+0530] {processor.py:640} INFO - Processing file /home/sayone/This PC/SayOne Technologies/Works/airflow_new/Airflow/venv/lib/python3.8/site-packages/airflow/example_dags/example_branch_operator.py for tasks to queue
[2022-09-20T17:35:46.594+0530] {logging_mixin.py:115} INFO - [2022-09-20T17:35:46.594+0530] {dagbag.py:508} INFO - Filling up the DagBag from /home/sayone/This PC/SayOne Technologies/Works/airflow_new/Airflow/venv/lib/python3.8/site-packages/airflow/example_dags/example_branch_operator.py
[2022-09-20T17:35:46.607+0530] {processor.py:650} INFO - DAG(s) dict_keys(['example_branch_operator']) retrieved from /home/sayone/This PC/SayOne Technologies/Works/airflow_new/Airflow/venv/lib/python3.8/site-packages/airflow/example_dags/example_branch_operator.py
[2022-09-20T17:35:46.616+0530] {logging_mixin.py:115} INFO - [2022-09-20T17:35:46.616+0530] {dag.py:2429} INFO - Sync 1 DAGs
[2022-09-20T17:35:46.627+0530] {logging_mixin.py:115} INFO - [2022-09-20T17:35:46.627+0530] {dag.py:2977} INFO - Setting next_dagrun for example_branch_operator to 2022-09-19T00:00:00+00:00, run_after=2022-09-20T00:00:00+00:00
[2022-09-20T17:35:46.636+0530] {processor.py:161} INFO - Processing /home/sayone/This PC/SayOne Technologies/Works/airflow_new/Airflow/venv/lib/python3.8/site-packages/airflow/example_dags/example_branch_operator.py took 0.051 seconds
[2022-09-20T17:36:24.758+0530] {processor.py:153} INFO - Started process (PID=33380) to work on /home/sayone/This PC/SayOne Technologies/Works/airflow_new/Airflow/venv/lib/python3.8/site-packages/airflow/example_dags/example_branch_operator.py
[2022-09-20T17:36:24.760+0530] {processor.py:640} INFO - Processing file /home/sayone/This PC/SayOne Technologies/Works/airflow_new/Airflow/venv/lib/python3.8/site-packages/airflow/example_dags/example_branch_operator.py for tasks to queue
[2022-09-20T17:36:24.760+0530] {logging_mixin.py:115} INFO - [2022-09-20T17:36:24.760+0530] {dagbag.py:508} INFO - Filling up the DagBag from /home/sayone/This PC/SayOne Technologies/Works/airflow_new/Airflow/venv/lib/python3.8/site-packages/airflow/example_dags/example_branch_operator.py
[2022-09-20T17:36:24.771+0530] {processor.py:650} INFO - DAG(s) dict_keys(['example_branch_operator']) retrieved from /home/sayone/This PC/SayOne Technologies/Works/airflow_new/Airflow/venv/lib/python3.8/site-packages/airflow/example_dags/example_branch_operator.py
[2022-09-20T17:36:24.780+0530] {logging_mixin.py:115} INFO - [2022-09-20T17:36:24.780+0530] {dag.py:2429} INFO - Sync 1 DAGs
[2022-09-20T17:36:24.792+0530] {logging_mixin.py:115} INFO - [2022-09-20T17:36:24.792+0530] {dag.py:2977} INFO - Setting next_dagrun for example_branch_operator to 2022-09-19T00:00:00+00:00, run_after=2022-09-20T00:00:00+00:00
[2022-09-20T17:36:24.800+0530] {processor.py:161} INFO - Processing /home/sayone/This PC/SayOne Technologies/Works/airflow_new/Airflow/venv/lib/python3.8/site-packages/airflow/example_dags/example_branch_operator.py took 0.046 seconds
[2022-09-20T17:36:59.358+0530] {processor.py:153} INFO - Started process (PID=33527) to work on /home/sayone/This PC/SayOne Technologies/Works/airflow_new/Airflow/venv/lib/python3.8/site-packages/airflow/example_dags/example_branch_operator.py
[2022-09-20T17:36:59.359+0530] {processor.py:640} INFO - Processing file /home/sayone/This PC/SayOne Technologies/Works/airflow_new/Airflow/venv/lib/python3.8/site-packages/airflow/example_dags/example_branch_operator.py for tasks to queue
[2022-09-20T17:36:59.360+0530] {logging_mixin.py:115} INFO - [2022-09-20T17:36:59.359+0530] {dagbag.py:508} INFO - Filling up the DagBag from /home/sayone/This PC/SayOne Technologies/Works/airflow_new/Airflow/venv/lib/python3.8/site-packages/airflow/example_dags/example_branch_operator.py
[2022-09-20T17:36:59.371+0530] {processor.py:650} INFO - DAG(s) dict_keys(['example_branch_operator']) retrieved from /home/sayone/This PC/SayOne Technologies/Works/airflow_new/Airflow/venv/lib/python3.8/site-packages/airflow/example_dags/example_branch_operator.py
[2022-09-20T17:36:59.386+0530] {logging_mixin.py:115} INFO - [2022-09-20T17:36:59.386+0530] {dag.py:2429} INFO - Sync 1 DAGs
[2022-09-20T17:36:59.404+0530] {logging_mixin.py:115} INFO - [2022-09-20T17:36:59.404+0530] {dag.py:2977} INFO - Setting next_dagrun for example_branch_operator to 2022-09-19T00:00:00+00:00, run_after=2022-09-20T00:00:00+00:00
[2022-09-20T17:36:59.417+0530] {processor.py:161} INFO - Processing /home/sayone/This PC/SayOne Technologies/Works/airflow_new/Airflow/venv/lib/python3.8/site-packages/airflow/example_dags/example_branch_operator.py took 0.061 seconds
[2022-09-20T17:37:37.673+0530] {processor.py:153} INFO - Started process (PID=33707) to work on /home/sayone/This PC/SayOne Technologies/Works/airflow_new/Airflow/venv/lib/python3.8/site-packages/airflow/example_dags/example_branch_operator.py
[2022-09-20T17:37:37.676+0530] {processor.py:640} INFO - Processing file /home/sayone/This PC/SayOne Technologies/Works/airflow_new/Airflow/venv/lib/python3.8/site-packages/airflow/example_dags/example_branch_operator.py for tasks to queue
[2022-09-20T17:37:37.677+0530] {logging_mixin.py:115} INFO - [2022-09-20T17:37:37.677+0530] {dagbag.py:508} INFO - Filling up the DagBag from /home/sayone/This PC/SayOne Technologies/Works/airflow_new/Airflow/venv/lib/python3.8/site-packages/airflow/example_dags/example_branch_operator.py
[2022-09-20T17:37:37.689+0530] {processor.py:650} INFO - DAG(s) dict_keys(['example_branch_operator']) retrieved from /home/sayone/This PC/SayOne Technologies/Works/airflow_new/Airflow/venv/lib/python3.8/site-packages/airflow/example_dags/example_branch_operator.py
[2022-09-20T17:37:37.698+0530] {logging_mixin.py:115} INFO - [2022-09-20T17:37:37.698+0530] {dag.py:2429} INFO - Sync 1 DAGs
[2022-09-20T17:37:37.710+0530] {logging_mixin.py:115} INFO - [2022-09-20T17:37:37.710+0530] {dag.py:2977} INFO - Setting next_dagrun for example_branch_operator to 2022-09-19T00:00:00+00:00, run_after=2022-09-20T00:00:00+00:00
[2022-09-20T17:37:37.721+0530] {processor.py:161} INFO - Processing /home/sayone/This PC/SayOne Technologies/Works/airflow_new/Airflow/venv/lib/python3.8/site-packages/airflow/example_dags/example_branch_operator.py took 0.053 seconds
[2022-09-20T17:38:23.042+0530] {processor.py:153} INFO - Started process (PID=33849) to work on /home/sayone/This PC/SayOne Technologies/Works/airflow_new/Airflow/venv/lib/python3.8/site-packages/airflow/example_dags/example_branch_operator.py
[2022-09-20T17:38:23.045+0530] {processor.py:640} INFO - Processing file /home/sayone/This PC/SayOne Technologies/Works/airflow_new/Airflow/venv/lib/python3.8/site-packages/airflow/example_dags/example_branch_operator.py for tasks to queue
[2022-09-20T17:38:23.046+0530] {logging_mixin.py:115} INFO - [2022-09-20T17:38:23.046+0530] {dagbag.py:508} INFO - Filling up the DagBag from /home/sayone/This PC/SayOne Technologies/Works/airflow_new/Airflow/venv/lib/python3.8/site-packages/airflow/example_dags/example_branch_operator.py
[2022-09-20T17:38:23.060+0530] {processor.py:650} INFO - DAG(s) dict_keys(['example_branch_operator']) retrieved from /home/sayone/This PC/SayOne Technologies/Works/airflow_new/Airflow/venv/lib/python3.8/site-packages/airflow/example_dags/example_branch_operator.py
[2022-09-20T17:38:23.070+0530] {logging_mixin.py:115} INFO - [2022-09-20T17:38:23.070+0530] {dag.py:2429} INFO - Sync 1 DAGs
[2022-09-20T17:38:23.080+0530] {logging_mixin.py:115} INFO - [2022-09-20T17:38:23.080+0530] {dag.py:2977} INFO - Setting next_dagrun for example_branch_operator to 2022-09-19T00:00:00+00:00, run_after=2022-09-20T00:00:00+00:00
[2022-09-20T17:38:23.088+0530] {processor.py:161} INFO - Processing /home/sayone/This PC/SayOne Technologies/Works/airflow_new/Airflow/venv/lib/python3.8/site-packages/airflow/example_dags/example_branch_operator.py took 0.047 seconds
[2022-09-20T17:39:01.349+0530] {processor.py:153} INFO - Started process (PID=33952) to work on /home/sayone/This PC/SayOne Technologies/Works/airflow_new/Airflow/venv/lib/python3.8/site-packages/airflow/example_dags/example_branch_operator.py
[2022-09-20T17:39:01.352+0530] {processor.py:640} INFO - Processing file /home/sayone/This PC/SayOne Technologies/Works/airflow_new/Airflow/venv/lib/python3.8/site-packages/airflow/example_dags/example_branch_operator.py for tasks to queue
[2022-09-20T17:39:01.353+0530] {logging_mixin.py:115} INFO - [2022-09-20T17:39:01.352+0530] {dagbag.py:508} INFO - Filling up the DagBag from /home/sayone/This PC/SayOne Technologies/Works/airflow_new/Airflow/venv/lib/python3.8/site-packages/airflow/example_dags/example_branch_operator.py
[2022-09-20T17:39:01.366+0530] {processor.py:650} INFO - DAG(s) dict_keys(['example_branch_operator']) retrieved from /home/sayone/This PC/SayOne Technologies/Works/airflow_new/Airflow/venv/lib/python3.8/site-packages/airflow/example_dags/example_branch_operator.py
[2022-09-20T17:39:01.375+0530] {logging_mixin.py:115} INFO - [2022-09-20T17:39:01.375+0530] {dag.py:2429} INFO - Sync 1 DAGs
[2022-09-20T17:39:01.386+0530] {logging_mixin.py:115} INFO - [2022-09-20T17:39:01.386+0530] {dag.py:2977} INFO - Setting next_dagrun for example_branch_operator to 2022-09-19T00:00:00+00:00, run_after=2022-09-20T00:00:00+00:00
[2022-09-20T17:39:01.394+0530] {processor.py:161} INFO - Processing /home/sayone/This PC/SayOne Technologies/Works/airflow_new/Airflow/venv/lib/python3.8/site-packages/airflow/example_dags/example_branch_operator.py took 0.048 seconds
[2022-09-20T17:39:34.499+0530] {processor.py:153} INFO - Started process (PID=34073) to work on /home/sayone/This PC/SayOne Technologies/Works/airflow_new/Airflow/venv/lib/python3.8/site-packages/airflow/example_dags/example_branch_operator.py
[2022-09-20T17:39:34.502+0530] {processor.py:640} INFO - Processing file /home/sayone/This PC/SayOne Technologies/Works/airflow_new/Airflow/venv/lib/python3.8/site-packages/airflow/example_dags/example_branch_operator.py for tasks to queue
[2022-09-20T17:39:34.502+0530] {logging_mixin.py:115} INFO - [2022-09-20T17:39:34.502+0530] {dagbag.py:508} INFO - Filling up the DagBag from /home/sayone/This PC/SayOne Technologies/Works/airflow_new/Airflow/venv/lib/python3.8/site-packages/airflow/example_dags/example_branch_operator.py
[2022-09-20T17:39:34.514+0530] {processor.py:650} INFO - DAG(s) dict_keys(['example_branch_operator']) retrieved from /home/sayone/This PC/SayOne Technologies/Works/airflow_new/Airflow/venv/lib/python3.8/site-packages/airflow/example_dags/example_branch_operator.py
[2022-09-20T17:39:34.523+0530] {logging_mixin.py:115} INFO - [2022-09-20T17:39:34.523+0530] {dag.py:2429} INFO - Sync 1 DAGs
[2022-09-20T17:39:34.536+0530] {logging_mixin.py:115} INFO - [2022-09-20T17:39:34.536+0530] {dag.py:2977} INFO - Setting next_dagrun for example_branch_operator to 2022-09-19T00:00:00+00:00, run_after=2022-09-20T00:00:00+00:00
[2022-09-20T17:39:34.545+0530] {processor.py:161} INFO - Processing /home/sayone/This PC/SayOne Technologies/Works/airflow_new/Airflow/venv/lib/python3.8/site-packages/airflow/example_dags/example_branch_operator.py took 0.051 seconds
[2022-09-20T17:40:12.275+0530] {processor.py:153} INFO - Started process (PID=34194) to work on /home/sayone/This PC/SayOne Technologies/Works/airflow_new/Airflow/venv/lib/python3.8/site-packages/airflow/example_dags/example_branch_operator.py
[2022-09-20T17:40:12.279+0530] {processor.py:640} INFO - Processing file /home/sayone/This PC/SayOne Technologies/Works/airflow_new/Airflow/venv/lib/python3.8/site-packages/airflow/example_dags/example_branch_operator.py for tasks to queue
[2022-09-20T17:40:12.280+0530] {logging_mixin.py:115} INFO - [2022-09-20T17:40:12.280+0530] {dagbag.py:508} INFO - Filling up the DagBag from /home/sayone/This PC/SayOne Technologies/Works/airflow_new/Airflow/venv/lib/python3.8/site-packages/airflow/example_dags/example_branch_operator.py
[2022-09-20T17:40:12.292+0530] {processor.py:650} INFO - DAG(s) dict_keys(['example_branch_operator']) retrieved from /home/sayone/This PC/SayOne Technologies/Works/airflow_new/Airflow/venv/lib/python3.8/site-packages/airflow/example_dags/example_branch_operator.py
[2022-09-20T17:40:12.301+0530] {logging_mixin.py:115} INFO - [2022-09-20T17:40:12.301+0530] {dag.py:2429} INFO - Sync 1 DAGs
[2022-09-20T17:40:12.312+0530] {logging_mixin.py:115} INFO - [2022-09-20T17:40:12.312+0530] {dag.py:2977} INFO - Setting next_dagrun for example_branch_operator to 2022-09-19T00:00:00+00:00, run_after=2022-09-20T00:00:00+00:00
[2022-09-20T17:40:12.321+0530] {processor.py:161} INFO - Processing /home/sayone/This PC/SayOne Technologies/Works/airflow_new/Airflow/venv/lib/python3.8/site-packages/airflow/example_dags/example_branch_operator.py took 0.050 seconds
[2022-09-20T17:40:47.073+0530] {processor.py:153} INFO - Started process (PID=34307) to work on /home/sayone/This PC/SayOne Technologies/Works/airflow_new/Airflow/venv/lib/python3.8/site-packages/airflow/example_dags/example_branch_operator.py
[2022-09-20T17:40:47.075+0530] {processor.py:640} INFO - Processing file /home/sayone/This PC/SayOne Technologies/Works/airflow_new/Airflow/venv/lib/python3.8/site-packages/airflow/example_dags/example_branch_operator.py for tasks to queue
[2022-09-20T17:40:47.075+0530] {logging_mixin.py:115} INFO - [2022-09-20T17:40:47.075+0530] {dagbag.py:508} INFO - Filling up the DagBag from /home/sayone/This PC/SayOne Technologies/Works/airflow_new/Airflow/venv/lib/python3.8/site-packages/airflow/example_dags/example_branch_operator.py
[2022-09-20T17:40:47.087+0530] {processor.py:650} INFO - DAG(s) dict_keys(['example_branch_operator']) retrieved from /home/sayone/This PC/SayOne Technologies/Works/airflow_new/Airflow/venv/lib/python3.8/site-packages/airflow/example_dags/example_branch_operator.py
[2022-09-20T17:40:47.097+0530] {logging_mixin.py:115} INFO - [2022-09-20T17:40:47.097+0530] {dag.py:2429} INFO - Sync 1 DAGs
[2022-09-20T17:40:47.112+0530] {logging_mixin.py:115} INFO - [2022-09-20T17:40:47.112+0530] {dag.py:2977} INFO - Setting next_dagrun for example_branch_operator to 2022-09-19T00:00:00+00:00, run_after=2022-09-20T00:00:00+00:00
[2022-09-20T17:40:47.121+0530] {processor.py:161} INFO - Processing /home/sayone/This PC/SayOne Technologies/Works/airflow_new/Airflow/venv/lib/python3.8/site-packages/airflow/example_dags/example_branch_operator.py took 0.050 seconds
[2022-09-20T17:41:25.374+0530] {processor.py:153} INFO - Started process (PID=34419) to work on /home/sayone/This PC/SayOne Technologies/Works/airflow_new/Airflow/venv/lib/python3.8/site-packages/airflow/example_dags/example_branch_operator.py
[2022-09-20T17:41:25.376+0530] {processor.py:640} INFO - Processing file /home/sayone/This PC/SayOne Technologies/Works/airflow_new/Airflow/venv/lib/python3.8/site-packages/airflow/example_dags/example_branch_operator.py for tasks to queue
[2022-09-20T17:41:25.376+0530] {logging_mixin.py:115} INFO - [2022-09-20T17:41:25.376+0530] {dagbag.py:508} INFO - Filling up the DagBag from /home/sayone/This PC/SayOne Technologies/Works/airflow_new/Airflow/venv/lib/python3.8/site-packages/airflow/example_dags/example_branch_operator.py
[2022-09-20T17:41:25.388+0530] {processor.py:650} INFO - DAG(s) dict_keys(['example_branch_operator']) retrieved from /home/sayone/This PC/SayOne Technologies/Works/airflow_new/Airflow/venv/lib/python3.8/site-packages/airflow/example_dags/example_branch_operator.py
[2022-09-20T17:41:25.397+0530] {logging_mixin.py:115} INFO - [2022-09-20T17:41:25.397+0530] {dag.py:2429} INFO - Sync 1 DAGs
[2022-09-20T17:41:25.408+0530] {logging_mixin.py:115} INFO - [2022-09-20T17:41:25.408+0530] {dag.py:2977} INFO - Setting next_dagrun for example_branch_operator to 2022-09-19T00:00:00+00:00, run_after=2022-09-20T00:00:00+00:00
[2022-09-20T17:41:25.418+0530] {processor.py:161} INFO - Processing /home/sayone/This PC/SayOne Technologies/Works/airflow_new/Airflow/venv/lib/python3.8/site-packages/airflow/example_dags/example_branch_operator.py took 0.046 seconds
[2022-09-20T17:45:52.975+0530] {processor.py:153} INFO - Started process (PID=34970) to work on /home/sayone/This PC/SayOne Technologies/Works/airflow_new/Airflow/venv/lib/python3.8/site-packages/airflow/example_dags/example_branch_operator.py
[2022-09-20T17:45:52.977+0530] {processor.py:640} INFO - Processing file /home/sayone/This PC/SayOne Technologies/Works/airflow_new/Airflow/venv/lib/python3.8/site-packages/airflow/example_dags/example_branch_operator.py for tasks to queue
[2022-09-20T17:45:52.978+0530] {logging_mixin.py:115} INFO - [2022-09-20T17:45:52.978+0530] {dagbag.py:508} INFO - Filling up the DagBag from /home/sayone/This PC/SayOne Technologies/Works/airflow_new/Airflow/venv/lib/python3.8/site-packages/airflow/example_dags/example_branch_operator.py
[2022-09-20T17:45:52.991+0530] {processor.py:650} INFO - DAG(s) dict_keys(['example_branch_operator']) retrieved from /home/sayone/This PC/SayOne Technologies/Works/airflow_new/Airflow/venv/lib/python3.8/site-packages/airflow/example_dags/example_branch_operator.py
[2022-09-20T17:45:53.000+0530] {logging_mixin.py:115} INFO - [2022-09-20T17:45:53.000+0530] {dag.py:2429} INFO - Sync 1 DAGs
[2022-09-20T17:45:53.010+0530] {logging_mixin.py:115} INFO - [2022-09-20T17:45:53.010+0530] {dag.py:2977} INFO - Setting next_dagrun for example_branch_operator to 2022-09-19T00:00:00+00:00, run_after=2022-09-20T00:00:00+00:00
[2022-09-20T17:45:53.019+0530] {processor.py:161} INFO - Processing /home/sayone/This PC/SayOne Technologies/Works/airflow_new/Airflow/venv/lib/python3.8/site-packages/airflow/example_dags/example_branch_operator.py took 0.046 seconds
[2022-09-20T17:46:47.908+0530] {processor.py:153} INFO - Started process (PID=35227) to work on /home/sayone/This PC/SayOne Technologies/Works/airflow_new/Airflow/venv/lib/python3.8/site-packages/airflow/example_dags/example_branch_operator.py
[2022-09-20T17:46:47.910+0530] {processor.py:640} INFO - Processing file /home/sayone/This PC/SayOne Technologies/Works/airflow_new/Airflow/venv/lib/python3.8/site-packages/airflow/example_dags/example_branch_operator.py for tasks to queue
[2022-09-20T17:46:47.911+0530] {logging_mixin.py:115} INFO - [2022-09-20T17:46:47.911+0530] {dagbag.py:508} INFO - Filling up the DagBag from /home/sayone/This PC/SayOne Technologies/Works/airflow_new/Airflow/venv/lib/python3.8/site-packages/airflow/example_dags/example_branch_operator.py
[2022-09-20T17:46:47.923+0530] {processor.py:650} INFO - DAG(s) dict_keys(['example_branch_operator']) retrieved from /home/sayone/This PC/SayOne Technologies/Works/airflow_new/Airflow/venv/lib/python3.8/site-packages/airflow/example_dags/example_branch_operator.py
[2022-09-20T17:46:47.935+0530] {logging_mixin.py:115} INFO - [2022-09-20T17:46:47.935+0530] {dag.py:2429} INFO - Sync 1 DAGs
[2022-09-20T17:46:47.946+0530] {logging_mixin.py:115} INFO - [2022-09-20T17:46:47.946+0530] {dag.py:2977} INFO - Setting next_dagrun for example_branch_operator to 2022-09-19T00:00:00+00:00, run_after=2022-09-20T00:00:00+00:00
[2022-09-20T17:46:47.957+0530] {processor.py:161} INFO - Processing /home/sayone/This PC/SayOne Technologies/Works/airflow_new/Airflow/venv/lib/python3.8/site-packages/airflow/example_dags/example_branch_operator.py took 0.052 seconds
[2022-09-20T17:47:22.846+0530] {processor.py:153} INFO - Started process (PID=35336) to work on /home/sayone/This PC/SayOne Technologies/Works/airflow_new/Airflow/venv/lib/python3.8/site-packages/airflow/example_dags/example_branch_operator.py
[2022-09-20T17:47:22.847+0530] {processor.py:640} INFO - Processing file /home/sayone/This PC/SayOne Technologies/Works/airflow_new/Airflow/venv/lib/python3.8/site-packages/airflow/example_dags/example_branch_operator.py for tasks to queue
[2022-09-20T17:47:22.848+0530] {logging_mixin.py:115} INFO - [2022-09-20T17:47:22.847+0530] {dagbag.py:508} INFO - Filling up the DagBag from /home/sayone/This PC/SayOne Technologies/Works/airflow_new/Airflow/venv/lib/python3.8/site-packages/airflow/example_dags/example_branch_operator.py
[2022-09-20T17:47:22.859+0530] {processor.py:650} INFO - DAG(s) dict_keys(['example_branch_operator']) retrieved from /home/sayone/This PC/SayOne Technologies/Works/airflow_new/Airflow/venv/lib/python3.8/site-packages/airflow/example_dags/example_branch_operator.py
[2022-09-20T17:47:22.928+0530] {logging_mixin.py:115} INFO - [2022-09-20T17:47:22.927+0530] {dag.py:2429} INFO - Sync 1 DAGs
[2022-09-20T17:47:22.960+0530] {logging_mixin.py:115} INFO - [2022-09-20T17:47:22.960+0530] {dag.py:2977} INFO - Setting next_dagrun for example_branch_operator to 2022-09-19T00:00:00+00:00, run_after=2022-09-20T00:00:00+00:00
[2022-09-20T17:47:22.973+0530] {processor.py:161} INFO - Processing /home/sayone/This PC/SayOne Technologies/Works/airflow_new/Airflow/venv/lib/python3.8/site-packages/airflow/example_dags/example_branch_operator.py took 0.128 seconds
[2022-09-20T17:48:00.301+0530] {processor.py:153} INFO - Started process (PID=35478) to work on /home/sayone/This PC/SayOne Technologies/Works/airflow_new/Airflow/venv/lib/python3.8/site-packages/airflow/example_dags/example_branch_operator.py
[2022-09-20T17:48:00.303+0530] {processor.py:640} INFO - Processing file /home/sayone/This PC/SayOne Technologies/Works/airflow_new/Airflow/venv/lib/python3.8/site-packages/airflow/example_dags/example_branch_operator.py for tasks to queue
[2022-09-20T17:48:00.303+0530] {logging_mixin.py:115} INFO - [2022-09-20T17:48:00.303+0530] {dagbag.py:508} INFO - Filling up the DagBag from /home/sayone/This PC/SayOne Technologies/Works/airflow_new/Airflow/venv/lib/python3.8/site-packages/airflow/example_dags/example_branch_operator.py
[2022-09-20T17:48:00.316+0530] {processor.py:650} INFO - DAG(s) dict_keys(['example_branch_operator']) retrieved from /home/sayone/This PC/SayOne Technologies/Works/airflow_new/Airflow/venv/lib/python3.8/site-packages/airflow/example_dags/example_branch_operator.py
[2022-09-20T17:48:00.327+0530] {logging_mixin.py:115} INFO - [2022-09-20T17:48:00.327+0530] {dag.py:2429} INFO - Sync 1 DAGs
[2022-09-20T17:48:00.337+0530] {logging_mixin.py:115} INFO - [2022-09-20T17:48:00.337+0530] {dag.py:2977} INFO - Setting next_dagrun for example_branch_operator to 2022-09-19T00:00:00+00:00, run_after=2022-09-20T00:00:00+00:00
[2022-09-20T17:48:00.345+0530] {processor.py:161} INFO - Processing /home/sayone/This PC/SayOne Technologies/Works/airflow_new/Airflow/venv/lib/python3.8/site-packages/airflow/example_dags/example_branch_operator.py took 0.046 seconds
[2022-09-20T17:48:37.394+0530] {processor.py:153} INFO - Started process (PID=35541) to work on /home/sayone/This PC/SayOne Technologies/Works/airflow_new/Airflow/venv/lib/python3.8/site-packages/airflow/example_dags/example_branch_operator.py
[2022-09-20T17:48:37.397+0530] {processor.py:640} INFO - Processing file /home/sayone/This PC/SayOne Technologies/Works/airflow_new/Airflow/venv/lib/python3.8/site-packages/airflow/example_dags/example_branch_operator.py for tasks to queue
[2022-09-20T17:48:37.399+0530] {logging_mixin.py:115} INFO - [2022-09-20T17:48:37.398+0530] {dagbag.py:508} INFO - Filling up the DagBag from /home/sayone/This PC/SayOne Technologies/Works/airflow_new/Airflow/venv/lib/python3.8/site-packages/airflow/example_dags/example_branch_operator.py
[2022-09-20T17:48:37.410+0530] {processor.py:650} INFO - DAG(s) dict_keys(['example_branch_operator']) retrieved from /home/sayone/This PC/SayOne Technologies/Works/airflow_new/Airflow/venv/lib/python3.8/site-packages/airflow/example_dags/example_branch_operator.py
[2022-09-20T17:48:37.419+0530] {logging_mixin.py:115} INFO - [2022-09-20T17:48:37.419+0530] {dag.py:2429} INFO - Sync 1 DAGs
[2022-09-20T17:48:37.430+0530] {logging_mixin.py:115} INFO - [2022-09-20T17:48:37.429+0530] {dag.py:2977} INFO - Setting next_dagrun for example_branch_operator to 2022-09-19T00:00:00+00:00, run_after=2022-09-20T00:00:00+00:00
[2022-09-20T17:48:37.440+0530] {processor.py:161} INFO - Processing /home/sayone/This PC/SayOne Technologies/Works/airflow_new/Airflow/venv/lib/python3.8/site-packages/airflow/example_dags/example_branch_operator.py took 0.052 seconds
[2022-09-20T17:49:14.724+0530] {processor.py:153} INFO - Started process (PID=35670) to work on /home/sayone/This PC/SayOne Technologies/Works/airflow_new/Airflow/venv/lib/python3.8/site-packages/airflow/example_dags/example_branch_operator.py
[2022-09-20T17:49:14.727+0530] {processor.py:640} INFO - Processing file /home/sayone/This PC/SayOne Technologies/Works/airflow_new/Airflow/venv/lib/python3.8/site-packages/airflow/example_dags/example_branch_operator.py for tasks to queue
[2022-09-20T17:49:14.728+0530] {logging_mixin.py:115} INFO - [2022-09-20T17:49:14.728+0530] {dagbag.py:508} INFO - Filling up the DagBag from /home/sayone/This PC/SayOne Technologies/Works/airflow_new/Airflow/venv/lib/python3.8/site-packages/airflow/example_dags/example_branch_operator.py
[2022-09-20T17:49:14.740+0530] {processor.py:650} INFO - DAG(s) dict_keys(['example_branch_operator']) retrieved from /home/sayone/This PC/SayOne Technologies/Works/airflow_new/Airflow/venv/lib/python3.8/site-packages/airflow/example_dags/example_branch_operator.py
[2022-09-20T17:49:14.750+0530] {logging_mixin.py:115} INFO - [2022-09-20T17:49:14.750+0530] {dag.py:2429} INFO - Sync 1 DAGs
[2022-09-20T17:49:14.761+0530] {logging_mixin.py:115} INFO - [2022-09-20T17:49:14.761+0530] {dag.py:2977} INFO - Setting next_dagrun for example_branch_operator to 2022-09-19T00:00:00+00:00, run_after=2022-09-20T00:00:00+00:00
[2022-09-20T17:49:14.771+0530] {processor.py:161} INFO - Processing /home/sayone/This PC/SayOne Technologies/Works/airflow_new/Airflow/venv/lib/python3.8/site-packages/airflow/example_dags/example_branch_operator.py took 0.051 seconds
[2022-09-20T17:49:51.967+0530] {processor.py:153} INFO - Started process (PID=35737) to work on /home/sayone/This PC/SayOne Technologies/Works/airflow_new/Airflow/venv/lib/python3.8/site-packages/airflow/example_dags/example_branch_operator.py
[2022-09-20T17:49:51.970+0530] {processor.py:640} INFO - Processing file /home/sayone/This PC/SayOne Technologies/Works/airflow_new/Airflow/venv/lib/python3.8/site-packages/airflow/example_dags/example_branch_operator.py for tasks to queue
[2022-09-20T17:49:51.971+0530] {logging_mixin.py:115} INFO - [2022-09-20T17:49:51.970+0530] {dagbag.py:508} INFO - Filling up the DagBag from /home/sayone/This PC/SayOne Technologies/Works/airflow_new/Airflow/venv/lib/python3.8/site-packages/airflow/example_dags/example_branch_operator.py
[2022-09-20T17:49:51.982+0530] {processor.py:650} INFO - DAG(s) dict_keys(['example_branch_operator']) retrieved from /home/sayone/This PC/SayOne Technologies/Works/airflow_new/Airflow/venv/lib/python3.8/site-packages/airflow/example_dags/example_branch_operator.py
[2022-09-20T17:49:51.991+0530] {logging_mixin.py:115} INFO - [2022-09-20T17:49:51.991+0530] {dag.py:2429} INFO - Sync 1 DAGs
[2022-09-20T17:49:52.001+0530] {logging_mixin.py:115} INFO - [2022-09-20T17:49:52.001+0530] {dag.py:2977} INFO - Setting next_dagrun for example_branch_operator to 2022-09-19T00:00:00+00:00, run_after=2022-09-20T00:00:00+00:00
[2022-09-20T17:49:52.013+0530] {processor.py:161} INFO - Processing /home/sayone/This PC/SayOne Technologies/Works/airflow_new/Airflow/venv/lib/python3.8/site-packages/airflow/example_dags/example_branch_operator.py took 0.050 seconds
[2022-09-20T17:50:27.793+0530] {processor.py:153} INFO - Started process (PID=35844) to work on /home/sayone/This PC/SayOne Technologies/Works/airflow_new/Airflow/venv/lib/python3.8/site-packages/airflow/example_dags/example_branch_operator.py
[2022-09-20T17:50:27.796+0530] {processor.py:640} INFO - Processing file /home/sayone/This PC/SayOne Technologies/Works/airflow_new/Airflow/venv/lib/python3.8/site-packages/airflow/example_dags/example_branch_operator.py for tasks to queue
[2022-09-20T17:50:27.797+0530] {logging_mixin.py:115} INFO - [2022-09-20T17:50:27.797+0530] {dagbag.py:508} INFO - Filling up the DagBag from /home/sayone/This PC/SayOne Technologies/Works/airflow_new/Airflow/venv/lib/python3.8/site-packages/airflow/example_dags/example_branch_operator.py
[2022-09-20T17:50:27.810+0530] {processor.py:650} INFO - DAG(s) dict_keys(['example_branch_operator']) retrieved from /home/sayone/This PC/SayOne Technologies/Works/airflow_new/Airflow/venv/lib/python3.8/site-packages/airflow/example_dags/example_branch_operator.py
[2022-09-20T17:50:27.819+0530] {logging_mixin.py:115} INFO - [2022-09-20T17:50:27.819+0530] {dag.py:2429} INFO - Sync 1 DAGs
[2022-09-20T17:50:27.831+0530] {logging_mixin.py:115} INFO - [2022-09-20T17:50:27.831+0530] {dag.py:2977} INFO - Setting next_dagrun for example_branch_operator to 2022-09-19T00:00:00+00:00, run_after=2022-09-20T00:00:00+00:00
[2022-09-20T17:50:27.841+0530] {processor.py:161} INFO - Processing /home/sayone/This PC/SayOne Technologies/Works/airflow_new/Airflow/venv/lib/python3.8/site-packages/airflow/example_dags/example_branch_operator.py took 0.049 seconds
[2022-09-20T17:51:04.826+0530] {processor.py:153} INFO - Started process (PID=35954) to work on /home/sayone/This PC/SayOne Technologies/Works/airflow_new/Airflow/venv/lib/python3.8/site-packages/airflow/example_dags/example_branch_operator.py
[2022-09-20T17:51:04.827+0530] {processor.py:640} INFO - Processing file /home/sayone/This PC/SayOne Technologies/Works/airflow_new/Airflow/venv/lib/python3.8/site-packages/airflow/example_dags/example_branch_operator.py for tasks to queue
[2022-09-20T17:51:04.827+0530] {logging_mixin.py:115} INFO - [2022-09-20T17:51:04.827+0530] {dagbag.py:508} INFO - Filling up the DagBag from /home/sayone/This PC/SayOne Technologies/Works/airflow_new/Airflow/venv/lib/python3.8/site-packages/airflow/example_dags/example_branch_operator.py
[2022-09-20T17:51:04.839+0530] {processor.py:650} INFO - DAG(s) dict_keys(['example_branch_operator']) retrieved from /home/sayone/This PC/SayOne Technologies/Works/airflow_new/Airflow/venv/lib/python3.8/site-packages/airflow/example_dags/example_branch_operator.py
[2022-09-20T17:51:04.849+0530] {logging_mixin.py:115} INFO - [2022-09-20T17:51:04.849+0530] {dag.py:2429} INFO - Sync 1 DAGs
[2022-09-20T17:51:04.859+0530] {logging_mixin.py:115} INFO - [2022-09-20T17:51:04.859+0530] {dag.py:2977} INFO - Setting next_dagrun for example_branch_operator to 2022-09-19T00:00:00+00:00, run_after=2022-09-20T00:00:00+00:00
[2022-09-20T17:51:04.869+0530] {processor.py:161} INFO - Processing /home/sayone/This PC/SayOne Technologies/Works/airflow_new/Airflow/venv/lib/python3.8/site-packages/airflow/example_dags/example_branch_operator.py took 0.046 seconds
[2022-09-20T17:51:41.930+0530] {processor.py:153} INFO - Started process (PID=36013) to work on /home/sayone/This PC/SayOne Technologies/Works/airflow_new/Airflow/venv/lib/python3.8/site-packages/airflow/example_dags/example_branch_operator.py
[2022-09-20T17:51:41.933+0530] {processor.py:640} INFO - Processing file /home/sayone/This PC/SayOne Technologies/Works/airflow_new/Airflow/venv/lib/python3.8/site-packages/airflow/example_dags/example_branch_operator.py for tasks to queue
[2022-09-20T17:51:41.934+0530] {logging_mixin.py:115} INFO - [2022-09-20T17:51:41.934+0530] {dagbag.py:508} INFO - Filling up the DagBag from /home/sayone/This PC/SayOne Technologies/Works/airflow_new/Airflow/venv/lib/python3.8/site-packages/airflow/example_dags/example_branch_operator.py
[2022-09-20T17:51:41.947+0530] {processor.py:650} INFO - DAG(s) dict_keys(['example_branch_operator']) retrieved from /home/sayone/This PC/SayOne Technologies/Works/airflow_new/Airflow/venv/lib/python3.8/site-packages/airflow/example_dags/example_branch_operator.py
[2022-09-20T17:51:41.959+0530] {logging_mixin.py:115} INFO - [2022-09-20T17:51:41.958+0530] {dag.py:2429} INFO - Sync 1 DAGs
[2022-09-20T17:51:41.969+0530] {logging_mixin.py:115} INFO - [2022-09-20T17:51:41.969+0530] {dag.py:2977} INFO - Setting next_dagrun for example_branch_operator to 2022-09-19T00:00:00+00:00, run_after=2022-09-20T00:00:00+00:00
[2022-09-20T17:51:41.980+0530] {processor.py:161} INFO - Processing /home/sayone/This PC/SayOne Technologies/Works/airflow_new/Airflow/venv/lib/python3.8/site-packages/airflow/example_dags/example_branch_operator.py took 0.053 seconds
