[2022-09-20T17:17:01.576+0530] {processor.py:153} INFO - Started process (PID=28779) to work on /home/sayone/This PC/SayOne Technologies/Works/airflow_new/Airflow/venv/lib/python3.8/site-packages/airflow/example_dags/example_branch_python_dop_operator_3.py
[2022-09-20T17:17:01.576+0530] {processor.py:640} INFO - Processing file /home/sayone/This PC/SayOne Technologies/Works/airflow_new/Airflow/venv/lib/python3.8/site-packages/airflow/example_dags/example_branch_python_dop_operator_3.py for tasks to queue
[2022-09-20T17:17:01.577+0530] {logging_mixin.py:115} INFO - [2022-09-20T17:17:01.577+0530] {dagbag.py:508} INFO - Filling up the DagBag from /home/sayone/This PC/SayOne Technologies/Works/airflow_new/Airflow/venv/lib/python3.8/site-packages/airflow/example_dags/example_branch_python_dop_operator_3.py
[2022-09-20T17:17:01.585+0530] {processor.py:650} INFO - DAG(s) dict_keys(['example_branch_dop_operator_v3']) retrieved from /home/sayone/This PC/SayOne Technologies/Works/airflow_new/Airflow/venv/lib/python3.8/site-packages/airflow/example_dags/example_branch_python_dop_operator_3.py
[2022-09-20T17:17:01.666+0530] {logging_mixin.py:115} INFO - [2022-09-20T17:17:01.666+0530] {manager.py:508} INFO - Created Permission View: can edit on DAG:example_branch_dop_operator_v3
[2022-09-20T17:17:01.678+0530] {logging_mixin.py:115} INFO - [2022-09-20T17:17:01.678+0530] {manager.py:508} INFO - Created Permission View: can read on DAG:example_branch_dop_operator_v3
[2022-09-20T17:17:01.688+0530] {logging_mixin.py:115} INFO - [2022-09-20T17:17:01.688+0530] {manager.py:508} INFO - Created Permission View: can delete on DAG:example_branch_dop_operator_v3
[2022-09-20T17:17:01.689+0530] {logging_mixin.py:115} INFO - [2022-09-20T17:17:01.689+0530] {dag.py:2429} INFO - Sync 1 DAGs
[2022-09-20T17:17:01.700+0530] {logging_mixin.py:115} INFO - [2022-09-20T17:17:01.699+0530] {dag.py:2448} INFO - Creating ORM DAG for example_branch_dop_operator_v3
[2022-09-20T17:17:01.716+0530] {logging_mixin.py:115} INFO - [2022-09-20T17:17:01.716+0530] {dag.py:2977} INFO - Setting next_dagrun for example_branch_dop_operator_v3 to 2022-09-20T11:46:00+00:00, run_after=2022-09-20T11:47:00+00:00
[2022-09-20T17:17:01.733+0530] {processor.py:161} INFO - Processing /home/sayone/This PC/SayOne Technologies/Works/airflow_new/Airflow/venv/lib/python3.8/site-packages/airflow/example_dags/example_branch_python_dop_operator_3.py took 0.160 seconds
[2022-09-20T17:17:37.732+0530] {processor.py:153} INFO - Started process (PID=28976) to work on /home/sayone/This PC/SayOne Technologies/Works/airflow_new/Airflow/venv/lib/python3.8/site-packages/airflow/example_dags/example_branch_python_dop_operator_3.py
[2022-09-20T17:17:37.733+0530] {processor.py:640} INFO - Processing file /home/sayone/This PC/SayOne Technologies/Works/airflow_new/Airflow/venv/lib/python3.8/site-packages/airflow/example_dags/example_branch_python_dop_operator_3.py for tasks to queue
[2022-09-20T17:17:37.734+0530] {logging_mixin.py:115} INFO - [2022-09-20T17:17:37.734+0530] {dagbag.py:508} INFO - Filling up the DagBag from /home/sayone/This PC/SayOne Technologies/Works/airflow_new/Airflow/venv/lib/python3.8/site-packages/airflow/example_dags/example_branch_python_dop_operator_3.py
[2022-09-20T17:17:37.744+0530] {processor.py:650} INFO - DAG(s) dict_keys(['example_branch_dop_operator_v3']) retrieved from /home/sayone/This PC/SayOne Technologies/Works/airflow_new/Airflow/venv/lib/python3.8/site-packages/airflow/example_dags/example_branch_python_dop_operator_3.py
[2022-09-20T17:17:37.758+0530] {logging_mixin.py:115} INFO - [2022-09-20T17:17:37.758+0530] {dag.py:2429} INFO - Sync 1 DAGs
[2022-09-20T17:17:37.782+0530] {logging_mixin.py:115} INFO - [2022-09-20T17:17:37.781+0530] {dag.py:2977} INFO - Setting next_dagrun for example_branch_dop_operator_v3 to 2022-09-20T11:46:00+00:00, run_after=2022-09-20T11:47:00+00:00
[2022-09-20T17:17:37.802+0530] {processor.py:161} INFO - Processing /home/sayone/This PC/SayOne Technologies/Works/airflow_new/Airflow/venv/lib/python3.8/site-packages/airflow/example_dags/example_branch_python_dop_operator_3.py took 0.072 seconds
[2022-09-20T17:18:11.515+0530] {processor.py:153} INFO - Started process (PID=29120) to work on /home/sayone/This PC/SayOne Technologies/Works/airflow_new/Airflow/venv/lib/python3.8/site-packages/airflow/example_dags/example_branch_python_dop_operator_3.py
[2022-09-20T17:18:11.516+0530] {processor.py:640} INFO - Processing file /home/sayone/This PC/SayOne Technologies/Works/airflow_new/Airflow/venv/lib/python3.8/site-packages/airflow/example_dags/example_branch_python_dop_operator_3.py for tasks to queue
[2022-09-20T17:18:11.517+0530] {logging_mixin.py:115} INFO - [2022-09-20T17:18:11.517+0530] {dagbag.py:508} INFO - Filling up the DagBag from /home/sayone/This PC/SayOne Technologies/Works/airflow_new/Airflow/venv/lib/python3.8/site-packages/airflow/example_dags/example_branch_python_dop_operator_3.py
[2022-09-20T17:18:11.527+0530] {processor.py:650} INFO - DAG(s) dict_keys(['example_branch_dop_operator_v3']) retrieved from /home/sayone/This PC/SayOne Technologies/Works/airflow_new/Airflow/venv/lib/python3.8/site-packages/airflow/example_dags/example_branch_python_dop_operator_3.py
[2022-09-20T17:18:11.536+0530] {logging_mixin.py:115} INFO - [2022-09-20T17:18:11.536+0530] {dag.py:2429} INFO - Sync 1 DAGs
[2022-09-20T17:18:11.550+0530] {logging_mixin.py:115} INFO - [2022-09-20T17:18:11.550+0530] {dag.py:2977} INFO - Setting next_dagrun for example_branch_dop_operator_v3 to 2022-09-20T11:47:00+00:00, run_after=2022-09-20T11:48:00+00:00
[2022-09-20T17:18:11.559+0530] {processor.py:161} INFO - Processing /home/sayone/This PC/SayOne Technologies/Works/airflow_new/Airflow/venv/lib/python3.8/site-packages/airflow/example_dags/example_branch_python_dop_operator_3.py took 0.048 seconds
[2022-09-20T17:18:47.627+0530] {processor.py:153} INFO - Started process (PID=29205) to work on /home/sayone/This PC/SayOne Technologies/Works/airflow_new/Airflow/venv/lib/python3.8/site-packages/airflow/example_dags/example_branch_python_dop_operator_3.py
[2022-09-20T17:18:47.631+0530] {processor.py:640} INFO - Processing file /home/sayone/This PC/SayOne Technologies/Works/airflow_new/Airflow/venv/lib/python3.8/site-packages/airflow/example_dags/example_branch_python_dop_operator_3.py for tasks to queue
[2022-09-20T17:18:47.631+0530] {logging_mixin.py:115} INFO - [2022-09-20T17:18:47.631+0530] {dagbag.py:508} INFO - Filling up the DagBag from /home/sayone/This PC/SayOne Technologies/Works/airflow_new/Airflow/venv/lib/python3.8/site-packages/airflow/example_dags/example_branch_python_dop_operator_3.py
[2022-09-20T17:18:47.640+0530] {processor.py:650} INFO - DAG(s) dict_keys(['example_branch_dop_operator_v3']) retrieved from /home/sayone/This PC/SayOne Technologies/Works/airflow_new/Airflow/venv/lib/python3.8/site-packages/airflow/example_dags/example_branch_python_dop_operator_3.py
[2022-09-20T17:18:47.649+0530] {logging_mixin.py:115} INFO - [2022-09-20T17:18:47.649+0530] {dag.py:2429} INFO - Sync 1 DAGs
[2022-09-20T17:18:47.663+0530] {logging_mixin.py:115} INFO - [2022-09-20T17:18:47.663+0530] {dag.py:2977} INFO - Setting next_dagrun for example_branch_dop_operator_v3 to 2022-09-20T11:47:00+00:00, run_after=2022-09-20T11:48:00+00:00
[2022-09-20T17:18:47.673+0530] {processor.py:161} INFO - Processing /home/sayone/This PC/SayOne Technologies/Works/airflow_new/Airflow/venv/lib/python3.8/site-packages/airflow/example_dags/example_branch_python_dop_operator_3.py took 0.049 seconds
[2022-09-20T17:19:22.313+0530] {processor.py:153} INFO - Started process (PID=29354) to work on /home/sayone/This PC/SayOne Technologies/Works/airflow_new/Airflow/venv/lib/python3.8/site-packages/airflow/example_dags/example_branch_python_dop_operator_3.py
[2022-09-20T17:19:22.316+0530] {processor.py:640} INFO - Processing file /home/sayone/This PC/SayOne Technologies/Works/airflow_new/Airflow/venv/lib/python3.8/site-packages/airflow/example_dags/example_branch_python_dop_operator_3.py for tasks to queue
[2022-09-20T17:19:22.316+0530] {logging_mixin.py:115} INFO - [2022-09-20T17:19:22.316+0530] {dagbag.py:508} INFO - Filling up the DagBag from /home/sayone/This PC/SayOne Technologies/Works/airflow_new/Airflow/venv/lib/python3.8/site-packages/airflow/example_dags/example_branch_python_dop_operator_3.py
[2022-09-20T17:19:22.322+0530] {processor.py:650} INFO - DAG(s) dict_keys(['example_branch_dop_operator_v3']) retrieved from /home/sayone/This PC/SayOne Technologies/Works/airflow_new/Airflow/venv/lib/python3.8/site-packages/airflow/example_dags/example_branch_python_dop_operator_3.py
[2022-09-20T17:19:22.331+0530] {logging_mixin.py:115} INFO - [2022-09-20T17:19:22.331+0530] {dag.py:2429} INFO - Sync 1 DAGs
[2022-09-20T17:19:22.344+0530] {logging_mixin.py:115} INFO - [2022-09-20T17:19:22.344+0530] {dag.py:2977} INFO - Setting next_dagrun for example_branch_dop_operator_v3 to 2022-09-20T11:48:00+00:00, run_after=2022-09-20T11:49:00+00:00
[2022-09-20T17:19:22.354+0530] {processor.py:161} INFO - Processing /home/sayone/This PC/SayOne Technologies/Works/airflow_new/Airflow/venv/lib/python3.8/site-packages/airflow/example_dags/example_branch_python_dop_operator_3.py took 0.042 seconds
[2022-09-20T17:20:18.851+0530] {processor.py:153} INFO - Started process (PID=29688) to work on /home/sayone/This PC/SayOne Technologies/Works/airflow_new/Airflow/venv/lib/python3.8/site-packages/airflow/example_dags/example_branch_python_dop_operator_3.py
[2022-09-20T17:20:18.852+0530] {processor.py:640} INFO - Processing file /home/sayone/This PC/SayOne Technologies/Works/airflow_new/Airflow/venv/lib/python3.8/site-packages/airflow/example_dags/example_branch_python_dop_operator_3.py for tasks to queue
[2022-09-20T17:20:18.853+0530] {logging_mixin.py:115} INFO - [2022-09-20T17:20:18.853+0530] {dagbag.py:508} INFO - Filling up the DagBag from /home/sayone/This PC/SayOne Technologies/Works/airflow_new/Airflow/venv/lib/python3.8/site-packages/airflow/example_dags/example_branch_python_dop_operator_3.py
[2022-09-20T17:20:18.863+0530] {processor.py:650} INFO - DAG(s) dict_keys(['example_branch_dop_operator_v3']) retrieved from /home/sayone/This PC/SayOne Technologies/Works/airflow_new/Airflow/venv/lib/python3.8/site-packages/airflow/example_dags/example_branch_python_dop_operator_3.py
[2022-09-20T17:20:18.875+0530] {logging_mixin.py:115} INFO - [2022-09-20T17:20:18.875+0530] {dag.py:2429} INFO - Sync 1 DAGs
[2022-09-20T17:20:18.891+0530] {logging_mixin.py:115} INFO - [2022-09-20T17:20:18.890+0530] {dag.py:2977} INFO - Setting next_dagrun for example_branch_dop_operator_v3 to 2022-09-20T11:49:00+00:00, run_after=2022-09-20T11:50:00+00:00
[2022-09-20T17:20:18.899+0530] {processor.py:161} INFO - Processing /home/sayone/This PC/SayOne Technologies/Works/airflow_new/Airflow/venv/lib/python3.8/site-packages/airflow/example_dags/example_branch_python_dop_operator_3.py took 0.052 seconds
[2022-09-20T17:20:55.562+0530] {processor.py:153} INFO - Started process (PID=29794) to work on /home/sayone/This PC/SayOne Technologies/Works/airflow_new/Airflow/venv/lib/python3.8/site-packages/airflow/example_dags/example_branch_python_dop_operator_3.py
[2022-09-20T17:20:55.565+0530] {processor.py:640} INFO - Processing file /home/sayone/This PC/SayOne Technologies/Works/airflow_new/Airflow/venv/lib/python3.8/site-packages/airflow/example_dags/example_branch_python_dop_operator_3.py for tasks to queue
[2022-09-20T17:20:55.566+0530] {logging_mixin.py:115} INFO - [2022-09-20T17:20:55.566+0530] {dagbag.py:508} INFO - Filling up the DagBag from /home/sayone/This PC/SayOne Technologies/Works/airflow_new/Airflow/venv/lib/python3.8/site-packages/airflow/example_dags/example_branch_python_dop_operator_3.py
[2022-09-20T17:20:55.578+0530] {processor.py:650} INFO - DAG(s) dict_keys(['example_branch_dop_operator_v3']) retrieved from /home/sayone/This PC/SayOne Technologies/Works/airflow_new/Airflow/venv/lib/python3.8/site-packages/airflow/example_dags/example_branch_python_dop_operator_3.py
[2022-09-20T17:20:55.588+0530] {logging_mixin.py:115} INFO - [2022-09-20T17:20:55.588+0530] {dag.py:2429} INFO - Sync 1 DAGs
[2022-09-20T17:20:55.602+0530] {logging_mixin.py:115} INFO - [2022-09-20T17:20:55.602+0530] {dag.py:2977} INFO - Setting next_dagrun for example_branch_dop_operator_v3 to 2022-09-20T11:49:00+00:00, run_after=2022-09-20T11:50:00+00:00
[2022-09-20T17:20:55.611+0530] {processor.py:161} INFO - Processing /home/sayone/This PC/SayOne Technologies/Works/airflow_new/Airflow/venv/lib/python3.8/site-packages/airflow/example_dags/example_branch_python_dop_operator_3.py took 0.053 seconds
[2022-09-20T17:21:29.838+0530] {processor.py:153} INFO - Started process (PID=29870) to work on /home/sayone/This PC/SayOne Technologies/Works/airflow_new/Airflow/venv/lib/python3.8/site-packages/airflow/example_dags/example_branch_python_dop_operator_3.py
[2022-09-20T17:21:29.841+0530] {processor.py:640} INFO - Processing file /home/sayone/This PC/SayOne Technologies/Works/airflow_new/Airflow/venv/lib/python3.8/site-packages/airflow/example_dags/example_branch_python_dop_operator_3.py for tasks to queue
[2022-09-20T17:21:29.842+0530] {logging_mixin.py:115} INFO - [2022-09-20T17:21:29.842+0530] {dagbag.py:508} INFO - Filling up the DagBag from /home/sayone/This PC/SayOne Technologies/Works/airflow_new/Airflow/venv/lib/python3.8/site-packages/airflow/example_dags/example_branch_python_dop_operator_3.py
[2022-09-20T17:21:29.852+0530] {processor.py:650} INFO - DAG(s) dict_keys(['example_branch_dop_operator_v3']) retrieved from /home/sayone/This PC/SayOne Technologies/Works/airflow_new/Airflow/venv/lib/python3.8/site-packages/airflow/example_dags/example_branch_python_dop_operator_3.py
[2022-09-20T17:21:29.861+0530] {logging_mixin.py:115} INFO - [2022-09-20T17:21:29.861+0530] {dag.py:2429} INFO - Sync 1 DAGs
[2022-09-20T17:21:29.874+0530] {logging_mixin.py:115} INFO - [2022-09-20T17:21:29.874+0530] {dag.py:2977} INFO - Setting next_dagrun for example_branch_dop_operator_v3 to 2022-09-20T11:50:00+00:00, run_after=2022-09-20T11:51:00+00:00
[2022-09-20T17:21:29.883+0530] {processor.py:161} INFO - Processing /home/sayone/This PC/SayOne Technologies/Works/airflow_new/Airflow/venv/lib/python3.8/site-packages/airflow/example_dags/example_branch_python_dop_operator_3.py took 0.049 seconds
[2022-09-20T17:22:07.645+0530] {processor.py:153} INFO - Started process (PID=30157) to work on /home/sayone/This PC/SayOne Technologies/Works/airflow_new/Airflow/venv/lib/python3.8/site-packages/airflow/example_dags/example_branch_python_dop_operator_3.py
[2022-09-20T17:22:07.649+0530] {processor.py:640} INFO - Processing file /home/sayone/This PC/SayOne Technologies/Works/airflow_new/Airflow/venv/lib/python3.8/site-packages/airflow/example_dags/example_branch_python_dop_operator_3.py for tasks to queue
[2022-09-20T17:22:07.650+0530] {logging_mixin.py:115} INFO - [2022-09-20T17:22:07.650+0530] {dagbag.py:508} INFO - Filling up the DagBag from /home/sayone/This PC/SayOne Technologies/Works/airflow_new/Airflow/venv/lib/python3.8/site-packages/airflow/example_dags/example_branch_python_dop_operator_3.py
[2022-09-20T17:22:07.658+0530] {processor.py:650} INFO - DAG(s) dict_keys(['example_branch_dop_operator_v3']) retrieved from /home/sayone/This PC/SayOne Technologies/Works/airflow_new/Airflow/venv/lib/python3.8/site-packages/airflow/example_dags/example_branch_python_dop_operator_3.py
[2022-09-20T17:22:07.670+0530] {logging_mixin.py:115} INFO - [2022-09-20T17:22:07.670+0530] {dag.py:2429} INFO - Sync 1 DAGs
[2022-09-20T17:22:07.695+0530] {logging_mixin.py:115} INFO - [2022-09-20T17:22:07.695+0530] {dag.py:2977} INFO - Setting next_dagrun for example_branch_dop_operator_v3 to 2022-09-20T11:51:00+00:00, run_after=2022-09-20T11:52:00+00:00
[2022-09-20T17:22:07.708+0530] {processor.py:161} INFO - Processing /home/sayone/This PC/SayOne Technologies/Works/airflow_new/Airflow/venv/lib/python3.8/site-packages/airflow/example_dags/example_branch_python_dop_operator_3.py took 0.064 seconds
[2022-09-20T17:22:41.348+0530] {processor.py:153} INFO - Started process (PID=30290) to work on /home/sayone/This PC/SayOne Technologies/Works/airflow_new/Airflow/venv/lib/python3.8/site-packages/airflow/example_dags/example_branch_python_dop_operator_3.py
[2022-09-20T17:22:41.351+0530] {processor.py:640} INFO - Processing file /home/sayone/This PC/SayOne Technologies/Works/airflow_new/Airflow/venv/lib/python3.8/site-packages/airflow/example_dags/example_branch_python_dop_operator_3.py for tasks to queue
[2022-09-20T17:22:41.352+0530] {logging_mixin.py:115} INFO - [2022-09-20T17:22:41.351+0530] {dagbag.py:508} INFO - Filling up the DagBag from /home/sayone/This PC/SayOne Technologies/Works/airflow_new/Airflow/venv/lib/python3.8/site-packages/airflow/example_dags/example_branch_python_dop_operator_3.py
[2022-09-20T17:22:41.360+0530] {processor.py:650} INFO - DAG(s) dict_keys(['example_branch_dop_operator_v3']) retrieved from /home/sayone/This PC/SayOne Technologies/Works/airflow_new/Airflow/venv/lib/python3.8/site-packages/airflow/example_dags/example_branch_python_dop_operator_3.py
[2022-09-20T17:22:41.371+0530] {logging_mixin.py:115} INFO - [2022-09-20T17:22:41.370+0530] {dag.py:2429} INFO - Sync 1 DAGs
[2022-09-20T17:22:41.388+0530] {logging_mixin.py:115} INFO - [2022-09-20T17:22:41.388+0530] {dag.py:2977} INFO - Setting next_dagrun for example_branch_dop_operator_v3 to 2022-09-20T11:51:00+00:00, run_after=2022-09-20T11:52:00+00:00
[2022-09-20T17:22:41.398+0530] {processor.py:161} INFO - Processing /home/sayone/This PC/SayOne Technologies/Works/airflow_new/Airflow/venv/lib/python3.8/site-packages/airflow/example_dags/example_branch_python_dop_operator_3.py took 0.055 seconds
[2022-09-20T17:23:43.707+0530] {processor.py:153} INFO - Started process (PID=30474) to work on /home/sayone/This PC/SayOne Technologies/Works/airflow_new/Airflow/venv/lib/python3.8/site-packages/airflow/example_dags/example_branch_python_dop_operator_3.py
[2022-09-20T17:23:43.709+0530] {processor.py:640} INFO - Processing file /home/sayone/This PC/SayOne Technologies/Works/airflow_new/Airflow/venv/lib/python3.8/site-packages/airflow/example_dags/example_branch_python_dop_operator_3.py for tasks to queue
[2022-09-20T17:23:43.710+0530] {logging_mixin.py:115} INFO - [2022-09-20T17:23:43.710+0530] {dagbag.py:508} INFO - Filling up the DagBag from /home/sayone/This PC/SayOne Technologies/Works/airflow_new/Airflow/venv/lib/python3.8/site-packages/airflow/example_dags/example_branch_python_dop_operator_3.py
[2022-09-20T17:23:43.716+0530] {processor.py:650} INFO - DAG(s) dict_keys(['example_branch_dop_operator_v3']) retrieved from /home/sayone/This PC/SayOne Technologies/Works/airflow_new/Airflow/venv/lib/python3.8/site-packages/airflow/example_dags/example_branch_python_dop_operator_3.py
[2022-09-20T17:23:43.726+0530] {logging_mixin.py:115} INFO - [2022-09-20T17:23:43.726+0530] {dag.py:2429} INFO - Sync 1 DAGs
[2022-09-20T17:23:43.740+0530] {logging_mixin.py:115} INFO - [2022-09-20T17:23:43.740+0530] {dag.py:2977} INFO - Setting next_dagrun for example_branch_dop_operator_v3 to 2022-09-20T11:52:00+00:00, run_after=2022-09-20T11:53:00+00:00
[2022-09-20T17:23:43.751+0530] {processor.py:161} INFO - Processing /home/sayone/This PC/SayOne Technologies/Works/airflow_new/Airflow/venv/lib/python3.8/site-packages/airflow/example_dags/example_branch_python_dop_operator_3.py took 0.045 seconds
[2022-09-20T17:24:19.691+0530] {processor.py:153} INFO - Started process (PID=30628) to work on /home/sayone/This PC/SayOne Technologies/Works/airflow_new/Airflow/venv/lib/python3.8/site-packages/airflow/example_dags/example_branch_python_dop_operator_3.py
[2022-09-20T17:24:19.695+0530] {processor.py:640} INFO - Processing file /home/sayone/This PC/SayOne Technologies/Works/airflow_new/Airflow/venv/lib/python3.8/site-packages/airflow/example_dags/example_branch_python_dop_operator_3.py for tasks to queue
[2022-09-20T17:24:19.696+0530] {logging_mixin.py:115} INFO - [2022-09-20T17:24:19.695+0530] {dagbag.py:508} INFO - Filling up the DagBag from /home/sayone/This PC/SayOne Technologies/Works/airflow_new/Airflow/venv/lib/python3.8/site-packages/airflow/example_dags/example_branch_python_dop_operator_3.py
[2022-09-20T17:24:19.706+0530] {processor.py:650} INFO - DAG(s) dict_keys(['example_branch_dop_operator_v3']) retrieved from /home/sayone/This PC/SayOne Technologies/Works/airflow_new/Airflow/venv/lib/python3.8/site-packages/airflow/example_dags/example_branch_python_dop_operator_3.py
[2022-09-20T17:24:19.714+0530] {logging_mixin.py:115} INFO - [2022-09-20T17:24:19.714+0530] {dag.py:2429} INFO - Sync 1 DAGs
[2022-09-20T17:24:19.729+0530] {logging_mixin.py:115} INFO - [2022-09-20T17:24:19.729+0530] {dag.py:2977} INFO - Setting next_dagrun for example_branch_dop_operator_v3 to 2022-09-20T11:53:00+00:00, run_after=2022-09-20T11:54:00+00:00
[2022-09-20T17:24:19.740+0530] {processor.py:161} INFO - Processing /home/sayone/This PC/SayOne Technologies/Works/airflow_new/Airflow/venv/lib/python3.8/site-packages/airflow/example_dags/example_branch_python_dop_operator_3.py took 0.052 seconds
[2022-09-20T17:24:55.637+0530] {processor.py:153} INFO - Started process (PID=30906) to work on /home/sayone/This PC/SayOne Technologies/Works/airflow_new/Airflow/venv/lib/python3.8/site-packages/airflow/example_dags/example_branch_python_dop_operator_3.py
[2022-09-20T17:24:55.640+0530] {processor.py:640} INFO - Processing file /home/sayone/This PC/SayOne Technologies/Works/airflow_new/Airflow/venv/lib/python3.8/site-packages/airflow/example_dags/example_branch_python_dop_operator_3.py for tasks to queue
[2022-09-20T17:24:55.640+0530] {logging_mixin.py:115} INFO - [2022-09-20T17:24:55.640+0530] {dagbag.py:508} INFO - Filling up the DagBag from /home/sayone/This PC/SayOne Technologies/Works/airflow_new/Airflow/venv/lib/python3.8/site-packages/airflow/example_dags/example_branch_python_dop_operator_3.py
[2022-09-20T17:24:55.650+0530] {processor.py:650} INFO - DAG(s) dict_keys(['example_branch_dop_operator_v3']) retrieved from /home/sayone/This PC/SayOne Technologies/Works/airflow_new/Airflow/venv/lib/python3.8/site-packages/airflow/example_dags/example_branch_python_dop_operator_3.py
[2022-09-20T17:24:55.664+0530] {logging_mixin.py:115} INFO - [2022-09-20T17:24:55.664+0530] {dag.py:2429} INFO - Sync 1 DAGs
[2022-09-20T17:24:55.681+0530] {logging_mixin.py:115} INFO - [2022-09-20T17:24:55.681+0530] {dag.py:2977} INFO - Setting next_dagrun for example_branch_dop_operator_v3 to 2022-09-20T11:53:00+00:00, run_after=2022-09-20T11:54:00+00:00
[2022-09-20T17:24:55.697+0530] {processor.py:161} INFO - Processing /home/sayone/This PC/SayOne Technologies/Works/airflow_new/Airflow/venv/lib/python3.8/site-packages/airflow/example_dags/example_branch_python_dop_operator_3.py took 0.061 seconds
[2022-09-20T17:25:31.663+0530] {processor.py:153} INFO - Started process (PID=31003) to work on /home/sayone/This PC/SayOne Technologies/Works/airflow_new/Airflow/venv/lib/python3.8/site-packages/airflow/example_dags/example_branch_python_dop_operator_3.py
[2022-09-20T17:25:31.664+0530] {processor.py:640} INFO - Processing file /home/sayone/This PC/SayOne Technologies/Works/airflow_new/Airflow/venv/lib/python3.8/site-packages/airflow/example_dags/example_branch_python_dop_operator_3.py for tasks to queue
[2022-09-20T17:25:31.665+0530] {logging_mixin.py:115} INFO - [2022-09-20T17:25:31.665+0530] {dagbag.py:508} INFO - Filling up the DagBag from /home/sayone/This PC/SayOne Technologies/Works/airflow_new/Airflow/venv/lib/python3.8/site-packages/airflow/example_dags/example_branch_python_dop_operator_3.py
[2022-09-20T17:25:31.676+0530] {processor.py:650} INFO - DAG(s) dict_keys(['example_branch_dop_operator_v3']) retrieved from /home/sayone/This PC/SayOne Technologies/Works/airflow_new/Airflow/venv/lib/python3.8/site-packages/airflow/example_dags/example_branch_python_dop_operator_3.py
[2022-09-20T17:25:31.687+0530] {logging_mixin.py:115} INFO - [2022-09-20T17:25:31.686+0530] {dag.py:2429} INFO - Sync 1 DAGs
[2022-09-20T17:25:31.703+0530] {logging_mixin.py:115} INFO - [2022-09-20T17:25:31.702+0530] {dag.py:2977} INFO - Setting next_dagrun for example_branch_dop_operator_v3 to 2022-09-20T11:54:00+00:00, run_after=2022-09-20T11:55:00+00:00
[2022-09-20T17:25:31.711+0530] {processor.py:161} INFO - Processing /home/sayone/This PC/SayOne Technologies/Works/airflow_new/Airflow/venv/lib/python3.8/site-packages/airflow/example_dags/example_branch_python_dop_operator_3.py took 0.053 seconds
[2022-09-20T17:26:07.668+0530] {processor.py:153} INFO - Started process (PID=31128) to work on /home/sayone/This PC/SayOne Technologies/Works/airflow_new/Airflow/venv/lib/python3.8/site-packages/airflow/example_dags/example_branch_python_dop_operator_3.py
[2022-09-20T17:26:07.670+0530] {processor.py:640} INFO - Processing file /home/sayone/This PC/SayOne Technologies/Works/airflow_new/Airflow/venv/lib/python3.8/site-packages/airflow/example_dags/example_branch_python_dop_operator_3.py for tasks to queue
[2022-09-20T17:26:07.671+0530] {logging_mixin.py:115} INFO - [2022-09-20T17:26:07.671+0530] {dagbag.py:508} INFO - Filling up the DagBag from /home/sayone/This PC/SayOne Technologies/Works/airflow_new/Airflow/venv/lib/python3.8/site-packages/airflow/example_dags/example_branch_python_dop_operator_3.py
[2022-09-20T17:26:07.683+0530] {processor.py:650} INFO - DAG(s) dict_keys(['example_branch_dop_operator_v3']) retrieved from /home/sayone/This PC/SayOne Technologies/Works/airflow_new/Airflow/venv/lib/python3.8/site-packages/airflow/example_dags/example_branch_python_dop_operator_3.py
[2022-09-20T17:26:07.692+0530] {logging_mixin.py:115} INFO - [2022-09-20T17:26:07.692+0530] {dag.py:2429} INFO - Sync 1 DAGs
[2022-09-20T17:26:07.705+0530] {logging_mixin.py:115} INFO - [2022-09-20T17:26:07.704+0530] {dag.py:2977} INFO - Setting next_dagrun for example_branch_dop_operator_v3 to 2022-09-20T11:55:00+00:00, run_after=2022-09-20T11:56:00+00:00
[2022-09-20T17:26:07.714+0530] {processor.py:161} INFO - Processing /home/sayone/This PC/SayOne Technologies/Works/airflow_new/Airflow/venv/lib/python3.8/site-packages/airflow/example_dags/example_branch_python_dop_operator_3.py took 0.050 seconds
[2022-09-20T17:26:43.658+0530] {processor.py:153} INFO - Started process (PID=31214) to work on /home/sayone/This PC/SayOne Technologies/Works/airflow_new/Airflow/venv/lib/python3.8/site-packages/airflow/example_dags/example_branch_python_dop_operator_3.py
[2022-09-20T17:26:43.662+0530] {processor.py:640} INFO - Processing file /home/sayone/This PC/SayOne Technologies/Works/airflow_new/Airflow/venv/lib/python3.8/site-packages/airflow/example_dags/example_branch_python_dop_operator_3.py for tasks to queue
[2022-09-20T17:26:43.663+0530] {logging_mixin.py:115} INFO - [2022-09-20T17:26:43.662+0530] {dagbag.py:508} INFO - Filling up the DagBag from /home/sayone/This PC/SayOne Technologies/Works/airflow_new/Airflow/venv/lib/python3.8/site-packages/airflow/example_dags/example_branch_python_dop_operator_3.py
[2022-09-20T17:26:43.675+0530] {processor.py:650} INFO - DAG(s) dict_keys(['example_branch_dop_operator_v3']) retrieved from /home/sayone/This PC/SayOne Technologies/Works/airflow_new/Airflow/venv/lib/python3.8/site-packages/airflow/example_dags/example_branch_python_dop_operator_3.py
[2022-09-20T17:26:43.685+0530] {logging_mixin.py:115} INFO - [2022-09-20T17:26:43.685+0530] {dag.py:2429} INFO - Sync 1 DAGs
[2022-09-20T17:26:43.697+0530] {logging_mixin.py:115} INFO - [2022-09-20T17:26:43.697+0530] {dag.py:2977} INFO - Setting next_dagrun for example_branch_dop_operator_v3 to 2022-09-20T11:55:00+00:00, run_after=2022-09-20T11:56:00+00:00
[2022-09-20T17:26:43.706+0530] {processor.py:161} INFO - Processing /home/sayone/This PC/SayOne Technologies/Works/airflow_new/Airflow/venv/lib/python3.8/site-packages/airflow/example_dags/example_branch_python_dop_operator_3.py took 0.049 seconds
[2022-09-20T17:27:20.171+0530] {processor.py:153} INFO - Started process (PID=31508) to work on /home/sayone/This PC/SayOne Technologies/Works/airflow_new/Airflow/venv/lib/python3.8/site-packages/airflow/example_dags/example_branch_python_dop_operator_3.py
[2022-09-20T17:27:20.175+0530] {processor.py:640} INFO - Processing file /home/sayone/This PC/SayOne Technologies/Works/airflow_new/Airflow/venv/lib/python3.8/site-packages/airflow/example_dags/example_branch_python_dop_operator_3.py for tasks to queue
[2022-09-20T17:27:20.176+0530] {logging_mixin.py:115} INFO - [2022-09-20T17:27:20.175+0530] {dagbag.py:508} INFO - Filling up the DagBag from /home/sayone/This PC/SayOne Technologies/Works/airflow_new/Airflow/venv/lib/python3.8/site-packages/airflow/example_dags/example_branch_python_dop_operator_3.py
[2022-09-20T17:27:20.188+0530] {processor.py:650} INFO - DAG(s) dict_keys(['example_branch_dop_operator_v3']) retrieved from /home/sayone/This PC/SayOne Technologies/Works/airflow_new/Airflow/venv/lib/python3.8/site-packages/airflow/example_dags/example_branch_python_dop_operator_3.py
[2022-09-20T17:27:20.198+0530] {logging_mixin.py:115} INFO - [2022-09-20T17:27:20.197+0530] {dag.py:2429} INFO - Sync 1 DAGs
[2022-09-20T17:27:20.210+0530] {logging_mixin.py:115} INFO - [2022-09-20T17:27:20.210+0530] {dag.py:2977} INFO - Setting next_dagrun for example_branch_dop_operator_v3 to 2022-09-20T11:56:00+00:00, run_after=2022-09-20T11:57:00+00:00
[2022-09-20T17:27:20.220+0530] {processor.py:161} INFO - Processing /home/sayone/This PC/SayOne Technologies/Works/airflow_new/Airflow/venv/lib/python3.8/site-packages/airflow/example_dags/example_branch_python_dop_operator_3.py took 0.050 seconds
[2022-09-20T17:27:56.623+0530] {processor.py:153} INFO - Started process (PID=31640) to work on /home/sayone/This PC/SayOne Technologies/Works/airflow_new/Airflow/venv/lib/python3.8/site-packages/airflow/example_dags/example_branch_python_dop_operator_3.py
[2022-09-20T17:27:56.626+0530] {processor.py:640} INFO - Processing file /home/sayone/This PC/SayOne Technologies/Works/airflow_new/Airflow/venv/lib/python3.8/site-packages/airflow/example_dags/example_branch_python_dop_operator_3.py for tasks to queue
[2022-09-20T17:27:56.626+0530] {logging_mixin.py:115} INFO - [2022-09-20T17:27:56.626+0530] {dagbag.py:508} INFO - Filling up the DagBag from /home/sayone/This PC/SayOne Technologies/Works/airflow_new/Airflow/venv/lib/python3.8/site-packages/airflow/example_dags/example_branch_python_dop_operator_3.py
[2022-09-20T17:27:56.638+0530] {processor.py:650} INFO - DAG(s) dict_keys(['example_branch_dop_operator_v3']) retrieved from /home/sayone/This PC/SayOne Technologies/Works/airflow_new/Airflow/venv/lib/python3.8/site-packages/airflow/example_dags/example_branch_python_dop_operator_3.py
[2022-09-20T17:27:56.647+0530] {logging_mixin.py:115} INFO - [2022-09-20T17:27:56.647+0530] {dag.py:2429} INFO - Sync 1 DAGs
[2022-09-20T17:27:56.660+0530] {logging_mixin.py:115} INFO - [2022-09-20T17:27:56.660+0530] {dag.py:2977} INFO - Setting next_dagrun for example_branch_dop_operator_v3 to 2022-09-20T11:56:00+00:00, run_after=2022-09-20T11:57:00+00:00
[2022-09-20T17:27:56.668+0530] {processor.py:161} INFO - Processing /home/sayone/This PC/SayOne Technologies/Works/airflow_new/Airflow/venv/lib/python3.8/site-packages/airflow/example_dags/example_branch_python_dop_operator_3.py took 0.048 seconds
[2022-09-20T17:28:32.194+0530] {processor.py:153} INFO - Started process (PID=31717) to work on /home/sayone/This PC/SayOne Technologies/Works/airflow_new/Airflow/venv/lib/python3.8/site-packages/airflow/example_dags/example_branch_python_dop_operator_3.py
[2022-09-20T17:28:32.195+0530] {processor.py:640} INFO - Processing file /home/sayone/This PC/SayOne Technologies/Works/airflow_new/Airflow/venv/lib/python3.8/site-packages/airflow/example_dags/example_branch_python_dop_operator_3.py for tasks to queue
[2022-09-20T17:28:32.195+0530] {logging_mixin.py:115} INFO - [2022-09-20T17:28:32.195+0530] {dagbag.py:508} INFO - Filling up the DagBag from /home/sayone/This PC/SayOne Technologies/Works/airflow_new/Airflow/venv/lib/python3.8/site-packages/airflow/example_dags/example_branch_python_dop_operator_3.py
[2022-09-20T17:28:32.202+0530] {processor.py:650} INFO - DAG(s) dict_keys(['example_branch_dop_operator_v3']) retrieved from /home/sayone/This PC/SayOne Technologies/Works/airflow_new/Airflow/venv/lib/python3.8/site-packages/airflow/example_dags/example_branch_python_dop_operator_3.py
[2022-09-20T17:28:32.212+0530] {logging_mixin.py:115} INFO - [2022-09-20T17:28:32.212+0530] {dag.py:2429} INFO - Sync 1 DAGs
[2022-09-20T17:28:32.224+0530] {logging_mixin.py:115} INFO - [2022-09-20T17:28:32.224+0530] {dag.py:2977} INFO - Setting next_dagrun for example_branch_dop_operator_v3 to 2022-09-20T11:57:00+00:00, run_after=2022-09-20T11:58:00+00:00
[2022-09-20T17:28:32.235+0530] {processor.py:161} INFO - Processing /home/sayone/This PC/SayOne Technologies/Works/airflow_new/Airflow/venv/lib/python3.8/site-packages/airflow/example_dags/example_branch_python_dop_operator_3.py took 0.043 seconds
[2022-09-20T17:29:10.728+0530] {processor.py:153} INFO - Started process (PID=31844) to work on /home/sayone/This PC/SayOne Technologies/Works/airflow_new/Airflow/venv/lib/python3.8/site-packages/airflow/example_dags/example_branch_python_dop_operator_3.py
[2022-09-20T17:29:10.731+0530] {processor.py:640} INFO - Processing file /home/sayone/This PC/SayOne Technologies/Works/airflow_new/Airflow/venv/lib/python3.8/site-packages/airflow/example_dags/example_branch_python_dop_operator_3.py for tasks to queue
[2022-09-20T17:29:10.732+0530] {logging_mixin.py:115} INFO - [2022-09-20T17:29:10.732+0530] {dagbag.py:508} INFO - Filling up the DagBag from /home/sayone/This PC/SayOne Technologies/Works/airflow_new/Airflow/venv/lib/python3.8/site-packages/airflow/example_dags/example_branch_python_dop_operator_3.py
[2022-09-20T17:29:10.745+0530] {processor.py:650} INFO - DAG(s) dict_keys(['example_branch_dop_operator_v3']) retrieved from /home/sayone/This PC/SayOne Technologies/Works/airflow_new/Airflow/venv/lib/python3.8/site-packages/airflow/example_dags/example_branch_python_dop_operator_3.py
[2022-09-20T17:29:10.754+0530] {logging_mixin.py:115} INFO - [2022-09-20T17:29:10.754+0530] {dag.py:2429} INFO - Sync 1 DAGs
[2022-09-20T17:29:10.767+0530] {logging_mixin.py:115} INFO - [2022-09-20T17:29:10.767+0530] {dag.py:2977} INFO - Setting next_dagrun for example_branch_dop_operator_v3 to 2022-09-20T11:58:00+00:00, run_after=2022-09-20T11:59:00+00:00
[2022-09-20T17:29:10.778+0530] {processor.py:161} INFO - Processing /home/sayone/This PC/SayOne Technologies/Works/airflow_new/Airflow/venv/lib/python3.8/site-packages/airflow/example_dags/example_branch_python_dop_operator_3.py took 0.051 seconds
[2022-09-20T17:29:44.501+0530] {processor.py:153} INFO - Started process (PID=32012) to work on /home/sayone/This PC/SayOne Technologies/Works/airflow_new/Airflow/venv/lib/python3.8/site-packages/airflow/example_dags/example_branch_python_dop_operator_3.py
[2022-09-20T17:29:44.504+0530] {processor.py:640} INFO - Processing file /home/sayone/This PC/SayOne Technologies/Works/airflow_new/Airflow/venv/lib/python3.8/site-packages/airflow/example_dags/example_branch_python_dop_operator_3.py for tasks to queue
[2022-09-20T17:29:44.504+0530] {logging_mixin.py:115} INFO - [2022-09-20T17:29:44.504+0530] {dagbag.py:508} INFO - Filling up the DagBag from /home/sayone/This PC/SayOne Technologies/Works/airflow_new/Airflow/venv/lib/python3.8/site-packages/airflow/example_dags/example_branch_python_dop_operator_3.py
[2022-09-20T17:29:44.516+0530] {processor.py:650} INFO - DAG(s) dict_keys(['example_branch_dop_operator_v3']) retrieved from /home/sayone/This PC/SayOne Technologies/Works/airflow_new/Airflow/venv/lib/python3.8/site-packages/airflow/example_dags/example_branch_python_dop_operator_3.py
[2022-09-20T17:29:44.525+0530] {logging_mixin.py:115} INFO - [2022-09-20T17:29:44.525+0530] {dag.py:2429} INFO - Sync 1 DAGs
[2022-09-20T17:29:44.537+0530] {logging_mixin.py:115} INFO - [2022-09-20T17:29:44.537+0530] {dag.py:2977} INFO - Setting next_dagrun for example_branch_dop_operator_v3 to 2022-09-20T11:58:00+00:00, run_after=2022-09-20T11:59:00+00:00
[2022-09-20T17:29:44.548+0530] {processor.py:161} INFO - Processing /home/sayone/This PC/SayOne Technologies/Works/airflow_new/Airflow/venv/lib/python3.8/site-packages/airflow/example_dags/example_branch_python_dop_operator_3.py took 0.050 seconds
[2022-09-20T17:30:21.575+0530] {processor.py:153} INFO - Started process (PID=32105) to work on /home/sayone/This PC/SayOne Technologies/Works/airflow_new/Airflow/venv/lib/python3.8/site-packages/airflow/example_dags/example_branch_python_dop_operator_3.py
[2022-09-20T17:30:21.578+0530] {processor.py:640} INFO - Processing file /home/sayone/This PC/SayOne Technologies/Works/airflow_new/Airflow/venv/lib/python3.8/site-packages/airflow/example_dags/example_branch_python_dop_operator_3.py for tasks to queue
[2022-09-20T17:30:21.579+0530] {logging_mixin.py:115} INFO - [2022-09-20T17:30:21.579+0530] {dagbag.py:508} INFO - Filling up the DagBag from /home/sayone/This PC/SayOne Technologies/Works/airflow_new/Airflow/venv/lib/python3.8/site-packages/airflow/example_dags/example_branch_python_dop_operator_3.py
[2022-09-20T17:30:21.592+0530] {processor.py:650} INFO - DAG(s) dict_keys(['example_branch_dop_operator_v3']) retrieved from /home/sayone/This PC/SayOne Technologies/Works/airflow_new/Airflow/venv/lib/python3.8/site-packages/airflow/example_dags/example_branch_python_dop_operator_3.py
[2022-09-20T17:30:21.601+0530] {logging_mixin.py:115} INFO - [2022-09-20T17:30:21.601+0530] {dag.py:2429} INFO - Sync 1 DAGs
[2022-09-20T17:30:21.614+0530] {logging_mixin.py:115} INFO - [2022-09-20T17:30:21.614+0530] {dag.py:2977} INFO - Setting next_dagrun for example_branch_dop_operator_v3 to 2022-09-20T11:59:00+00:00, run_after=2022-09-20T12:00:00+00:00
[2022-09-20T17:30:21.624+0530] {processor.py:161} INFO - Processing /home/sayone/This PC/SayOne Technologies/Works/airflow_new/Airflow/venv/lib/python3.8/site-packages/airflow/example_dags/example_branch_python_dop_operator_3.py took 0.050 seconds
[2022-09-20T17:30:57.612+0530] {processor.py:153} INFO - Started process (PID=32224) to work on /home/sayone/This PC/SayOne Technologies/Works/airflow_new/Airflow/venv/lib/python3.8/site-packages/airflow/example_dags/example_branch_python_dop_operator_3.py
[2022-09-20T17:30:57.614+0530] {processor.py:640} INFO - Processing file /home/sayone/This PC/SayOne Technologies/Works/airflow_new/Airflow/venv/lib/python3.8/site-packages/airflow/example_dags/example_branch_python_dop_operator_3.py for tasks to queue
[2022-09-20T17:30:57.615+0530] {logging_mixin.py:115} INFO - [2022-09-20T17:30:57.615+0530] {dagbag.py:508} INFO - Filling up the DagBag from /home/sayone/This PC/SayOne Technologies/Works/airflow_new/Airflow/venv/lib/python3.8/site-packages/airflow/example_dags/example_branch_python_dop_operator_3.py
[2022-09-20T17:30:57.621+0530] {processor.py:650} INFO - DAG(s) dict_keys(['example_branch_dop_operator_v3']) retrieved from /home/sayone/This PC/SayOne Technologies/Works/airflow_new/Airflow/venv/lib/python3.8/site-packages/airflow/example_dags/example_branch_python_dop_operator_3.py
[2022-09-20T17:30:57.630+0530] {logging_mixin.py:115} INFO - [2022-09-20T17:30:57.630+0530] {dag.py:2429} INFO - Sync 1 DAGs
[2022-09-20T17:30:57.642+0530] {logging_mixin.py:115} INFO - [2022-09-20T17:30:57.642+0530] {dag.py:2977} INFO - Setting next_dagrun for example_branch_dop_operator_v3 to 2022-09-20T11:59:00+00:00, run_after=2022-09-20T12:00:00+00:00
[2022-09-20T17:30:57.652+0530] {processor.py:161} INFO - Processing /home/sayone/This PC/SayOne Technologies/Works/airflow_new/Airflow/venv/lib/python3.8/site-packages/airflow/example_dags/example_branch_python_dop_operator_3.py took 0.042 seconds
[2022-09-20T17:31:34.463+0530] {processor.py:153} INFO - Started process (PID=32305) to work on /home/sayone/This PC/SayOne Technologies/Works/airflow_new/Airflow/venv/lib/python3.8/site-packages/airflow/example_dags/example_branch_python_dop_operator_3.py
[2022-09-20T17:31:34.465+0530] {processor.py:640} INFO - Processing file /home/sayone/This PC/SayOne Technologies/Works/airflow_new/Airflow/venv/lib/python3.8/site-packages/airflow/example_dags/example_branch_python_dop_operator_3.py for tasks to queue
[2022-09-20T17:31:34.466+0530] {logging_mixin.py:115} INFO - [2022-09-20T17:31:34.466+0530] {dagbag.py:508} INFO - Filling up the DagBag from /home/sayone/This PC/SayOne Technologies/Works/airflow_new/Airflow/venv/lib/python3.8/site-packages/airflow/example_dags/example_branch_python_dop_operator_3.py
[2022-09-20T17:31:34.478+0530] {processor.py:650} INFO - DAG(s) dict_keys(['example_branch_dop_operator_v3']) retrieved from /home/sayone/This PC/SayOne Technologies/Works/airflow_new/Airflow/venv/lib/python3.8/site-packages/airflow/example_dags/example_branch_python_dop_operator_3.py
[2022-09-20T17:31:34.488+0530] {logging_mixin.py:115} INFO - [2022-09-20T17:31:34.488+0530] {dag.py:2429} INFO - Sync 1 DAGs
[2022-09-20T17:31:34.501+0530] {logging_mixin.py:115} INFO - [2022-09-20T17:31:34.501+0530] {dag.py:2977} INFO - Setting next_dagrun for example_branch_dop_operator_v3 to 2022-09-20T12:00:00+00:00, run_after=2022-09-20T12:01:00+00:00
[2022-09-20T17:31:34.511+0530] {processor.py:161} INFO - Processing /home/sayone/This PC/SayOne Technologies/Works/airflow_new/Airflow/venv/lib/python3.8/site-packages/airflow/example_dags/example_branch_python_dop_operator_3.py took 0.050 seconds
[2022-09-20T17:32:09.829+0530] {processor.py:153} INFO - Started process (PID=32497) to work on /home/sayone/This PC/SayOne Technologies/Works/airflow_new/Airflow/venv/lib/python3.8/site-packages/airflow/example_dags/example_branch_python_dop_operator_3.py
[2022-09-20T17:32:09.832+0530] {processor.py:640} INFO - Processing file /home/sayone/This PC/SayOne Technologies/Works/airflow_new/Airflow/venv/lib/python3.8/site-packages/airflow/example_dags/example_branch_python_dop_operator_3.py for tasks to queue
[2022-09-20T17:32:09.833+0530] {logging_mixin.py:115} INFO - [2022-09-20T17:32:09.833+0530] {dagbag.py:508} INFO - Filling up the DagBag from /home/sayone/This PC/SayOne Technologies/Works/airflow_new/Airflow/venv/lib/python3.8/site-packages/airflow/example_dags/example_branch_python_dop_operator_3.py
[2022-09-20T17:32:09.846+0530] {processor.py:650} INFO - DAG(s) dict_keys(['example_branch_dop_operator_v3']) retrieved from /home/sayone/This PC/SayOne Technologies/Works/airflow_new/Airflow/venv/lib/python3.8/site-packages/airflow/example_dags/example_branch_python_dop_operator_3.py
[2022-09-20T17:32:09.855+0530] {logging_mixin.py:115} INFO - [2022-09-20T17:32:09.855+0530] {dag.py:2429} INFO - Sync 1 DAGs
[2022-09-20T17:32:09.867+0530] {logging_mixin.py:115} INFO - [2022-09-20T17:32:09.867+0530] {dag.py:2977} INFO - Setting next_dagrun for example_branch_dop_operator_v3 to 2022-09-20T12:01:00+00:00, run_after=2022-09-20T12:02:00+00:00
[2022-09-20T17:32:09.876+0530] {processor.py:161} INFO - Processing /home/sayone/This PC/SayOne Technologies/Works/airflow_new/Airflow/venv/lib/python3.8/site-packages/airflow/example_dags/example_branch_python_dop_operator_3.py took 0.051 seconds
[2022-09-20T17:32:45.400+0530] {processor.py:153} INFO - Started process (PID=32619) to work on /home/sayone/This PC/SayOne Technologies/Works/airflow_new/Airflow/venv/lib/python3.8/site-packages/airflow/example_dags/example_branch_python_dop_operator_3.py
[2022-09-20T17:32:45.403+0530] {processor.py:640} INFO - Processing file /home/sayone/This PC/SayOne Technologies/Works/airflow_new/Airflow/venv/lib/python3.8/site-packages/airflow/example_dags/example_branch_python_dop_operator_3.py for tasks to queue
[2022-09-20T17:32:45.403+0530] {logging_mixin.py:115} INFO - [2022-09-20T17:32:45.403+0530] {dagbag.py:508} INFO - Filling up the DagBag from /home/sayone/This PC/SayOne Technologies/Works/airflow_new/Airflow/venv/lib/python3.8/site-packages/airflow/example_dags/example_branch_python_dop_operator_3.py
[2022-09-20T17:32:45.414+0530] {processor.py:650} INFO - DAG(s) dict_keys(['example_branch_dop_operator_v3']) retrieved from /home/sayone/This PC/SayOne Technologies/Works/airflow_new/Airflow/venv/lib/python3.8/site-packages/airflow/example_dags/example_branch_python_dop_operator_3.py
[2022-09-20T17:32:45.424+0530] {logging_mixin.py:115} INFO - [2022-09-20T17:32:45.424+0530] {dag.py:2429} INFO - Sync 1 DAGs
[2022-09-20T17:32:45.436+0530] {logging_mixin.py:115} INFO - [2022-09-20T17:32:45.436+0530] {dag.py:2977} INFO - Setting next_dagrun for example_branch_dop_operator_v3 to 2022-09-20T12:01:00+00:00, run_after=2022-09-20T12:02:00+00:00
[2022-09-20T17:32:45.446+0530] {processor.py:161} INFO - Processing /home/sayone/This PC/SayOne Technologies/Works/airflow_new/Airflow/venv/lib/python3.8/site-packages/airflow/example_dags/example_branch_python_dop_operator_3.py took 0.049 seconds
[2022-09-20T17:33:20.474+0530] {processor.py:153} INFO - Started process (PID=32713) to work on /home/sayone/This PC/SayOne Technologies/Works/airflow_new/Airflow/venv/lib/python3.8/site-packages/airflow/example_dags/example_branch_python_dop_operator_3.py
[2022-09-20T17:33:20.477+0530] {processor.py:640} INFO - Processing file /home/sayone/This PC/SayOne Technologies/Works/airflow_new/Airflow/venv/lib/python3.8/site-packages/airflow/example_dags/example_branch_python_dop_operator_3.py for tasks to queue
[2022-09-20T17:33:20.478+0530] {logging_mixin.py:115} INFO - [2022-09-20T17:33:20.478+0530] {dagbag.py:508} INFO - Filling up the DagBag from /home/sayone/This PC/SayOne Technologies/Works/airflow_new/Airflow/venv/lib/python3.8/site-packages/airflow/example_dags/example_branch_python_dop_operator_3.py
[2022-09-20T17:33:20.485+0530] {processor.py:650} INFO - DAG(s) dict_keys(['example_branch_dop_operator_v3']) retrieved from /home/sayone/This PC/SayOne Technologies/Works/airflow_new/Airflow/venv/lib/python3.8/site-packages/airflow/example_dags/example_branch_python_dop_operator_3.py
[2022-09-20T17:33:20.494+0530] {logging_mixin.py:115} INFO - [2022-09-20T17:33:20.493+0530] {dag.py:2429} INFO - Sync 1 DAGs
[2022-09-20T17:33:20.506+0530] {logging_mixin.py:115} INFO - [2022-09-20T17:33:20.506+0530] {dag.py:2977} INFO - Setting next_dagrun for example_branch_dop_operator_v3 to 2022-09-20T12:02:00+00:00, run_after=2022-09-20T12:03:00+00:00
[2022-09-20T17:33:20.515+0530] {processor.py:161} INFO - Processing /home/sayone/This PC/SayOne Technologies/Works/airflow_new/Airflow/venv/lib/python3.8/site-packages/airflow/example_dags/example_branch_python_dop_operator_3.py took 0.042 seconds
[2022-09-20T17:33:57.428+0530] {processor.py:153} INFO - Started process (PID=32818) to work on /home/sayone/This PC/SayOne Technologies/Works/airflow_new/Airflow/venv/lib/python3.8/site-packages/airflow/example_dags/example_branch_python_dop_operator_3.py
[2022-09-20T17:33:57.431+0530] {processor.py:640} INFO - Processing file /home/sayone/This PC/SayOne Technologies/Works/airflow_new/Airflow/venv/lib/python3.8/site-packages/airflow/example_dags/example_branch_python_dop_operator_3.py for tasks to queue
[2022-09-20T17:33:57.431+0530] {logging_mixin.py:115} INFO - [2022-09-20T17:33:57.431+0530] {dagbag.py:508} INFO - Filling up the DagBag from /home/sayone/This PC/SayOne Technologies/Works/airflow_new/Airflow/venv/lib/python3.8/site-packages/airflow/example_dags/example_branch_python_dop_operator_3.py
[2022-09-20T17:33:57.439+0530] {processor.py:650} INFO - DAG(s) dict_keys(['example_branch_dop_operator_v3']) retrieved from /home/sayone/This PC/SayOne Technologies/Works/airflow_new/Airflow/venv/lib/python3.8/site-packages/airflow/example_dags/example_branch_python_dop_operator_3.py
[2022-09-20T17:33:57.448+0530] {logging_mixin.py:115} INFO - [2022-09-20T17:33:57.448+0530] {dag.py:2429} INFO - Sync 1 DAGs
[2022-09-20T17:33:57.460+0530] {logging_mixin.py:115} INFO - [2022-09-20T17:33:57.460+0530] {dag.py:2977} INFO - Setting next_dagrun for example_branch_dop_operator_v3 to 2022-09-20T12:02:00+00:00, run_after=2022-09-20T12:03:00+00:00
[2022-09-20T17:33:57.469+0530] {processor.py:161} INFO - Processing /home/sayone/This PC/SayOne Technologies/Works/airflow_new/Airflow/venv/lib/python3.8/site-packages/airflow/example_dags/example_branch_python_dop_operator_3.py took 0.043 seconds
[2022-09-20T17:34:34.658+0530] {processor.py:153} INFO - Started process (PID=33034) to work on /home/sayone/This PC/SayOne Technologies/Works/airflow_new/Airflow/venv/lib/python3.8/site-packages/airflow/example_dags/example_branch_python_dop_operator_3.py
[2022-09-20T17:34:34.660+0530] {processor.py:640} INFO - Processing file /home/sayone/This PC/SayOne Technologies/Works/airflow_new/Airflow/venv/lib/python3.8/site-packages/airflow/example_dags/example_branch_python_dop_operator_3.py for tasks to queue
[2022-09-20T17:34:34.661+0530] {logging_mixin.py:115} INFO - [2022-09-20T17:34:34.661+0530] {dagbag.py:508} INFO - Filling up the DagBag from /home/sayone/This PC/SayOne Technologies/Works/airflow_new/Airflow/venv/lib/python3.8/site-packages/airflow/example_dags/example_branch_python_dop_operator_3.py
[2022-09-20T17:34:34.675+0530] {processor.py:650} INFO - DAG(s) dict_keys(['example_branch_dop_operator_v3']) retrieved from /home/sayone/This PC/SayOne Technologies/Works/airflow_new/Airflow/venv/lib/python3.8/site-packages/airflow/example_dags/example_branch_python_dop_operator_3.py
[2022-09-20T17:34:34.684+0530] {logging_mixin.py:115} INFO - [2022-09-20T17:34:34.684+0530] {dag.py:2429} INFO - Sync 1 DAGs
[2022-09-20T17:34:34.696+0530] {logging_mixin.py:115} INFO - [2022-09-20T17:34:34.696+0530] {dag.py:2977} INFO - Setting next_dagrun for example_branch_dop_operator_v3 to 2022-09-20T12:03:00+00:00, run_after=2022-09-20T12:04:00+00:00
[2022-09-20T17:34:34.706+0530] {processor.py:161} INFO - Processing /home/sayone/This PC/SayOne Technologies/Works/airflow_new/Airflow/venv/lib/python3.8/site-packages/airflow/example_dags/example_branch_python_dop_operator_3.py took 0.050 seconds
[2022-09-20T17:35:10.337+0530] {processor.py:153} INFO - Started process (PID=33153) to work on /home/sayone/This PC/SayOne Technologies/Works/airflow_new/Airflow/venv/lib/python3.8/site-packages/airflow/example_dags/example_branch_python_dop_operator_3.py
[2022-09-20T17:35:10.339+0530] {processor.py:640} INFO - Processing file /home/sayone/This PC/SayOne Technologies/Works/airflow_new/Airflow/venv/lib/python3.8/site-packages/airflow/example_dags/example_branch_python_dop_operator_3.py for tasks to queue
[2022-09-20T17:35:10.340+0530] {logging_mixin.py:115} INFO - [2022-09-20T17:35:10.340+0530] {dagbag.py:508} INFO - Filling up the DagBag from /home/sayone/This PC/SayOne Technologies/Works/airflow_new/Airflow/venv/lib/python3.8/site-packages/airflow/example_dags/example_branch_python_dop_operator_3.py
[2022-09-20T17:35:10.353+0530] {processor.py:650} INFO - DAG(s) dict_keys(['example_branch_dop_operator_v3']) retrieved from /home/sayone/This PC/SayOne Technologies/Works/airflow_new/Airflow/venv/lib/python3.8/site-packages/airflow/example_dags/example_branch_python_dop_operator_3.py
[2022-09-20T17:35:10.361+0530] {logging_mixin.py:115} INFO - [2022-09-20T17:35:10.361+0530] {dag.py:2429} INFO - Sync 1 DAGs
[2022-09-20T17:35:10.374+0530] {logging_mixin.py:115} INFO - [2022-09-20T17:35:10.374+0530] {dag.py:2977} INFO - Setting next_dagrun for example_branch_dop_operator_v3 to 2022-09-20T12:04:00+00:00, run_after=2022-09-20T12:05:00+00:00
[2022-09-20T17:35:10.385+0530] {processor.py:161} INFO - Processing /home/sayone/This PC/SayOne Technologies/Works/airflow_new/Airflow/venv/lib/python3.8/site-packages/airflow/example_dags/example_branch_python_dop_operator_3.py took 0.052 seconds
[2022-09-20T17:35:45.613+0530] {processor.py:153} INFO - Started process (PID=33219) to work on /home/sayone/This PC/SayOne Technologies/Works/airflow_new/Airflow/venv/lib/python3.8/site-packages/airflow/example_dags/example_branch_python_dop_operator_3.py
[2022-09-20T17:35:45.617+0530] {processor.py:640} INFO - Processing file /home/sayone/This PC/SayOne Technologies/Works/airflow_new/Airflow/venv/lib/python3.8/site-packages/airflow/example_dags/example_branch_python_dop_operator_3.py for tasks to queue
[2022-09-20T17:35:45.618+0530] {logging_mixin.py:115} INFO - [2022-09-20T17:35:45.617+0530] {dagbag.py:508} INFO - Filling up the DagBag from /home/sayone/This PC/SayOne Technologies/Works/airflow_new/Airflow/venv/lib/python3.8/site-packages/airflow/example_dags/example_branch_python_dop_operator_3.py
[2022-09-20T17:35:45.629+0530] {processor.py:650} INFO - DAG(s) dict_keys(['example_branch_dop_operator_v3']) retrieved from /home/sayone/This PC/SayOne Technologies/Works/airflow_new/Airflow/venv/lib/python3.8/site-packages/airflow/example_dags/example_branch_python_dop_operator_3.py
[2022-09-20T17:35:45.638+0530] {logging_mixin.py:115} INFO - [2022-09-20T17:35:45.638+0530] {dag.py:2429} INFO - Sync 1 DAGs
[2022-09-20T17:35:45.650+0530] {logging_mixin.py:115} INFO - [2022-09-20T17:35:45.650+0530] {dag.py:2977} INFO - Setting next_dagrun for example_branch_dop_operator_v3 to 2022-09-20T12:04:00+00:00, run_after=2022-09-20T12:05:00+00:00
[2022-09-20T17:35:45.659+0530] {processor.py:161} INFO - Processing /home/sayone/This PC/SayOne Technologies/Works/airflow_new/Airflow/venv/lib/python3.8/site-packages/airflow/example_dags/example_branch_python_dop_operator_3.py took 0.050 seconds
[2022-09-20T17:36:23.615+0530] {processor.py:153} INFO - Started process (PID=33379) to work on /home/sayone/This PC/SayOne Technologies/Works/airflow_new/Airflow/venv/lib/python3.8/site-packages/airflow/example_dags/example_branch_python_dop_operator_3.py
[2022-09-20T17:36:23.618+0530] {processor.py:640} INFO - Processing file /home/sayone/This PC/SayOne Technologies/Works/airflow_new/Airflow/venv/lib/python3.8/site-packages/airflow/example_dags/example_branch_python_dop_operator_3.py for tasks to queue
[2022-09-20T17:36:23.619+0530] {logging_mixin.py:115} INFO - [2022-09-20T17:36:23.619+0530] {dagbag.py:508} INFO - Filling up the DagBag from /home/sayone/This PC/SayOne Technologies/Works/airflow_new/Airflow/venv/lib/python3.8/site-packages/airflow/example_dags/example_branch_python_dop_operator_3.py
[2022-09-20T17:36:23.631+0530] {processor.py:650} INFO - DAG(s) dict_keys(['example_branch_dop_operator_v3']) retrieved from /home/sayone/This PC/SayOne Technologies/Works/airflow_new/Airflow/venv/lib/python3.8/site-packages/airflow/example_dags/example_branch_python_dop_operator_3.py
[2022-09-20T17:36:23.640+0530] {logging_mixin.py:115} INFO - [2022-09-20T17:36:23.640+0530] {dag.py:2429} INFO - Sync 1 DAGs
[2022-09-20T17:36:23.653+0530] {logging_mixin.py:115} INFO - [2022-09-20T17:36:23.652+0530] {dag.py:2977} INFO - Setting next_dagrun for example_branch_dop_operator_v3 to 2022-09-20T12:05:00+00:00, run_after=2022-09-20T12:06:00+00:00
[2022-09-20T17:36:23.663+0530] {processor.py:161} INFO - Processing /home/sayone/This PC/SayOne Technologies/Works/airflow_new/Airflow/venv/lib/python3.8/site-packages/airflow/example_dags/example_branch_python_dop_operator_3.py took 0.052 seconds
[2022-09-20T17:36:58.618+0530] {processor.py:153} INFO - Started process (PID=33512) to work on /home/sayone/This PC/SayOne Technologies/Works/airflow_new/Airflow/venv/lib/python3.8/site-packages/airflow/example_dags/example_branch_python_dop_operator_3.py
[2022-09-20T17:36:58.622+0530] {processor.py:640} INFO - Processing file /home/sayone/This PC/SayOne Technologies/Works/airflow_new/Airflow/venv/lib/python3.8/site-packages/airflow/example_dags/example_branch_python_dop_operator_3.py for tasks to queue
[2022-09-20T17:36:58.623+0530] {logging_mixin.py:115} INFO - [2022-09-20T17:36:58.623+0530] {dagbag.py:508} INFO - Filling up the DagBag from /home/sayone/This PC/SayOne Technologies/Works/airflow_new/Airflow/venv/lib/python3.8/site-packages/airflow/example_dags/example_branch_python_dop_operator_3.py
[2022-09-20T17:36:58.639+0530] {processor.py:650} INFO - DAG(s) dict_keys(['example_branch_dop_operator_v3']) retrieved from /home/sayone/This PC/SayOne Technologies/Works/airflow_new/Airflow/venv/lib/python3.8/site-packages/airflow/example_dags/example_branch_python_dop_operator_3.py
[2022-09-20T17:36:58.654+0530] {logging_mixin.py:115} INFO - [2022-09-20T17:36:58.653+0530] {dag.py:2429} INFO - Sync 1 DAGs
[2022-09-20T17:36:58.675+0530] {logging_mixin.py:115} INFO - [2022-09-20T17:36:58.674+0530] {dag.py:2977} INFO - Setting next_dagrun for example_branch_dop_operator_v3 to 2022-09-20T12:05:00+00:00, run_after=2022-09-20T12:06:00+00:00
[2022-09-20T17:36:58.688+0530] {processor.py:161} INFO - Processing /home/sayone/This PC/SayOne Technologies/Works/airflow_new/Airflow/venv/lib/python3.8/site-packages/airflow/example_dags/example_branch_python_dop_operator_3.py took 0.075 seconds
[2022-09-20T17:37:36.535+0530] {processor.py:153} INFO - Started process (PID=33706) to work on /home/sayone/This PC/SayOne Technologies/Works/airflow_new/Airflow/venv/lib/python3.8/site-packages/airflow/example_dags/example_branch_python_dop_operator_3.py
[2022-09-20T17:37:36.537+0530] {processor.py:640} INFO - Processing file /home/sayone/This PC/SayOne Technologies/Works/airflow_new/Airflow/venv/lib/python3.8/site-packages/airflow/example_dags/example_branch_python_dop_operator_3.py for tasks to queue
[2022-09-20T17:37:36.538+0530] {logging_mixin.py:115} INFO - [2022-09-20T17:37:36.538+0530] {dagbag.py:508} INFO - Filling up the DagBag from /home/sayone/This PC/SayOne Technologies/Works/airflow_new/Airflow/venv/lib/python3.8/site-packages/airflow/example_dags/example_branch_python_dop_operator_3.py
[2022-09-20T17:37:36.547+0530] {processor.py:650} INFO - DAG(s) dict_keys(['example_branch_dop_operator_v3']) retrieved from /home/sayone/This PC/SayOne Technologies/Works/airflow_new/Airflow/venv/lib/python3.8/site-packages/airflow/example_dags/example_branch_python_dop_operator_3.py
[2022-09-20T17:37:36.555+0530] {logging_mixin.py:115} INFO - [2022-09-20T17:37:36.555+0530] {dag.py:2429} INFO - Sync 1 DAGs
[2022-09-20T17:37:36.567+0530] {logging_mixin.py:115} INFO - [2022-09-20T17:37:36.567+0530] {dag.py:2977} INFO - Setting next_dagrun for example_branch_dop_operator_v3 to 2022-09-20T12:06:00+00:00, run_after=2022-09-20T12:07:00+00:00
[2022-09-20T17:37:36.576+0530] {processor.py:161} INFO - Processing /home/sayone/This PC/SayOne Technologies/Works/airflow_new/Airflow/venv/lib/python3.8/site-packages/airflow/example_dags/example_branch_python_dop_operator_3.py took 0.043 seconds
[2022-09-20T17:38:22.461+0530] {processor.py:153} INFO - Started process (PID=33846) to work on /home/sayone/This PC/SayOne Technologies/Works/airflow_new/Airflow/venv/lib/python3.8/site-packages/airflow/example_dags/example_branch_python_dop_operator_3.py
[2022-09-20T17:38:22.461+0530] {processor.py:640} INFO - Processing file /home/sayone/This PC/SayOne Technologies/Works/airflow_new/Airflow/venv/lib/python3.8/site-packages/airflow/example_dags/example_branch_python_dop_operator_3.py for tasks to queue
[2022-09-20T17:38:22.462+0530] {logging_mixin.py:115} INFO - [2022-09-20T17:38:22.462+0530] {dagbag.py:508} INFO - Filling up the DagBag from /home/sayone/This PC/SayOne Technologies/Works/airflow_new/Airflow/venv/lib/python3.8/site-packages/airflow/example_dags/example_branch_python_dop_operator_3.py
[2022-09-20T17:38:22.469+0530] {processor.py:650} INFO - DAG(s) dict_keys(['example_branch_dop_operator_v3']) retrieved from /home/sayone/This PC/SayOne Technologies/Works/airflow_new/Airflow/venv/lib/python3.8/site-packages/airflow/example_dags/example_branch_python_dop_operator_3.py
[2022-09-20T17:38:22.480+0530] {logging_mixin.py:115} INFO - [2022-09-20T17:38:22.480+0530] {dag.py:2429} INFO - Sync 1 DAGs
[2022-09-20T17:38:22.493+0530] {logging_mixin.py:115} INFO - [2022-09-20T17:38:22.493+0530] {dag.py:2977} INFO - Setting next_dagrun for example_branch_dop_operator_v3 to 2022-09-20T12:07:00+00:00, run_after=2022-09-20T12:08:00+00:00
[2022-09-20T17:38:22.503+0530] {processor.py:161} INFO - Processing /home/sayone/This PC/SayOne Technologies/Works/airflow_new/Airflow/venv/lib/python3.8/site-packages/airflow/example_dags/example_branch_python_dop_operator_3.py took 0.044 seconds
[2022-09-20T17:39:00.207+0530] {processor.py:153} INFO - Started process (PID=33951) to work on /home/sayone/This PC/SayOne Technologies/Works/airflow_new/Airflow/venv/lib/python3.8/site-packages/airflow/example_dags/example_branch_python_dop_operator_3.py
[2022-09-20T17:39:00.209+0530] {processor.py:640} INFO - Processing file /home/sayone/This PC/SayOne Technologies/Works/airflow_new/Airflow/venv/lib/python3.8/site-packages/airflow/example_dags/example_branch_python_dop_operator_3.py for tasks to queue
[2022-09-20T17:39:00.210+0530] {logging_mixin.py:115} INFO - [2022-09-20T17:39:00.210+0530] {dagbag.py:508} INFO - Filling up the DagBag from /home/sayone/This PC/SayOne Technologies/Works/airflow_new/Airflow/venv/lib/python3.8/site-packages/airflow/example_dags/example_branch_python_dop_operator_3.py
[2022-09-20T17:39:00.223+0530] {processor.py:650} INFO - DAG(s) dict_keys(['example_branch_dop_operator_v3']) retrieved from /home/sayone/This PC/SayOne Technologies/Works/airflow_new/Airflow/venv/lib/python3.8/site-packages/airflow/example_dags/example_branch_python_dop_operator_3.py
[2022-09-20T17:39:00.232+0530] {logging_mixin.py:115} INFO - [2022-09-20T17:39:00.232+0530] {dag.py:2429} INFO - Sync 1 DAGs
[2022-09-20T17:39:00.245+0530] {logging_mixin.py:115} INFO - [2022-09-20T17:39:00.244+0530] {dag.py:2977} INFO - Setting next_dagrun for example_branch_dop_operator_v3 to 2022-09-20T12:08:00+00:00, run_after=2022-09-20T12:09:00+00:00
[2022-09-20T17:39:00.254+0530] {processor.py:161} INFO - Processing /home/sayone/This PC/SayOne Technologies/Works/airflow_new/Airflow/venv/lib/python3.8/site-packages/airflow/example_dags/example_branch_python_dop_operator_3.py took 0.048 seconds
[2022-09-20T17:39:33.360+0530] {processor.py:153} INFO - Started process (PID=34072) to work on /home/sayone/This PC/SayOne Technologies/Works/airflow_new/Airflow/venv/lib/python3.8/site-packages/airflow/example_dags/example_branch_python_dop_operator_3.py
[2022-09-20T17:39:33.363+0530] {processor.py:640} INFO - Processing file /home/sayone/This PC/SayOne Technologies/Works/airflow_new/Airflow/venv/lib/python3.8/site-packages/airflow/example_dags/example_branch_python_dop_operator_3.py for tasks to queue
[2022-09-20T17:39:33.363+0530] {logging_mixin.py:115} INFO - [2022-09-20T17:39:33.363+0530] {dagbag.py:508} INFO - Filling up the DagBag from /home/sayone/This PC/SayOne Technologies/Works/airflow_new/Airflow/venv/lib/python3.8/site-packages/airflow/example_dags/example_branch_python_dop_operator_3.py
[2022-09-20T17:39:33.373+0530] {processor.py:650} INFO - DAG(s) dict_keys(['example_branch_dop_operator_v3']) retrieved from /home/sayone/This PC/SayOne Technologies/Works/airflow_new/Airflow/venv/lib/python3.8/site-packages/airflow/example_dags/example_branch_python_dop_operator_3.py
[2022-09-20T17:39:33.384+0530] {logging_mixin.py:115} INFO - [2022-09-20T17:39:33.384+0530] {dag.py:2429} INFO - Sync 1 DAGs
[2022-09-20T17:39:33.399+0530] {logging_mixin.py:115} INFO - [2022-09-20T17:39:33.399+0530] {dag.py:2977} INFO - Setting next_dagrun for example_branch_dop_operator_v3 to 2022-09-20T12:08:00+00:00, run_after=2022-09-20T12:09:00+00:00
[2022-09-20T17:39:33.408+0530] {processor.py:161} INFO - Processing /home/sayone/This PC/SayOne Technologies/Works/airflow_new/Airflow/venv/lib/python3.8/site-packages/airflow/example_dags/example_branch_python_dop_operator_3.py took 0.052 seconds
[2022-09-20T17:40:11.129+0530] {processor.py:153} INFO - Started process (PID=34193) to work on /home/sayone/This PC/SayOne Technologies/Works/airflow_new/Airflow/venv/lib/python3.8/site-packages/airflow/example_dags/example_branch_python_dop_operator_3.py
[2022-09-20T17:40:11.132+0530] {processor.py:640} INFO - Processing file /home/sayone/This PC/SayOne Technologies/Works/airflow_new/Airflow/venv/lib/python3.8/site-packages/airflow/example_dags/example_branch_python_dop_operator_3.py for tasks to queue
[2022-09-20T17:40:11.133+0530] {logging_mixin.py:115} INFO - [2022-09-20T17:40:11.133+0530] {dagbag.py:508} INFO - Filling up the DagBag from /home/sayone/This PC/SayOne Technologies/Works/airflow_new/Airflow/venv/lib/python3.8/site-packages/airflow/example_dags/example_branch_python_dop_operator_3.py
[2022-09-20T17:40:11.145+0530] {processor.py:650} INFO - DAG(s) dict_keys(['example_branch_dop_operator_v3']) retrieved from /home/sayone/This PC/SayOne Technologies/Works/airflow_new/Airflow/venv/lib/python3.8/site-packages/airflow/example_dags/example_branch_python_dop_operator_3.py
[2022-09-20T17:40:11.154+0530] {logging_mixin.py:115} INFO - [2022-09-20T17:40:11.154+0530] {dag.py:2429} INFO - Sync 1 DAGs
[2022-09-20T17:40:11.166+0530] {logging_mixin.py:115} INFO - [2022-09-20T17:40:11.166+0530] {dag.py:2977} INFO - Setting next_dagrun for example_branch_dop_operator_v3 to 2022-09-20T12:09:00+00:00, run_after=2022-09-20T12:10:00+00:00
[2022-09-20T17:40:11.174+0530] {processor.py:161} INFO - Processing /home/sayone/This PC/SayOne Technologies/Works/airflow_new/Airflow/venv/lib/python3.8/site-packages/airflow/example_dags/example_branch_python_dop_operator_3.py took 0.047 seconds
[2022-09-20T17:40:45.987+0530] {processor.py:153} INFO - Started process (PID=34304) to work on /home/sayone/This PC/SayOne Technologies/Works/airflow_new/Airflow/venv/lib/python3.8/site-packages/airflow/example_dags/example_branch_python_dop_operator_3.py
[2022-09-20T17:40:45.990+0530] {processor.py:640} INFO - Processing file /home/sayone/This PC/SayOne Technologies/Works/airflow_new/Airflow/venv/lib/python3.8/site-packages/airflow/example_dags/example_branch_python_dop_operator_3.py for tasks to queue
[2022-09-20T17:40:45.991+0530] {logging_mixin.py:115} INFO - [2022-09-20T17:40:45.991+0530] {dagbag.py:508} INFO - Filling up the DagBag from /home/sayone/This PC/SayOne Technologies/Works/airflow_new/Airflow/venv/lib/python3.8/site-packages/airflow/example_dags/example_branch_python_dop_operator_3.py
[2022-09-20T17:40:46.001+0530] {processor.py:650} INFO - DAG(s) dict_keys(['example_branch_dop_operator_v3']) retrieved from /home/sayone/This PC/SayOne Technologies/Works/airflow_new/Airflow/venv/lib/python3.8/site-packages/airflow/example_dags/example_branch_python_dop_operator_3.py
[2022-09-20T17:40:46.009+0530] {logging_mixin.py:115} INFO - [2022-09-20T17:40:46.009+0530] {dag.py:2429} INFO - Sync 1 DAGs
[2022-09-20T17:40:46.023+0530] {logging_mixin.py:115} INFO - [2022-09-20T17:40:46.023+0530] {dag.py:2977} INFO - Setting next_dagrun for example_branch_dop_operator_v3 to 2022-09-20T12:09:00+00:00, run_after=2022-09-20T12:10:00+00:00
[2022-09-20T17:40:46.031+0530] {processor.py:161} INFO - Processing /home/sayone/This PC/SayOne Technologies/Works/airflow_new/Airflow/venv/lib/python3.8/site-packages/airflow/example_dags/example_branch_python_dop_operator_3.py took 0.048 seconds
[2022-09-20T17:41:24.235+0530] {processor.py:153} INFO - Started process (PID=34418) to work on /home/sayone/This PC/SayOne Technologies/Works/airflow_new/Airflow/venv/lib/python3.8/site-packages/airflow/example_dags/example_branch_python_dop_operator_3.py
[2022-09-20T17:41:24.236+0530] {processor.py:640} INFO - Processing file /home/sayone/This PC/SayOne Technologies/Works/airflow_new/Airflow/venv/lib/python3.8/site-packages/airflow/example_dags/example_branch_python_dop_operator_3.py for tasks to queue
[2022-09-20T17:41:24.237+0530] {logging_mixin.py:115} INFO - [2022-09-20T17:41:24.237+0530] {dagbag.py:508} INFO - Filling up the DagBag from /home/sayone/This PC/SayOne Technologies/Works/airflow_new/Airflow/venv/lib/python3.8/site-packages/airflow/example_dags/example_branch_python_dop_operator_3.py
[2022-09-20T17:41:24.247+0530] {processor.py:650} INFO - DAG(s) dict_keys(['example_branch_dop_operator_v3']) retrieved from /home/sayone/This PC/SayOne Technologies/Works/airflow_new/Airflow/venv/lib/python3.8/site-packages/airflow/example_dags/example_branch_python_dop_operator_3.py
[2022-09-20T17:41:24.256+0530] {logging_mixin.py:115} INFO - [2022-09-20T17:41:24.256+0530] {dag.py:2429} INFO - Sync 1 DAGs
[2022-09-20T17:41:24.269+0530] {logging_mixin.py:115} INFO - [2022-09-20T17:41:24.269+0530] {dag.py:2977} INFO - Setting next_dagrun for example_branch_dop_operator_v3 to 2022-09-20T12:10:00+00:00, run_after=2022-09-20T12:11:00+00:00
[2022-09-20T17:41:24.278+0530] {processor.py:161} INFO - Processing /home/sayone/This PC/SayOne Technologies/Works/airflow_new/Airflow/venv/lib/python3.8/site-packages/airflow/example_dags/example_branch_python_dop_operator_3.py took 0.047 seconds
[2022-09-20T17:45:52.152+0530] {processor.py:153} INFO - Started process (PID=34967) to work on /home/sayone/This PC/SayOne Technologies/Works/airflow_new/Airflow/venv/lib/python3.8/site-packages/airflow/example_dags/example_branch_python_dop_operator_3.py
[2022-09-20T17:45:52.154+0530] {processor.py:640} INFO - Processing file /home/sayone/This PC/SayOne Technologies/Works/airflow_new/Airflow/venv/lib/python3.8/site-packages/airflow/example_dags/example_branch_python_dop_operator_3.py for tasks to queue
[2022-09-20T17:45:52.155+0530] {logging_mixin.py:115} INFO - [2022-09-20T17:45:52.155+0530] {dagbag.py:508} INFO - Filling up the DagBag from /home/sayone/This PC/SayOne Technologies/Works/airflow_new/Airflow/venv/lib/python3.8/site-packages/airflow/example_dags/example_branch_python_dop_operator_3.py
[2022-09-20T17:45:52.166+0530] {processor.py:650} INFO - DAG(s) dict_keys(['example_branch_dop_operator_v3']) retrieved from /home/sayone/This PC/SayOne Technologies/Works/airflow_new/Airflow/venv/lib/python3.8/site-packages/airflow/example_dags/example_branch_python_dop_operator_3.py
[2022-09-20T17:45:52.176+0530] {logging_mixin.py:115} INFO - [2022-09-20T17:45:52.175+0530] {dag.py:2429} INFO - Sync 1 DAGs
[2022-09-20T17:45:52.188+0530] {logging_mixin.py:115} INFO - [2022-09-20T17:45:52.188+0530] {dag.py:2977} INFO - Setting next_dagrun for example_branch_dop_operator_v3 to 2022-09-20T12:14:00+00:00, run_after=2022-09-20T12:15:00+00:00
[2022-09-20T17:45:52.196+0530] {processor.py:161} INFO - Processing /home/sayone/This PC/SayOne Technologies/Works/airflow_new/Airflow/venv/lib/python3.8/site-packages/airflow/example_dags/example_branch_python_dop_operator_3.py took 0.046 seconds
[2022-09-20T17:46:46.766+0530] {processor.py:153} INFO - Started process (PID=35226) to work on /home/sayone/This PC/SayOne Technologies/Works/airflow_new/Airflow/venv/lib/python3.8/site-packages/airflow/example_dags/example_branch_python_dop_operator_3.py
[2022-09-20T17:46:46.769+0530] {processor.py:640} INFO - Processing file /home/sayone/This PC/SayOne Technologies/Works/airflow_new/Airflow/venv/lib/python3.8/site-packages/airflow/example_dags/example_branch_python_dop_operator_3.py for tasks to queue
[2022-09-20T17:46:46.770+0530] {logging_mixin.py:115} INFO - [2022-09-20T17:46:46.770+0530] {dagbag.py:508} INFO - Filling up the DagBag from /home/sayone/This PC/SayOne Technologies/Works/airflow_new/Airflow/venv/lib/python3.8/site-packages/airflow/example_dags/example_branch_python_dop_operator_3.py
[2022-09-20T17:46:46.782+0530] {processor.py:650} INFO - DAG(s) dict_keys(['example_branch_dop_operator_v3']) retrieved from /home/sayone/This PC/SayOne Technologies/Works/airflow_new/Airflow/venv/lib/python3.8/site-packages/airflow/example_dags/example_branch_python_dop_operator_3.py
[2022-09-20T17:46:46.791+0530] {logging_mixin.py:115} INFO - [2022-09-20T17:46:46.791+0530] {dag.py:2429} INFO - Sync 1 DAGs
[2022-09-20T17:46:46.803+0530] {logging_mixin.py:115} INFO - [2022-09-20T17:46:46.803+0530] {dag.py:2977} INFO - Setting next_dagrun for example_branch_dop_operator_v3 to 2022-09-20T12:15:00+00:00, run_after=2022-09-20T12:16:00+00:00
[2022-09-20T17:46:46.812+0530] {processor.py:161} INFO - Processing /home/sayone/This PC/SayOne Technologies/Works/airflow_new/Airflow/venv/lib/python3.8/site-packages/airflow/example_dags/example_branch_python_dop_operator_3.py took 0.051 seconds
[2022-09-20T17:47:21.701+0530] {processor.py:153} INFO - Started process (PID=35333) to work on /home/sayone/This PC/SayOne Technologies/Works/airflow_new/Airflow/venv/lib/python3.8/site-packages/airflow/example_dags/example_branch_python_dop_operator_3.py
[2022-09-20T17:47:21.701+0530] {processor.py:640} INFO - Processing file /home/sayone/This PC/SayOne Technologies/Works/airflow_new/Airflow/venv/lib/python3.8/site-packages/airflow/example_dags/example_branch_python_dop_operator_3.py for tasks to queue
[2022-09-20T17:47:21.702+0530] {logging_mixin.py:115} INFO - [2022-09-20T17:47:21.702+0530] {dagbag.py:508} INFO - Filling up the DagBag from /home/sayone/This PC/SayOne Technologies/Works/airflow_new/Airflow/venv/lib/python3.8/site-packages/airflow/example_dags/example_branch_python_dop_operator_3.py
[2022-09-20T17:47:21.707+0530] {processor.py:650} INFO - DAG(s) dict_keys(['example_branch_dop_operator_v3']) retrieved from /home/sayone/This PC/SayOne Technologies/Works/airflow_new/Airflow/venv/lib/python3.8/site-packages/airflow/example_dags/example_branch_python_dop_operator_3.py
[2022-09-20T17:47:21.720+0530] {logging_mixin.py:115} INFO - [2022-09-20T17:47:21.720+0530] {dag.py:2429} INFO - Sync 1 DAGs
[2022-09-20T17:47:21.733+0530] {logging_mixin.py:115} INFO - [2022-09-20T17:47:21.733+0530] {dag.py:2977} INFO - Setting next_dagrun for example_branch_dop_operator_v3 to 2022-09-20T12:16:00+00:00, run_after=2022-09-20T12:17:00+00:00
[2022-09-20T17:47:21.742+0530] {processor.py:161} INFO - Processing /home/sayone/This PC/SayOne Technologies/Works/airflow_new/Airflow/venv/lib/python3.8/site-packages/airflow/example_dags/example_branch_python_dop_operator_3.py took 0.042 seconds
[2022-09-20T17:48:00.012+0530] {processor.py:153} INFO - Started process (PID=35477) to work on /home/sayone/This PC/SayOne Technologies/Works/airflow_new/Airflow/venv/lib/python3.8/site-packages/airflow/example_dags/example_branch_python_dop_operator_3.py
[2022-09-20T17:48:00.013+0530] {processor.py:640} INFO - Processing file /home/sayone/This PC/SayOne Technologies/Works/airflow_new/Airflow/venv/lib/python3.8/site-packages/airflow/example_dags/example_branch_python_dop_operator_3.py for tasks to queue
[2022-09-20T17:48:00.014+0530] {logging_mixin.py:115} INFO - [2022-09-20T17:48:00.014+0530] {dagbag.py:508} INFO - Filling up the DagBag from /home/sayone/This PC/SayOne Technologies/Works/airflow_new/Airflow/venv/lib/python3.8/site-packages/airflow/example_dags/example_branch_python_dop_operator_3.py
[2022-09-20T17:48:00.022+0530] {processor.py:650} INFO - DAG(s) dict_keys(['example_branch_dop_operator_v3']) retrieved from /home/sayone/This PC/SayOne Technologies/Works/airflow_new/Airflow/venv/lib/python3.8/site-packages/airflow/example_dags/example_branch_python_dop_operator_3.py
[2022-09-20T17:48:00.031+0530] {logging_mixin.py:115} INFO - [2022-09-20T17:48:00.030+0530] {dag.py:2429} INFO - Sync 1 DAGs
[2022-09-20T17:48:00.043+0530] {logging_mixin.py:115} INFO - [2022-09-20T17:48:00.043+0530] {dag.py:2977} INFO - Setting next_dagrun for example_branch_dop_operator_v3 to 2022-09-20T12:17:00+00:00, run_after=2022-09-20T12:18:00+00:00
[2022-09-20T17:48:00.052+0530] {processor.py:161} INFO - Processing /home/sayone/This PC/SayOne Technologies/Works/airflow_new/Airflow/venv/lib/python3.8/site-packages/airflow/example_dags/example_branch_python_dop_operator_3.py took 0.041 seconds
[2022-09-20T17:48:36.253+0530] {processor.py:153} INFO - Started process (PID=35540) to work on /home/sayone/This PC/SayOne Technologies/Works/airflow_new/Airflow/venv/lib/python3.8/site-packages/airflow/example_dags/example_branch_python_dop_operator_3.py
[2022-09-20T17:48:36.256+0530] {processor.py:640} INFO - Processing file /home/sayone/This PC/SayOne Technologies/Works/airflow_new/Airflow/venv/lib/python3.8/site-packages/airflow/example_dags/example_branch_python_dop_operator_3.py for tasks to queue
[2022-09-20T17:48:36.256+0530] {logging_mixin.py:115} INFO - [2022-09-20T17:48:36.256+0530] {dagbag.py:508} INFO - Filling up the DagBag from /home/sayone/This PC/SayOne Technologies/Works/airflow_new/Airflow/venv/lib/python3.8/site-packages/airflow/example_dags/example_branch_python_dop_operator_3.py
[2022-09-20T17:48:36.268+0530] {processor.py:650} INFO - DAG(s) dict_keys(['example_branch_dop_operator_v3']) retrieved from /home/sayone/This PC/SayOne Technologies/Works/airflow_new/Airflow/venv/lib/python3.8/site-packages/airflow/example_dags/example_branch_python_dop_operator_3.py
[2022-09-20T17:48:36.277+0530] {logging_mixin.py:115} INFO - [2022-09-20T17:48:36.277+0530] {dag.py:2429} INFO - Sync 1 DAGs
[2022-09-20T17:48:36.289+0530] {logging_mixin.py:115} INFO - [2022-09-20T17:48:36.289+0530] {dag.py:2977} INFO - Setting next_dagrun for example_branch_dop_operator_v3 to 2022-09-20T12:17:00+00:00, run_after=2022-09-20T12:18:00+00:00
[2022-09-20T17:48:36.297+0530] {processor.py:161} INFO - Processing /home/sayone/This PC/SayOne Technologies/Works/airflow_new/Airflow/venv/lib/python3.8/site-packages/airflow/example_dags/example_branch_python_dop_operator_3.py took 0.049 seconds
[2022-09-20T17:49:14.403+0530] {processor.py:153} INFO - Started process (PID=35669) to work on /home/sayone/This PC/SayOne Technologies/Works/airflow_new/Airflow/venv/lib/python3.8/site-packages/airflow/example_dags/example_branch_python_dop_operator_3.py
[2022-09-20T17:49:14.406+0530] {processor.py:640} INFO - Processing file /home/sayone/This PC/SayOne Technologies/Works/airflow_new/Airflow/venv/lib/python3.8/site-packages/airflow/example_dags/example_branch_python_dop_operator_3.py for tasks to queue
[2022-09-20T17:49:14.407+0530] {logging_mixin.py:115} INFO - [2022-09-20T17:49:14.407+0530] {dagbag.py:508} INFO - Filling up the DagBag from /home/sayone/This PC/SayOne Technologies/Works/airflow_new/Airflow/venv/lib/python3.8/site-packages/airflow/example_dags/example_branch_python_dop_operator_3.py
[2022-09-20T17:49:14.419+0530] {processor.py:650} INFO - DAG(s) dict_keys(['example_branch_dop_operator_v3']) retrieved from /home/sayone/This PC/SayOne Technologies/Works/airflow_new/Airflow/venv/lib/python3.8/site-packages/airflow/example_dags/example_branch_python_dop_operator_3.py
[2022-09-20T17:49:14.427+0530] {logging_mixin.py:115} INFO - [2022-09-20T17:49:14.427+0530] {dag.py:2429} INFO - Sync 1 DAGs
[2022-09-20T17:49:14.440+0530] {logging_mixin.py:115} INFO - [2022-09-20T17:49:14.440+0530] {dag.py:2977} INFO - Setting next_dagrun for example_branch_dop_operator_v3 to 2022-09-20T12:18:00+00:00, run_after=2022-09-20T12:19:00+00:00
[2022-09-20T17:49:14.449+0530] {processor.py:161} INFO - Processing /home/sayone/This PC/SayOne Technologies/Works/airflow_new/Airflow/venv/lib/python3.8/site-packages/airflow/example_dags/example_branch_python_dop_operator_3.py took 0.050 seconds
[2022-09-20T17:49:50.814+0530] {processor.py:153} INFO - Started process (PID=35734) to work on /home/sayone/This PC/SayOne Technologies/Works/airflow_new/Airflow/venv/lib/python3.8/site-packages/airflow/example_dags/example_branch_python_dop_operator_3.py
[2022-09-20T17:49:50.817+0530] {processor.py:640} INFO - Processing file /home/sayone/This PC/SayOne Technologies/Works/airflow_new/Airflow/venv/lib/python3.8/site-packages/airflow/example_dags/example_branch_python_dop_operator_3.py for tasks to queue
[2022-09-20T17:49:50.818+0530] {logging_mixin.py:115} INFO - [2022-09-20T17:49:50.818+0530] {dagbag.py:508} INFO - Filling up the DagBag from /home/sayone/This PC/SayOne Technologies/Works/airflow_new/Airflow/venv/lib/python3.8/site-packages/airflow/example_dags/example_branch_python_dop_operator_3.py
[2022-09-20T17:49:50.830+0530] {processor.py:650} INFO - DAG(s) dict_keys(['example_branch_dop_operator_v3']) retrieved from /home/sayone/This PC/SayOne Technologies/Works/airflow_new/Airflow/venv/lib/python3.8/site-packages/airflow/example_dags/example_branch_python_dop_operator_3.py
[2022-09-20T17:49:50.839+0530] {logging_mixin.py:115} INFO - [2022-09-20T17:49:50.839+0530] {dag.py:2429} INFO - Sync 1 DAGs
[2022-09-20T17:49:50.855+0530] {logging_mixin.py:115} INFO - [2022-09-20T17:49:50.855+0530] {dag.py:2977} INFO - Setting next_dagrun for example_branch_dop_operator_v3 to 2022-09-20T12:18:00+00:00, run_after=2022-09-20T12:19:00+00:00
[2022-09-20T17:49:50.866+0530] {processor.py:161} INFO - Processing /home/sayone/This PC/SayOne Technologies/Works/airflow_new/Airflow/venv/lib/python3.8/site-packages/airflow/example_dags/example_branch_python_dop_operator_3.py took 0.057 seconds
[2022-09-20T17:50:27.632+0530] {processor.py:153} INFO - Started process (PID=35843) to work on /home/sayone/This PC/SayOne Technologies/Works/airflow_new/Airflow/venv/lib/python3.8/site-packages/airflow/example_dags/example_branch_python_dop_operator_3.py
[2022-09-20T17:50:27.634+0530] {processor.py:640} INFO - Processing file /home/sayone/This PC/SayOne Technologies/Works/airflow_new/Airflow/venv/lib/python3.8/site-packages/airflow/example_dags/example_branch_python_dop_operator_3.py for tasks to queue
[2022-09-20T17:50:27.635+0530] {logging_mixin.py:115} INFO - [2022-09-20T17:50:27.635+0530] {dagbag.py:508} INFO - Filling up the DagBag from /home/sayone/This PC/SayOne Technologies/Works/airflow_new/Airflow/venv/lib/python3.8/site-packages/airflow/example_dags/example_branch_python_dop_operator_3.py
[2022-09-20T17:50:27.646+0530] {processor.py:650} INFO - DAG(s) dict_keys(['example_branch_dop_operator_v3']) retrieved from /home/sayone/This PC/SayOne Technologies/Works/airflow_new/Airflow/venv/lib/python3.8/site-packages/airflow/example_dags/example_branch_python_dop_operator_3.py
[2022-09-20T17:50:27.655+0530] {logging_mixin.py:115} INFO - [2022-09-20T17:50:27.655+0530] {dag.py:2429} INFO - Sync 1 DAGs
[2022-09-20T17:50:27.667+0530] {logging_mixin.py:115} INFO - [2022-09-20T17:50:27.667+0530] {dag.py:2977} INFO - Setting next_dagrun for example_branch_dop_operator_v3 to 2022-09-20T12:19:00+00:00, run_after=2022-09-20T12:20:00+00:00
[2022-09-20T17:50:27.676+0530] {processor.py:161} INFO - Processing /home/sayone/This PC/SayOne Technologies/Works/airflow_new/Airflow/venv/lib/python3.8/site-packages/airflow/example_dags/example_branch_python_dop_operator_3.py took 0.047 seconds
[2022-09-20T17:51:03.678+0530] {processor.py:153} INFO - Started process (PID=35952) to work on /home/sayone/This PC/SayOne Technologies/Works/airflow_new/Airflow/venv/lib/python3.8/site-packages/airflow/example_dags/example_branch_python_dop_operator_3.py
[2022-09-20T17:51:03.681+0530] {processor.py:640} INFO - Processing file /home/sayone/This PC/SayOne Technologies/Works/airflow_new/Airflow/venv/lib/python3.8/site-packages/airflow/example_dags/example_branch_python_dop_operator_3.py for tasks to queue
[2022-09-20T17:51:03.682+0530] {logging_mixin.py:115} INFO - [2022-09-20T17:51:03.681+0530] {dagbag.py:508} INFO - Filling up the DagBag from /home/sayone/This PC/SayOne Technologies/Works/airflow_new/Airflow/venv/lib/python3.8/site-packages/airflow/example_dags/example_branch_python_dop_operator_3.py
[2022-09-20T17:51:03.694+0530] {processor.py:650} INFO - DAG(s) dict_keys(['example_branch_dop_operator_v3']) retrieved from /home/sayone/This PC/SayOne Technologies/Works/airflow_new/Airflow/venv/lib/python3.8/site-packages/airflow/example_dags/example_branch_python_dop_operator_3.py
[2022-09-20T17:51:03.703+0530] {logging_mixin.py:115} INFO - [2022-09-20T17:51:03.703+0530] {dag.py:2429} INFO - Sync 1 DAGs
[2022-09-20T17:51:03.715+0530] {logging_mixin.py:115} INFO - [2022-09-20T17:51:03.715+0530] {dag.py:2977} INFO - Setting next_dagrun for example_branch_dop_operator_v3 to 2022-09-20T12:20:00+00:00, run_after=2022-09-20T12:21:00+00:00
[2022-09-20T17:51:03.725+0530] {processor.py:161} INFO - Processing /home/sayone/This PC/SayOne Technologies/Works/airflow_new/Airflow/venv/lib/python3.8/site-packages/airflow/example_dags/example_branch_python_dop_operator_3.py took 0.050 seconds
[2022-09-20T17:51:40.790+0530] {processor.py:153} INFO - Started process (PID=36012) to work on /home/sayone/This PC/SayOne Technologies/Works/airflow_new/Airflow/venv/lib/python3.8/site-packages/airflow/example_dags/example_branch_python_dop_operator_3.py
[2022-09-20T17:51:40.793+0530] {processor.py:640} INFO - Processing file /home/sayone/This PC/SayOne Technologies/Works/airflow_new/Airflow/venv/lib/python3.8/site-packages/airflow/example_dags/example_branch_python_dop_operator_3.py for tasks to queue
[2022-09-20T17:51:40.793+0530] {logging_mixin.py:115} INFO - [2022-09-20T17:51:40.793+0530] {dagbag.py:508} INFO - Filling up the DagBag from /home/sayone/This PC/SayOne Technologies/Works/airflow_new/Airflow/venv/lib/python3.8/site-packages/airflow/example_dags/example_branch_python_dop_operator_3.py
[2022-09-20T17:51:40.805+0530] {processor.py:650} INFO - DAG(s) dict_keys(['example_branch_dop_operator_v3']) retrieved from /home/sayone/This PC/SayOne Technologies/Works/airflow_new/Airflow/venv/lib/python3.8/site-packages/airflow/example_dags/example_branch_python_dop_operator_3.py
[2022-09-20T17:51:40.814+0530] {logging_mixin.py:115} INFO - [2022-09-20T17:51:40.814+0530] {dag.py:2429} INFO - Sync 1 DAGs
[2022-09-20T17:51:40.826+0530] {logging_mixin.py:115} INFO - [2022-09-20T17:51:40.826+0530] {dag.py:2977} INFO - Setting next_dagrun for example_branch_dop_operator_v3 to 2022-09-20T12:20:00+00:00, run_after=2022-09-20T12:21:00+00:00
[2022-09-20T17:51:40.835+0530] {processor.py:161} INFO - Processing /home/sayone/This PC/SayOne Technologies/Works/airflow_new/Airflow/venv/lib/python3.8/site-packages/airflow/example_dags/example_branch_python_dop_operator_3.py took 0.046 seconds
