[2022-09-20T17:16:47.228+0530] {processor.py:153} INFO - Started process (PID=28617) to work on /home/sayone/This PC/SayOne Technologies/Works/airflow_new/Airflow/venv/lib/python3.8/site-packages/airflow/example_dags/example_time_delta_sensor_async.py
[2022-09-20T17:16:47.229+0530] {processor.py:640} INFO - Processing file /home/sayone/This PC/SayOne Technologies/Works/airflow_new/Airflow/venv/lib/python3.8/site-packages/airflow/example_dags/example_time_delta_sensor_async.py for tasks to queue
[2022-09-20T17:16:47.229+0530] {logging_mixin.py:115} INFO - [2022-09-20T17:16:47.229+0530] {dagbag.py:508} INFO - Filling up the DagBag from /home/sayone/This PC/SayOne Technologies/Works/airflow_new/Airflow/venv/lib/python3.8/site-packages/airflow/example_dags/example_time_delta_sensor_async.py
[2022-09-20T17:16:47.232+0530] {processor.py:650} INFO - DAG(s) dict_keys(['example_time_delta_sensor_async']) retrieved from /home/sayone/This PC/SayOne Technologies/Works/airflow_new/Airflow/venv/lib/python3.8/site-packages/airflow/example_dags/example_time_delta_sensor_async.py
[2022-09-20T17:16:47.329+0530] {logging_mixin.py:115} INFO - [2022-09-20T17:16:47.329+0530] {manager.py:508} INFO - Created Permission View: can edit on DAG:example_time_delta_sensor_async
[2022-09-20T17:16:47.341+0530] {logging_mixin.py:115} INFO - [2022-09-20T17:16:47.341+0530] {manager.py:508} INFO - Created Permission View: can read on DAG:example_time_delta_sensor_async
[2022-09-20T17:16:47.348+0530] {logging_mixin.py:115} INFO - [2022-09-20T17:16:47.348+0530] {manager.py:508} INFO - Created Permission View: can delete on DAG:example_time_delta_sensor_async
[2022-09-20T17:16:47.348+0530] {logging_mixin.py:115} INFO - [2022-09-20T17:16:47.348+0530] {dag.py:2429} INFO - Sync 1 DAGs
[2022-09-20T17:16:47.354+0530] {logging_mixin.py:115} INFO - [2022-09-20T17:16:47.354+0530] {dag.py:2448} INFO - Creating ORM DAG for example_time_delta_sensor_async
[2022-09-20T17:16:47.362+0530] {logging_mixin.py:115} INFO - [2022-09-20T17:16:47.362+0530] {dag.py:2977} INFO - Setting next_dagrun for example_time_delta_sensor_async to None, run_after=None
[2022-09-20T17:16:47.374+0530] {processor.py:161} INFO - Processing /home/sayone/This PC/SayOne Technologies/Works/airflow_new/Airflow/venv/lib/python3.8/site-packages/airflow/example_dags/example_time_delta_sensor_async.py took 0.147 seconds
[2022-09-20T17:17:24.038+0530] {processor.py:153} INFO - Started process (PID=28904) to work on /home/sayone/This PC/SayOne Technologies/Works/airflow_new/Airflow/venv/lib/python3.8/site-packages/airflow/example_dags/example_time_delta_sensor_async.py
[2022-09-20T17:17:24.041+0530] {processor.py:640} INFO - Processing file /home/sayone/This PC/SayOne Technologies/Works/airflow_new/Airflow/venv/lib/python3.8/site-packages/airflow/example_dags/example_time_delta_sensor_async.py for tasks to queue
[2022-09-20T17:17:24.042+0530] {logging_mixin.py:115} INFO - [2022-09-20T17:17:24.042+0530] {dagbag.py:508} INFO - Filling up the DagBag from /home/sayone/This PC/SayOne Technologies/Works/airflow_new/Airflow/venv/lib/python3.8/site-packages/airflow/example_dags/example_time_delta_sensor_async.py
[2022-09-20T17:17:24.047+0530] {processor.py:650} INFO - DAG(s) dict_keys(['example_time_delta_sensor_async']) retrieved from /home/sayone/This PC/SayOne Technologies/Works/airflow_new/Airflow/venv/lib/python3.8/site-packages/airflow/example_dags/example_time_delta_sensor_async.py
[2022-09-20T17:17:24.098+0530] {logging_mixin.py:115} INFO - [2022-09-20T17:17:24.098+0530] {dag.py:2429} INFO - Sync 1 DAGs
[2022-09-20T17:17:24.111+0530] {logging_mixin.py:115} INFO - [2022-09-20T17:17:24.111+0530] {dag.py:2977} INFO - Setting next_dagrun for example_time_delta_sensor_async to None, run_after=None
[2022-09-20T17:17:24.120+0530] {processor.py:161} INFO - Processing /home/sayone/This PC/SayOne Technologies/Works/airflow_new/Airflow/venv/lib/python3.8/site-packages/airflow/example_dags/example_time_delta_sensor_async.py took 0.083 seconds
[2022-09-20T17:17:58.332+0530] {processor.py:153} INFO - Started process (PID=29076) to work on /home/sayone/This PC/SayOne Technologies/Works/airflow_new/Airflow/venv/lib/python3.8/site-packages/airflow/example_dags/example_time_delta_sensor_async.py
[2022-09-20T17:17:58.334+0530] {processor.py:640} INFO - Processing file /home/sayone/This PC/SayOne Technologies/Works/airflow_new/Airflow/venv/lib/python3.8/site-packages/airflow/example_dags/example_time_delta_sensor_async.py for tasks to queue
[2022-09-20T17:17:58.335+0530] {logging_mixin.py:115} INFO - [2022-09-20T17:17:58.335+0530] {dagbag.py:508} INFO - Filling up the DagBag from /home/sayone/This PC/SayOne Technologies/Works/airflow_new/Airflow/venv/lib/python3.8/site-packages/airflow/example_dags/example_time_delta_sensor_async.py
[2022-09-20T17:17:58.339+0530] {processor.py:650} INFO - DAG(s) dict_keys(['example_time_delta_sensor_async']) retrieved from /home/sayone/This PC/SayOne Technologies/Works/airflow_new/Airflow/venv/lib/python3.8/site-packages/airflow/example_dags/example_time_delta_sensor_async.py
[2022-09-20T17:17:58.389+0530] {logging_mixin.py:115} INFO - [2022-09-20T17:17:58.389+0530] {dag.py:2429} INFO - Sync 1 DAGs
[2022-09-20T17:17:58.408+0530] {logging_mixin.py:115} INFO - [2022-09-20T17:17:58.408+0530] {dag.py:2977} INFO - Setting next_dagrun for example_time_delta_sensor_async to None, run_after=None
[2022-09-20T17:17:58.418+0530] {processor.py:161} INFO - Processing /home/sayone/This PC/SayOne Technologies/Works/airflow_new/Airflow/venv/lib/python3.8/site-packages/airflow/example_dags/example_time_delta_sensor_async.py took 0.090 seconds
[2022-09-20T17:18:33.544+0530] {processor.py:153} INFO - Started process (PID=29177) to work on /home/sayone/This PC/SayOne Technologies/Works/airflow_new/Airflow/venv/lib/python3.8/site-packages/airflow/example_dags/example_time_delta_sensor_async.py
[2022-09-20T17:18:33.547+0530] {processor.py:640} INFO - Processing file /home/sayone/This PC/SayOne Technologies/Works/airflow_new/Airflow/venv/lib/python3.8/site-packages/airflow/example_dags/example_time_delta_sensor_async.py for tasks to queue
[2022-09-20T17:18:33.549+0530] {logging_mixin.py:115} INFO - [2022-09-20T17:18:33.548+0530] {dagbag.py:508} INFO - Filling up the DagBag from /home/sayone/This PC/SayOne Technologies/Works/airflow_new/Airflow/venv/lib/python3.8/site-packages/airflow/example_dags/example_time_delta_sensor_async.py
[2022-09-20T17:18:33.556+0530] {processor.py:650} INFO - DAG(s) dict_keys(['example_time_delta_sensor_async']) retrieved from /home/sayone/This PC/SayOne Technologies/Works/airflow_new/Airflow/venv/lib/python3.8/site-packages/airflow/example_dags/example_time_delta_sensor_async.py
[2022-09-20T17:18:33.611+0530] {logging_mixin.py:115} INFO - [2022-09-20T17:18:33.611+0530] {dag.py:2429} INFO - Sync 1 DAGs
[2022-09-20T17:18:33.624+0530] {logging_mixin.py:115} INFO - [2022-09-20T17:18:33.624+0530] {dag.py:2977} INFO - Setting next_dagrun for example_time_delta_sensor_async to None, run_after=None
[2022-09-20T17:18:33.634+0530] {processor.py:161} INFO - Processing /home/sayone/This PC/SayOne Technologies/Works/airflow_new/Airflow/venv/lib/python3.8/site-packages/airflow/example_dags/example_time_delta_sensor_async.py took 0.096 seconds
[2022-09-20T17:19:09.170+0530] {processor.py:153} INFO - Started process (PID=29310) to work on /home/sayone/This PC/SayOne Technologies/Works/airflow_new/Airflow/venv/lib/python3.8/site-packages/airflow/example_dags/example_time_delta_sensor_async.py
[2022-09-20T17:19:09.171+0530] {processor.py:640} INFO - Processing file /home/sayone/This PC/SayOne Technologies/Works/airflow_new/Airflow/venv/lib/python3.8/site-packages/airflow/example_dags/example_time_delta_sensor_async.py for tasks to queue
[2022-09-20T17:19:09.172+0530] {logging_mixin.py:115} INFO - [2022-09-20T17:19:09.172+0530] {dagbag.py:508} INFO - Filling up the DagBag from /home/sayone/This PC/SayOne Technologies/Works/airflow_new/Airflow/venv/lib/python3.8/site-packages/airflow/example_dags/example_time_delta_sensor_async.py
[2022-09-20T17:19:09.178+0530] {processor.py:650} INFO - DAG(s) dict_keys(['example_time_delta_sensor_async']) retrieved from /home/sayone/This PC/SayOne Technologies/Works/airflow_new/Airflow/venv/lib/python3.8/site-packages/airflow/example_dags/example_time_delta_sensor_async.py
[2022-09-20T17:19:09.225+0530] {logging_mixin.py:115} INFO - [2022-09-20T17:19:09.225+0530] {dag.py:2429} INFO - Sync 1 DAGs
[2022-09-20T17:19:09.236+0530] {logging_mixin.py:115} INFO - [2022-09-20T17:19:09.236+0530] {dag.py:2977} INFO - Setting next_dagrun for example_time_delta_sensor_async to None, run_after=None
[2022-09-20T17:19:09.246+0530] {processor.py:161} INFO - Processing /home/sayone/This PC/SayOne Technologies/Works/airflow_new/Airflow/venv/lib/python3.8/site-packages/airflow/example_dags/example_time_delta_sensor_async.py took 0.080 seconds
[2022-09-20T17:19:44.056+0530] {processor.py:153} INFO - Started process (PID=29540) to work on /home/sayone/This PC/SayOne Technologies/Works/airflow_new/Airflow/venv/lib/python3.8/site-packages/airflow/example_dags/example_time_delta_sensor_async.py
[2022-09-20T17:19:44.058+0530] {processor.py:640} INFO - Processing file /home/sayone/This PC/SayOne Technologies/Works/airflow_new/Airflow/venv/lib/python3.8/site-packages/airflow/example_dags/example_time_delta_sensor_async.py for tasks to queue
[2022-09-20T17:19:44.058+0530] {logging_mixin.py:115} INFO - [2022-09-20T17:19:44.058+0530] {dagbag.py:508} INFO - Filling up the DagBag from /home/sayone/This PC/SayOne Technologies/Works/airflow_new/Airflow/venv/lib/python3.8/site-packages/airflow/example_dags/example_time_delta_sensor_async.py
[2022-09-20T17:19:44.064+0530] {processor.py:650} INFO - DAG(s) dict_keys(['example_time_delta_sensor_async']) retrieved from /home/sayone/This PC/SayOne Technologies/Works/airflow_new/Airflow/venv/lib/python3.8/site-packages/airflow/example_dags/example_time_delta_sensor_async.py
[2022-09-20T17:19:44.112+0530] {logging_mixin.py:115} INFO - [2022-09-20T17:19:44.112+0530] {dag.py:2429} INFO - Sync 1 DAGs
[2022-09-20T17:19:44.123+0530] {logging_mixin.py:115} INFO - [2022-09-20T17:19:44.123+0530] {dag.py:2977} INFO - Setting next_dagrun for example_time_delta_sensor_async to None, run_after=None
[2022-09-20T17:19:44.132+0530] {processor.py:161} INFO - Processing /home/sayone/This PC/SayOne Technologies/Works/airflow_new/Airflow/venv/lib/python3.8/site-packages/airflow/example_dags/example_time_delta_sensor_async.py took 0.080 seconds
[2022-09-20T17:20:06.317+0530] {processor.py:153} INFO - Started process (PID=29660) to work on /home/sayone/This PC/SayOne Technologies/Works/airflow_new/Airflow/venv/lib/python3.8/site-packages/airflow/example_dags/example_time_delta_sensor_async.py
[2022-09-20T17:20:06.318+0530] {processor.py:640} INFO - Processing file /home/sayone/This PC/SayOne Technologies/Works/airflow_new/Airflow/venv/lib/python3.8/site-packages/airflow/example_dags/example_time_delta_sensor_async.py for tasks to queue
[2022-09-20T17:20:06.318+0530] {logging_mixin.py:115} INFO - [2022-09-20T17:20:06.318+0530] {dagbag.py:508} INFO - Filling up the DagBag from /home/sayone/This PC/SayOne Technologies/Works/airflow_new/Airflow/venv/lib/python3.8/site-packages/airflow/example_dags/example_time_delta_sensor_async.py
[2022-09-20T17:20:06.322+0530] {processor.py:650} INFO - DAG(s) dict_keys(['example_time_delta_sensor_async']) retrieved from /home/sayone/This PC/SayOne Technologies/Works/airflow_new/Airflow/venv/lib/python3.8/site-packages/airflow/example_dags/example_time_delta_sensor_async.py
[2022-09-20T17:20:06.372+0530] {logging_mixin.py:115} INFO - [2022-09-20T17:20:06.372+0530] {dag.py:2429} INFO - Sync 1 DAGs
[2022-09-20T17:20:06.384+0530] {logging_mixin.py:115} INFO - [2022-09-20T17:20:06.384+0530] {dag.py:2977} INFO - Setting next_dagrun for example_time_delta_sensor_async to None, run_after=None
[2022-09-20T17:20:06.394+0530] {processor.py:161} INFO - Processing /home/sayone/This PC/SayOne Technologies/Works/airflow_new/Airflow/venv/lib/python3.8/site-packages/airflow/example_dags/example_time_delta_sensor_async.py took 0.079 seconds
[2022-09-20T17:20:42.413+0530] {processor.py:153} INFO - Started process (PID=29731) to work on /home/sayone/This PC/SayOne Technologies/Works/airflow_new/Airflow/venv/lib/python3.8/site-packages/airflow/example_dags/example_time_delta_sensor_async.py
[2022-09-20T17:20:42.416+0530] {processor.py:640} INFO - Processing file /home/sayone/This PC/SayOne Technologies/Works/airflow_new/Airflow/venv/lib/python3.8/site-packages/airflow/example_dags/example_time_delta_sensor_async.py for tasks to queue
[2022-09-20T17:20:42.416+0530] {logging_mixin.py:115} INFO - [2022-09-20T17:20:42.416+0530] {dagbag.py:508} INFO - Filling up the DagBag from /home/sayone/This PC/SayOne Technologies/Works/airflow_new/Airflow/venv/lib/python3.8/site-packages/airflow/example_dags/example_time_delta_sensor_async.py
[2022-09-20T17:20:42.422+0530] {processor.py:650} INFO - DAG(s) dict_keys(['example_time_delta_sensor_async']) retrieved from /home/sayone/This PC/SayOne Technologies/Works/airflow_new/Airflow/venv/lib/python3.8/site-packages/airflow/example_dags/example_time_delta_sensor_async.py
[2022-09-20T17:20:42.467+0530] {logging_mixin.py:115} INFO - [2022-09-20T17:20:42.467+0530] {dag.py:2429} INFO - Sync 1 DAGs
[2022-09-20T17:20:42.478+0530] {logging_mixin.py:115} INFO - [2022-09-20T17:20:42.478+0530] {dag.py:2977} INFO - Setting next_dagrun for example_time_delta_sensor_async to None, run_after=None
[2022-09-20T17:20:42.487+0530] {processor.py:161} INFO - Processing /home/sayone/This PC/SayOne Technologies/Works/airflow_new/Airflow/venv/lib/python3.8/site-packages/airflow/example_dags/example_time_delta_sensor_async.py took 0.078 seconds
[2022-09-20T17:21:16.136+0530] {processor.py:153} INFO - Started process (PID=29842) to work on /home/sayone/This PC/SayOne Technologies/Works/airflow_new/Airflow/venv/lib/python3.8/site-packages/airflow/example_dags/example_time_delta_sensor_async.py
[2022-09-20T17:21:16.138+0530] {processor.py:640} INFO - Processing file /home/sayone/This PC/SayOne Technologies/Works/airflow_new/Airflow/venv/lib/python3.8/site-packages/airflow/example_dags/example_time_delta_sensor_async.py for tasks to queue
[2022-09-20T17:21:16.139+0530] {logging_mixin.py:115} INFO - [2022-09-20T17:21:16.139+0530] {dagbag.py:508} INFO - Filling up the DagBag from /home/sayone/This PC/SayOne Technologies/Works/airflow_new/Airflow/venv/lib/python3.8/site-packages/airflow/example_dags/example_time_delta_sensor_async.py
[2022-09-20T17:21:16.142+0530] {processor.py:650} INFO - DAG(s) dict_keys(['example_time_delta_sensor_async']) retrieved from /home/sayone/This PC/SayOne Technologies/Works/airflow_new/Airflow/venv/lib/python3.8/site-packages/airflow/example_dags/example_time_delta_sensor_async.py
[2022-09-20T17:21:16.190+0530] {logging_mixin.py:115} INFO - [2022-09-20T17:21:16.190+0530] {dag.py:2429} INFO - Sync 1 DAGs
[2022-09-20T17:21:16.201+0530] {logging_mixin.py:115} INFO - [2022-09-20T17:21:16.201+0530] {dag.py:2977} INFO - Setting next_dagrun for example_time_delta_sensor_async to None, run_after=None
[2022-09-20T17:21:16.209+0530] {processor.py:161} INFO - Processing /home/sayone/This PC/SayOne Technologies/Works/airflow_new/Airflow/venv/lib/python3.8/site-packages/airflow/example_dags/example_time_delta_sensor_async.py took 0.076 seconds
[2022-09-20T17:21:54.456+0530] {processor.py:153} INFO - Started process (PID=29998) to work on /home/sayone/This PC/SayOne Technologies/Works/airflow_new/Airflow/venv/lib/python3.8/site-packages/airflow/example_dags/example_time_delta_sensor_async.py
[2022-09-20T17:21:54.459+0530] {processor.py:640} INFO - Processing file /home/sayone/This PC/SayOne Technologies/Works/airflow_new/Airflow/venv/lib/python3.8/site-packages/airflow/example_dags/example_time_delta_sensor_async.py for tasks to queue
[2022-09-20T17:21:54.459+0530] {logging_mixin.py:115} INFO - [2022-09-20T17:21:54.459+0530] {dagbag.py:508} INFO - Filling up the DagBag from /home/sayone/This PC/SayOne Technologies/Works/airflow_new/Airflow/venv/lib/python3.8/site-packages/airflow/example_dags/example_time_delta_sensor_async.py
[2022-09-20T17:21:54.464+0530] {processor.py:650} INFO - DAG(s) dict_keys(['example_time_delta_sensor_async']) retrieved from /home/sayone/This PC/SayOne Technologies/Works/airflow_new/Airflow/venv/lib/python3.8/site-packages/airflow/example_dags/example_time_delta_sensor_async.py
[2022-09-20T17:21:54.516+0530] {logging_mixin.py:115} INFO - [2022-09-20T17:21:54.516+0530] {dag.py:2429} INFO - Sync 1 DAGs
[2022-09-20T17:21:54.529+0530] {logging_mixin.py:115} INFO - [2022-09-20T17:21:54.528+0530] {dag.py:2977} INFO - Setting next_dagrun for example_time_delta_sensor_async to None, run_after=None
[2022-09-20T17:21:54.537+0530] {processor.py:161} INFO - Processing /home/sayone/This PC/SayOne Technologies/Works/airflow_new/Airflow/venv/lib/python3.8/site-packages/airflow/example_dags/example_time_delta_sensor_async.py took 0.084 seconds
[2022-09-20T17:22:27.921+0530] {processor.py:153} INFO - Started process (PID=30247) to work on /home/sayone/This PC/SayOne Technologies/Works/airflow_new/Airflow/venv/lib/python3.8/site-packages/airflow/example_dags/example_time_delta_sensor_async.py
[2022-09-20T17:22:27.924+0530] {processor.py:640} INFO - Processing file /home/sayone/This PC/SayOne Technologies/Works/airflow_new/Airflow/venv/lib/python3.8/site-packages/airflow/example_dags/example_time_delta_sensor_async.py for tasks to queue
[2022-09-20T17:22:27.925+0530] {logging_mixin.py:115} INFO - [2022-09-20T17:22:27.925+0530] {dagbag.py:508} INFO - Filling up the DagBag from /home/sayone/This PC/SayOne Technologies/Works/airflow_new/Airflow/venv/lib/python3.8/site-packages/airflow/example_dags/example_time_delta_sensor_async.py
[2022-09-20T17:22:27.931+0530] {processor.py:650} INFO - DAG(s) dict_keys(['example_time_delta_sensor_async']) retrieved from /home/sayone/This PC/SayOne Technologies/Works/airflow_new/Airflow/venv/lib/python3.8/site-packages/airflow/example_dags/example_time_delta_sensor_async.py
[2022-09-20T17:22:27.980+0530] {logging_mixin.py:115} INFO - [2022-09-20T17:22:27.980+0530] {dag.py:2429} INFO - Sync 1 DAGs
[2022-09-20T17:22:27.991+0530] {logging_mixin.py:115} INFO - [2022-09-20T17:22:27.991+0530] {dag.py:2977} INFO - Setting next_dagrun for example_time_delta_sensor_async to None, run_after=None
[2022-09-20T17:22:28.001+0530] {processor.py:161} INFO - Processing /home/sayone/This PC/SayOne Technologies/Works/airflow_new/Airflow/venv/lib/python3.8/site-packages/airflow/example_dags/example_time_delta_sensor_async.py took 0.084 seconds
[2022-09-20T17:23:31.662+0530] {processor.py:153} INFO - Started process (PID=30442) to work on /home/sayone/This PC/SayOne Technologies/Works/airflow_new/Airflow/venv/lib/python3.8/site-packages/airflow/example_dags/example_time_delta_sensor_async.py
[2022-09-20T17:23:31.664+0530] {processor.py:640} INFO - Processing file /home/sayone/This PC/SayOne Technologies/Works/airflow_new/Airflow/venv/lib/python3.8/site-packages/airflow/example_dags/example_time_delta_sensor_async.py for tasks to queue
[2022-09-20T17:23:31.665+0530] {logging_mixin.py:115} INFO - [2022-09-20T17:23:31.665+0530] {dagbag.py:508} INFO - Filling up the DagBag from /home/sayone/This PC/SayOne Technologies/Works/airflow_new/Airflow/venv/lib/python3.8/site-packages/airflow/example_dags/example_time_delta_sensor_async.py
[2022-09-20T17:23:31.668+0530] {processor.py:650} INFO - DAG(s) dict_keys(['example_time_delta_sensor_async']) retrieved from /home/sayone/This PC/SayOne Technologies/Works/airflow_new/Airflow/venv/lib/python3.8/site-packages/airflow/example_dags/example_time_delta_sensor_async.py
[2022-09-20T17:23:31.724+0530] {logging_mixin.py:115} INFO - [2022-09-20T17:23:31.724+0530] {dag.py:2429} INFO - Sync 1 DAGs
[2022-09-20T17:23:31.737+0530] {logging_mixin.py:115} INFO - [2022-09-20T17:23:31.737+0530] {dag.py:2977} INFO - Setting next_dagrun for example_time_delta_sensor_async to None, run_after=None
[2022-09-20T17:23:31.747+0530] {processor.py:161} INFO - Processing /home/sayone/This PC/SayOne Technologies/Works/airflow_new/Airflow/venv/lib/python3.8/site-packages/airflow/example_dags/example_time_delta_sensor_async.py took 0.088 seconds
[2022-09-20T17:24:06.532+0530] {processor.py:153} INFO - Started process (PID=30566) to work on /home/sayone/This PC/SayOne Technologies/Works/airflow_new/Airflow/venv/lib/python3.8/site-packages/airflow/example_dags/example_time_delta_sensor_async.py
[2022-09-20T17:24:06.535+0530] {processor.py:640} INFO - Processing file /home/sayone/This PC/SayOne Technologies/Works/airflow_new/Airflow/venv/lib/python3.8/site-packages/airflow/example_dags/example_time_delta_sensor_async.py for tasks to queue
[2022-09-20T17:24:06.536+0530] {logging_mixin.py:115} INFO - [2022-09-20T17:24:06.536+0530] {dagbag.py:508} INFO - Filling up the DagBag from /home/sayone/This PC/SayOne Technologies/Works/airflow_new/Airflow/venv/lib/python3.8/site-packages/airflow/example_dags/example_time_delta_sensor_async.py
[2022-09-20T17:24:06.542+0530] {processor.py:650} INFO - DAG(s) dict_keys(['example_time_delta_sensor_async']) retrieved from /home/sayone/This PC/SayOne Technologies/Works/airflow_new/Airflow/venv/lib/python3.8/site-packages/airflow/example_dags/example_time_delta_sensor_async.py
[2022-09-20T17:24:06.589+0530] {logging_mixin.py:115} INFO - [2022-09-20T17:24:06.589+0530] {dag.py:2429} INFO - Sync 1 DAGs
[2022-09-20T17:24:06.601+0530] {logging_mixin.py:115} INFO - [2022-09-20T17:24:06.601+0530] {dag.py:2977} INFO - Setting next_dagrun for example_time_delta_sensor_async to None, run_after=None
[2022-09-20T17:24:06.609+0530] {processor.py:161} INFO - Processing /home/sayone/This PC/SayOne Technologies/Works/airflow_new/Airflow/venv/lib/python3.8/site-packages/airflow/example_dags/example_time_delta_sensor_async.py took 0.081 seconds
[2022-09-20T17:24:41.415+0530] {processor.py:153} INFO - Started process (PID=30836) to work on /home/sayone/This PC/SayOne Technologies/Works/airflow_new/Airflow/venv/lib/python3.8/site-packages/airflow/example_dags/example_time_delta_sensor_async.py
[2022-09-20T17:24:41.418+0530] {processor.py:640} INFO - Processing file /home/sayone/This PC/SayOne Technologies/Works/airflow_new/Airflow/venv/lib/python3.8/site-packages/airflow/example_dags/example_time_delta_sensor_async.py for tasks to queue
[2022-09-20T17:24:41.419+0530] {logging_mixin.py:115} INFO - [2022-09-20T17:24:41.419+0530] {dagbag.py:508} INFO - Filling up the DagBag from /home/sayone/This PC/SayOne Technologies/Works/airflow_new/Airflow/venv/lib/python3.8/site-packages/airflow/example_dags/example_time_delta_sensor_async.py
[2022-09-20T17:24:41.425+0530] {processor.py:650} INFO - DAG(s) dict_keys(['example_time_delta_sensor_async']) retrieved from /home/sayone/This PC/SayOne Technologies/Works/airflow_new/Airflow/venv/lib/python3.8/site-packages/airflow/example_dags/example_time_delta_sensor_async.py
[2022-09-20T17:24:41.471+0530] {logging_mixin.py:115} INFO - [2022-09-20T17:24:41.471+0530] {dag.py:2429} INFO - Sync 1 DAGs
[2022-09-20T17:24:41.482+0530] {logging_mixin.py:115} INFO - [2022-09-20T17:24:41.482+0530] {dag.py:2977} INFO - Setting next_dagrun for example_time_delta_sensor_async to None, run_after=None
[2022-09-20T17:24:41.491+0530] {processor.py:161} INFO - Processing /home/sayone/This PC/SayOne Technologies/Works/airflow_new/Airflow/venv/lib/python3.8/site-packages/airflow/example_dags/example_time_delta_sensor_async.py took 0.080 seconds
[2022-09-20T17:25:17.909+0530] {processor.py:153} INFO - Started process (PID=30979) to work on /home/sayone/This PC/SayOne Technologies/Works/airflow_new/Airflow/venv/lib/python3.8/site-packages/airflow/example_dags/example_time_delta_sensor_async.py
[2022-09-20T17:25:17.910+0530] {processor.py:640} INFO - Processing file /home/sayone/This PC/SayOne Technologies/Works/airflow_new/Airflow/venv/lib/python3.8/site-packages/airflow/example_dags/example_time_delta_sensor_async.py for tasks to queue
[2022-09-20T17:25:17.910+0530] {logging_mixin.py:115} INFO - [2022-09-20T17:25:17.910+0530] {dagbag.py:508} INFO - Filling up the DagBag from /home/sayone/This PC/SayOne Technologies/Works/airflow_new/Airflow/venv/lib/python3.8/site-packages/airflow/example_dags/example_time_delta_sensor_async.py
[2022-09-20T17:25:17.914+0530] {processor.py:650} INFO - DAG(s) dict_keys(['example_time_delta_sensor_async']) retrieved from /home/sayone/This PC/SayOne Technologies/Works/airflow_new/Airflow/venv/lib/python3.8/site-packages/airflow/example_dags/example_time_delta_sensor_async.py
[2022-09-20T17:25:17.964+0530] {logging_mixin.py:115} INFO - [2022-09-20T17:25:17.964+0530] {dag.py:2429} INFO - Sync 1 DAGs
[2022-09-20T17:25:17.984+0530] {logging_mixin.py:115} INFO - [2022-09-20T17:25:17.984+0530] {dag.py:2977} INFO - Setting next_dagrun for example_time_delta_sensor_async to None, run_after=None
[2022-09-20T17:25:17.999+0530] {processor.py:161} INFO - Processing /home/sayone/This PC/SayOne Technologies/Works/airflow_new/Airflow/venv/lib/python3.8/site-packages/airflow/example_dags/example_time_delta_sensor_async.py took 0.092 seconds
[2022-09-20T17:25:53.371+0530] {processor.py:153} INFO - Started process (PID=31103) to work on /home/sayone/This PC/SayOne Technologies/Works/airflow_new/Airflow/venv/lib/python3.8/site-packages/airflow/example_dags/example_time_delta_sensor_async.py
[2022-09-20T17:25:53.374+0530] {processor.py:640} INFO - Processing file /home/sayone/This PC/SayOne Technologies/Works/airflow_new/Airflow/venv/lib/python3.8/site-packages/airflow/example_dags/example_time_delta_sensor_async.py for tasks to queue
[2022-09-20T17:25:53.375+0530] {logging_mixin.py:115} INFO - [2022-09-20T17:25:53.375+0530] {dagbag.py:508} INFO - Filling up the DagBag from /home/sayone/This PC/SayOne Technologies/Works/airflow_new/Airflow/venv/lib/python3.8/site-packages/airflow/example_dags/example_time_delta_sensor_async.py
[2022-09-20T17:25:53.382+0530] {processor.py:650} INFO - DAG(s) dict_keys(['example_time_delta_sensor_async']) retrieved from /home/sayone/This PC/SayOne Technologies/Works/airflow_new/Airflow/venv/lib/python3.8/site-packages/airflow/example_dags/example_time_delta_sensor_async.py
[2022-09-20T17:25:53.426+0530] {logging_mixin.py:115} INFO - [2022-09-20T17:25:53.426+0530] {dag.py:2429} INFO - Sync 1 DAGs
[2022-09-20T17:25:53.436+0530] {logging_mixin.py:115} INFO - [2022-09-20T17:25:53.436+0530] {dag.py:2977} INFO - Setting next_dagrun for example_time_delta_sensor_async to None, run_after=None
[2022-09-20T17:25:53.444+0530] {processor.py:161} INFO - Processing /home/sayone/This PC/SayOne Technologies/Works/airflow_new/Airflow/venv/lib/python3.8/site-packages/airflow/example_dags/example_time_delta_sensor_async.py took 0.077 seconds
[2022-09-20T17:26:30.761+0530] {processor.py:153} INFO - Started process (PID=31169) to work on /home/sayone/This PC/SayOne Technologies/Works/airflow_new/Airflow/venv/lib/python3.8/site-packages/airflow/example_dags/example_time_delta_sensor_async.py
[2022-09-20T17:26:30.765+0530] {processor.py:640} INFO - Processing file /home/sayone/This PC/SayOne Technologies/Works/airflow_new/Airflow/venv/lib/python3.8/site-packages/airflow/example_dags/example_time_delta_sensor_async.py for tasks to queue
[2022-09-20T17:26:30.766+0530] {logging_mixin.py:115} INFO - [2022-09-20T17:26:30.765+0530] {dagbag.py:508} INFO - Filling up the DagBag from /home/sayone/This PC/SayOne Technologies/Works/airflow_new/Airflow/venv/lib/python3.8/site-packages/airflow/example_dags/example_time_delta_sensor_async.py
[2022-09-20T17:26:30.773+0530] {processor.py:650} INFO - DAG(s) dict_keys(['example_time_delta_sensor_async']) retrieved from /home/sayone/This PC/SayOne Technologies/Works/airflow_new/Airflow/venv/lib/python3.8/site-packages/airflow/example_dags/example_time_delta_sensor_async.py
[2022-09-20T17:26:30.823+0530] {logging_mixin.py:115} INFO - [2022-09-20T17:26:30.823+0530] {dag.py:2429} INFO - Sync 1 DAGs
[2022-09-20T17:26:30.838+0530] {logging_mixin.py:115} INFO - [2022-09-20T17:26:30.838+0530] {dag.py:2977} INFO - Setting next_dagrun for example_time_delta_sensor_async to None, run_after=None
[2022-09-20T17:26:30.851+0530] {processor.py:161} INFO - Processing /home/sayone/This PC/SayOne Technologies/Works/airflow_new/Airflow/venv/lib/python3.8/site-packages/airflow/example_dags/example_time_delta_sensor_async.py took 0.094 seconds
[2022-09-20T17:27:06.167+0530] {processor.py:153} INFO - Started process (PID=31429) to work on /home/sayone/This PC/SayOne Technologies/Works/airflow_new/Airflow/venv/lib/python3.8/site-packages/airflow/example_dags/example_time_delta_sensor_async.py
[2022-09-20T17:27:06.169+0530] {processor.py:640} INFO - Processing file /home/sayone/This PC/SayOne Technologies/Works/airflow_new/Airflow/venv/lib/python3.8/site-packages/airflow/example_dags/example_time_delta_sensor_async.py for tasks to queue
[2022-09-20T17:27:06.170+0530] {logging_mixin.py:115} INFO - [2022-09-20T17:27:06.170+0530] {dagbag.py:508} INFO - Filling up the DagBag from /home/sayone/This PC/SayOne Technologies/Works/airflow_new/Airflow/venv/lib/python3.8/site-packages/airflow/example_dags/example_time_delta_sensor_async.py
[2022-09-20T17:27:06.178+0530] {processor.py:650} INFO - DAG(s) dict_keys(['example_time_delta_sensor_async']) retrieved from /home/sayone/This PC/SayOne Technologies/Works/airflow_new/Airflow/venv/lib/python3.8/site-packages/airflow/example_dags/example_time_delta_sensor_async.py
[2022-09-20T17:27:06.223+0530] {logging_mixin.py:115} INFO - [2022-09-20T17:27:06.223+0530] {dag.py:2429} INFO - Sync 1 DAGs
[2022-09-20T17:27:06.233+0530] {logging_mixin.py:115} INFO - [2022-09-20T17:27:06.233+0530] {dag.py:2977} INFO - Setting next_dagrun for example_time_delta_sensor_async to None, run_after=None
[2022-09-20T17:27:06.241+0530] {processor.py:161} INFO - Processing /home/sayone/This PC/SayOne Technologies/Works/airflow_new/Airflow/venv/lib/python3.8/site-packages/airflow/example_dags/example_time_delta_sensor_async.py took 0.078 seconds
[2022-09-20T17:27:43.874+0530] {processor.py:153} INFO - Started process (PID=31581) to work on /home/sayone/This PC/SayOne Technologies/Works/airflow_new/Airflow/venv/lib/python3.8/site-packages/airflow/example_dags/example_time_delta_sensor_async.py
[2022-09-20T17:27:43.877+0530] {processor.py:640} INFO - Processing file /home/sayone/This PC/SayOne Technologies/Works/airflow_new/Airflow/venv/lib/python3.8/site-packages/airflow/example_dags/example_time_delta_sensor_async.py for tasks to queue
[2022-09-20T17:27:43.877+0530] {logging_mixin.py:115} INFO - [2022-09-20T17:27:43.877+0530] {dagbag.py:508} INFO - Filling up the DagBag from /home/sayone/This PC/SayOne Technologies/Works/airflow_new/Airflow/venv/lib/python3.8/site-packages/airflow/example_dags/example_time_delta_sensor_async.py
[2022-09-20T17:27:43.885+0530] {processor.py:650} INFO - DAG(s) dict_keys(['example_time_delta_sensor_async']) retrieved from /home/sayone/This PC/SayOne Technologies/Works/airflow_new/Airflow/venv/lib/python3.8/site-packages/airflow/example_dags/example_time_delta_sensor_async.py
[2022-09-20T17:27:43.929+0530] {logging_mixin.py:115} INFO - [2022-09-20T17:27:43.929+0530] {dag.py:2429} INFO - Sync 1 DAGs
[2022-09-20T17:27:43.939+0530] {logging_mixin.py:115} INFO - [2022-09-20T17:27:43.939+0530] {dag.py:2977} INFO - Setting next_dagrun for example_time_delta_sensor_async to None, run_after=None
[2022-09-20T17:27:43.947+0530] {processor.py:161} INFO - Processing /home/sayone/This PC/SayOne Technologies/Works/airflow_new/Airflow/venv/lib/python3.8/site-packages/airflow/example_dags/example_time_delta_sensor_async.py took 0.074 seconds
[2022-09-20T17:28:18.229+0530] {processor.py:153} INFO - Started process (PID=31688) to work on /home/sayone/This PC/SayOne Technologies/Works/airflow_new/Airflow/venv/lib/python3.8/site-packages/airflow/example_dags/example_time_delta_sensor_async.py
[2022-09-20T17:28:18.232+0530] {processor.py:640} INFO - Processing file /home/sayone/This PC/SayOne Technologies/Works/airflow_new/Airflow/venv/lib/python3.8/site-packages/airflow/example_dags/example_time_delta_sensor_async.py for tasks to queue
[2022-09-20T17:28:18.233+0530] {logging_mixin.py:115} INFO - [2022-09-20T17:28:18.232+0530] {dagbag.py:508} INFO - Filling up the DagBag from /home/sayone/This PC/SayOne Technologies/Works/airflow_new/Airflow/venv/lib/python3.8/site-packages/airflow/example_dags/example_time_delta_sensor_async.py
[2022-09-20T17:28:18.239+0530] {processor.py:650} INFO - DAG(s) dict_keys(['example_time_delta_sensor_async']) retrieved from /home/sayone/This PC/SayOne Technologies/Works/airflow_new/Airflow/venv/lib/python3.8/site-packages/airflow/example_dags/example_time_delta_sensor_async.py
[2022-09-20T17:28:18.282+0530] {logging_mixin.py:115} INFO - [2022-09-20T17:28:18.282+0530] {dag.py:2429} INFO - Sync 1 DAGs
[2022-09-20T17:28:18.292+0530] {logging_mixin.py:115} INFO - [2022-09-20T17:28:18.292+0530] {dag.py:2977} INFO - Setting next_dagrun for example_time_delta_sensor_async to None, run_after=None
[2022-09-20T17:28:18.300+0530] {processor.py:161} INFO - Processing /home/sayone/This PC/SayOne Technologies/Works/airflow_new/Airflow/venv/lib/python3.8/site-packages/airflow/example_dags/example_time_delta_sensor_async.py took 0.072 seconds
[2022-09-20T17:28:57.045+0530] {processor.py:153} INFO - Started process (PID=31822) to work on /home/sayone/This PC/SayOne Technologies/Works/airflow_new/Airflow/venv/lib/python3.8/site-packages/airflow/example_dags/example_time_delta_sensor_async.py
[2022-09-20T17:28:57.048+0530] {processor.py:640} INFO - Processing file /home/sayone/This PC/SayOne Technologies/Works/airflow_new/Airflow/venv/lib/python3.8/site-packages/airflow/example_dags/example_time_delta_sensor_async.py for tasks to queue
[2022-09-20T17:28:57.049+0530] {logging_mixin.py:115} INFO - [2022-09-20T17:28:57.049+0530] {dagbag.py:508} INFO - Filling up the DagBag from /home/sayone/This PC/SayOne Technologies/Works/airflow_new/Airflow/venv/lib/python3.8/site-packages/airflow/example_dags/example_time_delta_sensor_async.py
[2022-09-20T17:28:57.057+0530] {processor.py:650} INFO - DAG(s) dict_keys(['example_time_delta_sensor_async']) retrieved from /home/sayone/This PC/SayOne Technologies/Works/airflow_new/Airflow/venv/lib/python3.8/site-packages/airflow/example_dags/example_time_delta_sensor_async.py
[2022-09-20T17:28:57.100+0530] {logging_mixin.py:115} INFO - [2022-09-20T17:28:57.100+0530] {dag.py:2429} INFO - Sync 1 DAGs
[2022-09-20T17:28:57.110+0530] {logging_mixin.py:115} INFO - [2022-09-20T17:28:57.110+0530] {dag.py:2977} INFO - Setting next_dagrun for example_time_delta_sensor_async to None, run_after=None
[2022-09-20T17:28:57.119+0530] {processor.py:161} INFO - Processing /home/sayone/This PC/SayOne Technologies/Works/airflow_new/Airflow/venv/lib/python3.8/site-packages/airflow/example_dags/example_time_delta_sensor_async.py took 0.078 seconds
[2022-09-20T17:29:31.780+0530] {processor.py:153} INFO - Started process (PID=31920) to work on /home/sayone/This PC/SayOne Technologies/Works/airflow_new/Airflow/venv/lib/python3.8/site-packages/airflow/example_dags/example_time_delta_sensor_async.py
[2022-09-20T17:29:31.783+0530] {processor.py:640} INFO - Processing file /home/sayone/This PC/SayOne Technologies/Works/airflow_new/Airflow/venv/lib/python3.8/site-packages/airflow/example_dags/example_time_delta_sensor_async.py for tasks to queue
[2022-09-20T17:29:31.784+0530] {logging_mixin.py:115} INFO - [2022-09-20T17:29:31.783+0530] {dagbag.py:508} INFO - Filling up the DagBag from /home/sayone/This PC/SayOne Technologies/Works/airflow_new/Airflow/venv/lib/python3.8/site-packages/airflow/example_dags/example_time_delta_sensor_async.py
[2022-09-20T17:29:31.790+0530] {processor.py:650} INFO - DAG(s) dict_keys(['example_time_delta_sensor_async']) retrieved from /home/sayone/This PC/SayOne Technologies/Works/airflow_new/Airflow/venv/lib/python3.8/site-packages/airflow/example_dags/example_time_delta_sensor_async.py
[2022-09-20T17:29:31.833+0530] {logging_mixin.py:115} INFO - [2022-09-20T17:29:31.833+0530] {dag.py:2429} INFO - Sync 1 DAGs
[2022-09-20T17:29:31.843+0530] {logging_mixin.py:115} INFO - [2022-09-20T17:29:31.843+0530] {dag.py:2977} INFO - Setting next_dagrun for example_time_delta_sensor_async to None, run_after=None
[2022-09-20T17:29:31.851+0530] {processor.py:161} INFO - Processing /home/sayone/This PC/SayOne Technologies/Works/airflow_new/Airflow/venv/lib/python3.8/site-packages/airflow/example_dags/example_time_delta_sensor_async.py took 0.075 seconds
[2022-09-20T17:30:07.583+0530] {processor.py:153} INFO - Started process (PID=32086) to work on /home/sayone/This PC/SayOne Technologies/Works/airflow_new/Airflow/venv/lib/python3.8/site-packages/airflow/example_dags/example_time_delta_sensor_async.py
[2022-09-20T17:30:07.585+0530] {processor.py:640} INFO - Processing file /home/sayone/This PC/SayOne Technologies/Works/airflow_new/Airflow/venv/lib/python3.8/site-packages/airflow/example_dags/example_time_delta_sensor_async.py for tasks to queue
[2022-09-20T17:30:07.586+0530] {logging_mixin.py:115} INFO - [2022-09-20T17:30:07.586+0530] {dagbag.py:508} INFO - Filling up the DagBag from /home/sayone/This PC/SayOne Technologies/Works/airflow_new/Airflow/venv/lib/python3.8/site-packages/airflow/example_dags/example_time_delta_sensor_async.py
[2022-09-20T17:30:07.593+0530] {processor.py:650} INFO - DAG(s) dict_keys(['example_time_delta_sensor_async']) retrieved from /home/sayone/This PC/SayOne Technologies/Works/airflow_new/Airflow/venv/lib/python3.8/site-packages/airflow/example_dags/example_time_delta_sensor_async.py
[2022-09-20T17:30:07.637+0530] {logging_mixin.py:115} INFO - [2022-09-20T17:30:07.637+0530] {dag.py:2429} INFO - Sync 1 DAGs
[2022-09-20T17:30:07.647+0530] {logging_mixin.py:115} INFO - [2022-09-20T17:30:07.647+0530] {dag.py:2977} INFO - Setting next_dagrun for example_time_delta_sensor_async to None, run_after=None
[2022-09-20T17:30:07.656+0530] {processor.py:161} INFO - Processing /home/sayone/This PC/SayOne Technologies/Works/airflow_new/Airflow/venv/lib/python3.8/site-packages/airflow/example_dags/example_time_delta_sensor_async.py took 0.077 seconds
[2022-09-20T17:30:43.882+0530] {processor.py:153} INFO - Started process (PID=32159) to work on /home/sayone/This PC/SayOne Technologies/Works/airflow_new/Airflow/venv/lib/python3.8/site-packages/airflow/example_dags/example_time_delta_sensor_async.py
[2022-09-20T17:30:43.885+0530] {processor.py:640} INFO - Processing file /home/sayone/This PC/SayOne Technologies/Works/airflow_new/Airflow/venv/lib/python3.8/site-packages/airflow/example_dags/example_time_delta_sensor_async.py for tasks to queue
[2022-09-20T17:30:43.886+0530] {logging_mixin.py:115} INFO - [2022-09-20T17:30:43.886+0530] {dagbag.py:508} INFO - Filling up the DagBag from /home/sayone/This PC/SayOne Technologies/Works/airflow_new/Airflow/venv/lib/python3.8/site-packages/airflow/example_dags/example_time_delta_sensor_async.py
[2022-09-20T17:30:43.894+0530] {processor.py:650} INFO - DAG(s) dict_keys(['example_time_delta_sensor_async']) retrieved from /home/sayone/This PC/SayOne Technologies/Works/airflow_new/Airflow/venv/lib/python3.8/site-packages/airflow/example_dags/example_time_delta_sensor_async.py
[2022-09-20T17:30:43.939+0530] {logging_mixin.py:115} INFO - [2022-09-20T17:30:43.939+0530] {dag.py:2429} INFO - Sync 1 DAGs
[2022-09-20T17:30:43.949+0530] {logging_mixin.py:115} INFO - [2022-09-20T17:30:43.949+0530] {dag.py:2977} INFO - Setting next_dagrun for example_time_delta_sensor_async to None, run_after=None
[2022-09-20T17:30:43.957+0530] {processor.py:161} INFO - Processing /home/sayone/This PC/SayOne Technologies/Works/airflow_new/Airflow/venv/lib/python3.8/site-packages/airflow/example_dags/example_time_delta_sensor_async.py took 0.076 seconds
[2022-09-20T17:31:19.924+0530] {processor.py:153} INFO - Started process (PID=32266) to work on /home/sayone/This PC/SayOne Technologies/Works/airflow_new/Airflow/venv/lib/python3.8/site-packages/airflow/example_dags/example_time_delta_sensor_async.py
[2022-09-20T17:31:19.927+0530] {processor.py:640} INFO - Processing file /home/sayone/This PC/SayOne Technologies/Works/airflow_new/Airflow/venv/lib/python3.8/site-packages/airflow/example_dags/example_time_delta_sensor_async.py for tasks to queue
[2022-09-20T17:31:19.928+0530] {logging_mixin.py:115} INFO - [2022-09-20T17:31:19.928+0530] {dagbag.py:508} INFO - Filling up the DagBag from /home/sayone/This PC/SayOne Technologies/Works/airflow_new/Airflow/venv/lib/python3.8/site-packages/airflow/example_dags/example_time_delta_sensor_async.py
[2022-09-20T17:31:19.932+0530] {processor.py:650} INFO - DAG(s) dict_keys(['example_time_delta_sensor_async']) retrieved from /home/sayone/This PC/SayOne Technologies/Works/airflow_new/Airflow/venv/lib/python3.8/site-packages/airflow/example_dags/example_time_delta_sensor_async.py
[2022-09-20T17:31:19.973+0530] {logging_mixin.py:115} INFO - [2022-09-20T17:31:19.972+0530] {dag.py:2429} INFO - Sync 1 DAGs
[2022-09-20T17:31:19.982+0530] {logging_mixin.py:115} INFO - [2022-09-20T17:31:19.982+0530] {dag.py:2977} INFO - Setting next_dagrun for example_time_delta_sensor_async to None, run_after=None
[2022-09-20T17:31:19.990+0530] {processor.py:161} INFO - Processing /home/sayone/This PC/SayOne Technologies/Works/airflow_new/Airflow/venv/lib/python3.8/site-packages/airflow/example_dags/example_time_delta_sensor_async.py took 0.069 seconds
[2022-09-20T17:31:56.990+0530] {processor.py:153} INFO - Started process (PID=32413) to work on /home/sayone/This PC/SayOne Technologies/Works/airflow_new/Airflow/venv/lib/python3.8/site-packages/airflow/example_dags/example_time_delta_sensor_async.py
[2022-09-20T17:31:56.991+0530] {processor.py:640} INFO - Processing file /home/sayone/This PC/SayOne Technologies/Works/airflow_new/Airflow/venv/lib/python3.8/site-packages/airflow/example_dags/example_time_delta_sensor_async.py for tasks to queue
[2022-09-20T17:31:56.992+0530] {logging_mixin.py:115} INFO - [2022-09-20T17:31:56.992+0530] {dagbag.py:508} INFO - Filling up the DagBag from /home/sayone/This PC/SayOne Technologies/Works/airflow_new/Airflow/venv/lib/python3.8/site-packages/airflow/example_dags/example_time_delta_sensor_async.py
[2022-09-20T17:31:56.999+0530] {processor.py:650} INFO - DAG(s) dict_keys(['example_time_delta_sensor_async']) retrieved from /home/sayone/This PC/SayOne Technologies/Works/airflow_new/Airflow/venv/lib/python3.8/site-packages/airflow/example_dags/example_time_delta_sensor_async.py
[2022-09-20T17:31:57.044+0530] {logging_mixin.py:115} INFO - [2022-09-20T17:31:57.043+0530] {dag.py:2429} INFO - Sync 1 DAGs
[2022-09-20T17:31:57.054+0530] {logging_mixin.py:115} INFO - [2022-09-20T17:31:57.053+0530] {dag.py:2977} INFO - Setting next_dagrun for example_time_delta_sensor_async to None, run_after=None
[2022-09-20T17:31:57.062+0530] {processor.py:161} INFO - Processing /home/sayone/This PC/SayOne Technologies/Works/airflow_new/Airflow/venv/lib/python3.8/site-packages/airflow/example_dags/example_time_delta_sensor_async.py took 0.075 seconds
[2022-09-20T17:32:31.863+0530] {processor.py:153} INFO - Started process (PID=32595) to work on /home/sayone/This PC/SayOne Technologies/Works/airflow_new/Airflow/venv/lib/python3.8/site-packages/airflow/example_dags/example_time_delta_sensor_async.py
[2022-09-20T17:32:31.866+0530] {processor.py:640} INFO - Processing file /home/sayone/This PC/SayOne Technologies/Works/airflow_new/Airflow/venv/lib/python3.8/site-packages/airflow/example_dags/example_time_delta_sensor_async.py for tasks to queue
[2022-09-20T17:32:31.867+0530] {logging_mixin.py:115} INFO - [2022-09-20T17:32:31.867+0530] {dagbag.py:508} INFO - Filling up the DagBag from /home/sayone/This PC/SayOne Technologies/Works/airflow_new/Airflow/venv/lib/python3.8/site-packages/airflow/example_dags/example_time_delta_sensor_async.py
[2022-09-20T17:32:31.872+0530] {processor.py:650} INFO - DAG(s) dict_keys(['example_time_delta_sensor_async']) retrieved from /home/sayone/This PC/SayOne Technologies/Works/airflow_new/Airflow/venv/lib/python3.8/site-packages/airflow/example_dags/example_time_delta_sensor_async.py
[2022-09-20T17:32:31.916+0530] {logging_mixin.py:115} INFO - [2022-09-20T17:32:31.916+0530] {dag.py:2429} INFO - Sync 1 DAGs
[2022-09-20T17:32:31.926+0530] {logging_mixin.py:115} INFO - [2022-09-20T17:32:31.926+0530] {dag.py:2977} INFO - Setting next_dagrun for example_time_delta_sensor_async to None, run_after=None
[2022-09-20T17:32:31.933+0530] {processor.py:161} INFO - Processing /home/sayone/This PC/SayOne Technologies/Works/airflow_new/Airflow/venv/lib/python3.8/site-packages/airflow/example_dags/example_time_delta_sensor_async.py took 0.074 seconds
[2022-09-20T17:33:06.994+0530] {processor.py:153} INFO - Started process (PID=32690) to work on /home/sayone/This PC/SayOne Technologies/Works/airflow_new/Airflow/venv/lib/python3.8/site-packages/airflow/example_dags/example_time_delta_sensor_async.py
[2022-09-20T17:33:06.997+0530] {processor.py:640} INFO - Processing file /home/sayone/This PC/SayOne Technologies/Works/airflow_new/Airflow/venv/lib/python3.8/site-packages/airflow/example_dags/example_time_delta_sensor_async.py for tasks to queue
[2022-09-20T17:33:06.998+0530] {logging_mixin.py:115} INFO - [2022-09-20T17:33:06.998+0530] {dagbag.py:508} INFO - Filling up the DagBag from /home/sayone/This PC/SayOne Technologies/Works/airflow_new/Airflow/venv/lib/python3.8/site-packages/airflow/example_dags/example_time_delta_sensor_async.py
[2022-09-20T17:33:07.005+0530] {processor.py:650} INFO - DAG(s) dict_keys(['example_time_delta_sensor_async']) retrieved from /home/sayone/This PC/SayOne Technologies/Works/airflow_new/Airflow/venv/lib/python3.8/site-packages/airflow/example_dags/example_time_delta_sensor_async.py
[2022-09-20T17:33:07.049+0530] {logging_mixin.py:115} INFO - [2022-09-20T17:33:07.049+0530] {dag.py:2429} INFO - Sync 1 DAGs
[2022-09-20T17:33:07.059+0530] {logging_mixin.py:115} INFO - [2022-09-20T17:33:07.059+0530] {dag.py:2977} INFO - Setting next_dagrun for example_time_delta_sensor_async to None, run_after=None
[2022-09-20T17:33:07.068+0530] {processor.py:161} INFO - Processing /home/sayone/This PC/SayOne Technologies/Works/airflow_new/Airflow/venv/lib/python3.8/site-packages/airflow/example_dags/example_time_delta_sensor_async.py took 0.078 seconds
[2022-09-20T17:33:43.263+0530] {processor.py:153} INFO - Started process (PID=32756) to work on /home/sayone/This PC/SayOne Technologies/Works/airflow_new/Airflow/venv/lib/python3.8/site-packages/airflow/example_dags/example_time_delta_sensor_async.py
[2022-09-20T17:33:43.265+0530] {processor.py:640} INFO - Processing file /home/sayone/This PC/SayOne Technologies/Works/airflow_new/Airflow/venv/lib/python3.8/site-packages/airflow/example_dags/example_time_delta_sensor_async.py for tasks to queue
[2022-09-20T17:33:43.266+0530] {logging_mixin.py:115} INFO - [2022-09-20T17:33:43.266+0530] {dagbag.py:508} INFO - Filling up the DagBag from /home/sayone/This PC/SayOne Technologies/Works/airflow_new/Airflow/venv/lib/python3.8/site-packages/airflow/example_dags/example_time_delta_sensor_async.py
[2022-09-20T17:33:43.273+0530] {processor.py:650} INFO - DAG(s) dict_keys(['example_time_delta_sensor_async']) retrieved from /home/sayone/This PC/SayOne Technologies/Works/airflow_new/Airflow/venv/lib/python3.8/site-packages/airflow/example_dags/example_time_delta_sensor_async.py
[2022-09-20T17:33:43.318+0530] {logging_mixin.py:115} INFO - [2022-09-20T17:33:43.317+0530] {dag.py:2429} INFO - Sync 1 DAGs
[2022-09-20T17:33:43.327+0530] {logging_mixin.py:115} INFO - [2022-09-20T17:33:43.327+0530] {dag.py:2977} INFO - Setting next_dagrun for example_time_delta_sensor_async to None, run_after=None
[2022-09-20T17:33:43.336+0530] {processor.py:161} INFO - Processing /home/sayone/This PC/SayOne Technologies/Works/airflow_new/Airflow/venv/lib/python3.8/site-packages/airflow/example_dags/example_time_delta_sensor_async.py took 0.075 seconds
[2022-09-20T17:34:19.894+0530] {processor.py:153} INFO - Started process (PID=32853) to work on /home/sayone/This PC/SayOne Technologies/Works/airflow_new/Airflow/venv/lib/python3.8/site-packages/airflow/example_dags/example_time_delta_sensor_async.py
[2022-09-20T17:34:19.896+0530] {processor.py:640} INFO - Processing file /home/sayone/This PC/SayOne Technologies/Works/airflow_new/Airflow/venv/lib/python3.8/site-packages/airflow/example_dags/example_time_delta_sensor_async.py for tasks to queue
[2022-09-20T17:34:19.897+0530] {logging_mixin.py:115} INFO - [2022-09-20T17:34:19.897+0530] {dagbag.py:508} INFO - Filling up the DagBag from /home/sayone/This PC/SayOne Technologies/Works/airflow_new/Airflow/venv/lib/python3.8/site-packages/airflow/example_dags/example_time_delta_sensor_async.py
[2022-09-20T17:34:19.904+0530] {processor.py:650} INFO - DAG(s) dict_keys(['example_time_delta_sensor_async']) retrieved from /home/sayone/This PC/SayOne Technologies/Works/airflow_new/Airflow/venv/lib/python3.8/site-packages/airflow/example_dags/example_time_delta_sensor_async.py
[2022-09-20T17:34:19.949+0530] {logging_mixin.py:115} INFO - [2022-09-20T17:34:19.949+0530] {dag.py:2429} INFO - Sync 1 DAGs
[2022-09-20T17:34:19.959+0530] {logging_mixin.py:115} INFO - [2022-09-20T17:34:19.959+0530] {dag.py:2977} INFO - Setting next_dagrun for example_time_delta_sensor_async to None, run_after=None
[2022-09-20T17:34:19.970+0530] {processor.py:161} INFO - Processing /home/sayone/This PC/SayOne Technologies/Works/airflow_new/Airflow/venv/lib/python3.8/site-packages/airflow/example_dags/example_time_delta_sensor_async.py took 0.080 seconds
[2022-09-20T17:34:57.009+0530] {processor.py:153} INFO - Started process (PID=33132) to work on /home/sayone/This PC/SayOne Technologies/Works/airflow_new/Airflow/venv/lib/python3.8/site-packages/airflow/example_dags/example_time_delta_sensor_async.py
[2022-09-20T17:34:57.011+0530] {processor.py:640} INFO - Processing file /home/sayone/This PC/SayOne Technologies/Works/airflow_new/Airflow/venv/lib/python3.8/site-packages/airflow/example_dags/example_time_delta_sensor_async.py for tasks to queue
[2022-09-20T17:34:57.012+0530] {logging_mixin.py:115} INFO - [2022-09-20T17:34:57.012+0530] {dagbag.py:508} INFO - Filling up the DagBag from /home/sayone/This PC/SayOne Technologies/Works/airflow_new/Airflow/venv/lib/python3.8/site-packages/airflow/example_dags/example_time_delta_sensor_async.py
[2022-09-20T17:34:57.018+0530] {processor.py:650} INFO - DAG(s) dict_keys(['example_time_delta_sensor_async']) retrieved from /home/sayone/This PC/SayOne Technologies/Works/airflow_new/Airflow/venv/lib/python3.8/site-packages/airflow/example_dags/example_time_delta_sensor_async.py
[2022-09-20T17:34:57.064+0530] {logging_mixin.py:115} INFO - [2022-09-20T17:34:57.063+0530] {dag.py:2429} INFO - Sync 1 DAGs
[2022-09-20T17:34:57.073+0530] {logging_mixin.py:115} INFO - [2022-09-20T17:34:57.073+0530] {dag.py:2977} INFO - Setting next_dagrun for example_time_delta_sensor_async to None, run_after=None
[2022-09-20T17:34:57.082+0530] {processor.py:161} INFO - Processing /home/sayone/This PC/SayOne Technologies/Works/airflow_new/Airflow/venv/lib/python3.8/site-packages/airflow/example_dags/example_time_delta_sensor_async.py took 0.076 seconds
[2022-09-20T17:35:31.298+0530] {processor.py:153} INFO - Started process (PID=33181) to work on /home/sayone/This PC/SayOne Technologies/Works/airflow_new/Airflow/venv/lib/python3.8/site-packages/airflow/example_dags/example_time_delta_sensor_async.py
[2022-09-20T17:35:31.301+0530] {processor.py:640} INFO - Processing file /home/sayone/This PC/SayOne Technologies/Works/airflow_new/Airflow/venv/lib/python3.8/site-packages/airflow/example_dags/example_time_delta_sensor_async.py for tasks to queue
[2022-09-20T17:35:31.302+0530] {logging_mixin.py:115} INFO - [2022-09-20T17:35:31.301+0530] {dagbag.py:508} INFO - Filling up the DagBag from /home/sayone/This PC/SayOne Technologies/Works/airflow_new/Airflow/venv/lib/python3.8/site-packages/airflow/example_dags/example_time_delta_sensor_async.py
[2022-09-20T17:35:31.309+0530] {processor.py:650} INFO - DAG(s) dict_keys(['example_time_delta_sensor_async']) retrieved from /home/sayone/This PC/SayOne Technologies/Works/airflow_new/Airflow/venv/lib/python3.8/site-packages/airflow/example_dags/example_time_delta_sensor_async.py
[2022-09-20T17:35:31.356+0530] {logging_mixin.py:115} INFO - [2022-09-20T17:35:31.355+0530] {dag.py:2429} INFO - Sync 1 DAGs
[2022-09-20T17:35:31.366+0530] {logging_mixin.py:115} INFO - [2022-09-20T17:35:31.366+0530] {dag.py:2977} INFO - Setting next_dagrun for example_time_delta_sensor_async to None, run_after=None
[2022-09-20T17:35:31.376+0530] {processor.py:161} INFO - Processing /home/sayone/This PC/SayOne Technologies/Works/airflow_new/Airflow/venv/lib/python3.8/site-packages/airflow/example_dags/example_time_delta_sensor_async.py took 0.079 seconds
[2022-09-20T17:36:09.615+0530] {processor.py:153} INFO - Started process (PID=33305) to work on /home/sayone/This PC/SayOne Technologies/Works/airflow_new/Airflow/venv/lib/python3.8/site-packages/airflow/example_dags/example_time_delta_sensor_async.py
[2022-09-20T17:36:09.618+0530] {processor.py:640} INFO - Processing file /home/sayone/This PC/SayOne Technologies/Works/airflow_new/Airflow/venv/lib/python3.8/site-packages/airflow/example_dags/example_time_delta_sensor_async.py for tasks to queue
[2022-09-20T17:36:09.619+0530] {logging_mixin.py:115} INFO - [2022-09-20T17:36:09.619+0530] {dagbag.py:508} INFO - Filling up the DagBag from /home/sayone/This PC/SayOne Technologies/Works/airflow_new/Airflow/venv/lib/python3.8/site-packages/airflow/example_dags/example_time_delta_sensor_async.py
[2022-09-20T17:36:09.624+0530] {processor.py:650} INFO - DAG(s) dict_keys(['example_time_delta_sensor_async']) retrieved from /home/sayone/This PC/SayOne Technologies/Works/airflow_new/Airflow/venv/lib/python3.8/site-packages/airflow/example_dags/example_time_delta_sensor_async.py
[2022-09-20T17:36:09.677+0530] {logging_mixin.py:115} INFO - [2022-09-20T17:36:09.676+0530] {dag.py:2429} INFO - Sync 1 DAGs
[2022-09-20T17:36:09.690+0530] {logging_mixin.py:115} INFO - [2022-09-20T17:36:09.690+0530] {dag.py:2977} INFO - Setting next_dagrun for example_time_delta_sensor_async to None, run_after=None
[2022-09-20T17:36:09.700+0530] {processor.py:161} INFO - Processing /home/sayone/This PC/SayOne Technologies/Works/airflow_new/Airflow/venv/lib/python3.8/site-packages/airflow/example_dags/example_time_delta_sensor_async.py took 0.088 seconds
[2022-09-20T17:36:45.064+0530] {processor.py:153} INFO - Started process (PID=33415) to work on /home/sayone/This PC/SayOne Technologies/Works/airflow_new/Airflow/venv/lib/python3.8/site-packages/airflow/example_dags/example_time_delta_sensor_async.py
[2022-09-20T17:36:45.067+0530] {processor.py:640} INFO - Processing file /home/sayone/This PC/SayOne Technologies/Works/airflow_new/Airflow/venv/lib/python3.8/site-packages/airflow/example_dags/example_time_delta_sensor_async.py for tasks to queue
[2022-09-20T17:36:45.068+0530] {logging_mixin.py:115} INFO - [2022-09-20T17:36:45.068+0530] {dagbag.py:508} INFO - Filling up the DagBag from /home/sayone/This PC/SayOne Technologies/Works/airflow_new/Airflow/venv/lib/python3.8/site-packages/airflow/example_dags/example_time_delta_sensor_async.py
[2022-09-20T17:36:45.075+0530] {processor.py:650} INFO - DAG(s) dict_keys(['example_time_delta_sensor_async']) retrieved from /home/sayone/This PC/SayOne Technologies/Works/airflow_new/Airflow/venv/lib/python3.8/site-packages/airflow/example_dags/example_time_delta_sensor_async.py
[2022-09-20T17:36:45.121+0530] {logging_mixin.py:115} INFO - [2022-09-20T17:36:45.121+0530] {dag.py:2429} INFO - Sync 1 DAGs
[2022-09-20T17:36:45.134+0530] {logging_mixin.py:115} INFO - [2022-09-20T17:36:45.133+0530] {dag.py:2977} INFO - Setting next_dagrun for example_time_delta_sensor_async to None, run_after=None
[2022-09-20T17:36:45.142+0530] {processor.py:161} INFO - Processing /home/sayone/This PC/SayOne Technologies/Works/airflow_new/Airflow/venv/lib/python3.8/site-packages/airflow/example_dags/example_time_delta_sensor_async.py took 0.083 seconds
[2022-09-20T17:37:22.239+0530] {processor.py:153} INFO - Started process (PID=33686) to work on /home/sayone/This PC/SayOne Technologies/Works/airflow_new/Airflow/venv/lib/python3.8/site-packages/airflow/example_dags/example_time_delta_sensor_async.py
[2022-09-20T17:37:22.240+0530] {processor.py:640} INFO - Processing file /home/sayone/This PC/SayOne Technologies/Works/airflow_new/Airflow/venv/lib/python3.8/site-packages/airflow/example_dags/example_time_delta_sensor_async.py for tasks to queue
[2022-09-20T17:37:22.241+0530] {logging_mixin.py:115} INFO - [2022-09-20T17:37:22.241+0530] {dagbag.py:508} INFO - Filling up the DagBag from /home/sayone/This PC/SayOne Technologies/Works/airflow_new/Airflow/venv/lib/python3.8/site-packages/airflow/example_dags/example_time_delta_sensor_async.py
[2022-09-20T17:37:22.247+0530] {processor.py:650} INFO - DAG(s) dict_keys(['example_time_delta_sensor_async']) retrieved from /home/sayone/This PC/SayOne Technologies/Works/airflow_new/Airflow/venv/lib/python3.8/site-packages/airflow/example_dags/example_time_delta_sensor_async.py
[2022-09-20T17:37:22.326+0530] {logging_mixin.py:115} INFO - [2022-09-20T17:37:22.326+0530] {dag.py:2429} INFO - Sync 1 DAGs
[2022-09-20T17:37:22.340+0530] {logging_mixin.py:115} INFO - [2022-09-20T17:37:22.340+0530] {dag.py:2977} INFO - Setting next_dagrun for example_time_delta_sensor_async to None, run_after=None
[2022-09-20T17:37:22.352+0530] {processor.py:161} INFO - Processing /home/sayone/This PC/SayOne Technologies/Works/airflow_new/Airflow/venv/lib/python3.8/site-packages/airflow/example_dags/example_time_delta_sensor_async.py took 0.117 seconds
[2022-09-20T17:38:09.894+0530] {processor.py:153} INFO - Started process (PID=33823) to work on /home/sayone/This PC/SayOne Technologies/Works/airflow_new/Airflow/venv/lib/python3.8/site-packages/airflow/example_dags/example_time_delta_sensor_async.py
[2022-09-20T17:38:09.897+0530] {processor.py:640} INFO - Processing file /home/sayone/This PC/SayOne Technologies/Works/airflow_new/Airflow/venv/lib/python3.8/site-packages/airflow/example_dags/example_time_delta_sensor_async.py for tasks to queue
[2022-09-20T17:38:09.898+0530] {logging_mixin.py:115} INFO - [2022-09-20T17:38:09.898+0530] {dagbag.py:508} INFO - Filling up the DagBag from /home/sayone/This PC/SayOne Technologies/Works/airflow_new/Airflow/venv/lib/python3.8/site-packages/airflow/example_dags/example_time_delta_sensor_async.py
[2022-09-20T17:38:09.905+0530] {processor.py:650} INFO - DAG(s) dict_keys(['example_time_delta_sensor_async']) retrieved from /home/sayone/This PC/SayOne Technologies/Works/airflow_new/Airflow/venv/lib/python3.8/site-packages/airflow/example_dags/example_time_delta_sensor_async.py
[2022-09-20T17:38:09.949+0530] {logging_mixin.py:115} INFO - [2022-09-20T17:38:09.949+0530] {dag.py:2429} INFO - Sync 1 DAGs
[2022-09-20T17:38:09.959+0530] {logging_mixin.py:115} INFO - [2022-09-20T17:38:09.959+0530] {dag.py:2977} INFO - Setting next_dagrun for example_time_delta_sensor_async to None, run_after=None
[2022-09-20T17:38:09.968+0530] {processor.py:161} INFO - Processing /home/sayone/This PC/SayOne Technologies/Works/airflow_new/Airflow/venv/lib/python3.8/site-packages/airflow/example_dags/example_time_delta_sensor_async.py took 0.078 seconds
[2022-09-20T17:38:47.027+0530] {processor.py:153} INFO - Started process (PID=33892) to work on /home/sayone/This PC/SayOne Technologies/Works/airflow_new/Airflow/venv/lib/python3.8/site-packages/airflow/example_dags/example_time_delta_sensor_async.py
[2022-09-20T17:38:47.028+0530] {processor.py:640} INFO - Processing file /home/sayone/This PC/SayOne Technologies/Works/airflow_new/Airflow/venv/lib/python3.8/site-packages/airflow/example_dags/example_time_delta_sensor_async.py for tasks to queue
[2022-09-20T17:38:47.028+0530] {logging_mixin.py:115} INFO - [2022-09-20T17:38:47.028+0530] {dagbag.py:508} INFO - Filling up the DagBag from /home/sayone/This PC/SayOne Technologies/Works/airflow_new/Airflow/venv/lib/python3.8/site-packages/airflow/example_dags/example_time_delta_sensor_async.py
[2022-09-20T17:38:47.031+0530] {processor.py:650} INFO - DAG(s) dict_keys(['example_time_delta_sensor_async']) retrieved from /home/sayone/This PC/SayOne Technologies/Works/airflow_new/Airflow/venv/lib/python3.8/site-packages/airflow/example_dags/example_time_delta_sensor_async.py
[2022-09-20T17:38:47.073+0530] {logging_mixin.py:115} INFO - [2022-09-20T17:38:47.073+0530] {dag.py:2429} INFO - Sync 1 DAGs
[2022-09-20T17:38:47.084+0530] {logging_mixin.py:115} INFO - [2022-09-20T17:38:47.084+0530] {dag.py:2977} INFO - Setting next_dagrun for example_time_delta_sensor_async to None, run_after=None
[2022-09-20T17:38:47.093+0530] {processor.py:161} INFO - Processing /home/sayone/This PC/SayOne Technologies/Works/airflow_new/Airflow/venv/lib/python3.8/site-packages/airflow/example_dags/example_time_delta_sensor_async.py took 0.068 seconds
[2022-09-20T17:39:19.655+0530] {processor.py:153} INFO - Started process (PID=33982) to work on /home/sayone/This PC/SayOne Technologies/Works/airflow_new/Airflow/venv/lib/python3.8/site-packages/airflow/example_dags/example_time_delta_sensor_async.py
[2022-09-20T17:39:19.658+0530] {processor.py:640} INFO - Processing file /home/sayone/This PC/SayOne Technologies/Works/airflow_new/Airflow/venv/lib/python3.8/site-packages/airflow/example_dags/example_time_delta_sensor_async.py for tasks to queue
[2022-09-20T17:39:19.659+0530] {logging_mixin.py:115} INFO - [2022-09-20T17:39:19.659+0530] {dagbag.py:508} INFO - Filling up the DagBag from /home/sayone/This PC/SayOne Technologies/Works/airflow_new/Airflow/venv/lib/python3.8/site-packages/airflow/example_dags/example_time_delta_sensor_async.py
[2022-09-20T17:39:19.666+0530] {processor.py:650} INFO - DAG(s) dict_keys(['example_time_delta_sensor_async']) retrieved from /home/sayone/This PC/SayOne Technologies/Works/airflow_new/Airflow/venv/lib/python3.8/site-packages/airflow/example_dags/example_time_delta_sensor_async.py
[2022-09-20T17:39:19.710+0530] {logging_mixin.py:115} INFO - [2022-09-20T17:39:19.710+0530] {dag.py:2429} INFO - Sync 1 DAGs
[2022-09-20T17:39:19.720+0530] {logging_mixin.py:115} INFO - [2022-09-20T17:39:19.720+0530] {dag.py:2977} INFO - Setting next_dagrun for example_time_delta_sensor_async to None, run_after=None
[2022-09-20T17:39:19.729+0530] {processor.py:161} INFO - Processing /home/sayone/This PC/SayOne Technologies/Works/airflow_new/Airflow/venv/lib/python3.8/site-packages/airflow/example_dags/example_time_delta_sensor_async.py took 0.079 seconds
[2022-09-20T17:39:57.971+0530] {processor.py:153} INFO - Started process (PID=34176) to work on /home/sayone/This PC/SayOne Technologies/Works/airflow_new/Airflow/venv/lib/python3.8/site-packages/airflow/example_dags/example_time_delta_sensor_async.py
[2022-09-20T17:39:57.972+0530] {processor.py:640} INFO - Processing file /home/sayone/This PC/SayOne Technologies/Works/airflow_new/Airflow/venv/lib/python3.8/site-packages/airflow/example_dags/example_time_delta_sensor_async.py for tasks to queue
[2022-09-20T17:39:57.972+0530] {logging_mixin.py:115} INFO - [2022-09-20T17:39:57.972+0530] {dagbag.py:508} INFO - Filling up the DagBag from /home/sayone/This PC/SayOne Technologies/Works/airflow_new/Airflow/venv/lib/python3.8/site-packages/airflow/example_dags/example_time_delta_sensor_async.py
[2022-09-20T17:39:57.974+0530] {processor.py:650} INFO - DAG(s) dict_keys(['example_time_delta_sensor_async']) retrieved from /home/sayone/This PC/SayOne Technologies/Works/airflow_new/Airflow/venv/lib/python3.8/site-packages/airflow/example_dags/example_time_delta_sensor_async.py
[2022-09-20T17:39:58.015+0530] {logging_mixin.py:115} INFO - [2022-09-20T17:39:58.015+0530] {dag.py:2429} INFO - Sync 1 DAGs
[2022-09-20T17:39:58.025+0530] {logging_mixin.py:115} INFO - [2022-09-20T17:39:58.025+0530] {dag.py:2977} INFO - Setting next_dagrun for example_time_delta_sensor_async to None, run_after=None
[2022-09-20T17:39:58.034+0530] {processor.py:161} INFO - Processing /home/sayone/This PC/SayOne Technologies/Works/airflow_new/Airflow/venv/lib/python3.8/site-packages/airflow/example_dags/example_time_delta_sensor_async.py took 0.066 seconds
[2022-09-20T17:40:32.767+0530] {processor.py:153} INFO - Started process (PID=34248) to work on /home/sayone/This PC/SayOne Technologies/Works/airflow_new/Airflow/venv/lib/python3.8/site-packages/airflow/example_dags/example_time_delta_sensor_async.py
[2022-09-20T17:40:32.770+0530] {processor.py:640} INFO - Processing file /home/sayone/This PC/SayOne Technologies/Works/airflow_new/Airflow/venv/lib/python3.8/site-packages/airflow/example_dags/example_time_delta_sensor_async.py for tasks to queue
[2022-09-20T17:40:32.771+0530] {logging_mixin.py:115} INFO - [2022-09-20T17:40:32.770+0530] {dagbag.py:508} INFO - Filling up the DagBag from /home/sayone/This PC/SayOne Technologies/Works/airflow_new/Airflow/venv/lib/python3.8/site-packages/airflow/example_dags/example_time_delta_sensor_async.py
[2022-09-20T17:40:32.778+0530] {processor.py:650} INFO - DAG(s) dict_keys(['example_time_delta_sensor_async']) retrieved from /home/sayone/This PC/SayOne Technologies/Works/airflow_new/Airflow/venv/lib/python3.8/site-packages/airflow/example_dags/example_time_delta_sensor_async.py
[2022-09-20T17:40:32.823+0530] {logging_mixin.py:115} INFO - [2022-09-20T17:40:32.823+0530] {dag.py:2429} INFO - Sync 1 DAGs
[2022-09-20T17:40:32.840+0530] {logging_mixin.py:115} INFO - [2022-09-20T17:40:32.840+0530] {dag.py:2977} INFO - Setting next_dagrun for example_time_delta_sensor_async to None, run_after=None
[2022-09-20T17:40:32.865+0530] {processor.py:161} INFO - Processing /home/sayone/This PC/SayOne Technologies/Works/airflow_new/Airflow/venv/lib/python3.8/site-packages/airflow/example_dags/example_time_delta_sensor_async.py took 0.102 seconds
[2022-09-20T17:41:09.630+0530] {processor.py:153} INFO - Started process (PID=34393) to work on /home/sayone/This PC/SayOne Technologies/Works/airflow_new/Airflow/venv/lib/python3.8/site-packages/airflow/example_dags/example_time_delta_sensor_async.py
[2022-09-20T17:41:09.631+0530] {processor.py:640} INFO - Processing file /home/sayone/This PC/SayOne Technologies/Works/airflow_new/Airflow/venv/lib/python3.8/site-packages/airflow/example_dags/example_time_delta_sensor_async.py for tasks to queue
[2022-09-20T17:41:09.632+0530] {logging_mixin.py:115} INFO - [2022-09-20T17:41:09.631+0530] {dagbag.py:508} INFO - Filling up the DagBag from /home/sayone/This PC/SayOne Technologies/Works/airflow_new/Airflow/venv/lib/python3.8/site-packages/airflow/example_dags/example_time_delta_sensor_async.py
[2022-09-20T17:41:09.634+0530] {processor.py:650} INFO - DAG(s) dict_keys(['example_time_delta_sensor_async']) retrieved from /home/sayone/This PC/SayOne Technologies/Works/airflow_new/Airflow/venv/lib/python3.8/site-packages/airflow/example_dags/example_time_delta_sensor_async.py
[2022-09-20T17:41:09.681+0530] {logging_mixin.py:115} INFO - [2022-09-20T17:41:09.681+0530] {dag.py:2429} INFO - Sync 1 DAGs
[2022-09-20T17:41:09.692+0530] {logging_mixin.py:115} INFO - [2022-09-20T17:41:09.692+0530] {dag.py:2977} INFO - Setting next_dagrun for example_time_delta_sensor_async to None, run_after=None
[2022-09-20T17:41:09.701+0530] {processor.py:161} INFO - Processing /home/sayone/This PC/SayOne Technologies/Works/airflow_new/Airflow/venv/lib/python3.8/site-packages/airflow/example_dags/example_time_delta_sensor_async.py took 0.073 seconds
[2022-09-20T17:42:07.904+0530] {processor.py:153} INFO - Started process (PID=34550) to work on /home/sayone/This PC/SayOne Technologies/Works/airflow_new/Airflow/venv/lib/python3.8/site-packages/airflow/example_dags/example_time_delta_sensor_async.py
[2022-09-20T17:42:07.907+0530] {processor.py:640} INFO - Processing file /home/sayone/This PC/SayOne Technologies/Works/airflow_new/Airflow/venv/lib/python3.8/site-packages/airflow/example_dags/example_time_delta_sensor_async.py for tasks to queue
[2022-09-20T17:42:07.908+0530] {logging_mixin.py:115} INFO - [2022-09-20T17:42:07.908+0530] {dagbag.py:508} INFO - Filling up the DagBag from /home/sayone/This PC/SayOne Technologies/Works/airflow_new/Airflow/venv/lib/python3.8/site-packages/airflow/example_dags/example_time_delta_sensor_async.py
[2022-09-20T17:42:07.915+0530] {processor.py:650} INFO - DAG(s) dict_keys(['example_time_delta_sensor_async']) retrieved from /home/sayone/This PC/SayOne Technologies/Works/airflow_new/Airflow/venv/lib/python3.8/site-packages/airflow/example_dags/example_time_delta_sensor_async.py
[2022-09-20T17:42:07.961+0530] {logging_mixin.py:115} INFO - [2022-09-20T17:42:07.961+0530] {dag.py:2429} INFO - Sync 1 DAGs
[2022-09-20T17:42:07.971+0530] {logging_mixin.py:115} INFO - [2022-09-20T17:42:07.971+0530] {dag.py:2977} INFO - Setting next_dagrun for example_time_delta_sensor_async to None, run_after=None
[2022-09-20T17:42:07.981+0530] {processor.py:161} INFO - Processing /home/sayone/This PC/SayOne Technologies/Works/airflow_new/Airflow/venv/lib/python3.8/site-packages/airflow/example_dags/example_time_delta_sensor_async.py took 0.081 seconds
[2022-09-20T17:45:37.846+0530] {processor.py:153} INFO - Started process (PID=34944) to work on /home/sayone/This PC/SayOne Technologies/Works/airflow_new/Airflow/venv/lib/python3.8/site-packages/airflow/example_dags/example_time_delta_sensor_async.py
[2022-09-20T17:45:37.849+0530] {processor.py:640} INFO - Processing file /home/sayone/This PC/SayOne Technologies/Works/airflow_new/Airflow/venv/lib/python3.8/site-packages/airflow/example_dags/example_time_delta_sensor_async.py for tasks to queue
[2022-09-20T17:45:37.850+0530] {logging_mixin.py:115} INFO - [2022-09-20T17:45:37.850+0530] {dagbag.py:508} INFO - Filling up the DagBag from /home/sayone/This PC/SayOne Technologies/Works/airflow_new/Airflow/venv/lib/python3.8/site-packages/airflow/example_dags/example_time_delta_sensor_async.py
[2022-09-20T17:45:37.857+0530] {processor.py:650} INFO - DAG(s) dict_keys(['example_time_delta_sensor_async']) retrieved from /home/sayone/This PC/SayOne Technologies/Works/airflow_new/Airflow/venv/lib/python3.8/site-packages/airflow/example_dags/example_time_delta_sensor_async.py
[2022-09-20T17:45:37.905+0530] {logging_mixin.py:115} INFO - [2022-09-20T17:45:37.905+0530] {dag.py:2429} INFO - Sync 1 DAGs
[2022-09-20T17:45:37.916+0530] {logging_mixin.py:115} INFO - [2022-09-20T17:45:37.916+0530] {dag.py:2977} INFO - Setting next_dagrun for example_time_delta_sensor_async to None, run_after=None
[2022-09-20T17:45:37.926+0530] {processor.py:161} INFO - Processing /home/sayone/This PC/SayOne Technologies/Works/airflow_new/Airflow/venv/lib/python3.8/site-packages/airflow/example_dags/example_time_delta_sensor_async.py took 0.084 seconds
[2022-09-20T17:46:34.047+0530] {processor.py:153} INFO - Started process (PID=35078) to work on /home/sayone/This PC/SayOne Technologies/Works/airflow_new/Airflow/venv/lib/python3.8/site-packages/airflow/example_dags/example_time_delta_sensor_async.py
[2022-09-20T17:46:34.048+0530] {processor.py:640} INFO - Processing file /home/sayone/This PC/SayOne Technologies/Works/airflow_new/Airflow/venv/lib/python3.8/site-packages/airflow/example_dags/example_time_delta_sensor_async.py for tasks to queue
[2022-09-20T17:46:34.048+0530] {logging_mixin.py:115} INFO - [2022-09-20T17:46:34.048+0530] {dagbag.py:508} INFO - Filling up the DagBag from /home/sayone/This PC/SayOne Technologies/Works/airflow_new/Airflow/venv/lib/python3.8/site-packages/airflow/example_dags/example_time_delta_sensor_async.py
[2022-09-20T17:46:34.054+0530] {processor.py:650} INFO - DAG(s) dict_keys(['example_time_delta_sensor_async']) retrieved from /home/sayone/This PC/SayOne Technologies/Works/airflow_new/Airflow/venv/lib/python3.8/site-packages/airflow/example_dags/example_time_delta_sensor_async.py
[2022-09-20T17:46:34.098+0530] {logging_mixin.py:115} INFO - [2022-09-20T17:46:34.097+0530] {dag.py:2429} INFO - Sync 1 DAGs
[2022-09-20T17:46:34.107+0530] {logging_mixin.py:115} INFO - [2022-09-20T17:46:34.107+0530] {dag.py:2977} INFO - Setting next_dagrun for example_time_delta_sensor_async to None, run_after=None
[2022-09-20T17:46:34.115+0530] {processor.py:161} INFO - Processing /home/sayone/This PC/SayOne Technologies/Works/airflow_new/Airflow/venv/lib/python3.8/site-packages/airflow/example_dags/example_time_delta_sensor_async.py took 0.070 seconds
[2022-09-20T17:47:08.552+0530] {processor.py:153} INFO - Started process (PID=35310) to work on /home/sayone/This PC/SayOne Technologies/Works/airflow_new/Airflow/venv/lib/python3.8/site-packages/airflow/example_dags/example_time_delta_sensor_async.py
[2022-09-20T17:47:08.555+0530] {processor.py:640} INFO - Processing file /home/sayone/This PC/SayOne Technologies/Works/airflow_new/Airflow/venv/lib/python3.8/site-packages/airflow/example_dags/example_time_delta_sensor_async.py for tasks to queue
[2022-09-20T17:47:08.555+0530] {logging_mixin.py:115} INFO - [2022-09-20T17:47:08.555+0530] {dagbag.py:508} INFO - Filling up the DagBag from /home/sayone/This PC/SayOne Technologies/Works/airflow_new/Airflow/venv/lib/python3.8/site-packages/airflow/example_dags/example_time_delta_sensor_async.py
[2022-09-20T17:47:08.560+0530] {processor.py:650} INFO - DAG(s) dict_keys(['example_time_delta_sensor_async']) retrieved from /home/sayone/This PC/SayOne Technologies/Works/airflow_new/Airflow/venv/lib/python3.8/site-packages/airflow/example_dags/example_time_delta_sensor_async.py
[2022-09-20T17:47:08.603+0530] {logging_mixin.py:115} INFO - [2022-09-20T17:47:08.603+0530] {dag.py:2429} INFO - Sync 1 DAGs
[2022-09-20T17:47:08.614+0530] {logging_mixin.py:115} INFO - [2022-09-20T17:47:08.614+0530] {dag.py:2977} INFO - Setting next_dagrun for example_time_delta_sensor_async to None, run_after=None
[2022-09-20T17:47:08.622+0530] {processor.py:161} INFO - Processing /home/sayone/This PC/SayOne Technologies/Works/airflow_new/Airflow/venv/lib/python3.8/site-packages/airflow/example_dags/example_time_delta_sensor_async.py took 0.071 seconds
[2022-09-20T17:47:46.836+0530] {processor.py:153} INFO - Started process (PID=35412) to work on /home/sayone/This PC/SayOne Technologies/Works/airflow_new/Airflow/venv/lib/python3.8/site-packages/airflow/example_dags/example_time_delta_sensor_async.py
[2022-09-20T17:47:46.839+0530] {processor.py:640} INFO - Processing file /home/sayone/This PC/SayOne Technologies/Works/airflow_new/Airflow/venv/lib/python3.8/site-packages/airflow/example_dags/example_time_delta_sensor_async.py for tasks to queue
[2022-09-20T17:47:46.840+0530] {logging_mixin.py:115} INFO - [2022-09-20T17:47:46.840+0530] {dagbag.py:508} INFO - Filling up the DagBag from /home/sayone/This PC/SayOne Technologies/Works/airflow_new/Airflow/venv/lib/python3.8/site-packages/airflow/example_dags/example_time_delta_sensor_async.py
[2022-09-20T17:47:46.847+0530] {processor.py:650} INFO - DAG(s) dict_keys(['example_time_delta_sensor_async']) retrieved from /home/sayone/This PC/SayOne Technologies/Works/airflow_new/Airflow/venv/lib/python3.8/site-packages/airflow/example_dags/example_time_delta_sensor_async.py
[2022-09-20T17:47:46.892+0530] {logging_mixin.py:115} INFO - [2022-09-20T17:47:46.892+0530] {dag.py:2429} INFO - Sync 1 DAGs
[2022-09-20T17:47:46.902+0530] {logging_mixin.py:115} INFO - [2022-09-20T17:47:46.902+0530] {dag.py:2977} INFO - Setting next_dagrun for example_time_delta_sensor_async to None, run_after=None
[2022-09-20T17:47:46.910+0530] {processor.py:161} INFO - Processing /home/sayone/This PC/SayOne Technologies/Works/airflow_new/Airflow/venv/lib/python3.8/site-packages/airflow/example_dags/example_time_delta_sensor_async.py took 0.078 seconds
[2022-09-20T17:48:22.721+0530] {processor.py:153} INFO - Started process (PID=35516) to work on /home/sayone/This PC/SayOne Technologies/Works/airflow_new/Airflow/venv/lib/python3.8/site-packages/airflow/example_dags/example_time_delta_sensor_async.py
[2022-09-20T17:48:22.725+0530] {processor.py:640} INFO - Processing file /home/sayone/This PC/SayOne Technologies/Works/airflow_new/Airflow/venv/lib/python3.8/site-packages/airflow/example_dags/example_time_delta_sensor_async.py for tasks to queue
[2022-09-20T17:48:22.726+0530] {logging_mixin.py:115} INFO - [2022-09-20T17:48:22.725+0530] {dagbag.py:508} INFO - Filling up the DagBag from /home/sayone/This PC/SayOne Technologies/Works/airflow_new/Airflow/venv/lib/python3.8/site-packages/airflow/example_dags/example_time_delta_sensor_async.py
[2022-09-20T17:48:22.733+0530] {processor.py:650} INFO - DAG(s) dict_keys(['example_time_delta_sensor_async']) retrieved from /home/sayone/This PC/SayOne Technologies/Works/airflow_new/Airflow/venv/lib/python3.8/site-packages/airflow/example_dags/example_time_delta_sensor_async.py
[2022-09-20T17:48:22.775+0530] {logging_mixin.py:115} INFO - [2022-09-20T17:48:22.775+0530] {dag.py:2429} INFO - Sync 1 DAGs
[2022-09-20T17:48:22.785+0530] {logging_mixin.py:115} INFO - [2022-09-20T17:48:22.785+0530] {dag.py:2977} INFO - Setting next_dagrun for example_time_delta_sensor_async to None, run_after=None
[2022-09-20T17:48:22.794+0530] {processor.py:161} INFO - Processing /home/sayone/This PC/SayOne Technologies/Works/airflow_new/Airflow/venv/lib/python3.8/site-packages/airflow/example_dags/example_time_delta_sensor_async.py took 0.077 seconds
[2022-09-20T17:49:00.558+0530] {processor.py:153} INFO - Started process (PID=35637) to work on /home/sayone/This PC/SayOne Technologies/Works/airflow_new/Airflow/venv/lib/python3.8/site-packages/airflow/example_dags/example_time_delta_sensor_async.py
[2022-09-20T17:49:00.560+0530] {processor.py:640} INFO - Processing file /home/sayone/This PC/SayOne Technologies/Works/airflow_new/Airflow/venv/lib/python3.8/site-packages/airflow/example_dags/example_time_delta_sensor_async.py for tasks to queue
[2022-09-20T17:49:00.561+0530] {logging_mixin.py:115} INFO - [2022-09-20T17:49:00.561+0530] {dagbag.py:508} INFO - Filling up the DagBag from /home/sayone/This PC/SayOne Technologies/Works/airflow_new/Airflow/venv/lib/python3.8/site-packages/airflow/example_dags/example_time_delta_sensor_async.py
[2022-09-20T17:49:00.567+0530] {processor.py:650} INFO - DAG(s) dict_keys(['example_time_delta_sensor_async']) retrieved from /home/sayone/This PC/SayOne Technologies/Works/airflow_new/Airflow/venv/lib/python3.8/site-packages/airflow/example_dags/example_time_delta_sensor_async.py
[2022-09-20T17:49:00.611+0530] {logging_mixin.py:115} INFO - [2022-09-20T17:49:00.611+0530] {dag.py:2429} INFO - Sync 1 DAGs
[2022-09-20T17:49:00.621+0530] {logging_mixin.py:115} INFO - [2022-09-20T17:49:00.621+0530] {dag.py:2977} INFO - Setting next_dagrun for example_time_delta_sensor_async to None, run_after=None
[2022-09-20T17:49:00.629+0530] {processor.py:161} INFO - Processing /home/sayone/This PC/SayOne Technologies/Works/airflow_new/Airflow/venv/lib/python3.8/site-packages/airflow/example_dags/example_time_delta_sensor_async.py took 0.073 seconds
[2022-09-20T17:49:36.809+0530] {processor.py:153} INFO - Started process (PID=35713) to work on /home/sayone/This PC/SayOne Technologies/Works/airflow_new/Airflow/venv/lib/python3.8/site-packages/airflow/example_dags/example_time_delta_sensor_async.py
[2022-09-20T17:49:36.812+0530] {processor.py:640} INFO - Processing file /home/sayone/This PC/SayOne Technologies/Works/airflow_new/Airflow/venv/lib/python3.8/site-packages/airflow/example_dags/example_time_delta_sensor_async.py for tasks to queue
[2022-09-20T17:49:36.813+0530] {logging_mixin.py:115} INFO - [2022-09-20T17:49:36.813+0530] {dagbag.py:508} INFO - Filling up the DagBag from /home/sayone/This PC/SayOne Technologies/Works/airflow_new/Airflow/venv/lib/python3.8/site-packages/airflow/example_dags/example_time_delta_sensor_async.py
[2022-09-20T17:49:36.820+0530] {processor.py:650} INFO - DAG(s) dict_keys(['example_time_delta_sensor_async']) retrieved from /home/sayone/This PC/SayOne Technologies/Works/airflow_new/Airflow/venv/lib/python3.8/site-packages/airflow/example_dags/example_time_delta_sensor_async.py
[2022-09-20T17:49:36.870+0530] {logging_mixin.py:115} INFO - [2022-09-20T17:49:36.870+0530] {dag.py:2429} INFO - Sync 1 DAGs
[2022-09-20T17:49:36.881+0530] {logging_mixin.py:115} INFO - [2022-09-20T17:49:36.881+0530] {dag.py:2977} INFO - Setting next_dagrun for example_time_delta_sensor_async to None, run_after=None
[2022-09-20T17:49:36.889+0530] {processor.py:161} INFO - Processing /home/sayone/This PC/SayOne Technologies/Works/airflow_new/Airflow/venv/lib/python3.8/site-packages/airflow/example_dags/example_time_delta_sensor_async.py took 0.083 seconds
[2022-09-20T17:50:14.084+0530] {processor.py:153} INFO - Started process (PID=35820) to work on /home/sayone/This PC/SayOne Technologies/Works/airflow_new/Airflow/venv/lib/python3.8/site-packages/airflow/example_dags/example_time_delta_sensor_async.py
[2022-09-20T17:50:14.085+0530] {processor.py:640} INFO - Processing file /home/sayone/This PC/SayOne Technologies/Works/airflow_new/Airflow/venv/lib/python3.8/site-packages/airflow/example_dags/example_time_delta_sensor_async.py for tasks to queue
[2022-09-20T17:50:14.085+0530] {logging_mixin.py:115} INFO - [2022-09-20T17:50:14.085+0530] {dagbag.py:508} INFO - Filling up the DagBag from /home/sayone/This PC/SayOne Technologies/Works/airflow_new/Airflow/venv/lib/python3.8/site-packages/airflow/example_dags/example_time_delta_sensor_async.py
[2022-09-20T17:50:14.089+0530] {processor.py:650} INFO - DAG(s) dict_keys(['example_time_delta_sensor_async']) retrieved from /home/sayone/This PC/SayOne Technologies/Works/airflow_new/Airflow/venv/lib/python3.8/site-packages/airflow/example_dags/example_time_delta_sensor_async.py
[2022-09-20T17:50:14.133+0530] {logging_mixin.py:115} INFO - [2022-09-20T17:50:14.133+0530] {dag.py:2429} INFO - Sync 1 DAGs
[2022-09-20T17:50:14.143+0530] {logging_mixin.py:115} INFO - [2022-09-20T17:50:14.143+0530] {dag.py:2977} INFO - Setting next_dagrun for example_time_delta_sensor_async to None, run_after=None
[2022-09-20T17:50:14.152+0530] {processor.py:161} INFO - Processing /home/sayone/This PC/SayOne Technologies/Works/airflow_new/Airflow/venv/lib/python3.8/site-packages/airflow/example_dags/example_time_delta_sensor_async.py took 0.069 seconds
[2022-09-20T17:50:50.652+0530] {processor.py:153} INFO - Started process (PID=35885) to work on /home/sayone/This PC/SayOne Technologies/Works/airflow_new/Airflow/venv/lib/python3.8/site-packages/airflow/example_dags/example_time_delta_sensor_async.py
[2022-09-20T17:50:50.655+0530] {processor.py:640} INFO - Processing file /home/sayone/This PC/SayOne Technologies/Works/airflow_new/Airflow/venv/lib/python3.8/site-packages/airflow/example_dags/example_time_delta_sensor_async.py for tasks to queue
[2022-09-20T17:50:50.656+0530] {logging_mixin.py:115} INFO - [2022-09-20T17:50:50.656+0530] {dagbag.py:508} INFO - Filling up the DagBag from /home/sayone/This PC/SayOne Technologies/Works/airflow_new/Airflow/venv/lib/python3.8/site-packages/airflow/example_dags/example_time_delta_sensor_async.py
[2022-09-20T17:50:50.663+0530] {processor.py:650} INFO - DAG(s) dict_keys(['example_time_delta_sensor_async']) retrieved from /home/sayone/This PC/SayOne Technologies/Works/airflow_new/Airflow/venv/lib/python3.8/site-packages/airflow/example_dags/example_time_delta_sensor_async.py
[2022-09-20T17:50:50.708+0530] {logging_mixin.py:115} INFO - [2022-09-20T17:50:50.708+0530] {dag.py:2429} INFO - Sync 1 DAGs
[2022-09-20T17:50:50.719+0530] {logging_mixin.py:115} INFO - [2022-09-20T17:50:50.718+0530] {dag.py:2977} INFO - Setting next_dagrun for example_time_delta_sensor_async to None, run_after=None
[2022-09-20T17:50:50.727+0530] {processor.py:161} INFO - Processing /home/sayone/This PC/SayOne Technologies/Works/airflow_new/Airflow/venv/lib/python3.8/site-packages/airflow/example_dags/example_time_delta_sensor_async.py took 0.079 seconds
[2022-09-20T17:51:26.486+0530] {processor.py:153} INFO - Started process (PID=35995) to work on /home/sayone/This PC/SayOne Technologies/Works/airflow_new/Airflow/venv/lib/python3.8/site-packages/airflow/example_dags/example_time_delta_sensor_async.py
[2022-09-20T17:51:26.489+0530] {processor.py:640} INFO - Processing file /home/sayone/This PC/SayOne Technologies/Works/airflow_new/Airflow/venv/lib/python3.8/site-packages/airflow/example_dags/example_time_delta_sensor_async.py for tasks to queue
[2022-09-20T17:51:26.490+0530] {logging_mixin.py:115} INFO - [2022-09-20T17:51:26.489+0530] {dagbag.py:508} INFO - Filling up the DagBag from /home/sayone/This PC/SayOne Technologies/Works/airflow_new/Airflow/venv/lib/python3.8/site-packages/airflow/example_dags/example_time_delta_sensor_async.py
[2022-09-20T17:51:26.497+0530] {processor.py:650} INFO - DAG(s) dict_keys(['example_time_delta_sensor_async']) retrieved from /home/sayone/This PC/SayOne Technologies/Works/airflow_new/Airflow/venv/lib/python3.8/site-packages/airflow/example_dags/example_time_delta_sensor_async.py
[2022-09-20T17:51:26.542+0530] {logging_mixin.py:115} INFO - [2022-09-20T17:51:26.541+0530] {dag.py:2429} INFO - Sync 1 DAGs
[2022-09-20T17:51:26.552+0530] {logging_mixin.py:115} INFO - [2022-09-20T17:51:26.552+0530] {dag.py:2977} INFO - Setting next_dagrun for example_time_delta_sensor_async to None, run_after=None
[2022-09-20T17:51:26.560+0530] {processor.py:161} INFO - Processing /home/sayone/This PC/SayOne Technologies/Works/airflow_new/Airflow/venv/lib/python3.8/site-packages/airflow/example_dags/example_time_delta_sensor_async.py took 0.078 seconds
[2022-09-20T17:52:05.372+0530] {processor.py:153} INFO - Started process (PID=36097) to work on /home/sayone/This PC/SayOne Technologies/Works/airflow_new/Airflow/venv/lib/python3.8/site-packages/airflow/example_dags/example_time_delta_sensor_async.py
[2022-09-20T17:52:05.375+0530] {processor.py:640} INFO - Processing file /home/sayone/This PC/SayOne Technologies/Works/airflow_new/Airflow/venv/lib/python3.8/site-packages/airflow/example_dags/example_time_delta_sensor_async.py for tasks to queue
[2022-09-20T17:52:05.375+0530] {logging_mixin.py:115} INFO - [2022-09-20T17:52:05.375+0530] {dagbag.py:508} INFO - Filling up the DagBag from /home/sayone/This PC/SayOne Technologies/Works/airflow_new/Airflow/venv/lib/python3.8/site-packages/airflow/example_dags/example_time_delta_sensor_async.py
[2022-09-20T17:52:05.382+0530] {processor.py:650} INFO - DAG(s) dict_keys(['example_time_delta_sensor_async']) retrieved from /home/sayone/This PC/SayOne Technologies/Works/airflow_new/Airflow/venv/lib/python3.8/site-packages/airflow/example_dags/example_time_delta_sensor_async.py
[2022-09-20T17:52:05.426+0530] {logging_mixin.py:115} INFO - [2022-09-20T17:52:05.426+0530] {dag.py:2429} INFO - Sync 1 DAGs
[2022-09-20T17:52:05.436+0530] {logging_mixin.py:115} INFO - [2022-09-20T17:52:05.436+0530] {dag.py:2977} INFO - Setting next_dagrun for example_time_delta_sensor_async to None, run_after=None
[2022-09-20T17:52:05.444+0530] {processor.py:161} INFO - Processing /home/sayone/This PC/SayOne Technologies/Works/airflow_new/Airflow/venv/lib/python3.8/site-packages/airflow/example_dags/example_time_delta_sensor_async.py took 0.074 seconds
