[2022-09-20T17:17:08.367+0530] {processor.py:153} INFO - Started process (PID=28804) to work on /home/sayone/This PC/SayOne Technologies/Works/airflow_new/Airflow/venv/lib/python3.8/site-packages/airflow/example_dags/example_external_task_marker_dag.py
[2022-09-20T17:17:08.369+0530] {processor.py:640} INFO - Processing file /home/sayone/This PC/SayOne Technologies/Works/airflow_new/Airflow/venv/lib/python3.8/site-packages/airflow/example_dags/example_external_task_marker_dag.py for tasks to queue
[2022-09-20T17:17:08.370+0530] {logging_mixin.py:115} INFO - [2022-09-20T17:17:08.370+0530] {dagbag.py:508} INFO - Filling up the DagBag from /home/sayone/This PC/SayOne Technologies/Works/airflow_new/Airflow/venv/lib/python3.8/site-packages/airflow/example_dags/example_external_task_marker_dag.py
[2022-09-20T17:17:08.379+0530] {processor.py:650} INFO - DAG(s) dict_keys(['example_external_task_marker_parent', 'example_external_task_marker_child']) retrieved from /home/sayone/This PC/SayOne Technologies/Works/airflow_new/Airflow/venv/lib/python3.8/site-packages/airflow/example_dags/example_external_task_marker_dag.py
[2022-09-20T17:17:08.441+0530] {logging_mixin.py:115} INFO - [2022-09-20T17:17:08.440+0530] {manager.py:508} INFO - Created Permission View: can edit on DAG:example_external_task_marker_parent
[2022-09-20T17:17:08.452+0530] {logging_mixin.py:115} INFO - [2022-09-20T17:17:08.451+0530] {manager.py:508} INFO - Created Permission View: can read on DAG:example_external_task_marker_parent
[2022-09-20T17:17:08.460+0530] {logging_mixin.py:115} INFO - [2022-09-20T17:17:08.460+0530] {manager.py:508} INFO - Created Permission View: can delete on DAG:example_external_task_marker_parent
[2022-09-20T17:17:08.523+0530] {logging_mixin.py:115} INFO - [2022-09-20T17:17:08.522+0530] {manager.py:508} INFO - Created Permission View: can edit on DAG:example_external_task_marker_child
[2022-09-20T17:17:08.530+0530] {logging_mixin.py:115} INFO - [2022-09-20T17:17:08.530+0530] {manager.py:508} INFO - Created Permission View: can read on DAG:example_external_task_marker_child
[2022-09-20T17:17:08.538+0530] {logging_mixin.py:115} INFO - [2022-09-20T17:17:08.537+0530] {manager.py:508} INFO - Created Permission View: can delete on DAG:example_external_task_marker_child
[2022-09-20T17:17:08.538+0530] {logging_mixin.py:115} INFO - [2022-09-20T17:17:08.538+0530] {dag.py:2429} INFO - Sync 2 DAGs
[2022-09-20T17:17:08.544+0530] {logging_mixin.py:115} INFO - [2022-09-20T17:17:08.544+0530] {dag.py:2448} INFO - Creating ORM DAG for example_external_task_marker_parent
[2022-09-20T17:17:08.544+0530] {logging_mixin.py:115} INFO - [2022-09-20T17:17:08.544+0530] {dag.py:2448} INFO - Creating ORM DAG for example_external_task_marker_child
[2022-09-20T17:17:08.550+0530] {logging_mixin.py:115} INFO - [2022-09-20T17:17:08.549+0530] {dag.py:2977} INFO - Setting next_dagrun for example_external_task_marker_child to None, run_after=None
[2022-09-20T17:17:08.550+0530] {logging_mixin.py:115} INFO - [2022-09-20T17:17:08.550+0530] {dag.py:2977} INFO - Setting next_dagrun for example_external_task_marker_parent to None, run_after=None
[2022-09-20T17:17:08.563+0530] {processor.py:161} INFO - Processing /home/sayone/This PC/SayOne Technologies/Works/airflow_new/Airflow/venv/lib/python3.8/site-packages/airflow/example_dags/example_external_task_marker_dag.py took 0.202 seconds
[2022-09-20T17:17:45.744+0530] {processor.py:153} INFO - Started process (PID=28999) to work on /home/sayone/This PC/SayOne Technologies/Works/airflow_new/Airflow/venv/lib/python3.8/site-packages/airflow/example_dags/example_external_task_marker_dag.py
[2022-09-20T17:17:45.746+0530] {processor.py:640} INFO - Processing file /home/sayone/This PC/SayOne Technologies/Works/airflow_new/Airflow/venv/lib/python3.8/site-packages/airflow/example_dags/example_external_task_marker_dag.py for tasks to queue
[2022-09-20T17:17:45.746+0530] {logging_mixin.py:115} INFO - [2022-09-20T17:17:45.746+0530] {dagbag.py:508} INFO - Filling up the DagBag from /home/sayone/This PC/SayOne Technologies/Works/airflow_new/Airflow/venv/lib/python3.8/site-packages/airflow/example_dags/example_external_task_marker_dag.py
[2022-09-20T17:17:45.749+0530] {processor.py:650} INFO - DAG(s) dict_keys(['example_external_task_marker_parent', 'example_external_task_marker_child']) retrieved from /home/sayone/This PC/SayOne Technologies/Works/airflow_new/Airflow/venv/lib/python3.8/site-packages/airflow/example_dags/example_external_task_marker_dag.py
[2022-09-20T17:17:45.803+0530] {logging_mixin.py:115} INFO - [2022-09-20T17:17:45.803+0530] {dag.py:2429} INFO - Sync 2 DAGs
[2022-09-20T17:17:45.821+0530] {logging_mixin.py:115} INFO - [2022-09-20T17:17:45.820+0530] {dag.py:2977} INFO - Setting next_dagrun for example_external_task_marker_child to None, run_after=None
[2022-09-20T17:17:45.821+0530] {logging_mixin.py:115} INFO - [2022-09-20T17:17:45.821+0530] {dag.py:2977} INFO - Setting next_dagrun for example_external_task_marker_parent to None, run_after=None
[2022-09-20T17:17:45.830+0530] {processor.py:161} INFO - Processing /home/sayone/This PC/SayOne Technologies/Works/airflow_new/Airflow/venv/lib/python3.8/site-packages/airflow/example_dags/example_external_task_marker_dag.py took 0.088 seconds
[2022-09-20T17:18:18.408+0530] {processor.py:153} INFO - Started process (PID=29139) to work on /home/sayone/This PC/SayOne Technologies/Works/airflow_new/Airflow/venv/lib/python3.8/site-packages/airflow/example_dags/example_external_task_marker_dag.py
[2022-09-20T17:18:18.411+0530] {processor.py:640} INFO - Processing file /home/sayone/This PC/SayOne Technologies/Works/airflow_new/Airflow/venv/lib/python3.8/site-packages/airflow/example_dags/example_external_task_marker_dag.py for tasks to queue
[2022-09-20T17:18:18.412+0530] {logging_mixin.py:115} INFO - [2022-09-20T17:18:18.412+0530] {dagbag.py:508} INFO - Filling up the DagBag from /home/sayone/This PC/SayOne Technologies/Works/airflow_new/Airflow/venv/lib/python3.8/site-packages/airflow/example_dags/example_external_task_marker_dag.py
[2022-09-20T17:18:18.415+0530] {processor.py:650} INFO - DAG(s) dict_keys(['example_external_task_marker_parent', 'example_external_task_marker_child']) retrieved from /home/sayone/This PC/SayOne Technologies/Works/airflow_new/Airflow/venv/lib/python3.8/site-packages/airflow/example_dags/example_external_task_marker_dag.py
[2022-09-20T17:18:18.461+0530] {logging_mixin.py:115} INFO - [2022-09-20T17:18:18.461+0530] {dag.py:2429} INFO - Sync 2 DAGs
[2022-09-20T17:18:18.473+0530] {logging_mixin.py:115} INFO - [2022-09-20T17:18:18.473+0530] {dag.py:2977} INFO - Setting next_dagrun for example_external_task_marker_child to None, run_after=None
[2022-09-20T17:18:18.473+0530] {logging_mixin.py:115} INFO - [2022-09-20T17:18:18.473+0530] {dag.py:2977} INFO - Setting next_dagrun for example_external_task_marker_parent to None, run_after=None
[2022-09-20T17:18:18.483+0530] {processor.py:161} INFO - Processing /home/sayone/This PC/SayOne Technologies/Works/airflow_new/Airflow/venv/lib/python3.8/site-packages/airflow/example_dags/example_external_task_marker_dag.py took 0.077 seconds
[2022-09-20T17:18:55.619+0530] {processor.py:153} INFO - Started process (PID=29273) to work on /home/sayone/This PC/SayOne Technologies/Works/airflow_new/Airflow/venv/lib/python3.8/site-packages/airflow/example_dags/example_external_task_marker_dag.py
[2022-09-20T17:18:55.621+0530] {processor.py:640} INFO - Processing file /home/sayone/This PC/SayOne Technologies/Works/airflow_new/Airflow/venv/lib/python3.8/site-packages/airflow/example_dags/example_external_task_marker_dag.py for tasks to queue
[2022-09-20T17:18:55.622+0530] {logging_mixin.py:115} INFO - [2022-09-20T17:18:55.622+0530] {dagbag.py:508} INFO - Filling up the DagBag from /home/sayone/This PC/SayOne Technologies/Works/airflow_new/Airflow/venv/lib/python3.8/site-packages/airflow/example_dags/example_external_task_marker_dag.py
[2022-09-20T17:18:55.624+0530] {processor.py:650} INFO - DAG(s) dict_keys(['example_external_task_marker_parent', 'example_external_task_marker_child']) retrieved from /home/sayone/This PC/SayOne Technologies/Works/airflow_new/Airflow/venv/lib/python3.8/site-packages/airflow/example_dags/example_external_task_marker_dag.py
[2022-09-20T17:18:55.679+0530] {logging_mixin.py:115} INFO - [2022-09-20T17:18:55.678+0530] {dag.py:2429} INFO - Sync 2 DAGs
[2022-09-20T17:18:55.690+0530] {logging_mixin.py:115} INFO - [2022-09-20T17:18:55.690+0530] {dag.py:2977} INFO - Setting next_dagrun for example_external_task_marker_child to None, run_after=None
[2022-09-20T17:18:55.691+0530] {logging_mixin.py:115} INFO - [2022-09-20T17:18:55.691+0530] {dag.py:2977} INFO - Setting next_dagrun for example_external_task_marker_parent to None, run_after=None
[2022-09-20T17:18:55.699+0530] {processor.py:161} INFO - Processing /home/sayone/This PC/SayOne Technologies/Works/airflow_new/Airflow/venv/lib/python3.8/site-packages/airflow/example_dags/example_external_task_marker_dag.py took 0.082 seconds
[2022-09-20T17:19:29.748+0530] {processor.py:153} INFO - Started process (PID=29440) to work on /home/sayone/This PC/SayOne Technologies/Works/airflow_new/Airflow/venv/lib/python3.8/site-packages/airflow/example_dags/example_external_task_marker_dag.py
[2022-09-20T17:19:29.749+0530] {processor.py:640} INFO - Processing file /home/sayone/This PC/SayOne Technologies/Works/airflow_new/Airflow/venv/lib/python3.8/site-packages/airflow/example_dags/example_external_task_marker_dag.py for tasks to queue
[2022-09-20T17:19:29.751+0530] {logging_mixin.py:115} INFO - [2022-09-20T17:19:29.750+0530] {dagbag.py:508} INFO - Filling up the DagBag from /home/sayone/This PC/SayOne Technologies/Works/airflow_new/Airflow/venv/lib/python3.8/site-packages/airflow/example_dags/example_external_task_marker_dag.py
[2022-09-20T17:19:29.755+0530] {processor.py:650} INFO - DAG(s) dict_keys(['example_external_task_marker_parent', 'example_external_task_marker_child']) retrieved from /home/sayone/This PC/SayOne Technologies/Works/airflow_new/Airflow/venv/lib/python3.8/site-packages/airflow/example_dags/example_external_task_marker_dag.py
[2022-09-20T17:19:29.803+0530] {logging_mixin.py:115} INFO - [2022-09-20T17:19:29.803+0530] {dag.py:2429} INFO - Sync 2 DAGs
[2022-09-20T17:19:29.815+0530] {logging_mixin.py:115} INFO - [2022-09-20T17:19:29.815+0530] {dag.py:2977} INFO - Setting next_dagrun for example_external_task_marker_child to None, run_after=None
[2022-09-20T17:19:29.815+0530] {logging_mixin.py:115} INFO - [2022-09-20T17:19:29.815+0530] {dag.py:2977} INFO - Setting next_dagrun for example_external_task_marker_parent to None, run_after=None
[2022-09-20T17:19:29.823+0530] {processor.py:161} INFO - Processing /home/sayone/This PC/SayOne Technologies/Works/airflow_new/Airflow/venv/lib/python3.8/site-packages/airflow/example_dags/example_external_task_marker_dag.py took 0.079 seconds
[2022-09-20T17:20:25.736+0530] {processor.py:153} INFO - Started process (PID=29700) to work on /home/sayone/This PC/SayOne Technologies/Works/airflow_new/Airflow/venv/lib/python3.8/site-packages/airflow/example_dags/example_external_task_marker_dag.py
[2022-09-20T17:20:25.739+0530] {processor.py:640} INFO - Processing file /home/sayone/This PC/SayOne Technologies/Works/airflow_new/Airflow/venv/lib/python3.8/site-packages/airflow/example_dags/example_external_task_marker_dag.py for tasks to queue
[2022-09-20T17:20:25.740+0530] {logging_mixin.py:115} INFO - [2022-09-20T17:20:25.740+0530] {dagbag.py:508} INFO - Filling up the DagBag from /home/sayone/This PC/SayOne Technologies/Works/airflow_new/Airflow/venv/lib/python3.8/site-packages/airflow/example_dags/example_external_task_marker_dag.py
[2022-09-20T17:20:25.745+0530] {processor.py:650} INFO - DAG(s) dict_keys(['example_external_task_marker_parent', 'example_external_task_marker_child']) retrieved from /home/sayone/This PC/SayOne Technologies/Works/airflow_new/Airflow/venv/lib/python3.8/site-packages/airflow/example_dags/example_external_task_marker_dag.py
[2022-09-20T17:20:25.794+0530] {logging_mixin.py:115} INFO - [2022-09-20T17:20:25.794+0530] {dag.py:2429} INFO - Sync 2 DAGs
[2022-09-20T17:20:25.809+0530] {logging_mixin.py:115} INFO - [2022-09-20T17:20:25.808+0530] {dag.py:2977} INFO - Setting next_dagrun for example_external_task_marker_child to None, run_after=None
[2022-09-20T17:20:25.809+0530] {logging_mixin.py:115} INFO - [2022-09-20T17:20:25.809+0530] {dag.py:2977} INFO - Setting next_dagrun for example_external_task_marker_parent to None, run_after=None
[2022-09-20T17:20:25.818+0530] {processor.py:161} INFO - Processing /home/sayone/This PC/SayOne Technologies/Works/airflow_new/Airflow/venv/lib/python3.8/site-packages/airflow/example_dags/example_external_task_marker_dag.py took 0.086 seconds
[2022-09-20T17:21:04.118+0530] {processor.py:153} INFO - Started process (PID=29808) to work on /home/sayone/This PC/SayOne Technologies/Works/airflow_new/Airflow/venv/lib/python3.8/site-packages/airflow/example_dags/example_external_task_marker_dag.py
[2022-09-20T17:21:04.122+0530] {processor.py:640} INFO - Processing file /home/sayone/This PC/SayOne Technologies/Works/airflow_new/Airflow/venv/lib/python3.8/site-packages/airflow/example_dags/example_external_task_marker_dag.py for tasks to queue
[2022-09-20T17:21:04.123+0530] {logging_mixin.py:115} INFO - [2022-09-20T17:21:04.123+0530] {dagbag.py:508} INFO - Filling up the DagBag from /home/sayone/This PC/SayOne Technologies/Works/airflow_new/Airflow/venv/lib/python3.8/site-packages/airflow/example_dags/example_external_task_marker_dag.py
[2022-09-20T17:21:04.127+0530] {processor.py:650} INFO - DAG(s) dict_keys(['example_external_task_marker_parent', 'example_external_task_marker_child']) retrieved from /home/sayone/This PC/SayOne Technologies/Works/airflow_new/Airflow/venv/lib/python3.8/site-packages/airflow/example_dags/example_external_task_marker_dag.py
[2022-09-20T17:21:04.178+0530] {logging_mixin.py:115} INFO - [2022-09-20T17:21:04.178+0530] {dag.py:2429} INFO - Sync 2 DAGs
[2022-09-20T17:21:04.189+0530] {logging_mixin.py:115} INFO - [2022-09-20T17:21:04.189+0530] {dag.py:2977} INFO - Setting next_dagrun for example_external_task_marker_child to None, run_after=None
[2022-09-20T17:21:04.189+0530] {logging_mixin.py:115} INFO - [2022-09-20T17:21:04.189+0530] {dag.py:2977} INFO - Setting next_dagrun for example_external_task_marker_parent to None, run_after=None
[2022-09-20T17:21:04.199+0530] {processor.py:161} INFO - Processing /home/sayone/This PC/SayOne Technologies/Works/airflow_new/Airflow/venv/lib/python3.8/site-packages/airflow/example_dags/example_external_task_marker_dag.py took 0.082 seconds
[2022-09-20T17:21:37.873+0530] {processor.py:153} INFO - Started process (PID=29901) to work on /home/sayone/This PC/SayOne Technologies/Works/airflow_new/Airflow/venv/lib/python3.8/site-packages/airflow/example_dags/example_external_task_marker_dag.py
[2022-09-20T17:21:37.876+0530] {processor.py:640} INFO - Processing file /home/sayone/This PC/SayOne Technologies/Works/airflow_new/Airflow/venv/lib/python3.8/site-packages/airflow/example_dags/example_external_task_marker_dag.py for tasks to queue
[2022-09-20T17:21:37.877+0530] {logging_mixin.py:115} INFO - [2022-09-20T17:21:37.877+0530] {dagbag.py:508} INFO - Filling up the DagBag from /home/sayone/This PC/SayOne Technologies/Works/airflow_new/Airflow/venv/lib/python3.8/site-packages/airflow/example_dags/example_external_task_marker_dag.py
[2022-09-20T17:21:37.883+0530] {processor.py:650} INFO - DAG(s) dict_keys(['example_external_task_marker_parent', 'example_external_task_marker_child']) retrieved from /home/sayone/This PC/SayOne Technologies/Works/airflow_new/Airflow/venv/lib/python3.8/site-packages/airflow/example_dags/example_external_task_marker_dag.py
[2022-09-20T17:21:37.933+0530] {logging_mixin.py:115} INFO - [2022-09-20T17:21:37.933+0530] {dag.py:2429} INFO - Sync 2 DAGs
[2022-09-20T17:21:37.946+0530] {logging_mixin.py:115} INFO - [2022-09-20T17:21:37.946+0530] {dag.py:2977} INFO - Setting next_dagrun for example_external_task_marker_child to None, run_after=None
[2022-09-20T17:21:37.946+0530] {logging_mixin.py:115} INFO - [2022-09-20T17:21:37.946+0530] {dag.py:2977} INFO - Setting next_dagrun for example_external_task_marker_parent to None, run_after=None
[2022-09-20T17:21:37.954+0530] {processor.py:161} INFO - Processing /home/sayone/This PC/SayOne Technologies/Works/airflow_new/Airflow/venv/lib/python3.8/site-packages/airflow/example_dags/example_external_task_marker_dag.py took 0.085 seconds
[2022-09-20T17:22:15.518+0530] {processor.py:153} INFO - Started process (PID=30186) to work on /home/sayone/This PC/SayOne Technologies/Works/airflow_new/Airflow/venv/lib/python3.8/site-packages/airflow/example_dags/example_external_task_marker_dag.py
[2022-09-20T17:22:15.521+0530] {processor.py:640} INFO - Processing file /home/sayone/This PC/SayOne Technologies/Works/airflow_new/Airflow/venv/lib/python3.8/site-packages/airflow/example_dags/example_external_task_marker_dag.py for tasks to queue
[2022-09-20T17:22:15.521+0530] {logging_mixin.py:115} INFO - [2022-09-20T17:22:15.521+0530] {dagbag.py:508} INFO - Filling up the DagBag from /home/sayone/This PC/SayOne Technologies/Works/airflow_new/Airflow/venv/lib/python3.8/site-packages/airflow/example_dags/example_external_task_marker_dag.py
[2022-09-20T17:22:15.524+0530] {processor.py:650} INFO - DAG(s) dict_keys(['example_external_task_marker_parent', 'example_external_task_marker_child']) retrieved from /home/sayone/This PC/SayOne Technologies/Works/airflow_new/Airflow/venv/lib/python3.8/site-packages/airflow/example_dags/example_external_task_marker_dag.py
[2022-09-20T17:22:15.575+0530] {logging_mixin.py:115} INFO - [2022-09-20T17:22:15.574+0530] {dag.py:2429} INFO - Sync 2 DAGs
[2022-09-20T17:22:15.589+0530] {logging_mixin.py:115} INFO - [2022-09-20T17:22:15.589+0530] {dag.py:2977} INFO - Setting next_dagrun for example_external_task_marker_child to None, run_after=None
[2022-09-20T17:22:15.589+0530] {logging_mixin.py:115} INFO - [2022-09-20T17:22:15.589+0530] {dag.py:2977} INFO - Setting next_dagrun for example_external_task_marker_parent to None, run_after=None
[2022-09-20T17:22:15.600+0530] {processor.py:161} INFO - Processing /home/sayone/This PC/SayOne Technologies/Works/airflow_new/Airflow/venv/lib/python3.8/site-packages/airflow/example_dags/example_external_task_marker_dag.py took 0.084 seconds
[2022-09-20T17:22:49.907+0530] {processor.py:153} INFO - Started process (PID=30303) to work on /home/sayone/This PC/SayOne Technologies/Works/airflow_new/Airflow/venv/lib/python3.8/site-packages/airflow/example_dags/example_external_task_marker_dag.py
[2022-09-20T17:22:49.910+0530] {processor.py:640} INFO - Processing file /home/sayone/This PC/SayOne Technologies/Works/airflow_new/Airflow/venv/lib/python3.8/site-packages/airflow/example_dags/example_external_task_marker_dag.py for tasks to queue
[2022-09-20T17:22:49.911+0530] {logging_mixin.py:115} INFO - [2022-09-20T17:22:49.910+0530] {dagbag.py:508} INFO - Filling up the DagBag from /home/sayone/This PC/SayOne Technologies/Works/airflow_new/Airflow/venv/lib/python3.8/site-packages/airflow/example_dags/example_external_task_marker_dag.py
[2022-09-20T17:22:49.916+0530] {processor.py:650} INFO - DAG(s) dict_keys(['example_external_task_marker_parent', 'example_external_task_marker_child']) retrieved from /home/sayone/This PC/SayOne Technologies/Works/airflow_new/Airflow/venv/lib/python3.8/site-packages/airflow/example_dags/example_external_task_marker_dag.py
[2022-09-20T17:22:49.968+0530] {logging_mixin.py:115} INFO - [2022-09-20T17:22:49.968+0530] {dag.py:2429} INFO - Sync 2 DAGs
[2022-09-20T17:22:49.986+0530] {logging_mixin.py:115} INFO - [2022-09-20T17:22:49.986+0530] {dag.py:2977} INFO - Setting next_dagrun for example_external_task_marker_child to None, run_after=None
[2022-09-20T17:22:49.986+0530] {logging_mixin.py:115} INFO - [2022-09-20T17:22:49.986+0530] {dag.py:2977} INFO - Setting next_dagrun for example_external_task_marker_parent to None, run_after=None
[2022-09-20T17:22:50.002+0530] {processor.py:161} INFO - Processing /home/sayone/This PC/SayOne Technologies/Works/airflow_new/Airflow/venv/lib/python3.8/site-packages/airflow/example_dags/example_external_task_marker_dag.py took 0.099 seconds
[2022-09-20T17:23:51.114+0530] {processor.py:153} INFO - Started process (PID=30499) to work on /home/sayone/This PC/SayOne Technologies/Works/airflow_new/Airflow/venv/lib/python3.8/site-packages/airflow/example_dags/example_external_task_marker_dag.py
[2022-09-20T17:23:51.117+0530] {processor.py:640} INFO - Processing file /home/sayone/This PC/SayOne Technologies/Works/airflow_new/Airflow/venv/lib/python3.8/site-packages/airflow/example_dags/example_external_task_marker_dag.py for tasks to queue
[2022-09-20T17:23:51.118+0530] {logging_mixin.py:115} INFO - [2022-09-20T17:23:51.118+0530] {dagbag.py:508} INFO - Filling up the DagBag from /home/sayone/This PC/SayOne Technologies/Works/airflow_new/Airflow/venv/lib/python3.8/site-packages/airflow/example_dags/example_external_task_marker_dag.py
[2022-09-20T17:23:51.125+0530] {processor.py:650} INFO - DAG(s) dict_keys(['example_external_task_marker_parent', 'example_external_task_marker_child']) retrieved from /home/sayone/This PC/SayOne Technologies/Works/airflow_new/Airflow/venv/lib/python3.8/site-packages/airflow/example_dags/example_external_task_marker_dag.py
[2022-09-20T17:23:51.195+0530] {logging_mixin.py:115} INFO - [2022-09-20T17:23:51.195+0530] {dag.py:2429} INFO - Sync 2 DAGs
[2022-09-20T17:23:51.218+0530] {logging_mixin.py:115} INFO - [2022-09-20T17:23:51.217+0530] {dag.py:2977} INFO - Setting next_dagrun for example_external_task_marker_child to None, run_after=None
[2022-09-20T17:23:51.219+0530] {logging_mixin.py:115} INFO - [2022-09-20T17:23:51.219+0530] {dag.py:2977} INFO - Setting next_dagrun for example_external_task_marker_parent to None, run_after=None
[2022-09-20T17:23:51.237+0530] {processor.py:161} INFO - Processing /home/sayone/This PC/SayOne Technologies/Works/airflow_new/Airflow/venv/lib/python3.8/site-packages/airflow/example_dags/example_external_task_marker_dag.py took 0.126 seconds
[2022-09-20T17:24:27.929+0530] {processor.py:153} INFO - Started process (PID=30666) to work on /home/sayone/This PC/SayOne Technologies/Works/airflow_new/Airflow/venv/lib/python3.8/site-packages/airflow/example_dags/example_external_task_marker_dag.py
[2022-09-20T17:24:27.931+0530] {processor.py:640} INFO - Processing file /home/sayone/This PC/SayOne Technologies/Works/airflow_new/Airflow/venv/lib/python3.8/site-packages/airflow/example_dags/example_external_task_marker_dag.py for tasks to queue
[2022-09-20T17:24:27.931+0530] {logging_mixin.py:115} INFO - [2022-09-20T17:24:27.931+0530] {dagbag.py:508} INFO - Filling up the DagBag from /home/sayone/This PC/SayOne Technologies/Works/airflow_new/Airflow/venv/lib/python3.8/site-packages/airflow/example_dags/example_external_task_marker_dag.py
[2022-09-20T17:24:27.935+0530] {processor.py:650} INFO - DAG(s) dict_keys(['example_external_task_marker_parent', 'example_external_task_marker_child']) retrieved from /home/sayone/This PC/SayOne Technologies/Works/airflow_new/Airflow/venv/lib/python3.8/site-packages/airflow/example_dags/example_external_task_marker_dag.py
[2022-09-20T17:24:27.990+0530] {logging_mixin.py:115} INFO - [2022-09-20T17:24:27.990+0530] {dag.py:2429} INFO - Sync 2 DAGs
[2022-09-20T17:24:28.003+0530] {logging_mixin.py:115} INFO - [2022-09-20T17:24:28.003+0530] {dag.py:2977} INFO - Setting next_dagrun for example_external_task_marker_child to None, run_after=None
[2022-09-20T17:24:28.003+0530] {logging_mixin.py:115} INFO - [2022-09-20T17:24:28.003+0530] {dag.py:2977} INFO - Setting next_dagrun for example_external_task_marker_parent to None, run_after=None
[2022-09-20T17:24:28.013+0530] {processor.py:161} INFO - Processing /home/sayone/This PC/SayOne Technologies/Works/airflow_new/Airflow/venv/lib/python3.8/site-packages/airflow/example_dags/example_external_task_marker_dag.py took 0.087 seconds
[2022-09-20T17:25:02.780+0530] {processor.py:153} INFO - Started process (PID=30921) to work on /home/sayone/This PC/SayOne Technologies/Works/airflow_new/Airflow/venv/lib/python3.8/site-packages/airflow/example_dags/example_external_task_marker_dag.py
[2022-09-20T17:25:02.783+0530] {processor.py:640} INFO - Processing file /home/sayone/This PC/SayOne Technologies/Works/airflow_new/Airflow/venv/lib/python3.8/site-packages/airflow/example_dags/example_external_task_marker_dag.py for tasks to queue
[2022-09-20T17:25:02.784+0530] {logging_mixin.py:115} INFO - [2022-09-20T17:25:02.783+0530] {dagbag.py:508} INFO - Filling up the DagBag from /home/sayone/This PC/SayOne Technologies/Works/airflow_new/Airflow/venv/lib/python3.8/site-packages/airflow/example_dags/example_external_task_marker_dag.py
[2022-09-20T17:25:02.789+0530] {processor.py:650} INFO - DAG(s) dict_keys(['example_external_task_marker_parent', 'example_external_task_marker_child']) retrieved from /home/sayone/This PC/SayOne Technologies/Works/airflow_new/Airflow/venv/lib/python3.8/site-packages/airflow/example_dags/example_external_task_marker_dag.py
[2022-09-20T17:25:02.836+0530] {logging_mixin.py:115} INFO - [2022-09-20T17:25:02.836+0530] {dag.py:2429} INFO - Sync 2 DAGs
[2022-09-20T17:25:02.847+0530] {logging_mixin.py:115} INFO - [2022-09-20T17:25:02.847+0530] {dag.py:2977} INFO - Setting next_dagrun for example_external_task_marker_child to None, run_after=None
[2022-09-20T17:25:02.847+0530] {logging_mixin.py:115} INFO - [2022-09-20T17:25:02.847+0530] {dag.py:2977} INFO - Setting next_dagrun for example_external_task_marker_parent to None, run_after=None
[2022-09-20T17:25:02.855+0530] {processor.py:161} INFO - Processing /home/sayone/This PC/SayOne Technologies/Works/airflow_new/Airflow/venv/lib/python3.8/site-packages/airflow/example_dags/example_external_task_marker_dag.py took 0.079 seconds
[2022-09-20T17:25:38.926+0530] {processor.py:153} INFO - Started process (PID=31021) to work on /home/sayone/This PC/SayOne Technologies/Works/airflow_new/Airflow/venv/lib/python3.8/site-packages/airflow/example_dags/example_external_task_marker_dag.py
[2022-09-20T17:25:38.929+0530] {processor.py:640} INFO - Processing file /home/sayone/This PC/SayOne Technologies/Works/airflow_new/Airflow/venv/lib/python3.8/site-packages/airflow/example_dags/example_external_task_marker_dag.py for tasks to queue
[2022-09-20T17:25:38.930+0530] {logging_mixin.py:115} INFO - [2022-09-20T17:25:38.930+0530] {dagbag.py:508} INFO - Filling up the DagBag from /home/sayone/This PC/SayOne Technologies/Works/airflow_new/Airflow/venv/lib/python3.8/site-packages/airflow/example_dags/example_external_task_marker_dag.py
[2022-09-20T17:25:38.937+0530] {processor.py:650} INFO - DAG(s) dict_keys(['example_external_task_marker_parent', 'example_external_task_marker_child']) retrieved from /home/sayone/This PC/SayOne Technologies/Works/airflow_new/Airflow/venv/lib/python3.8/site-packages/airflow/example_dags/example_external_task_marker_dag.py
[2022-09-20T17:25:38.984+0530] {logging_mixin.py:115} INFO - [2022-09-20T17:25:38.983+0530] {dag.py:2429} INFO - Sync 2 DAGs
[2022-09-20T17:25:38.994+0530] {logging_mixin.py:115} INFO - [2022-09-20T17:25:38.994+0530] {dag.py:2977} INFO - Setting next_dagrun for example_external_task_marker_child to None, run_after=None
[2022-09-20T17:25:38.994+0530] {logging_mixin.py:115} INFO - [2022-09-20T17:25:38.994+0530] {dag.py:2977} INFO - Setting next_dagrun for example_external_task_marker_parent to None, run_after=None
[2022-09-20T17:25:39.003+0530] {processor.py:161} INFO - Processing /home/sayone/This PC/SayOne Technologies/Works/airflow_new/Airflow/venv/lib/python3.8/site-packages/airflow/example_dags/example_external_task_marker_dag.py took 0.078 seconds
[2022-09-20T17:26:16.172+0530] {processor.py:153} INFO - Started process (PID=31138) to work on /home/sayone/This PC/SayOne Technologies/Works/airflow_new/Airflow/venv/lib/python3.8/site-packages/airflow/example_dags/example_external_task_marker_dag.py
[2022-09-20T17:26:16.174+0530] {processor.py:640} INFO - Processing file /home/sayone/This PC/SayOne Technologies/Works/airflow_new/Airflow/venv/lib/python3.8/site-packages/airflow/example_dags/example_external_task_marker_dag.py for tasks to queue
[2022-09-20T17:26:16.174+0530] {logging_mixin.py:115} INFO - [2022-09-20T17:26:16.174+0530] {dagbag.py:508} INFO - Filling up the DagBag from /home/sayone/This PC/SayOne Technologies/Works/airflow_new/Airflow/venv/lib/python3.8/site-packages/airflow/example_dags/example_external_task_marker_dag.py
[2022-09-20T17:26:16.180+0530] {processor.py:650} INFO - DAG(s) dict_keys(['example_external_task_marker_parent', 'example_external_task_marker_child']) retrieved from /home/sayone/This PC/SayOne Technologies/Works/airflow_new/Airflow/venv/lib/python3.8/site-packages/airflow/example_dags/example_external_task_marker_dag.py
[2022-09-20T17:26:16.227+0530] {logging_mixin.py:115} INFO - [2022-09-20T17:26:16.226+0530] {dag.py:2429} INFO - Sync 2 DAGs
[2022-09-20T17:26:16.237+0530] {logging_mixin.py:115} INFO - [2022-09-20T17:26:16.236+0530] {dag.py:2977} INFO - Setting next_dagrun for example_external_task_marker_child to None, run_after=None
[2022-09-20T17:26:16.237+0530] {logging_mixin.py:115} INFO - [2022-09-20T17:26:16.237+0530] {dag.py:2977} INFO - Setting next_dagrun for example_external_task_marker_parent to None, run_after=None
[2022-09-20T17:26:16.245+0530] {processor.py:161} INFO - Processing /home/sayone/This PC/SayOne Technologies/Works/airflow_new/Airflow/venv/lib/python3.8/site-packages/airflow/example_dags/example_external_task_marker_dag.py took 0.075 seconds
[2022-09-20T17:26:52.069+0530] {processor.py:153} INFO - Started process (PID=31252) to work on /home/sayone/This PC/SayOne Technologies/Works/airflow_new/Airflow/venv/lib/python3.8/site-packages/airflow/example_dags/example_external_task_marker_dag.py
[2022-09-20T17:26:52.071+0530] {processor.py:640} INFO - Processing file /home/sayone/This PC/SayOne Technologies/Works/airflow_new/Airflow/venv/lib/python3.8/site-packages/airflow/example_dags/example_external_task_marker_dag.py for tasks to queue
[2022-09-20T17:26:52.072+0530] {logging_mixin.py:115} INFO - [2022-09-20T17:26:52.072+0530] {dagbag.py:508} INFO - Filling up the DagBag from /home/sayone/This PC/SayOne Technologies/Works/airflow_new/Airflow/venv/lib/python3.8/site-packages/airflow/example_dags/example_external_task_marker_dag.py
[2022-09-20T17:26:52.078+0530] {processor.py:650} INFO - DAG(s) dict_keys(['example_external_task_marker_parent', 'example_external_task_marker_child']) retrieved from /home/sayone/This PC/SayOne Technologies/Works/airflow_new/Airflow/venv/lib/python3.8/site-packages/airflow/example_dags/example_external_task_marker_dag.py
[2022-09-20T17:26:52.123+0530] {logging_mixin.py:115} INFO - [2022-09-20T17:26:52.123+0530] {dag.py:2429} INFO - Sync 2 DAGs
[2022-09-20T17:26:52.133+0530] {logging_mixin.py:115} INFO - [2022-09-20T17:26:52.133+0530] {dag.py:2977} INFO - Setting next_dagrun for example_external_task_marker_child to None, run_after=None
[2022-09-20T17:26:52.133+0530] {logging_mixin.py:115} INFO - [2022-09-20T17:26:52.133+0530] {dag.py:2977} INFO - Setting next_dagrun for example_external_task_marker_parent to None, run_after=None
[2022-09-20T17:26:52.142+0530] {processor.py:161} INFO - Processing /home/sayone/This PC/SayOne Technologies/Works/airflow_new/Airflow/venv/lib/python3.8/site-packages/airflow/example_dags/example_external_task_marker_dag.py took 0.075 seconds
[2022-09-20T17:27:28.726+0530] {processor.py:153} INFO - Started process (PID=31535) to work on /home/sayone/This PC/SayOne Technologies/Works/airflow_new/Airflow/venv/lib/python3.8/site-packages/airflow/example_dags/example_external_task_marker_dag.py
[2022-09-20T17:27:28.728+0530] {processor.py:640} INFO - Processing file /home/sayone/This PC/SayOne Technologies/Works/airflow_new/Airflow/venv/lib/python3.8/site-packages/airflow/example_dags/example_external_task_marker_dag.py for tasks to queue
[2022-09-20T17:27:28.729+0530] {logging_mixin.py:115} INFO - [2022-09-20T17:27:28.729+0530] {dagbag.py:508} INFO - Filling up the DagBag from /home/sayone/This PC/SayOne Technologies/Works/airflow_new/Airflow/venv/lib/python3.8/site-packages/airflow/example_dags/example_external_task_marker_dag.py
[2022-09-20T17:27:28.735+0530] {processor.py:650} INFO - DAG(s) dict_keys(['example_external_task_marker_parent', 'example_external_task_marker_child']) retrieved from /home/sayone/This PC/SayOne Technologies/Works/airflow_new/Airflow/venv/lib/python3.8/site-packages/airflow/example_dags/example_external_task_marker_dag.py
[2022-09-20T17:27:28.782+0530] {logging_mixin.py:115} INFO - [2022-09-20T17:27:28.782+0530] {dag.py:2429} INFO - Sync 2 DAGs
[2022-09-20T17:27:28.792+0530] {logging_mixin.py:115} INFO - [2022-09-20T17:27:28.792+0530] {dag.py:2977} INFO - Setting next_dagrun for example_external_task_marker_child to None, run_after=None
[2022-09-20T17:27:28.792+0530] {logging_mixin.py:115} INFO - [2022-09-20T17:27:28.792+0530] {dag.py:2977} INFO - Setting next_dagrun for example_external_task_marker_parent to None, run_after=None
[2022-09-20T17:27:28.801+0530] {processor.py:161} INFO - Processing /home/sayone/This PC/SayOne Technologies/Works/airflow_new/Airflow/venv/lib/python3.8/site-packages/airflow/example_dags/example_external_task_marker_dag.py took 0.077 seconds
[2022-09-20T17:28:04.335+0530] {processor.py:153} INFO - Started process (PID=31654) to work on /home/sayone/This PC/SayOne Technologies/Works/airflow_new/Airflow/venv/lib/python3.8/site-packages/airflow/example_dags/example_external_task_marker_dag.py
[2022-09-20T17:28:04.337+0530] {processor.py:640} INFO - Processing file /home/sayone/This PC/SayOne Technologies/Works/airflow_new/Airflow/venv/lib/python3.8/site-packages/airflow/example_dags/example_external_task_marker_dag.py for tasks to queue
[2022-09-20T17:28:04.338+0530] {logging_mixin.py:115} INFO - [2022-09-20T17:28:04.338+0530] {dagbag.py:508} INFO - Filling up the DagBag from /home/sayone/This PC/SayOne Technologies/Works/airflow_new/Airflow/venv/lib/python3.8/site-packages/airflow/example_dags/example_external_task_marker_dag.py
[2022-09-20T17:28:04.344+0530] {processor.py:650} INFO - DAG(s) dict_keys(['example_external_task_marker_parent', 'example_external_task_marker_child']) retrieved from /home/sayone/This PC/SayOne Technologies/Works/airflow_new/Airflow/venv/lib/python3.8/site-packages/airflow/example_dags/example_external_task_marker_dag.py
[2022-09-20T17:28:04.391+0530] {logging_mixin.py:115} INFO - [2022-09-20T17:28:04.391+0530] {dag.py:2429} INFO - Sync 2 DAGs
[2022-09-20T17:28:04.402+0530] {logging_mixin.py:115} INFO - [2022-09-20T17:28:04.402+0530] {dag.py:2977} INFO - Setting next_dagrun for example_external_task_marker_child to None, run_after=None
[2022-09-20T17:28:04.402+0530] {logging_mixin.py:115} INFO - [2022-09-20T17:28:04.402+0530] {dag.py:2977} INFO - Setting next_dagrun for example_external_task_marker_parent to None, run_after=None
[2022-09-20T17:28:04.410+0530] {processor.py:161} INFO - Processing /home/sayone/This PC/SayOne Technologies/Works/airflow_new/Airflow/venv/lib/python3.8/site-packages/airflow/example_dags/example_external_task_marker_dag.py took 0.077 seconds
[2022-09-20T17:28:40.665+0530] {processor.py:153} INFO - Started process (PID=31730) to work on /home/sayone/This PC/SayOne Technologies/Works/airflow_new/Airflow/venv/lib/python3.8/site-packages/airflow/example_dags/example_external_task_marker_dag.py
[2022-09-20T17:28:40.668+0530] {processor.py:640} INFO - Processing file /home/sayone/This PC/SayOne Technologies/Works/airflow_new/Airflow/venv/lib/python3.8/site-packages/airflow/example_dags/example_external_task_marker_dag.py for tasks to queue
[2022-09-20T17:28:40.669+0530] {logging_mixin.py:115} INFO - [2022-09-20T17:28:40.669+0530] {dagbag.py:508} INFO - Filling up the DagBag from /home/sayone/This PC/SayOne Technologies/Works/airflow_new/Airflow/venv/lib/python3.8/site-packages/airflow/example_dags/example_external_task_marker_dag.py
[2022-09-20T17:28:40.675+0530] {processor.py:650} INFO - DAG(s) dict_keys(['example_external_task_marker_parent', 'example_external_task_marker_child']) retrieved from /home/sayone/This PC/SayOne Technologies/Works/airflow_new/Airflow/venv/lib/python3.8/site-packages/airflow/example_dags/example_external_task_marker_dag.py
[2022-09-20T17:28:40.726+0530] {logging_mixin.py:115} INFO - [2022-09-20T17:28:40.726+0530] {dag.py:2429} INFO - Sync 2 DAGs
[2022-09-20T17:28:40.735+0530] {logging_mixin.py:115} INFO - [2022-09-20T17:28:40.735+0530] {dag.py:2977} INFO - Setting next_dagrun for example_external_task_marker_child to None, run_after=None
[2022-09-20T17:28:40.735+0530] {logging_mixin.py:115} INFO - [2022-09-20T17:28:40.735+0530] {dag.py:2977} INFO - Setting next_dagrun for example_external_task_marker_parent to None, run_after=None
[2022-09-20T17:28:40.743+0530] {processor.py:161} INFO - Processing /home/sayone/This PC/SayOne Technologies/Works/airflow_new/Airflow/venv/lib/python3.8/site-packages/airflow/example_dags/example_external_task_marker_dag.py took 0.080 seconds
[2022-09-20T17:29:17.624+0530] {processor.py:153} INFO - Started process (PID=31856) to work on /home/sayone/This PC/SayOne Technologies/Works/airflow_new/Airflow/venv/lib/python3.8/site-packages/airflow/example_dags/example_external_task_marker_dag.py
[2022-09-20T17:29:17.627+0530] {processor.py:640} INFO - Processing file /home/sayone/This PC/SayOne Technologies/Works/airflow_new/Airflow/venv/lib/python3.8/site-packages/airflow/example_dags/example_external_task_marker_dag.py for tasks to queue
[2022-09-20T17:29:17.628+0530] {logging_mixin.py:115} INFO - [2022-09-20T17:29:17.627+0530] {dagbag.py:508} INFO - Filling up the DagBag from /home/sayone/This PC/SayOne Technologies/Works/airflow_new/Airflow/venv/lib/python3.8/site-packages/airflow/example_dags/example_external_task_marker_dag.py
[2022-09-20T17:29:17.633+0530] {processor.py:650} INFO - DAG(s) dict_keys(['example_external_task_marker_parent', 'example_external_task_marker_child']) retrieved from /home/sayone/This PC/SayOne Technologies/Works/airflow_new/Airflow/venv/lib/python3.8/site-packages/airflow/example_dags/example_external_task_marker_dag.py
[2022-09-20T17:29:17.677+0530] {logging_mixin.py:115} INFO - [2022-09-20T17:29:17.677+0530] {dag.py:2429} INFO - Sync 2 DAGs
[2022-09-20T17:29:17.686+0530] {logging_mixin.py:115} INFO - [2022-09-20T17:29:17.686+0530] {dag.py:2977} INFO - Setting next_dagrun for example_external_task_marker_child to None, run_after=None
[2022-09-20T17:29:17.687+0530] {logging_mixin.py:115} INFO - [2022-09-20T17:29:17.687+0530] {dag.py:2977} INFO - Setting next_dagrun for example_external_task_marker_parent to None, run_after=None
[2022-09-20T17:29:17.694+0530] {processor.py:161} INFO - Processing /home/sayone/This PC/SayOne Technologies/Works/airflow_new/Airflow/venv/lib/python3.8/site-packages/airflow/example_dags/example_external_task_marker_dag.py took 0.072 seconds
[2022-09-20T17:29:52.050+0530] {processor.py:153} INFO - Started process (PID=32020) to work on /home/sayone/This PC/SayOne Technologies/Works/airflow_new/Airflow/venv/lib/python3.8/site-packages/airflow/example_dags/example_external_task_marker_dag.py
[2022-09-20T17:29:52.052+0530] {processor.py:640} INFO - Processing file /home/sayone/This PC/SayOne Technologies/Works/airflow_new/Airflow/venv/lib/python3.8/site-packages/airflow/example_dags/example_external_task_marker_dag.py for tasks to queue
[2022-09-20T17:29:52.052+0530] {logging_mixin.py:115} INFO - [2022-09-20T17:29:52.052+0530] {dagbag.py:508} INFO - Filling up the DagBag from /home/sayone/This PC/SayOne Technologies/Works/airflow_new/Airflow/venv/lib/python3.8/site-packages/airflow/example_dags/example_external_task_marker_dag.py
[2022-09-20T17:29:52.058+0530] {processor.py:650} INFO - DAG(s) dict_keys(['example_external_task_marker_parent', 'example_external_task_marker_child']) retrieved from /home/sayone/This PC/SayOne Technologies/Works/airflow_new/Airflow/venv/lib/python3.8/site-packages/airflow/example_dags/example_external_task_marker_dag.py
[2022-09-20T17:29:52.107+0530] {logging_mixin.py:115} INFO - [2022-09-20T17:29:52.107+0530] {dag.py:2429} INFO - Sync 2 DAGs
[2022-09-20T17:29:52.116+0530] {logging_mixin.py:115} INFO - [2022-09-20T17:29:52.116+0530] {dag.py:2977} INFO - Setting next_dagrun for example_external_task_marker_child to None, run_after=None
[2022-09-20T17:29:52.116+0530] {logging_mixin.py:115} INFO - [2022-09-20T17:29:52.116+0530] {dag.py:2977} INFO - Setting next_dagrun for example_external_task_marker_parent to None, run_after=None
[2022-09-20T17:29:52.124+0530] {processor.py:161} INFO - Processing /home/sayone/This PC/SayOne Technologies/Works/airflow_new/Airflow/venv/lib/python3.8/site-packages/airflow/example_dags/example_external_task_marker_dag.py took 0.076 seconds
[2022-09-20T17:30:29.695+0530] {processor.py:153} INFO - Started process (PID=32117) to work on /home/sayone/This PC/SayOne Technologies/Works/airflow_new/Airflow/venv/lib/python3.8/site-packages/airflow/example_dags/example_external_task_marker_dag.py
[2022-09-20T17:30:29.697+0530] {processor.py:640} INFO - Processing file /home/sayone/This PC/SayOne Technologies/Works/airflow_new/Airflow/venv/lib/python3.8/site-packages/airflow/example_dags/example_external_task_marker_dag.py for tasks to queue
[2022-09-20T17:30:29.697+0530] {logging_mixin.py:115} INFO - [2022-09-20T17:30:29.697+0530] {dagbag.py:508} INFO - Filling up the DagBag from /home/sayone/This PC/SayOne Technologies/Works/airflow_new/Airflow/venv/lib/python3.8/site-packages/airflow/example_dags/example_external_task_marker_dag.py
[2022-09-20T17:30:29.703+0530] {processor.py:650} INFO - DAG(s) dict_keys(['example_external_task_marker_parent', 'example_external_task_marker_child']) retrieved from /home/sayone/This PC/SayOne Technologies/Works/airflow_new/Airflow/venv/lib/python3.8/site-packages/airflow/example_dags/example_external_task_marker_dag.py
[2022-09-20T17:30:29.752+0530] {logging_mixin.py:115} INFO - [2022-09-20T17:30:29.751+0530] {dag.py:2429} INFO - Sync 2 DAGs
[2022-09-20T17:30:29.761+0530] {logging_mixin.py:115} INFO - [2022-09-20T17:30:29.760+0530] {dag.py:2977} INFO - Setting next_dagrun for example_external_task_marker_child to None, run_after=None
[2022-09-20T17:30:29.761+0530] {logging_mixin.py:115} INFO - [2022-09-20T17:30:29.761+0530] {dag.py:2977} INFO - Setting next_dagrun for example_external_task_marker_parent to None, run_after=None
[2022-09-20T17:30:29.769+0530] {processor.py:161} INFO - Processing /home/sayone/This PC/SayOne Technologies/Works/airflow_new/Airflow/venv/lib/python3.8/site-packages/airflow/example_dags/example_external_task_marker_dag.py took 0.078 seconds
[2022-09-20T17:31:04.494+0530] {processor.py:153} INFO - Started process (PID=32240) to work on /home/sayone/This PC/SayOne Technologies/Works/airflow_new/Airflow/venv/lib/python3.8/site-packages/airflow/example_dags/example_external_task_marker_dag.py
[2022-09-20T17:31:04.497+0530] {processor.py:640} INFO - Processing file /home/sayone/This PC/SayOne Technologies/Works/airflow_new/Airflow/venv/lib/python3.8/site-packages/airflow/example_dags/example_external_task_marker_dag.py for tasks to queue
[2022-09-20T17:31:04.498+0530] {logging_mixin.py:115} INFO - [2022-09-20T17:31:04.498+0530] {dagbag.py:508} INFO - Filling up the DagBag from /home/sayone/This PC/SayOne Technologies/Works/airflow_new/Airflow/venv/lib/python3.8/site-packages/airflow/example_dags/example_external_task_marker_dag.py
[2022-09-20T17:31:04.505+0530] {processor.py:650} INFO - DAG(s) dict_keys(['example_external_task_marker_parent', 'example_external_task_marker_child']) retrieved from /home/sayone/This PC/SayOne Technologies/Works/airflow_new/Airflow/venv/lib/python3.8/site-packages/airflow/example_dags/example_external_task_marker_dag.py
[2022-09-20T17:31:04.552+0530] {logging_mixin.py:115} INFO - [2022-09-20T17:31:04.552+0530] {dag.py:2429} INFO - Sync 2 DAGs
[2022-09-20T17:31:04.561+0530] {logging_mixin.py:115} INFO - [2022-09-20T17:31:04.561+0530] {dag.py:2977} INFO - Setting next_dagrun for example_external_task_marker_child to None, run_after=None
[2022-09-20T17:31:04.561+0530] {logging_mixin.py:115} INFO - [2022-09-20T17:31:04.561+0530] {dag.py:2977} INFO - Setting next_dagrun for example_external_task_marker_parent to None, run_after=None
[2022-09-20T17:31:04.570+0530] {processor.py:161} INFO - Processing /home/sayone/This PC/SayOne Technologies/Works/airflow_new/Airflow/venv/lib/python3.8/site-packages/airflow/example_dags/example_external_task_marker_dag.py took 0.079 seconds
[2022-09-20T17:31:42.798+0530] {processor.py:153} INFO - Started process (PID=32315) to work on /home/sayone/This PC/SayOne Technologies/Works/airflow_new/Airflow/venv/lib/python3.8/site-packages/airflow/example_dags/example_external_task_marker_dag.py
[2022-09-20T17:31:42.801+0530] {processor.py:640} INFO - Processing file /home/sayone/This PC/SayOne Technologies/Works/airflow_new/Airflow/venv/lib/python3.8/site-packages/airflow/example_dags/example_external_task_marker_dag.py for tasks to queue
[2022-09-20T17:31:42.802+0530] {logging_mixin.py:115} INFO - [2022-09-20T17:31:42.802+0530] {dagbag.py:508} INFO - Filling up the DagBag from /home/sayone/This PC/SayOne Technologies/Works/airflow_new/Airflow/venv/lib/python3.8/site-packages/airflow/example_dags/example_external_task_marker_dag.py
[2022-09-20T17:31:42.808+0530] {processor.py:650} INFO - DAG(s) dict_keys(['example_external_task_marker_parent', 'example_external_task_marker_child']) retrieved from /home/sayone/This PC/SayOne Technologies/Works/airflow_new/Airflow/venv/lib/python3.8/site-packages/airflow/example_dags/example_external_task_marker_dag.py
[2022-09-20T17:31:42.855+0530] {logging_mixin.py:115} INFO - [2022-09-20T17:31:42.855+0530] {dag.py:2429} INFO - Sync 2 DAGs
[2022-09-20T17:31:42.864+0530] {logging_mixin.py:115} INFO - [2022-09-20T17:31:42.864+0530] {dag.py:2977} INFO - Setting next_dagrun for example_external_task_marker_child to None, run_after=None
[2022-09-20T17:31:42.864+0530] {logging_mixin.py:115} INFO - [2022-09-20T17:31:42.864+0530] {dag.py:2977} INFO - Setting next_dagrun for example_external_task_marker_parent to None, run_after=None
[2022-09-20T17:31:42.873+0530] {processor.py:161} INFO - Processing /home/sayone/This PC/SayOne Technologies/Works/airflow_new/Airflow/venv/lib/python3.8/site-packages/airflow/example_dags/example_external_task_marker_dag.py took 0.079 seconds
[2022-09-20T17:32:16.456+0530] {processor.py:153} INFO - Started process (PID=32511) to work on /home/sayone/This PC/SayOne Technologies/Works/airflow_new/Airflow/venv/lib/python3.8/site-packages/airflow/example_dags/example_external_task_marker_dag.py
[2022-09-20T17:32:16.460+0530] {processor.py:640} INFO - Processing file /home/sayone/This PC/SayOne Technologies/Works/airflow_new/Airflow/venv/lib/python3.8/site-packages/airflow/example_dags/example_external_task_marker_dag.py for tasks to queue
[2022-09-20T17:32:16.461+0530] {logging_mixin.py:115} INFO - [2022-09-20T17:32:16.460+0530] {dagbag.py:508} INFO - Filling up the DagBag from /home/sayone/This PC/SayOne Technologies/Works/airflow_new/Airflow/venv/lib/python3.8/site-packages/airflow/example_dags/example_external_task_marker_dag.py
[2022-09-20T17:32:16.466+0530] {processor.py:650} INFO - DAG(s) dict_keys(['example_external_task_marker_parent', 'example_external_task_marker_child']) retrieved from /home/sayone/This PC/SayOne Technologies/Works/airflow_new/Airflow/venv/lib/python3.8/site-packages/airflow/example_dags/example_external_task_marker_dag.py
[2022-09-20T17:32:16.514+0530] {logging_mixin.py:115} INFO - [2022-09-20T17:32:16.513+0530] {dag.py:2429} INFO - Sync 2 DAGs
[2022-09-20T17:32:16.523+0530] {logging_mixin.py:115} INFO - [2022-09-20T17:32:16.522+0530] {dag.py:2977} INFO - Setting next_dagrun for example_external_task_marker_child to None, run_after=None
[2022-09-20T17:32:16.523+0530] {logging_mixin.py:115} INFO - [2022-09-20T17:32:16.523+0530] {dag.py:2977} INFO - Setting next_dagrun for example_external_task_marker_parent to None, run_after=None
[2022-09-20T17:32:16.531+0530] {processor.py:161} INFO - Processing /home/sayone/This PC/SayOne Technologies/Works/airflow_new/Airflow/venv/lib/python3.8/site-packages/airflow/example_dags/example_external_task_marker_dag.py took 0.079 seconds
[2022-09-20T17:32:53.594+0530] {processor.py:153} INFO - Started process (PID=32629) to work on /home/sayone/This PC/SayOne Technologies/Works/airflow_new/Airflow/venv/lib/python3.8/site-packages/airflow/example_dags/example_external_task_marker_dag.py
[2022-09-20T17:32:53.597+0530] {processor.py:640} INFO - Processing file /home/sayone/This PC/SayOne Technologies/Works/airflow_new/Airflow/venv/lib/python3.8/site-packages/airflow/example_dags/example_external_task_marker_dag.py for tasks to queue
[2022-09-20T17:32:53.598+0530] {logging_mixin.py:115} INFO - [2022-09-20T17:32:53.598+0530] {dagbag.py:508} INFO - Filling up the DagBag from /home/sayone/This PC/SayOne Technologies/Works/airflow_new/Airflow/venv/lib/python3.8/site-packages/airflow/example_dags/example_external_task_marker_dag.py
[2022-09-20T17:32:53.604+0530] {processor.py:650} INFO - DAG(s) dict_keys(['example_external_task_marker_parent', 'example_external_task_marker_child']) retrieved from /home/sayone/This PC/SayOne Technologies/Works/airflow_new/Airflow/venv/lib/python3.8/site-packages/airflow/example_dags/example_external_task_marker_dag.py
[2022-09-20T17:32:53.653+0530] {logging_mixin.py:115} INFO - [2022-09-20T17:32:53.653+0530] {dag.py:2429} INFO - Sync 2 DAGs
[2022-09-20T17:32:53.663+0530] {logging_mixin.py:115} INFO - [2022-09-20T17:32:53.663+0530] {dag.py:2977} INFO - Setting next_dagrun for example_external_task_marker_child to None, run_after=None
[2022-09-20T17:32:53.663+0530] {logging_mixin.py:115} INFO - [2022-09-20T17:32:53.663+0530] {dag.py:2977} INFO - Setting next_dagrun for example_external_task_marker_parent to None, run_after=None
[2022-09-20T17:32:53.672+0530] {processor.py:161} INFO - Processing /home/sayone/This PC/SayOne Technologies/Works/airflow_new/Airflow/venv/lib/python3.8/site-packages/airflow/example_dags/example_external_task_marker_dag.py took 0.079 seconds
[2022-09-20T17:33:28.217+0530] {processor.py:153} INFO - Started process (PID=32729) to work on /home/sayone/This PC/SayOne Technologies/Works/airflow_new/Airflow/venv/lib/python3.8/site-packages/airflow/example_dags/example_external_task_marker_dag.py
[2022-09-20T17:33:28.220+0530] {processor.py:640} INFO - Processing file /home/sayone/This PC/SayOne Technologies/Works/airflow_new/Airflow/venv/lib/python3.8/site-packages/airflow/example_dags/example_external_task_marker_dag.py for tasks to queue
[2022-09-20T17:33:28.221+0530] {logging_mixin.py:115} INFO - [2022-09-20T17:33:28.221+0530] {dagbag.py:508} INFO - Filling up the DagBag from /home/sayone/This PC/SayOne Technologies/Works/airflow_new/Airflow/venv/lib/python3.8/site-packages/airflow/example_dags/example_external_task_marker_dag.py
[2022-09-20T17:33:28.228+0530] {processor.py:650} INFO - DAG(s) dict_keys(['example_external_task_marker_parent', 'example_external_task_marker_child']) retrieved from /home/sayone/This PC/SayOne Technologies/Works/airflow_new/Airflow/venv/lib/python3.8/site-packages/airflow/example_dags/example_external_task_marker_dag.py
[2022-09-20T17:33:28.275+0530] {logging_mixin.py:115} INFO - [2022-09-20T17:33:28.275+0530] {dag.py:2429} INFO - Sync 2 DAGs
[2022-09-20T17:33:28.284+0530] {logging_mixin.py:115} INFO - [2022-09-20T17:33:28.284+0530] {dag.py:2977} INFO - Setting next_dagrun for example_external_task_marker_child to None, run_after=None
[2022-09-20T17:33:28.284+0530] {logging_mixin.py:115} INFO - [2022-09-20T17:33:28.284+0530] {dag.py:2977} INFO - Setting next_dagrun for example_external_task_marker_parent to None, run_after=None
[2022-09-20T17:33:28.293+0530] {processor.py:161} INFO - Processing /home/sayone/This PC/SayOne Technologies/Works/airflow_new/Airflow/venv/lib/python3.8/site-packages/airflow/example_dags/example_external_task_marker_dag.py took 0.080 seconds
[2022-09-20T17:34:05.297+0530] {processor.py:153} INFO - Started process (PID=32833) to work on /home/sayone/This PC/SayOne Technologies/Works/airflow_new/Airflow/venv/lib/python3.8/site-packages/airflow/example_dags/example_external_task_marker_dag.py
[2022-09-20T17:34:05.300+0530] {processor.py:640} INFO - Processing file /home/sayone/This PC/SayOne Technologies/Works/airflow_new/Airflow/venv/lib/python3.8/site-packages/airflow/example_dags/example_external_task_marker_dag.py for tasks to queue
[2022-09-20T17:34:05.301+0530] {logging_mixin.py:115} INFO - [2022-09-20T17:34:05.300+0530] {dagbag.py:508} INFO - Filling up the DagBag from /home/sayone/This PC/SayOne Technologies/Works/airflow_new/Airflow/venv/lib/python3.8/site-packages/airflow/example_dags/example_external_task_marker_dag.py
[2022-09-20T17:34:05.307+0530] {processor.py:650} INFO - DAG(s) dict_keys(['example_external_task_marker_parent', 'example_external_task_marker_child']) retrieved from /home/sayone/This PC/SayOne Technologies/Works/airflow_new/Airflow/venv/lib/python3.8/site-packages/airflow/example_dags/example_external_task_marker_dag.py
[2022-09-20T17:34:05.355+0530] {logging_mixin.py:115} INFO - [2022-09-20T17:34:05.355+0530] {dag.py:2429} INFO - Sync 2 DAGs
[2022-09-20T17:34:05.364+0530] {logging_mixin.py:115} INFO - [2022-09-20T17:34:05.364+0530] {dag.py:2977} INFO - Setting next_dagrun for example_external_task_marker_child to None, run_after=None
[2022-09-20T17:34:05.364+0530] {logging_mixin.py:115} INFO - [2022-09-20T17:34:05.364+0530] {dag.py:2977} INFO - Setting next_dagrun for example_external_task_marker_parent to None, run_after=None
[2022-09-20T17:34:05.374+0530] {processor.py:161} INFO - Processing /home/sayone/This PC/SayOne Technologies/Works/airflow_new/Airflow/venv/lib/python3.8/site-packages/airflow/example_dags/example_external_task_marker_dag.py took 0.081 seconds
[2022-09-20T17:34:41.552+0530] {processor.py:153} INFO - Started process (PID=33064) to work on /home/sayone/This PC/SayOne Technologies/Works/airflow_new/Airflow/venv/lib/python3.8/site-packages/airflow/example_dags/example_external_task_marker_dag.py
[2022-09-20T17:34:41.555+0530] {processor.py:640} INFO - Processing file /home/sayone/This PC/SayOne Technologies/Works/airflow_new/Airflow/venv/lib/python3.8/site-packages/airflow/example_dags/example_external_task_marker_dag.py for tasks to queue
[2022-09-20T17:34:41.556+0530] {logging_mixin.py:115} INFO - [2022-09-20T17:34:41.555+0530] {dagbag.py:508} INFO - Filling up the DagBag from /home/sayone/This PC/SayOne Technologies/Works/airflow_new/Airflow/venv/lib/python3.8/site-packages/airflow/example_dags/example_external_task_marker_dag.py
[2022-09-20T17:34:41.560+0530] {processor.py:650} INFO - DAG(s) dict_keys(['example_external_task_marker_parent', 'example_external_task_marker_child']) retrieved from /home/sayone/This PC/SayOne Technologies/Works/airflow_new/Airflow/venv/lib/python3.8/site-packages/airflow/example_dags/example_external_task_marker_dag.py
[2022-09-20T17:34:41.605+0530] {logging_mixin.py:115} INFO - [2022-09-20T17:34:41.605+0530] {dag.py:2429} INFO - Sync 2 DAGs
[2022-09-20T17:34:41.614+0530] {logging_mixin.py:115} INFO - [2022-09-20T17:34:41.614+0530] {dag.py:2977} INFO - Setting next_dagrun for example_external_task_marker_child to None, run_after=None
[2022-09-20T17:34:41.614+0530] {logging_mixin.py:115} INFO - [2022-09-20T17:34:41.614+0530] {dag.py:2977} INFO - Setting next_dagrun for example_external_task_marker_parent to None, run_after=None
[2022-09-20T17:34:41.623+0530] {processor.py:161} INFO - Processing /home/sayone/This PC/SayOne Technologies/Works/airflow_new/Airflow/venv/lib/python3.8/site-packages/airflow/example_dags/example_external_task_marker_dag.py took 0.074 seconds
[2022-09-20T17:35:17.606+0530] {processor.py:153} INFO - Started process (PID=33165) to work on /home/sayone/This PC/SayOne Technologies/Works/airflow_new/Airflow/venv/lib/python3.8/site-packages/airflow/example_dags/example_external_task_marker_dag.py
[2022-09-20T17:35:17.609+0530] {processor.py:640} INFO - Processing file /home/sayone/This PC/SayOne Technologies/Works/airflow_new/Airflow/venv/lib/python3.8/site-packages/airflow/example_dags/example_external_task_marker_dag.py for tasks to queue
[2022-09-20T17:35:17.610+0530] {logging_mixin.py:115} INFO - [2022-09-20T17:35:17.610+0530] {dagbag.py:508} INFO - Filling up the DagBag from /home/sayone/This PC/SayOne Technologies/Works/airflow_new/Airflow/venv/lib/python3.8/site-packages/airflow/example_dags/example_external_task_marker_dag.py
[2022-09-20T17:35:17.616+0530] {processor.py:650} INFO - DAG(s) dict_keys(['example_external_task_marker_parent', 'example_external_task_marker_child']) retrieved from /home/sayone/This PC/SayOne Technologies/Works/airflow_new/Airflow/venv/lib/python3.8/site-packages/airflow/example_dags/example_external_task_marker_dag.py
[2022-09-20T17:35:17.664+0530] {logging_mixin.py:115} INFO - [2022-09-20T17:35:17.664+0530] {dag.py:2429} INFO - Sync 2 DAGs
[2022-09-20T17:35:17.673+0530] {logging_mixin.py:115} INFO - [2022-09-20T17:35:17.673+0530] {dag.py:2977} INFO - Setting next_dagrun for example_external_task_marker_child to None, run_after=None
[2022-09-20T17:35:17.673+0530] {logging_mixin.py:115} INFO - [2022-09-20T17:35:17.673+0530] {dag.py:2977} INFO - Setting next_dagrun for example_external_task_marker_parent to None, run_after=None
[2022-09-20T17:35:17.682+0530] {processor.py:161} INFO - Processing /home/sayone/This PC/SayOne Technologies/Works/airflow_new/Airflow/venv/lib/python3.8/site-packages/airflow/example_dags/example_external_task_marker_dag.py took 0.079 seconds
[2022-09-20T17:35:53.343+0530] {processor.py:153} INFO - Started process (PID=33231) to work on /home/sayone/This PC/SayOne Technologies/Works/airflow_new/Airflow/venv/lib/python3.8/site-packages/airflow/example_dags/example_external_task_marker_dag.py
[2022-09-20T17:35:53.346+0530] {processor.py:640} INFO - Processing file /home/sayone/This PC/SayOne Technologies/Works/airflow_new/Airflow/venv/lib/python3.8/site-packages/airflow/example_dags/example_external_task_marker_dag.py for tasks to queue
[2022-09-20T17:35:53.346+0530] {logging_mixin.py:115} INFO - [2022-09-20T17:35:53.346+0530] {dagbag.py:508} INFO - Filling up the DagBag from /home/sayone/This PC/SayOne Technologies/Works/airflow_new/Airflow/venv/lib/python3.8/site-packages/airflow/example_dags/example_external_task_marker_dag.py
[2022-09-20T17:35:53.352+0530] {processor.py:650} INFO - DAG(s) dict_keys(['example_external_task_marker_parent', 'example_external_task_marker_child']) retrieved from /home/sayone/This PC/SayOne Technologies/Works/airflow_new/Airflow/venv/lib/python3.8/site-packages/airflow/example_dags/example_external_task_marker_dag.py
[2022-09-20T17:35:53.401+0530] {logging_mixin.py:115} INFO - [2022-09-20T17:35:53.401+0530] {dag.py:2429} INFO - Sync 2 DAGs
[2022-09-20T17:35:53.411+0530] {logging_mixin.py:115} INFO - [2022-09-20T17:35:53.411+0530] {dag.py:2977} INFO - Setting next_dagrun for example_external_task_marker_child to None, run_after=None
[2022-09-20T17:35:53.411+0530] {logging_mixin.py:115} INFO - [2022-09-20T17:35:53.411+0530] {dag.py:2977} INFO - Setting next_dagrun for example_external_task_marker_parent to None, run_after=None
[2022-09-20T17:35:53.419+0530] {processor.py:161} INFO - Processing /home/sayone/This PC/SayOne Technologies/Works/airflow_new/Airflow/venv/lib/python3.8/site-packages/airflow/example_dags/example_external_task_marker_dag.py took 0.077 seconds
[2022-09-20T17:36:31.878+0530] {processor.py:153} INFO - Started process (PID=33396) to work on /home/sayone/This PC/SayOne Technologies/Works/airflow_new/Airflow/venv/lib/python3.8/site-packages/airflow/example_dags/example_external_task_marker_dag.py
[2022-09-20T17:36:31.881+0530] {processor.py:640} INFO - Processing file /home/sayone/This PC/SayOne Technologies/Works/airflow_new/Airflow/venv/lib/python3.8/site-packages/airflow/example_dags/example_external_task_marker_dag.py for tasks to queue
[2022-09-20T17:36:31.882+0530] {logging_mixin.py:115} INFO - [2022-09-20T17:36:31.882+0530] {dagbag.py:508} INFO - Filling up the DagBag from /home/sayone/This PC/SayOne Technologies/Works/airflow_new/Airflow/venv/lib/python3.8/site-packages/airflow/example_dags/example_external_task_marker_dag.py
[2022-09-20T17:36:31.888+0530] {processor.py:650} INFO - DAG(s) dict_keys(['example_external_task_marker_parent', 'example_external_task_marker_child']) retrieved from /home/sayone/This PC/SayOne Technologies/Works/airflow_new/Airflow/venv/lib/python3.8/site-packages/airflow/example_dags/example_external_task_marker_dag.py
[2022-09-20T17:36:31.938+0530] {logging_mixin.py:115} INFO - [2022-09-20T17:36:31.938+0530] {dag.py:2429} INFO - Sync 2 DAGs
[2022-09-20T17:36:31.948+0530] {logging_mixin.py:115} INFO - [2022-09-20T17:36:31.948+0530] {dag.py:2977} INFO - Setting next_dagrun for example_external_task_marker_child to None, run_after=None
[2022-09-20T17:36:31.948+0530] {logging_mixin.py:115} INFO - [2022-09-20T17:36:31.948+0530] {dag.py:2977} INFO - Setting next_dagrun for example_external_task_marker_parent to None, run_after=None
[2022-09-20T17:36:31.958+0530] {processor.py:161} INFO - Processing /home/sayone/This PC/SayOne Technologies/Works/airflow_new/Airflow/venv/lib/python3.8/site-packages/airflow/example_dags/example_external_task_marker_dag.py took 0.085 seconds
[2022-09-20T17:37:06.791+0530] {processor.py:153} INFO - Started process (PID=33593) to work on /home/sayone/This PC/SayOne Technologies/Works/airflow_new/Airflow/venv/lib/python3.8/site-packages/airflow/example_dags/example_external_task_marker_dag.py
[2022-09-20T17:37:06.793+0530] {processor.py:640} INFO - Processing file /home/sayone/This PC/SayOne Technologies/Works/airflow_new/Airflow/venv/lib/python3.8/site-packages/airflow/example_dags/example_external_task_marker_dag.py for tasks to queue
[2022-09-20T17:37:06.793+0530] {logging_mixin.py:115} INFO - [2022-09-20T17:37:06.793+0530] {dagbag.py:508} INFO - Filling up the DagBag from /home/sayone/This PC/SayOne Technologies/Works/airflow_new/Airflow/venv/lib/python3.8/site-packages/airflow/example_dags/example_external_task_marker_dag.py
[2022-09-20T17:37:06.798+0530] {processor.py:650} INFO - DAG(s) dict_keys(['example_external_task_marker_parent', 'example_external_task_marker_child']) retrieved from /home/sayone/This PC/SayOne Technologies/Works/airflow_new/Airflow/venv/lib/python3.8/site-packages/airflow/example_dags/example_external_task_marker_dag.py
[2022-09-20T17:37:06.847+0530] {logging_mixin.py:115} INFO - [2022-09-20T17:37:06.847+0530] {dag.py:2429} INFO - Sync 2 DAGs
[2022-09-20T17:37:06.856+0530] {logging_mixin.py:115} INFO - [2022-09-20T17:37:06.856+0530] {dag.py:2977} INFO - Setting next_dagrun for example_external_task_marker_child to None, run_after=None
[2022-09-20T17:37:06.857+0530] {logging_mixin.py:115} INFO - [2022-09-20T17:37:06.857+0530] {dag.py:2977} INFO - Setting next_dagrun for example_external_task_marker_parent to None, run_after=None
[2022-09-20T17:37:06.867+0530] {processor.py:161} INFO - Processing /home/sayone/This PC/SayOne Technologies/Works/airflow_new/Airflow/venv/lib/python3.8/site-packages/airflow/example_dags/example_external_task_marker_dag.py took 0.078 seconds
[2022-09-20T17:37:43.988+0530] {processor.py:153} INFO - Started process (PID=33735) to work on /home/sayone/This PC/SayOne Technologies/Works/airflow_new/Airflow/venv/lib/python3.8/site-packages/airflow/example_dags/example_external_task_marker_dag.py
[2022-09-20T17:37:43.991+0530] {processor.py:640} INFO - Processing file /home/sayone/This PC/SayOne Technologies/Works/airflow_new/Airflow/venv/lib/python3.8/site-packages/airflow/example_dags/example_external_task_marker_dag.py for tasks to queue
[2022-09-20T17:37:43.992+0530] {logging_mixin.py:115} INFO - [2022-09-20T17:37:43.992+0530] {dagbag.py:508} INFO - Filling up the DagBag from /home/sayone/This PC/SayOne Technologies/Works/airflow_new/Airflow/venv/lib/python3.8/site-packages/airflow/example_dags/example_external_task_marker_dag.py
[2022-09-20T17:37:43.998+0530] {processor.py:650} INFO - DAG(s) dict_keys(['example_external_task_marker_parent', 'example_external_task_marker_child']) retrieved from /home/sayone/This PC/SayOne Technologies/Works/airflow_new/Airflow/venv/lib/python3.8/site-packages/airflow/example_dags/example_external_task_marker_dag.py
[2022-09-20T17:37:44.045+0530] {logging_mixin.py:115} INFO - [2022-09-20T17:37:44.045+0530] {dag.py:2429} INFO - Sync 2 DAGs
[2022-09-20T17:37:44.055+0530] {logging_mixin.py:115} INFO - [2022-09-20T17:37:44.055+0530] {dag.py:2977} INFO - Setting next_dagrun for example_external_task_marker_child to None, run_after=None
[2022-09-20T17:37:44.055+0530] {logging_mixin.py:115} INFO - [2022-09-20T17:37:44.055+0530] {dag.py:2977} INFO - Setting next_dagrun for example_external_task_marker_parent to None, run_after=None
[2022-09-20T17:37:44.064+0530] {processor.py:161} INFO - Processing /home/sayone/This PC/SayOne Technologies/Works/airflow_new/Airflow/venv/lib/python3.8/site-packages/airflow/example_dags/example_external_task_marker_dag.py took 0.079 seconds
[2022-09-20T17:38:30.466+0530] {processor.py:153} INFO - Started process (PID=33860) to work on /home/sayone/This PC/SayOne Technologies/Works/airflow_new/Airflow/venv/lib/python3.8/site-packages/airflow/example_dags/example_external_task_marker_dag.py
[2022-09-20T17:38:30.467+0530] {processor.py:640} INFO - Processing file /home/sayone/This PC/SayOne Technologies/Works/airflow_new/Airflow/venv/lib/python3.8/site-packages/airflow/example_dags/example_external_task_marker_dag.py for tasks to queue
[2022-09-20T17:38:30.468+0530] {logging_mixin.py:115} INFO - [2022-09-20T17:38:30.468+0530] {dagbag.py:508} INFO - Filling up the DagBag from /home/sayone/This PC/SayOne Technologies/Works/airflow_new/Airflow/venv/lib/python3.8/site-packages/airflow/example_dags/example_external_task_marker_dag.py
[2022-09-20T17:38:30.473+0530] {processor.py:650} INFO - DAG(s) dict_keys(['example_external_task_marker_parent', 'example_external_task_marker_child']) retrieved from /home/sayone/This PC/SayOne Technologies/Works/airflow_new/Airflow/venv/lib/python3.8/site-packages/airflow/example_dags/example_external_task_marker_dag.py
[2022-09-20T17:38:30.521+0530] {logging_mixin.py:115} INFO - [2022-09-20T17:38:30.521+0530] {dag.py:2429} INFO - Sync 2 DAGs
[2022-09-20T17:38:30.531+0530] {logging_mixin.py:115} INFO - [2022-09-20T17:38:30.531+0530] {dag.py:2977} INFO - Setting next_dagrun for example_external_task_marker_child to None, run_after=None
[2022-09-20T17:38:30.531+0530] {logging_mixin.py:115} INFO - [2022-09-20T17:38:30.531+0530] {dag.py:2977} INFO - Setting next_dagrun for example_external_task_marker_parent to None, run_after=None
[2022-09-20T17:38:30.540+0530] {processor.py:161} INFO - Processing /home/sayone/This PC/SayOne Technologies/Works/airflow_new/Airflow/venv/lib/python3.8/site-packages/airflow/example_dags/example_external_task_marker_dag.py took 0.078 seconds
[2022-09-20T17:39:08.063+0530] {processor.py:153} INFO - Started process (PID=33964) to work on /home/sayone/This PC/SayOne Technologies/Works/airflow_new/Airflow/venv/lib/python3.8/site-packages/airflow/example_dags/example_external_task_marker_dag.py
[2022-09-20T17:39:08.064+0530] {processor.py:640} INFO - Processing file /home/sayone/This PC/SayOne Technologies/Works/airflow_new/Airflow/venv/lib/python3.8/site-packages/airflow/example_dags/example_external_task_marker_dag.py for tasks to queue
[2022-09-20T17:39:08.065+0530] {logging_mixin.py:115} INFO - [2022-09-20T17:39:08.065+0530] {dagbag.py:508} INFO - Filling up the DagBag from /home/sayone/This PC/SayOne Technologies/Works/airflow_new/Airflow/venv/lib/python3.8/site-packages/airflow/example_dags/example_external_task_marker_dag.py
[2022-09-20T17:39:08.071+0530] {processor.py:650} INFO - DAG(s) dict_keys(['example_external_task_marker_parent', 'example_external_task_marker_child']) retrieved from /home/sayone/This PC/SayOne Technologies/Works/airflow_new/Airflow/venv/lib/python3.8/site-packages/airflow/example_dags/example_external_task_marker_dag.py
[2022-09-20T17:39:08.117+0530] {logging_mixin.py:115} INFO - [2022-09-20T17:39:08.117+0530] {dag.py:2429} INFO - Sync 2 DAGs
[2022-09-20T17:39:08.127+0530] {logging_mixin.py:115} INFO - [2022-09-20T17:39:08.127+0530] {dag.py:2977} INFO - Setting next_dagrun for example_external_task_marker_child to None, run_after=None
[2022-09-20T17:39:08.128+0530] {logging_mixin.py:115} INFO - [2022-09-20T17:39:08.127+0530] {dag.py:2977} INFO - Setting next_dagrun for example_external_task_marker_parent to None, run_after=None
[2022-09-20T17:39:08.136+0530] {processor.py:161} INFO - Processing /home/sayone/This PC/SayOne Technologies/Works/airflow_new/Airflow/venv/lib/python3.8/site-packages/airflow/example_dags/example_external_task_marker_dag.py took 0.074 seconds
[2022-09-20T17:39:41.389+0530] {processor.py:153} INFO - Started process (PID=34104) to work on /home/sayone/This PC/SayOne Technologies/Works/airflow_new/Airflow/venv/lib/python3.8/site-packages/airflow/example_dags/example_external_task_marker_dag.py
[2022-09-20T17:39:41.391+0530] {processor.py:640} INFO - Processing file /home/sayone/This PC/SayOne Technologies/Works/airflow_new/Airflow/venv/lib/python3.8/site-packages/airflow/example_dags/example_external_task_marker_dag.py for tasks to queue
[2022-09-20T17:39:41.392+0530] {logging_mixin.py:115} INFO - [2022-09-20T17:39:41.392+0530] {dagbag.py:508} INFO - Filling up the DagBag from /home/sayone/This PC/SayOne Technologies/Works/airflow_new/Airflow/venv/lib/python3.8/site-packages/airflow/example_dags/example_external_task_marker_dag.py
[2022-09-20T17:39:41.397+0530] {processor.py:650} INFO - DAG(s) dict_keys(['example_external_task_marker_parent', 'example_external_task_marker_child']) retrieved from /home/sayone/This PC/SayOne Technologies/Works/airflow_new/Airflow/venv/lib/python3.8/site-packages/airflow/example_dags/example_external_task_marker_dag.py
[2022-09-20T17:39:41.445+0530] {logging_mixin.py:115} INFO - [2022-09-20T17:39:41.445+0530] {dag.py:2429} INFO - Sync 2 DAGs
[2022-09-20T17:39:41.457+0530] {logging_mixin.py:115} INFO - [2022-09-20T17:39:41.457+0530] {dag.py:2977} INFO - Setting next_dagrun for example_external_task_marker_child to None, run_after=None
[2022-09-20T17:39:41.458+0530] {logging_mixin.py:115} INFO - [2022-09-20T17:39:41.458+0530] {dag.py:2977} INFO - Setting next_dagrun for example_external_task_marker_parent to None, run_after=None
[2022-09-20T17:39:41.467+0530] {processor.py:161} INFO - Processing /home/sayone/This PC/SayOne Technologies/Works/airflow_new/Airflow/venv/lib/python3.8/site-packages/airflow/example_dags/example_external_task_marker_dag.py took 0.082 seconds
[2022-09-20T17:40:19.051+0530] {processor.py:153} INFO - Started process (PID=34204) to work on /home/sayone/This PC/SayOne Technologies/Works/airflow_new/Airflow/venv/lib/python3.8/site-packages/airflow/example_dags/example_external_task_marker_dag.py
[2022-09-20T17:40:19.054+0530] {processor.py:640} INFO - Processing file /home/sayone/This PC/SayOne Technologies/Works/airflow_new/Airflow/venv/lib/python3.8/site-packages/airflow/example_dags/example_external_task_marker_dag.py for tasks to queue
[2022-09-20T17:40:19.055+0530] {logging_mixin.py:115} INFO - [2022-09-20T17:40:19.055+0530] {dagbag.py:508} INFO - Filling up the DagBag from /home/sayone/This PC/SayOne Technologies/Works/airflow_new/Airflow/venv/lib/python3.8/site-packages/airflow/example_dags/example_external_task_marker_dag.py
[2022-09-20T17:40:19.061+0530] {processor.py:650} INFO - DAG(s) dict_keys(['example_external_task_marker_parent', 'example_external_task_marker_child']) retrieved from /home/sayone/This PC/SayOne Technologies/Works/airflow_new/Airflow/venv/lib/python3.8/site-packages/airflow/example_dags/example_external_task_marker_dag.py
[2022-09-20T17:40:19.107+0530] {logging_mixin.py:115} INFO - [2022-09-20T17:40:19.107+0530] {dag.py:2429} INFO - Sync 2 DAGs
[2022-09-20T17:40:19.119+0530] {logging_mixin.py:115} INFO - [2022-09-20T17:40:19.119+0530] {dag.py:2977} INFO - Setting next_dagrun for example_external_task_marker_child to None, run_after=None
[2022-09-20T17:40:19.119+0530] {logging_mixin.py:115} INFO - [2022-09-20T17:40:19.119+0530] {dag.py:2977} INFO - Setting next_dagrun for example_external_task_marker_parent to None, run_after=None
[2022-09-20T17:40:19.127+0530] {processor.py:161} INFO - Processing /home/sayone/This PC/SayOne Technologies/Works/airflow_new/Airflow/venv/lib/python3.8/site-packages/airflow/example_dags/example_external_task_marker_dag.py took 0.080 seconds
[2022-09-20T17:40:54.474+0530] {processor.py:153} INFO - Started process (PID=34322) to work on /home/sayone/This PC/SayOne Technologies/Works/airflow_new/Airflow/venv/lib/python3.8/site-packages/airflow/example_dags/example_external_task_marker_dag.py
[2022-09-20T17:40:54.476+0530] {processor.py:640} INFO - Processing file /home/sayone/This PC/SayOne Technologies/Works/airflow_new/Airflow/venv/lib/python3.8/site-packages/airflow/example_dags/example_external_task_marker_dag.py for tasks to queue
[2022-09-20T17:40:54.477+0530] {logging_mixin.py:115} INFO - [2022-09-20T17:40:54.477+0530] {dagbag.py:508} INFO - Filling up the DagBag from /home/sayone/This PC/SayOne Technologies/Works/airflow_new/Airflow/venv/lib/python3.8/site-packages/airflow/example_dags/example_external_task_marker_dag.py
[2022-09-20T17:40:54.483+0530] {processor.py:650} INFO - DAG(s) dict_keys(['example_external_task_marker_parent', 'example_external_task_marker_child']) retrieved from /home/sayone/This PC/SayOne Technologies/Works/airflow_new/Airflow/venv/lib/python3.8/site-packages/airflow/example_dags/example_external_task_marker_dag.py
[2022-09-20T17:40:54.531+0530] {logging_mixin.py:115} INFO - [2022-09-20T17:40:54.531+0530] {dag.py:2429} INFO - Sync 2 DAGs
[2022-09-20T17:40:54.543+0530] {logging_mixin.py:115} INFO - [2022-09-20T17:40:54.543+0530] {dag.py:2977} INFO - Setting next_dagrun for example_external_task_marker_child to None, run_after=None
[2022-09-20T17:40:54.543+0530] {logging_mixin.py:115} INFO - [2022-09-20T17:40:54.543+0530] {dag.py:2977} INFO - Setting next_dagrun for example_external_task_marker_parent to None, run_after=None
[2022-09-20T17:40:54.551+0530] {processor.py:161} INFO - Processing /home/sayone/This PC/SayOne Technologies/Works/airflow_new/Airflow/venv/lib/python3.8/site-packages/airflow/example_dags/example_external_task_marker_dag.py took 0.079 seconds
[2022-09-20T17:41:32.189+0530] {processor.py:153} INFO - Started process (PID=34431) to work on /home/sayone/This PC/SayOne Technologies/Works/airflow_new/Airflow/venv/lib/python3.8/site-packages/airflow/example_dags/example_external_task_marker_dag.py
[2022-09-20T17:41:32.192+0530] {processor.py:640} INFO - Processing file /home/sayone/This PC/SayOne Technologies/Works/airflow_new/Airflow/venv/lib/python3.8/site-packages/airflow/example_dags/example_external_task_marker_dag.py for tasks to queue
[2022-09-20T17:41:32.193+0530] {logging_mixin.py:115} INFO - [2022-09-20T17:41:32.193+0530] {dagbag.py:508} INFO - Filling up the DagBag from /home/sayone/This PC/SayOne Technologies/Works/airflow_new/Airflow/venv/lib/python3.8/site-packages/airflow/example_dags/example_external_task_marker_dag.py
[2022-09-20T17:41:32.199+0530] {processor.py:650} INFO - DAG(s) dict_keys(['example_external_task_marker_parent', 'example_external_task_marker_child']) retrieved from /home/sayone/This PC/SayOne Technologies/Works/airflow_new/Airflow/venv/lib/python3.8/site-packages/airflow/example_dags/example_external_task_marker_dag.py
[2022-09-20T17:41:32.246+0530] {logging_mixin.py:115} INFO - [2022-09-20T17:41:32.246+0530] {dag.py:2429} INFO - Sync 2 DAGs
[2022-09-20T17:41:32.263+0530] {logging_mixin.py:115} INFO - [2022-09-20T17:41:32.263+0530] {dag.py:2977} INFO - Setting next_dagrun for example_external_task_marker_child to None, run_after=None
[2022-09-20T17:41:32.263+0530] {logging_mixin.py:115} INFO - [2022-09-20T17:41:32.263+0530] {dag.py:2977} INFO - Setting next_dagrun for example_external_task_marker_parent to None, run_after=None
[2022-09-20T17:41:32.278+0530] {processor.py:161} INFO - Processing /home/sayone/This PC/SayOne Technologies/Works/airflow_new/Airflow/venv/lib/python3.8/site-packages/airflow/example_dags/example_external_task_marker_dag.py took 0.093 seconds
[2022-09-20T17:45:59.027+0530] {processor.py:153} INFO - Started process (PID=35021) to work on /home/sayone/This PC/SayOne Technologies/Works/airflow_new/Airflow/venv/lib/python3.8/site-packages/airflow/example_dags/example_external_task_marker_dag.py
[2022-09-20T17:45:59.031+0530] {processor.py:640} INFO - Processing file /home/sayone/This PC/SayOne Technologies/Works/airflow_new/Airflow/venv/lib/python3.8/site-packages/airflow/example_dags/example_external_task_marker_dag.py for tasks to queue
[2022-09-20T17:45:59.031+0530] {logging_mixin.py:115} INFO - [2022-09-20T17:45:59.031+0530] {dagbag.py:508} INFO - Filling up the DagBag from /home/sayone/This PC/SayOne Technologies/Works/airflow_new/Airflow/venv/lib/python3.8/site-packages/airflow/example_dags/example_external_task_marker_dag.py
[2022-09-20T17:45:59.036+0530] {processor.py:650} INFO - DAG(s) dict_keys(['example_external_task_marker_parent', 'example_external_task_marker_child']) retrieved from /home/sayone/This PC/SayOne Technologies/Works/airflow_new/Airflow/venv/lib/python3.8/site-packages/airflow/example_dags/example_external_task_marker_dag.py
[2022-09-20T17:45:59.085+0530] {logging_mixin.py:115} INFO - [2022-09-20T17:45:59.085+0530] {dag.py:2429} INFO - Sync 2 DAGs
[2022-09-20T17:45:59.096+0530] {logging_mixin.py:115} INFO - [2022-09-20T17:45:59.096+0530] {dag.py:2977} INFO - Setting next_dagrun for example_external_task_marker_child to None, run_after=None
[2022-09-20T17:45:59.096+0530] {logging_mixin.py:115} INFO - [2022-09-20T17:45:59.096+0530] {dag.py:2977} INFO - Setting next_dagrun for example_external_task_marker_parent to None, run_after=None
[2022-09-20T17:45:59.105+0530] {processor.py:161} INFO - Processing /home/sayone/This PC/SayOne Technologies/Works/airflow_new/Airflow/venv/lib/python3.8/site-packages/airflow/example_dags/example_external_task_marker_dag.py took 0.082 seconds
[2022-09-20T17:46:53.038+0530] {processor.py:153} INFO - Started process (PID=35242) to work on /home/sayone/This PC/SayOne Technologies/Works/airflow_new/Airflow/venv/lib/python3.8/site-packages/airflow/example_dags/example_external_task_marker_dag.py
[2022-09-20T17:46:53.040+0530] {processor.py:640} INFO - Processing file /home/sayone/This PC/SayOne Technologies/Works/airflow_new/Airflow/venv/lib/python3.8/site-packages/airflow/example_dags/example_external_task_marker_dag.py for tasks to queue
[2022-09-20T17:46:53.041+0530] {logging_mixin.py:115} INFO - [2022-09-20T17:46:53.041+0530] {dagbag.py:508} INFO - Filling up the DagBag from /home/sayone/This PC/SayOne Technologies/Works/airflow_new/Airflow/venv/lib/python3.8/site-packages/airflow/example_dags/example_external_task_marker_dag.py
[2022-09-20T17:46:53.046+0530] {processor.py:650} INFO - DAG(s) dict_keys(['example_external_task_marker_parent', 'example_external_task_marker_child']) retrieved from /home/sayone/This PC/SayOne Technologies/Works/airflow_new/Airflow/venv/lib/python3.8/site-packages/airflow/example_dags/example_external_task_marker_dag.py
[2022-09-20T17:46:53.093+0530] {logging_mixin.py:115} INFO - [2022-09-20T17:46:53.093+0530] {dag.py:2429} INFO - Sync 2 DAGs
[2022-09-20T17:46:53.103+0530] {logging_mixin.py:115} INFO - [2022-09-20T17:46:53.103+0530] {dag.py:2977} INFO - Setting next_dagrun for example_external_task_marker_child to None, run_after=None
[2022-09-20T17:46:53.103+0530] {logging_mixin.py:115} INFO - [2022-09-20T17:46:53.103+0530] {dag.py:2977} INFO - Setting next_dagrun for example_external_task_marker_parent to None, run_after=None
[2022-09-20T17:46:53.112+0530] {processor.py:161} INFO - Processing /home/sayone/This PC/SayOne Technologies/Works/airflow_new/Airflow/venv/lib/python3.8/site-packages/airflow/example_dags/example_external_task_marker_dag.py took 0.077 seconds
[2022-09-20T17:47:29.897+0530] {processor.py:153} INFO - Started process (PID=35361) to work on /home/sayone/This PC/SayOne Technologies/Works/airflow_new/Airflow/venv/lib/python3.8/site-packages/airflow/example_dags/example_external_task_marker_dag.py
[2022-09-20T17:47:29.900+0530] {processor.py:640} INFO - Processing file /home/sayone/This PC/SayOne Technologies/Works/airflow_new/Airflow/venv/lib/python3.8/site-packages/airflow/example_dags/example_external_task_marker_dag.py for tasks to queue
[2022-09-20T17:47:29.901+0530] {logging_mixin.py:115} INFO - [2022-09-20T17:47:29.901+0530] {dagbag.py:508} INFO - Filling up the DagBag from /home/sayone/This PC/SayOne Technologies/Works/airflow_new/Airflow/venv/lib/python3.8/site-packages/airflow/example_dags/example_external_task_marker_dag.py
[2022-09-20T17:47:29.907+0530] {processor.py:650} INFO - DAG(s) dict_keys(['example_external_task_marker_parent', 'example_external_task_marker_child']) retrieved from /home/sayone/This PC/SayOne Technologies/Works/airflow_new/Airflow/venv/lib/python3.8/site-packages/airflow/example_dags/example_external_task_marker_dag.py
[2022-09-20T17:47:29.953+0530] {logging_mixin.py:115} INFO - [2022-09-20T17:47:29.953+0530] {dag.py:2429} INFO - Sync 2 DAGs
[2022-09-20T17:47:29.965+0530] {logging_mixin.py:115} INFO - [2022-09-20T17:47:29.964+0530] {dag.py:2977} INFO - Setting next_dagrun for example_external_task_marker_child to None, run_after=None
[2022-09-20T17:47:29.965+0530] {logging_mixin.py:115} INFO - [2022-09-20T17:47:29.965+0530] {dag.py:2977} INFO - Setting next_dagrun for example_external_task_marker_parent to None, run_after=None
[2022-09-20T17:47:29.973+0530] {processor.py:161} INFO - Processing /home/sayone/This PC/SayOne Technologies/Works/airflow_new/Airflow/venv/lib/python3.8/site-packages/airflow/example_dags/example_external_task_marker_dag.py took 0.080 seconds
[2022-09-20T17:48:07.107+0530] {processor.py:153} INFO - Started process (PID=35490) to work on /home/sayone/This PC/SayOne Technologies/Works/airflow_new/Airflow/venv/lib/python3.8/site-packages/airflow/example_dags/example_external_task_marker_dag.py
[2022-09-20T17:48:07.111+0530] {processor.py:640} INFO - Processing file /home/sayone/This PC/SayOne Technologies/Works/airflow_new/Airflow/venv/lib/python3.8/site-packages/airflow/example_dags/example_external_task_marker_dag.py for tasks to queue
[2022-09-20T17:48:07.111+0530] {logging_mixin.py:115} INFO - [2022-09-20T17:48:07.111+0530] {dagbag.py:508} INFO - Filling up the DagBag from /home/sayone/This PC/SayOne Technologies/Works/airflow_new/Airflow/venv/lib/python3.8/site-packages/airflow/example_dags/example_external_task_marker_dag.py
[2022-09-20T17:48:07.117+0530] {processor.py:650} INFO - DAG(s) dict_keys(['example_external_task_marker_parent', 'example_external_task_marker_child']) retrieved from /home/sayone/This PC/SayOne Technologies/Works/airflow_new/Airflow/venv/lib/python3.8/site-packages/airflow/example_dags/example_external_task_marker_dag.py
[2022-09-20T17:48:07.169+0530] {logging_mixin.py:115} INFO - [2022-09-20T17:48:07.169+0530] {dag.py:2429} INFO - Sync 2 DAGs
[2022-09-20T17:48:07.181+0530] {logging_mixin.py:115} INFO - [2022-09-20T17:48:07.181+0530] {dag.py:2977} INFO - Setting next_dagrun for example_external_task_marker_child to None, run_after=None
[2022-09-20T17:48:07.182+0530] {logging_mixin.py:115} INFO - [2022-09-20T17:48:07.182+0530] {dag.py:2977} INFO - Setting next_dagrun for example_external_task_marker_parent to None, run_after=None
[2022-09-20T17:48:07.192+0530] {processor.py:161} INFO - Processing /home/sayone/This PC/SayOne Technologies/Works/airflow_new/Airflow/venv/lib/python3.8/site-packages/airflow/example_dags/example_external_task_marker_dag.py took 0.090 seconds
[2022-09-20T17:48:44.080+0530] {processor.py:153} INFO - Started process (PID=35574) to work on /home/sayone/This PC/SayOne Technologies/Works/airflow_new/Airflow/venv/lib/python3.8/site-packages/airflow/example_dags/example_external_task_marker_dag.py
[2022-09-20T17:48:44.081+0530] {processor.py:640} INFO - Processing file /home/sayone/This PC/SayOne Technologies/Works/airflow_new/Airflow/venv/lib/python3.8/site-packages/airflow/example_dags/example_external_task_marker_dag.py for tasks to queue
[2022-09-20T17:48:44.081+0530] {logging_mixin.py:115} INFO - [2022-09-20T17:48:44.081+0530] {dagbag.py:508} INFO - Filling up the DagBag from /home/sayone/This PC/SayOne Technologies/Works/airflow_new/Airflow/venv/lib/python3.8/site-packages/airflow/example_dags/example_external_task_marker_dag.py
[2022-09-20T17:48:44.083+0530] {processor.py:650} INFO - DAG(s) dict_keys(['example_external_task_marker_parent', 'example_external_task_marker_child']) retrieved from /home/sayone/This PC/SayOne Technologies/Works/airflow_new/Airflow/venv/lib/python3.8/site-packages/airflow/example_dags/example_external_task_marker_dag.py
[2022-09-20T17:48:44.127+0530] {logging_mixin.py:115} INFO - [2022-09-20T17:48:44.127+0530] {dag.py:2429} INFO - Sync 2 DAGs
[2022-09-20T17:48:44.137+0530] {logging_mixin.py:115} INFO - [2022-09-20T17:48:44.137+0530] {dag.py:2977} INFO - Setting next_dagrun for example_external_task_marker_child to None, run_after=None
[2022-09-20T17:48:44.138+0530] {logging_mixin.py:115} INFO - [2022-09-20T17:48:44.138+0530] {dag.py:2977} INFO - Setting next_dagrun for example_external_task_marker_parent to None, run_after=None
[2022-09-20T17:48:44.146+0530] {processor.py:161} INFO - Processing /home/sayone/This PC/SayOne Technologies/Works/airflow_new/Airflow/venv/lib/python3.8/site-packages/airflow/example_dags/example_external_task_marker_dag.py took 0.068 seconds
[2022-09-20T17:49:21.671+0530] {processor.py:153} INFO - Started process (PID=35685) to work on /home/sayone/This PC/SayOne Technologies/Works/airflow_new/Airflow/venv/lib/python3.8/site-packages/airflow/example_dags/example_external_task_marker_dag.py
[2022-09-20T17:49:21.673+0530] {processor.py:640} INFO - Processing file /home/sayone/This PC/SayOne Technologies/Works/airflow_new/Airflow/venv/lib/python3.8/site-packages/airflow/example_dags/example_external_task_marker_dag.py for tasks to queue
[2022-09-20T17:49:21.674+0530] {logging_mixin.py:115} INFO - [2022-09-20T17:49:21.673+0530] {dagbag.py:508} INFO - Filling up the DagBag from /home/sayone/This PC/SayOne Technologies/Works/airflow_new/Airflow/venv/lib/python3.8/site-packages/airflow/example_dags/example_external_task_marker_dag.py
[2022-09-20T17:49:21.679+0530] {processor.py:650} INFO - DAG(s) dict_keys(['example_external_task_marker_parent', 'example_external_task_marker_child']) retrieved from /home/sayone/This PC/SayOne Technologies/Works/airflow_new/Airflow/venv/lib/python3.8/site-packages/airflow/example_dags/example_external_task_marker_dag.py
[2022-09-20T17:49:21.731+0530] {logging_mixin.py:115} INFO - [2022-09-20T17:49:21.731+0530] {dag.py:2429} INFO - Sync 2 DAGs
[2022-09-20T17:49:21.747+0530] {logging_mixin.py:115} INFO - [2022-09-20T17:49:21.747+0530] {dag.py:2977} INFO - Setting next_dagrun for example_external_task_marker_child to None, run_after=None
[2022-09-20T17:49:21.748+0530] {logging_mixin.py:115} INFO - [2022-09-20T17:49:21.748+0530] {dag.py:2977} INFO - Setting next_dagrun for example_external_task_marker_parent to None, run_after=None
[2022-09-20T17:49:21.761+0530] {processor.py:161} INFO - Processing /home/sayone/This PC/SayOne Technologies/Works/airflow_new/Airflow/venv/lib/python3.8/site-packages/airflow/example_dags/example_external_task_marker_dag.py took 0.092 seconds
[2022-09-20T17:49:59.387+0530] {processor.py:153} INFO - Started process (PID=35790) to work on /home/sayone/This PC/SayOne Technologies/Works/airflow_new/Airflow/venv/lib/python3.8/site-packages/airflow/example_dags/example_external_task_marker_dag.py
[2022-09-20T17:49:59.390+0530] {processor.py:640} INFO - Processing file /home/sayone/This PC/SayOne Technologies/Works/airflow_new/Airflow/venv/lib/python3.8/site-packages/airflow/example_dags/example_external_task_marker_dag.py for tasks to queue
[2022-09-20T17:49:59.391+0530] {logging_mixin.py:115} INFO - [2022-09-20T17:49:59.391+0530] {dagbag.py:508} INFO - Filling up the DagBag from /home/sayone/This PC/SayOne Technologies/Works/airflow_new/Airflow/venv/lib/python3.8/site-packages/airflow/example_dags/example_external_task_marker_dag.py
[2022-09-20T17:49:59.397+0530] {processor.py:650} INFO - DAG(s) dict_keys(['example_external_task_marker_parent', 'example_external_task_marker_child']) retrieved from /home/sayone/This PC/SayOne Technologies/Works/airflow_new/Airflow/venv/lib/python3.8/site-packages/airflow/example_dags/example_external_task_marker_dag.py
[2022-09-20T17:49:59.443+0530] {logging_mixin.py:115} INFO - [2022-09-20T17:49:59.443+0530] {dag.py:2429} INFO - Sync 2 DAGs
[2022-09-20T17:49:59.453+0530] {logging_mixin.py:115} INFO - [2022-09-20T17:49:59.453+0530] {dag.py:2977} INFO - Setting next_dagrun for example_external_task_marker_child to None, run_after=None
[2022-09-20T17:49:59.453+0530] {logging_mixin.py:115} INFO - [2022-09-20T17:49:59.453+0530] {dag.py:2977} INFO - Setting next_dagrun for example_external_task_marker_parent to None, run_after=None
[2022-09-20T17:49:59.462+0530] {processor.py:161} INFO - Processing /home/sayone/This PC/SayOne Technologies/Works/airflow_new/Airflow/venv/lib/python3.8/site-packages/airflow/example_dags/example_external_task_marker_dag.py took 0.080 seconds
[2022-09-20T17:50:34.358+0530] {processor.py:153} INFO - Started process (PID=35863) to work on /home/sayone/This PC/SayOne Technologies/Works/airflow_new/Airflow/venv/lib/python3.8/site-packages/airflow/example_dags/example_external_task_marker_dag.py
[2022-09-20T17:50:34.359+0530] {processor.py:640} INFO - Processing file /home/sayone/This PC/SayOne Technologies/Works/airflow_new/Airflow/venv/lib/python3.8/site-packages/airflow/example_dags/example_external_task_marker_dag.py for tasks to queue
[2022-09-20T17:50:34.360+0530] {logging_mixin.py:115} INFO - [2022-09-20T17:50:34.360+0530] {dagbag.py:508} INFO - Filling up the DagBag from /home/sayone/This PC/SayOne Technologies/Works/airflow_new/Airflow/venv/lib/python3.8/site-packages/airflow/example_dags/example_external_task_marker_dag.py
[2022-09-20T17:50:34.366+0530] {processor.py:650} INFO - DAG(s) dict_keys(['example_external_task_marker_parent', 'example_external_task_marker_child']) retrieved from /home/sayone/This PC/SayOne Technologies/Works/airflow_new/Airflow/venv/lib/python3.8/site-packages/airflow/example_dags/example_external_task_marker_dag.py
[2022-09-20T17:50:34.412+0530] {logging_mixin.py:115} INFO - [2022-09-20T17:50:34.412+0530] {dag.py:2429} INFO - Sync 2 DAGs
[2022-09-20T17:50:34.422+0530] {logging_mixin.py:115} INFO - [2022-09-20T17:50:34.422+0530] {dag.py:2977} INFO - Setting next_dagrun for example_external_task_marker_child to None, run_after=None
[2022-09-20T17:50:34.423+0530] {logging_mixin.py:115} INFO - [2022-09-20T17:50:34.422+0530] {dag.py:2977} INFO - Setting next_dagrun for example_external_task_marker_parent to None, run_after=None
[2022-09-20T17:50:34.432+0530] {processor.py:161} INFO - Processing /home/sayone/This PC/SayOne Technologies/Works/airflow_new/Airflow/venv/lib/python3.8/site-packages/airflow/example_dags/example_external_task_marker_dag.py took 0.078 seconds
[2022-09-20T17:51:12.212+0530] {processor.py:153} INFO - Started process (PID=35963) to work on /home/sayone/This PC/SayOne Technologies/Works/airflow_new/Airflow/venv/lib/python3.8/site-packages/airflow/example_dags/example_external_task_marker_dag.py
[2022-09-20T17:51:12.215+0530] {processor.py:640} INFO - Processing file /home/sayone/This PC/SayOne Technologies/Works/airflow_new/Airflow/venv/lib/python3.8/site-packages/airflow/example_dags/example_external_task_marker_dag.py for tasks to queue
[2022-09-20T17:51:12.216+0530] {logging_mixin.py:115} INFO - [2022-09-20T17:51:12.215+0530] {dagbag.py:508} INFO - Filling up the DagBag from /home/sayone/This PC/SayOne Technologies/Works/airflow_new/Airflow/venv/lib/python3.8/site-packages/airflow/example_dags/example_external_task_marker_dag.py
[2022-09-20T17:51:12.222+0530] {processor.py:650} INFO - DAG(s) dict_keys(['example_external_task_marker_parent', 'example_external_task_marker_child']) retrieved from /home/sayone/This PC/SayOne Technologies/Works/airflow_new/Airflow/venv/lib/python3.8/site-packages/airflow/example_dags/example_external_task_marker_dag.py
[2022-09-20T17:51:12.269+0530] {logging_mixin.py:115} INFO - [2022-09-20T17:51:12.269+0530] {dag.py:2429} INFO - Sync 2 DAGs
[2022-09-20T17:51:12.280+0530] {logging_mixin.py:115} INFO - [2022-09-20T17:51:12.280+0530] {dag.py:2977} INFO - Setting next_dagrun for example_external_task_marker_child to None, run_after=None
[2022-09-20T17:51:12.280+0530] {logging_mixin.py:115} INFO - [2022-09-20T17:51:12.280+0530] {dag.py:2977} INFO - Setting next_dagrun for example_external_task_marker_parent to None, run_after=None
[2022-09-20T17:51:12.288+0530] {processor.py:161} INFO - Processing /home/sayone/This PC/SayOne Technologies/Works/airflow_new/Airflow/venv/lib/python3.8/site-packages/airflow/example_dags/example_external_task_marker_dag.py took 0.081 seconds
[2022-09-20T17:51:49.353+0530] {processor.py:153} INFO - Started process (PID=36030) to work on /home/sayone/This PC/SayOne Technologies/Works/airflow_new/Airflow/venv/lib/python3.8/site-packages/airflow/example_dags/example_external_task_marker_dag.py
[2022-09-20T17:51:49.355+0530] {processor.py:640} INFO - Processing file /home/sayone/This PC/SayOne Technologies/Works/airflow_new/Airflow/venv/lib/python3.8/site-packages/airflow/example_dags/example_external_task_marker_dag.py for tasks to queue
[2022-09-20T17:51:49.356+0530] {logging_mixin.py:115} INFO - [2022-09-20T17:51:49.356+0530] {dagbag.py:508} INFO - Filling up the DagBag from /home/sayone/This PC/SayOne Technologies/Works/airflow_new/Airflow/venv/lib/python3.8/site-packages/airflow/example_dags/example_external_task_marker_dag.py
[2022-09-20T17:51:49.362+0530] {processor.py:650} INFO - DAG(s) dict_keys(['example_external_task_marker_parent', 'example_external_task_marker_child']) retrieved from /home/sayone/This PC/SayOne Technologies/Works/airflow_new/Airflow/venv/lib/python3.8/site-packages/airflow/example_dags/example_external_task_marker_dag.py
[2022-09-20T17:51:49.409+0530] {logging_mixin.py:115} INFO - [2022-09-20T17:51:49.409+0530] {dag.py:2429} INFO - Sync 2 DAGs
[2022-09-20T17:51:49.419+0530] {logging_mixin.py:115} INFO - [2022-09-20T17:51:49.419+0530] {dag.py:2977} INFO - Setting next_dagrun for example_external_task_marker_child to None, run_after=None
[2022-09-20T17:51:49.420+0530] {logging_mixin.py:115} INFO - [2022-09-20T17:51:49.420+0530] {dag.py:2977} INFO - Setting next_dagrun for example_external_task_marker_parent to None, run_after=None
[2022-09-20T17:51:49.429+0530] {processor.py:161} INFO - Processing /home/sayone/This PC/SayOne Technologies/Works/airflow_new/Airflow/venv/lib/python3.8/site-packages/airflow/example_dags/example_external_task_marker_dag.py took 0.079 seconds
