[2022-09-20T17:16:59.107+0530] {processor.py:153} INFO - Started process (PID=28728) to work on /home/sayone/This PC/SayOne Technologies/Works/airflow_new/Airflow/venv/lib/python3.8/site-packages/airflow/example_dags/example_skip_dag.py
[2022-09-20T17:16:59.108+0530] {processor.py:640} INFO - Processing file /home/sayone/This PC/SayOne Technologies/Works/airflow_new/Airflow/venv/lib/python3.8/site-packages/airflow/example_dags/example_skip_dag.py for tasks to queue
[2022-09-20T17:16:59.108+0530] {logging_mixin.py:115} INFO - [2022-09-20T17:16:59.108+0530] {dagbag.py:508} INFO - Filling up the DagBag from /home/sayone/This PC/SayOne Technologies/Works/airflow_new/Airflow/venv/lib/python3.8/site-packages/airflow/example_dags/example_skip_dag.py
[2022-09-20T17:16:59.112+0530] {processor.py:650} INFO - DAG(s) dict_keys(['example_skip_dag']) retrieved from /home/sayone/This PC/SayOne Technologies/Works/airflow_new/Airflow/venv/lib/python3.8/site-packages/airflow/example_dags/example_skip_dag.py
[2022-09-20T17:16:59.186+0530] {logging_mixin.py:115} INFO - [2022-09-20T17:16:59.185+0530] {manager.py:508} INFO - Created Permission View: can edit on DAG:example_skip_dag
[2022-09-20T17:16:59.197+0530] {logging_mixin.py:115} INFO - [2022-09-20T17:16:59.196+0530] {manager.py:508} INFO - Created Permission View: can read on DAG:example_skip_dag
[2022-09-20T17:16:59.207+0530] {logging_mixin.py:115} INFO - [2022-09-20T17:16:59.207+0530] {manager.py:508} INFO - Created Permission View: can delete on DAG:example_skip_dag
[2022-09-20T17:16:59.207+0530] {logging_mixin.py:115} INFO - [2022-09-20T17:16:59.207+0530] {dag.py:2429} INFO - Sync 1 DAGs
[2022-09-20T17:16:59.214+0530] {logging_mixin.py:115} INFO - [2022-09-20T17:16:59.214+0530] {dag.py:2448} INFO - Creating ORM DAG for example_skip_dag
[2022-09-20T17:16:59.225+0530] {logging_mixin.py:115} INFO - [2022-09-20T17:16:59.225+0530] {dag.py:2977} INFO - Setting next_dagrun for example_skip_dag to 2022-09-19T11:46:59.225411+00:00, run_after=2022-09-20T11:46:59.225411+00:00
[2022-09-20T17:16:59.244+0530] {processor.py:161} INFO - Processing /home/sayone/This PC/SayOne Technologies/Works/airflow_new/Airflow/venv/lib/python3.8/site-packages/airflow/example_dags/example_skip_dag.py took 0.139 seconds
[2022-09-20T17:17:35.466+0530] {processor.py:153} INFO - Started process (PID=28973) to work on /home/sayone/This PC/SayOne Technologies/Works/airflow_new/Airflow/venv/lib/python3.8/site-packages/airflow/example_dags/example_skip_dag.py
[2022-09-20T17:17:35.469+0530] {processor.py:640} INFO - Processing file /home/sayone/This PC/SayOne Technologies/Works/airflow_new/Airflow/venv/lib/python3.8/site-packages/airflow/example_dags/example_skip_dag.py for tasks to queue
[2022-09-20T17:17:35.470+0530] {logging_mixin.py:115} INFO - [2022-09-20T17:17:35.470+0530] {dagbag.py:508} INFO - Filling up the DagBag from /home/sayone/This PC/SayOne Technologies/Works/airflow_new/Airflow/venv/lib/python3.8/site-packages/airflow/example_dags/example_skip_dag.py
[2022-09-20T17:17:35.475+0530] {processor.py:650} INFO - DAG(s) dict_keys(['example_skip_dag']) retrieved from /home/sayone/This PC/SayOne Technologies/Works/airflow_new/Airflow/venv/lib/python3.8/site-packages/airflow/example_dags/example_skip_dag.py
[2022-09-20T17:17:35.487+0530] {logging_mixin.py:115} INFO - [2022-09-20T17:17:35.487+0530] {dag.py:2429} INFO - Sync 1 DAGs
[2022-09-20T17:17:35.500+0530] {logging_mixin.py:115} INFO - [2022-09-20T17:17:35.500+0530] {dag.py:2977} INFO - Setting next_dagrun for example_skip_dag to 2022-09-19T11:47:35.499863+00:00, run_after=2022-09-20T11:47:35.499863+00:00
[2022-09-20T17:17:35.515+0530] {processor.py:161} INFO - Processing /home/sayone/This PC/SayOne Technologies/Works/airflow_new/Airflow/venv/lib/python3.8/site-packages/airflow/example_dags/example_skip_dag.py took 0.053 seconds
[2022-09-20T17:18:09.754+0530] {processor.py:153} INFO - Started process (PID=29118) to work on /home/sayone/This PC/SayOne Technologies/Works/airflow_new/Airflow/venv/lib/python3.8/site-packages/airflow/example_dags/example_skip_dag.py
[2022-09-20T17:18:09.757+0530] {processor.py:640} INFO - Processing file /home/sayone/This PC/SayOne Technologies/Works/airflow_new/Airflow/venv/lib/python3.8/site-packages/airflow/example_dags/example_skip_dag.py for tasks to queue
[2022-09-20T17:18:09.758+0530] {logging_mixin.py:115} INFO - [2022-09-20T17:18:09.758+0530] {dagbag.py:508} INFO - Filling up the DagBag from /home/sayone/This PC/SayOne Technologies/Works/airflow_new/Airflow/venv/lib/python3.8/site-packages/airflow/example_dags/example_skip_dag.py
[2022-09-20T17:18:09.766+0530] {processor.py:650} INFO - DAG(s) dict_keys(['example_skip_dag']) retrieved from /home/sayone/This PC/SayOne Technologies/Works/airflow_new/Airflow/venv/lib/python3.8/site-packages/airflow/example_dags/example_skip_dag.py
[2022-09-20T17:18:09.782+0530] {logging_mixin.py:115} INFO - [2022-09-20T17:18:09.782+0530] {dag.py:2429} INFO - Sync 1 DAGs
[2022-09-20T17:18:09.792+0530] {logging_mixin.py:115} INFO - [2022-09-20T17:18:09.792+0530] {dag.py:2977} INFO - Setting next_dagrun for example_skip_dag to 2022-09-19T11:48:09.792040+00:00, run_after=2022-09-20T11:48:09.792040+00:00
[2022-09-20T17:18:09.801+0530] {processor.py:161} INFO - Processing /home/sayone/This PC/SayOne Technologies/Works/airflow_new/Airflow/venv/lib/python3.8/site-packages/airflow/example_dags/example_skip_dag.py took 0.051 seconds
[2022-09-20T17:18:45.487+0530] {processor.py:153} INFO - Started process (PID=29202) to work on /home/sayone/This PC/SayOne Technologies/Works/airflow_new/Airflow/venv/lib/python3.8/site-packages/airflow/example_dags/example_skip_dag.py
[2022-09-20T17:18:45.490+0530] {processor.py:640} INFO - Processing file /home/sayone/This PC/SayOne Technologies/Works/airflow_new/Airflow/venv/lib/python3.8/site-packages/airflow/example_dags/example_skip_dag.py for tasks to queue
[2022-09-20T17:18:45.491+0530] {logging_mixin.py:115} INFO - [2022-09-20T17:18:45.491+0530] {dagbag.py:508} INFO - Filling up the DagBag from /home/sayone/This PC/SayOne Technologies/Works/airflow_new/Airflow/venv/lib/python3.8/site-packages/airflow/example_dags/example_skip_dag.py
[2022-09-20T17:18:45.498+0530] {processor.py:650} INFO - DAG(s) dict_keys(['example_skip_dag']) retrieved from /home/sayone/This PC/SayOne Technologies/Works/airflow_new/Airflow/venv/lib/python3.8/site-packages/airflow/example_dags/example_skip_dag.py
[2022-09-20T17:18:45.509+0530] {logging_mixin.py:115} INFO - [2022-09-20T17:18:45.509+0530] {dag.py:2429} INFO - Sync 1 DAGs
[2022-09-20T17:18:45.521+0530] {logging_mixin.py:115} INFO - [2022-09-20T17:18:45.521+0530] {dag.py:2977} INFO - Setting next_dagrun for example_skip_dag to 2022-09-19T11:48:45.521617+00:00, run_after=2022-09-20T11:48:45.521617+00:00
[2022-09-20T17:18:45.533+0530] {processor.py:161} INFO - Processing /home/sayone/This PC/SayOne Technologies/Works/airflow_new/Airflow/venv/lib/python3.8/site-packages/airflow/example_dags/example_skip_dag.py took 0.050 seconds
[2022-09-20T17:19:20.176+0530] {processor.py:153} INFO - Started process (PID=29347) to work on /home/sayone/This PC/SayOne Technologies/Works/airflow_new/Airflow/venv/lib/python3.8/site-packages/airflow/example_dags/example_skip_dag.py
[2022-09-20T17:19:20.179+0530] {processor.py:640} INFO - Processing file /home/sayone/This PC/SayOne Technologies/Works/airflow_new/Airflow/venv/lib/python3.8/site-packages/airflow/example_dags/example_skip_dag.py for tasks to queue
[2022-09-20T17:19:20.179+0530] {logging_mixin.py:115} INFO - [2022-09-20T17:19:20.179+0530] {dagbag.py:508} INFO - Filling up the DagBag from /home/sayone/This PC/SayOne Technologies/Works/airflow_new/Airflow/venv/lib/python3.8/site-packages/airflow/example_dags/example_skip_dag.py
[2022-09-20T17:19:20.182+0530] {processor.py:650} INFO - DAG(s) dict_keys(['example_skip_dag']) retrieved from /home/sayone/This PC/SayOne Technologies/Works/airflow_new/Airflow/venv/lib/python3.8/site-packages/airflow/example_dags/example_skip_dag.py
[2022-09-20T17:19:20.192+0530] {logging_mixin.py:115} INFO - [2022-09-20T17:19:20.192+0530] {dag.py:2429} INFO - Sync 1 DAGs
[2022-09-20T17:19:20.203+0530] {logging_mixin.py:115} INFO - [2022-09-20T17:19:20.202+0530] {dag.py:2977} INFO - Setting next_dagrun for example_skip_dag to 2022-09-19T11:49:20.202738+00:00, run_after=2022-09-20T11:49:20.202738+00:00
[2022-09-20T17:19:20.211+0530] {processor.py:161} INFO - Processing /home/sayone/This PC/SayOne Technologies/Works/airflow_new/Airflow/venv/lib/python3.8/site-packages/airflow/example_dags/example_skip_dag.py took 0.036 seconds
[2022-09-20T17:20:16.578+0530] {processor.py:153} INFO - Started process (PID=29685) to work on /home/sayone/This PC/SayOne Technologies/Works/airflow_new/Airflow/venv/lib/python3.8/site-packages/airflow/example_dags/example_skip_dag.py
[2022-09-20T17:20:16.580+0530] {processor.py:640} INFO - Processing file /home/sayone/This PC/SayOne Technologies/Works/airflow_new/Airflow/venv/lib/python3.8/site-packages/airflow/example_dags/example_skip_dag.py for tasks to queue
[2022-09-20T17:20:16.581+0530] {logging_mixin.py:115} INFO - [2022-09-20T17:20:16.581+0530] {dagbag.py:508} INFO - Filling up the DagBag from /home/sayone/This PC/SayOne Technologies/Works/airflow_new/Airflow/venv/lib/python3.8/site-packages/airflow/example_dags/example_skip_dag.py
[2022-09-20T17:20:16.586+0530] {processor.py:650} INFO - DAG(s) dict_keys(['example_skip_dag']) retrieved from /home/sayone/This PC/SayOne Technologies/Works/airflow_new/Airflow/venv/lib/python3.8/site-packages/airflow/example_dags/example_skip_dag.py
[2022-09-20T17:20:16.597+0530] {logging_mixin.py:115} INFO - [2022-09-20T17:20:16.597+0530] {dag.py:2429} INFO - Sync 1 DAGs
[2022-09-20T17:20:16.608+0530] {logging_mixin.py:115} INFO - [2022-09-20T17:20:16.608+0530] {dag.py:2977} INFO - Setting next_dagrun for example_skip_dag to 2022-09-19T11:50:16.608734+00:00, run_after=2022-09-20T11:50:16.608734+00:00
[2022-09-20T17:20:16.618+0530] {processor.py:161} INFO - Processing /home/sayone/This PC/SayOne Technologies/Works/airflow_new/Airflow/venv/lib/python3.8/site-packages/airflow/example_dags/example_skip_dag.py took 0.044 seconds
[2022-09-20T17:20:54.130+0530] {processor.py:153} INFO - Started process (PID=29792) to work on /home/sayone/This PC/SayOne Technologies/Works/airflow_new/Airflow/venv/lib/python3.8/site-packages/airflow/example_dags/example_skip_dag.py
[2022-09-20T17:20:54.133+0530] {processor.py:640} INFO - Processing file /home/sayone/This PC/SayOne Technologies/Works/airflow_new/Airflow/venv/lib/python3.8/site-packages/airflow/example_dags/example_skip_dag.py for tasks to queue
[2022-09-20T17:20:54.134+0530] {logging_mixin.py:115} INFO - [2022-09-20T17:20:54.133+0530] {dagbag.py:508} INFO - Filling up the DagBag from /home/sayone/This PC/SayOne Technologies/Works/airflow_new/Airflow/venv/lib/python3.8/site-packages/airflow/example_dags/example_skip_dag.py
[2022-09-20T17:20:54.138+0530] {processor.py:650} INFO - DAG(s) dict_keys(['example_skip_dag']) retrieved from /home/sayone/This PC/SayOne Technologies/Works/airflow_new/Airflow/venv/lib/python3.8/site-packages/airflow/example_dags/example_skip_dag.py
[2022-09-20T17:20:54.151+0530] {logging_mixin.py:115} INFO - [2022-09-20T17:20:54.151+0530] {dag.py:2429} INFO - Sync 1 DAGs
[2022-09-20T17:20:54.163+0530] {logging_mixin.py:115} INFO - [2022-09-20T17:20:54.163+0530] {dag.py:2977} INFO - Setting next_dagrun for example_skip_dag to 2022-09-19T11:50:54.163432+00:00, run_after=2022-09-20T11:50:54.163432+00:00
[2022-09-20T17:20:54.177+0530] {processor.py:161} INFO - Processing /home/sayone/This PC/SayOne Technologies/Works/airflow_new/Airflow/venv/lib/python3.8/site-packages/airflow/example_dags/example_skip_dag.py took 0.048 seconds
[2022-09-20T17:21:27.574+0530] {processor.py:153} INFO - Started process (PID=29863) to work on /home/sayone/This PC/SayOne Technologies/Works/airflow_new/Airflow/venv/lib/python3.8/site-packages/airflow/example_dags/example_skip_dag.py
[2022-09-20T17:21:27.577+0530] {processor.py:640} INFO - Processing file /home/sayone/This PC/SayOne Technologies/Works/airflow_new/Airflow/venv/lib/python3.8/site-packages/airflow/example_dags/example_skip_dag.py for tasks to queue
[2022-09-20T17:21:27.578+0530] {logging_mixin.py:115} INFO - [2022-09-20T17:21:27.578+0530] {dagbag.py:508} INFO - Filling up the DagBag from /home/sayone/This PC/SayOne Technologies/Works/airflow_new/Airflow/venv/lib/python3.8/site-packages/airflow/example_dags/example_skip_dag.py
[2022-09-20T17:21:27.583+0530] {processor.py:650} INFO - DAG(s) dict_keys(['example_skip_dag']) retrieved from /home/sayone/This PC/SayOne Technologies/Works/airflow_new/Airflow/venv/lib/python3.8/site-packages/airflow/example_dags/example_skip_dag.py
[2022-09-20T17:21:27.594+0530] {logging_mixin.py:115} INFO - [2022-09-20T17:21:27.594+0530] {dag.py:2429} INFO - Sync 1 DAGs
[2022-09-20T17:21:27.605+0530] {logging_mixin.py:115} INFO - [2022-09-20T17:21:27.605+0530] {dag.py:2977} INFO - Setting next_dagrun for example_skip_dag to 2022-09-19T11:51:27.605573+00:00, run_after=2022-09-20T11:51:27.605573+00:00
[2022-09-20T17:21:27.614+0530] {processor.py:161} INFO - Processing /home/sayone/This PC/SayOne Technologies/Works/airflow_new/Airflow/venv/lib/python3.8/site-packages/airflow/example_dags/example_skip_dag.py took 0.044 seconds
[2022-09-20T17:22:05.376+0530] {processor.py:153} INFO - Started process (PID=30144) to work on /home/sayone/This PC/SayOne Technologies/Works/airflow_new/Airflow/venv/lib/python3.8/site-packages/airflow/example_dags/example_skip_dag.py
[2022-09-20T17:22:05.378+0530] {processor.py:640} INFO - Processing file /home/sayone/This PC/SayOne Technologies/Works/airflow_new/Airflow/venv/lib/python3.8/site-packages/airflow/example_dags/example_skip_dag.py for tasks to queue
[2022-09-20T17:22:05.379+0530] {logging_mixin.py:115} INFO - [2022-09-20T17:22:05.379+0530] {dagbag.py:508} INFO - Filling up the DagBag from /home/sayone/This PC/SayOne Technologies/Works/airflow_new/Airflow/venv/lib/python3.8/site-packages/airflow/example_dags/example_skip_dag.py
[2022-09-20T17:22:05.383+0530] {processor.py:650} INFO - DAG(s) dict_keys(['example_skip_dag']) retrieved from /home/sayone/This PC/SayOne Technologies/Works/airflow_new/Airflow/venv/lib/python3.8/site-packages/airflow/example_dags/example_skip_dag.py
[2022-09-20T17:22:05.400+0530] {logging_mixin.py:115} INFO - [2022-09-20T17:22:05.400+0530] {dag.py:2429} INFO - Sync 1 DAGs
[2022-09-20T17:22:05.412+0530] {logging_mixin.py:115} INFO - [2022-09-20T17:22:05.412+0530] {dag.py:2977} INFO - Setting next_dagrun for example_skip_dag to 2022-09-19T11:52:05.411968+00:00, run_after=2022-09-20T11:52:05.411968+00:00
[2022-09-20T17:22:05.422+0530] {processor.py:161} INFO - Processing /home/sayone/This PC/SayOne Technologies/Works/airflow_new/Airflow/venv/lib/python3.8/site-packages/airflow/example_dags/example_skip_dag.py took 0.048 seconds
[2022-09-20T17:22:39.667+0530] {processor.py:153} INFO - Started process (PID=30288) to work on /home/sayone/This PC/SayOne Technologies/Works/airflow_new/Airflow/venv/lib/python3.8/site-packages/airflow/example_dags/example_skip_dag.py
[2022-09-20T17:22:39.669+0530] {processor.py:640} INFO - Processing file /home/sayone/This PC/SayOne Technologies/Works/airflow_new/Airflow/venv/lib/python3.8/site-packages/airflow/example_dags/example_skip_dag.py for tasks to queue
[2022-09-20T17:22:39.669+0530] {logging_mixin.py:115} INFO - [2022-09-20T17:22:39.669+0530] {dagbag.py:508} INFO - Filling up the DagBag from /home/sayone/This PC/SayOne Technologies/Works/airflow_new/Airflow/venv/lib/python3.8/site-packages/airflow/example_dags/example_skip_dag.py
[2022-09-20T17:22:39.673+0530] {processor.py:650} INFO - DAG(s) dict_keys(['example_skip_dag']) retrieved from /home/sayone/This PC/SayOne Technologies/Works/airflow_new/Airflow/venv/lib/python3.8/site-packages/airflow/example_dags/example_skip_dag.py
[2022-09-20T17:22:39.687+0530] {logging_mixin.py:115} INFO - [2022-09-20T17:22:39.687+0530] {dag.py:2429} INFO - Sync 1 DAGs
[2022-09-20T17:22:39.699+0530] {logging_mixin.py:115} INFO - [2022-09-20T17:22:39.699+0530] {dag.py:2977} INFO - Setting next_dagrun for example_skip_dag to 2022-09-19T11:52:39.699140+00:00, run_after=2022-09-20T11:52:39.699140+00:00
[2022-09-20T17:22:39.708+0530] {processor.py:161} INFO - Processing /home/sayone/This PC/SayOne Technologies/Works/airflow_new/Airflow/venv/lib/python3.8/site-packages/airflow/example_dags/example_skip_dag.py took 0.043 seconds
[2022-09-20T17:23:41.970+0530] {processor.py:153} INFO - Started process (PID=30462) to work on /home/sayone/This PC/SayOne Technologies/Works/airflow_new/Airflow/venv/lib/python3.8/site-packages/airflow/example_dags/example_skip_dag.py
[2022-09-20T17:23:41.972+0530] {processor.py:640} INFO - Processing file /home/sayone/This PC/SayOne Technologies/Works/airflow_new/Airflow/venv/lib/python3.8/site-packages/airflow/example_dags/example_skip_dag.py for tasks to queue
[2022-09-20T17:23:41.973+0530] {logging_mixin.py:115} INFO - [2022-09-20T17:23:41.973+0530] {dagbag.py:508} INFO - Filling up the DagBag from /home/sayone/This PC/SayOne Technologies/Works/airflow_new/Airflow/venv/lib/python3.8/site-packages/airflow/example_dags/example_skip_dag.py
[2022-09-20T17:23:41.976+0530] {processor.py:650} INFO - DAG(s) dict_keys(['example_skip_dag']) retrieved from /home/sayone/This PC/SayOne Technologies/Works/airflow_new/Airflow/venv/lib/python3.8/site-packages/airflow/example_dags/example_skip_dag.py
[2022-09-20T17:23:41.987+0530] {logging_mixin.py:115} INFO - [2022-09-20T17:23:41.987+0530] {dag.py:2429} INFO - Sync 1 DAGs
[2022-09-20T17:23:42.016+0530] {logging_mixin.py:115} INFO - [2022-09-20T17:23:42.015+0530] {dag.py:2977} INFO - Setting next_dagrun for example_skip_dag to 2022-09-19T11:53:42.015719+00:00, run_after=2022-09-20T11:53:42.015719+00:00
[2022-09-20T17:23:42.033+0530] {processor.py:161} INFO - Processing /home/sayone/This PC/SayOne Technologies/Works/airflow_new/Airflow/venv/lib/python3.8/site-packages/airflow/example_dags/example_skip_dag.py took 0.065 seconds
[2022-09-20T17:24:17.790+0530] {processor.py:153} INFO - Started process (PID=30615) to work on /home/sayone/This PC/SayOne Technologies/Works/airflow_new/Airflow/venv/lib/python3.8/site-packages/airflow/example_dags/example_skip_dag.py
[2022-09-20T17:24:17.793+0530] {processor.py:640} INFO - Processing file /home/sayone/This PC/SayOne Technologies/Works/airflow_new/Airflow/venv/lib/python3.8/site-packages/airflow/example_dags/example_skip_dag.py for tasks to queue
[2022-09-20T17:24:17.793+0530] {logging_mixin.py:115} INFO - [2022-09-20T17:24:17.793+0530] {dagbag.py:508} INFO - Filling up the DagBag from /home/sayone/This PC/SayOne Technologies/Works/airflow_new/Airflow/venv/lib/python3.8/site-packages/airflow/example_dags/example_skip_dag.py
[2022-09-20T17:24:17.796+0530] {processor.py:650} INFO - DAG(s) dict_keys(['example_skip_dag']) retrieved from /home/sayone/This PC/SayOne Technologies/Works/airflow_new/Airflow/venv/lib/python3.8/site-packages/airflow/example_dags/example_skip_dag.py
[2022-09-20T17:24:17.809+0530] {logging_mixin.py:115} INFO - [2022-09-20T17:24:17.809+0530] {dag.py:2429} INFO - Sync 1 DAGs
[2022-09-20T17:24:17.821+0530] {logging_mixin.py:115} INFO - [2022-09-20T17:24:17.820+0530] {dag.py:2977} INFO - Setting next_dagrun for example_skip_dag to 2022-09-19T11:54:17.820728+00:00, run_after=2022-09-20T11:54:17.820728+00:00
[2022-09-20T17:24:17.832+0530] {processor.py:161} INFO - Processing /home/sayone/This PC/SayOne Technologies/Works/airflow_new/Airflow/venv/lib/python3.8/site-packages/airflow/example_dags/example_skip_dag.py took 0.044 seconds
[2022-09-20T17:24:53.888+0530] {processor.py:153} INFO - Started process (PID=30904) to work on /home/sayone/This PC/SayOne Technologies/Works/airflow_new/Airflow/venv/lib/python3.8/site-packages/airflow/example_dags/example_skip_dag.py
[2022-09-20T17:24:53.889+0530] {processor.py:640} INFO - Processing file /home/sayone/This PC/SayOne Technologies/Works/airflow_new/Airflow/venv/lib/python3.8/site-packages/airflow/example_dags/example_skip_dag.py for tasks to queue
[2022-09-20T17:24:53.890+0530] {logging_mixin.py:115} INFO - [2022-09-20T17:24:53.890+0530] {dagbag.py:508} INFO - Filling up the DagBag from /home/sayone/This PC/SayOne Technologies/Works/airflow_new/Airflow/venv/lib/python3.8/site-packages/airflow/example_dags/example_skip_dag.py
[2022-09-20T17:24:53.896+0530] {processor.py:650} INFO - DAG(s) dict_keys(['example_skip_dag']) retrieved from /home/sayone/This PC/SayOne Technologies/Works/airflow_new/Airflow/venv/lib/python3.8/site-packages/airflow/example_dags/example_skip_dag.py
[2022-09-20T17:24:53.907+0530] {logging_mixin.py:115} INFO - [2022-09-20T17:24:53.907+0530] {dag.py:2429} INFO - Sync 1 DAGs
[2022-09-20T17:24:53.920+0530] {logging_mixin.py:115} INFO - [2022-09-20T17:24:53.920+0530] {dag.py:2977} INFO - Setting next_dagrun for example_skip_dag to 2022-09-19T11:54:53.919804+00:00, run_after=2022-09-20T11:54:53.919804+00:00
[2022-09-20T17:24:53.929+0530] {processor.py:161} INFO - Processing /home/sayone/This PC/SayOne Technologies/Works/airflow_new/Airflow/venv/lib/python3.8/site-packages/airflow/example_dags/example_skip_dag.py took 0.046 seconds
[2022-09-20T17:25:29.933+0530] {processor.py:153} INFO - Started process (PID=31000) to work on /home/sayone/This PC/SayOne Technologies/Works/airflow_new/Airflow/venv/lib/python3.8/site-packages/airflow/example_dags/example_skip_dag.py
[2022-09-20T17:25:29.936+0530] {processor.py:640} INFO - Processing file /home/sayone/This PC/SayOne Technologies/Works/airflow_new/Airflow/venv/lib/python3.8/site-packages/airflow/example_dags/example_skip_dag.py for tasks to queue
[2022-09-20T17:25:29.937+0530] {logging_mixin.py:115} INFO - [2022-09-20T17:25:29.937+0530] {dagbag.py:508} INFO - Filling up the DagBag from /home/sayone/This PC/SayOne Technologies/Works/airflow_new/Airflow/venv/lib/python3.8/site-packages/airflow/example_dags/example_skip_dag.py
[2022-09-20T17:25:29.944+0530] {processor.py:650} INFO - DAG(s) dict_keys(['example_skip_dag']) retrieved from /home/sayone/This PC/SayOne Technologies/Works/airflow_new/Airflow/venv/lib/python3.8/site-packages/airflow/example_dags/example_skip_dag.py
[2022-09-20T17:25:29.955+0530] {logging_mixin.py:115} INFO - [2022-09-20T17:25:29.954+0530] {dag.py:2429} INFO - Sync 1 DAGs
[2022-09-20T17:25:29.964+0530] {logging_mixin.py:115} INFO - [2022-09-20T17:25:29.964+0530] {dag.py:2977} INFO - Setting next_dagrun for example_skip_dag to 2022-09-19T11:55:29.963939+00:00, run_after=2022-09-20T11:55:29.963939+00:00
[2022-09-20T17:25:29.973+0530] {processor.py:161} INFO - Processing /home/sayone/This PC/SayOne Technologies/Works/airflow_new/Airflow/venv/lib/python3.8/site-packages/airflow/example_dags/example_skip_dag.py took 0.044 seconds
[2022-09-20T17:26:05.601+0530] {processor.py:153} INFO - Started process (PID=31125) to work on /home/sayone/This PC/SayOne Technologies/Works/airflow_new/Airflow/venv/lib/python3.8/site-packages/airflow/example_dags/example_skip_dag.py
[2022-09-20T17:26:05.603+0530] {processor.py:640} INFO - Processing file /home/sayone/This PC/SayOne Technologies/Works/airflow_new/Airflow/venv/lib/python3.8/site-packages/airflow/example_dags/example_skip_dag.py for tasks to queue
[2022-09-20T17:26:05.604+0530] {logging_mixin.py:115} INFO - [2022-09-20T17:26:05.604+0530] {dagbag.py:508} INFO - Filling up the DagBag from /home/sayone/This PC/SayOne Technologies/Works/airflow_new/Airflow/venv/lib/python3.8/site-packages/airflow/example_dags/example_skip_dag.py
[2022-09-20T17:26:05.610+0530] {processor.py:650} INFO - DAG(s) dict_keys(['example_skip_dag']) retrieved from /home/sayone/This PC/SayOne Technologies/Works/airflow_new/Airflow/venv/lib/python3.8/site-packages/airflow/example_dags/example_skip_dag.py
[2022-09-20T17:26:05.619+0530] {logging_mixin.py:115} INFO - [2022-09-20T17:26:05.619+0530] {dag.py:2429} INFO - Sync 1 DAGs
[2022-09-20T17:26:05.628+0530] {logging_mixin.py:115} INFO - [2022-09-20T17:26:05.628+0530] {dag.py:2977} INFO - Setting next_dagrun for example_skip_dag to 2022-09-19T11:56:05.628188+00:00, run_after=2022-09-20T11:56:05.628188+00:00
[2022-09-20T17:26:05.636+0530] {processor.py:161} INFO - Processing /home/sayone/This PC/SayOne Technologies/Works/airflow_new/Airflow/venv/lib/python3.8/site-packages/airflow/example_dags/example_skip_dag.py took 0.037 seconds
[2022-09-20T17:26:41.921+0530] {processor.py:153} INFO - Started process (PID=31208) to work on /home/sayone/This PC/SayOne Technologies/Works/airflow_new/Airflow/venv/lib/python3.8/site-packages/airflow/example_dags/example_skip_dag.py
[2022-09-20T17:26:41.924+0530] {processor.py:640} INFO - Processing file /home/sayone/This PC/SayOne Technologies/Works/airflow_new/Airflow/venv/lib/python3.8/site-packages/airflow/example_dags/example_skip_dag.py for tasks to queue
[2022-09-20T17:26:41.925+0530] {logging_mixin.py:115} INFO - [2022-09-20T17:26:41.924+0530] {dagbag.py:508} INFO - Filling up the DagBag from /home/sayone/This PC/SayOne Technologies/Works/airflow_new/Airflow/venv/lib/python3.8/site-packages/airflow/example_dags/example_skip_dag.py
[2022-09-20T17:26:41.933+0530] {processor.py:650} INFO - DAG(s) dict_keys(['example_skip_dag']) retrieved from /home/sayone/This PC/SayOne Technologies/Works/airflow_new/Airflow/venv/lib/python3.8/site-packages/airflow/example_dags/example_skip_dag.py
[2022-09-20T17:26:41.945+0530] {logging_mixin.py:115} INFO - [2022-09-20T17:26:41.945+0530] {dag.py:2429} INFO - Sync 1 DAGs
[2022-09-20T17:26:41.954+0530] {logging_mixin.py:115} INFO - [2022-09-20T17:26:41.954+0530] {dag.py:2977} INFO - Setting next_dagrun for example_skip_dag to 2022-09-19T11:56:41.954524+00:00, run_after=2022-09-20T11:56:41.954524+00:00
[2022-09-20T17:26:41.963+0530] {processor.py:161} INFO - Processing /home/sayone/This PC/SayOne Technologies/Works/airflow_new/Airflow/venv/lib/python3.8/site-packages/airflow/example_dags/example_skip_dag.py took 0.043 seconds
[2022-09-20T17:27:18.547+0530] {processor.py:153} INFO - Started process (PID=31501) to work on /home/sayone/This PC/SayOne Technologies/Works/airflow_new/Airflow/venv/lib/python3.8/site-packages/airflow/example_dags/example_skip_dag.py
[2022-09-20T17:27:18.550+0530] {processor.py:640} INFO - Processing file /home/sayone/This PC/SayOne Technologies/Works/airflow_new/Airflow/venv/lib/python3.8/site-packages/airflow/example_dags/example_skip_dag.py for tasks to queue
[2022-09-20T17:27:18.551+0530] {logging_mixin.py:115} INFO - [2022-09-20T17:27:18.550+0530] {dagbag.py:508} INFO - Filling up the DagBag from /home/sayone/This PC/SayOne Technologies/Works/airflow_new/Airflow/venv/lib/python3.8/site-packages/airflow/example_dags/example_skip_dag.py
[2022-09-20T17:27:18.557+0530] {processor.py:650} INFO - DAG(s) dict_keys(['example_skip_dag']) retrieved from /home/sayone/This PC/SayOne Technologies/Works/airflow_new/Airflow/venv/lib/python3.8/site-packages/airflow/example_dags/example_skip_dag.py
[2022-09-20T17:27:18.568+0530] {logging_mixin.py:115} INFO - [2022-09-20T17:27:18.568+0530] {dag.py:2429} INFO - Sync 1 DAGs
[2022-09-20T17:27:18.577+0530] {logging_mixin.py:115} INFO - [2022-09-20T17:27:18.577+0530] {dag.py:2977} INFO - Setting next_dagrun for example_skip_dag to 2022-09-19T11:57:18.577515+00:00, run_after=2022-09-20T11:57:18.577515+00:00
[2022-09-20T17:27:18.586+0530] {processor.py:161} INFO - Processing /home/sayone/This PC/SayOne Technologies/Works/airflow_new/Airflow/venv/lib/python3.8/site-packages/airflow/example_dags/example_skip_dag.py took 0.041 seconds
[2022-09-20T17:27:54.336+0530] {processor.py:153} INFO - Started process (PID=31638) to work on /home/sayone/This PC/SayOne Technologies/Works/airflow_new/Airflow/venv/lib/python3.8/site-packages/airflow/example_dags/example_skip_dag.py
[2022-09-20T17:27:54.338+0530] {processor.py:640} INFO - Processing file /home/sayone/This PC/SayOne Technologies/Works/airflow_new/Airflow/venv/lib/python3.8/site-packages/airflow/example_dags/example_skip_dag.py for tasks to queue
[2022-09-20T17:27:54.339+0530] {logging_mixin.py:115} INFO - [2022-09-20T17:27:54.339+0530] {dagbag.py:508} INFO - Filling up the DagBag from /home/sayone/This PC/SayOne Technologies/Works/airflow_new/Airflow/venv/lib/python3.8/site-packages/airflow/example_dags/example_skip_dag.py
[2022-09-20T17:27:54.346+0530] {processor.py:650} INFO - DAG(s) dict_keys(['example_skip_dag']) retrieved from /home/sayone/This PC/SayOne Technologies/Works/airflow_new/Airflow/venv/lib/python3.8/site-packages/airflow/example_dags/example_skip_dag.py
[2022-09-20T17:27:54.357+0530] {logging_mixin.py:115} INFO - [2022-09-20T17:27:54.357+0530] {dag.py:2429} INFO - Sync 1 DAGs
[2022-09-20T17:27:54.366+0530] {logging_mixin.py:115} INFO - [2022-09-20T17:27:54.366+0530] {dag.py:2977} INFO - Setting next_dagrun for example_skip_dag to 2022-09-19T11:57:54.366093+00:00, run_after=2022-09-20T11:57:54.366093+00:00
[2022-09-20T17:27:54.374+0530] {processor.py:161} INFO - Processing /home/sayone/This PC/SayOne Technologies/Works/airflow_new/Airflow/venv/lib/python3.8/site-packages/airflow/example_dags/example_skip_dag.py took 0.042 seconds
[2022-09-20T17:28:30.375+0530] {processor.py:153} INFO - Started process (PID=31713) to work on /home/sayone/This PC/SayOne Technologies/Works/airflow_new/Airflow/venv/lib/python3.8/site-packages/airflow/example_dags/example_skip_dag.py
[2022-09-20T17:28:30.377+0530] {processor.py:640} INFO - Processing file /home/sayone/This PC/SayOne Technologies/Works/airflow_new/Airflow/venv/lib/python3.8/site-packages/airflow/example_dags/example_skip_dag.py for tasks to queue
[2022-09-20T17:28:30.378+0530] {logging_mixin.py:115} INFO - [2022-09-20T17:28:30.378+0530] {dagbag.py:508} INFO - Filling up the DagBag from /home/sayone/This PC/SayOne Technologies/Works/airflow_new/Airflow/venv/lib/python3.8/site-packages/airflow/example_dags/example_skip_dag.py
[2022-09-20T17:28:30.384+0530] {processor.py:650} INFO - DAG(s) dict_keys(['example_skip_dag']) retrieved from /home/sayone/This PC/SayOne Technologies/Works/airflow_new/Airflow/venv/lib/python3.8/site-packages/airflow/example_dags/example_skip_dag.py
[2022-09-20T17:28:30.396+0530] {logging_mixin.py:115} INFO - [2022-09-20T17:28:30.396+0530] {dag.py:2429} INFO - Sync 1 DAGs
[2022-09-20T17:28:30.405+0530] {logging_mixin.py:115} INFO - [2022-09-20T17:28:30.405+0530] {dag.py:2977} INFO - Setting next_dagrun for example_skip_dag to 2022-09-19T11:58:30.405535+00:00, run_after=2022-09-20T11:58:30.405535+00:00
[2022-09-20T17:28:30.415+0530] {processor.py:161} INFO - Processing /home/sayone/This PC/SayOne Technologies/Works/airflow_new/Airflow/venv/lib/python3.8/site-packages/airflow/example_dags/example_skip_dag.py took 0.042 seconds
[2022-09-20T17:29:08.470+0530] {processor.py:153} INFO - Started process (PID=31842) to work on /home/sayone/This PC/SayOne Technologies/Works/airflow_new/Airflow/venv/lib/python3.8/site-packages/airflow/example_dags/example_skip_dag.py
[2022-09-20T17:29:08.473+0530] {processor.py:640} INFO - Processing file /home/sayone/This PC/SayOne Technologies/Works/airflow_new/Airflow/venv/lib/python3.8/site-packages/airflow/example_dags/example_skip_dag.py for tasks to queue
[2022-09-20T17:29:08.474+0530] {logging_mixin.py:115} INFO - [2022-09-20T17:29:08.473+0530] {dagbag.py:508} INFO - Filling up the DagBag from /home/sayone/This PC/SayOne Technologies/Works/airflow_new/Airflow/venv/lib/python3.8/site-packages/airflow/example_dags/example_skip_dag.py
[2022-09-20T17:29:08.481+0530] {processor.py:650} INFO - DAG(s) dict_keys(['example_skip_dag']) retrieved from /home/sayone/This PC/SayOne Technologies/Works/airflow_new/Airflow/venv/lib/python3.8/site-packages/airflow/example_dags/example_skip_dag.py
[2022-09-20T17:29:08.493+0530] {logging_mixin.py:115} INFO - [2022-09-20T17:29:08.493+0530] {dag.py:2429} INFO - Sync 1 DAGs
[2022-09-20T17:29:08.502+0530] {logging_mixin.py:115} INFO - [2022-09-20T17:29:08.502+0530] {dag.py:2977} INFO - Setting next_dagrun for example_skip_dag to 2022-09-19T11:59:08.502372+00:00, run_after=2022-09-20T11:59:08.502372+00:00
[2022-09-20T17:29:08.512+0530] {processor.py:161} INFO - Processing /home/sayone/This PC/SayOne Technologies/Works/airflow_new/Airflow/venv/lib/python3.8/site-packages/airflow/example_dags/example_skip_dag.py took 0.046 seconds
[2022-09-20T17:29:42.214+0530] {processor.py:153} INFO - Started process (PID=31987) to work on /home/sayone/This PC/SayOne Technologies/Works/airflow_new/Airflow/venv/lib/python3.8/site-packages/airflow/example_dags/example_skip_dag.py
[2022-09-20T17:29:42.217+0530] {processor.py:640} INFO - Processing file /home/sayone/This PC/SayOne Technologies/Works/airflow_new/Airflow/venv/lib/python3.8/site-packages/airflow/example_dags/example_skip_dag.py for tasks to queue
[2022-09-20T17:29:42.218+0530] {logging_mixin.py:115} INFO - [2022-09-20T17:29:42.218+0530] {dagbag.py:508} INFO - Filling up the DagBag from /home/sayone/This PC/SayOne Technologies/Works/airflow_new/Airflow/venv/lib/python3.8/site-packages/airflow/example_dags/example_skip_dag.py
[2022-09-20T17:29:42.226+0530] {processor.py:650} INFO - DAG(s) dict_keys(['example_skip_dag']) retrieved from /home/sayone/This PC/SayOne Technologies/Works/airflow_new/Airflow/venv/lib/python3.8/site-packages/airflow/example_dags/example_skip_dag.py
[2022-09-20T17:29:42.237+0530] {logging_mixin.py:115} INFO - [2022-09-20T17:29:42.237+0530] {dag.py:2429} INFO - Sync 1 DAGs
[2022-09-20T17:29:42.246+0530] {logging_mixin.py:115} INFO - [2022-09-20T17:29:42.246+0530] {dag.py:2977} INFO - Setting next_dagrun for example_skip_dag to 2022-09-19T11:59:42.246381+00:00, run_after=2022-09-20T11:59:42.246381+00:00
[2022-09-20T17:29:42.256+0530] {processor.py:161} INFO - Processing /home/sayone/This PC/SayOne Technologies/Works/airflow_new/Airflow/venv/lib/python3.8/site-packages/airflow/example_dags/example_skip_dag.py took 0.046 seconds
[2022-09-20T17:30:19.410+0530] {processor.py:153} INFO - Started process (PID=32101) to work on /home/sayone/This PC/SayOne Technologies/Works/airflow_new/Airflow/venv/lib/python3.8/site-packages/airflow/example_dags/example_skip_dag.py
[2022-09-20T17:30:19.413+0530] {processor.py:640} INFO - Processing file /home/sayone/This PC/SayOne Technologies/Works/airflow_new/Airflow/venv/lib/python3.8/site-packages/airflow/example_dags/example_skip_dag.py for tasks to queue
[2022-09-20T17:30:19.414+0530] {logging_mixin.py:115} INFO - [2022-09-20T17:30:19.414+0530] {dagbag.py:508} INFO - Filling up the DagBag from /home/sayone/This PC/SayOne Technologies/Works/airflow_new/Airflow/venv/lib/python3.8/site-packages/airflow/example_dags/example_skip_dag.py
[2022-09-20T17:30:19.421+0530] {processor.py:650} INFO - DAG(s) dict_keys(['example_skip_dag']) retrieved from /home/sayone/This PC/SayOne Technologies/Works/airflow_new/Airflow/venv/lib/python3.8/site-packages/airflow/example_dags/example_skip_dag.py
[2022-09-20T17:30:19.432+0530] {logging_mixin.py:115} INFO - [2022-09-20T17:30:19.432+0530] {dag.py:2429} INFO - Sync 1 DAGs
[2022-09-20T17:30:19.441+0530] {logging_mixin.py:115} INFO - [2022-09-20T17:30:19.441+0530] {dag.py:2977} INFO - Setting next_dagrun for example_skip_dag to 2022-09-19T12:00:19.441314+00:00, run_after=2022-09-20T12:00:19.441314+00:00
[2022-09-20T17:30:19.450+0530] {processor.py:161} INFO - Processing /home/sayone/This PC/SayOne Technologies/Works/airflow_new/Airflow/venv/lib/python3.8/site-packages/airflow/example_dags/example_skip_dag.py took 0.043 seconds
[2022-09-20T17:30:55.332+0530] {processor.py:153} INFO - Started process (PID=32222) to work on /home/sayone/This PC/SayOne Technologies/Works/airflow_new/Airflow/venv/lib/python3.8/site-packages/airflow/example_dags/example_skip_dag.py
[2022-09-20T17:30:55.335+0530] {processor.py:640} INFO - Processing file /home/sayone/This PC/SayOne Technologies/Works/airflow_new/Airflow/venv/lib/python3.8/site-packages/airflow/example_dags/example_skip_dag.py for tasks to queue
[2022-09-20T17:30:55.336+0530] {logging_mixin.py:115} INFO - [2022-09-20T17:30:55.336+0530] {dagbag.py:508} INFO - Filling up the DagBag from /home/sayone/This PC/SayOne Technologies/Works/airflow_new/Airflow/venv/lib/python3.8/site-packages/airflow/example_dags/example_skip_dag.py
[2022-09-20T17:30:55.341+0530] {processor.py:650} INFO - DAG(s) dict_keys(['example_skip_dag']) retrieved from /home/sayone/This PC/SayOne Technologies/Works/airflow_new/Airflow/venv/lib/python3.8/site-packages/airflow/example_dags/example_skip_dag.py
[2022-09-20T17:30:55.351+0530] {logging_mixin.py:115} INFO - [2022-09-20T17:30:55.351+0530] {dag.py:2429} INFO - Sync 1 DAGs
[2022-09-20T17:30:55.360+0530] {logging_mixin.py:115} INFO - [2022-09-20T17:30:55.360+0530] {dag.py:2977} INFO - Setting next_dagrun for example_skip_dag to 2022-09-19T12:00:55.360179+00:00, run_after=2022-09-20T12:00:55.360179+00:00
[2022-09-20T17:30:55.370+0530] {processor.py:161} INFO - Processing /home/sayone/This PC/SayOne Technologies/Works/airflow_new/Airflow/venv/lib/python3.8/site-packages/airflow/example_dags/example_skip_dag.py took 0.039 seconds
[2022-09-20T17:31:32.514+0530] {processor.py:153} INFO - Started process (PID=32303) to work on /home/sayone/This PC/SayOne Technologies/Works/airflow_new/Airflow/venv/lib/python3.8/site-packages/airflow/example_dags/example_skip_dag.py
[2022-09-20T17:31:32.517+0530] {processor.py:640} INFO - Processing file /home/sayone/This PC/SayOne Technologies/Works/airflow_new/Airflow/venv/lib/python3.8/site-packages/airflow/example_dags/example_skip_dag.py for tasks to queue
[2022-09-20T17:31:32.518+0530] {logging_mixin.py:115} INFO - [2022-09-20T17:31:32.517+0530] {dagbag.py:508} INFO - Filling up the DagBag from /home/sayone/This PC/SayOne Technologies/Works/airflow_new/Airflow/venv/lib/python3.8/site-packages/airflow/example_dags/example_skip_dag.py
[2022-09-20T17:31:32.525+0530] {processor.py:650} INFO - DAG(s) dict_keys(['example_skip_dag']) retrieved from /home/sayone/This PC/SayOne Technologies/Works/airflow_new/Airflow/venv/lib/python3.8/site-packages/airflow/example_dags/example_skip_dag.py
[2022-09-20T17:31:32.535+0530] {logging_mixin.py:115} INFO - [2022-09-20T17:31:32.535+0530] {dag.py:2429} INFO - Sync 1 DAGs
[2022-09-20T17:31:32.545+0530] {logging_mixin.py:115} INFO - [2022-09-20T17:31:32.545+0530] {dag.py:2977} INFO - Setting next_dagrun for example_skip_dag to 2022-09-19T12:01:32.544919+00:00, run_after=2022-09-20T12:01:32.544919+00:00
[2022-09-20T17:31:32.555+0530] {processor.py:161} INFO - Processing /home/sayone/This PC/SayOne Technologies/Works/airflow_new/Airflow/venv/lib/python3.8/site-packages/airflow/example_dags/example_skip_dag.py took 0.045 seconds
[2022-09-20T17:32:07.560+0530] {processor.py:153} INFO - Started process (PID=32491) to work on /home/sayone/This PC/SayOne Technologies/Works/airflow_new/Airflow/venv/lib/python3.8/site-packages/airflow/example_dags/example_skip_dag.py
[2022-09-20T17:32:07.563+0530] {processor.py:640} INFO - Processing file /home/sayone/This PC/SayOne Technologies/Works/airflow_new/Airflow/venv/lib/python3.8/site-packages/airflow/example_dags/example_skip_dag.py for tasks to queue
[2022-09-20T17:32:07.564+0530] {logging_mixin.py:115} INFO - [2022-09-20T17:32:07.564+0530] {dagbag.py:508} INFO - Filling up the DagBag from /home/sayone/This PC/SayOne Technologies/Works/airflow_new/Airflow/venv/lib/python3.8/site-packages/airflow/example_dags/example_skip_dag.py
[2022-09-20T17:32:07.572+0530] {processor.py:650} INFO - DAG(s) dict_keys(['example_skip_dag']) retrieved from /home/sayone/This PC/SayOne Technologies/Works/airflow_new/Airflow/venv/lib/python3.8/site-packages/airflow/example_dags/example_skip_dag.py
[2022-09-20T17:32:07.585+0530] {logging_mixin.py:115} INFO - [2022-09-20T17:32:07.584+0530] {dag.py:2429} INFO - Sync 1 DAGs
[2022-09-20T17:32:07.595+0530] {logging_mixin.py:115} INFO - [2022-09-20T17:32:07.595+0530] {dag.py:2977} INFO - Setting next_dagrun for example_skip_dag to 2022-09-19T12:02:07.595135+00:00, run_after=2022-09-20T12:02:07.595135+00:00
[2022-09-20T17:32:07.605+0530] {processor.py:161} INFO - Processing /home/sayone/This PC/SayOne Technologies/Works/airflow_new/Airflow/venv/lib/python3.8/site-packages/airflow/example_dags/example_skip_dag.py took 0.049 seconds
[2022-09-20T17:32:43.286+0530] {processor.py:153} INFO - Started process (PID=32616) to work on /home/sayone/This PC/SayOne Technologies/Works/airflow_new/Airflow/venv/lib/python3.8/site-packages/airflow/example_dags/example_skip_dag.py
[2022-09-20T17:32:43.289+0530] {processor.py:640} INFO - Processing file /home/sayone/This PC/SayOne Technologies/Works/airflow_new/Airflow/venv/lib/python3.8/site-packages/airflow/example_dags/example_skip_dag.py for tasks to queue
[2022-09-20T17:32:43.290+0530] {logging_mixin.py:115} INFO - [2022-09-20T17:32:43.290+0530] {dagbag.py:508} INFO - Filling up the DagBag from /home/sayone/This PC/SayOne Technologies/Works/airflow_new/Airflow/venv/lib/python3.8/site-packages/airflow/example_dags/example_skip_dag.py
[2022-09-20T17:32:43.295+0530] {processor.py:650} INFO - DAG(s) dict_keys(['example_skip_dag']) retrieved from /home/sayone/This PC/SayOne Technologies/Works/airflow_new/Airflow/venv/lib/python3.8/site-packages/airflow/example_dags/example_skip_dag.py
[2022-09-20T17:32:43.304+0530] {logging_mixin.py:115} INFO - [2022-09-20T17:32:43.304+0530] {dag.py:2429} INFO - Sync 1 DAGs
[2022-09-20T17:32:43.317+0530] {logging_mixin.py:115} INFO - [2022-09-20T17:32:43.317+0530] {dag.py:2977} INFO - Setting next_dagrun for example_skip_dag to 2022-09-19T12:02:43.316929+00:00, run_after=2022-09-20T12:02:43.316929+00:00
[2022-09-20T17:32:43.327+0530] {processor.py:161} INFO - Processing /home/sayone/This PC/SayOne Technologies/Works/airflow_new/Airflow/venv/lib/python3.8/site-packages/airflow/example_dags/example_skip_dag.py took 0.042 seconds
[2022-09-20T17:33:18.200+0530] {processor.py:153} INFO - Started process (PID=32705) to work on /home/sayone/This PC/SayOne Technologies/Works/airflow_new/Airflow/venv/lib/python3.8/site-packages/airflow/example_dags/example_skip_dag.py
[2022-09-20T17:33:18.203+0530] {processor.py:640} INFO - Processing file /home/sayone/This PC/SayOne Technologies/Works/airflow_new/Airflow/venv/lib/python3.8/site-packages/airflow/example_dags/example_skip_dag.py for tasks to queue
[2022-09-20T17:33:18.204+0530] {logging_mixin.py:115} INFO - [2022-09-20T17:33:18.204+0530] {dagbag.py:508} INFO - Filling up the DagBag from /home/sayone/This PC/SayOne Technologies/Works/airflow_new/Airflow/venv/lib/python3.8/site-packages/airflow/example_dags/example_skip_dag.py
[2022-09-20T17:33:18.209+0530] {processor.py:650} INFO - DAG(s) dict_keys(['example_skip_dag']) retrieved from /home/sayone/This PC/SayOne Technologies/Works/airflow_new/Airflow/venv/lib/python3.8/site-packages/airflow/example_dags/example_skip_dag.py
[2022-09-20T17:33:18.218+0530] {logging_mixin.py:115} INFO - [2022-09-20T17:33:18.218+0530] {dag.py:2429} INFO - Sync 1 DAGs
[2022-09-20T17:33:18.227+0530] {logging_mixin.py:115} INFO - [2022-09-20T17:33:18.227+0530] {dag.py:2977} INFO - Setting next_dagrun for example_skip_dag to 2022-09-19T12:03:18.227489+00:00, run_after=2022-09-20T12:03:18.227489+00:00
[2022-09-20T17:33:18.238+0530] {processor.py:161} INFO - Processing /home/sayone/This PC/SayOne Technologies/Works/airflow_new/Airflow/venv/lib/python3.8/site-packages/airflow/example_dags/example_skip_dag.py took 0.039 seconds
[2022-09-20T17:33:55.148+0530] {processor.py:153} INFO - Started process (PID=32816) to work on /home/sayone/This PC/SayOne Technologies/Works/airflow_new/Airflow/venv/lib/python3.8/site-packages/airflow/example_dags/example_skip_dag.py
[2022-09-20T17:33:55.150+0530] {processor.py:640} INFO - Processing file /home/sayone/This PC/SayOne Technologies/Works/airflow_new/Airflow/venv/lib/python3.8/site-packages/airflow/example_dags/example_skip_dag.py for tasks to queue
[2022-09-20T17:33:55.151+0530] {logging_mixin.py:115} INFO - [2022-09-20T17:33:55.151+0530] {dagbag.py:508} INFO - Filling up the DagBag from /home/sayone/This PC/SayOne Technologies/Works/airflow_new/Airflow/venv/lib/python3.8/site-packages/airflow/example_dags/example_skip_dag.py
[2022-09-20T17:33:55.157+0530] {processor.py:650} INFO - DAG(s) dict_keys(['example_skip_dag']) retrieved from /home/sayone/This PC/SayOne Technologies/Works/airflow_new/Airflow/venv/lib/python3.8/site-packages/airflow/example_dags/example_skip_dag.py
[2022-09-20T17:33:55.169+0530] {logging_mixin.py:115} INFO - [2022-09-20T17:33:55.169+0530] {dag.py:2429} INFO - Sync 1 DAGs
[2022-09-20T17:33:55.178+0530] {logging_mixin.py:115} INFO - [2022-09-20T17:33:55.178+0530] {dag.py:2977} INFO - Setting next_dagrun for example_skip_dag to 2022-09-19T12:03:55.178394+00:00, run_after=2022-09-20T12:03:55.178394+00:00
[2022-09-20T17:33:55.188+0530] {processor.py:161} INFO - Processing /home/sayone/This PC/SayOne Technologies/Works/airflow_new/Airflow/venv/lib/python3.8/site-packages/airflow/example_dags/example_skip_dag.py took 0.041 seconds
[2022-09-20T17:34:32.390+0530] {processor.py:153} INFO - Started process (PID=33028) to work on /home/sayone/This PC/SayOne Technologies/Works/airflow_new/Airflow/venv/lib/python3.8/site-packages/airflow/example_dags/example_skip_dag.py
[2022-09-20T17:34:32.393+0530] {processor.py:640} INFO - Processing file /home/sayone/This PC/SayOne Technologies/Works/airflow_new/Airflow/venv/lib/python3.8/site-packages/airflow/example_dags/example_skip_dag.py for tasks to queue
[2022-09-20T17:34:32.393+0530] {logging_mixin.py:115} INFO - [2022-09-20T17:34:32.393+0530] {dagbag.py:508} INFO - Filling up the DagBag from /home/sayone/This PC/SayOne Technologies/Works/airflow_new/Airflow/venv/lib/python3.8/site-packages/airflow/example_dags/example_skip_dag.py
[2022-09-20T17:34:32.400+0530] {processor.py:650} INFO - DAG(s) dict_keys(['example_skip_dag']) retrieved from /home/sayone/This PC/SayOne Technologies/Works/airflow_new/Airflow/venv/lib/python3.8/site-packages/airflow/example_dags/example_skip_dag.py
[2022-09-20T17:34:32.412+0530] {logging_mixin.py:115} INFO - [2022-09-20T17:34:32.412+0530] {dag.py:2429} INFO - Sync 1 DAGs
[2022-09-20T17:34:32.421+0530] {logging_mixin.py:115} INFO - [2022-09-20T17:34:32.421+0530] {dag.py:2977} INFO - Setting next_dagrun for example_skip_dag to 2022-09-19T12:04:32.421435+00:00, run_after=2022-09-20T12:04:32.421435+00:00
[2022-09-20T17:34:32.431+0530] {processor.py:161} INFO - Processing /home/sayone/This PC/SayOne Technologies/Works/airflow_new/Airflow/venv/lib/python3.8/site-packages/airflow/example_dags/example_skip_dag.py took 0.042 seconds
[2022-09-20T17:35:08.076+0530] {processor.py:153} INFO - Started process (PID=33151) to work on /home/sayone/This PC/SayOne Technologies/Works/airflow_new/Airflow/venv/lib/python3.8/site-packages/airflow/example_dags/example_skip_dag.py
[2022-09-20T17:35:08.079+0530] {processor.py:640} INFO - Processing file /home/sayone/This PC/SayOne Technologies/Works/airflow_new/Airflow/venv/lib/python3.8/site-packages/airflow/example_dags/example_skip_dag.py for tasks to queue
[2022-09-20T17:35:08.080+0530] {logging_mixin.py:115} INFO - [2022-09-20T17:35:08.080+0530] {dagbag.py:508} INFO - Filling up the DagBag from /home/sayone/This PC/SayOne Technologies/Works/airflow_new/Airflow/venv/lib/python3.8/site-packages/airflow/example_dags/example_skip_dag.py
[2022-09-20T17:35:08.087+0530] {processor.py:650} INFO - DAG(s) dict_keys(['example_skip_dag']) retrieved from /home/sayone/This PC/SayOne Technologies/Works/airflow_new/Airflow/venv/lib/python3.8/site-packages/airflow/example_dags/example_skip_dag.py
[2022-09-20T17:35:08.099+0530] {logging_mixin.py:115} INFO - [2022-09-20T17:35:08.099+0530] {dag.py:2429} INFO - Sync 1 DAGs
[2022-09-20T17:35:08.109+0530] {logging_mixin.py:115} INFO - [2022-09-20T17:35:08.108+0530] {dag.py:2977} INFO - Setting next_dagrun for example_skip_dag to 2022-09-19T12:05:08.108782+00:00, run_after=2022-09-20T12:05:08.108782+00:00
[2022-09-20T17:35:08.118+0530] {processor.py:161} INFO - Processing /home/sayone/This PC/SayOne Technologies/Works/airflow_new/Airflow/venv/lib/python3.8/site-packages/airflow/example_dags/example_skip_dag.py took 0.045 seconds
[2022-09-20T17:35:43.354+0530] {processor.py:153} INFO - Started process (PID=33216) to work on /home/sayone/This PC/SayOne Technologies/Works/airflow_new/Airflow/venv/lib/python3.8/site-packages/airflow/example_dags/example_skip_dag.py
[2022-09-20T17:35:43.356+0530] {processor.py:640} INFO - Processing file /home/sayone/This PC/SayOne Technologies/Works/airflow_new/Airflow/venv/lib/python3.8/site-packages/airflow/example_dags/example_skip_dag.py for tasks to queue
[2022-09-20T17:35:43.356+0530] {logging_mixin.py:115} INFO - [2022-09-20T17:35:43.356+0530] {dagbag.py:508} INFO - Filling up the DagBag from /home/sayone/This PC/SayOne Technologies/Works/airflow_new/Airflow/venv/lib/python3.8/site-packages/airflow/example_dags/example_skip_dag.py
[2022-09-20T17:35:43.361+0530] {processor.py:650} INFO - DAG(s) dict_keys(['example_skip_dag']) retrieved from /home/sayone/This PC/SayOne Technologies/Works/airflow_new/Airflow/venv/lib/python3.8/site-packages/airflow/example_dags/example_skip_dag.py
[2022-09-20T17:35:43.373+0530] {logging_mixin.py:115} INFO - [2022-09-20T17:35:43.373+0530] {dag.py:2429} INFO - Sync 1 DAGs
[2022-09-20T17:35:43.384+0530] {logging_mixin.py:115} INFO - [2022-09-20T17:35:43.384+0530] {dag.py:2977} INFO - Setting next_dagrun for example_skip_dag to 2022-09-19T12:05:43.384207+00:00, run_after=2022-09-20T12:05:43.384207+00:00
[2022-09-20T17:35:43.394+0530] {processor.py:161} INFO - Processing /home/sayone/This PC/SayOne Technologies/Works/airflow_new/Airflow/venv/lib/python3.8/site-packages/airflow/example_dags/example_skip_dag.py took 0.042 seconds
[2022-09-20T17:36:22.722+0530] {processor.py:153} INFO - Started process (PID=33377) to work on /home/sayone/This PC/SayOne Technologies/Works/airflow_new/Airflow/venv/lib/python3.8/site-packages/airflow/example_dags/example_skip_dag.py
[2022-09-20T17:36:22.725+0530] {processor.py:640} INFO - Processing file /home/sayone/This PC/SayOne Technologies/Works/airflow_new/Airflow/venv/lib/python3.8/site-packages/airflow/example_dags/example_skip_dag.py for tasks to queue
[2022-09-20T17:36:22.726+0530] {logging_mixin.py:115} INFO - [2022-09-20T17:36:22.726+0530] {dagbag.py:508} INFO - Filling up the DagBag from /home/sayone/This PC/SayOne Technologies/Works/airflow_new/Airflow/venv/lib/python3.8/site-packages/airflow/example_dags/example_skip_dag.py
[2022-09-20T17:36:22.733+0530] {processor.py:650} INFO - DAG(s) dict_keys(['example_skip_dag']) retrieved from /home/sayone/This PC/SayOne Technologies/Works/airflow_new/Airflow/venv/lib/python3.8/site-packages/airflow/example_dags/example_skip_dag.py
[2022-09-20T17:36:22.746+0530] {logging_mixin.py:115} INFO - [2022-09-20T17:36:22.746+0530] {dag.py:2429} INFO - Sync 1 DAGs
[2022-09-20T17:36:22.757+0530] {logging_mixin.py:115} INFO - [2022-09-20T17:36:22.757+0530] {dag.py:2977} INFO - Setting next_dagrun for example_skip_dag to 2022-09-19T12:06:22.757174+00:00, run_after=2022-09-20T12:06:22.757174+00:00
[2022-09-20T17:36:22.768+0530] {processor.py:161} INFO - Processing /home/sayone/This PC/SayOne Technologies/Works/airflow_new/Airflow/venv/lib/python3.8/site-packages/airflow/example_dags/example_skip_dag.py took 0.051 seconds
[2022-09-20T17:36:56.489+0530] {processor.py:153} INFO - Started process (PID=33483) to work on /home/sayone/This PC/SayOne Technologies/Works/airflow_new/Airflow/venv/lib/python3.8/site-packages/airflow/example_dags/example_skip_dag.py
[2022-09-20T17:36:56.492+0530] {processor.py:640} INFO - Processing file /home/sayone/This PC/SayOne Technologies/Works/airflow_new/Airflow/venv/lib/python3.8/site-packages/airflow/example_dags/example_skip_dag.py for tasks to queue
[2022-09-20T17:36:56.493+0530] {logging_mixin.py:115} INFO - [2022-09-20T17:36:56.492+0530] {dagbag.py:508} INFO - Filling up the DagBag from /home/sayone/This PC/SayOne Technologies/Works/airflow_new/Airflow/venv/lib/python3.8/site-packages/airflow/example_dags/example_skip_dag.py
[2022-09-20T17:36:56.500+0530] {processor.py:650} INFO - DAG(s) dict_keys(['example_skip_dag']) retrieved from /home/sayone/This PC/SayOne Technologies/Works/airflow_new/Airflow/venv/lib/python3.8/site-packages/airflow/example_dags/example_skip_dag.py
[2022-09-20T17:36:56.512+0530] {logging_mixin.py:115} INFO - [2022-09-20T17:36:56.512+0530] {dag.py:2429} INFO - Sync 1 DAGs
[2022-09-20T17:36:56.522+0530] {logging_mixin.py:115} INFO - [2022-09-20T17:36:56.522+0530] {dag.py:2977} INFO - Setting next_dagrun for example_skip_dag to 2022-09-19T12:06:56.521989+00:00, run_after=2022-09-20T12:06:56.521989+00:00
[2022-09-20T17:36:56.531+0530] {processor.py:161} INFO - Processing /home/sayone/This PC/SayOne Technologies/Works/airflow_new/Airflow/venv/lib/python3.8/site-packages/airflow/example_dags/example_skip_dag.py took 0.044 seconds
[2022-09-20T17:37:34.798+0530] {processor.py:153} INFO - Started process (PID=33704) to work on /home/sayone/This PC/SayOne Technologies/Works/airflow_new/Airflow/venv/lib/python3.8/site-packages/airflow/example_dags/example_skip_dag.py
[2022-09-20T17:37:34.801+0530] {processor.py:640} INFO - Processing file /home/sayone/This PC/SayOne Technologies/Works/airflow_new/Airflow/venv/lib/python3.8/site-packages/airflow/example_dags/example_skip_dag.py for tasks to queue
[2022-09-20T17:37:34.802+0530] {logging_mixin.py:115} INFO - [2022-09-20T17:37:34.802+0530] {dagbag.py:508} INFO - Filling up the DagBag from /home/sayone/This PC/SayOne Technologies/Works/airflow_new/Airflow/venv/lib/python3.8/site-packages/airflow/example_dags/example_skip_dag.py
[2022-09-20T17:37:34.809+0530] {processor.py:650} INFO - DAG(s) dict_keys(['example_skip_dag']) retrieved from /home/sayone/This PC/SayOne Technologies/Works/airflow_new/Airflow/venv/lib/python3.8/site-packages/airflow/example_dags/example_skip_dag.py
[2022-09-20T17:37:34.819+0530] {logging_mixin.py:115} INFO - [2022-09-20T17:37:34.819+0530] {dag.py:2429} INFO - Sync 1 DAGs
[2022-09-20T17:37:34.832+0530] {logging_mixin.py:115} INFO - [2022-09-20T17:37:34.832+0530] {dag.py:2977} INFO - Setting next_dagrun for example_skip_dag to 2022-09-19T12:07:34.832047+00:00, run_after=2022-09-20T12:07:34.832047+00:00
[2022-09-20T17:37:34.842+0530] {processor.py:161} INFO - Processing /home/sayone/This PC/SayOne Technologies/Works/airflow_new/Airflow/venv/lib/python3.8/site-packages/airflow/example_dags/example_skip_dag.py took 0.048 seconds
[2022-09-20T17:38:20.189+0530] {processor.py:153} INFO - Started process (PID=33844) to work on /home/sayone/This PC/SayOne Technologies/Works/airflow_new/Airflow/venv/lib/python3.8/site-packages/airflow/example_dags/example_skip_dag.py
[2022-09-20T17:38:20.190+0530] {processor.py:640} INFO - Processing file /home/sayone/This PC/SayOne Technologies/Works/airflow_new/Airflow/venv/lib/python3.8/site-packages/airflow/example_dags/example_skip_dag.py for tasks to queue
[2022-09-20T17:38:20.191+0530] {logging_mixin.py:115} INFO - [2022-09-20T17:38:20.191+0530] {dagbag.py:508} INFO - Filling up the DagBag from /home/sayone/This PC/SayOne Technologies/Works/airflow_new/Airflow/venv/lib/python3.8/site-packages/airflow/example_dags/example_skip_dag.py
[2022-09-20T17:38:20.198+0530] {processor.py:650} INFO - DAG(s) dict_keys(['example_skip_dag']) retrieved from /home/sayone/This PC/SayOne Technologies/Works/airflow_new/Airflow/venv/lib/python3.8/site-packages/airflow/example_dags/example_skip_dag.py
[2022-09-20T17:38:20.209+0530] {logging_mixin.py:115} INFO - [2022-09-20T17:38:20.209+0530] {dag.py:2429} INFO - Sync 1 DAGs
[2022-09-20T17:38:20.218+0530] {logging_mixin.py:115} INFO - [2022-09-20T17:38:20.218+0530] {dag.py:2977} INFO - Setting next_dagrun for example_skip_dag to 2022-09-19T12:08:20.218615+00:00, run_after=2022-09-20T12:08:20.218615+00:00
[2022-09-20T17:38:20.227+0530] {processor.py:161} INFO - Processing /home/sayone/This PC/SayOne Technologies/Works/airflow_new/Airflow/venv/lib/python3.8/site-packages/airflow/example_dags/example_skip_dag.py took 0.043 seconds
[2022-09-20T17:38:57.923+0530] {processor.py:153} INFO - Started process (PID=33949) to work on /home/sayone/This PC/SayOne Technologies/Works/airflow_new/Airflow/venv/lib/python3.8/site-packages/airflow/example_dags/example_skip_dag.py
[2022-09-20T17:38:57.926+0530] {processor.py:640} INFO - Processing file /home/sayone/This PC/SayOne Technologies/Works/airflow_new/Airflow/venv/lib/python3.8/site-packages/airflow/example_dags/example_skip_dag.py for tasks to queue
[2022-09-20T17:38:57.927+0530] {logging_mixin.py:115} INFO - [2022-09-20T17:38:57.927+0530] {dagbag.py:508} INFO - Filling up the DagBag from /home/sayone/This PC/SayOne Technologies/Works/airflow_new/Airflow/venv/lib/python3.8/site-packages/airflow/example_dags/example_skip_dag.py
[2022-09-20T17:38:57.934+0530] {processor.py:650} INFO - DAG(s) dict_keys(['example_skip_dag']) retrieved from /home/sayone/This PC/SayOne Technologies/Works/airflow_new/Airflow/venv/lib/python3.8/site-packages/airflow/example_dags/example_skip_dag.py
[2022-09-20T17:38:57.946+0530] {logging_mixin.py:115} INFO - [2022-09-20T17:38:57.946+0530] {dag.py:2429} INFO - Sync 1 DAGs
[2022-09-20T17:38:57.955+0530] {logging_mixin.py:115} INFO - [2022-09-20T17:38:57.955+0530] {dag.py:2977} INFO - Setting next_dagrun for example_skip_dag to 2022-09-19T12:08:57.955493+00:00, run_after=2022-09-20T12:08:57.955493+00:00
[2022-09-20T17:38:57.963+0530] {processor.py:161} INFO - Processing /home/sayone/This PC/SayOne Technologies/Works/airflow_new/Airflow/venv/lib/python3.8/site-packages/airflow/example_dags/example_skip_dag.py took 0.042 seconds
[2022-09-20T17:39:31.084+0530] {processor.py:153} INFO - Started process (PID=34049) to work on /home/sayone/This PC/SayOne Technologies/Works/airflow_new/Airflow/venv/lib/python3.8/site-packages/airflow/example_dags/example_skip_dag.py
[2022-09-20T17:39:31.085+0530] {processor.py:640} INFO - Processing file /home/sayone/This PC/SayOne Technologies/Works/airflow_new/Airflow/venv/lib/python3.8/site-packages/airflow/example_dags/example_skip_dag.py for tasks to queue
[2022-09-20T17:39:31.085+0530] {logging_mixin.py:115} INFO - [2022-09-20T17:39:31.085+0530] {dagbag.py:508} INFO - Filling up the DagBag from /home/sayone/This PC/SayOne Technologies/Works/airflow_new/Airflow/venv/lib/python3.8/site-packages/airflow/example_dags/example_skip_dag.py
[2022-09-20T17:39:31.088+0530] {processor.py:650} INFO - DAG(s) dict_keys(['example_skip_dag']) retrieved from /home/sayone/This PC/SayOne Technologies/Works/airflow_new/Airflow/venv/lib/python3.8/site-packages/airflow/example_dags/example_skip_dag.py
[2022-09-20T17:39:31.098+0530] {logging_mixin.py:115} INFO - [2022-09-20T17:39:31.098+0530] {dag.py:2429} INFO - Sync 1 DAGs
[2022-09-20T17:39:31.109+0530] {logging_mixin.py:115} INFO - [2022-09-20T17:39:31.109+0530] {dag.py:2977} INFO - Setting next_dagrun for example_skip_dag to 2022-09-19T12:09:31.109068+00:00, run_after=2022-09-20T12:09:31.109068+00:00
[2022-09-20T17:39:31.119+0530] {processor.py:161} INFO - Processing /home/sayone/This PC/SayOne Technologies/Works/airflow_new/Airflow/venv/lib/python3.8/site-packages/airflow/example_dags/example_skip_dag.py took 0.036 seconds
[2022-09-20T17:40:08.908+0530] {processor.py:153} INFO - Started process (PID=34191) to work on /home/sayone/This PC/SayOne Technologies/Works/airflow_new/Airflow/venv/lib/python3.8/site-packages/airflow/example_dags/example_skip_dag.py
[2022-09-20T17:40:08.911+0530] {processor.py:640} INFO - Processing file /home/sayone/This PC/SayOne Technologies/Works/airflow_new/Airflow/venv/lib/python3.8/site-packages/airflow/example_dags/example_skip_dag.py for tasks to queue
[2022-09-20T17:40:08.912+0530] {logging_mixin.py:115} INFO - [2022-09-20T17:40:08.912+0530] {dagbag.py:508} INFO - Filling up the DagBag from /home/sayone/This PC/SayOne Technologies/Works/airflow_new/Airflow/venv/lib/python3.8/site-packages/airflow/example_dags/example_skip_dag.py
[2022-09-20T17:40:08.919+0530] {processor.py:650} INFO - DAG(s) dict_keys(['example_skip_dag']) retrieved from /home/sayone/This PC/SayOne Technologies/Works/airflow_new/Airflow/venv/lib/python3.8/site-packages/airflow/example_dags/example_skip_dag.py
[2022-09-20T17:40:08.931+0530] {logging_mixin.py:115} INFO - [2022-09-20T17:40:08.931+0530] {dag.py:2429} INFO - Sync 1 DAGs
[2022-09-20T17:40:08.941+0530] {logging_mixin.py:115} INFO - [2022-09-20T17:40:08.941+0530] {dag.py:2977} INFO - Setting next_dagrun for example_skip_dag to 2022-09-19T12:10:08.941046+00:00, run_after=2022-09-20T12:10:08.941046+00:00
[2022-09-20T17:40:08.949+0530] {processor.py:161} INFO - Processing /home/sayone/This PC/SayOne Technologies/Works/airflow_new/Airflow/venv/lib/python3.8/site-packages/airflow/example_dags/example_skip_dag.py took 0.045 seconds
[2022-09-20T17:40:43.703+0530] {processor.py:153} INFO - Started process (PID=34299) to work on /home/sayone/This PC/SayOne Technologies/Works/airflow_new/Airflow/venv/lib/python3.8/site-packages/airflow/example_dags/example_skip_dag.py
[2022-09-20T17:40:43.706+0530] {processor.py:640} INFO - Processing file /home/sayone/This PC/SayOne Technologies/Works/airflow_new/Airflow/venv/lib/python3.8/site-packages/airflow/example_dags/example_skip_dag.py for tasks to queue
[2022-09-20T17:40:43.707+0530] {logging_mixin.py:115} INFO - [2022-09-20T17:40:43.707+0530] {dagbag.py:508} INFO - Filling up the DagBag from /home/sayone/This PC/SayOne Technologies/Works/airflow_new/Airflow/venv/lib/python3.8/site-packages/airflow/example_dags/example_skip_dag.py
[2022-09-20T17:40:43.714+0530] {processor.py:650} INFO - DAG(s) dict_keys(['example_skip_dag']) retrieved from /home/sayone/This PC/SayOne Technologies/Works/airflow_new/Airflow/venv/lib/python3.8/site-packages/airflow/example_dags/example_skip_dag.py
[2022-09-20T17:40:43.725+0530] {logging_mixin.py:115} INFO - [2022-09-20T17:40:43.725+0530] {dag.py:2429} INFO - Sync 1 DAGs
[2022-09-20T17:40:43.735+0530] {logging_mixin.py:115} INFO - [2022-09-20T17:40:43.735+0530] {dag.py:2977} INFO - Setting next_dagrun for example_skip_dag to 2022-09-19T12:10:43.735167+00:00, run_after=2022-09-20T12:10:43.735167+00:00
[2022-09-20T17:40:43.744+0530] {processor.py:161} INFO - Processing /home/sayone/This PC/SayOne Technologies/Works/airflow_new/Airflow/venv/lib/python3.8/site-packages/airflow/example_dags/example_skip_dag.py took 0.043 seconds
[2022-09-20T17:41:22.049+0530] {processor.py:153} INFO - Started process (PID=34414) to work on /home/sayone/This PC/SayOne Technologies/Works/airflow_new/Airflow/venv/lib/python3.8/site-packages/airflow/example_dags/example_skip_dag.py
[2022-09-20T17:41:22.052+0530] {processor.py:640} INFO - Processing file /home/sayone/This PC/SayOne Technologies/Works/airflow_new/Airflow/venv/lib/python3.8/site-packages/airflow/example_dags/example_skip_dag.py for tasks to queue
[2022-09-20T17:41:22.053+0530] {logging_mixin.py:115} INFO - [2022-09-20T17:41:22.053+0530] {dagbag.py:508} INFO - Filling up the DagBag from /home/sayone/This PC/SayOne Technologies/Works/airflow_new/Airflow/venv/lib/python3.8/site-packages/airflow/example_dags/example_skip_dag.py
[2022-09-20T17:41:22.061+0530] {processor.py:650} INFO - DAG(s) dict_keys(['example_skip_dag']) retrieved from /home/sayone/This PC/SayOne Technologies/Works/airflow_new/Airflow/venv/lib/python3.8/site-packages/airflow/example_dags/example_skip_dag.py
[2022-09-20T17:41:22.074+0530] {logging_mixin.py:115} INFO - [2022-09-20T17:41:22.074+0530] {dag.py:2429} INFO - Sync 1 DAGs
[2022-09-20T17:41:22.083+0530] {logging_mixin.py:115} INFO - [2022-09-20T17:41:22.083+0530] {dag.py:2977} INFO - Setting next_dagrun for example_skip_dag to 2022-09-19T12:11:22.083613+00:00, run_after=2022-09-20T12:11:22.083613+00:00
[2022-09-20T17:41:22.092+0530] {processor.py:161} INFO - Processing /home/sayone/This PC/SayOne Technologies/Works/airflow_new/Airflow/venv/lib/python3.8/site-packages/airflow/example_dags/example_skip_dag.py took 0.044 seconds
[2022-09-20T17:45:49.876+0530] {processor.py:153} INFO - Started process (PID=34964) to work on /home/sayone/This PC/SayOne Technologies/Works/airflow_new/Airflow/venv/lib/python3.8/site-packages/airflow/example_dags/example_skip_dag.py
[2022-09-20T17:45:49.879+0530] {processor.py:640} INFO - Processing file /home/sayone/This PC/SayOne Technologies/Works/airflow_new/Airflow/venv/lib/python3.8/site-packages/airflow/example_dags/example_skip_dag.py for tasks to queue
[2022-09-20T17:45:49.881+0530] {logging_mixin.py:115} INFO - [2022-09-20T17:45:49.881+0530] {dagbag.py:508} INFO - Filling up the DagBag from /home/sayone/This PC/SayOne Technologies/Works/airflow_new/Airflow/venv/lib/python3.8/site-packages/airflow/example_dags/example_skip_dag.py
[2022-09-20T17:45:49.886+0530] {processor.py:650} INFO - DAG(s) dict_keys(['example_skip_dag']) retrieved from /home/sayone/This PC/SayOne Technologies/Works/airflow_new/Airflow/venv/lib/python3.8/site-packages/airflow/example_dags/example_skip_dag.py
[2022-09-20T17:45:49.897+0530] {logging_mixin.py:115} INFO - [2022-09-20T17:45:49.897+0530] {dag.py:2429} INFO - Sync 1 DAGs
[2022-09-20T17:45:49.906+0530] {logging_mixin.py:115} INFO - [2022-09-20T17:45:49.906+0530] {dag.py:2977} INFO - Setting next_dagrun for example_skip_dag to 2022-09-19T12:15:49.906501+00:00, run_after=2022-09-20T12:15:49.906501+00:00
[2022-09-20T17:45:49.914+0530] {processor.py:161} INFO - Processing /home/sayone/This PC/SayOne Technologies/Works/airflow_new/Airflow/venv/lib/python3.8/site-packages/airflow/example_dags/example_skip_dag.py took 0.042 seconds
[2022-09-20T17:46:44.467+0530] {processor.py:153} INFO - Started process (PID=35223) to work on /home/sayone/This PC/SayOne Technologies/Works/airflow_new/Airflow/venv/lib/python3.8/site-packages/airflow/example_dags/example_skip_dag.py
[2022-09-20T17:46:44.468+0530] {processor.py:640} INFO - Processing file /home/sayone/This PC/SayOne Technologies/Works/airflow_new/Airflow/venv/lib/python3.8/site-packages/airflow/example_dags/example_skip_dag.py for tasks to queue
[2022-09-20T17:46:44.468+0530] {logging_mixin.py:115} INFO - [2022-09-20T17:46:44.468+0530] {dagbag.py:508} INFO - Filling up the DagBag from /home/sayone/This PC/SayOne Technologies/Works/airflow_new/Airflow/venv/lib/python3.8/site-packages/airflow/example_dags/example_skip_dag.py
[2022-09-20T17:46:44.471+0530] {processor.py:650} INFO - DAG(s) dict_keys(['example_skip_dag']) retrieved from /home/sayone/This PC/SayOne Technologies/Works/airflow_new/Airflow/venv/lib/python3.8/site-packages/airflow/example_dags/example_skip_dag.py
[2022-09-20T17:46:44.480+0530] {logging_mixin.py:115} INFO - [2022-09-20T17:46:44.480+0530] {dag.py:2429} INFO - Sync 1 DAGs
[2022-09-20T17:46:44.493+0530] {logging_mixin.py:115} INFO - [2022-09-20T17:46:44.493+0530] {dag.py:2977} INFO - Setting next_dagrun for example_skip_dag to 2022-09-19T12:16:44.493512+00:00, run_after=2022-09-20T12:16:44.493512+00:00
[2022-09-20T17:46:44.502+0530] {processor.py:161} INFO - Processing /home/sayone/This PC/SayOne Technologies/Works/airflow_new/Airflow/venv/lib/python3.8/site-packages/airflow/example_dags/example_skip_dag.py took 0.037 seconds
[2022-09-20T17:47:19.753+0530] {processor.py:153} INFO - Started process (PID=35329) to work on /home/sayone/This PC/SayOne Technologies/Works/airflow_new/Airflow/venv/lib/python3.8/site-packages/airflow/example_dags/example_skip_dag.py
[2022-09-20T17:47:19.756+0530] {processor.py:640} INFO - Processing file /home/sayone/This PC/SayOne Technologies/Works/airflow_new/Airflow/venv/lib/python3.8/site-packages/airflow/example_dags/example_skip_dag.py for tasks to queue
[2022-09-20T17:47:19.757+0530] {logging_mixin.py:115} INFO - [2022-09-20T17:47:19.757+0530] {dagbag.py:508} INFO - Filling up the DagBag from /home/sayone/This PC/SayOne Technologies/Works/airflow_new/Airflow/venv/lib/python3.8/site-packages/airflow/example_dags/example_skip_dag.py
[2022-09-20T17:47:19.765+0530] {processor.py:650} INFO - DAG(s) dict_keys(['example_skip_dag']) retrieved from /home/sayone/This PC/SayOne Technologies/Works/airflow_new/Airflow/venv/lib/python3.8/site-packages/airflow/example_dags/example_skip_dag.py
[2022-09-20T17:47:19.776+0530] {logging_mixin.py:115} INFO - [2022-09-20T17:47:19.776+0530] {dag.py:2429} INFO - Sync 1 DAGs
[2022-09-20T17:47:19.785+0530] {logging_mixin.py:115} INFO - [2022-09-20T17:47:19.785+0530] {dag.py:2977} INFO - Setting next_dagrun for example_skip_dag to 2022-09-19T12:17:19.785531+00:00, run_after=2022-09-20T12:17:19.785531+00:00
[2022-09-20T17:47:19.794+0530] {processor.py:161} INFO - Processing /home/sayone/This PC/SayOne Technologies/Works/airflow_new/Airflow/venv/lib/python3.8/site-packages/airflow/example_dags/example_skip_dag.py took 0.044 seconds
[2022-09-20T17:47:57.729+0530] {processor.py:153} INFO - Started process (PID=35475) to work on /home/sayone/This PC/SayOne Technologies/Works/airflow_new/Airflow/venv/lib/python3.8/site-packages/airflow/example_dags/example_skip_dag.py
[2022-09-20T17:47:57.730+0530] {processor.py:640} INFO - Processing file /home/sayone/This PC/SayOne Technologies/Works/airflow_new/Airflow/venv/lib/python3.8/site-packages/airflow/example_dags/example_skip_dag.py for tasks to queue
[2022-09-20T17:47:57.730+0530] {logging_mixin.py:115} INFO - [2022-09-20T17:47:57.730+0530] {dagbag.py:508} INFO - Filling up the DagBag from /home/sayone/This PC/SayOne Technologies/Works/airflow_new/Airflow/venv/lib/python3.8/site-packages/airflow/example_dags/example_skip_dag.py
[2022-09-20T17:47:57.734+0530] {processor.py:650} INFO - DAG(s) dict_keys(['example_skip_dag']) retrieved from /home/sayone/This PC/SayOne Technologies/Works/airflow_new/Airflow/venv/lib/python3.8/site-packages/airflow/example_dags/example_skip_dag.py
[2022-09-20T17:47:57.744+0530] {logging_mixin.py:115} INFO - [2022-09-20T17:47:57.744+0530] {dag.py:2429} INFO - Sync 1 DAGs
[2022-09-20T17:47:57.753+0530] {logging_mixin.py:115} INFO - [2022-09-20T17:47:57.753+0530] {dag.py:2977} INFO - Setting next_dagrun for example_skip_dag to 2022-09-19T12:17:57.753395+00:00, run_after=2022-09-20T12:17:57.753395+00:00
[2022-09-20T17:47:57.761+0530] {processor.py:161} INFO - Processing /home/sayone/This PC/SayOne Technologies/Works/airflow_new/Airflow/venv/lib/python3.8/site-packages/airflow/example_dags/example_skip_dag.py took 0.034 seconds
[2022-09-20T17:48:34.936+0530] {processor.py:153} INFO - Started process (PID=35538) to work on /home/sayone/This PC/SayOne Technologies/Works/airflow_new/Airflow/venv/lib/python3.8/site-packages/airflow/example_dags/example_skip_dag.py
[2022-09-20T17:48:34.939+0530] {processor.py:640} INFO - Processing file /home/sayone/This PC/SayOne Technologies/Works/airflow_new/Airflow/venv/lib/python3.8/site-packages/airflow/example_dags/example_skip_dag.py for tasks to queue
[2022-09-20T17:48:34.940+0530] {logging_mixin.py:115} INFO - [2022-09-20T17:48:34.940+0530] {dagbag.py:508} INFO - Filling up the DagBag from /home/sayone/This PC/SayOne Technologies/Works/airflow_new/Airflow/venv/lib/python3.8/site-packages/airflow/example_dags/example_skip_dag.py
[2022-09-20T17:48:34.948+0530] {processor.py:650} INFO - DAG(s) dict_keys(['example_skip_dag']) retrieved from /home/sayone/This PC/SayOne Technologies/Works/airflow_new/Airflow/venv/lib/python3.8/site-packages/airflow/example_dags/example_skip_dag.py
[2022-09-20T17:48:34.961+0530] {logging_mixin.py:115} INFO - [2022-09-20T17:48:34.961+0530] {dag.py:2429} INFO - Sync 1 DAGs
[2022-09-20T17:48:34.971+0530] {logging_mixin.py:115} INFO - [2022-09-20T17:48:34.971+0530] {dag.py:2977} INFO - Setting next_dagrun for example_skip_dag to 2022-09-19T12:18:34.971148+00:00, run_after=2022-09-20T12:18:34.971148+00:00
[2022-09-20T17:48:34.980+0530] {processor.py:161} INFO - Processing /home/sayone/This PC/SayOne Technologies/Works/airflow_new/Airflow/venv/lib/python3.8/site-packages/airflow/example_dags/example_skip_dag.py took 0.048 seconds
[2022-09-20T17:49:12.131+0530] {processor.py:153} INFO - Started process (PID=35665) to work on /home/sayone/This PC/SayOne Technologies/Works/airflow_new/Airflow/venv/lib/python3.8/site-packages/airflow/example_dags/example_skip_dag.py
[2022-09-20T17:49:12.134+0530] {processor.py:640} INFO - Processing file /home/sayone/This PC/SayOne Technologies/Works/airflow_new/Airflow/venv/lib/python3.8/site-packages/airflow/example_dags/example_skip_dag.py for tasks to queue
[2022-09-20T17:49:12.135+0530] {logging_mixin.py:115} INFO - [2022-09-20T17:49:12.135+0530] {dagbag.py:508} INFO - Filling up the DagBag from /home/sayone/This PC/SayOne Technologies/Works/airflow_new/Airflow/venv/lib/python3.8/site-packages/airflow/example_dags/example_skip_dag.py
[2022-09-20T17:49:12.143+0530] {processor.py:650} INFO - DAG(s) dict_keys(['example_skip_dag']) retrieved from /home/sayone/This PC/SayOne Technologies/Works/airflow_new/Airflow/venv/lib/python3.8/site-packages/airflow/example_dags/example_skip_dag.py
[2022-09-20T17:49:12.154+0530] {logging_mixin.py:115} INFO - [2022-09-20T17:49:12.154+0530] {dag.py:2429} INFO - Sync 1 DAGs
[2022-09-20T17:49:12.163+0530] {logging_mixin.py:115} INFO - [2022-09-20T17:49:12.163+0530] {dag.py:2977} INFO - Setting next_dagrun for example_skip_dag to 2022-09-19T12:19:12.163129+00:00, run_after=2022-09-20T12:19:12.163129+00:00
[2022-09-20T17:49:12.172+0530] {processor.py:161} INFO - Processing /home/sayone/This PC/SayOne Technologies/Works/airflow_new/Airflow/venv/lib/python3.8/site-packages/airflow/example_dags/example_skip_dag.py took 0.044 seconds
[2022-09-20T17:49:49.111+0530] {processor.py:153} INFO - Started process (PID=35732) to work on /home/sayone/This PC/SayOne Technologies/Works/airflow_new/Airflow/venv/lib/python3.8/site-packages/airflow/example_dags/example_skip_dag.py
[2022-09-20T17:49:49.114+0530] {processor.py:640} INFO - Processing file /home/sayone/This PC/SayOne Technologies/Works/airflow_new/Airflow/venv/lib/python3.8/site-packages/airflow/example_dags/example_skip_dag.py for tasks to queue
[2022-09-20T17:49:49.115+0530] {logging_mixin.py:115} INFO - [2022-09-20T17:49:49.115+0530] {dagbag.py:508} INFO - Filling up the DagBag from /home/sayone/This PC/SayOne Technologies/Works/airflow_new/Airflow/venv/lib/python3.8/site-packages/airflow/example_dags/example_skip_dag.py
[2022-09-20T17:49:49.123+0530] {processor.py:650} INFO - DAG(s) dict_keys(['example_skip_dag']) retrieved from /home/sayone/This PC/SayOne Technologies/Works/airflow_new/Airflow/venv/lib/python3.8/site-packages/airflow/example_dags/example_skip_dag.py
[2022-09-20T17:49:49.135+0530] {logging_mixin.py:115} INFO - [2022-09-20T17:49:49.135+0530] {dag.py:2429} INFO - Sync 1 DAGs
[2022-09-20T17:49:49.144+0530] {logging_mixin.py:115} INFO - [2022-09-20T17:49:49.144+0530] {dag.py:2977} INFO - Setting next_dagrun for example_skip_dag to 2022-09-19T12:19:49.144655+00:00, run_after=2022-09-20T12:19:49.144655+00:00
[2022-09-20T17:49:49.153+0530] {processor.py:161} INFO - Processing /home/sayone/This PC/SayOne Technologies/Works/airflow_new/Airflow/venv/lib/python3.8/site-packages/airflow/example_dags/example_skip_dag.py took 0.044 seconds
[2022-09-20T17:50:25.351+0530] {processor.py:153} INFO - Started process (PID=35840) to work on /home/sayone/This PC/SayOne Technologies/Works/airflow_new/Airflow/venv/lib/python3.8/site-packages/airflow/example_dags/example_skip_dag.py
[2022-09-20T17:50:25.354+0530] {processor.py:640} INFO - Processing file /home/sayone/This PC/SayOne Technologies/Works/airflow_new/Airflow/venv/lib/python3.8/site-packages/airflow/example_dags/example_skip_dag.py for tasks to queue
[2022-09-20T17:50:25.355+0530] {logging_mixin.py:115} INFO - [2022-09-20T17:50:25.355+0530] {dagbag.py:508} INFO - Filling up the DagBag from /home/sayone/This PC/SayOne Technologies/Works/airflow_new/Airflow/venv/lib/python3.8/site-packages/airflow/example_dags/example_skip_dag.py
[2022-09-20T17:50:25.361+0530] {processor.py:650} INFO - DAG(s) dict_keys(['example_skip_dag']) retrieved from /home/sayone/This PC/SayOne Technologies/Works/airflow_new/Airflow/venv/lib/python3.8/site-packages/airflow/example_dags/example_skip_dag.py
[2022-09-20T17:50:25.369+0530] {logging_mixin.py:115} INFO - [2022-09-20T17:50:25.369+0530] {dag.py:2429} INFO - Sync 1 DAGs
[2022-09-20T17:50:25.378+0530] {logging_mixin.py:115} INFO - [2022-09-20T17:50:25.378+0530] {dag.py:2977} INFO - Setting next_dagrun for example_skip_dag to 2022-09-19T12:20:25.378568+00:00, run_after=2022-09-20T12:20:25.378568+00:00
[2022-09-20T17:50:25.387+0530] {processor.py:161} INFO - Processing /home/sayone/This PC/SayOne Technologies/Works/airflow_new/Airflow/venv/lib/python3.8/site-packages/airflow/example_dags/example_skip_dag.py took 0.038 seconds
[2022-09-20T17:51:03.090+0530] {processor.py:153} INFO - Started process (PID=35949) to work on /home/sayone/This PC/SayOne Technologies/Works/airflow_new/Airflow/venv/lib/python3.8/site-packages/airflow/example_dags/example_skip_dag.py
[2022-09-20T17:51:03.092+0530] {processor.py:640} INFO - Processing file /home/sayone/This PC/SayOne Technologies/Works/airflow_new/Airflow/venv/lib/python3.8/site-packages/airflow/example_dags/example_skip_dag.py for tasks to queue
[2022-09-20T17:51:03.093+0530] {logging_mixin.py:115} INFO - [2022-09-20T17:51:03.093+0530] {dagbag.py:508} INFO - Filling up the DagBag from /home/sayone/This PC/SayOne Technologies/Works/airflow_new/Airflow/venv/lib/python3.8/site-packages/airflow/example_dags/example_skip_dag.py
[2022-09-20T17:51:03.096+0530] {processor.py:650} INFO - DAG(s) dict_keys(['example_skip_dag']) retrieved from /home/sayone/This PC/SayOne Technologies/Works/airflow_new/Airflow/venv/lib/python3.8/site-packages/airflow/example_dags/example_skip_dag.py
[2022-09-20T17:51:03.104+0530] {logging_mixin.py:115} INFO - [2022-09-20T17:51:03.104+0530] {dag.py:2429} INFO - Sync 1 DAGs
[2022-09-20T17:51:03.114+0530] {logging_mixin.py:115} INFO - [2022-09-20T17:51:03.114+0530] {dag.py:2977} INFO - Setting next_dagrun for example_skip_dag to 2022-09-19T12:21:03.114678+00:00, run_after=2022-09-20T12:21:03.114678+00:00
[2022-09-20T17:51:03.123+0530] {processor.py:161} INFO - Processing /home/sayone/This PC/SayOne Technologies/Works/airflow_new/Airflow/venv/lib/python3.8/site-packages/airflow/example_dags/example_skip_dag.py took 0.035 seconds
[2022-09-20T17:51:39.056+0530] {processor.py:153} INFO - Started process (PID=36010) to work on /home/sayone/This PC/SayOne Technologies/Works/airflow_new/Airflow/venv/lib/python3.8/site-packages/airflow/example_dags/example_skip_dag.py
[2022-09-20T17:51:39.059+0530] {processor.py:640} INFO - Processing file /home/sayone/This PC/SayOne Technologies/Works/airflow_new/Airflow/venv/lib/python3.8/site-packages/airflow/example_dags/example_skip_dag.py for tasks to queue
[2022-09-20T17:51:39.059+0530] {logging_mixin.py:115} INFO - [2022-09-20T17:51:39.059+0530] {dagbag.py:508} INFO - Filling up the DagBag from /home/sayone/This PC/SayOne Technologies/Works/airflow_new/Airflow/venv/lib/python3.8/site-packages/airflow/example_dags/example_skip_dag.py
[2022-09-20T17:51:39.067+0530] {processor.py:650} INFO - DAG(s) dict_keys(['example_skip_dag']) retrieved from /home/sayone/This PC/SayOne Technologies/Works/airflow_new/Airflow/venv/lib/python3.8/site-packages/airflow/example_dags/example_skip_dag.py
[2022-09-20T17:51:39.079+0530] {logging_mixin.py:115} INFO - [2022-09-20T17:51:39.079+0530] {dag.py:2429} INFO - Sync 1 DAGs
[2022-09-20T17:51:39.089+0530] {logging_mixin.py:115} INFO - [2022-09-20T17:51:39.088+0530] {dag.py:2977} INFO - Setting next_dagrun for example_skip_dag to 2022-09-19T12:21:39.088753+00:00, run_after=2022-09-20T12:21:39.088753+00:00
[2022-09-20T17:51:39.097+0530] {processor.py:161} INFO - Processing /home/sayone/This PC/SayOne Technologies/Works/airflow_new/Airflow/venv/lib/python3.8/site-packages/airflow/example_dags/example_skip_dag.py took 0.043 seconds
[2022-09-20T17:52:17.876+0530] {processor.py:153} INFO - Started process (PID=36154) to work on /home/sayone/This PC/SayOne Technologies/Works/airflow_new/Airflow/venv/lib/python3.8/site-packages/airflow/example_dags/example_skip_dag.py
[2022-09-20T17:52:17.878+0530] {processor.py:640} INFO - Processing file /home/sayone/This PC/SayOne Technologies/Works/airflow_new/Airflow/venv/lib/python3.8/site-packages/airflow/example_dags/example_skip_dag.py for tasks to queue
[2022-09-20T17:52:17.879+0530] {logging_mixin.py:115} INFO - [2022-09-20T17:52:17.878+0530] {dagbag.py:508} INFO - Filling up the DagBag from /home/sayone/This PC/SayOne Technologies/Works/airflow_new/Airflow/venv/lib/python3.8/site-packages/airflow/example_dags/example_skip_dag.py
[2022-09-20T17:52:17.885+0530] {processor.py:650} INFO - DAG(s) dict_keys(['example_skip_dag']) retrieved from /home/sayone/This PC/SayOne Technologies/Works/airflow_new/Airflow/venv/lib/python3.8/site-packages/airflow/example_dags/example_skip_dag.py
[2022-09-20T17:52:17.897+0530] {logging_mixin.py:115} INFO - [2022-09-20T17:52:17.897+0530] {dag.py:2429} INFO - Sync 1 DAGs
[2022-09-20T17:52:17.906+0530] {logging_mixin.py:115} INFO - [2022-09-20T17:52:17.906+0530] {dag.py:2977} INFO - Setting next_dagrun for example_skip_dag to 2022-09-19T12:22:17.906475+00:00, run_after=2022-09-20T12:22:17.906475+00:00
[2022-09-20T17:52:17.915+0530] {processor.py:161} INFO - Processing /home/sayone/This PC/SayOne Technologies/Works/airflow_new/Airflow/venv/lib/python3.8/site-packages/airflow/example_dags/example_skip_dag.py took 0.043 seconds
[2022-09-20T17:52:54.724+0530] {processor.py:153} INFO - Started process (PID=36333) to work on /home/sayone/This PC/SayOne Technologies/Works/airflow_new/Airflow/venv/lib/python3.8/site-packages/airflow/example_dags/example_skip_dag.py
[2022-09-20T17:52:54.727+0530] {processor.py:640} INFO - Processing file /home/sayone/This PC/SayOne Technologies/Works/airflow_new/Airflow/venv/lib/python3.8/site-packages/airflow/example_dags/example_skip_dag.py for tasks to queue
[2022-09-20T17:52:54.727+0530] {logging_mixin.py:115} INFO - [2022-09-20T17:52:54.727+0530] {dagbag.py:508} INFO - Filling up the DagBag from /home/sayone/This PC/SayOne Technologies/Works/airflow_new/Airflow/venv/lib/python3.8/site-packages/airflow/example_dags/example_skip_dag.py
[2022-09-20T17:52:54.734+0530] {processor.py:650} INFO - DAG(s) dict_keys(['example_skip_dag']) retrieved from /home/sayone/This PC/SayOne Technologies/Works/airflow_new/Airflow/venv/lib/python3.8/site-packages/airflow/example_dags/example_skip_dag.py
[2022-09-20T17:52:54.746+0530] {logging_mixin.py:115} INFO - [2022-09-20T17:52:54.746+0530] {dag.py:2429} INFO - Sync 1 DAGs
[2022-09-20T17:52:54.755+0530] {logging_mixin.py:115} INFO - [2022-09-20T17:52:54.755+0530] {dag.py:2977} INFO - Setting next_dagrun for example_skip_dag to 2022-09-19T12:22:54.755553+00:00, run_after=2022-09-20T12:22:54.755553+00:00
[2022-09-20T17:52:54.764+0530] {processor.py:161} INFO - Processing /home/sayone/This PC/SayOne Technologies/Works/airflow_new/Airflow/venv/lib/python3.8/site-packages/airflow/example_dags/example_skip_dag.py took 0.043 seconds
[2022-09-20T17:53:30.351+0530] {processor.py:153} INFO - Started process (PID=36432) to work on /home/sayone/This PC/SayOne Technologies/Works/airflow_new/Airflow/venv/lib/python3.8/site-packages/airflow/example_dags/example_skip_dag.py
[2022-09-20T17:53:30.354+0530] {processor.py:640} INFO - Processing file /home/sayone/This PC/SayOne Technologies/Works/airflow_new/Airflow/venv/lib/python3.8/site-packages/airflow/example_dags/example_skip_dag.py for tasks to queue
[2022-09-20T17:53:30.355+0530] {logging_mixin.py:115} INFO - [2022-09-20T17:53:30.355+0530] {dagbag.py:508} INFO - Filling up the DagBag from /home/sayone/This PC/SayOne Technologies/Works/airflow_new/Airflow/venv/lib/python3.8/site-packages/airflow/example_dags/example_skip_dag.py
[2022-09-20T17:53:30.360+0530] {processor.py:650} INFO - DAG(s) dict_keys(['example_skip_dag']) retrieved from /home/sayone/This PC/SayOne Technologies/Works/airflow_new/Airflow/venv/lib/python3.8/site-packages/airflow/example_dags/example_skip_dag.py
[2022-09-20T17:53:30.369+0530] {logging_mixin.py:115} INFO - [2022-09-20T17:53:30.369+0530] {dag.py:2429} INFO - Sync 1 DAGs
[2022-09-20T17:53:30.380+0530] {logging_mixin.py:115} INFO - [2022-09-20T17:53:30.380+0530] {dag.py:2977} INFO - Setting next_dagrun for example_skip_dag to 2022-09-19T12:23:30.379920+00:00, run_after=2022-09-20T12:23:30.379920+00:00
[2022-09-20T17:53:30.388+0530] {processor.py:161} INFO - Processing /home/sayone/This PC/SayOne Technologies/Works/airflow_new/Airflow/venv/lib/python3.8/site-packages/airflow/example_dags/example_skip_dag.py took 0.038 seconds
