[2022-09-20T17:16:57.866+0530] {processor.py:153} INFO - Started process (PID=28689) to work on /home/sayone/This PC/SayOne Technologies/Works/airflow_new/Airflow/venv/lib/python3.8/site-packages/airflow/example_dags/example_branch_labels.py
[2022-09-20T17:16:57.866+0530] {processor.py:640} INFO - Processing file /home/sayone/This PC/SayOne Technologies/Works/airflow_new/Airflow/venv/lib/python3.8/site-packages/airflow/example_dags/example_branch_labels.py for tasks to queue
[2022-09-20T17:16:57.867+0530] {logging_mixin.py:115} INFO - [2022-09-20T17:16:57.867+0530] {dagbag.py:508} INFO - Filling up the DagBag from /home/sayone/This PC/SayOne Technologies/Works/airflow_new/Airflow/venv/lib/python3.8/site-packages/airflow/example_dags/example_branch_labels.py
[2022-09-20T17:16:57.872+0530] {processor.py:650} INFO - DAG(s) dict_keys(['example_branch_labels']) retrieved from /home/sayone/This PC/SayOne Technologies/Works/airflow_new/Airflow/venv/lib/python3.8/site-packages/airflow/example_dags/example_branch_labels.py
[2022-09-20T17:16:57.927+0530] {logging_mixin.py:115} INFO - [2022-09-20T17:16:57.927+0530] {manager.py:508} INFO - Created Permission View: can edit on DAG:example_branch_labels
[2022-09-20T17:16:57.934+0530] {logging_mixin.py:115} INFO - [2022-09-20T17:16:57.934+0530] {manager.py:508} INFO - Created Permission View: can read on DAG:example_branch_labels
[2022-09-20T17:16:57.942+0530] {logging_mixin.py:115} INFO - [2022-09-20T17:16:57.941+0530] {manager.py:508} INFO - Created Permission View: can delete on DAG:example_branch_labels
[2022-09-20T17:16:57.942+0530] {logging_mixin.py:115} INFO - [2022-09-20T17:16:57.942+0530] {dag.py:2429} INFO - Sync 1 DAGs
[2022-09-20T17:16:57.948+0530] {logging_mixin.py:115} INFO - [2022-09-20T17:16:57.947+0530] {dag.py:2448} INFO - Creating ORM DAG for example_branch_labels
[2022-09-20T17:16:57.956+0530] {logging_mixin.py:115} INFO - [2022-09-20T17:16:57.956+0530] {dag.py:2977} INFO - Setting next_dagrun for example_branch_labels to 2022-09-19T00:00:00+00:00, run_after=2022-09-20T00:00:00+00:00
[2022-09-20T17:16:57.969+0530] {processor.py:161} INFO - Processing /home/sayone/This PC/SayOne Technologies/Works/airflow_new/Airflow/venv/lib/python3.8/site-packages/airflow/example_dags/example_branch_labels.py took 0.104 seconds
[2022-09-20T17:17:34.319+0530] {processor.py:153} INFO - Started process (PID=28972) to work on /home/sayone/This PC/SayOne Technologies/Works/airflow_new/Airflow/venv/lib/python3.8/site-packages/airflow/example_dags/example_branch_labels.py
[2022-09-20T17:17:34.322+0530] {processor.py:640} INFO - Processing file /home/sayone/This PC/SayOne Technologies/Works/airflow_new/Airflow/venv/lib/python3.8/site-packages/airflow/example_dags/example_branch_labels.py for tasks to queue
[2022-09-20T17:17:34.323+0530] {logging_mixin.py:115} INFO - [2022-09-20T17:17:34.323+0530] {dagbag.py:508} INFO - Filling up the DagBag from /home/sayone/This PC/SayOne Technologies/Works/airflow_new/Airflow/venv/lib/python3.8/site-packages/airflow/example_dags/example_branch_labels.py
[2022-09-20T17:17:34.330+0530] {processor.py:650} INFO - DAG(s) dict_keys(['example_branch_labels']) retrieved from /home/sayone/This PC/SayOne Technologies/Works/airflow_new/Airflow/venv/lib/python3.8/site-packages/airflow/example_dags/example_branch_labels.py
[2022-09-20T17:17:34.341+0530] {logging_mixin.py:115} INFO - [2022-09-20T17:17:34.341+0530] {dag.py:2429} INFO - Sync 1 DAGs
[2022-09-20T17:17:34.355+0530] {logging_mixin.py:115} INFO - [2022-09-20T17:17:34.355+0530] {dag.py:2977} INFO - Setting next_dagrun for example_branch_labels to 2022-09-19T00:00:00+00:00, run_after=2022-09-20T00:00:00+00:00
[2022-09-20T17:17:34.364+0530] {processor.py:161} INFO - Processing /home/sayone/This PC/SayOne Technologies/Works/airflow_new/Airflow/venv/lib/python3.8/site-packages/airflow/example_dags/example_branch_labels.py took 0.051 seconds
[2022-09-20T17:18:08.612+0530] {processor.py:153} INFO - Started process (PID=29117) to work on /home/sayone/This PC/SayOne Technologies/Works/airflow_new/Airflow/venv/lib/python3.8/site-packages/airflow/example_dags/example_branch_labels.py
[2022-09-20T17:18:08.612+0530] {processor.py:640} INFO - Processing file /home/sayone/This PC/SayOne Technologies/Works/airflow_new/Airflow/venv/lib/python3.8/site-packages/airflow/example_dags/example_branch_labels.py for tasks to queue
[2022-09-20T17:18:08.613+0530] {logging_mixin.py:115} INFO - [2022-09-20T17:18:08.613+0530] {dagbag.py:508} INFO - Filling up the DagBag from /home/sayone/This PC/SayOne Technologies/Works/airflow_new/Airflow/venv/lib/python3.8/site-packages/airflow/example_dags/example_branch_labels.py
[2022-09-20T17:18:08.617+0530] {processor.py:650} INFO - DAG(s) dict_keys(['example_branch_labels']) retrieved from /home/sayone/This PC/SayOne Technologies/Works/airflow_new/Airflow/venv/lib/python3.8/site-packages/airflow/example_dags/example_branch_labels.py
[2022-09-20T17:18:08.627+0530] {logging_mixin.py:115} INFO - [2022-09-20T17:18:08.626+0530] {dag.py:2429} INFO - Sync 1 DAGs
[2022-09-20T17:18:08.638+0530] {logging_mixin.py:115} INFO - [2022-09-20T17:18:08.638+0530] {dag.py:2977} INFO - Setting next_dagrun for example_branch_labels to 2022-09-19T00:00:00+00:00, run_after=2022-09-20T00:00:00+00:00
[2022-09-20T17:18:08.648+0530] {processor.py:161} INFO - Processing /home/sayone/This PC/SayOne Technologies/Works/airflow_new/Airflow/venv/lib/python3.8/site-packages/airflow/example_dags/example_branch_labels.py took 0.038 seconds
[2022-09-20T17:18:44.346+0530] {processor.py:153} INFO - Started process (PID=29201) to work on /home/sayone/This PC/SayOne Technologies/Works/airflow_new/Airflow/venv/lib/python3.8/site-packages/airflow/example_dags/example_branch_labels.py
[2022-09-20T17:18:44.348+0530] {processor.py:640} INFO - Processing file /home/sayone/This PC/SayOne Technologies/Works/airflow_new/Airflow/venv/lib/python3.8/site-packages/airflow/example_dags/example_branch_labels.py for tasks to queue
[2022-09-20T17:18:44.349+0530] {logging_mixin.py:115} INFO - [2022-09-20T17:18:44.349+0530] {dagbag.py:508} INFO - Filling up the DagBag from /home/sayone/This PC/SayOne Technologies/Works/airflow_new/Airflow/venv/lib/python3.8/site-packages/airflow/example_dags/example_branch_labels.py
[2022-09-20T17:18:44.356+0530] {processor.py:650} INFO - DAG(s) dict_keys(['example_branch_labels']) retrieved from /home/sayone/This PC/SayOne Technologies/Works/airflow_new/Airflow/venv/lib/python3.8/site-packages/airflow/example_dags/example_branch_labels.py
[2022-09-20T17:18:44.368+0530] {logging_mixin.py:115} INFO - [2022-09-20T17:18:44.367+0530] {dag.py:2429} INFO - Sync 1 DAGs
[2022-09-20T17:18:44.383+0530] {logging_mixin.py:115} INFO - [2022-09-20T17:18:44.383+0530] {dag.py:2977} INFO - Setting next_dagrun for example_branch_labels to 2022-09-19T00:00:00+00:00, run_after=2022-09-20T00:00:00+00:00
[2022-09-20T17:18:44.392+0530] {processor.py:161} INFO - Processing /home/sayone/This PC/SayOne Technologies/Works/airflow_new/Airflow/venv/lib/python3.8/site-packages/airflow/example_dags/example_branch_labels.py took 0.048 seconds
[2022-09-20T17:19:19.043+0530] {processor.py:153} INFO - Started process (PID=29344) to work on /home/sayone/This PC/SayOne Technologies/Works/airflow_new/Airflow/venv/lib/python3.8/site-packages/airflow/example_dags/example_branch_labels.py
[2022-09-20T17:19:19.045+0530] {processor.py:640} INFO - Processing file /home/sayone/This PC/SayOne Technologies/Works/airflow_new/Airflow/venv/lib/python3.8/site-packages/airflow/example_dags/example_branch_labels.py for tasks to queue
[2022-09-20T17:19:19.046+0530] {logging_mixin.py:115} INFO - [2022-09-20T17:19:19.046+0530] {dagbag.py:508} INFO - Filling up the DagBag from /home/sayone/This PC/SayOne Technologies/Works/airflow_new/Airflow/venv/lib/python3.8/site-packages/airflow/example_dags/example_branch_labels.py
[2022-09-20T17:19:19.054+0530] {processor.py:650} INFO - DAG(s) dict_keys(['example_branch_labels']) retrieved from /home/sayone/This PC/SayOne Technologies/Works/airflow_new/Airflow/venv/lib/python3.8/site-packages/airflow/example_dags/example_branch_labels.py
[2022-09-20T17:19:19.064+0530] {logging_mixin.py:115} INFO - [2022-09-20T17:19:19.064+0530] {dag.py:2429} INFO - Sync 1 DAGs
[2022-09-20T17:19:19.077+0530] {logging_mixin.py:115} INFO - [2022-09-20T17:19:19.077+0530] {dag.py:2977} INFO - Setting next_dagrun for example_branch_labels to 2022-09-19T00:00:00+00:00, run_after=2022-09-20T00:00:00+00:00
[2022-09-20T17:19:19.088+0530] {processor.py:161} INFO - Processing /home/sayone/This PC/SayOne Technologies/Works/airflow_new/Airflow/venv/lib/python3.8/site-packages/airflow/example_dags/example_branch_labels.py took 0.047 seconds
[2022-09-20T17:20:15.443+0530] {processor.py:153} INFO - Started process (PID=29682) to work on /home/sayone/This PC/SayOne Technologies/Works/airflow_new/Airflow/venv/lib/python3.8/site-packages/airflow/example_dags/example_branch_labels.py
[2022-09-20T17:20:15.446+0530] {processor.py:640} INFO - Processing file /home/sayone/This PC/SayOne Technologies/Works/airflow_new/Airflow/venv/lib/python3.8/site-packages/airflow/example_dags/example_branch_labels.py for tasks to queue
[2022-09-20T17:20:15.446+0530] {logging_mixin.py:115} INFO - [2022-09-20T17:20:15.446+0530] {dagbag.py:508} INFO - Filling up the DagBag from /home/sayone/This PC/SayOne Technologies/Works/airflow_new/Airflow/venv/lib/python3.8/site-packages/airflow/example_dags/example_branch_labels.py
[2022-09-20T17:20:15.450+0530] {processor.py:650} INFO - DAG(s) dict_keys(['example_branch_labels']) retrieved from /home/sayone/This PC/SayOne Technologies/Works/airflow_new/Airflow/venv/lib/python3.8/site-packages/airflow/example_dags/example_branch_labels.py
[2022-09-20T17:20:15.459+0530] {logging_mixin.py:115} INFO - [2022-09-20T17:20:15.459+0530] {dag.py:2429} INFO - Sync 1 DAGs
[2022-09-20T17:20:15.471+0530] {logging_mixin.py:115} INFO - [2022-09-20T17:20:15.471+0530] {dag.py:2977} INFO - Setting next_dagrun for example_branch_labels to 2022-09-19T00:00:00+00:00, run_after=2022-09-20T00:00:00+00:00
[2022-09-20T17:20:15.501+0530] {processor.py:161} INFO - Processing /home/sayone/This PC/SayOne Technologies/Works/airflow_new/Airflow/venv/lib/python3.8/site-packages/airflow/example_dags/example_branch_labels.py took 0.059 seconds
[2022-09-20T17:20:53.826+0530] {processor.py:153} INFO - Started process (PID=29791) to work on /home/sayone/This PC/SayOne Technologies/Works/airflow_new/Airflow/venv/lib/python3.8/site-packages/airflow/example_dags/example_branch_labels.py
[2022-09-20T17:20:53.829+0530] {processor.py:640} INFO - Processing file /home/sayone/This PC/SayOne Technologies/Works/airflow_new/Airflow/venv/lib/python3.8/site-packages/airflow/example_dags/example_branch_labels.py for tasks to queue
[2022-09-20T17:20:53.830+0530] {logging_mixin.py:115} INFO - [2022-09-20T17:20:53.829+0530] {dagbag.py:508} INFO - Filling up the DagBag from /home/sayone/This PC/SayOne Technologies/Works/airflow_new/Airflow/venv/lib/python3.8/site-packages/airflow/example_dags/example_branch_labels.py
[2022-09-20T17:20:53.835+0530] {processor.py:650} INFO - DAG(s) dict_keys(['example_branch_labels']) retrieved from /home/sayone/This PC/SayOne Technologies/Works/airflow_new/Airflow/venv/lib/python3.8/site-packages/airflow/example_dags/example_branch_labels.py
[2022-09-20T17:20:53.844+0530] {logging_mixin.py:115} INFO - [2022-09-20T17:20:53.844+0530] {dag.py:2429} INFO - Sync 1 DAGs
[2022-09-20T17:20:53.856+0530] {logging_mixin.py:115} INFO - [2022-09-20T17:20:53.856+0530] {dag.py:2977} INFO - Setting next_dagrun for example_branch_labels to 2022-09-19T00:00:00+00:00, run_after=2022-09-20T00:00:00+00:00
[2022-09-20T17:20:53.865+0530] {processor.py:161} INFO - Processing /home/sayone/This PC/SayOne Technologies/Works/airflow_new/Airflow/venv/lib/python3.8/site-packages/airflow/example_dags/example_branch_labels.py took 0.042 seconds
[2022-09-20T17:21:26.424+0530] {processor.py:153} INFO - Started process (PID=29861) to work on /home/sayone/This PC/SayOne Technologies/Works/airflow_new/Airflow/venv/lib/python3.8/site-packages/airflow/example_dags/example_branch_labels.py
[2022-09-20T17:21:26.425+0530] {processor.py:640} INFO - Processing file /home/sayone/This PC/SayOne Technologies/Works/airflow_new/Airflow/venv/lib/python3.8/site-packages/airflow/example_dags/example_branch_labels.py for tasks to queue
[2022-09-20T17:21:26.426+0530] {logging_mixin.py:115} INFO - [2022-09-20T17:21:26.426+0530] {dagbag.py:508} INFO - Filling up the DagBag from /home/sayone/This PC/SayOne Technologies/Works/airflow_new/Airflow/venv/lib/python3.8/site-packages/airflow/example_dags/example_branch_labels.py
[2022-09-20T17:21:26.434+0530] {processor.py:650} INFO - DAG(s) dict_keys(['example_branch_labels']) retrieved from /home/sayone/This PC/SayOne Technologies/Works/airflow_new/Airflow/venv/lib/python3.8/site-packages/airflow/example_dags/example_branch_labels.py
[2022-09-20T17:21:26.444+0530] {logging_mixin.py:115} INFO - [2022-09-20T17:21:26.444+0530] {dag.py:2429} INFO - Sync 1 DAGs
[2022-09-20T17:21:26.454+0530] {logging_mixin.py:115} INFO - [2022-09-20T17:21:26.454+0530] {dag.py:2977} INFO - Setting next_dagrun for example_branch_labels to 2022-09-19T00:00:00+00:00, run_after=2022-09-20T00:00:00+00:00
[2022-09-20T17:21:26.463+0530] {processor.py:161} INFO - Processing /home/sayone/This PC/SayOne Technologies/Works/airflow_new/Airflow/venv/lib/python3.8/site-packages/airflow/example_dags/example_branch_labels.py took 0.043 seconds
[2022-09-20T17:22:04.878+0530] {processor.py:153} INFO - Started process (PID=30143) to work on /home/sayone/This PC/SayOne Technologies/Works/airflow_new/Airflow/venv/lib/python3.8/site-packages/airflow/example_dags/example_branch_labels.py
[2022-09-20T17:22:04.881+0530] {processor.py:640} INFO - Processing file /home/sayone/This PC/SayOne Technologies/Works/airflow_new/Airflow/venv/lib/python3.8/site-packages/airflow/example_dags/example_branch_labels.py for tasks to queue
[2022-09-20T17:22:04.882+0530] {logging_mixin.py:115} INFO - [2022-09-20T17:22:04.881+0530] {dagbag.py:508} INFO - Filling up the DagBag from /home/sayone/This PC/SayOne Technologies/Works/airflow_new/Airflow/venv/lib/python3.8/site-packages/airflow/example_dags/example_branch_labels.py
[2022-09-20T17:22:04.887+0530] {processor.py:650} INFO - DAG(s) dict_keys(['example_branch_labels']) retrieved from /home/sayone/This PC/SayOne Technologies/Works/airflow_new/Airflow/venv/lib/python3.8/site-packages/airflow/example_dags/example_branch_labels.py
[2022-09-20T17:22:04.899+0530] {logging_mixin.py:115} INFO - [2022-09-20T17:22:04.898+0530] {dag.py:2429} INFO - Sync 1 DAGs
[2022-09-20T17:22:04.913+0530] {logging_mixin.py:115} INFO - [2022-09-20T17:22:04.913+0530] {dag.py:2977} INFO - Setting next_dagrun for example_branch_labels to 2022-09-19T00:00:00+00:00, run_after=2022-09-20T00:00:00+00:00
[2022-09-20T17:22:04.923+0530] {processor.py:161} INFO - Processing /home/sayone/This PC/SayOne Technologies/Works/airflow_new/Airflow/venv/lib/python3.8/site-packages/airflow/example_dags/example_branch_labels.py took 0.047 seconds
[2022-09-20T17:22:38.521+0530] {processor.py:153} INFO - Started process (PID=30287) to work on /home/sayone/This PC/SayOne Technologies/Works/airflow_new/Airflow/venv/lib/python3.8/site-packages/airflow/example_dags/example_branch_labels.py
[2022-09-20T17:22:38.524+0530] {processor.py:640} INFO - Processing file /home/sayone/This PC/SayOne Technologies/Works/airflow_new/Airflow/venv/lib/python3.8/site-packages/airflow/example_dags/example_branch_labels.py for tasks to queue
[2022-09-20T17:22:38.525+0530] {logging_mixin.py:115} INFO - [2022-09-20T17:22:38.525+0530] {dagbag.py:508} INFO - Filling up the DagBag from /home/sayone/This PC/SayOne Technologies/Works/airflow_new/Airflow/venv/lib/python3.8/site-packages/airflow/example_dags/example_branch_labels.py
[2022-09-20T17:22:38.529+0530] {processor.py:650} INFO - DAG(s) dict_keys(['example_branch_labels']) retrieved from /home/sayone/This PC/SayOne Technologies/Works/airflow_new/Airflow/venv/lib/python3.8/site-packages/airflow/example_dags/example_branch_labels.py
[2022-09-20T17:22:38.539+0530] {logging_mixin.py:115} INFO - [2022-09-20T17:22:38.539+0530] {dag.py:2429} INFO - Sync 1 DAGs
[2022-09-20T17:22:38.556+0530] {logging_mixin.py:115} INFO - [2022-09-20T17:22:38.556+0530] {dag.py:2977} INFO - Setting next_dagrun for example_branch_labels to 2022-09-19T00:00:00+00:00, run_after=2022-09-20T00:00:00+00:00
[2022-09-20T17:22:38.566+0530] {processor.py:161} INFO - Processing /home/sayone/This PC/SayOne Technologies/Works/airflow_new/Airflow/venv/lib/python3.8/site-packages/airflow/example_dags/example_branch_labels.py took 0.046 seconds
[2022-09-20T17:23:40.834+0530] {processor.py:153} INFO - Started process (PID=30461) to work on /home/sayone/This PC/SayOne Technologies/Works/airflow_new/Airflow/venv/lib/python3.8/site-packages/airflow/example_dags/example_branch_labels.py
[2022-09-20T17:23:40.836+0530] {processor.py:640} INFO - Processing file /home/sayone/This PC/SayOne Technologies/Works/airflow_new/Airflow/venv/lib/python3.8/site-packages/airflow/example_dags/example_branch_labels.py for tasks to queue
[2022-09-20T17:23:40.837+0530] {logging_mixin.py:115} INFO - [2022-09-20T17:23:40.837+0530] {dagbag.py:508} INFO - Filling up the DagBag from /home/sayone/This PC/SayOne Technologies/Works/airflow_new/Airflow/venv/lib/python3.8/site-packages/airflow/example_dags/example_branch_labels.py
[2022-09-20T17:23:40.843+0530] {processor.py:650} INFO - DAG(s) dict_keys(['example_branch_labels']) retrieved from /home/sayone/This PC/SayOne Technologies/Works/airflow_new/Airflow/venv/lib/python3.8/site-packages/airflow/example_dags/example_branch_labels.py
[2022-09-20T17:23:40.853+0530] {logging_mixin.py:115} INFO - [2022-09-20T17:23:40.853+0530] {dag.py:2429} INFO - Sync 1 DAGs
[2022-09-20T17:23:40.868+0530] {logging_mixin.py:115} INFO - [2022-09-20T17:23:40.868+0530] {dag.py:2977} INFO - Setting next_dagrun for example_branch_labels to 2022-09-19T00:00:00+00:00, run_after=2022-09-20T00:00:00+00:00
[2022-09-20T17:23:40.879+0530] {processor.py:161} INFO - Processing /home/sayone/This PC/SayOne Technologies/Works/airflow_new/Airflow/venv/lib/python3.8/site-packages/airflow/example_dags/example_branch_labels.py took 0.047 seconds
[2022-09-20T17:24:17.378+0530] {processor.py:153} INFO - Started process (PID=30614) to work on /home/sayone/This PC/SayOne Technologies/Works/airflow_new/Airflow/venv/lib/python3.8/site-packages/airflow/example_dags/example_branch_labels.py
[2022-09-20T17:24:17.380+0530] {processor.py:640} INFO - Processing file /home/sayone/This PC/SayOne Technologies/Works/airflow_new/Airflow/venv/lib/python3.8/site-packages/airflow/example_dags/example_branch_labels.py for tasks to queue
[2022-09-20T17:24:17.380+0530] {logging_mixin.py:115} INFO - [2022-09-20T17:24:17.380+0530] {dagbag.py:508} INFO - Filling up the DagBag from /home/sayone/This PC/SayOne Technologies/Works/airflow_new/Airflow/venv/lib/python3.8/site-packages/airflow/example_dags/example_branch_labels.py
[2022-09-20T17:24:17.385+0530] {processor.py:650} INFO - DAG(s) dict_keys(['example_branch_labels']) retrieved from /home/sayone/This PC/SayOne Technologies/Works/airflow_new/Airflow/venv/lib/python3.8/site-packages/airflow/example_dags/example_branch_labels.py
[2022-09-20T17:24:17.400+0530] {logging_mixin.py:115} INFO - [2022-09-20T17:24:17.400+0530] {dag.py:2429} INFO - Sync 1 DAGs
[2022-09-20T17:24:17.415+0530] {logging_mixin.py:115} INFO - [2022-09-20T17:24:17.414+0530] {dag.py:2977} INFO - Setting next_dagrun for example_branch_labels to 2022-09-19T00:00:00+00:00, run_after=2022-09-20T00:00:00+00:00
[2022-09-20T17:24:17.425+0530] {processor.py:161} INFO - Processing /home/sayone/This PC/SayOne Technologies/Works/airflow_new/Airflow/venv/lib/python3.8/site-packages/airflow/example_dags/example_branch_labels.py took 0.049 seconds
[2022-09-20T17:24:52.749+0530] {processor.py:153} INFO - Started process (PID=30861) to work on /home/sayone/This PC/SayOne Technologies/Works/airflow_new/Airflow/venv/lib/python3.8/site-packages/airflow/example_dags/example_branch_labels.py
[2022-09-20T17:24:52.750+0530] {processor.py:640} INFO - Processing file /home/sayone/This PC/SayOne Technologies/Works/airflow_new/Airflow/venv/lib/python3.8/site-packages/airflow/example_dags/example_branch_labels.py for tasks to queue
[2022-09-20T17:24:52.751+0530] {logging_mixin.py:115} INFO - [2022-09-20T17:24:52.751+0530] {dagbag.py:508} INFO - Filling up the DagBag from /home/sayone/This PC/SayOne Technologies/Works/airflow_new/Airflow/venv/lib/python3.8/site-packages/airflow/example_dags/example_branch_labels.py
[2022-09-20T17:24:52.759+0530] {processor.py:650} INFO - DAG(s) dict_keys(['example_branch_labels']) retrieved from /home/sayone/This PC/SayOne Technologies/Works/airflow_new/Airflow/venv/lib/python3.8/site-packages/airflow/example_dags/example_branch_labels.py
[2022-09-20T17:24:52.768+0530] {logging_mixin.py:115} INFO - [2022-09-20T17:24:52.768+0530] {dag.py:2429} INFO - Sync 1 DAGs
[2022-09-20T17:24:52.782+0530] {logging_mixin.py:115} INFO - [2022-09-20T17:24:52.781+0530] {dag.py:2977} INFO - Setting next_dagrun for example_branch_labels to 2022-09-19T00:00:00+00:00, run_after=2022-09-20T00:00:00+00:00
[2022-09-20T17:24:52.794+0530] {processor.py:161} INFO - Processing /home/sayone/This PC/SayOne Technologies/Works/airflow_new/Airflow/venv/lib/python3.8/site-packages/airflow/example_dags/example_branch_labels.py took 0.049 seconds
[2022-09-20T17:25:28.783+0530] {processor.py:153} INFO - Started process (PID=30997) to work on /home/sayone/This PC/SayOne Technologies/Works/airflow_new/Airflow/venv/lib/python3.8/site-packages/airflow/example_dags/example_branch_labels.py
[2022-09-20T17:25:28.785+0530] {processor.py:640} INFO - Processing file /home/sayone/This PC/SayOne Technologies/Works/airflow_new/Airflow/venv/lib/python3.8/site-packages/airflow/example_dags/example_branch_labels.py for tasks to queue
[2022-09-20T17:25:28.786+0530] {logging_mixin.py:115} INFO - [2022-09-20T17:25:28.786+0530] {dagbag.py:508} INFO - Filling up the DagBag from /home/sayone/This PC/SayOne Technologies/Works/airflow_new/Airflow/venv/lib/python3.8/site-packages/airflow/example_dags/example_branch_labels.py
[2022-09-20T17:25:28.793+0530] {processor.py:650} INFO - DAG(s) dict_keys(['example_branch_labels']) retrieved from /home/sayone/This PC/SayOne Technologies/Works/airflow_new/Airflow/venv/lib/python3.8/site-packages/airflow/example_dags/example_branch_labels.py
[2022-09-20T17:25:28.802+0530] {logging_mixin.py:115} INFO - [2022-09-20T17:25:28.802+0530] {dag.py:2429} INFO - Sync 1 DAGs
[2022-09-20T17:25:28.812+0530] {logging_mixin.py:115} INFO - [2022-09-20T17:25:28.812+0530] {dag.py:2977} INFO - Setting next_dagrun for example_branch_labels to 2022-09-19T00:00:00+00:00, run_after=2022-09-20T00:00:00+00:00
[2022-09-20T17:25:28.820+0530] {processor.py:161} INFO - Processing /home/sayone/This PC/SayOne Technologies/Works/airflow_new/Airflow/venv/lib/python3.8/site-packages/airflow/example_dags/example_branch_labels.py took 0.039 seconds
[2022-09-20T17:26:04.461+0530] {processor.py:153} INFO - Started process (PID=31123) to work on /home/sayone/This PC/SayOne Technologies/Works/airflow_new/Airflow/venv/lib/python3.8/site-packages/airflow/example_dags/example_branch_labels.py
[2022-09-20T17:26:04.463+0530] {processor.py:640} INFO - Processing file /home/sayone/This PC/SayOne Technologies/Works/airflow_new/Airflow/venv/lib/python3.8/site-packages/airflow/example_dags/example_branch_labels.py for tasks to queue
[2022-09-20T17:26:04.464+0530] {logging_mixin.py:115} INFO - [2022-09-20T17:26:04.464+0530] {dagbag.py:508} INFO - Filling up the DagBag from /home/sayone/This PC/SayOne Technologies/Works/airflow_new/Airflow/venv/lib/python3.8/site-packages/airflow/example_dags/example_branch_labels.py
[2022-09-20T17:26:04.471+0530] {processor.py:650} INFO - DAG(s) dict_keys(['example_branch_labels']) retrieved from /home/sayone/This PC/SayOne Technologies/Works/airflow_new/Airflow/venv/lib/python3.8/site-packages/airflow/example_dags/example_branch_labels.py
[2022-09-20T17:26:04.479+0530] {logging_mixin.py:115} INFO - [2022-09-20T17:26:04.479+0530] {dag.py:2429} INFO - Sync 1 DAGs
[2022-09-20T17:26:04.489+0530] {logging_mixin.py:115} INFO - [2022-09-20T17:26:04.489+0530] {dag.py:2977} INFO - Setting next_dagrun for example_branch_labels to 2022-09-19T00:00:00+00:00, run_after=2022-09-20T00:00:00+00:00
[2022-09-20T17:26:04.498+0530] {processor.py:161} INFO - Processing /home/sayone/This PC/SayOne Technologies/Works/airflow_new/Airflow/venv/lib/python3.8/site-packages/airflow/example_dags/example_branch_labels.py took 0.039 seconds
[2022-09-20T17:26:40.780+0530] {processor.py:153} INFO - Started process (PID=31207) to work on /home/sayone/This PC/SayOne Technologies/Works/airflow_new/Airflow/venv/lib/python3.8/site-packages/airflow/example_dags/example_branch_labels.py
[2022-09-20T17:26:40.783+0530] {processor.py:640} INFO - Processing file /home/sayone/This PC/SayOne Technologies/Works/airflow_new/Airflow/venv/lib/python3.8/site-packages/airflow/example_dags/example_branch_labels.py for tasks to queue
[2022-09-20T17:26:40.784+0530] {logging_mixin.py:115} INFO - [2022-09-20T17:26:40.784+0530] {dagbag.py:508} INFO - Filling up the DagBag from /home/sayone/This PC/SayOne Technologies/Works/airflow_new/Airflow/venv/lib/python3.8/site-packages/airflow/example_dags/example_branch_labels.py
[2022-09-20T17:26:40.794+0530] {processor.py:650} INFO - DAG(s) dict_keys(['example_branch_labels']) retrieved from /home/sayone/This PC/SayOne Technologies/Works/airflow_new/Airflow/venv/lib/python3.8/site-packages/airflow/example_dags/example_branch_labels.py
[2022-09-20T17:26:40.804+0530] {logging_mixin.py:115} INFO - [2022-09-20T17:26:40.804+0530] {dag.py:2429} INFO - Sync 1 DAGs
[2022-09-20T17:26:40.814+0530] {logging_mixin.py:115} INFO - [2022-09-20T17:26:40.814+0530] {dag.py:2977} INFO - Setting next_dagrun for example_branch_labels to 2022-09-19T00:00:00+00:00, run_after=2022-09-20T00:00:00+00:00
[2022-09-20T17:26:40.822+0530] {processor.py:161} INFO - Processing /home/sayone/This PC/SayOne Technologies/Works/airflow_new/Airflow/venv/lib/python3.8/site-packages/airflow/example_dags/example_branch_labels.py took 0.044 seconds
[2022-09-20T17:27:17.958+0530] {processor.py:153} INFO - Started process (PID=31498) to work on /home/sayone/This PC/SayOne Technologies/Works/airflow_new/Airflow/venv/lib/python3.8/site-packages/airflow/example_dags/example_branch_labels.py
[2022-09-20T17:27:17.960+0530] {processor.py:640} INFO - Processing file /home/sayone/This PC/SayOne Technologies/Works/airflow_new/Airflow/venv/lib/python3.8/site-packages/airflow/example_dags/example_branch_labels.py for tasks to queue
[2022-09-20T17:27:17.961+0530] {logging_mixin.py:115} INFO - [2022-09-20T17:27:17.961+0530] {dagbag.py:508} INFO - Filling up the DagBag from /home/sayone/This PC/SayOne Technologies/Works/airflow_new/Airflow/venv/lib/python3.8/site-packages/airflow/example_dags/example_branch_labels.py
[2022-09-20T17:27:17.966+0530] {processor.py:650} INFO - DAG(s) dict_keys(['example_branch_labels']) retrieved from /home/sayone/This PC/SayOne Technologies/Works/airflow_new/Airflow/venv/lib/python3.8/site-packages/airflow/example_dags/example_branch_labels.py
[2022-09-20T17:27:17.976+0530] {logging_mixin.py:115} INFO - [2022-09-20T17:27:17.975+0530] {dag.py:2429} INFO - Sync 1 DAGs
[2022-09-20T17:27:17.986+0530] {logging_mixin.py:115} INFO - [2022-09-20T17:27:17.986+0530] {dag.py:2977} INFO - Setting next_dagrun for example_branch_labels to 2022-09-19T00:00:00+00:00, run_after=2022-09-20T00:00:00+00:00
[2022-09-20T17:27:17.995+0530] {processor.py:161} INFO - Processing /home/sayone/This PC/SayOne Technologies/Works/airflow_new/Airflow/venv/lib/python3.8/site-packages/airflow/example_dags/example_branch_labels.py took 0.039 seconds
[2022-09-20T17:27:54.024+0530] {processor.py:153} INFO - Started process (PID=31636) to work on /home/sayone/This PC/SayOne Technologies/Works/airflow_new/Airflow/venv/lib/python3.8/site-packages/airflow/example_dags/example_branch_labels.py
[2022-09-20T17:27:54.027+0530] {processor.py:640} INFO - Processing file /home/sayone/This PC/SayOne Technologies/Works/airflow_new/Airflow/venv/lib/python3.8/site-packages/airflow/example_dags/example_branch_labels.py for tasks to queue
[2022-09-20T17:27:54.028+0530] {logging_mixin.py:115} INFO - [2022-09-20T17:27:54.028+0530] {dagbag.py:508} INFO - Filling up the DagBag from /home/sayone/This PC/SayOne Technologies/Works/airflow_new/Airflow/venv/lib/python3.8/site-packages/airflow/example_dags/example_branch_labels.py
[2022-09-20T17:27:54.034+0530] {processor.py:650} INFO - DAG(s) dict_keys(['example_branch_labels']) retrieved from /home/sayone/This PC/SayOne Technologies/Works/airflow_new/Airflow/venv/lib/python3.8/site-packages/airflow/example_dags/example_branch_labels.py
[2022-09-20T17:27:54.043+0530] {logging_mixin.py:115} INFO - [2022-09-20T17:27:54.042+0530] {dag.py:2429} INFO - Sync 1 DAGs
[2022-09-20T17:27:54.053+0530] {logging_mixin.py:115} INFO - [2022-09-20T17:27:54.053+0530] {dag.py:2977} INFO - Setting next_dagrun for example_branch_labels to 2022-09-19T00:00:00+00:00, run_after=2022-09-20T00:00:00+00:00
[2022-09-20T17:27:54.061+0530] {processor.py:161} INFO - Processing /home/sayone/This PC/SayOne Technologies/Works/airflow_new/Airflow/venv/lib/python3.8/site-packages/airflow/example_dags/example_branch_labels.py took 0.038 seconds
[2022-09-20T17:28:29.791+0530] {processor.py:153} INFO - Started process (PID=31712) to work on /home/sayone/This PC/SayOne Technologies/Works/airflow_new/Airflow/venv/lib/python3.8/site-packages/airflow/example_dags/example_branch_labels.py
[2022-09-20T17:28:29.794+0530] {processor.py:640} INFO - Processing file /home/sayone/This PC/SayOne Technologies/Works/airflow_new/Airflow/venv/lib/python3.8/site-packages/airflow/example_dags/example_branch_labels.py for tasks to queue
[2022-09-20T17:28:29.794+0530] {logging_mixin.py:115} INFO - [2022-09-20T17:28:29.794+0530] {dagbag.py:508} INFO - Filling up the DagBag from /home/sayone/This PC/SayOne Technologies/Works/airflow_new/Airflow/venv/lib/python3.8/site-packages/airflow/example_dags/example_branch_labels.py
[2022-09-20T17:28:29.804+0530] {processor.py:650} INFO - DAG(s) dict_keys(['example_branch_labels']) retrieved from /home/sayone/This PC/SayOne Technologies/Works/airflow_new/Airflow/venv/lib/python3.8/site-packages/airflow/example_dags/example_branch_labels.py
[2022-09-20T17:28:29.814+0530] {logging_mixin.py:115} INFO - [2022-09-20T17:28:29.814+0530] {dag.py:2429} INFO - Sync 1 DAGs
[2022-09-20T17:28:29.825+0530] {logging_mixin.py:115} INFO - [2022-09-20T17:28:29.824+0530] {dag.py:2977} INFO - Setting next_dagrun for example_branch_labels to 2022-09-19T00:00:00+00:00, run_after=2022-09-20T00:00:00+00:00
[2022-09-20T17:28:29.832+0530] {processor.py:161} INFO - Processing /home/sayone/This PC/SayOne Technologies/Works/airflow_new/Airflow/venv/lib/python3.8/site-packages/airflow/example_dags/example_branch_labels.py took 0.045 seconds
[2022-09-20T17:29:07.331+0530] {processor.py:153} INFO - Started process (PID=31841) to work on /home/sayone/This PC/SayOne Technologies/Works/airflow_new/Airflow/venv/lib/python3.8/site-packages/airflow/example_dags/example_branch_labels.py
[2022-09-20T17:29:07.334+0530] {processor.py:640} INFO - Processing file /home/sayone/This PC/SayOne Technologies/Works/airflow_new/Airflow/venv/lib/python3.8/site-packages/airflow/example_dags/example_branch_labels.py for tasks to queue
[2022-09-20T17:29:07.335+0530] {logging_mixin.py:115} INFO - [2022-09-20T17:29:07.334+0530] {dagbag.py:508} INFO - Filling up the DagBag from /home/sayone/This PC/SayOne Technologies/Works/airflow_new/Airflow/venv/lib/python3.8/site-packages/airflow/example_dags/example_branch_labels.py
[2022-09-20T17:29:07.345+0530] {processor.py:650} INFO - DAG(s) dict_keys(['example_branch_labels']) retrieved from /home/sayone/This PC/SayOne Technologies/Works/airflow_new/Airflow/venv/lib/python3.8/site-packages/airflow/example_dags/example_branch_labels.py
[2022-09-20T17:29:07.355+0530] {logging_mixin.py:115} INFO - [2022-09-20T17:29:07.355+0530] {dag.py:2429} INFO - Sync 1 DAGs
[2022-09-20T17:29:07.366+0530] {logging_mixin.py:115} INFO - [2022-09-20T17:29:07.366+0530] {dag.py:2977} INFO - Setting next_dagrun for example_branch_labels to 2022-09-19T00:00:00+00:00, run_after=2022-09-20T00:00:00+00:00
[2022-09-20T17:29:07.374+0530] {processor.py:161} INFO - Processing /home/sayone/This PC/SayOne Technologies/Works/airflow_new/Airflow/venv/lib/python3.8/site-packages/airflow/example_dags/example_branch_labels.py took 0.046 seconds
[2022-09-20T17:29:41.905+0530] {processor.py:153} INFO - Started process (PID=31986) to work on /home/sayone/This PC/SayOne Technologies/Works/airflow_new/Airflow/venv/lib/python3.8/site-packages/airflow/example_dags/example_branch_labels.py
[2022-09-20T17:29:41.908+0530] {processor.py:640} INFO - Processing file /home/sayone/This PC/SayOne Technologies/Works/airflow_new/Airflow/venv/lib/python3.8/site-packages/airflow/example_dags/example_branch_labels.py for tasks to queue
[2022-09-20T17:29:41.909+0530] {logging_mixin.py:115} INFO - [2022-09-20T17:29:41.909+0530] {dagbag.py:508} INFO - Filling up the DagBag from /home/sayone/This PC/SayOne Technologies/Works/airflow_new/Airflow/venv/lib/python3.8/site-packages/airflow/example_dags/example_branch_labels.py
[2022-09-20T17:29:41.919+0530] {processor.py:650} INFO - DAG(s) dict_keys(['example_branch_labels']) retrieved from /home/sayone/This PC/SayOne Technologies/Works/airflow_new/Airflow/venv/lib/python3.8/site-packages/airflow/example_dags/example_branch_labels.py
[2022-09-20T17:29:41.929+0530] {logging_mixin.py:115} INFO - [2022-09-20T17:29:41.929+0530] {dag.py:2429} INFO - Sync 1 DAGs
[2022-09-20T17:29:41.940+0530] {logging_mixin.py:115} INFO - [2022-09-20T17:29:41.940+0530] {dag.py:2977} INFO - Setting next_dagrun for example_branch_labels to 2022-09-19T00:00:00+00:00, run_after=2022-09-20T00:00:00+00:00
[2022-09-20T17:29:41.948+0530] {processor.py:161} INFO - Processing /home/sayone/This PC/SayOne Technologies/Works/airflow_new/Airflow/venv/lib/python3.8/site-packages/airflow/example_dags/example_branch_labels.py took 0.046 seconds
[2022-09-20T17:30:18.259+0530] {processor.py:153} INFO - Started process (PID=32100) to work on /home/sayone/This PC/SayOne Technologies/Works/airflow_new/Airflow/venv/lib/python3.8/site-packages/airflow/example_dags/example_branch_labels.py
[2022-09-20T17:30:18.261+0530] {processor.py:640} INFO - Processing file /home/sayone/This PC/SayOne Technologies/Works/airflow_new/Airflow/venv/lib/python3.8/site-packages/airflow/example_dags/example_branch_labels.py for tasks to queue
[2022-09-20T17:30:18.262+0530] {logging_mixin.py:115} INFO - [2022-09-20T17:30:18.262+0530] {dagbag.py:508} INFO - Filling up the DagBag from /home/sayone/This PC/SayOne Technologies/Works/airflow_new/Airflow/venv/lib/python3.8/site-packages/airflow/example_dags/example_branch_labels.py
[2022-09-20T17:30:18.270+0530] {processor.py:650} INFO - DAG(s) dict_keys(['example_branch_labels']) retrieved from /home/sayone/This PC/SayOne Technologies/Works/airflow_new/Airflow/venv/lib/python3.8/site-packages/airflow/example_dags/example_branch_labels.py
[2022-09-20T17:30:18.281+0530] {logging_mixin.py:115} INFO - [2022-09-20T17:30:18.281+0530] {dag.py:2429} INFO - Sync 1 DAGs
[2022-09-20T17:30:18.291+0530] {logging_mixin.py:115} INFO - [2022-09-20T17:30:18.291+0530] {dag.py:2977} INFO - Setting next_dagrun for example_branch_labels to 2022-09-19T00:00:00+00:00, run_after=2022-09-20T00:00:00+00:00
[2022-09-20T17:30:18.298+0530] {processor.py:161} INFO - Processing /home/sayone/This PC/SayOne Technologies/Works/airflow_new/Airflow/venv/lib/python3.8/site-packages/airflow/example_dags/example_branch_labels.py took 0.041 seconds
[2022-09-20T17:30:54.184+0530] {processor.py:153} INFO - Started process (PID=32221) to work on /home/sayone/This PC/SayOne Technologies/Works/airflow_new/Airflow/venv/lib/python3.8/site-packages/airflow/example_dags/example_branch_labels.py
[2022-09-20T17:30:54.187+0530] {processor.py:640} INFO - Processing file /home/sayone/This PC/SayOne Technologies/Works/airflow_new/Airflow/venv/lib/python3.8/site-packages/airflow/example_dags/example_branch_labels.py for tasks to queue
[2022-09-20T17:30:54.188+0530] {logging_mixin.py:115} INFO - [2022-09-20T17:30:54.188+0530] {dagbag.py:508} INFO - Filling up the DagBag from /home/sayone/This PC/SayOne Technologies/Works/airflow_new/Airflow/venv/lib/python3.8/site-packages/airflow/example_dags/example_branch_labels.py
[2022-09-20T17:30:54.199+0530] {processor.py:650} INFO - DAG(s) dict_keys(['example_branch_labels']) retrieved from /home/sayone/This PC/SayOne Technologies/Works/airflow_new/Airflow/venv/lib/python3.8/site-packages/airflow/example_dags/example_branch_labels.py
[2022-09-20T17:30:54.211+0530] {logging_mixin.py:115} INFO - [2022-09-20T17:30:54.211+0530] {dag.py:2429} INFO - Sync 1 DAGs
[2022-09-20T17:30:54.221+0530] {logging_mixin.py:115} INFO - [2022-09-20T17:30:54.221+0530] {dag.py:2977} INFO - Setting next_dagrun for example_branch_labels to 2022-09-19T00:00:00+00:00, run_after=2022-09-20T00:00:00+00:00
[2022-09-20T17:30:54.228+0530] {processor.py:161} INFO - Processing /home/sayone/This PC/SayOne Technologies/Works/airflow_new/Airflow/venv/lib/python3.8/site-packages/airflow/example_dags/example_branch_labels.py took 0.046 seconds
[2022-09-20T17:31:31.369+0530] {processor.py:153} INFO - Started process (PID=32295) to work on /home/sayone/This PC/SayOne Technologies/Works/airflow_new/Airflow/venv/lib/python3.8/site-packages/airflow/example_dags/example_branch_labels.py
[2022-09-20T17:31:31.369+0530] {processor.py:640} INFO - Processing file /home/sayone/This PC/SayOne Technologies/Works/airflow_new/Airflow/venv/lib/python3.8/site-packages/airflow/example_dags/example_branch_labels.py for tasks to queue
[2022-09-20T17:31:31.370+0530] {logging_mixin.py:115} INFO - [2022-09-20T17:31:31.370+0530] {dagbag.py:508} INFO - Filling up the DagBag from /home/sayone/This PC/SayOne Technologies/Works/airflow_new/Airflow/venv/lib/python3.8/site-packages/airflow/example_dags/example_branch_labels.py
[2022-09-20T17:31:31.376+0530] {processor.py:650} INFO - DAG(s) dict_keys(['example_branch_labels']) retrieved from /home/sayone/This PC/SayOne Technologies/Works/airflow_new/Airflow/venv/lib/python3.8/site-packages/airflow/example_dags/example_branch_labels.py
[2022-09-20T17:31:31.387+0530] {logging_mixin.py:115} INFO - [2022-09-20T17:31:31.387+0530] {dag.py:2429} INFO - Sync 1 DAGs
[2022-09-20T17:31:31.398+0530] {logging_mixin.py:115} INFO - [2022-09-20T17:31:31.398+0530] {dag.py:2977} INFO - Setting next_dagrun for example_branch_labels to 2022-09-19T00:00:00+00:00, run_after=2022-09-20T00:00:00+00:00
[2022-09-20T17:31:31.406+0530] {processor.py:161} INFO - Processing /home/sayone/This PC/SayOne Technologies/Works/airflow_new/Airflow/venv/lib/python3.8/site-packages/airflow/example_dags/example_branch_labels.py took 0.040 seconds
[2022-09-20T17:32:06.416+0530] {processor.py:153} INFO - Started process (PID=32481) to work on /home/sayone/This PC/SayOne Technologies/Works/airflow_new/Airflow/venv/lib/python3.8/site-packages/airflow/example_dags/example_branch_labels.py
[2022-09-20T17:32:06.419+0530] {processor.py:640} INFO - Processing file /home/sayone/This PC/SayOne Technologies/Works/airflow_new/Airflow/venv/lib/python3.8/site-packages/airflow/example_dags/example_branch_labels.py for tasks to queue
[2022-09-20T17:32:06.420+0530] {logging_mixin.py:115} INFO - [2022-09-20T17:32:06.420+0530] {dagbag.py:508} INFO - Filling up the DagBag from /home/sayone/This PC/SayOne Technologies/Works/airflow_new/Airflow/venv/lib/python3.8/site-packages/airflow/example_dags/example_branch_labels.py
[2022-09-20T17:32:06.430+0530] {processor.py:650} INFO - DAG(s) dict_keys(['example_branch_labels']) retrieved from /home/sayone/This PC/SayOne Technologies/Works/airflow_new/Airflow/venv/lib/python3.8/site-packages/airflow/example_dags/example_branch_labels.py
[2022-09-20T17:32:06.440+0530] {logging_mixin.py:115} INFO - [2022-09-20T17:32:06.439+0530] {dag.py:2429} INFO - Sync 1 DAGs
[2022-09-20T17:32:06.450+0530] {logging_mixin.py:115} INFO - [2022-09-20T17:32:06.450+0530] {dag.py:2977} INFO - Setting next_dagrun for example_branch_labels to 2022-09-19T00:00:00+00:00, run_after=2022-09-20T00:00:00+00:00
[2022-09-20T17:32:06.457+0530] {processor.py:161} INFO - Processing /home/sayone/This PC/SayOne Technologies/Works/airflow_new/Airflow/venv/lib/python3.8/site-packages/airflow/example_dags/example_branch_labels.py took 0.046 seconds
[2022-09-20T17:32:42.145+0530] {processor.py:153} INFO - Started process (PID=32612) to work on /home/sayone/This PC/SayOne Technologies/Works/airflow_new/Airflow/venv/lib/python3.8/site-packages/airflow/example_dags/example_branch_labels.py
[2022-09-20T17:32:42.148+0530] {processor.py:640} INFO - Processing file /home/sayone/This PC/SayOne Technologies/Works/airflow_new/Airflow/venv/lib/python3.8/site-packages/airflow/example_dags/example_branch_labels.py for tasks to queue
[2022-09-20T17:32:42.149+0530] {logging_mixin.py:115} INFO - [2022-09-20T17:32:42.148+0530] {dagbag.py:508} INFO - Filling up the DagBag from /home/sayone/This PC/SayOne Technologies/Works/airflow_new/Airflow/venv/lib/python3.8/site-packages/airflow/example_dags/example_branch_labels.py
[2022-09-20T17:32:42.159+0530] {processor.py:650} INFO - DAG(s) dict_keys(['example_branch_labels']) retrieved from /home/sayone/This PC/SayOne Technologies/Works/airflow_new/Airflow/venv/lib/python3.8/site-packages/airflow/example_dags/example_branch_labels.py
[2022-09-20T17:32:42.169+0530] {logging_mixin.py:115} INFO - [2022-09-20T17:32:42.169+0530] {dag.py:2429} INFO - Sync 1 DAGs
[2022-09-20T17:32:42.179+0530] {logging_mixin.py:115} INFO - [2022-09-20T17:32:42.179+0530] {dag.py:2977} INFO - Setting next_dagrun for example_branch_labels to 2022-09-19T00:00:00+00:00, run_after=2022-09-20T00:00:00+00:00
[2022-09-20T17:32:42.187+0530] {processor.py:161} INFO - Processing /home/sayone/This PC/SayOne Technologies/Works/airflow_new/Airflow/venv/lib/python3.8/site-packages/airflow/example_dags/example_branch_labels.py took 0.046 seconds
[2022-09-20T17:33:17.250+0530] {processor.py:153} INFO - Started process (PID=32704) to work on /home/sayone/This PC/SayOne Technologies/Works/airflow_new/Airflow/venv/lib/python3.8/site-packages/airflow/example_dags/example_branch_labels.py
[2022-09-20T17:33:17.252+0530] {processor.py:640} INFO - Processing file /home/sayone/This PC/SayOne Technologies/Works/airflow_new/Airflow/venv/lib/python3.8/site-packages/airflow/example_dags/example_branch_labels.py for tasks to queue
[2022-09-20T17:33:17.253+0530] {logging_mixin.py:115} INFO - [2022-09-20T17:33:17.253+0530] {dagbag.py:508} INFO - Filling up the DagBag from /home/sayone/This PC/SayOne Technologies/Works/airflow_new/Airflow/venv/lib/python3.8/site-packages/airflow/example_dags/example_branch_labels.py
[2022-09-20T17:33:17.257+0530] {processor.py:650} INFO - DAG(s) dict_keys(['example_branch_labels']) retrieved from /home/sayone/This PC/SayOne Technologies/Works/airflow_new/Airflow/venv/lib/python3.8/site-packages/airflow/example_dags/example_branch_labels.py
[2022-09-20T17:33:17.265+0530] {logging_mixin.py:115} INFO - [2022-09-20T17:33:17.265+0530] {dag.py:2429} INFO - Sync 1 DAGs
[2022-09-20T17:33:17.275+0530] {logging_mixin.py:115} INFO - [2022-09-20T17:33:17.275+0530] {dag.py:2977} INFO - Setting next_dagrun for example_branch_labels to 2022-09-19T00:00:00+00:00, run_after=2022-09-20T00:00:00+00:00
[2022-09-20T17:33:17.284+0530] {processor.py:161} INFO - Processing /home/sayone/This PC/SayOne Technologies/Works/airflow_new/Airflow/venv/lib/python3.8/site-packages/airflow/example_dags/example_branch_labels.py took 0.036 seconds
[2022-09-20T17:33:54.146+0530] {processor.py:153} INFO - Started process (PID=32815) to work on /home/sayone/This PC/SayOne Technologies/Works/airflow_new/Airflow/venv/lib/python3.8/site-packages/airflow/example_dags/example_branch_labels.py
[2022-09-20T17:33:54.148+0530] {processor.py:640} INFO - Processing file /home/sayone/This PC/SayOne Technologies/Works/airflow_new/Airflow/venv/lib/python3.8/site-packages/airflow/example_dags/example_branch_labels.py for tasks to queue
[2022-09-20T17:33:54.149+0530] {logging_mixin.py:115} INFO - [2022-09-20T17:33:54.149+0530] {dagbag.py:508} INFO - Filling up the DagBag from /home/sayone/This PC/SayOne Technologies/Works/airflow_new/Airflow/venv/lib/python3.8/site-packages/airflow/example_dags/example_branch_labels.py
[2022-09-20T17:33:54.159+0530] {processor.py:650} INFO - DAG(s) dict_keys(['example_branch_labels']) retrieved from /home/sayone/This PC/SayOne Technologies/Works/airflow_new/Airflow/venv/lib/python3.8/site-packages/airflow/example_dags/example_branch_labels.py
[2022-09-20T17:33:54.169+0530] {logging_mixin.py:115} INFO - [2022-09-20T17:33:54.169+0530] {dag.py:2429} INFO - Sync 1 DAGs
[2022-09-20T17:33:54.179+0530] {logging_mixin.py:115} INFO - [2022-09-20T17:33:54.179+0530] {dag.py:2977} INFO - Setting next_dagrun for example_branch_labels to 2022-09-19T00:00:00+00:00, run_after=2022-09-20T00:00:00+00:00
[2022-09-20T17:33:54.188+0530] {processor.py:161} INFO - Processing /home/sayone/This PC/SayOne Technologies/Works/airflow_new/Airflow/venv/lib/python3.8/site-packages/airflow/example_dags/example_branch_labels.py took 0.044 seconds
[2022-09-20T17:34:31.253+0530] {processor.py:153} INFO - Started process (PID=33008) to work on /home/sayone/This PC/SayOne Technologies/Works/airflow_new/Airflow/venv/lib/python3.8/site-packages/airflow/example_dags/example_branch_labels.py
[2022-09-20T17:34:31.256+0530] {processor.py:640} INFO - Processing file /home/sayone/This PC/SayOne Technologies/Works/airflow_new/Airflow/venv/lib/python3.8/site-packages/airflow/example_dags/example_branch_labels.py for tasks to queue
[2022-09-20T17:34:31.257+0530] {logging_mixin.py:115} INFO - [2022-09-20T17:34:31.257+0530] {dagbag.py:508} INFO - Filling up the DagBag from /home/sayone/This PC/SayOne Technologies/Works/airflow_new/Airflow/venv/lib/python3.8/site-packages/airflow/example_dags/example_branch_labels.py
[2022-09-20T17:34:31.264+0530] {processor.py:650} INFO - DAG(s) dict_keys(['example_branch_labels']) retrieved from /home/sayone/This PC/SayOne Technologies/Works/airflow_new/Airflow/venv/lib/python3.8/site-packages/airflow/example_dags/example_branch_labels.py
[2022-09-20T17:34:31.274+0530] {logging_mixin.py:115} INFO - [2022-09-20T17:34:31.274+0530] {dag.py:2429} INFO - Sync 1 DAGs
[2022-09-20T17:34:31.284+0530] {logging_mixin.py:115} INFO - [2022-09-20T17:34:31.284+0530] {dag.py:2977} INFO - Setting next_dagrun for example_branch_labels to 2022-09-19T00:00:00+00:00, run_after=2022-09-20T00:00:00+00:00
[2022-09-20T17:34:31.293+0530] {processor.py:161} INFO - Processing /home/sayone/This PC/SayOne Technologies/Works/airflow_new/Airflow/venv/lib/python3.8/site-packages/airflow/example_dags/example_branch_labels.py took 0.045 seconds
[2022-09-20T17:35:07.309+0530] {processor.py:153} INFO - Started process (PID=33150) to work on /home/sayone/This PC/SayOne Technologies/Works/airflow_new/Airflow/venv/lib/python3.8/site-packages/airflow/example_dags/example_branch_labels.py
[2022-09-20T17:35:07.312+0530] {processor.py:640} INFO - Processing file /home/sayone/This PC/SayOne Technologies/Works/airflow_new/Airflow/venv/lib/python3.8/site-packages/airflow/example_dags/example_branch_labels.py for tasks to queue
[2022-09-20T17:35:07.313+0530] {logging_mixin.py:115} INFO - [2022-09-20T17:35:07.313+0530] {dagbag.py:508} INFO - Filling up the DagBag from /home/sayone/This PC/SayOne Technologies/Works/airflow_new/Airflow/venv/lib/python3.8/site-packages/airflow/example_dags/example_branch_labels.py
[2022-09-20T17:35:07.323+0530] {processor.py:650} INFO - DAG(s) dict_keys(['example_branch_labels']) retrieved from /home/sayone/This PC/SayOne Technologies/Works/airflow_new/Airflow/venv/lib/python3.8/site-packages/airflow/example_dags/example_branch_labels.py
[2022-09-20T17:35:07.333+0530] {logging_mixin.py:115} INFO - [2022-09-20T17:35:07.333+0530] {dag.py:2429} INFO - Sync 1 DAGs
[2022-09-20T17:35:07.343+0530] {logging_mixin.py:115} INFO - [2022-09-20T17:35:07.343+0530] {dag.py:2977} INFO - Setting next_dagrun for example_branch_labels to 2022-09-19T00:00:00+00:00, run_after=2022-09-20T00:00:00+00:00
[2022-09-20T17:35:07.352+0530] {processor.py:161} INFO - Processing /home/sayone/This PC/SayOne Technologies/Works/airflow_new/Airflow/venv/lib/python3.8/site-packages/airflow/example_dags/example_branch_labels.py took 0.047 seconds
[2022-09-20T17:35:42.195+0530] {processor.py:153} INFO - Started process (PID=33212) to work on /home/sayone/This PC/SayOne Technologies/Works/airflow_new/Airflow/venv/lib/python3.8/site-packages/airflow/example_dags/example_branch_labels.py
[2022-09-20T17:35:42.196+0530] {processor.py:640} INFO - Processing file /home/sayone/This PC/SayOne Technologies/Works/airflow_new/Airflow/venv/lib/python3.8/site-packages/airflow/example_dags/example_branch_labels.py for tasks to queue
[2022-09-20T17:35:42.196+0530] {logging_mixin.py:115} INFO - [2022-09-20T17:35:42.196+0530] {dagbag.py:508} INFO - Filling up the DagBag from /home/sayone/This PC/SayOne Technologies/Works/airflow_new/Airflow/venv/lib/python3.8/site-packages/airflow/example_dags/example_branch_labels.py
[2022-09-20T17:35:42.200+0530] {processor.py:650} INFO - DAG(s) dict_keys(['example_branch_labels']) retrieved from /home/sayone/This PC/SayOne Technologies/Works/airflow_new/Airflow/venv/lib/python3.8/site-packages/airflow/example_dags/example_branch_labels.py
[2022-09-20T17:35:42.209+0530] {logging_mixin.py:115} INFO - [2022-09-20T17:35:42.209+0530] {dag.py:2429} INFO - Sync 1 DAGs
[2022-09-20T17:35:42.219+0530] {logging_mixin.py:115} INFO - [2022-09-20T17:35:42.219+0530] {dag.py:2977} INFO - Setting next_dagrun for example_branch_labels to 2022-09-19T00:00:00+00:00, run_after=2022-09-20T00:00:00+00:00
[2022-09-20T17:35:42.228+0530] {processor.py:161} INFO - Processing /home/sayone/This PC/SayOne Technologies/Works/airflow_new/Airflow/venv/lib/python3.8/site-packages/airflow/example_dags/example_branch_labels.py took 0.035 seconds
[2022-09-20T17:36:21.580+0530] {processor.py:153} INFO - Started process (PID=33372) to work on /home/sayone/This PC/SayOne Technologies/Works/airflow_new/Airflow/venv/lib/python3.8/site-packages/airflow/example_dags/example_branch_labels.py
[2022-09-20T17:36:21.582+0530] {processor.py:640} INFO - Processing file /home/sayone/This PC/SayOne Technologies/Works/airflow_new/Airflow/venv/lib/python3.8/site-packages/airflow/example_dags/example_branch_labels.py for tasks to queue
[2022-09-20T17:36:21.583+0530] {logging_mixin.py:115} INFO - [2022-09-20T17:36:21.582+0530] {dagbag.py:508} INFO - Filling up the DagBag from /home/sayone/This PC/SayOne Technologies/Works/airflow_new/Airflow/venv/lib/python3.8/site-packages/airflow/example_dags/example_branch_labels.py
[2022-09-20T17:36:21.590+0530] {processor.py:650} INFO - DAG(s) dict_keys(['example_branch_labels']) retrieved from /home/sayone/This PC/SayOne Technologies/Works/airflow_new/Airflow/venv/lib/python3.8/site-packages/airflow/example_dags/example_branch_labels.py
[2022-09-20T17:36:21.601+0530] {logging_mixin.py:115} INFO - [2022-09-20T17:36:21.601+0530] {dag.py:2429} INFO - Sync 1 DAGs
[2022-09-20T17:36:21.612+0530] {logging_mixin.py:115} INFO - [2022-09-20T17:36:21.612+0530] {dag.py:2977} INFO - Setting next_dagrun for example_branch_labels to 2022-09-19T00:00:00+00:00, run_after=2022-09-20T00:00:00+00:00
[2022-09-20T17:36:21.623+0530] {processor.py:161} INFO - Processing /home/sayone/This PC/SayOne Technologies/Works/airflow_new/Airflow/venv/lib/python3.8/site-packages/airflow/example_dags/example_branch_labels.py took 0.047 seconds
[2022-09-20T17:36:55.363+0530] {processor.py:153} INFO - Started process (PID=33480) to work on /home/sayone/This PC/SayOne Technologies/Works/airflow_new/Airflow/venv/lib/python3.8/site-packages/airflow/example_dags/example_branch_labels.py
[2022-09-20T17:36:55.366+0530] {processor.py:640} INFO - Processing file /home/sayone/This PC/SayOne Technologies/Works/airflow_new/Airflow/venv/lib/python3.8/site-packages/airflow/example_dags/example_branch_labels.py for tasks to queue
[2022-09-20T17:36:55.367+0530] {logging_mixin.py:115} INFO - [2022-09-20T17:36:55.367+0530] {dagbag.py:508} INFO - Filling up the DagBag from /home/sayone/This PC/SayOne Technologies/Works/airflow_new/Airflow/venv/lib/python3.8/site-packages/airflow/example_dags/example_branch_labels.py
[2022-09-20T17:36:55.376+0530] {processor.py:650} INFO - DAG(s) dict_keys(['example_branch_labels']) retrieved from /home/sayone/This PC/SayOne Technologies/Works/airflow_new/Airflow/venv/lib/python3.8/site-packages/airflow/example_dags/example_branch_labels.py
[2022-09-20T17:36:55.385+0530] {logging_mixin.py:115} INFO - [2022-09-20T17:36:55.385+0530] {dag.py:2429} INFO - Sync 1 DAGs
[2022-09-20T17:36:55.396+0530] {logging_mixin.py:115} INFO - [2022-09-20T17:36:55.396+0530] {dag.py:2977} INFO - Setting next_dagrun for example_branch_labels to 2022-09-19T00:00:00+00:00, run_after=2022-09-20T00:00:00+00:00
[2022-09-20T17:36:55.407+0530] {processor.py:161} INFO - Processing /home/sayone/This PC/SayOne Technologies/Works/airflow_new/Airflow/venv/lib/python3.8/site-packages/airflow/example_dags/example_branch_labels.py took 0.048 seconds
[2022-09-20T17:37:33.658+0530] {processor.py:153} INFO - Started process (PID=33703) to work on /home/sayone/This PC/SayOne Technologies/Works/airflow_new/Airflow/venv/lib/python3.8/site-packages/airflow/example_dags/example_branch_labels.py
[2022-09-20T17:37:33.661+0530] {processor.py:640} INFO - Processing file /home/sayone/This PC/SayOne Technologies/Works/airflow_new/Airflow/venv/lib/python3.8/site-packages/airflow/example_dags/example_branch_labels.py for tasks to queue
[2022-09-20T17:37:33.662+0530] {logging_mixin.py:115} INFO - [2022-09-20T17:37:33.661+0530] {dagbag.py:508} INFO - Filling up the DagBag from /home/sayone/This PC/SayOne Technologies/Works/airflow_new/Airflow/venv/lib/python3.8/site-packages/airflow/example_dags/example_branch_labels.py
[2022-09-20T17:37:33.670+0530] {processor.py:650} INFO - DAG(s) dict_keys(['example_branch_labels']) retrieved from /home/sayone/This PC/SayOne Technologies/Works/airflow_new/Airflow/venv/lib/python3.8/site-packages/airflow/example_dags/example_branch_labels.py
[2022-09-20T17:37:33.680+0530] {logging_mixin.py:115} INFO - [2022-09-20T17:37:33.680+0530] {dag.py:2429} INFO - Sync 1 DAGs
[2022-09-20T17:37:33.693+0530] {logging_mixin.py:115} INFO - [2022-09-20T17:37:33.693+0530] {dag.py:2977} INFO - Setting next_dagrun for example_branch_labels to 2022-09-19T00:00:00+00:00, run_after=2022-09-20T00:00:00+00:00
[2022-09-20T17:37:33.703+0530] {processor.py:161} INFO - Processing /home/sayone/This PC/SayOne Technologies/Works/airflow_new/Airflow/venv/lib/python3.8/site-packages/airflow/example_dags/example_branch_labels.py took 0.050 seconds
[2022-09-20T17:38:19.048+0530] {processor.py:153} INFO - Started process (PID=33843) to work on /home/sayone/This PC/SayOne Technologies/Works/airflow_new/Airflow/venv/lib/python3.8/site-packages/airflow/example_dags/example_branch_labels.py
[2022-09-20T17:38:19.051+0530] {processor.py:640} INFO - Processing file /home/sayone/This PC/SayOne Technologies/Works/airflow_new/Airflow/venv/lib/python3.8/site-packages/airflow/example_dags/example_branch_labels.py for tasks to queue
[2022-09-20T17:38:19.052+0530] {logging_mixin.py:115} INFO - [2022-09-20T17:38:19.051+0530] {dagbag.py:508} INFO - Filling up the DagBag from /home/sayone/This PC/SayOne Technologies/Works/airflow_new/Airflow/venv/lib/python3.8/site-packages/airflow/example_dags/example_branch_labels.py
[2022-09-20T17:38:19.061+0530] {processor.py:650} INFO - DAG(s) dict_keys(['example_branch_labels']) retrieved from /home/sayone/This PC/SayOne Technologies/Works/airflow_new/Airflow/venv/lib/python3.8/site-packages/airflow/example_dags/example_branch_labels.py
[2022-09-20T17:38:19.071+0530] {logging_mixin.py:115} INFO - [2022-09-20T17:38:19.071+0530] {dag.py:2429} INFO - Sync 1 DAGs
[2022-09-20T17:38:19.084+0530] {logging_mixin.py:115} INFO - [2022-09-20T17:38:19.084+0530] {dag.py:2977} INFO - Setting next_dagrun for example_branch_labels to 2022-09-19T00:00:00+00:00, run_after=2022-09-20T00:00:00+00:00
[2022-09-20T17:38:19.093+0530] {processor.py:161} INFO - Processing /home/sayone/This PC/SayOne Technologies/Works/airflow_new/Airflow/venv/lib/python3.8/site-packages/airflow/example_dags/example_branch_labels.py took 0.050 seconds
[2022-09-20T17:38:57.780+0530] {processor.py:153} INFO - Started process (PID=33948) to work on /home/sayone/This PC/SayOne Technologies/Works/airflow_new/Airflow/venv/lib/python3.8/site-packages/airflow/example_dags/example_branch_labels.py
[2022-09-20T17:38:57.783+0530] {processor.py:640} INFO - Processing file /home/sayone/This PC/SayOne Technologies/Works/airflow_new/Airflow/venv/lib/python3.8/site-packages/airflow/example_dags/example_branch_labels.py for tasks to queue
[2022-09-20T17:38:57.784+0530] {logging_mixin.py:115} INFO - [2022-09-20T17:38:57.783+0530] {dagbag.py:508} INFO - Filling up the DagBag from /home/sayone/This PC/SayOne Technologies/Works/airflow_new/Airflow/venv/lib/python3.8/site-packages/airflow/example_dags/example_branch_labels.py
[2022-09-20T17:38:57.793+0530] {processor.py:650} INFO - DAG(s) dict_keys(['example_branch_labels']) retrieved from /home/sayone/This PC/SayOne Technologies/Works/airflow_new/Airflow/venv/lib/python3.8/site-packages/airflow/example_dags/example_branch_labels.py
[2022-09-20T17:38:57.802+0530] {logging_mixin.py:115} INFO - [2022-09-20T17:38:57.802+0530] {dag.py:2429} INFO - Sync 1 DAGs
[2022-09-20T17:38:57.813+0530] {logging_mixin.py:115} INFO - [2022-09-20T17:38:57.813+0530] {dag.py:2977} INFO - Setting next_dagrun for example_branch_labels to 2022-09-19T00:00:00+00:00, run_after=2022-09-20T00:00:00+00:00
[2022-09-20T17:38:57.821+0530] {processor.py:161} INFO - Processing /home/sayone/This PC/SayOne Technologies/Works/airflow_new/Airflow/venv/lib/python3.8/site-packages/airflow/example_dags/example_branch_labels.py took 0.044 seconds
[2022-09-20T17:39:29.939+0530] {processor.py:153} INFO - Started process (PID=34033) to work on /home/sayone/This PC/SayOne Technologies/Works/airflow_new/Airflow/venv/lib/python3.8/site-packages/airflow/example_dags/example_branch_labels.py
[2022-09-20T17:39:29.942+0530] {processor.py:640} INFO - Processing file /home/sayone/This PC/SayOne Technologies/Works/airflow_new/Airflow/venv/lib/python3.8/site-packages/airflow/example_dags/example_branch_labels.py for tasks to queue
[2022-09-20T17:39:29.943+0530] {logging_mixin.py:115} INFO - [2022-09-20T17:39:29.942+0530] {dagbag.py:508} INFO - Filling up the DagBag from /home/sayone/This PC/SayOne Technologies/Works/airflow_new/Airflow/venv/lib/python3.8/site-packages/airflow/example_dags/example_branch_labels.py
[2022-09-20T17:39:29.952+0530] {processor.py:650} INFO - DAG(s) dict_keys(['example_branch_labels']) retrieved from /home/sayone/This PC/SayOne Technologies/Works/airflow_new/Airflow/venv/lib/python3.8/site-packages/airflow/example_dags/example_branch_labels.py
[2022-09-20T17:39:29.964+0530] {logging_mixin.py:115} INFO - [2022-09-20T17:39:29.964+0530] {dag.py:2429} INFO - Sync 1 DAGs
[2022-09-20T17:39:29.977+0530] {logging_mixin.py:115} INFO - [2022-09-20T17:39:29.977+0530] {dag.py:2977} INFO - Setting next_dagrun for example_branch_labels to 2022-09-19T00:00:00+00:00, run_after=2022-09-20T00:00:00+00:00
[2022-09-20T17:39:29.985+0530] {processor.py:161} INFO - Processing /home/sayone/This PC/SayOne Technologies/Works/airflow_new/Airflow/venv/lib/python3.8/site-packages/airflow/example_dags/example_branch_labels.py took 0.050 seconds
[2022-09-20T17:40:08.274+0530] {processor.py:153} INFO - Started process (PID=34190) to work on /home/sayone/This PC/SayOne Technologies/Works/airflow_new/Airflow/venv/lib/python3.8/site-packages/airflow/example_dags/example_branch_labels.py
[2022-09-20T17:40:08.275+0530] {processor.py:640} INFO - Processing file /home/sayone/This PC/SayOne Technologies/Works/airflow_new/Airflow/venv/lib/python3.8/site-packages/airflow/example_dags/example_branch_labels.py for tasks to queue
[2022-09-20T17:40:08.276+0530] {logging_mixin.py:115} INFO - [2022-09-20T17:40:08.276+0530] {dagbag.py:508} INFO - Filling up the DagBag from /home/sayone/This PC/SayOne Technologies/Works/airflow_new/Airflow/venv/lib/python3.8/site-packages/airflow/example_dags/example_branch_labels.py
[2022-09-20T17:40:08.285+0530] {processor.py:650} INFO - DAG(s) dict_keys(['example_branch_labels']) retrieved from /home/sayone/This PC/SayOne Technologies/Works/airflow_new/Airflow/venv/lib/python3.8/site-packages/airflow/example_dags/example_branch_labels.py
[2022-09-20T17:40:08.294+0530] {logging_mixin.py:115} INFO - [2022-09-20T17:40:08.294+0530] {dag.py:2429} INFO - Sync 1 DAGs
[2022-09-20T17:40:08.305+0530] {logging_mixin.py:115} INFO - [2022-09-20T17:40:08.304+0530] {dag.py:2977} INFO - Setting next_dagrun for example_branch_labels to 2022-09-19T00:00:00+00:00, run_after=2022-09-20T00:00:00+00:00
[2022-09-20T17:40:08.312+0530] {processor.py:161} INFO - Processing /home/sayone/This PC/SayOne Technologies/Works/airflow_new/Airflow/venv/lib/python3.8/site-packages/airflow/example_dags/example_branch_labels.py took 0.042 seconds
[2022-09-20T17:40:43.073+0530] {processor.py:153} INFO - Started process (PID=34298) to work on /home/sayone/This PC/SayOne Technologies/Works/airflow_new/Airflow/venv/lib/python3.8/site-packages/airflow/example_dags/example_branch_labels.py
[2022-09-20T17:40:43.075+0530] {processor.py:640} INFO - Processing file /home/sayone/This PC/SayOne Technologies/Works/airflow_new/Airflow/venv/lib/python3.8/site-packages/airflow/example_dags/example_branch_labels.py for tasks to queue
[2022-09-20T17:40:43.075+0530] {logging_mixin.py:115} INFO - [2022-09-20T17:40:43.075+0530] {dagbag.py:508} INFO - Filling up the DagBag from /home/sayone/This PC/SayOne Technologies/Works/airflow_new/Airflow/venv/lib/python3.8/site-packages/airflow/example_dags/example_branch_labels.py
[2022-09-20T17:40:43.084+0530] {processor.py:650} INFO - DAG(s) dict_keys(['example_branch_labels']) retrieved from /home/sayone/This PC/SayOne Technologies/Works/airflow_new/Airflow/venv/lib/python3.8/site-packages/airflow/example_dags/example_branch_labels.py
[2022-09-20T17:40:43.095+0530] {logging_mixin.py:115} INFO - [2022-09-20T17:40:43.095+0530] {dag.py:2429} INFO - Sync 1 DAGs
[2022-09-20T17:40:43.105+0530] {logging_mixin.py:115} INFO - [2022-09-20T17:40:43.105+0530] {dag.py:2977} INFO - Setting next_dagrun for example_branch_labels to 2022-09-19T00:00:00+00:00, run_after=2022-09-20T00:00:00+00:00
[2022-09-20T17:40:43.115+0530] {processor.py:161} INFO - Processing /home/sayone/This PC/SayOne Technologies/Works/airflow_new/Airflow/venv/lib/python3.8/site-packages/airflow/example_dags/example_branch_labels.py took 0.044 seconds
[2022-09-20T17:41:20.909+0530] {processor.py:153} INFO - Started process (PID=34413) to work on /home/sayone/This PC/SayOne Technologies/Works/airflow_new/Airflow/venv/lib/python3.8/site-packages/airflow/example_dags/example_branch_labels.py
[2022-09-20T17:41:20.911+0530] {processor.py:640} INFO - Processing file /home/sayone/This PC/SayOne Technologies/Works/airflow_new/Airflow/venv/lib/python3.8/site-packages/airflow/example_dags/example_branch_labels.py for tasks to queue
[2022-09-20T17:41:20.912+0530] {logging_mixin.py:115} INFO - [2022-09-20T17:41:20.912+0530] {dagbag.py:508} INFO - Filling up the DagBag from /home/sayone/This PC/SayOne Technologies/Works/airflow_new/Airflow/venv/lib/python3.8/site-packages/airflow/example_dags/example_branch_labels.py
[2022-09-20T17:41:20.922+0530] {processor.py:650} INFO - DAG(s) dict_keys(['example_branch_labels']) retrieved from /home/sayone/This PC/SayOne Technologies/Works/airflow_new/Airflow/venv/lib/python3.8/site-packages/airflow/example_dags/example_branch_labels.py
[2022-09-20T17:41:20.932+0530] {logging_mixin.py:115} INFO - [2022-09-20T17:41:20.932+0530] {dag.py:2429} INFO - Sync 1 DAGs
[2022-09-20T17:41:20.944+0530] {logging_mixin.py:115} INFO - [2022-09-20T17:41:20.943+0530] {dag.py:2977} INFO - Setting next_dagrun for example_branch_labels to 2022-09-19T00:00:00+00:00, run_after=2022-09-20T00:00:00+00:00
[2022-09-20T17:41:20.952+0530] {processor.py:161} INFO - Processing /home/sayone/This PC/SayOne Technologies/Works/airflow_new/Airflow/venv/lib/python3.8/site-packages/airflow/example_dags/example_branch_labels.py took 0.045 seconds
[2022-09-20T17:45:48.730+0530] {processor.py:153} INFO - Started process (PID=34962) to work on /home/sayone/This PC/SayOne Technologies/Works/airflow_new/Airflow/venv/lib/python3.8/site-packages/airflow/example_dags/example_branch_labels.py
[2022-09-20T17:45:48.733+0530] {processor.py:640} INFO - Processing file /home/sayone/This PC/SayOne Technologies/Works/airflow_new/Airflow/venv/lib/python3.8/site-packages/airflow/example_dags/example_branch_labels.py for tasks to queue
[2022-09-20T17:45:48.734+0530] {logging_mixin.py:115} INFO - [2022-09-20T17:45:48.734+0530] {dagbag.py:508} INFO - Filling up the DagBag from /home/sayone/This PC/SayOne Technologies/Works/airflow_new/Airflow/venv/lib/python3.8/site-packages/airflow/example_dags/example_branch_labels.py
[2022-09-20T17:45:48.744+0530] {processor.py:650} INFO - DAG(s) dict_keys(['example_branch_labels']) retrieved from /home/sayone/This PC/SayOne Technologies/Works/airflow_new/Airflow/venv/lib/python3.8/site-packages/airflow/example_dags/example_branch_labels.py
[2022-09-20T17:45:48.754+0530] {logging_mixin.py:115} INFO - [2022-09-20T17:45:48.754+0530] {dag.py:2429} INFO - Sync 1 DAGs
[2022-09-20T17:45:48.764+0530] {logging_mixin.py:115} INFO - [2022-09-20T17:45:48.764+0530] {dag.py:2977} INFO - Setting next_dagrun for example_branch_labels to 2022-09-19T00:00:00+00:00, run_after=2022-09-20T00:00:00+00:00
[2022-09-20T17:45:48.772+0530] {processor.py:161} INFO - Processing /home/sayone/This PC/SayOne Technologies/Works/airflow_new/Airflow/venv/lib/python3.8/site-packages/airflow/example_dags/example_branch_labels.py took 0.046 seconds
[2022-09-20T17:46:43.985+0530] {processor.py:153} INFO - Started process (PID=35222) to work on /home/sayone/This PC/SayOne Technologies/Works/airflow_new/Airflow/venv/lib/python3.8/site-packages/airflow/example_dags/example_branch_labels.py
[2022-09-20T17:46:43.988+0530] {processor.py:640} INFO - Processing file /home/sayone/This PC/SayOne Technologies/Works/airflow_new/Airflow/venv/lib/python3.8/site-packages/airflow/example_dags/example_branch_labels.py for tasks to queue
[2022-09-20T17:46:43.989+0530] {logging_mixin.py:115} INFO - [2022-09-20T17:46:43.989+0530] {dagbag.py:508} INFO - Filling up the DagBag from /home/sayone/This PC/SayOne Technologies/Works/airflow_new/Airflow/venv/lib/python3.8/site-packages/airflow/example_dags/example_branch_labels.py
[2022-09-20T17:46:43.996+0530] {processor.py:650} INFO - DAG(s) dict_keys(['example_branch_labels']) retrieved from /home/sayone/This PC/SayOne Technologies/Works/airflow_new/Airflow/venv/lib/python3.8/site-packages/airflow/example_dags/example_branch_labels.py
[2022-09-20T17:46:44.006+0530] {logging_mixin.py:115} INFO - [2022-09-20T17:46:44.006+0530] {dag.py:2429} INFO - Sync 1 DAGs
[2022-09-20T17:46:44.017+0530] {logging_mixin.py:115} INFO - [2022-09-20T17:46:44.017+0530] {dag.py:2977} INFO - Setting next_dagrun for example_branch_labels to 2022-09-19T00:00:00+00:00, run_after=2022-09-20T00:00:00+00:00
[2022-09-20T17:46:44.025+0530] {processor.py:161} INFO - Processing /home/sayone/This PC/SayOne Technologies/Works/airflow_new/Airflow/venv/lib/python3.8/site-packages/airflow/example_dags/example_branch_labels.py took 0.046 seconds
[2022-09-20T17:47:19.474+0530] {processor.py:153} INFO - Started process (PID=35328) to work on /home/sayone/This PC/SayOne Technologies/Works/airflow_new/Airflow/venv/lib/python3.8/site-packages/airflow/example_dags/example_branch_labels.py
[2022-09-20T17:47:19.478+0530] {processor.py:640} INFO - Processing file /home/sayone/This PC/SayOne Technologies/Works/airflow_new/Airflow/venv/lib/python3.8/site-packages/airflow/example_dags/example_branch_labels.py for tasks to queue
[2022-09-20T17:47:19.479+0530] {logging_mixin.py:115} INFO - [2022-09-20T17:47:19.478+0530] {dagbag.py:508} INFO - Filling up the DagBag from /home/sayone/This PC/SayOne Technologies/Works/airflow_new/Airflow/venv/lib/python3.8/site-packages/airflow/example_dags/example_branch_labels.py
[2022-09-20T17:47:19.487+0530] {processor.py:650} INFO - DAG(s) dict_keys(['example_branch_labels']) retrieved from /home/sayone/This PC/SayOne Technologies/Works/airflow_new/Airflow/venv/lib/python3.8/site-packages/airflow/example_dags/example_branch_labels.py
[2022-09-20T17:47:19.496+0530] {logging_mixin.py:115} INFO - [2022-09-20T17:47:19.496+0530] {dag.py:2429} INFO - Sync 1 DAGs
[2022-09-20T17:47:19.507+0530] {logging_mixin.py:115} INFO - [2022-09-20T17:47:19.507+0530] {dag.py:2977} INFO - Setting next_dagrun for example_branch_labels to 2022-09-19T00:00:00+00:00, run_after=2022-09-20T00:00:00+00:00
[2022-09-20T17:47:19.515+0530] {processor.py:161} INFO - Processing /home/sayone/This PC/SayOne Technologies/Works/airflow_new/Airflow/venv/lib/python3.8/site-packages/airflow/example_dags/example_branch_labels.py took 0.042 seconds
[2022-09-20T17:47:57.153+0530] {processor.py:153} INFO - Started process (PID=35474) to work on /home/sayone/This PC/SayOne Technologies/Works/airflow_new/Airflow/venv/lib/python3.8/site-packages/airflow/example_dags/example_branch_labels.py
[2022-09-20T17:47:57.155+0530] {processor.py:640} INFO - Processing file /home/sayone/This PC/SayOne Technologies/Works/airflow_new/Airflow/venv/lib/python3.8/site-packages/airflow/example_dags/example_branch_labels.py for tasks to queue
[2022-09-20T17:47:57.155+0530] {logging_mixin.py:115} INFO - [2022-09-20T17:47:57.155+0530] {dagbag.py:508} INFO - Filling up the DagBag from /home/sayone/This PC/SayOne Technologies/Works/airflow_new/Airflow/venv/lib/python3.8/site-packages/airflow/example_dags/example_branch_labels.py
[2022-09-20T17:47:57.163+0530] {processor.py:650} INFO - DAG(s) dict_keys(['example_branch_labels']) retrieved from /home/sayone/This PC/SayOne Technologies/Works/airflow_new/Airflow/venv/lib/python3.8/site-packages/airflow/example_dags/example_branch_labels.py
[2022-09-20T17:47:57.174+0530] {logging_mixin.py:115} INFO - [2022-09-20T17:47:57.173+0530] {dag.py:2429} INFO - Sync 1 DAGs
[2022-09-20T17:47:57.184+0530] {logging_mixin.py:115} INFO - [2022-09-20T17:47:57.183+0530] {dag.py:2977} INFO - Setting next_dagrun for example_branch_labels to 2022-09-19T00:00:00+00:00, run_after=2022-09-20T00:00:00+00:00
[2022-09-20T17:47:57.192+0530] {processor.py:161} INFO - Processing /home/sayone/This PC/SayOne Technologies/Works/airflow_new/Airflow/venv/lib/python3.8/site-packages/airflow/example_dags/example_branch_labels.py took 0.041 seconds
[2022-09-20T17:48:33.783+0530] {processor.py:153} INFO - Started process (PID=35537) to work on /home/sayone/This PC/SayOne Technologies/Works/airflow_new/Airflow/venv/lib/python3.8/site-packages/airflow/example_dags/example_branch_labels.py
[2022-09-20T17:48:33.786+0530] {processor.py:640} INFO - Processing file /home/sayone/This PC/SayOne Technologies/Works/airflow_new/Airflow/venv/lib/python3.8/site-packages/airflow/example_dags/example_branch_labels.py for tasks to queue
[2022-09-20T17:48:33.787+0530] {logging_mixin.py:115} INFO - [2022-09-20T17:48:33.787+0530] {dagbag.py:508} INFO - Filling up the DagBag from /home/sayone/This PC/SayOne Technologies/Works/airflow_new/Airflow/venv/lib/python3.8/site-packages/airflow/example_dags/example_branch_labels.py
[2022-09-20T17:48:33.797+0530] {processor.py:650} INFO - DAG(s) dict_keys(['example_branch_labels']) retrieved from /home/sayone/This PC/SayOne Technologies/Works/airflow_new/Airflow/venv/lib/python3.8/site-packages/airflow/example_dags/example_branch_labels.py
[2022-09-20T17:48:33.807+0530] {logging_mixin.py:115} INFO - [2022-09-20T17:48:33.807+0530] {dag.py:2429} INFO - Sync 1 DAGs
[2022-09-20T17:48:33.817+0530] {logging_mixin.py:115} INFO - [2022-09-20T17:48:33.817+0530] {dag.py:2977} INFO - Setting next_dagrun for example_branch_labels to 2022-09-19T00:00:00+00:00, run_after=2022-09-20T00:00:00+00:00
[2022-09-20T17:48:33.827+0530] {processor.py:161} INFO - Processing /home/sayone/This PC/SayOne Technologies/Works/airflow_new/Airflow/venv/lib/python3.8/site-packages/airflow/example_dags/example_branch_labels.py took 0.045 seconds
[2022-09-20T17:49:11.855+0530] {processor.py:153} INFO - Started process (PID=35664) to work on /home/sayone/This PC/SayOne Technologies/Works/airflow_new/Airflow/venv/lib/python3.8/site-packages/airflow/example_dags/example_branch_labels.py
[2022-09-20T17:49:11.858+0530] {processor.py:640} INFO - Processing file /home/sayone/This PC/SayOne Technologies/Works/airflow_new/Airflow/venv/lib/python3.8/site-packages/airflow/example_dags/example_branch_labels.py for tasks to queue
[2022-09-20T17:49:11.859+0530] {logging_mixin.py:115} INFO - [2022-09-20T17:49:11.858+0530] {dagbag.py:508} INFO - Filling up the DagBag from /home/sayone/This PC/SayOne Technologies/Works/airflow_new/Airflow/venv/lib/python3.8/site-packages/airflow/example_dags/example_branch_labels.py
[2022-09-20T17:49:11.869+0530] {processor.py:650} INFO - DAG(s) dict_keys(['example_branch_labels']) retrieved from /home/sayone/This PC/SayOne Technologies/Works/airflow_new/Airflow/venv/lib/python3.8/site-packages/airflow/example_dags/example_branch_labels.py
[2022-09-20T17:49:11.879+0530] {logging_mixin.py:115} INFO - [2022-09-20T17:49:11.879+0530] {dag.py:2429} INFO - Sync 1 DAGs
[2022-09-20T17:49:11.889+0530] {logging_mixin.py:115} INFO - [2022-09-20T17:49:11.889+0530] {dag.py:2977} INFO - Setting next_dagrun for example_branch_labels to 2022-09-19T00:00:00+00:00, run_after=2022-09-20T00:00:00+00:00
[2022-09-20T17:49:11.897+0530] {processor.py:161} INFO - Processing /home/sayone/This PC/SayOne Technologies/Works/airflow_new/Airflow/venv/lib/python3.8/site-packages/airflow/example_dags/example_branch_labels.py took 0.046 seconds
[2022-09-20T17:49:47.983+0530] {processor.py:153} INFO - Started process (PID=35731) to work on /home/sayone/This PC/SayOne Technologies/Works/airflow_new/Airflow/venv/lib/python3.8/site-packages/airflow/example_dags/example_branch_labels.py
[2022-09-20T17:49:47.985+0530] {processor.py:640} INFO - Processing file /home/sayone/This PC/SayOne Technologies/Works/airflow_new/Airflow/venv/lib/python3.8/site-packages/airflow/example_dags/example_branch_labels.py for tasks to queue
[2022-09-20T17:49:47.985+0530] {logging_mixin.py:115} INFO - [2022-09-20T17:49:47.985+0530] {dagbag.py:508} INFO - Filling up the DagBag from /home/sayone/This PC/SayOne Technologies/Works/airflow_new/Airflow/venv/lib/python3.8/site-packages/airflow/example_dags/example_branch_labels.py
[2022-09-20T17:49:47.994+0530] {processor.py:650} INFO - DAG(s) dict_keys(['example_branch_labels']) retrieved from /home/sayone/This PC/SayOne Technologies/Works/airflow_new/Airflow/venv/lib/python3.8/site-packages/airflow/example_dags/example_branch_labels.py
[2022-09-20T17:49:48.004+0530] {logging_mixin.py:115} INFO - [2022-09-20T17:49:48.004+0530] {dag.py:2429} INFO - Sync 1 DAGs
[2022-09-20T17:49:48.014+0530] {logging_mixin.py:115} INFO - [2022-09-20T17:49:48.014+0530] {dag.py:2977} INFO - Setting next_dagrun for example_branch_labels to 2022-09-19T00:00:00+00:00, run_after=2022-09-20T00:00:00+00:00
[2022-09-20T17:49:48.022+0530] {processor.py:161} INFO - Processing /home/sayone/This PC/SayOne Technologies/Works/airflow_new/Airflow/venv/lib/python3.8/site-packages/airflow/example_dags/example_branch_labels.py took 0.041 seconds
[2022-09-20T17:50:24.214+0530] {processor.py:153} INFO - Started process (PID=35838) to work on /home/sayone/This PC/SayOne Technologies/Works/airflow_new/Airflow/venv/lib/python3.8/site-packages/airflow/example_dags/example_branch_labels.py
[2022-09-20T17:50:24.216+0530] {processor.py:640} INFO - Processing file /home/sayone/This PC/SayOne Technologies/Works/airflow_new/Airflow/venv/lib/python3.8/site-packages/airflow/example_dags/example_branch_labels.py for tasks to queue
[2022-09-20T17:50:24.217+0530] {logging_mixin.py:115} INFO - [2022-09-20T17:50:24.217+0530] {dagbag.py:508} INFO - Filling up the DagBag from /home/sayone/This PC/SayOne Technologies/Works/airflow_new/Airflow/venv/lib/python3.8/site-packages/airflow/example_dags/example_branch_labels.py
[2022-09-20T17:50:24.225+0530] {processor.py:650} INFO - DAG(s) dict_keys(['example_branch_labels']) retrieved from /home/sayone/This PC/SayOne Technologies/Works/airflow_new/Airflow/venv/lib/python3.8/site-packages/airflow/example_dags/example_branch_labels.py
[2022-09-20T17:50:24.235+0530] {logging_mixin.py:115} INFO - [2022-09-20T17:50:24.235+0530] {dag.py:2429} INFO - Sync 1 DAGs
[2022-09-20T17:50:24.248+0530] {logging_mixin.py:115} INFO - [2022-09-20T17:50:24.248+0530] {dag.py:2977} INFO - Setting next_dagrun for example_branch_labels to 2022-09-19T00:00:00+00:00, run_after=2022-09-20T00:00:00+00:00
[2022-09-20T17:50:24.260+0530] {processor.py:161} INFO - Processing /home/sayone/This PC/SayOne Technologies/Works/airflow_new/Airflow/venv/lib/python3.8/site-packages/airflow/example_dags/example_branch_labels.py took 0.048 seconds
[2022-09-20T17:51:01.958+0530] {processor.py:153} INFO - Started process (PID=35943) to work on /home/sayone/This PC/SayOne Technologies/Works/airflow_new/Airflow/venv/lib/python3.8/site-packages/airflow/example_dags/example_branch_labels.py
[2022-09-20T17:51:01.960+0530] {processor.py:640} INFO - Processing file /home/sayone/This PC/SayOne Technologies/Works/airflow_new/Airflow/venv/lib/python3.8/site-packages/airflow/example_dags/example_branch_labels.py for tasks to queue
[2022-09-20T17:51:01.961+0530] {logging_mixin.py:115} INFO - [2022-09-20T17:51:01.961+0530] {dagbag.py:508} INFO - Filling up the DagBag from /home/sayone/This PC/SayOne Technologies/Works/airflow_new/Airflow/venv/lib/python3.8/site-packages/airflow/example_dags/example_branch_labels.py
[2022-09-20T17:51:01.970+0530] {processor.py:650} INFO - DAG(s) dict_keys(['example_branch_labels']) retrieved from /home/sayone/This PC/SayOne Technologies/Works/airflow_new/Airflow/venv/lib/python3.8/site-packages/airflow/example_dags/example_branch_labels.py
[2022-09-20T17:51:01.980+0530] {logging_mixin.py:115} INFO - [2022-09-20T17:51:01.980+0530] {dag.py:2429} INFO - Sync 1 DAGs
[2022-09-20T17:51:01.991+0530] {logging_mixin.py:115} INFO - [2022-09-20T17:51:01.991+0530] {dag.py:2977} INFO - Setting next_dagrun for example_branch_labels to 2022-09-19T00:00:00+00:00, run_after=2022-09-20T00:00:00+00:00
[2022-09-20T17:51:01.999+0530] {processor.py:161} INFO - Processing /home/sayone/This PC/SayOne Technologies/Works/airflow_new/Airflow/venv/lib/python3.8/site-packages/airflow/example_dags/example_branch_labels.py took 0.042 seconds
[2022-09-20T17:51:37.918+0530] {processor.py:153} INFO - Started process (PID=36009) to work on /home/sayone/This PC/SayOne Technologies/Works/airflow_new/Airflow/venv/lib/python3.8/site-packages/airflow/example_dags/example_branch_labels.py
[2022-09-20T17:51:37.921+0530] {processor.py:640} INFO - Processing file /home/sayone/This PC/SayOne Technologies/Works/airflow_new/Airflow/venv/lib/python3.8/site-packages/airflow/example_dags/example_branch_labels.py for tasks to queue
[2022-09-20T17:51:37.922+0530] {logging_mixin.py:115} INFO - [2022-09-20T17:51:37.922+0530] {dagbag.py:508} INFO - Filling up the DagBag from /home/sayone/This PC/SayOne Technologies/Works/airflow_new/Airflow/venv/lib/python3.8/site-packages/airflow/example_dags/example_branch_labels.py
[2022-09-20T17:51:37.932+0530] {processor.py:650} INFO - DAG(s) dict_keys(['example_branch_labels']) retrieved from /home/sayone/This PC/SayOne Technologies/Works/airflow_new/Airflow/venv/lib/python3.8/site-packages/airflow/example_dags/example_branch_labels.py
[2022-09-20T17:51:37.942+0530] {logging_mixin.py:115} INFO - [2022-09-20T17:51:37.942+0530] {dag.py:2429} INFO - Sync 1 DAGs
[2022-09-20T17:51:37.952+0530] {logging_mixin.py:115} INFO - [2022-09-20T17:51:37.952+0530] {dag.py:2977} INFO - Setting next_dagrun for example_branch_labels to 2022-09-19T00:00:00+00:00, run_after=2022-09-20T00:00:00+00:00
[2022-09-20T17:51:37.960+0530] {processor.py:161} INFO - Processing /home/sayone/This PC/SayOne Technologies/Works/airflow_new/Airflow/venv/lib/python3.8/site-packages/airflow/example_dags/example_branch_labels.py took 0.046 seconds
