[2022-09-20T17:17:00.339+0530] {processor.py:153} INFO - Started process (PID=28739) to work on /home/sayone/This PC/SayOne Technologies/Works/airflow_new/Airflow/venv/lib/python3.8/site-packages/airflow/example_dags/example_branch_day_of_week_operator.py
[2022-09-20T17:17:00.339+0530] {processor.py:640} INFO - Processing file /home/sayone/This PC/SayOne Technologies/Works/airflow_new/Airflow/venv/lib/python3.8/site-packages/airflow/example_dags/example_branch_day_of_week_operator.py for tasks to queue
[2022-09-20T17:17:00.340+0530] {logging_mixin.py:115} INFO - [2022-09-20T17:17:00.340+0530] {dagbag.py:508} INFO - Filling up the DagBag from /home/sayone/This PC/SayOne Technologies/Works/airflow_new/Airflow/venv/lib/python3.8/site-packages/airflow/example_dags/example_branch_day_of_week_operator.py
[2022-09-20T17:17:00.347+0530] {processor.py:650} INFO - DAG(s) dict_keys(['example_weekday_branch_operator']) retrieved from /home/sayone/This PC/SayOne Technologies/Works/airflow_new/Airflow/venv/lib/python3.8/site-packages/airflow/example_dags/example_branch_day_of_week_operator.py
[2022-09-20T17:17:00.422+0530] {logging_mixin.py:115} INFO - [2022-09-20T17:17:00.420+0530] {manager.py:508} INFO - Created Permission View: can edit on DAG:example_weekday_branch_operator
[2022-09-20T17:17:00.437+0530] {logging_mixin.py:115} INFO - [2022-09-20T17:17:00.435+0530] {manager.py:508} INFO - Created Permission View: can read on DAG:example_weekday_branch_operator
[2022-09-20T17:17:00.451+0530] {logging_mixin.py:115} INFO - [2022-09-20T17:17:00.449+0530] {manager.py:508} INFO - Created Permission View: can delete on DAG:example_weekday_branch_operator
[2022-09-20T17:17:00.451+0530] {logging_mixin.py:115} INFO - [2022-09-20T17:17:00.451+0530] {dag.py:2429} INFO - Sync 1 DAGs
[2022-09-20T17:17:00.462+0530] {logging_mixin.py:115} INFO - [2022-09-20T17:17:00.462+0530] {dag.py:2448} INFO - Creating ORM DAG for example_weekday_branch_operator
[2022-09-20T17:17:00.472+0530] {logging_mixin.py:115} INFO - [2022-09-20T17:17:00.472+0530] {dag.py:2977} INFO - Setting next_dagrun for example_weekday_branch_operator to 2022-09-19T00:00:00+00:00, run_after=2022-09-20T00:00:00+00:00
[2022-09-20T17:17:00.489+0530] {processor.py:161} INFO - Processing /home/sayone/This PC/SayOne Technologies/Works/airflow_new/Airflow/venv/lib/python3.8/site-packages/airflow/example_dags/example_branch_day_of_week_operator.py took 0.152 seconds
[2022-09-20T17:17:36.601+0530] {processor.py:153} INFO - Started process (PID=28974) to work on /home/sayone/This PC/SayOne Technologies/Works/airflow_new/Airflow/venv/lib/python3.8/site-packages/airflow/example_dags/example_branch_day_of_week_operator.py
[2022-09-20T17:17:36.604+0530] {processor.py:640} INFO - Processing file /home/sayone/This PC/SayOne Technologies/Works/airflow_new/Airflow/venv/lib/python3.8/site-packages/airflow/example_dags/example_branch_day_of_week_operator.py for tasks to queue
[2022-09-20T17:17:36.605+0530] {logging_mixin.py:115} INFO - [2022-09-20T17:17:36.605+0530] {dagbag.py:508} INFO - Filling up the DagBag from /home/sayone/This PC/SayOne Technologies/Works/airflow_new/Airflow/venv/lib/python3.8/site-packages/airflow/example_dags/example_branch_day_of_week_operator.py
[2022-09-20T17:17:36.611+0530] {processor.py:650} INFO - DAG(s) dict_keys(['example_weekday_branch_operator']) retrieved from /home/sayone/This PC/SayOne Technologies/Works/airflow_new/Airflow/venv/lib/python3.8/site-packages/airflow/example_dags/example_branch_day_of_week_operator.py
[2022-09-20T17:17:36.626+0530] {logging_mixin.py:115} INFO - [2022-09-20T17:17:36.626+0530] {dag.py:2429} INFO - Sync 1 DAGs
[2022-09-20T17:17:36.640+0530] {logging_mixin.py:115} INFO - [2022-09-20T17:17:36.640+0530] {dag.py:2977} INFO - Setting next_dagrun for example_weekday_branch_operator to 2022-09-19T00:00:00+00:00, run_after=2022-09-20T00:00:00+00:00
[2022-09-20T17:17:36.648+0530] {processor.py:161} INFO - Processing /home/sayone/This PC/SayOne Technologies/Works/airflow_new/Airflow/venv/lib/python3.8/site-packages/airflow/example_dags/example_branch_day_of_week_operator.py took 0.049 seconds
[2022-09-20T17:18:10.366+0530] {processor.py:153} INFO - Started process (PID=29119) to work on /home/sayone/This PC/SayOne Technologies/Works/airflow_new/Airflow/venv/lib/python3.8/site-packages/airflow/example_dags/example_branch_day_of_week_operator.py
[2022-09-20T17:18:10.369+0530] {processor.py:640} INFO - Processing file /home/sayone/This PC/SayOne Technologies/Works/airflow_new/Airflow/venv/lib/python3.8/site-packages/airflow/example_dags/example_branch_day_of_week_operator.py for tasks to queue
[2022-09-20T17:18:10.370+0530] {logging_mixin.py:115} INFO - [2022-09-20T17:18:10.370+0530] {dagbag.py:508} INFO - Filling up the DagBag from /home/sayone/This PC/SayOne Technologies/Works/airflow_new/Airflow/venv/lib/python3.8/site-packages/airflow/example_dags/example_branch_day_of_week_operator.py
[2022-09-20T17:18:10.378+0530] {processor.py:650} INFO - DAG(s) dict_keys(['example_weekday_branch_operator']) retrieved from /home/sayone/This PC/SayOne Technologies/Works/airflow_new/Airflow/venv/lib/python3.8/site-packages/airflow/example_dags/example_branch_day_of_week_operator.py
[2022-09-20T17:18:10.387+0530] {logging_mixin.py:115} INFO - [2022-09-20T17:18:10.387+0530] {dag.py:2429} INFO - Sync 1 DAGs
[2022-09-20T17:18:10.399+0530] {logging_mixin.py:115} INFO - [2022-09-20T17:18:10.399+0530] {dag.py:2977} INFO - Setting next_dagrun for example_weekday_branch_operator to 2022-09-19T00:00:00+00:00, run_after=2022-09-20T00:00:00+00:00
[2022-09-20T17:18:10.410+0530] {processor.py:161} INFO - Processing /home/sayone/This PC/SayOne Technologies/Works/airflow_new/Airflow/venv/lib/python3.8/site-packages/airflow/example_dags/example_branch_day_of_week_operator.py took 0.048 seconds
[2022-09-20T17:18:46.476+0530] {processor.py:153} INFO - Started process (PID=29203) to work on /home/sayone/This PC/SayOne Technologies/Works/airflow_new/Airflow/venv/lib/python3.8/site-packages/airflow/example_dags/example_branch_day_of_week_operator.py
[2022-09-20T17:18:46.480+0530] {processor.py:640} INFO - Processing file /home/sayone/This PC/SayOne Technologies/Works/airflow_new/Airflow/venv/lib/python3.8/site-packages/airflow/example_dags/example_branch_day_of_week_operator.py for tasks to queue
[2022-09-20T17:18:46.481+0530] {logging_mixin.py:115} INFO - [2022-09-20T17:18:46.480+0530] {dagbag.py:508} INFO - Filling up the DagBag from /home/sayone/This PC/SayOne Technologies/Works/airflow_new/Airflow/venv/lib/python3.8/site-packages/airflow/example_dags/example_branch_day_of_week_operator.py
[2022-09-20T17:18:46.490+0530] {processor.py:650} INFO - DAG(s) dict_keys(['example_weekday_branch_operator']) retrieved from /home/sayone/This PC/SayOne Technologies/Works/airflow_new/Airflow/venv/lib/python3.8/site-packages/airflow/example_dags/example_branch_day_of_week_operator.py
[2022-09-20T17:18:46.499+0530] {logging_mixin.py:115} INFO - [2022-09-20T17:18:46.499+0530] {dag.py:2429} INFO - Sync 1 DAGs
[2022-09-20T17:18:46.510+0530] {logging_mixin.py:115} INFO - [2022-09-20T17:18:46.510+0530] {dag.py:2977} INFO - Setting next_dagrun for example_weekday_branch_operator to 2022-09-19T00:00:00+00:00, run_after=2022-09-20T00:00:00+00:00
[2022-09-20T17:18:46.518+0530] {processor.py:161} INFO - Processing /home/sayone/This PC/SayOne Technologies/Works/airflow_new/Airflow/venv/lib/python3.8/site-packages/airflow/example_dags/example_branch_day_of_week_operator.py took 0.046 seconds
[2022-09-20T17:19:21.317+0530] {processor.py:153} INFO - Started process (PID=29348) to work on /home/sayone/This PC/SayOne Technologies/Works/airflow_new/Airflow/venv/lib/python3.8/site-packages/airflow/example_dags/example_branch_day_of_week_operator.py
[2022-09-20T17:19:21.318+0530] {processor.py:640} INFO - Processing file /home/sayone/This PC/SayOne Technologies/Works/airflow_new/Airflow/venv/lib/python3.8/site-packages/airflow/example_dags/example_branch_day_of_week_operator.py for tasks to queue
[2022-09-20T17:19:21.319+0530] {logging_mixin.py:115} INFO - [2022-09-20T17:19:21.318+0530] {dagbag.py:508} INFO - Filling up the DagBag from /home/sayone/This PC/SayOne Technologies/Works/airflow_new/Airflow/venv/lib/python3.8/site-packages/airflow/example_dags/example_branch_day_of_week_operator.py
[2022-09-20T17:19:21.327+0530] {processor.py:650} INFO - DAG(s) dict_keys(['example_weekday_branch_operator']) retrieved from /home/sayone/This PC/SayOne Technologies/Works/airflow_new/Airflow/venv/lib/python3.8/site-packages/airflow/example_dags/example_branch_day_of_week_operator.py
[2022-09-20T17:19:21.336+0530] {logging_mixin.py:115} INFO - [2022-09-20T17:19:21.336+0530] {dag.py:2429} INFO - Sync 1 DAGs
[2022-09-20T17:19:21.348+0530] {logging_mixin.py:115} INFO - [2022-09-20T17:19:21.348+0530] {dag.py:2977} INFO - Setting next_dagrun for example_weekday_branch_operator to 2022-09-19T00:00:00+00:00, run_after=2022-09-20T00:00:00+00:00
[2022-09-20T17:19:21.357+0530] {processor.py:161} INFO - Processing /home/sayone/This PC/SayOne Technologies/Works/airflow_new/Airflow/venv/lib/python3.8/site-packages/airflow/example_dags/example_branch_day_of_week_operator.py took 0.044 seconds
[2022-09-20T17:20:17.704+0530] {processor.py:153} INFO - Started process (PID=29687) to work on /home/sayone/This PC/SayOne Technologies/Works/airflow_new/Airflow/venv/lib/python3.8/site-packages/airflow/example_dags/example_branch_day_of_week_operator.py
[2022-09-20T17:20:17.707+0530] {processor.py:640} INFO - Processing file /home/sayone/This PC/SayOne Technologies/Works/airflow_new/Airflow/venv/lib/python3.8/site-packages/airflow/example_dags/example_branch_day_of_week_operator.py for tasks to queue
[2022-09-20T17:20:17.707+0530] {logging_mixin.py:115} INFO - [2022-09-20T17:20:17.707+0530] {dagbag.py:508} INFO - Filling up the DagBag from /home/sayone/This PC/SayOne Technologies/Works/airflow_new/Airflow/venv/lib/python3.8/site-packages/airflow/example_dags/example_branch_day_of_week_operator.py
[2022-09-20T17:20:17.717+0530] {processor.py:650} INFO - DAG(s) dict_keys(['example_weekday_branch_operator']) retrieved from /home/sayone/This PC/SayOne Technologies/Works/airflow_new/Airflow/venv/lib/python3.8/site-packages/airflow/example_dags/example_branch_day_of_week_operator.py
[2022-09-20T17:20:17.729+0530] {logging_mixin.py:115} INFO - [2022-09-20T17:20:17.728+0530] {dag.py:2429} INFO - Sync 1 DAGs
[2022-09-20T17:20:17.740+0530] {logging_mixin.py:115} INFO - [2022-09-20T17:20:17.740+0530] {dag.py:2977} INFO - Setting next_dagrun for example_weekday_branch_operator to 2022-09-19T00:00:00+00:00, run_after=2022-09-20T00:00:00+00:00
[2022-09-20T17:20:17.751+0530] {processor.py:161} INFO - Processing /home/sayone/This PC/SayOne Technologies/Works/airflow_new/Airflow/venv/lib/python3.8/site-packages/airflow/example_dags/example_branch_day_of_week_operator.py took 0.048 seconds
[2022-09-20T17:20:54.426+0530] {processor.py:153} INFO - Started process (PID=29793) to work on /home/sayone/This PC/SayOne Technologies/Works/airflow_new/Airflow/venv/lib/python3.8/site-packages/airflow/example_dags/example_branch_day_of_week_operator.py
[2022-09-20T17:20:54.429+0530] {processor.py:640} INFO - Processing file /home/sayone/This PC/SayOne Technologies/Works/airflow_new/Airflow/venv/lib/python3.8/site-packages/airflow/example_dags/example_branch_day_of_week_operator.py for tasks to queue
[2022-09-20T17:20:54.430+0530] {logging_mixin.py:115} INFO - [2022-09-20T17:20:54.430+0530] {dagbag.py:508} INFO - Filling up the DagBag from /home/sayone/This PC/SayOne Technologies/Works/airflow_new/Airflow/venv/lib/python3.8/site-packages/airflow/example_dags/example_branch_day_of_week_operator.py
[2022-09-20T17:20:54.440+0530] {processor.py:650} INFO - DAG(s) dict_keys(['example_weekday_branch_operator']) retrieved from /home/sayone/This PC/SayOne Technologies/Works/airflow_new/Airflow/venv/lib/python3.8/site-packages/airflow/example_dags/example_branch_day_of_week_operator.py
[2022-09-20T17:20:54.450+0530] {logging_mixin.py:115} INFO - [2022-09-20T17:20:54.450+0530] {dag.py:2429} INFO - Sync 1 DAGs
[2022-09-20T17:20:54.463+0530] {logging_mixin.py:115} INFO - [2022-09-20T17:20:54.463+0530] {dag.py:2977} INFO - Setting next_dagrun for example_weekday_branch_operator to 2022-09-19T00:00:00+00:00, run_after=2022-09-20T00:00:00+00:00
[2022-09-20T17:20:54.472+0530] {processor.py:161} INFO - Processing /home/sayone/This PC/SayOne Technologies/Works/airflow_new/Airflow/venv/lib/python3.8/site-packages/airflow/example_dags/example_branch_day_of_week_operator.py took 0.050 seconds
[2022-09-20T17:21:28.708+0530] {processor.py:153} INFO - Started process (PID=29869) to work on /home/sayone/This PC/SayOne Technologies/Works/airflow_new/Airflow/venv/lib/python3.8/site-packages/airflow/example_dags/example_branch_day_of_week_operator.py
[2022-09-20T17:21:28.711+0530] {processor.py:640} INFO - Processing file /home/sayone/This PC/SayOne Technologies/Works/airflow_new/Airflow/venv/lib/python3.8/site-packages/airflow/example_dags/example_branch_day_of_week_operator.py for tasks to queue
[2022-09-20T17:21:28.712+0530] {logging_mixin.py:115} INFO - [2022-09-20T17:21:28.711+0530] {dagbag.py:508} INFO - Filling up the DagBag from /home/sayone/This PC/SayOne Technologies/Works/airflow_new/Airflow/venv/lib/python3.8/site-packages/airflow/example_dags/example_branch_day_of_week_operator.py
[2022-09-20T17:21:28.718+0530] {processor.py:650} INFO - DAG(s) dict_keys(['example_weekday_branch_operator']) retrieved from /home/sayone/This PC/SayOne Technologies/Works/airflow_new/Airflow/venv/lib/python3.8/site-packages/airflow/example_dags/example_branch_day_of_week_operator.py
[2022-09-20T17:21:28.728+0530] {logging_mixin.py:115} INFO - [2022-09-20T17:21:28.728+0530] {dag.py:2429} INFO - Sync 1 DAGs
[2022-09-20T17:21:28.745+0530] {logging_mixin.py:115} INFO - [2022-09-20T17:21:28.745+0530] {dag.py:2977} INFO - Setting next_dagrun for example_weekday_branch_operator to 2022-09-19T00:00:00+00:00, run_after=2022-09-20T00:00:00+00:00
[2022-09-20T17:21:28.754+0530] {processor.py:161} INFO - Processing /home/sayone/This PC/SayOne Technologies/Works/airflow_new/Airflow/venv/lib/python3.8/site-packages/airflow/example_dags/example_branch_day_of_week_operator.py took 0.049 seconds
[2022-09-20T17:22:06.520+0530] {processor.py:153} INFO - Started process (PID=30145) to work on /home/sayone/This PC/SayOne Technologies/Works/airflow_new/Airflow/venv/lib/python3.8/site-packages/airflow/example_dags/example_branch_day_of_week_operator.py
[2022-09-20T17:22:06.523+0530] {processor.py:640} INFO - Processing file /home/sayone/This PC/SayOne Technologies/Works/airflow_new/Airflow/venv/lib/python3.8/site-packages/airflow/example_dags/example_branch_day_of_week_operator.py for tasks to queue
[2022-09-20T17:22:06.523+0530] {logging_mixin.py:115} INFO - [2022-09-20T17:22:06.523+0530] {dagbag.py:508} INFO - Filling up the DagBag from /home/sayone/This PC/SayOne Technologies/Works/airflow_new/Airflow/venv/lib/python3.8/site-packages/airflow/example_dags/example_branch_day_of_week_operator.py
[2022-09-20T17:22:06.532+0530] {processor.py:650} INFO - DAG(s) dict_keys(['example_weekday_branch_operator']) retrieved from /home/sayone/This PC/SayOne Technologies/Works/airflow_new/Airflow/venv/lib/python3.8/site-packages/airflow/example_dags/example_branch_day_of_week_operator.py
[2022-09-20T17:22:06.541+0530] {logging_mixin.py:115} INFO - [2022-09-20T17:22:06.541+0530] {dag.py:2429} INFO - Sync 1 DAGs
[2022-09-20T17:22:06.557+0530] {logging_mixin.py:115} INFO - [2022-09-20T17:22:06.557+0530] {dag.py:2977} INFO - Setting next_dagrun for example_weekday_branch_operator to 2022-09-19T00:00:00+00:00, run_after=2022-09-20T00:00:00+00:00
[2022-09-20T17:22:06.566+0530] {processor.py:161} INFO - Processing /home/sayone/This PC/SayOne Technologies/Works/airflow_new/Airflow/venv/lib/python3.8/site-packages/airflow/example_dags/example_branch_day_of_week_operator.py took 0.050 seconds
[2022-09-20T17:22:40.204+0530] {processor.py:153} INFO - Started process (PID=30289) to work on /home/sayone/This PC/SayOne Technologies/Works/airflow_new/Airflow/venv/lib/python3.8/site-packages/airflow/example_dags/example_branch_day_of_week_operator.py
[2022-09-20T17:22:40.206+0530] {processor.py:640} INFO - Processing file /home/sayone/This PC/SayOne Technologies/Works/airflow_new/Airflow/venv/lib/python3.8/site-packages/airflow/example_dags/example_branch_day_of_week_operator.py for tasks to queue
[2022-09-20T17:22:40.207+0530] {logging_mixin.py:115} INFO - [2022-09-20T17:22:40.207+0530] {dagbag.py:508} INFO - Filling up the DagBag from /home/sayone/This PC/SayOne Technologies/Works/airflow_new/Airflow/venv/lib/python3.8/site-packages/airflow/example_dags/example_branch_day_of_week_operator.py
[2022-09-20T17:22:40.215+0530] {processor.py:650} INFO - DAG(s) dict_keys(['example_weekday_branch_operator']) retrieved from /home/sayone/This PC/SayOne Technologies/Works/airflow_new/Airflow/venv/lib/python3.8/site-packages/airflow/example_dags/example_branch_day_of_week_operator.py
[2022-09-20T17:22:40.224+0530] {logging_mixin.py:115} INFO - [2022-09-20T17:22:40.224+0530] {dag.py:2429} INFO - Sync 1 DAGs
[2022-09-20T17:22:40.237+0530] {logging_mixin.py:115} INFO - [2022-09-20T17:22:40.237+0530] {dag.py:2977} INFO - Setting next_dagrun for example_weekday_branch_operator to 2022-09-19T00:00:00+00:00, run_after=2022-09-20T00:00:00+00:00
[2022-09-20T17:22:40.248+0530] {processor.py:161} INFO - Processing /home/sayone/This PC/SayOne Technologies/Works/airflow_new/Airflow/venv/lib/python3.8/site-packages/airflow/example_dags/example_branch_day_of_week_operator.py took 0.046 seconds
[2022-09-20T17:23:42.564+0530] {processor.py:153} INFO - Started process (PID=30472) to work on /home/sayone/This PC/SayOne Technologies/Works/airflow_new/Airflow/venv/lib/python3.8/site-packages/airflow/example_dags/example_branch_day_of_week_operator.py
[2022-09-20T17:23:42.567+0530] {processor.py:640} INFO - Processing file /home/sayone/This PC/SayOne Technologies/Works/airflow_new/Airflow/venv/lib/python3.8/site-packages/airflow/example_dags/example_branch_day_of_week_operator.py for tasks to queue
[2022-09-20T17:23:42.567+0530] {logging_mixin.py:115} INFO - [2022-09-20T17:23:42.567+0530] {dagbag.py:508} INFO - Filling up the DagBag from /home/sayone/This PC/SayOne Technologies/Works/airflow_new/Airflow/venv/lib/python3.8/site-packages/airflow/example_dags/example_branch_day_of_week_operator.py
[2022-09-20T17:23:42.577+0530] {processor.py:650} INFO - DAG(s) dict_keys(['example_weekday_branch_operator']) retrieved from /home/sayone/This PC/SayOne Technologies/Works/airflow_new/Airflow/venv/lib/python3.8/site-packages/airflow/example_dags/example_branch_day_of_week_operator.py
[2022-09-20T17:23:42.594+0530] {logging_mixin.py:115} INFO - [2022-09-20T17:23:42.594+0530] {dag.py:2429} INFO - Sync 1 DAGs
[2022-09-20T17:23:42.612+0530] {logging_mixin.py:115} INFO - [2022-09-20T17:23:42.612+0530] {dag.py:2977} INFO - Setting next_dagrun for example_weekday_branch_operator to 2022-09-19T00:00:00+00:00, run_after=2022-09-20T00:00:00+00:00
[2022-09-20T17:23:42.625+0530] {processor.py:161} INFO - Processing /home/sayone/This PC/SayOne Technologies/Works/airflow_new/Airflow/venv/lib/python3.8/site-packages/airflow/example_dags/example_branch_day_of_week_operator.py took 0.064 seconds
[2022-09-20T17:24:18.549+0530] {processor.py:153} INFO - Started process (PID=30622) to work on /home/sayone/This PC/SayOne Technologies/Works/airflow_new/Airflow/venv/lib/python3.8/site-packages/airflow/example_dags/example_branch_day_of_week_operator.py
[2022-09-20T17:24:18.551+0530] {processor.py:640} INFO - Processing file /home/sayone/This PC/SayOne Technologies/Works/airflow_new/Airflow/venv/lib/python3.8/site-packages/airflow/example_dags/example_branch_day_of_week_operator.py for tasks to queue
[2022-09-20T17:24:18.551+0530] {logging_mixin.py:115} INFO - [2022-09-20T17:24:18.551+0530] {dagbag.py:508} INFO - Filling up the DagBag from /home/sayone/This PC/SayOne Technologies/Works/airflow_new/Airflow/venv/lib/python3.8/site-packages/airflow/example_dags/example_branch_day_of_week_operator.py
[2022-09-20T17:24:18.557+0530] {processor.py:650} INFO - DAG(s) dict_keys(['example_weekday_branch_operator']) retrieved from /home/sayone/This PC/SayOne Technologies/Works/airflow_new/Airflow/venv/lib/python3.8/site-packages/airflow/example_dags/example_branch_day_of_week_operator.py
[2022-09-20T17:24:18.571+0530] {logging_mixin.py:115} INFO - [2022-09-20T17:24:18.571+0530] {dag.py:2429} INFO - Sync 1 DAGs
[2022-09-20T17:24:18.583+0530] {logging_mixin.py:115} INFO - [2022-09-20T17:24:18.583+0530] {dag.py:2977} INFO - Setting next_dagrun for example_weekday_branch_operator to 2022-09-19T00:00:00+00:00, run_after=2022-09-20T00:00:00+00:00
[2022-09-20T17:24:18.593+0530] {processor.py:161} INFO - Processing /home/sayone/This PC/SayOne Technologies/Works/airflow_new/Airflow/venv/lib/python3.8/site-packages/airflow/example_dags/example_branch_day_of_week_operator.py took 0.046 seconds
[2022-09-20T17:24:54.492+0530] {processor.py:153} INFO - Started process (PID=30905) to work on /home/sayone/This PC/SayOne Technologies/Works/airflow_new/Airflow/venv/lib/python3.8/site-packages/airflow/example_dags/example_branch_day_of_week_operator.py
[2022-09-20T17:24:54.495+0530] {processor.py:640} INFO - Processing file /home/sayone/This PC/SayOne Technologies/Works/airflow_new/Airflow/venv/lib/python3.8/site-packages/airflow/example_dags/example_branch_day_of_week_operator.py for tasks to queue
[2022-09-20T17:24:54.496+0530] {logging_mixin.py:115} INFO - [2022-09-20T17:24:54.496+0530] {dagbag.py:508} INFO - Filling up the DagBag from /home/sayone/This PC/SayOne Technologies/Works/airflow_new/Airflow/venv/lib/python3.8/site-packages/airflow/example_dags/example_branch_day_of_week_operator.py
[2022-09-20T17:24:54.505+0530] {processor.py:650} INFO - DAG(s) dict_keys(['example_weekday_branch_operator']) retrieved from /home/sayone/This PC/SayOne Technologies/Works/airflow_new/Airflow/venv/lib/python3.8/site-packages/airflow/example_dags/example_branch_day_of_week_operator.py
[2022-09-20T17:24:54.515+0530] {logging_mixin.py:115} INFO - [2022-09-20T17:24:54.515+0530] {dag.py:2429} INFO - Sync 1 DAGs
[2022-09-20T17:24:54.528+0530] {logging_mixin.py:115} INFO - [2022-09-20T17:24:54.528+0530] {dag.py:2977} INFO - Setting next_dagrun for example_weekday_branch_operator to 2022-09-19T00:00:00+00:00, run_after=2022-09-20T00:00:00+00:00
[2022-09-20T17:24:54.537+0530] {processor.py:161} INFO - Processing /home/sayone/This PC/SayOne Technologies/Works/airflow_new/Airflow/venv/lib/python3.8/site-packages/airflow/example_dags/example_branch_day_of_week_operator.py took 0.049 seconds
[2022-09-20T17:25:30.510+0530] {processor.py:153} INFO - Started process (PID=31002) to work on /home/sayone/This PC/SayOne Technologies/Works/airflow_new/Airflow/venv/lib/python3.8/site-packages/airflow/example_dags/example_branch_day_of_week_operator.py
[2022-09-20T17:25:30.513+0530] {processor.py:640} INFO - Processing file /home/sayone/This PC/SayOne Technologies/Works/airflow_new/Airflow/venv/lib/python3.8/site-packages/airflow/example_dags/example_branch_day_of_week_operator.py for tasks to queue
[2022-09-20T17:25:30.514+0530] {logging_mixin.py:115} INFO - [2022-09-20T17:25:30.514+0530] {dagbag.py:508} INFO - Filling up the DagBag from /home/sayone/This PC/SayOne Technologies/Works/airflow_new/Airflow/venv/lib/python3.8/site-packages/airflow/example_dags/example_branch_day_of_week_operator.py
[2022-09-20T17:25:30.525+0530] {processor.py:650} INFO - DAG(s) dict_keys(['example_weekday_branch_operator']) retrieved from /home/sayone/This PC/SayOne Technologies/Works/airflow_new/Airflow/venv/lib/python3.8/site-packages/airflow/example_dags/example_branch_day_of_week_operator.py
[2022-09-20T17:25:30.534+0530] {logging_mixin.py:115} INFO - [2022-09-20T17:25:30.534+0530] {dag.py:2429} INFO - Sync 1 DAGs
[2022-09-20T17:25:30.544+0530] {logging_mixin.py:115} INFO - [2022-09-20T17:25:30.544+0530] {dag.py:2977} INFO - Setting next_dagrun for example_weekday_branch_operator to 2022-09-19T00:00:00+00:00, run_after=2022-09-20T00:00:00+00:00
[2022-09-20T17:25:30.552+0530] {processor.py:161} INFO - Processing /home/sayone/This PC/SayOne Technologies/Works/airflow_new/Airflow/venv/lib/python3.8/site-packages/airflow/example_dags/example_branch_day_of_week_operator.py took 0.047 seconds
[2022-09-20T17:26:06.525+0530] {processor.py:153} INFO - Started process (PID=31126) to work on /home/sayone/This PC/SayOne Technologies/Works/airflow_new/Airflow/venv/lib/python3.8/site-packages/airflow/example_dags/example_branch_day_of_week_operator.py
[2022-09-20T17:26:06.528+0530] {processor.py:640} INFO - Processing file /home/sayone/This PC/SayOne Technologies/Works/airflow_new/Airflow/venv/lib/python3.8/site-packages/airflow/example_dags/example_branch_day_of_week_operator.py for tasks to queue
[2022-09-20T17:26:06.528+0530] {logging_mixin.py:115} INFO - [2022-09-20T17:26:06.528+0530] {dagbag.py:508} INFO - Filling up the DagBag from /home/sayone/This PC/SayOne Technologies/Works/airflow_new/Airflow/venv/lib/python3.8/site-packages/airflow/example_dags/example_branch_day_of_week_operator.py
[2022-09-20T17:26:06.538+0530] {processor.py:650} INFO - DAG(s) dict_keys(['example_weekday_branch_operator']) retrieved from /home/sayone/This PC/SayOne Technologies/Works/airflow_new/Airflow/venv/lib/python3.8/site-packages/airflow/example_dags/example_branch_day_of_week_operator.py
[2022-09-20T17:26:06.548+0530] {logging_mixin.py:115} INFO - [2022-09-20T17:26:06.548+0530] {dag.py:2429} INFO - Sync 1 DAGs
[2022-09-20T17:26:06.558+0530] {logging_mixin.py:115} INFO - [2022-09-20T17:26:06.558+0530] {dag.py:2977} INFO - Setting next_dagrun for example_weekday_branch_operator to 2022-09-19T00:00:00+00:00, run_after=2022-09-20T00:00:00+00:00
[2022-09-20T17:26:06.566+0530] {processor.py:161} INFO - Processing /home/sayone/This PC/SayOne Technologies/Works/airflow_new/Airflow/venv/lib/python3.8/site-packages/airflow/example_dags/example_branch_day_of_week_operator.py took 0.044 seconds
[2022-09-20T17:26:42.509+0530] {processor.py:153} INFO - Started process (PID=31211) to work on /home/sayone/This PC/SayOne Technologies/Works/airflow_new/Airflow/venv/lib/python3.8/site-packages/airflow/example_dags/example_branch_day_of_week_operator.py
[2022-09-20T17:26:42.512+0530] {processor.py:640} INFO - Processing file /home/sayone/This PC/SayOne Technologies/Works/airflow_new/Airflow/venv/lib/python3.8/site-packages/airflow/example_dags/example_branch_day_of_week_operator.py for tasks to queue
[2022-09-20T17:26:42.512+0530] {logging_mixin.py:115} INFO - [2022-09-20T17:26:42.512+0530] {dagbag.py:508} INFO - Filling up the DagBag from /home/sayone/This PC/SayOne Technologies/Works/airflow_new/Airflow/venv/lib/python3.8/site-packages/airflow/example_dags/example_branch_day_of_week_operator.py
[2022-09-20T17:26:42.523+0530] {processor.py:650} INFO - DAG(s) dict_keys(['example_weekday_branch_operator']) retrieved from /home/sayone/This PC/SayOne Technologies/Works/airflow_new/Airflow/venv/lib/python3.8/site-packages/airflow/example_dags/example_branch_day_of_week_operator.py
[2022-09-20T17:26:42.532+0530] {logging_mixin.py:115} INFO - [2022-09-20T17:26:42.532+0530] {dag.py:2429} INFO - Sync 1 DAGs
[2022-09-20T17:26:42.542+0530] {logging_mixin.py:115} INFO - [2022-09-20T17:26:42.542+0530] {dag.py:2977} INFO - Setting next_dagrun for example_weekday_branch_operator to 2022-09-19T00:00:00+00:00, run_after=2022-09-20T00:00:00+00:00
[2022-09-20T17:26:42.552+0530] {processor.py:161} INFO - Processing /home/sayone/This PC/SayOne Technologies/Works/airflow_new/Airflow/venv/lib/python3.8/site-packages/airflow/example_dags/example_branch_day_of_week_operator.py took 0.044 seconds
[2022-09-20T17:27:19.029+0530] {processor.py:153} INFO - Started process (PID=31502) to work on /home/sayone/This PC/SayOne Technologies/Works/airflow_new/Airflow/venv/lib/python3.8/site-packages/airflow/example_dags/example_branch_day_of_week_operator.py
[2022-09-20T17:27:19.032+0530] {processor.py:640} INFO - Processing file /home/sayone/This PC/SayOne Technologies/Works/airflow_new/Airflow/venv/lib/python3.8/site-packages/airflow/example_dags/example_branch_day_of_week_operator.py for tasks to queue
[2022-09-20T17:27:19.033+0530] {logging_mixin.py:115} INFO - [2022-09-20T17:27:19.033+0530] {dagbag.py:508} INFO - Filling up the DagBag from /home/sayone/This PC/SayOne Technologies/Works/airflow_new/Airflow/venv/lib/python3.8/site-packages/airflow/example_dags/example_branch_day_of_week_operator.py
[2022-09-20T17:27:19.043+0530] {processor.py:650} INFO - DAG(s) dict_keys(['example_weekday_branch_operator']) retrieved from /home/sayone/This PC/SayOne Technologies/Works/airflow_new/Airflow/venv/lib/python3.8/site-packages/airflow/example_dags/example_branch_day_of_week_operator.py
[2022-09-20T17:27:19.051+0530] {logging_mixin.py:115} INFO - [2022-09-20T17:27:19.051+0530] {dag.py:2429} INFO - Sync 1 DAGs
[2022-09-20T17:27:19.061+0530] {logging_mixin.py:115} INFO - [2022-09-20T17:27:19.061+0530] {dag.py:2977} INFO - Setting next_dagrun for example_weekday_branch_operator to 2022-09-19T00:00:00+00:00, run_after=2022-09-20T00:00:00+00:00
[2022-09-20T17:27:19.070+0530] {processor.py:161} INFO - Processing /home/sayone/This PC/SayOne Technologies/Works/airflow_new/Airflow/venv/lib/python3.8/site-packages/airflow/example_dags/example_branch_day_of_week_operator.py took 0.046 seconds
[2022-09-20T17:27:55.484+0530] {processor.py:153} INFO - Started process (PID=31639) to work on /home/sayone/This PC/SayOne Technologies/Works/airflow_new/Airflow/venv/lib/python3.8/site-packages/airflow/example_dags/example_branch_day_of_week_operator.py
[2022-09-20T17:27:55.487+0530] {processor.py:640} INFO - Processing file /home/sayone/This PC/SayOne Technologies/Works/airflow_new/Airflow/venv/lib/python3.8/site-packages/airflow/example_dags/example_branch_day_of_week_operator.py for tasks to queue
[2022-09-20T17:27:55.488+0530] {logging_mixin.py:115} INFO - [2022-09-20T17:27:55.487+0530] {dagbag.py:508} INFO - Filling up the DagBag from /home/sayone/This PC/SayOne Technologies/Works/airflow_new/Airflow/venv/lib/python3.8/site-packages/airflow/example_dags/example_branch_day_of_week_operator.py
[2022-09-20T17:27:55.499+0530] {processor.py:650} INFO - DAG(s) dict_keys(['example_weekday_branch_operator']) retrieved from /home/sayone/This PC/SayOne Technologies/Works/airflow_new/Airflow/venv/lib/python3.8/site-packages/airflow/example_dags/example_branch_day_of_week_operator.py
[2022-09-20T17:27:55.508+0530] {logging_mixin.py:115} INFO - [2022-09-20T17:27:55.508+0530] {dag.py:2429} INFO - Sync 1 DAGs
[2022-09-20T17:27:55.518+0530] {logging_mixin.py:115} INFO - [2022-09-20T17:27:55.518+0530] {dag.py:2977} INFO - Setting next_dagrun for example_weekday_branch_operator to 2022-09-19T00:00:00+00:00, run_after=2022-09-20T00:00:00+00:00
[2022-09-20T17:27:55.526+0530] {processor.py:161} INFO - Processing /home/sayone/This PC/SayOne Technologies/Works/airflow_new/Airflow/venv/lib/python3.8/site-packages/airflow/example_dags/example_branch_day_of_week_operator.py took 0.043 seconds
[2022-09-20T17:28:31.054+0530] {processor.py:153} INFO - Started process (PID=31714) to work on /home/sayone/This PC/SayOne Technologies/Works/airflow_new/Airflow/venv/lib/python3.8/site-packages/airflow/example_dags/example_branch_day_of_week_operator.py
[2022-09-20T17:28:31.056+0530] {processor.py:640} INFO - Processing file /home/sayone/This PC/SayOne Technologies/Works/airflow_new/Airflow/venv/lib/python3.8/site-packages/airflow/example_dags/example_branch_day_of_week_operator.py for tasks to queue
[2022-09-20T17:28:31.057+0530] {logging_mixin.py:115} INFO - [2022-09-20T17:28:31.057+0530] {dagbag.py:508} INFO - Filling up the DagBag from /home/sayone/This PC/SayOne Technologies/Works/airflow_new/Airflow/venv/lib/python3.8/site-packages/airflow/example_dags/example_branch_day_of_week_operator.py
[2022-09-20T17:28:31.069+0530] {processor.py:650} INFO - DAG(s) dict_keys(['example_weekday_branch_operator']) retrieved from /home/sayone/This PC/SayOne Technologies/Works/airflow_new/Airflow/venv/lib/python3.8/site-packages/airflow/example_dags/example_branch_day_of_week_operator.py
[2022-09-20T17:28:31.078+0530] {logging_mixin.py:115} INFO - [2022-09-20T17:28:31.078+0530] {dag.py:2429} INFO - Sync 1 DAGs
[2022-09-20T17:28:31.088+0530] {logging_mixin.py:115} INFO - [2022-09-20T17:28:31.088+0530] {dag.py:2977} INFO - Setting next_dagrun for example_weekday_branch_operator to 2022-09-19T00:00:00+00:00, run_after=2022-09-20T00:00:00+00:00
[2022-09-20T17:28:31.098+0530] {processor.py:161} INFO - Processing /home/sayone/This PC/SayOne Technologies/Works/airflow_new/Airflow/venv/lib/python3.8/site-packages/airflow/example_dags/example_branch_day_of_week_operator.py took 0.047 seconds
[2022-09-20T17:29:09.598+0530] {processor.py:153} INFO - Started process (PID=31843) to work on /home/sayone/This PC/SayOne Technologies/Works/airflow_new/Airflow/venv/lib/python3.8/site-packages/airflow/example_dags/example_branch_day_of_week_operator.py
[2022-09-20T17:29:09.601+0530] {processor.py:640} INFO - Processing file /home/sayone/This PC/SayOne Technologies/Works/airflow_new/Airflow/venv/lib/python3.8/site-packages/airflow/example_dags/example_branch_day_of_week_operator.py for tasks to queue
[2022-09-20T17:29:09.602+0530] {logging_mixin.py:115} INFO - [2022-09-20T17:29:09.601+0530] {dagbag.py:508} INFO - Filling up the DagBag from /home/sayone/This PC/SayOne Technologies/Works/airflow_new/Airflow/venv/lib/python3.8/site-packages/airflow/example_dags/example_branch_day_of_week_operator.py
[2022-09-20T17:29:09.613+0530] {processor.py:650} INFO - DAG(s) dict_keys(['example_weekday_branch_operator']) retrieved from /home/sayone/This PC/SayOne Technologies/Works/airflow_new/Airflow/venv/lib/python3.8/site-packages/airflow/example_dags/example_branch_day_of_week_operator.py
[2022-09-20T17:29:09.623+0530] {logging_mixin.py:115} INFO - [2022-09-20T17:29:09.622+0530] {dag.py:2429} INFO - Sync 1 DAGs
[2022-09-20T17:29:09.632+0530] {logging_mixin.py:115} INFO - [2022-09-20T17:29:09.632+0530] {dag.py:2977} INFO - Setting next_dagrun for example_weekday_branch_operator to 2022-09-19T00:00:00+00:00, run_after=2022-09-20T00:00:00+00:00
[2022-09-20T17:29:09.643+0530] {processor.py:161} INFO - Processing /home/sayone/This PC/SayOne Technologies/Works/airflow_new/Airflow/venv/lib/python3.8/site-packages/airflow/example_dags/example_branch_day_of_week_operator.py took 0.046 seconds
[2022-09-20T17:29:43.361+0530] {processor.py:153} INFO - Started process (PID=32005) to work on /home/sayone/This PC/SayOne Technologies/Works/airflow_new/Airflow/venv/lib/python3.8/site-packages/airflow/example_dags/example_branch_day_of_week_operator.py
[2022-09-20T17:29:43.365+0530] {processor.py:640} INFO - Processing file /home/sayone/This PC/SayOne Technologies/Works/airflow_new/Airflow/venv/lib/python3.8/site-packages/airflow/example_dags/example_branch_day_of_week_operator.py for tasks to queue
[2022-09-20T17:29:43.365+0530] {logging_mixin.py:115} INFO - [2022-09-20T17:29:43.365+0530] {dagbag.py:508} INFO - Filling up the DagBag from /home/sayone/This PC/SayOne Technologies/Works/airflow_new/Airflow/venv/lib/python3.8/site-packages/airflow/example_dags/example_branch_day_of_week_operator.py
[2022-09-20T17:29:43.376+0530] {processor.py:650} INFO - DAG(s) dict_keys(['example_weekday_branch_operator']) retrieved from /home/sayone/This PC/SayOne Technologies/Works/airflow_new/Airflow/venv/lib/python3.8/site-packages/airflow/example_dags/example_branch_day_of_week_operator.py
[2022-09-20T17:29:43.385+0530] {logging_mixin.py:115} INFO - [2022-09-20T17:29:43.385+0530] {dag.py:2429} INFO - Sync 1 DAGs
[2022-09-20T17:29:43.395+0530] {logging_mixin.py:115} INFO - [2022-09-20T17:29:43.395+0530] {dag.py:2977} INFO - Setting next_dagrun for example_weekday_branch_operator to 2022-09-19T00:00:00+00:00, run_after=2022-09-20T00:00:00+00:00
[2022-09-20T17:29:43.404+0530] {processor.py:161} INFO - Processing /home/sayone/This PC/SayOne Technologies/Works/airflow_new/Airflow/venv/lib/python3.8/site-packages/airflow/example_dags/example_branch_day_of_week_operator.py took 0.046 seconds
[2022-09-20T17:30:20.442+0530] {processor.py:153} INFO - Started process (PID=32102) to work on /home/sayone/This PC/SayOne Technologies/Works/airflow_new/Airflow/venv/lib/python3.8/site-packages/airflow/example_dags/example_branch_day_of_week_operator.py
[2022-09-20T17:30:20.442+0530] {processor.py:640} INFO - Processing file /home/sayone/This PC/SayOne Technologies/Works/airflow_new/Airflow/venv/lib/python3.8/site-packages/airflow/example_dags/example_branch_day_of_week_operator.py for tasks to queue
[2022-09-20T17:30:20.443+0530] {logging_mixin.py:115} INFO - [2022-09-20T17:30:20.443+0530] {dagbag.py:508} INFO - Filling up the DagBag from /home/sayone/This PC/SayOne Technologies/Works/airflow_new/Airflow/venv/lib/python3.8/site-packages/airflow/example_dags/example_branch_day_of_week_operator.py
[2022-09-20T17:30:20.449+0530] {processor.py:650} INFO - DAG(s) dict_keys(['example_weekday_branch_operator']) retrieved from /home/sayone/This PC/SayOne Technologies/Works/airflow_new/Airflow/venv/lib/python3.8/site-packages/airflow/example_dags/example_branch_day_of_week_operator.py
[2022-09-20T17:30:20.458+0530] {logging_mixin.py:115} INFO - [2022-09-20T17:30:20.458+0530] {dag.py:2429} INFO - Sync 1 DAGs
[2022-09-20T17:30:20.468+0530] {logging_mixin.py:115} INFO - [2022-09-20T17:30:20.468+0530] {dag.py:2977} INFO - Setting next_dagrun for example_weekday_branch_operator to 2022-09-19T00:00:00+00:00, run_after=2022-09-20T00:00:00+00:00
[2022-09-20T17:30:20.478+0530] {processor.py:161} INFO - Processing /home/sayone/This PC/SayOne Technologies/Works/airflow_new/Airflow/venv/lib/python3.8/site-packages/airflow/example_dags/example_branch_day_of_week_operator.py took 0.039 seconds
[2022-09-20T17:30:56.476+0530] {processor.py:153} INFO - Started process (PID=32223) to work on /home/sayone/This PC/SayOne Technologies/Works/airflow_new/Airflow/venv/lib/python3.8/site-packages/airflow/example_dags/example_branch_day_of_week_operator.py
[2022-09-20T17:30:56.478+0530] {processor.py:640} INFO - Processing file /home/sayone/This PC/SayOne Technologies/Works/airflow_new/Airflow/venv/lib/python3.8/site-packages/airflow/example_dags/example_branch_day_of_week_operator.py for tasks to queue
[2022-09-20T17:30:56.479+0530] {logging_mixin.py:115} INFO - [2022-09-20T17:30:56.479+0530] {dagbag.py:508} INFO - Filling up the DagBag from /home/sayone/This PC/SayOne Technologies/Works/airflow_new/Airflow/venv/lib/python3.8/site-packages/airflow/example_dags/example_branch_day_of_week_operator.py
[2022-09-20T17:30:56.489+0530] {processor.py:650} INFO - DAG(s) dict_keys(['example_weekday_branch_operator']) retrieved from /home/sayone/This PC/SayOne Technologies/Works/airflow_new/Airflow/venv/lib/python3.8/site-packages/airflow/example_dags/example_branch_day_of_week_operator.py
[2022-09-20T17:30:56.499+0530] {logging_mixin.py:115} INFO - [2022-09-20T17:30:56.499+0530] {dag.py:2429} INFO - Sync 1 DAGs
[2022-09-20T17:30:56.509+0530] {logging_mixin.py:115} INFO - [2022-09-20T17:30:56.509+0530] {dag.py:2977} INFO - Setting next_dagrun for example_weekday_branch_operator to 2022-09-19T00:00:00+00:00, run_after=2022-09-20T00:00:00+00:00
[2022-09-20T17:30:56.521+0530] {processor.py:161} INFO - Processing /home/sayone/This PC/SayOne Technologies/Works/airflow_new/Airflow/venv/lib/python3.8/site-packages/airflow/example_dags/example_branch_day_of_week_operator.py took 0.048 seconds
[2022-09-20T17:31:33.330+0530] {processor.py:153} INFO - Started process (PID=32304) to work on /home/sayone/This PC/SayOne Technologies/Works/airflow_new/Airflow/venv/lib/python3.8/site-packages/airflow/example_dags/example_branch_day_of_week_operator.py
[2022-09-20T17:31:33.333+0530] {processor.py:640} INFO - Processing file /home/sayone/This PC/SayOne Technologies/Works/airflow_new/Airflow/venv/lib/python3.8/site-packages/airflow/example_dags/example_branch_day_of_week_operator.py for tasks to queue
[2022-09-20T17:31:33.334+0530] {logging_mixin.py:115} INFO - [2022-09-20T17:31:33.334+0530] {dagbag.py:508} INFO - Filling up the DagBag from /home/sayone/This PC/SayOne Technologies/Works/airflow_new/Airflow/venv/lib/python3.8/site-packages/airflow/example_dags/example_branch_day_of_week_operator.py
[2022-09-20T17:31:33.345+0530] {processor.py:650} INFO - DAG(s) dict_keys(['example_weekday_branch_operator']) retrieved from /home/sayone/This PC/SayOne Technologies/Works/airflow_new/Airflow/venv/lib/python3.8/site-packages/airflow/example_dags/example_branch_day_of_week_operator.py
[2022-09-20T17:31:33.355+0530] {logging_mixin.py:115} INFO - [2022-09-20T17:31:33.355+0530] {dag.py:2429} INFO - Sync 1 DAGs
[2022-09-20T17:31:33.365+0530] {logging_mixin.py:115} INFO - [2022-09-20T17:31:33.365+0530] {dag.py:2977} INFO - Setting next_dagrun for example_weekday_branch_operator to 2022-09-19T00:00:00+00:00, run_after=2022-09-20T00:00:00+00:00
[2022-09-20T17:31:33.374+0530] {processor.py:161} INFO - Processing /home/sayone/This PC/SayOne Technologies/Works/airflow_new/Airflow/venv/lib/python3.8/site-packages/airflow/example_dags/example_branch_day_of_week_operator.py took 0.046 seconds
[2022-09-20T17:32:08.690+0530] {processor.py:153} INFO - Started process (PID=32496) to work on /home/sayone/This PC/SayOne Technologies/Works/airflow_new/Airflow/venv/lib/python3.8/site-packages/airflow/example_dags/example_branch_day_of_week_operator.py
[2022-09-20T17:32:08.693+0530] {processor.py:640} INFO - Processing file /home/sayone/This PC/SayOne Technologies/Works/airflow_new/Airflow/venv/lib/python3.8/site-packages/airflow/example_dags/example_branch_day_of_week_operator.py for tasks to queue
[2022-09-20T17:32:08.693+0530] {logging_mixin.py:115} INFO - [2022-09-20T17:32:08.693+0530] {dagbag.py:508} INFO - Filling up the DagBag from /home/sayone/This PC/SayOne Technologies/Works/airflow_new/Airflow/venv/lib/python3.8/site-packages/airflow/example_dags/example_branch_day_of_week_operator.py
[2022-09-20T17:32:08.704+0530] {processor.py:650} INFO - DAG(s) dict_keys(['example_weekday_branch_operator']) retrieved from /home/sayone/This PC/SayOne Technologies/Works/airflow_new/Airflow/venv/lib/python3.8/site-packages/airflow/example_dags/example_branch_day_of_week_operator.py
[2022-09-20T17:32:08.713+0530] {logging_mixin.py:115} INFO - [2022-09-20T17:32:08.713+0530] {dag.py:2429} INFO - Sync 1 DAGs
[2022-09-20T17:32:08.723+0530] {logging_mixin.py:115} INFO - [2022-09-20T17:32:08.723+0530] {dag.py:2977} INFO - Setting next_dagrun for example_weekday_branch_operator to 2022-09-19T00:00:00+00:00, run_after=2022-09-20T00:00:00+00:00
[2022-09-20T17:32:08.733+0530] {processor.py:161} INFO - Processing /home/sayone/This PC/SayOne Technologies/Works/airflow_new/Airflow/venv/lib/python3.8/site-packages/airflow/example_dags/example_branch_day_of_week_operator.py took 0.046 seconds
[2022-09-20T17:32:44.255+0530] {processor.py:153} INFO - Started process (PID=32618) to work on /home/sayone/This PC/SayOne Technologies/Works/airflow_new/Airflow/venv/lib/python3.8/site-packages/airflow/example_dags/example_branch_day_of_week_operator.py
[2022-09-20T17:32:44.257+0530] {processor.py:640} INFO - Processing file /home/sayone/This PC/SayOne Technologies/Works/airflow_new/Airflow/venv/lib/python3.8/site-packages/airflow/example_dags/example_branch_day_of_week_operator.py for tasks to queue
[2022-09-20T17:32:44.257+0530] {logging_mixin.py:115} INFO - [2022-09-20T17:32:44.257+0530] {dagbag.py:508} INFO - Filling up the DagBag from /home/sayone/This PC/SayOne Technologies/Works/airflow_new/Airflow/venv/lib/python3.8/site-packages/airflow/example_dags/example_branch_day_of_week_operator.py
[2022-09-20T17:32:44.263+0530] {processor.py:650} INFO - DAG(s) dict_keys(['example_weekday_branch_operator']) retrieved from /home/sayone/This PC/SayOne Technologies/Works/airflow_new/Airflow/venv/lib/python3.8/site-packages/airflow/example_dags/example_branch_day_of_week_operator.py
[2022-09-20T17:32:44.273+0530] {logging_mixin.py:115} INFO - [2022-09-20T17:32:44.273+0530] {dag.py:2429} INFO - Sync 1 DAGs
[2022-09-20T17:32:44.283+0530] {logging_mixin.py:115} INFO - [2022-09-20T17:32:44.283+0530] {dag.py:2977} INFO - Setting next_dagrun for example_weekday_branch_operator to 2022-09-19T00:00:00+00:00, run_after=2022-09-20T00:00:00+00:00
[2022-09-20T17:32:44.292+0530] {processor.py:161} INFO - Processing /home/sayone/This PC/SayOne Technologies/Works/airflow_new/Airflow/venv/lib/python3.8/site-packages/airflow/example_dags/example_branch_day_of_week_operator.py took 0.039 seconds
[2022-09-20T17:33:19.346+0530] {processor.py:153} INFO - Started process (PID=32712) to work on /home/sayone/This PC/SayOne Technologies/Works/airflow_new/Airflow/venv/lib/python3.8/site-packages/airflow/example_dags/example_branch_day_of_week_operator.py
[2022-09-20T17:33:19.348+0530] {processor.py:640} INFO - Processing file /home/sayone/This PC/SayOne Technologies/Works/airflow_new/Airflow/venv/lib/python3.8/site-packages/airflow/example_dags/example_branch_day_of_week_operator.py for tasks to queue
[2022-09-20T17:33:19.349+0530] {logging_mixin.py:115} INFO - [2022-09-20T17:33:19.349+0530] {dagbag.py:508} INFO - Filling up the DagBag from /home/sayone/This PC/SayOne Technologies/Works/airflow_new/Airflow/venv/lib/python3.8/site-packages/airflow/example_dags/example_branch_day_of_week_operator.py
[2022-09-20T17:33:19.361+0530] {processor.py:650} INFO - DAG(s) dict_keys(['example_weekday_branch_operator']) retrieved from /home/sayone/This PC/SayOne Technologies/Works/airflow_new/Airflow/venv/lib/python3.8/site-packages/airflow/example_dags/example_branch_day_of_week_operator.py
[2022-09-20T17:33:19.370+0530] {logging_mixin.py:115} INFO - [2022-09-20T17:33:19.370+0530] {dag.py:2429} INFO - Sync 1 DAGs
[2022-09-20T17:33:19.380+0530] {logging_mixin.py:115} INFO - [2022-09-20T17:33:19.380+0530] {dag.py:2977} INFO - Setting next_dagrun for example_weekday_branch_operator to 2022-09-19T00:00:00+00:00, run_after=2022-09-20T00:00:00+00:00
[2022-09-20T17:33:19.390+0530] {processor.py:161} INFO - Processing /home/sayone/This PC/SayOne Technologies/Works/airflow_new/Airflow/venv/lib/python3.8/site-packages/airflow/example_dags/example_branch_day_of_week_operator.py took 0.048 seconds
[2022-09-20T17:33:56.298+0530] {processor.py:153} INFO - Started process (PID=32817) to work on /home/sayone/This PC/SayOne Technologies/Works/airflow_new/Airflow/venv/lib/python3.8/site-packages/airflow/example_dags/example_branch_day_of_week_operator.py
[2022-09-20T17:33:56.301+0530] {processor.py:640} INFO - Processing file /home/sayone/This PC/SayOne Technologies/Works/airflow_new/Airflow/venv/lib/python3.8/site-packages/airflow/example_dags/example_branch_day_of_week_operator.py for tasks to queue
[2022-09-20T17:33:56.301+0530] {logging_mixin.py:115} INFO - [2022-09-20T17:33:56.301+0530] {dagbag.py:508} INFO - Filling up the DagBag from /home/sayone/This PC/SayOne Technologies/Works/airflow_new/Airflow/venv/lib/python3.8/site-packages/airflow/example_dags/example_branch_day_of_week_operator.py
[2022-09-20T17:33:56.312+0530] {processor.py:650} INFO - DAG(s) dict_keys(['example_weekday_branch_operator']) retrieved from /home/sayone/This PC/SayOne Technologies/Works/airflow_new/Airflow/venv/lib/python3.8/site-packages/airflow/example_dags/example_branch_day_of_week_operator.py
[2022-09-20T17:33:56.321+0530] {logging_mixin.py:115} INFO - [2022-09-20T17:33:56.321+0530] {dag.py:2429} INFO - Sync 1 DAGs
[2022-09-20T17:33:56.331+0530] {logging_mixin.py:115} INFO - [2022-09-20T17:33:56.331+0530] {dag.py:2977} INFO - Setting next_dagrun for example_weekday_branch_operator to 2022-09-19T00:00:00+00:00, run_after=2022-09-20T00:00:00+00:00
[2022-09-20T17:33:56.341+0530] {processor.py:161} INFO - Processing /home/sayone/This PC/SayOne Technologies/Works/airflow_new/Airflow/venv/lib/python3.8/site-packages/airflow/example_dags/example_branch_day_of_week_operator.py took 0.045 seconds
[2022-09-20T17:34:33.518+0530] {processor.py:153} INFO - Started process (PID=33031) to work on /home/sayone/This PC/SayOne Technologies/Works/airflow_new/Airflow/venv/lib/python3.8/site-packages/airflow/example_dags/example_branch_day_of_week_operator.py
[2022-09-20T17:34:33.521+0530] {processor.py:640} INFO - Processing file /home/sayone/This PC/SayOne Technologies/Works/airflow_new/Airflow/venv/lib/python3.8/site-packages/airflow/example_dags/example_branch_day_of_week_operator.py for tasks to queue
[2022-09-20T17:34:33.522+0530] {logging_mixin.py:115} INFO - [2022-09-20T17:34:33.522+0530] {dagbag.py:508} INFO - Filling up the DagBag from /home/sayone/This PC/SayOne Technologies/Works/airflow_new/Airflow/venv/lib/python3.8/site-packages/airflow/example_dags/example_branch_day_of_week_operator.py
[2022-09-20T17:34:33.534+0530] {processor.py:650} INFO - DAG(s) dict_keys(['example_weekday_branch_operator']) retrieved from /home/sayone/This PC/SayOne Technologies/Works/airflow_new/Airflow/venv/lib/python3.8/site-packages/airflow/example_dags/example_branch_day_of_week_operator.py
[2022-09-20T17:34:33.543+0530] {logging_mixin.py:115} INFO - [2022-09-20T17:34:33.543+0530] {dag.py:2429} INFO - Sync 1 DAGs
[2022-09-20T17:34:33.553+0530] {logging_mixin.py:115} INFO - [2022-09-20T17:34:33.553+0530] {dag.py:2977} INFO - Setting next_dagrun for example_weekday_branch_operator to 2022-09-19T00:00:00+00:00, run_after=2022-09-20T00:00:00+00:00
[2022-09-20T17:34:33.562+0530] {processor.py:161} INFO - Processing /home/sayone/This PC/SayOne Technologies/Works/airflow_new/Airflow/venv/lib/python3.8/site-packages/airflow/example_dags/example_branch_day_of_week_operator.py took 0.046 seconds
[2022-09-20T17:35:09.206+0530] {processor.py:153} INFO - Started process (PID=33152) to work on /home/sayone/This PC/SayOne Technologies/Works/airflow_new/Airflow/venv/lib/python3.8/site-packages/airflow/example_dags/example_branch_day_of_week_operator.py
[2022-09-20T17:35:09.209+0530] {processor.py:640} INFO - Processing file /home/sayone/This PC/SayOne Technologies/Works/airflow_new/Airflow/venv/lib/python3.8/site-packages/airflow/example_dags/example_branch_day_of_week_operator.py for tasks to queue
[2022-09-20T17:35:09.210+0530] {logging_mixin.py:115} INFO - [2022-09-20T17:35:09.210+0530] {dagbag.py:508} INFO - Filling up the DagBag from /home/sayone/This PC/SayOne Technologies/Works/airflow_new/Airflow/venv/lib/python3.8/site-packages/airflow/example_dags/example_branch_day_of_week_operator.py
[2022-09-20T17:35:09.221+0530] {processor.py:650} INFO - DAG(s) dict_keys(['example_weekday_branch_operator']) retrieved from /home/sayone/This PC/SayOne Technologies/Works/airflow_new/Airflow/venv/lib/python3.8/site-packages/airflow/example_dags/example_branch_day_of_week_operator.py
[2022-09-20T17:35:09.231+0530] {logging_mixin.py:115} INFO - [2022-09-20T17:35:09.231+0530] {dag.py:2429} INFO - Sync 1 DAGs
[2022-09-20T17:35:09.243+0530] {logging_mixin.py:115} INFO - [2022-09-20T17:35:09.243+0530] {dag.py:2977} INFO - Setting next_dagrun for example_weekday_branch_operator to 2022-09-19T00:00:00+00:00, run_after=2022-09-20T00:00:00+00:00
[2022-09-20T17:35:09.253+0530] {processor.py:161} INFO - Processing /home/sayone/This PC/SayOne Technologies/Works/airflow_new/Airflow/venv/lib/python3.8/site-packages/airflow/example_dags/example_branch_day_of_week_operator.py took 0.048 seconds
[2022-09-20T17:35:44.483+0530] {processor.py:153} INFO - Started process (PID=33218) to work on /home/sayone/This PC/SayOne Technologies/Works/airflow_new/Airflow/venv/lib/python3.8/site-packages/airflow/example_dags/example_branch_day_of_week_operator.py
[2022-09-20T17:35:44.485+0530] {processor.py:640} INFO - Processing file /home/sayone/This PC/SayOne Technologies/Works/airflow_new/Airflow/venv/lib/python3.8/site-packages/airflow/example_dags/example_branch_day_of_week_operator.py for tasks to queue
[2022-09-20T17:35:44.485+0530] {logging_mixin.py:115} INFO - [2022-09-20T17:35:44.485+0530] {dagbag.py:508} INFO - Filling up the DagBag from /home/sayone/This PC/SayOne Technologies/Works/airflow_new/Airflow/venv/lib/python3.8/site-packages/airflow/example_dags/example_branch_day_of_week_operator.py
[2022-09-20T17:35:44.497+0530] {processor.py:650} INFO - DAG(s) dict_keys(['example_weekday_branch_operator']) retrieved from /home/sayone/This PC/SayOne Technologies/Works/airflow_new/Airflow/venv/lib/python3.8/site-packages/airflow/example_dags/example_branch_day_of_week_operator.py
[2022-09-20T17:35:44.507+0530] {logging_mixin.py:115} INFO - [2022-09-20T17:35:44.506+0530] {dag.py:2429} INFO - Sync 1 DAGs
[2022-09-20T17:35:44.517+0530] {logging_mixin.py:115} INFO - [2022-09-20T17:35:44.516+0530] {dag.py:2977} INFO - Setting next_dagrun for example_weekday_branch_operator to 2022-09-19T00:00:00+00:00, run_after=2022-09-20T00:00:00+00:00
[2022-09-20T17:35:44.526+0530] {processor.py:161} INFO - Processing /home/sayone/This PC/SayOne Technologies/Works/airflow_new/Airflow/venv/lib/python3.8/site-packages/airflow/example_dags/example_branch_day_of_week_operator.py took 0.047 seconds
[2022-09-20T17:36:23.305+0530] {processor.py:153} INFO - Started process (PID=33378) to work on /home/sayone/This PC/SayOne Technologies/Works/airflow_new/Airflow/venv/lib/python3.8/site-packages/airflow/example_dags/example_branch_day_of_week_operator.py
[2022-09-20T17:36:23.307+0530] {processor.py:640} INFO - Processing file /home/sayone/This PC/SayOne Technologies/Works/airflow_new/Airflow/venv/lib/python3.8/site-packages/airflow/example_dags/example_branch_day_of_week_operator.py for tasks to queue
[2022-09-20T17:36:23.308+0530] {logging_mixin.py:115} INFO - [2022-09-20T17:36:23.308+0530] {dagbag.py:508} INFO - Filling up the DagBag from /home/sayone/This PC/SayOne Technologies/Works/airflow_new/Airflow/venv/lib/python3.8/site-packages/airflow/example_dags/example_branch_day_of_week_operator.py
[2022-09-20T17:36:23.316+0530] {processor.py:650} INFO - DAG(s) dict_keys(['example_weekday_branch_operator']) retrieved from /home/sayone/This PC/SayOne Technologies/Works/airflow_new/Airflow/venv/lib/python3.8/site-packages/airflow/example_dags/example_branch_day_of_week_operator.py
[2022-09-20T17:36:23.324+0530] {logging_mixin.py:115} INFO - [2022-09-20T17:36:23.324+0530] {dag.py:2429} INFO - Sync 1 DAGs
[2022-09-20T17:36:23.336+0530] {logging_mixin.py:115} INFO - [2022-09-20T17:36:23.336+0530] {dag.py:2977} INFO - Setting next_dagrun for example_weekday_branch_operator to 2022-09-19T00:00:00+00:00, run_after=2022-09-20T00:00:00+00:00
[2022-09-20T17:36:23.347+0530] {processor.py:161} INFO - Processing /home/sayone/This PC/SayOne Technologies/Works/airflow_new/Airflow/venv/lib/python3.8/site-packages/airflow/example_dags/example_branch_day_of_week_operator.py took 0.045 seconds
[2022-09-20T17:36:57.467+0530] {processor.py:153} INFO - Started process (PID=33504) to work on /home/sayone/This PC/SayOne Technologies/Works/airflow_new/Airflow/venv/lib/python3.8/site-packages/airflow/example_dags/example_branch_day_of_week_operator.py
[2022-09-20T17:36:57.470+0530] {processor.py:640} INFO - Processing file /home/sayone/This PC/SayOne Technologies/Works/airflow_new/Airflow/venv/lib/python3.8/site-packages/airflow/example_dags/example_branch_day_of_week_operator.py for tasks to queue
[2022-09-20T17:36:57.471+0530] {logging_mixin.py:115} INFO - [2022-09-20T17:36:57.470+0530] {dagbag.py:508} INFO - Filling up the DagBag from /home/sayone/This PC/SayOne Technologies/Works/airflow_new/Airflow/venv/lib/python3.8/site-packages/airflow/example_dags/example_branch_day_of_week_operator.py
[2022-09-20T17:36:57.479+0530] {processor.py:650} INFO - DAG(s) dict_keys(['example_weekday_branch_operator']) retrieved from /home/sayone/This PC/SayOne Technologies/Works/airflow_new/Airflow/venv/lib/python3.8/site-packages/airflow/example_dags/example_branch_day_of_week_operator.py
[2022-09-20T17:36:57.490+0530] {logging_mixin.py:115} INFO - [2022-09-20T17:36:57.490+0530] {dag.py:2429} INFO - Sync 1 DAGs
[2022-09-20T17:36:57.503+0530] {logging_mixin.py:115} INFO - [2022-09-20T17:36:57.503+0530] {dag.py:2977} INFO - Setting next_dagrun for example_weekday_branch_operator to 2022-09-19T00:00:00+00:00, run_after=2022-09-20T00:00:00+00:00
[2022-09-20T17:36:57.515+0530] {processor.py:161} INFO - Processing /home/sayone/This PC/SayOne Technologies/Works/airflow_new/Airflow/venv/lib/python3.8/site-packages/airflow/example_dags/example_branch_day_of_week_operator.py took 0.052 seconds
[2022-09-20T17:37:35.397+0530] {processor.py:153} INFO - Started process (PID=33705) to work on /home/sayone/This PC/SayOne Technologies/Works/airflow_new/Airflow/venv/lib/python3.8/site-packages/airflow/example_dags/example_branch_day_of_week_operator.py
[2022-09-20T17:37:35.400+0530] {processor.py:640} INFO - Processing file /home/sayone/This PC/SayOne Technologies/Works/airflow_new/Airflow/venv/lib/python3.8/site-packages/airflow/example_dags/example_branch_day_of_week_operator.py for tasks to queue
[2022-09-20T17:37:35.400+0530] {logging_mixin.py:115} INFO - [2022-09-20T17:37:35.400+0530] {dagbag.py:508} INFO - Filling up the DagBag from /home/sayone/This PC/SayOne Technologies/Works/airflow_new/Airflow/venv/lib/python3.8/site-packages/airflow/example_dags/example_branch_day_of_week_operator.py
[2022-09-20T17:37:35.411+0530] {processor.py:650} INFO - DAG(s) dict_keys(['example_weekday_branch_operator']) retrieved from /home/sayone/This PC/SayOne Technologies/Works/airflow_new/Airflow/venv/lib/python3.8/site-packages/airflow/example_dags/example_branch_day_of_week_operator.py
[2022-09-20T17:37:35.420+0530] {logging_mixin.py:115} INFO - [2022-09-20T17:37:35.420+0530] {dag.py:2429} INFO - Sync 1 DAGs
[2022-09-20T17:37:35.430+0530] {logging_mixin.py:115} INFO - [2022-09-20T17:37:35.430+0530] {dag.py:2977} INFO - Setting next_dagrun for example_weekday_branch_operator to 2022-09-19T00:00:00+00:00, run_after=2022-09-20T00:00:00+00:00
[2022-09-20T17:37:35.439+0530] {processor.py:161} INFO - Processing /home/sayone/This PC/SayOne Technologies/Works/airflow_new/Airflow/venv/lib/python3.8/site-packages/airflow/example_dags/example_branch_day_of_week_operator.py took 0.045 seconds
[2022-09-20T17:38:21.324+0530] {processor.py:153} INFO - Started process (PID=33845) to work on /home/sayone/This PC/SayOne Technologies/Works/airflow_new/Airflow/venv/lib/python3.8/site-packages/airflow/example_dags/example_branch_day_of_week_operator.py
[2022-09-20T17:38:21.326+0530] {processor.py:640} INFO - Processing file /home/sayone/This PC/SayOne Technologies/Works/airflow_new/Airflow/venv/lib/python3.8/site-packages/airflow/example_dags/example_branch_day_of_week_operator.py for tasks to queue
[2022-09-20T17:38:21.327+0530] {logging_mixin.py:115} INFO - [2022-09-20T17:38:21.327+0530] {dagbag.py:508} INFO - Filling up the DagBag from /home/sayone/This PC/SayOne Technologies/Works/airflow_new/Airflow/venv/lib/python3.8/site-packages/airflow/example_dags/example_branch_day_of_week_operator.py
[2022-09-20T17:38:21.335+0530] {processor.py:650} INFO - DAG(s) dict_keys(['example_weekday_branch_operator']) retrieved from /home/sayone/This PC/SayOne Technologies/Works/airflow_new/Airflow/venv/lib/python3.8/site-packages/airflow/example_dags/example_branch_day_of_week_operator.py
[2022-09-20T17:38:21.344+0530] {logging_mixin.py:115} INFO - [2022-09-20T17:38:21.344+0530] {dag.py:2429} INFO - Sync 1 DAGs
[2022-09-20T17:38:21.358+0530] {logging_mixin.py:115} INFO - [2022-09-20T17:38:21.358+0530] {dag.py:2977} INFO - Setting next_dagrun for example_weekday_branch_operator to 2022-09-19T00:00:00+00:00, run_after=2022-09-20T00:00:00+00:00
[2022-09-20T17:38:21.367+0530] {processor.py:161} INFO - Processing /home/sayone/This PC/SayOne Technologies/Works/airflow_new/Airflow/venv/lib/python3.8/site-packages/airflow/example_dags/example_branch_day_of_week_operator.py took 0.045 seconds
[2022-09-20T17:38:59.054+0530] {processor.py:153} INFO - Started process (PID=33950) to work on /home/sayone/This PC/SayOne Technologies/Works/airflow_new/Airflow/venv/lib/python3.8/site-packages/airflow/example_dags/example_branch_day_of_week_operator.py
[2022-09-20T17:38:59.057+0530] {processor.py:640} INFO - Processing file /home/sayone/This PC/SayOne Technologies/Works/airflow_new/Airflow/venv/lib/python3.8/site-packages/airflow/example_dags/example_branch_day_of_week_operator.py for tasks to queue
[2022-09-20T17:38:59.057+0530] {logging_mixin.py:115} INFO - [2022-09-20T17:38:59.057+0530] {dagbag.py:508} INFO - Filling up the DagBag from /home/sayone/This PC/SayOne Technologies/Works/airflow_new/Airflow/venv/lib/python3.8/site-packages/airflow/example_dags/example_branch_day_of_week_operator.py
[2022-09-20T17:38:59.067+0530] {processor.py:650} INFO - DAG(s) dict_keys(['example_weekday_branch_operator']) retrieved from /home/sayone/This PC/SayOne Technologies/Works/airflow_new/Airflow/venv/lib/python3.8/site-packages/airflow/example_dags/example_branch_day_of_week_operator.py
[2022-09-20T17:38:59.076+0530] {logging_mixin.py:115} INFO - [2022-09-20T17:38:59.076+0530] {dag.py:2429} INFO - Sync 1 DAGs
[2022-09-20T17:38:59.086+0530] {logging_mixin.py:115} INFO - [2022-09-20T17:38:59.086+0530] {dag.py:2977} INFO - Setting next_dagrun for example_weekday_branch_operator to 2022-09-19T00:00:00+00:00, run_after=2022-09-20T00:00:00+00:00
[2022-09-20T17:38:59.094+0530] {processor.py:161} INFO - Processing /home/sayone/This PC/SayOne Technologies/Works/airflow_new/Airflow/venv/lib/python3.8/site-packages/airflow/example_dags/example_branch_day_of_week_operator.py took 0.043 seconds
[2022-09-20T17:39:32.230+0530] {processor.py:153} INFO - Started process (PID=34055) to work on /home/sayone/This PC/SayOne Technologies/Works/airflow_new/Airflow/venv/lib/python3.8/site-packages/airflow/example_dags/example_branch_day_of_week_operator.py
[2022-09-20T17:39:32.233+0530] {processor.py:640} INFO - Processing file /home/sayone/This PC/SayOne Technologies/Works/airflow_new/Airflow/venv/lib/python3.8/site-packages/airflow/example_dags/example_branch_day_of_week_operator.py for tasks to queue
[2022-09-20T17:39:32.234+0530] {logging_mixin.py:115} INFO - [2022-09-20T17:39:32.234+0530] {dagbag.py:508} INFO - Filling up the DagBag from /home/sayone/This PC/SayOne Technologies/Works/airflow_new/Airflow/venv/lib/python3.8/site-packages/airflow/example_dags/example_branch_day_of_week_operator.py
[2022-09-20T17:39:32.245+0530] {processor.py:650} INFO - DAG(s) dict_keys(['example_weekday_branch_operator']) retrieved from /home/sayone/This PC/SayOne Technologies/Works/airflow_new/Airflow/venv/lib/python3.8/site-packages/airflow/example_dags/example_branch_day_of_week_operator.py
[2022-09-20T17:39:32.254+0530] {logging_mixin.py:115} INFO - [2022-09-20T17:39:32.254+0530] {dag.py:2429} INFO - Sync 1 DAGs
[2022-09-20T17:39:32.265+0530] {logging_mixin.py:115} INFO - [2022-09-20T17:39:32.265+0530] {dag.py:2977} INFO - Setting next_dagrun for example_weekday_branch_operator to 2022-09-19T00:00:00+00:00, run_after=2022-09-20T00:00:00+00:00
[2022-09-20T17:39:32.276+0530] {processor.py:161} INFO - Processing /home/sayone/This PC/SayOne Technologies/Works/airflow_new/Airflow/venv/lib/python3.8/site-packages/airflow/example_dags/example_branch_day_of_week_operator.py took 0.050 seconds
[2022-09-20T17:40:10.049+0530] {processor.py:153} INFO - Started process (PID=34192) to work on /home/sayone/This PC/SayOne Technologies/Works/airflow_new/Airflow/venv/lib/python3.8/site-packages/airflow/example_dags/example_branch_day_of_week_operator.py
[2022-09-20T17:40:10.050+0530] {processor.py:640} INFO - Processing file /home/sayone/This PC/SayOne Technologies/Works/airflow_new/Airflow/venv/lib/python3.8/site-packages/airflow/example_dags/example_branch_day_of_week_operator.py for tasks to queue
[2022-09-20T17:40:10.050+0530] {logging_mixin.py:115} INFO - [2022-09-20T17:40:10.050+0530] {dagbag.py:508} INFO - Filling up the DagBag from /home/sayone/This PC/SayOne Technologies/Works/airflow_new/Airflow/venv/lib/python3.8/site-packages/airflow/example_dags/example_branch_day_of_week_operator.py
[2022-09-20T17:40:10.055+0530] {processor.py:650} INFO - DAG(s) dict_keys(['example_weekday_branch_operator']) retrieved from /home/sayone/This PC/SayOne Technologies/Works/airflow_new/Airflow/venv/lib/python3.8/site-packages/airflow/example_dags/example_branch_day_of_week_operator.py
[2022-09-20T17:40:10.063+0530] {logging_mixin.py:115} INFO - [2022-09-20T17:40:10.063+0530] {dag.py:2429} INFO - Sync 1 DAGs
[2022-09-20T17:40:10.074+0530] {logging_mixin.py:115} INFO - [2022-09-20T17:40:10.074+0530] {dag.py:2977} INFO - Setting next_dagrun for example_weekday_branch_operator to 2022-09-19T00:00:00+00:00, run_after=2022-09-20T00:00:00+00:00
[2022-09-20T17:40:10.083+0530] {processor.py:161} INFO - Processing /home/sayone/This PC/SayOne Technologies/Works/airflow_new/Airflow/venv/lib/python3.8/site-packages/airflow/example_dags/example_branch_day_of_week_operator.py took 0.035 seconds
[2022-09-20T17:40:44.847+0530] {processor.py:153} INFO - Started process (PID=34302) to work on /home/sayone/This PC/SayOne Technologies/Works/airflow_new/Airflow/venv/lib/python3.8/site-packages/airflow/example_dags/example_branch_day_of_week_operator.py
[2022-09-20T17:40:44.851+0530] {processor.py:640} INFO - Processing file /home/sayone/This PC/SayOne Technologies/Works/airflow_new/Airflow/venv/lib/python3.8/site-packages/airflow/example_dags/example_branch_day_of_week_operator.py for tasks to queue
[2022-09-20T17:40:44.851+0530] {logging_mixin.py:115} INFO - [2022-09-20T17:40:44.851+0530] {dagbag.py:508} INFO - Filling up the DagBag from /home/sayone/This PC/SayOne Technologies/Works/airflow_new/Airflow/venv/lib/python3.8/site-packages/airflow/example_dags/example_branch_day_of_week_operator.py
[2022-09-20T17:40:44.860+0530] {processor.py:650} INFO - DAG(s) dict_keys(['example_weekday_branch_operator']) retrieved from /home/sayone/This PC/SayOne Technologies/Works/airflow_new/Airflow/venv/lib/python3.8/site-packages/airflow/example_dags/example_branch_day_of_week_operator.py
[2022-09-20T17:40:44.868+0530] {logging_mixin.py:115} INFO - [2022-09-20T17:40:44.868+0530] {dag.py:2429} INFO - Sync 1 DAGs
[2022-09-20T17:40:44.879+0530] {logging_mixin.py:115} INFO - [2022-09-20T17:40:44.879+0530] {dag.py:2977} INFO - Setting next_dagrun for example_weekday_branch_operator to 2022-09-19T00:00:00+00:00, run_after=2022-09-20T00:00:00+00:00
[2022-09-20T17:40:44.889+0530] {processor.py:161} INFO - Processing /home/sayone/This PC/SayOne Technologies/Works/airflow_new/Airflow/venv/lib/python3.8/site-packages/airflow/example_dags/example_branch_day_of_week_operator.py took 0.045 seconds
[2022-09-20T17:41:23.092+0530] {processor.py:153} INFO - Started process (PID=34417) to work on /home/sayone/This PC/SayOne Technologies/Works/airflow_new/Airflow/venv/lib/python3.8/site-packages/airflow/example_dags/example_branch_day_of_week_operator.py
[2022-09-20T17:41:23.095+0530] {processor.py:640} INFO - Processing file /home/sayone/This PC/SayOne Technologies/Works/airflow_new/Airflow/venv/lib/python3.8/site-packages/airflow/example_dags/example_branch_day_of_week_operator.py for tasks to queue
[2022-09-20T17:41:23.096+0530] {logging_mixin.py:115} INFO - [2022-09-20T17:41:23.096+0530] {dagbag.py:508} INFO - Filling up the DagBag from /home/sayone/This PC/SayOne Technologies/Works/airflow_new/Airflow/venv/lib/python3.8/site-packages/airflow/example_dags/example_branch_day_of_week_operator.py
[2022-09-20T17:41:23.107+0530] {processor.py:650} INFO - DAG(s) dict_keys(['example_weekday_branch_operator']) retrieved from /home/sayone/This PC/SayOne Technologies/Works/airflow_new/Airflow/venv/lib/python3.8/site-packages/airflow/example_dags/example_branch_day_of_week_operator.py
[2022-09-20T17:41:23.116+0530] {logging_mixin.py:115} INFO - [2022-09-20T17:41:23.116+0530] {dag.py:2429} INFO - Sync 1 DAGs
[2022-09-20T17:41:23.126+0530] {logging_mixin.py:115} INFO - [2022-09-20T17:41:23.126+0530] {dag.py:2977} INFO - Setting next_dagrun for example_weekday_branch_operator to 2022-09-19T00:00:00+00:00, run_after=2022-09-20T00:00:00+00:00
[2022-09-20T17:41:23.135+0530] {processor.py:161} INFO - Processing /home/sayone/This PC/SayOne Technologies/Works/airflow_new/Airflow/venv/lib/python3.8/site-packages/airflow/example_dags/example_branch_day_of_week_operator.py took 0.046 seconds
[2022-09-20T17:45:51.017+0530] {processor.py:153} INFO - Started process (PID=34965) to work on /home/sayone/This PC/SayOne Technologies/Works/airflow_new/Airflow/venv/lib/python3.8/site-packages/airflow/example_dags/example_branch_day_of_week_operator.py
[2022-09-20T17:45:51.020+0530] {processor.py:640} INFO - Processing file /home/sayone/This PC/SayOne Technologies/Works/airflow_new/Airflow/venv/lib/python3.8/site-packages/airflow/example_dags/example_branch_day_of_week_operator.py for tasks to queue
[2022-09-20T17:45:51.020+0530] {logging_mixin.py:115} INFO - [2022-09-20T17:45:51.020+0530] {dagbag.py:508} INFO - Filling up the DagBag from /home/sayone/This PC/SayOne Technologies/Works/airflow_new/Airflow/venv/lib/python3.8/site-packages/airflow/example_dags/example_branch_day_of_week_operator.py
[2022-09-20T17:45:51.031+0530] {processor.py:650} INFO - DAG(s) dict_keys(['example_weekday_branch_operator']) retrieved from /home/sayone/This PC/SayOne Technologies/Works/airflow_new/Airflow/venv/lib/python3.8/site-packages/airflow/example_dags/example_branch_day_of_week_operator.py
[2022-09-20T17:45:51.041+0530] {logging_mixin.py:115} INFO - [2022-09-20T17:45:51.041+0530] {dag.py:2429} INFO - Sync 1 DAGs
[2022-09-20T17:45:51.052+0530] {logging_mixin.py:115} INFO - [2022-09-20T17:45:51.052+0530] {dag.py:2977} INFO - Setting next_dagrun for example_weekday_branch_operator to 2022-09-19T00:00:00+00:00, run_after=2022-09-20T00:00:00+00:00
[2022-09-20T17:45:51.060+0530] {processor.py:161} INFO - Processing /home/sayone/This PC/SayOne Technologies/Works/airflow_new/Airflow/venv/lib/python3.8/site-packages/airflow/example_dags/example_branch_day_of_week_operator.py took 0.044 seconds
[2022-09-20T17:46:45.617+0530] {processor.py:153} INFO - Started process (PID=35225) to work on /home/sayone/This PC/SayOne Technologies/Works/airflow_new/Airflow/venv/lib/python3.8/site-packages/airflow/example_dags/example_branch_day_of_week_operator.py
[2022-09-20T17:46:45.620+0530] {processor.py:640} INFO - Processing file /home/sayone/This PC/SayOne Technologies/Works/airflow_new/Airflow/venv/lib/python3.8/site-packages/airflow/example_dags/example_branch_day_of_week_operator.py for tasks to queue
[2022-09-20T17:46:45.621+0530] {logging_mixin.py:115} INFO - [2022-09-20T17:46:45.621+0530] {dagbag.py:508} INFO - Filling up the DagBag from /home/sayone/This PC/SayOne Technologies/Works/airflow_new/Airflow/venv/lib/python3.8/site-packages/airflow/example_dags/example_branch_day_of_week_operator.py
[2022-09-20T17:46:45.631+0530] {processor.py:650} INFO - DAG(s) dict_keys(['example_weekday_branch_operator']) retrieved from /home/sayone/This PC/SayOne Technologies/Works/airflow_new/Airflow/venv/lib/python3.8/site-packages/airflow/example_dags/example_branch_day_of_week_operator.py
[2022-09-20T17:46:45.641+0530] {logging_mixin.py:115} INFO - [2022-09-20T17:46:45.641+0530] {dag.py:2429} INFO - Sync 1 DAGs
[2022-09-20T17:46:45.651+0530] {logging_mixin.py:115} INFO - [2022-09-20T17:46:45.651+0530] {dag.py:2977} INFO - Setting next_dagrun for example_weekday_branch_operator to 2022-09-19T00:00:00+00:00, run_after=2022-09-20T00:00:00+00:00
[2022-09-20T17:46:45.660+0530] {processor.py:161} INFO - Processing /home/sayone/This PC/SayOne Technologies/Works/airflow_new/Airflow/venv/lib/python3.8/site-packages/airflow/example_dags/example_branch_day_of_week_operator.py took 0.048 seconds
[2022-09-20T17:47:20.567+0530] {processor.py:153} INFO - Started process (PID=35330) to work on /home/sayone/This PC/SayOne Technologies/Works/airflow_new/Airflow/venv/lib/python3.8/site-packages/airflow/example_dags/example_branch_day_of_week_operator.py
[2022-09-20T17:47:20.570+0530] {processor.py:640} INFO - Processing file /home/sayone/This PC/SayOne Technologies/Works/airflow_new/Airflow/venv/lib/python3.8/site-packages/airflow/example_dags/example_branch_day_of_week_operator.py for tasks to queue
[2022-09-20T17:47:20.571+0530] {logging_mixin.py:115} INFO - [2022-09-20T17:47:20.571+0530] {dagbag.py:508} INFO - Filling up the DagBag from /home/sayone/This PC/SayOne Technologies/Works/airflow_new/Airflow/venv/lib/python3.8/site-packages/airflow/example_dags/example_branch_day_of_week_operator.py
[2022-09-20T17:47:20.579+0530] {processor.py:650} INFO - DAG(s) dict_keys(['example_weekday_branch_operator']) retrieved from /home/sayone/This PC/SayOne Technologies/Works/airflow_new/Airflow/venv/lib/python3.8/site-packages/airflow/example_dags/example_branch_day_of_week_operator.py
[2022-09-20T17:47:20.588+0530] {logging_mixin.py:115} INFO - [2022-09-20T17:47:20.588+0530] {dag.py:2429} INFO - Sync 1 DAGs
[2022-09-20T17:47:20.598+0530] {logging_mixin.py:115} INFO - [2022-09-20T17:47:20.598+0530] {dag.py:2977} INFO - Setting next_dagrun for example_weekday_branch_operator to 2022-09-19T00:00:00+00:00, run_after=2022-09-20T00:00:00+00:00
[2022-09-20T17:47:20.606+0530] {processor.py:161} INFO - Processing /home/sayone/This PC/SayOne Technologies/Works/airflow_new/Airflow/venv/lib/python3.8/site-packages/airflow/example_dags/example_branch_day_of_week_operator.py took 0.043 seconds
[2022-09-20T17:47:58.877+0530] {processor.py:153} INFO - Started process (PID=35476) to work on /home/sayone/This PC/SayOne Technologies/Works/airflow_new/Airflow/venv/lib/python3.8/site-packages/airflow/example_dags/example_branch_day_of_week_operator.py
[2022-09-20T17:47:58.881+0530] {processor.py:640} INFO - Processing file /home/sayone/This PC/SayOne Technologies/Works/airflow_new/Airflow/venv/lib/python3.8/site-packages/airflow/example_dags/example_branch_day_of_week_operator.py for tasks to queue
[2022-09-20T17:47:58.881+0530] {logging_mixin.py:115} INFO - [2022-09-20T17:47:58.881+0530] {dagbag.py:508} INFO - Filling up the DagBag from /home/sayone/This PC/SayOne Technologies/Works/airflow_new/Airflow/venv/lib/python3.8/site-packages/airflow/example_dags/example_branch_day_of_week_operator.py
[2022-09-20T17:47:58.892+0530] {processor.py:650} INFO - DAG(s) dict_keys(['example_weekday_branch_operator']) retrieved from /home/sayone/This PC/SayOne Technologies/Works/airflow_new/Airflow/venv/lib/python3.8/site-packages/airflow/example_dags/example_branch_day_of_week_operator.py
[2022-09-20T17:47:58.901+0530] {logging_mixin.py:115} INFO - [2022-09-20T17:47:58.901+0530] {dag.py:2429} INFO - Sync 1 DAGs
[2022-09-20T17:47:58.911+0530] {logging_mixin.py:115} INFO - [2022-09-20T17:47:58.911+0530] {dag.py:2977} INFO - Setting next_dagrun for example_weekday_branch_operator to 2022-09-19T00:00:00+00:00, run_after=2022-09-20T00:00:00+00:00
[2022-09-20T17:47:58.920+0530] {processor.py:161} INFO - Processing /home/sayone/This PC/SayOne Technologies/Works/airflow_new/Airflow/venv/lib/python3.8/site-packages/airflow/example_dags/example_branch_day_of_week_operator.py took 0.047 seconds
[2022-09-20T17:48:35.107+0530] {processor.py:153} INFO - Started process (PID=35539) to work on /home/sayone/This PC/SayOne Technologies/Works/airflow_new/Airflow/venv/lib/python3.8/site-packages/airflow/example_dags/example_branch_day_of_week_operator.py
[2022-09-20T17:48:35.110+0530] {processor.py:640} INFO - Processing file /home/sayone/This PC/SayOne Technologies/Works/airflow_new/Airflow/venv/lib/python3.8/site-packages/airflow/example_dags/example_branch_day_of_week_operator.py for tasks to queue
[2022-09-20T17:48:35.111+0530] {logging_mixin.py:115} INFO - [2022-09-20T17:48:35.111+0530] {dagbag.py:508} INFO - Filling up the DagBag from /home/sayone/This PC/SayOne Technologies/Works/airflow_new/Airflow/venv/lib/python3.8/site-packages/airflow/example_dags/example_branch_day_of_week_operator.py
[2022-09-20T17:48:35.125+0530] {processor.py:650} INFO - DAG(s) dict_keys(['example_weekday_branch_operator']) retrieved from /home/sayone/This PC/SayOne Technologies/Works/airflow_new/Airflow/venv/lib/python3.8/site-packages/airflow/example_dags/example_branch_day_of_week_operator.py
[2022-09-20T17:48:35.136+0530] {logging_mixin.py:115} INFO - [2022-09-20T17:48:35.136+0530] {dag.py:2429} INFO - Sync 1 DAGs
[2022-09-20T17:48:35.148+0530] {logging_mixin.py:115} INFO - [2022-09-20T17:48:35.148+0530] {dag.py:2977} INFO - Setting next_dagrun for example_weekday_branch_operator to 2022-09-19T00:00:00+00:00, run_after=2022-09-20T00:00:00+00:00
[2022-09-20T17:48:35.156+0530] {processor.py:161} INFO - Processing /home/sayone/This PC/SayOne Technologies/Works/airflow_new/Airflow/venv/lib/python3.8/site-packages/airflow/example_dags/example_branch_day_of_week_operator.py took 0.050 seconds
[2022-09-20T17:49:13.273+0530] {processor.py:153} INFO - Started process (PID=35668) to work on /home/sayone/This PC/SayOne Technologies/Works/airflow_new/Airflow/venv/lib/python3.8/site-packages/airflow/example_dags/example_branch_day_of_week_operator.py
[2022-09-20T17:49:13.276+0530] {processor.py:640} INFO - Processing file /home/sayone/This PC/SayOne Technologies/Works/airflow_new/Airflow/venv/lib/python3.8/site-packages/airflow/example_dags/example_branch_day_of_week_operator.py for tasks to queue
[2022-09-20T17:49:13.277+0530] {logging_mixin.py:115} INFO - [2022-09-20T17:49:13.276+0530] {dagbag.py:508} INFO - Filling up the DagBag from /home/sayone/This PC/SayOne Technologies/Works/airflow_new/Airflow/venv/lib/python3.8/site-packages/airflow/example_dags/example_branch_day_of_week_operator.py
[2022-09-20T17:49:13.287+0530] {processor.py:650} INFO - DAG(s) dict_keys(['example_weekday_branch_operator']) retrieved from /home/sayone/This PC/SayOne Technologies/Works/airflow_new/Airflow/venv/lib/python3.8/site-packages/airflow/example_dags/example_branch_day_of_week_operator.py
[2022-09-20T17:49:13.296+0530] {logging_mixin.py:115} INFO - [2022-09-20T17:49:13.296+0530] {dag.py:2429} INFO - Sync 1 DAGs
[2022-09-20T17:49:13.306+0530] {logging_mixin.py:115} INFO - [2022-09-20T17:49:13.306+0530] {dag.py:2977} INFO - Setting next_dagrun for example_weekday_branch_operator to 2022-09-19T00:00:00+00:00, run_after=2022-09-20T00:00:00+00:00
[2022-09-20T17:49:13.316+0530] {processor.py:161} INFO - Processing /home/sayone/This PC/SayOne Technologies/Works/airflow_new/Airflow/venv/lib/python3.8/site-packages/airflow/example_dags/example_branch_day_of_week_operator.py took 0.048 seconds
[2022-09-20T17:49:50.244+0530] {processor.py:153} INFO - Started process (PID=35733) to work on /home/sayone/This PC/SayOne Technologies/Works/airflow_new/Airflow/venv/lib/python3.8/site-packages/airflow/example_dags/example_branch_day_of_week_operator.py
[2022-09-20T17:49:50.247+0530] {processor.py:640} INFO - Processing file /home/sayone/This PC/SayOne Technologies/Works/airflow_new/Airflow/venv/lib/python3.8/site-packages/airflow/example_dags/example_branch_day_of_week_operator.py for tasks to queue
[2022-09-20T17:49:50.248+0530] {logging_mixin.py:115} INFO - [2022-09-20T17:49:50.248+0530] {dagbag.py:508} INFO - Filling up the DagBag from /home/sayone/This PC/SayOne Technologies/Works/airflow_new/Airflow/venv/lib/python3.8/site-packages/airflow/example_dags/example_branch_day_of_week_operator.py
[2022-09-20T17:49:50.260+0530] {processor.py:650} INFO - DAG(s) dict_keys(['example_weekday_branch_operator']) retrieved from /home/sayone/This PC/SayOne Technologies/Works/airflow_new/Airflow/venv/lib/python3.8/site-packages/airflow/example_dags/example_branch_day_of_week_operator.py
[2022-09-20T17:49:50.269+0530] {logging_mixin.py:115} INFO - [2022-09-20T17:49:50.269+0530] {dag.py:2429} INFO - Sync 1 DAGs
[2022-09-20T17:49:50.279+0530] {logging_mixin.py:115} INFO - [2022-09-20T17:49:50.279+0530] {dag.py:2977} INFO - Setting next_dagrun for example_weekday_branch_operator to 2022-09-19T00:00:00+00:00, run_after=2022-09-20T00:00:00+00:00
[2022-09-20T17:49:50.287+0530] {processor.py:161} INFO - Processing /home/sayone/This PC/SayOne Technologies/Works/airflow_new/Airflow/venv/lib/python3.8/site-packages/airflow/example_dags/example_branch_day_of_week_operator.py took 0.047 seconds
[2022-09-20T17:50:26.497+0530] {processor.py:153} INFO - Started process (PID=35841) to work on /home/sayone/This PC/SayOne Technologies/Works/airflow_new/Airflow/venv/lib/python3.8/site-packages/airflow/example_dags/example_branch_day_of_week_operator.py
[2022-09-20T17:50:26.498+0530] {processor.py:640} INFO - Processing file /home/sayone/This PC/SayOne Technologies/Works/airflow_new/Airflow/venv/lib/python3.8/site-packages/airflow/example_dags/example_branch_day_of_week_operator.py for tasks to queue
[2022-09-20T17:50:26.499+0530] {logging_mixin.py:115} INFO - [2022-09-20T17:50:26.499+0530] {dagbag.py:508} INFO - Filling up the DagBag from /home/sayone/This PC/SayOne Technologies/Works/airflow_new/Airflow/venv/lib/python3.8/site-packages/airflow/example_dags/example_branch_day_of_week_operator.py
[2022-09-20T17:50:26.509+0530] {processor.py:650} INFO - DAG(s) dict_keys(['example_weekday_branch_operator']) retrieved from /home/sayone/This PC/SayOne Technologies/Works/airflow_new/Airflow/venv/lib/python3.8/site-packages/airflow/example_dags/example_branch_day_of_week_operator.py
[2022-09-20T17:50:26.519+0530] {logging_mixin.py:115} INFO - [2022-09-20T17:50:26.519+0530] {dag.py:2429} INFO - Sync 1 DAGs
[2022-09-20T17:50:26.530+0530] {logging_mixin.py:115} INFO - [2022-09-20T17:50:26.530+0530] {dag.py:2977} INFO - Setting next_dagrun for example_weekday_branch_operator to 2022-09-19T00:00:00+00:00, run_after=2022-09-20T00:00:00+00:00
[2022-09-20T17:50:26.539+0530] {processor.py:161} INFO - Processing /home/sayone/This PC/SayOne Technologies/Works/airflow_new/Airflow/venv/lib/python3.8/site-packages/airflow/example_dags/example_branch_day_of_week_operator.py took 0.046 seconds
[2022-09-20T17:51:03.530+0530] {processor.py:153} INFO - Started process (PID=35951) to work on /home/sayone/This PC/SayOne Technologies/Works/airflow_new/Airflow/venv/lib/python3.8/site-packages/airflow/example_dags/example_branch_day_of_week_operator.py
[2022-09-20T17:51:03.533+0530] {processor.py:640} INFO - Processing file /home/sayone/This PC/SayOne Technologies/Works/airflow_new/Airflow/venv/lib/python3.8/site-packages/airflow/example_dags/example_branch_day_of_week_operator.py for tasks to queue
[2022-09-20T17:51:03.534+0530] {logging_mixin.py:115} INFO - [2022-09-20T17:51:03.534+0530] {dagbag.py:508} INFO - Filling up the DagBag from /home/sayone/This PC/SayOne Technologies/Works/airflow_new/Airflow/venv/lib/python3.8/site-packages/airflow/example_dags/example_branch_day_of_week_operator.py
[2022-09-20T17:51:03.547+0530] {processor.py:650} INFO - DAG(s) dict_keys(['example_weekday_branch_operator']) retrieved from /home/sayone/This PC/SayOne Technologies/Works/airflow_new/Airflow/venv/lib/python3.8/site-packages/airflow/example_dags/example_branch_day_of_week_operator.py
[2022-09-20T17:51:03.557+0530] {logging_mixin.py:115} INFO - [2022-09-20T17:51:03.557+0530] {dag.py:2429} INFO - Sync 1 DAGs
[2022-09-20T17:51:03.568+0530] {logging_mixin.py:115} INFO - [2022-09-20T17:51:03.567+0530] {dag.py:2977} INFO - Setting next_dagrun for example_weekday_branch_operator to 2022-09-19T00:00:00+00:00, run_after=2022-09-20T00:00:00+00:00
[2022-09-20T17:51:03.578+0530] {processor.py:161} INFO - Processing /home/sayone/This PC/SayOne Technologies/Works/airflow_new/Airflow/venv/lib/python3.8/site-packages/airflow/example_dags/example_branch_day_of_week_operator.py took 0.049 seconds
[2022-09-20T17:51:39.637+0530] {processor.py:153} INFO - Started process (PID=36011) to work on /home/sayone/This PC/SayOne Technologies/Works/airflow_new/Airflow/venv/lib/python3.8/site-packages/airflow/example_dags/example_branch_day_of_week_operator.py
[2022-09-20T17:51:39.639+0530] {processor.py:640} INFO - Processing file /home/sayone/This PC/SayOne Technologies/Works/airflow_new/Airflow/venv/lib/python3.8/site-packages/airflow/example_dags/example_branch_day_of_week_operator.py for tasks to queue
[2022-09-20T17:51:39.640+0530] {logging_mixin.py:115} INFO - [2022-09-20T17:51:39.640+0530] {dagbag.py:508} INFO - Filling up the DagBag from /home/sayone/This PC/SayOne Technologies/Works/airflow_new/Airflow/venv/lib/python3.8/site-packages/airflow/example_dags/example_branch_day_of_week_operator.py
[2022-09-20T17:51:39.652+0530] {processor.py:650} INFO - DAG(s) dict_keys(['example_weekday_branch_operator']) retrieved from /home/sayone/This PC/SayOne Technologies/Works/airflow_new/Airflow/venv/lib/python3.8/site-packages/airflow/example_dags/example_branch_day_of_week_operator.py
[2022-09-20T17:51:39.661+0530] {logging_mixin.py:115} INFO - [2022-09-20T17:51:39.661+0530] {dag.py:2429} INFO - Sync 1 DAGs
[2022-09-20T17:51:39.671+0530] {logging_mixin.py:115} INFO - [2022-09-20T17:51:39.671+0530] {dag.py:2977} INFO - Setting next_dagrun for example_weekday_branch_operator to 2022-09-19T00:00:00+00:00, run_after=2022-09-20T00:00:00+00:00
[2022-09-20T17:51:39.683+0530] {processor.py:161} INFO - Processing /home/sayone/This PC/SayOne Technologies/Works/airflow_new/Airflow/venv/lib/python3.8/site-packages/airflow/example_dags/example_branch_day_of_week_operator.py took 0.050 seconds
