[2022-09-20T17:17:06.837+0530] {processor.py:153} INFO - Started process (PID=28796) to work on /home/sayone/This PC/SayOne Technologies/Works/airflow_new/Airflow/venv/lib/python3.8/site-packages/airflow/example_dags/example_dag_decorator.py
[2022-09-20T17:17:06.839+0530] {processor.py:640} INFO - Processing file /home/sayone/This PC/SayOne Technologies/Works/airflow_new/Airflow/venv/lib/python3.8/site-packages/airflow/example_dags/example_dag_decorator.py for tasks to queue
[2022-09-20T17:17:06.840+0530] {logging_mixin.py:115} INFO - [2022-09-20T17:17:06.839+0530] {dagbag.py:508} INFO - Filling up the DagBag from /home/sayone/This PC/SayOne Technologies/Works/airflow_new/Airflow/venv/lib/python3.8/site-packages/airflow/example_dags/example_dag_decorator.py
[2022-09-20T17:17:06.858+0530] {processor.py:650} INFO - DAG(s) dict_keys(['example_dag_decorator']) retrieved from /home/sayone/This PC/SayOne Technologies/Works/airflow_new/Airflow/venv/lib/python3.8/site-packages/airflow/example_dags/example_dag_decorator.py
[2022-09-20T17:17:06.905+0530] {logging_mixin.py:115} INFO - [2022-09-20T17:17:06.904+0530] {manager.py:508} INFO - Created Permission View: can edit on DAG:example_dag_decorator
[2022-09-20T17:17:06.912+0530] {logging_mixin.py:115} INFO - [2022-09-20T17:17:06.911+0530] {manager.py:508} INFO - Created Permission View: can read on DAG:example_dag_decorator
[2022-09-20T17:17:06.921+0530] {logging_mixin.py:115} INFO - [2022-09-20T17:17:06.920+0530] {manager.py:508} INFO - Created Permission View: can delete on DAG:example_dag_decorator
[2022-09-20T17:17:06.921+0530] {logging_mixin.py:115} INFO - [2022-09-20T17:17:06.921+0530] {dag.py:2429} INFO - Sync 1 DAGs
[2022-09-20T17:17:06.926+0530] {logging_mixin.py:115} INFO - [2022-09-20T17:17:06.925+0530] {dag.py:2448} INFO - Creating ORM DAG for example_dag_decorator
[2022-09-20T17:17:06.931+0530] {logging_mixin.py:115} INFO - [2022-09-20T17:17:06.931+0530] {dag.py:2977} INFO - Setting next_dagrun for example_dag_decorator to None, run_after=None
[2022-09-20T17:17:06.946+0530] {processor.py:161} INFO - Processing /home/sayone/This PC/SayOne Technologies/Works/airflow_new/Airflow/venv/lib/python3.8/site-packages/airflow/example_dags/example_dag_decorator.py took 0.113 seconds
[2022-09-20T17:17:43.554+0530] {processor.py:153} INFO - Started process (PID=28997) to work on /home/sayone/This PC/SayOne Technologies/Works/airflow_new/Airflow/venv/lib/python3.8/site-packages/airflow/example_dags/example_dag_decorator.py
[2022-09-20T17:17:43.557+0530] {processor.py:640} INFO - Processing file /home/sayone/This PC/SayOne Technologies/Works/airflow_new/Airflow/venv/lib/python3.8/site-packages/airflow/example_dags/example_dag_decorator.py for tasks to queue
[2022-09-20T17:17:43.557+0530] {logging_mixin.py:115} INFO - [2022-09-20T17:17:43.557+0530] {dagbag.py:508} INFO - Filling up the DagBag from /home/sayone/This PC/SayOne Technologies/Works/airflow_new/Airflow/venv/lib/python3.8/site-packages/airflow/example_dags/example_dag_decorator.py
[2022-09-20T17:17:43.572+0530] {processor.py:650} INFO - DAG(s) dict_keys(['example_dag_decorator']) retrieved from /home/sayone/This PC/SayOne Technologies/Works/airflow_new/Airflow/venv/lib/python3.8/site-packages/airflow/example_dags/example_dag_decorator.py
[2022-09-20T17:17:43.606+0530] {logging_mixin.py:115} INFO - [2022-09-20T17:17:43.606+0530] {dag.py:2429} INFO - Sync 1 DAGs
[2022-09-20T17:17:43.619+0530] {logging_mixin.py:115} INFO - [2022-09-20T17:17:43.619+0530] {dag.py:2977} INFO - Setting next_dagrun for example_dag_decorator to None, run_after=None
[2022-09-20T17:17:43.636+0530] {processor.py:161} INFO - Processing /home/sayone/This PC/SayOne Technologies/Works/airflow_new/Airflow/venv/lib/python3.8/site-packages/airflow/example_dags/example_dag_decorator.py took 0.084 seconds
[2022-09-20T17:18:16.660+0530] {processor.py:153} INFO - Started process (PID=29136) to work on /home/sayone/This PC/SayOne Technologies/Works/airflow_new/Airflow/venv/lib/python3.8/site-packages/airflow/example_dags/example_dag_decorator.py
[2022-09-20T17:18:16.661+0530] {processor.py:640} INFO - Processing file /home/sayone/This PC/SayOne Technologies/Works/airflow_new/Airflow/venv/lib/python3.8/site-packages/airflow/example_dags/example_dag_decorator.py for tasks to queue
[2022-09-20T17:18:16.662+0530] {logging_mixin.py:115} INFO - [2022-09-20T17:18:16.662+0530] {dagbag.py:508} INFO - Filling up the DagBag from /home/sayone/This PC/SayOne Technologies/Works/airflow_new/Airflow/venv/lib/python3.8/site-packages/airflow/example_dags/example_dag_decorator.py
[2022-09-20T17:18:16.680+0530] {processor.py:650} INFO - DAG(s) dict_keys(['example_dag_decorator']) retrieved from /home/sayone/This PC/SayOne Technologies/Works/airflow_new/Airflow/venv/lib/python3.8/site-packages/airflow/example_dags/example_dag_decorator.py
[2022-09-20T17:18:16.709+0530] {logging_mixin.py:115} INFO - [2022-09-20T17:18:16.709+0530] {dag.py:2429} INFO - Sync 1 DAGs
[2022-09-20T17:18:16.717+0530] {logging_mixin.py:115} INFO - [2022-09-20T17:18:16.717+0530] {dag.py:2977} INFO - Setting next_dagrun for example_dag_decorator to None, run_after=None
[2022-09-20T17:18:16.727+0530] {processor.py:161} INFO - Processing /home/sayone/This PC/SayOne Technologies/Works/airflow_new/Airflow/venv/lib/python3.8/site-packages/airflow/example_dags/example_dag_decorator.py took 0.071 seconds
[2022-09-20T17:18:53.912+0530] {processor.py:153} INFO - Started process (PID=29256) to work on /home/sayone/This PC/SayOne Technologies/Works/airflow_new/Airflow/venv/lib/python3.8/site-packages/airflow/example_dags/example_dag_decorator.py
[2022-09-20T17:18:53.914+0530] {processor.py:640} INFO - Processing file /home/sayone/This PC/SayOne Technologies/Works/airflow_new/Airflow/venv/lib/python3.8/site-packages/airflow/example_dags/example_dag_decorator.py for tasks to queue
[2022-09-20T17:18:53.914+0530] {logging_mixin.py:115} INFO - [2022-09-20T17:18:53.914+0530] {dagbag.py:508} INFO - Filling up the DagBag from /home/sayone/This PC/SayOne Technologies/Works/airflow_new/Airflow/venv/lib/python3.8/site-packages/airflow/example_dags/example_dag_decorator.py
[2022-09-20T17:18:53.930+0530] {processor.py:650} INFO - DAG(s) dict_keys(['example_dag_decorator']) retrieved from /home/sayone/This PC/SayOne Technologies/Works/airflow_new/Airflow/venv/lib/python3.8/site-packages/airflow/example_dags/example_dag_decorator.py
[2022-09-20T17:18:53.941+0530] {logging_mixin.py:115} INFO - [2022-09-20T17:18:53.941+0530] {dag.py:2429} INFO - Sync 1 DAGs
[2022-09-20T17:18:53.952+0530] {logging_mixin.py:115} INFO - [2022-09-20T17:18:53.952+0530] {dag.py:2977} INFO - Setting next_dagrun for example_dag_decorator to None, run_after=None
[2022-09-20T17:18:53.960+0530] {processor.py:161} INFO - Processing /home/sayone/This PC/SayOne Technologies/Works/airflow_new/Airflow/venv/lib/python3.8/site-packages/airflow/example_dags/example_dag_decorator.py took 0.052 seconds
[2022-09-20T17:19:27.468+0530] {processor.py:153} INFO - Started process (PID=29374) to work on /home/sayone/This PC/SayOne Technologies/Works/airflow_new/Airflow/venv/lib/python3.8/site-packages/airflow/example_dags/example_dag_decorator.py
[2022-09-20T17:19:27.471+0530] {processor.py:640} INFO - Processing file /home/sayone/This PC/SayOne Technologies/Works/airflow_new/Airflow/venv/lib/python3.8/site-packages/airflow/example_dags/example_dag_decorator.py for tasks to queue
[2022-09-20T17:19:27.472+0530] {logging_mixin.py:115} INFO - [2022-09-20T17:19:27.472+0530] {dagbag.py:508} INFO - Filling up the DagBag from /home/sayone/This PC/SayOne Technologies/Works/airflow_new/Airflow/venv/lib/python3.8/site-packages/airflow/example_dags/example_dag_decorator.py
[2022-09-20T17:19:27.489+0530] {processor.py:650} INFO - DAG(s) dict_keys(['example_dag_decorator']) retrieved from /home/sayone/This PC/SayOne Technologies/Works/airflow_new/Airflow/venv/lib/python3.8/site-packages/airflow/example_dags/example_dag_decorator.py
[2022-09-20T17:19:27.500+0530] {logging_mixin.py:115} INFO - [2022-09-20T17:19:27.500+0530] {dag.py:2429} INFO - Sync 1 DAGs
[2022-09-20T17:19:27.511+0530] {logging_mixin.py:115} INFO - [2022-09-20T17:19:27.511+0530] {dag.py:2977} INFO - Setting next_dagrun for example_dag_decorator to None, run_after=None
[2022-09-20T17:19:27.521+0530] {processor.py:161} INFO - Processing /home/sayone/This PC/SayOne Technologies/Works/airflow_new/Airflow/venv/lib/python3.8/site-packages/airflow/example_dags/example_dag_decorator.py took 0.055 seconds
[2022-09-20T17:20:24.007+0530] {processor.py:153} INFO - Started process (PID=29697) to work on /home/sayone/This PC/SayOne Technologies/Works/airflow_new/Airflow/venv/lib/python3.8/site-packages/airflow/example_dags/example_dag_decorator.py
[2022-09-20T17:20:24.008+0530] {processor.py:640} INFO - Processing file /home/sayone/This PC/SayOne Technologies/Works/airflow_new/Airflow/venv/lib/python3.8/site-packages/airflow/example_dags/example_dag_decorator.py for tasks to queue
[2022-09-20T17:20:24.009+0530] {logging_mixin.py:115} INFO - [2022-09-20T17:20:24.009+0530] {dagbag.py:508} INFO - Filling up the DagBag from /home/sayone/This PC/SayOne Technologies/Works/airflow_new/Airflow/venv/lib/python3.8/site-packages/airflow/example_dags/example_dag_decorator.py
[2022-09-20T17:20:24.028+0530] {processor.py:650} INFO - DAG(s) dict_keys(['example_dag_decorator']) retrieved from /home/sayone/This PC/SayOne Technologies/Works/airflow_new/Airflow/venv/lib/python3.8/site-packages/airflow/example_dags/example_dag_decorator.py
[2022-09-20T17:20:24.056+0530] {logging_mixin.py:115} INFO - [2022-09-20T17:20:24.056+0530] {dag.py:2429} INFO - Sync 1 DAGs
[2022-09-20T17:20:24.065+0530] {logging_mixin.py:115} INFO - [2022-09-20T17:20:24.064+0530] {dag.py:2977} INFO - Setting next_dagrun for example_dag_decorator to None, run_after=None
[2022-09-20T17:20:24.075+0530] {processor.py:161} INFO - Processing /home/sayone/This PC/SayOne Technologies/Works/airflow_new/Airflow/venv/lib/python3.8/site-packages/airflow/example_dags/example_dag_decorator.py took 0.070 seconds
[2022-09-20T17:21:01.854+0530] {processor.py:153} INFO - Started process (PID=29803) to work on /home/sayone/This PC/SayOne Technologies/Works/airflow_new/Airflow/venv/lib/python3.8/site-packages/airflow/example_dags/example_dag_decorator.py
[2022-09-20T17:21:01.855+0530] {processor.py:640} INFO - Processing file /home/sayone/This PC/SayOne Technologies/Works/airflow_new/Airflow/venv/lib/python3.8/site-packages/airflow/example_dags/example_dag_decorator.py for tasks to queue
[2022-09-20T17:21:01.856+0530] {logging_mixin.py:115} INFO - [2022-09-20T17:21:01.856+0530] {dagbag.py:508} INFO - Filling up the DagBag from /home/sayone/This PC/SayOne Technologies/Works/airflow_new/Airflow/venv/lib/python3.8/site-packages/airflow/example_dags/example_dag_decorator.py
[2022-09-20T17:21:01.874+0530] {processor.py:650} INFO - DAG(s) dict_keys(['example_dag_decorator']) retrieved from /home/sayone/This PC/SayOne Technologies/Works/airflow_new/Airflow/venv/lib/python3.8/site-packages/airflow/example_dags/example_dag_decorator.py
[2022-09-20T17:21:01.902+0530] {logging_mixin.py:115} INFO - [2022-09-20T17:21:01.902+0530] {dag.py:2429} INFO - Sync 1 DAGs
[2022-09-20T17:21:01.912+0530] {logging_mixin.py:115} INFO - [2022-09-20T17:21:01.912+0530] {dag.py:2977} INFO - Setting next_dagrun for example_dag_decorator to None, run_after=None
[2022-09-20T17:21:01.924+0530] {processor.py:161} INFO - Processing /home/sayone/This PC/SayOne Technologies/Works/airflow_new/Airflow/venv/lib/python3.8/site-packages/airflow/example_dags/example_dag_decorator.py took 0.074 seconds
[2022-09-20T17:21:36.103+0530] {processor.py:153} INFO - Started process (PID=29899) to work on /home/sayone/This PC/SayOne Technologies/Works/airflow_new/Airflow/venv/lib/python3.8/site-packages/airflow/example_dags/example_dag_decorator.py
[2022-09-20T17:21:36.106+0530] {processor.py:640} INFO - Processing file /home/sayone/This PC/SayOne Technologies/Works/airflow_new/Airflow/venv/lib/python3.8/site-packages/airflow/example_dags/example_dag_decorator.py for tasks to queue
[2022-09-20T17:21:36.107+0530] {logging_mixin.py:115} INFO - [2022-09-20T17:21:36.107+0530] {dagbag.py:508} INFO - Filling up the DagBag from /home/sayone/This PC/SayOne Technologies/Works/airflow_new/Airflow/venv/lib/python3.8/site-packages/airflow/example_dags/example_dag_decorator.py
[2022-09-20T17:21:36.125+0530] {processor.py:650} INFO - DAG(s) dict_keys(['example_dag_decorator']) retrieved from /home/sayone/This PC/SayOne Technologies/Works/airflow_new/Airflow/venv/lib/python3.8/site-packages/airflow/example_dags/example_dag_decorator.py
[2022-09-20T17:21:36.161+0530] {logging_mixin.py:115} INFO - [2022-09-20T17:21:36.161+0530] {dag.py:2429} INFO - Sync 1 DAGs
[2022-09-20T17:21:36.171+0530] {logging_mixin.py:115} INFO - [2022-09-20T17:21:36.171+0530] {dag.py:2977} INFO - Setting next_dagrun for example_dag_decorator to None, run_after=None
[2022-09-20T17:21:36.182+0530] {processor.py:161} INFO - Processing /home/sayone/This PC/SayOne Technologies/Works/airflow_new/Airflow/venv/lib/python3.8/site-packages/airflow/example_dags/example_dag_decorator.py took 0.083 seconds
[2022-09-20T17:22:13.956+0530] {processor.py:153} INFO - Started process (PID=30182) to work on /home/sayone/This PC/SayOne Technologies/Works/airflow_new/Airflow/venv/lib/python3.8/site-packages/airflow/example_dags/example_dag_decorator.py
[2022-09-20T17:22:13.958+0530] {processor.py:640} INFO - Processing file /home/sayone/This PC/SayOne Technologies/Works/airflow_new/Airflow/venv/lib/python3.8/site-packages/airflow/example_dags/example_dag_decorator.py for tasks to queue
[2022-09-20T17:22:13.958+0530] {logging_mixin.py:115} INFO - [2022-09-20T17:22:13.958+0530] {dagbag.py:508} INFO - Filling up the DagBag from /home/sayone/This PC/SayOne Technologies/Works/airflow_new/Airflow/venv/lib/python3.8/site-packages/airflow/example_dags/example_dag_decorator.py
[2022-09-20T17:22:13.975+0530] {processor.py:650} INFO - DAG(s) dict_keys(['example_dag_decorator']) retrieved from /home/sayone/This PC/SayOne Technologies/Works/airflow_new/Airflow/venv/lib/python3.8/site-packages/airflow/example_dags/example_dag_decorator.py
[2022-09-20T17:22:13.986+0530] {logging_mixin.py:115} INFO - [2022-09-20T17:22:13.986+0530] {dag.py:2429} INFO - Sync 1 DAGs
[2022-09-20T17:22:13.999+0530] {logging_mixin.py:115} INFO - [2022-09-20T17:22:13.999+0530] {dag.py:2977} INFO - Setting next_dagrun for example_dag_decorator to None, run_after=None
[2022-09-20T17:22:14.008+0530] {processor.py:161} INFO - Processing /home/sayone/This PC/SayOne Technologies/Works/airflow_new/Airflow/venv/lib/python3.8/site-packages/airflow/example_dags/example_dag_decorator.py took 0.056 seconds
[2022-09-20T17:22:48.073+0530] {processor.py:153} INFO - Started process (PID=30299) to work on /home/sayone/This PC/SayOne Technologies/Works/airflow_new/Airflow/venv/lib/python3.8/site-packages/airflow/example_dags/example_dag_decorator.py
[2022-09-20T17:22:48.076+0530] {processor.py:640} INFO - Processing file /home/sayone/This PC/SayOne Technologies/Works/airflow_new/Airflow/venv/lib/python3.8/site-packages/airflow/example_dags/example_dag_decorator.py for tasks to queue
[2022-09-20T17:22:48.076+0530] {logging_mixin.py:115} INFO - [2022-09-20T17:22:48.076+0530] {dagbag.py:508} INFO - Filling up the DagBag from /home/sayone/This PC/SayOne Technologies/Works/airflow_new/Airflow/venv/lib/python3.8/site-packages/airflow/example_dags/example_dag_decorator.py
[2022-09-20T17:22:48.092+0530] {processor.py:650} INFO - DAG(s) dict_keys(['example_dag_decorator']) retrieved from /home/sayone/This PC/SayOne Technologies/Works/airflow_new/Airflow/venv/lib/python3.8/site-packages/airflow/example_dags/example_dag_decorator.py
[2022-09-20T17:22:48.129+0530] {logging_mixin.py:115} INFO - [2022-09-20T17:22:48.129+0530] {dag.py:2429} INFO - Sync 1 DAGs
[2022-09-20T17:22:48.139+0530] {logging_mixin.py:115} INFO - [2022-09-20T17:22:48.139+0530] {dag.py:2977} INFO - Setting next_dagrun for example_dag_decorator to None, run_after=None
[2022-09-20T17:22:48.155+0530] {processor.py:161} INFO - Processing /home/sayone/This PC/SayOne Technologies/Works/airflow_new/Airflow/venv/lib/python3.8/site-packages/airflow/example_dags/example_dag_decorator.py took 0.083 seconds
[2022-09-20T17:23:48.855+0530] {processor.py:153} INFO - Started process (PID=30491) to work on /home/sayone/This PC/SayOne Technologies/Works/airflow_new/Airflow/venv/lib/python3.8/site-packages/airflow/example_dags/example_dag_decorator.py
[2022-09-20T17:23:48.859+0530] {processor.py:640} INFO - Processing file /home/sayone/This PC/SayOne Technologies/Works/airflow_new/Airflow/venv/lib/python3.8/site-packages/airflow/example_dags/example_dag_decorator.py for tasks to queue
[2022-09-20T17:23:48.860+0530] {logging_mixin.py:115} INFO - [2022-09-20T17:23:48.860+0530] {dagbag.py:508} INFO - Filling up the DagBag from /home/sayone/This PC/SayOne Technologies/Works/airflow_new/Airflow/venv/lib/python3.8/site-packages/airflow/example_dags/example_dag_decorator.py
[2022-09-20T17:23:48.876+0530] {processor.py:650} INFO - DAG(s) dict_keys(['example_dag_decorator']) retrieved from /home/sayone/This PC/SayOne Technologies/Works/airflow_new/Airflow/venv/lib/python3.8/site-packages/airflow/example_dags/example_dag_decorator.py
[2022-09-20T17:23:48.908+0530] {logging_mixin.py:115} INFO - [2022-09-20T17:23:48.908+0530] {dag.py:2429} INFO - Sync 1 DAGs
[2022-09-20T17:23:48.917+0530] {logging_mixin.py:115} INFO - [2022-09-20T17:23:48.917+0530] {dag.py:2977} INFO - Setting next_dagrun for example_dag_decorator to None, run_after=None
[2022-09-20T17:23:48.926+0530] {processor.py:161} INFO - Processing /home/sayone/This PC/SayOne Technologies/Works/airflow_new/Airflow/venv/lib/python3.8/site-packages/airflow/example_dags/example_dag_decorator.py took 0.075 seconds
[2022-09-20T17:24:25.977+0530] {processor.py:153} INFO - Started process (PID=30661) to work on /home/sayone/This PC/SayOne Technologies/Works/airflow_new/Airflow/venv/lib/python3.8/site-packages/airflow/example_dags/example_dag_decorator.py
[2022-09-20T17:24:25.980+0530] {processor.py:640} INFO - Processing file /home/sayone/This PC/SayOne Technologies/Works/airflow_new/Airflow/venv/lib/python3.8/site-packages/airflow/example_dags/example_dag_decorator.py for tasks to queue
[2022-09-20T17:24:25.980+0530] {logging_mixin.py:115} INFO - [2022-09-20T17:24:25.980+0530] {dagbag.py:508} INFO - Filling up the DagBag from /home/sayone/This PC/SayOne Technologies/Works/airflow_new/Airflow/venv/lib/python3.8/site-packages/airflow/example_dags/example_dag_decorator.py
[2022-09-20T17:24:26.011+0530] {processor.py:650} INFO - DAG(s) dict_keys(['example_dag_decorator']) retrieved from /home/sayone/This PC/SayOne Technologies/Works/airflow_new/Airflow/venv/lib/python3.8/site-packages/airflow/example_dags/example_dag_decorator.py
[2022-09-20T17:24:26.063+0530] {logging_mixin.py:115} INFO - [2022-09-20T17:24:26.063+0530] {dag.py:2429} INFO - Sync 1 DAGs
[2022-09-20T17:24:26.078+0530] {logging_mixin.py:115} INFO - [2022-09-20T17:24:26.078+0530] {dag.py:2977} INFO - Setting next_dagrun for example_dag_decorator to None, run_after=None
[2022-09-20T17:24:26.096+0530] {processor.py:161} INFO - Processing /home/sayone/This PC/SayOne Technologies/Works/airflow_new/Airflow/venv/lib/python3.8/site-packages/airflow/example_dags/example_dag_decorator.py took 0.120 seconds
[2022-09-20T17:25:00.792+0530] {processor.py:153} INFO - Started process (PID=30914) to work on /home/sayone/This PC/SayOne Technologies/Works/airflow_new/Airflow/venv/lib/python3.8/site-packages/airflow/example_dags/example_dag_decorator.py
[2022-09-20T17:25:00.795+0530] {processor.py:640} INFO - Processing file /home/sayone/This PC/SayOne Technologies/Works/airflow_new/Airflow/venv/lib/python3.8/site-packages/airflow/example_dags/example_dag_decorator.py for tasks to queue
[2022-09-20T17:25:00.796+0530] {logging_mixin.py:115} INFO - [2022-09-20T17:25:00.796+0530] {dagbag.py:508} INFO - Filling up the DagBag from /home/sayone/This PC/SayOne Technologies/Works/airflow_new/Airflow/venv/lib/python3.8/site-packages/airflow/example_dags/example_dag_decorator.py
[2022-09-20T17:25:00.813+0530] {processor.py:650} INFO - DAG(s) dict_keys(['example_dag_decorator']) retrieved from /home/sayone/This PC/SayOne Technologies/Works/airflow_new/Airflow/venv/lib/python3.8/site-packages/airflow/example_dags/example_dag_decorator.py
[2022-09-20T17:25:00.842+0530] {logging_mixin.py:115} INFO - [2022-09-20T17:25:00.842+0530] {dag.py:2429} INFO - Sync 1 DAGs
[2022-09-20T17:25:00.851+0530] {logging_mixin.py:115} INFO - [2022-09-20T17:25:00.851+0530] {dag.py:2977} INFO - Setting next_dagrun for example_dag_decorator to None, run_after=None
[2022-09-20T17:25:00.862+0530] {processor.py:161} INFO - Processing /home/sayone/This PC/SayOne Technologies/Works/airflow_new/Airflow/venv/lib/python3.8/site-packages/airflow/example_dags/example_dag_decorator.py took 0.075 seconds
[2022-09-20T17:25:36.807+0530] {processor.py:153} INFO - Started process (PID=31019) to work on /home/sayone/This PC/SayOne Technologies/Works/airflow_new/Airflow/venv/lib/python3.8/site-packages/airflow/example_dags/example_dag_decorator.py
[2022-09-20T17:25:36.808+0530] {processor.py:640} INFO - Processing file /home/sayone/This PC/SayOne Technologies/Works/airflow_new/Airflow/venv/lib/python3.8/site-packages/airflow/example_dags/example_dag_decorator.py for tasks to queue
[2022-09-20T17:25:36.809+0530] {logging_mixin.py:115} INFO - [2022-09-20T17:25:36.809+0530] {dagbag.py:508} INFO - Filling up the DagBag from /home/sayone/This PC/SayOne Technologies/Works/airflow_new/Airflow/venv/lib/python3.8/site-packages/airflow/example_dags/example_dag_decorator.py
[2022-09-20T17:25:36.821+0530] {processor.py:650} INFO - DAG(s) dict_keys(['example_dag_decorator']) retrieved from /home/sayone/This PC/SayOne Technologies/Works/airflow_new/Airflow/venv/lib/python3.8/site-packages/airflow/example_dags/example_dag_decorator.py
[2022-09-20T17:25:36.847+0530] {logging_mixin.py:115} INFO - [2022-09-20T17:25:36.847+0530] {dag.py:2429} INFO - Sync 1 DAGs
[2022-09-20T17:25:36.855+0530] {logging_mixin.py:115} INFO - [2022-09-20T17:25:36.855+0530] {dag.py:2977} INFO - Setting next_dagrun for example_dag_decorator to None, run_after=None
[2022-09-20T17:25:36.864+0530] {processor.py:161} INFO - Processing /home/sayone/This PC/SayOne Technologies/Works/airflow_new/Airflow/venv/lib/python3.8/site-packages/airflow/example_dags/example_dag_decorator.py took 0.059 seconds
[2022-09-20T17:26:13.890+0530] {processor.py:153} INFO - Started process (PID=31136) to work on /home/sayone/This PC/SayOne Technologies/Works/airflow_new/Airflow/venv/lib/python3.8/site-packages/airflow/example_dags/example_dag_decorator.py
[2022-09-20T17:26:13.891+0530] {processor.py:640} INFO - Processing file /home/sayone/This PC/SayOne Technologies/Works/airflow_new/Airflow/venv/lib/python3.8/site-packages/airflow/example_dags/example_dag_decorator.py for tasks to queue
[2022-09-20T17:26:13.891+0530] {logging_mixin.py:115} INFO - [2022-09-20T17:26:13.891+0530] {dagbag.py:508} INFO - Filling up the DagBag from /home/sayone/This PC/SayOne Technologies/Works/airflow_new/Airflow/venv/lib/python3.8/site-packages/airflow/example_dags/example_dag_decorator.py
[2022-09-20T17:26:13.903+0530] {processor.py:650} INFO - DAG(s) dict_keys(['example_dag_decorator']) retrieved from /home/sayone/This PC/SayOne Technologies/Works/airflow_new/Airflow/venv/lib/python3.8/site-packages/airflow/example_dags/example_dag_decorator.py
[2022-09-20T17:26:13.929+0530] {logging_mixin.py:115} INFO - [2022-09-20T17:26:13.929+0530] {dag.py:2429} INFO - Sync 1 DAGs
[2022-09-20T17:26:13.937+0530] {logging_mixin.py:115} INFO - [2022-09-20T17:26:13.937+0530] {dag.py:2977} INFO - Setting next_dagrun for example_dag_decorator to None, run_after=None
[2022-09-20T17:26:13.946+0530] {processor.py:161} INFO - Processing /home/sayone/This PC/SayOne Technologies/Works/airflow_new/Airflow/venv/lib/python3.8/site-packages/airflow/example_dags/example_dag_decorator.py took 0.058 seconds
[2022-09-20T17:26:49.776+0530] {processor.py:153} INFO - Started process (PID=31250) to work on /home/sayone/This PC/SayOne Technologies/Works/airflow_new/Airflow/venv/lib/python3.8/site-packages/airflow/example_dags/example_dag_decorator.py
[2022-09-20T17:26:49.777+0530] {processor.py:640} INFO - Processing file /home/sayone/This PC/SayOne Technologies/Works/airflow_new/Airflow/venv/lib/python3.8/site-packages/airflow/example_dags/example_dag_decorator.py for tasks to queue
[2022-09-20T17:26:49.778+0530] {logging_mixin.py:115} INFO - [2022-09-20T17:26:49.778+0530] {dagbag.py:508} INFO - Filling up the DagBag from /home/sayone/This PC/SayOne Technologies/Works/airflow_new/Airflow/venv/lib/python3.8/site-packages/airflow/example_dags/example_dag_decorator.py
[2022-09-20T17:26:49.793+0530] {processor.py:650} INFO - DAG(s) dict_keys(['example_dag_decorator']) retrieved from /home/sayone/This PC/SayOne Technologies/Works/airflow_new/Airflow/venv/lib/python3.8/site-packages/airflow/example_dags/example_dag_decorator.py
[2022-09-20T17:26:49.820+0530] {logging_mixin.py:115} INFO - [2022-09-20T17:26:49.820+0530] {dag.py:2429} INFO - Sync 1 DAGs
[2022-09-20T17:26:49.829+0530] {logging_mixin.py:115} INFO - [2022-09-20T17:26:49.829+0530] {dag.py:2977} INFO - Setting next_dagrun for example_dag_decorator to None, run_after=None
[2022-09-20T17:26:49.838+0530] {processor.py:161} INFO - Processing /home/sayone/This PC/SayOne Technologies/Works/airflow_new/Airflow/venv/lib/python3.8/site-packages/airflow/example_dags/example_dag_decorator.py took 0.063 seconds
[2022-09-20T17:27:26.994+0530] {processor.py:153} INFO - Started process (PID=31533) to work on /home/sayone/This PC/SayOne Technologies/Works/airflow_new/Airflow/venv/lib/python3.8/site-packages/airflow/example_dags/example_dag_decorator.py
[2022-09-20T17:27:26.996+0530] {processor.py:640} INFO - Processing file /home/sayone/This PC/SayOne Technologies/Works/airflow_new/Airflow/venv/lib/python3.8/site-packages/airflow/example_dags/example_dag_decorator.py for tasks to queue
[2022-09-20T17:27:26.997+0530] {logging_mixin.py:115} INFO - [2022-09-20T17:27:26.997+0530] {dagbag.py:508} INFO - Filling up the DagBag from /home/sayone/This PC/SayOne Technologies/Works/airflow_new/Airflow/venv/lib/python3.8/site-packages/airflow/example_dags/example_dag_decorator.py
[2022-09-20T17:27:27.018+0530] {processor.py:650} INFO - DAG(s) dict_keys(['example_dag_decorator']) retrieved from /home/sayone/This PC/SayOne Technologies/Works/airflow_new/Airflow/venv/lib/python3.8/site-packages/airflow/example_dags/example_dag_decorator.py
[2022-09-20T17:27:27.044+0530] {logging_mixin.py:115} INFO - [2022-09-20T17:27:27.044+0530] {dag.py:2429} INFO - Sync 1 DAGs
[2022-09-20T17:27:27.052+0530] {logging_mixin.py:115} INFO - [2022-09-20T17:27:27.052+0530] {dag.py:2977} INFO - Setting next_dagrun for example_dag_decorator to None, run_after=None
[2022-09-20T17:27:27.061+0530] {processor.py:161} INFO - Processing /home/sayone/This PC/SayOne Technologies/Works/airflow_new/Airflow/venv/lib/python3.8/site-packages/airflow/example_dags/example_dag_decorator.py took 0.071 seconds
[2022-09-20T17:28:02.902+0530] {processor.py:153} INFO - Started process (PID=31651) to work on /home/sayone/This PC/SayOne Technologies/Works/airflow_new/Airflow/venv/lib/python3.8/site-packages/airflow/example_dags/example_dag_decorator.py
[2022-09-20T17:28:02.904+0530] {processor.py:640} INFO - Processing file /home/sayone/This PC/SayOne Technologies/Works/airflow_new/Airflow/venv/lib/python3.8/site-packages/airflow/example_dags/example_dag_decorator.py for tasks to queue
[2022-09-20T17:28:02.905+0530] {logging_mixin.py:115} INFO - [2022-09-20T17:28:02.905+0530] {dagbag.py:508} INFO - Filling up the DagBag from /home/sayone/This PC/SayOne Technologies/Works/airflow_new/Airflow/venv/lib/python3.8/site-packages/airflow/example_dags/example_dag_decorator.py
[2022-09-20T17:28:02.920+0530] {processor.py:650} INFO - DAG(s) dict_keys(['example_dag_decorator']) retrieved from /home/sayone/This PC/SayOne Technologies/Works/airflow_new/Airflow/venv/lib/python3.8/site-packages/airflow/example_dags/example_dag_decorator.py
[2022-09-20T17:28:02.930+0530] {logging_mixin.py:115} INFO - [2022-09-20T17:28:02.930+0530] {dag.py:2429} INFO - Sync 1 DAGs
[2022-09-20T17:28:02.940+0530] {logging_mixin.py:115} INFO - [2022-09-20T17:28:02.940+0530] {dag.py:2977} INFO - Setting next_dagrun for example_dag_decorator to None, run_after=None
[2022-09-20T17:28:02.948+0530] {processor.py:161} INFO - Processing /home/sayone/This PC/SayOne Technologies/Works/airflow_new/Airflow/venv/lib/python3.8/site-packages/airflow/example_dags/example_dag_decorator.py took 0.048 seconds
[2022-09-20T17:28:38.937+0530] {processor.py:153} INFO - Started process (PID=31726) to work on /home/sayone/This PC/SayOne Technologies/Works/airflow_new/Airflow/venv/lib/python3.8/site-packages/airflow/example_dags/example_dag_decorator.py
[2022-09-20T17:28:38.940+0530] {processor.py:640} INFO - Processing file /home/sayone/This PC/SayOne Technologies/Works/airflow_new/Airflow/venv/lib/python3.8/site-packages/airflow/example_dags/example_dag_decorator.py for tasks to queue
[2022-09-20T17:28:38.941+0530] {logging_mixin.py:115} INFO - [2022-09-20T17:28:38.940+0530] {dagbag.py:508} INFO - Filling up the DagBag from /home/sayone/This PC/SayOne Technologies/Works/airflow_new/Airflow/venv/lib/python3.8/site-packages/airflow/example_dags/example_dag_decorator.py
[2022-09-20T17:28:38.961+0530] {processor.py:650} INFO - DAG(s) dict_keys(['example_dag_decorator']) retrieved from /home/sayone/This PC/SayOne Technologies/Works/airflow_new/Airflow/venv/lib/python3.8/site-packages/airflow/example_dags/example_dag_decorator.py
[2022-09-20T17:28:38.988+0530] {logging_mixin.py:115} INFO - [2022-09-20T17:28:38.988+0530] {dag.py:2429} INFO - Sync 1 DAGs
[2022-09-20T17:28:38.997+0530] {logging_mixin.py:115} INFO - [2022-09-20T17:28:38.997+0530] {dag.py:2977} INFO - Setting next_dagrun for example_dag_decorator to None, run_after=None
[2022-09-20T17:28:39.006+0530] {processor.py:161} INFO - Processing /home/sayone/This PC/SayOne Technologies/Works/airflow_new/Airflow/venv/lib/python3.8/site-packages/airflow/example_dags/example_dag_decorator.py took 0.073 seconds
[2022-09-20T17:29:16.167+0530] {processor.py:153} INFO - Started process (PID=31853) to work on /home/sayone/This PC/SayOne Technologies/Works/airflow_new/Airflow/venv/lib/python3.8/site-packages/airflow/example_dags/example_dag_decorator.py
[2022-09-20T17:29:16.169+0530] {processor.py:640} INFO - Processing file /home/sayone/This PC/SayOne Technologies/Works/airflow_new/Airflow/venv/lib/python3.8/site-packages/airflow/example_dags/example_dag_decorator.py for tasks to queue
[2022-09-20T17:29:16.170+0530] {logging_mixin.py:115} INFO - [2022-09-20T17:29:16.170+0530] {dagbag.py:508} INFO - Filling up the DagBag from /home/sayone/This PC/SayOne Technologies/Works/airflow_new/Airflow/venv/lib/python3.8/site-packages/airflow/example_dags/example_dag_decorator.py
[2022-09-20T17:29:16.190+0530] {processor.py:650} INFO - DAG(s) dict_keys(['example_dag_decorator']) retrieved from /home/sayone/This PC/SayOne Technologies/Works/airflow_new/Airflow/venv/lib/python3.8/site-packages/airflow/example_dags/example_dag_decorator.py
[2022-09-20T17:29:16.200+0530] {logging_mixin.py:115} INFO - [2022-09-20T17:29:16.200+0530] {dag.py:2429} INFO - Sync 1 DAGs
[2022-09-20T17:29:16.211+0530] {logging_mixin.py:115} INFO - [2022-09-20T17:29:16.211+0530] {dag.py:2977} INFO - Setting next_dagrun for example_dag_decorator to None, run_after=None
[2022-09-20T17:29:16.219+0530] {processor.py:161} INFO - Processing /home/sayone/This PC/SayOne Technologies/Works/airflow_new/Airflow/venv/lib/python3.8/site-packages/airflow/example_dags/example_dag_decorator.py took 0.055 seconds
[2022-09-20T17:29:50.167+0530] {processor.py:153} INFO - Started process (PID=32018) to work on /home/sayone/This PC/SayOne Technologies/Works/airflow_new/Airflow/venv/lib/python3.8/site-packages/airflow/example_dags/example_dag_decorator.py
[2022-09-20T17:29:50.169+0530] {processor.py:640} INFO - Processing file /home/sayone/This PC/SayOne Technologies/Works/airflow_new/Airflow/venv/lib/python3.8/site-packages/airflow/example_dags/example_dag_decorator.py for tasks to queue
[2022-09-20T17:29:50.170+0530] {logging_mixin.py:115} INFO - [2022-09-20T17:29:50.170+0530] {dagbag.py:508} INFO - Filling up the DagBag from /home/sayone/This PC/SayOne Technologies/Works/airflow_new/Airflow/venv/lib/python3.8/site-packages/airflow/example_dags/example_dag_decorator.py
[2022-09-20T17:29:50.190+0530] {processor.py:650} INFO - DAG(s) dict_keys(['example_dag_decorator']) retrieved from /home/sayone/This PC/SayOne Technologies/Works/airflow_new/Airflow/venv/lib/python3.8/site-packages/airflow/example_dags/example_dag_decorator.py
[2022-09-20T17:29:50.201+0530] {logging_mixin.py:115} INFO - [2022-09-20T17:29:50.201+0530] {dag.py:2429} INFO - Sync 1 DAGs
[2022-09-20T17:29:50.211+0530] {logging_mixin.py:115} INFO - [2022-09-20T17:29:50.211+0530] {dag.py:2977} INFO - Setting next_dagrun for example_dag_decorator to None, run_after=None
[2022-09-20T17:29:50.220+0530] {processor.py:161} INFO - Processing /home/sayone/This PC/SayOne Technologies/Works/airflow_new/Airflow/venv/lib/python3.8/site-packages/airflow/example_dags/example_dag_decorator.py took 0.054 seconds
[2022-09-20T17:30:27.958+0530] {processor.py:153} INFO - Started process (PID=32115) to work on /home/sayone/This PC/SayOne Technologies/Works/airflow_new/Airflow/venv/lib/python3.8/site-packages/airflow/example_dags/example_dag_decorator.py
[2022-09-20T17:30:27.961+0530] {processor.py:640} INFO - Processing file /home/sayone/This PC/SayOne Technologies/Works/airflow_new/Airflow/venv/lib/python3.8/site-packages/airflow/example_dags/example_dag_decorator.py for tasks to queue
[2022-09-20T17:30:27.962+0530] {logging_mixin.py:115} INFO - [2022-09-20T17:30:27.961+0530] {dagbag.py:508} INFO - Filling up the DagBag from /home/sayone/This PC/SayOne Technologies/Works/airflow_new/Airflow/venv/lib/python3.8/site-packages/airflow/example_dags/example_dag_decorator.py
[2022-09-20T17:30:27.977+0530] {processor.py:650} INFO - DAG(s) dict_keys(['example_dag_decorator']) retrieved from /home/sayone/This PC/SayOne Technologies/Works/airflow_new/Airflow/venv/lib/python3.8/site-packages/airflow/example_dags/example_dag_decorator.py
[2022-09-20T17:30:28.003+0530] {logging_mixin.py:115} INFO - [2022-09-20T17:30:28.003+0530] {dag.py:2429} INFO - Sync 1 DAGs
[2022-09-20T17:30:28.010+0530] {logging_mixin.py:115} INFO - [2022-09-20T17:30:28.010+0530] {dag.py:2977} INFO - Setting next_dagrun for example_dag_decorator to None, run_after=None
[2022-09-20T17:30:28.019+0530] {processor.py:161} INFO - Processing /home/sayone/This PC/SayOne Technologies/Works/airflow_new/Airflow/venv/lib/python3.8/site-packages/airflow/example_dags/example_dag_decorator.py took 0.062 seconds
[2022-09-20T17:31:03.031+0530] {processor.py:153} INFO - Started process (PID=32237) to work on /home/sayone/This PC/SayOne Technologies/Works/airflow_new/Airflow/venv/lib/python3.8/site-packages/airflow/example_dags/example_dag_decorator.py
[2022-09-20T17:31:03.034+0530] {processor.py:640} INFO - Processing file /home/sayone/This PC/SayOne Technologies/Works/airflow_new/Airflow/venv/lib/python3.8/site-packages/airflow/example_dags/example_dag_decorator.py for tasks to queue
[2022-09-20T17:31:03.035+0530] {logging_mixin.py:115} INFO - [2022-09-20T17:31:03.035+0530] {dagbag.py:508} INFO - Filling up the DagBag from /home/sayone/This PC/SayOne Technologies/Works/airflow_new/Airflow/venv/lib/python3.8/site-packages/airflow/example_dags/example_dag_decorator.py
[2022-09-20T17:31:03.056+0530] {processor.py:650} INFO - DAG(s) dict_keys(['example_dag_decorator']) retrieved from /home/sayone/This PC/SayOne Technologies/Works/airflow_new/Airflow/venv/lib/python3.8/site-packages/airflow/example_dags/example_dag_decorator.py
[2022-09-20T17:31:03.082+0530] {logging_mixin.py:115} INFO - [2022-09-20T17:31:03.082+0530] {dag.py:2429} INFO - Sync 1 DAGs
[2022-09-20T17:31:03.090+0530] {logging_mixin.py:115} INFO - [2022-09-20T17:31:03.090+0530] {dag.py:2977} INFO - Setting next_dagrun for example_dag_decorator to None, run_after=None
[2022-09-20T17:31:03.100+0530] {processor.py:161} INFO - Processing /home/sayone/This PC/SayOne Technologies/Works/airflow_new/Airflow/venv/lib/python3.8/site-packages/airflow/example_dags/example_dag_decorator.py took 0.073 seconds
[2022-09-20T17:31:40.515+0530] {processor.py:153} INFO - Started process (PID=32311) to work on /home/sayone/This PC/SayOne Technologies/Works/airflow_new/Airflow/venv/lib/python3.8/site-packages/airflow/example_dags/example_dag_decorator.py
[2022-09-20T17:31:40.519+0530] {processor.py:640} INFO - Processing file /home/sayone/This PC/SayOne Technologies/Works/airflow_new/Airflow/venv/lib/python3.8/site-packages/airflow/example_dags/example_dag_decorator.py for tasks to queue
[2022-09-20T17:31:40.520+0530] {logging_mixin.py:115} INFO - [2022-09-20T17:31:40.519+0530] {dagbag.py:508} INFO - Filling up the DagBag from /home/sayone/This PC/SayOne Technologies/Works/airflow_new/Airflow/venv/lib/python3.8/site-packages/airflow/example_dags/example_dag_decorator.py
[2022-09-20T17:31:40.539+0530] {processor.py:650} INFO - DAG(s) dict_keys(['example_dag_decorator']) retrieved from /home/sayone/This PC/SayOne Technologies/Works/airflow_new/Airflow/venv/lib/python3.8/site-packages/airflow/example_dags/example_dag_decorator.py
[2022-09-20T17:31:40.565+0530] {logging_mixin.py:115} INFO - [2022-09-20T17:31:40.565+0530] {dag.py:2429} INFO - Sync 1 DAGs
[2022-09-20T17:31:40.573+0530] {logging_mixin.py:115} INFO - [2022-09-20T17:31:40.573+0530] {dag.py:2977} INFO - Setting next_dagrun for example_dag_decorator to None, run_after=None
[2022-09-20T17:31:40.582+0530] {processor.py:161} INFO - Processing /home/sayone/This PC/SayOne Technologies/Works/airflow_new/Airflow/venv/lib/python3.8/site-packages/airflow/example_dags/example_dag_decorator.py took 0.070 seconds
[2022-09-20T17:32:14.985+0530] {processor.py:153} INFO - Started process (PID=32508) to work on /home/sayone/This PC/SayOne Technologies/Works/airflow_new/Airflow/venv/lib/python3.8/site-packages/airflow/example_dags/example_dag_decorator.py
[2022-09-20T17:32:14.988+0530] {processor.py:640} INFO - Processing file /home/sayone/This PC/SayOne Technologies/Works/airflow_new/Airflow/venv/lib/python3.8/site-packages/airflow/example_dags/example_dag_decorator.py for tasks to queue
[2022-09-20T17:32:14.989+0530] {logging_mixin.py:115} INFO - [2022-09-20T17:32:14.989+0530] {dagbag.py:508} INFO - Filling up the DagBag from /home/sayone/This PC/SayOne Technologies/Works/airflow_new/Airflow/venv/lib/python3.8/site-packages/airflow/example_dags/example_dag_decorator.py
[2022-09-20T17:32:15.010+0530] {processor.py:650} INFO - DAG(s) dict_keys(['example_dag_decorator']) retrieved from /home/sayone/This PC/SayOne Technologies/Works/airflow_new/Airflow/venv/lib/python3.8/site-packages/airflow/example_dags/example_dag_decorator.py
[2022-09-20T17:32:15.020+0530] {logging_mixin.py:115} INFO - [2022-09-20T17:32:15.020+0530] {dag.py:2429} INFO - Sync 1 DAGs
[2022-09-20T17:32:15.030+0530] {logging_mixin.py:115} INFO - [2022-09-20T17:32:15.030+0530] {dag.py:2977} INFO - Setting next_dagrun for example_dag_decorator to None, run_after=None
[2022-09-20T17:32:15.038+0530] {processor.py:161} INFO - Processing /home/sayone/This PC/SayOne Technologies/Works/airflow_new/Airflow/venv/lib/python3.8/site-packages/airflow/example_dags/example_dag_decorator.py took 0.054 seconds
[2022-09-20T17:32:51.851+0530] {processor.py:153} INFO - Started process (PID=32625) to work on /home/sayone/This PC/SayOne Technologies/Works/airflow_new/Airflow/venv/lib/python3.8/site-packages/airflow/example_dags/example_dag_decorator.py
[2022-09-20T17:32:51.854+0530] {processor.py:640} INFO - Processing file /home/sayone/This PC/SayOne Technologies/Works/airflow_new/Airflow/venv/lib/python3.8/site-packages/airflow/example_dags/example_dag_decorator.py for tasks to queue
[2022-09-20T17:32:51.854+0530] {logging_mixin.py:115} INFO - [2022-09-20T17:32:51.854+0530] {dagbag.py:508} INFO - Filling up the DagBag from /home/sayone/This PC/SayOne Technologies/Works/airflow_new/Airflow/venv/lib/python3.8/site-packages/airflow/example_dags/example_dag_decorator.py
[2022-09-20T17:32:51.873+0530] {processor.py:650} INFO - DAG(s) dict_keys(['example_dag_decorator']) retrieved from /home/sayone/This PC/SayOne Technologies/Works/airflow_new/Airflow/venv/lib/python3.8/site-packages/airflow/example_dags/example_dag_decorator.py
[2022-09-20T17:32:51.883+0530] {logging_mixin.py:115} INFO - [2022-09-20T17:32:51.883+0530] {dag.py:2429} INFO - Sync 1 DAGs
[2022-09-20T17:32:51.893+0530] {logging_mixin.py:115} INFO - [2022-09-20T17:32:51.893+0530] {dag.py:2977} INFO - Setting next_dagrun for example_dag_decorator to None, run_after=None
[2022-09-20T17:32:51.901+0530] {processor.py:161} INFO - Processing /home/sayone/This PC/SayOne Technologies/Works/airflow_new/Airflow/venv/lib/python3.8/site-packages/airflow/example_dags/example_dag_decorator.py took 0.051 seconds
[2022-09-20T17:33:25.956+0530] {processor.py:153} INFO - Started process (PID=32727) to work on /home/sayone/This PC/SayOne Technologies/Works/airflow_new/Airflow/venv/lib/python3.8/site-packages/airflow/example_dags/example_dag_decorator.py
[2022-09-20T17:33:25.959+0530] {processor.py:640} INFO - Processing file /home/sayone/This PC/SayOne Technologies/Works/airflow_new/Airflow/venv/lib/python3.8/site-packages/airflow/example_dags/example_dag_decorator.py for tasks to queue
[2022-09-20T17:33:25.960+0530] {logging_mixin.py:115} INFO - [2022-09-20T17:33:25.960+0530] {dagbag.py:508} INFO - Filling up the DagBag from /home/sayone/This PC/SayOne Technologies/Works/airflow_new/Airflow/venv/lib/python3.8/site-packages/airflow/example_dags/example_dag_decorator.py
[2022-09-20T17:33:25.980+0530] {processor.py:650} INFO - DAG(s) dict_keys(['example_dag_decorator']) retrieved from /home/sayone/This PC/SayOne Technologies/Works/airflow_new/Airflow/venv/lib/python3.8/site-packages/airflow/example_dags/example_dag_decorator.py
[2022-09-20T17:33:26.006+0530] {logging_mixin.py:115} INFO - [2022-09-20T17:33:26.005+0530] {dag.py:2429} INFO - Sync 1 DAGs
[2022-09-20T17:33:26.013+0530] {logging_mixin.py:115} INFO - [2022-09-20T17:33:26.013+0530] {dag.py:2977} INFO - Setting next_dagrun for example_dag_decorator to None, run_after=None
[2022-09-20T17:33:26.021+0530] {processor.py:161} INFO - Processing /home/sayone/This PC/SayOne Technologies/Works/airflow_new/Airflow/venv/lib/python3.8/site-packages/airflow/example_dags/example_dag_decorator.py took 0.070 seconds
[2022-09-20T17:34:03.869+0530] {processor.py:153} INFO - Started process (PID=32830) to work on /home/sayone/This PC/SayOne Technologies/Works/airflow_new/Airflow/venv/lib/python3.8/site-packages/airflow/example_dags/example_dag_decorator.py
[2022-09-20T17:34:03.872+0530] {processor.py:640} INFO - Processing file /home/sayone/This PC/SayOne Technologies/Works/airflow_new/Airflow/venv/lib/python3.8/site-packages/airflow/example_dags/example_dag_decorator.py for tasks to queue
[2022-09-20T17:34:03.873+0530] {logging_mixin.py:115} INFO - [2022-09-20T17:34:03.873+0530] {dagbag.py:508} INFO - Filling up the DagBag from /home/sayone/This PC/SayOne Technologies/Works/airflow_new/Airflow/venv/lib/python3.8/site-packages/airflow/example_dags/example_dag_decorator.py
[2022-09-20T17:34:03.893+0530] {processor.py:650} INFO - DAG(s) dict_keys(['example_dag_decorator']) retrieved from /home/sayone/This PC/SayOne Technologies/Works/airflow_new/Airflow/venv/lib/python3.8/site-packages/airflow/example_dags/example_dag_decorator.py
[2022-09-20T17:34:03.903+0530] {logging_mixin.py:115} INFO - [2022-09-20T17:34:03.903+0530] {dag.py:2429} INFO - Sync 1 DAGs
[2022-09-20T17:34:03.913+0530] {logging_mixin.py:115} INFO - [2022-09-20T17:34:03.913+0530] {dag.py:2977} INFO - Setting next_dagrun for example_dag_decorator to None, run_after=None
[2022-09-20T17:34:03.922+0530] {processor.py:161} INFO - Processing /home/sayone/This PC/SayOne Technologies/Works/airflow_new/Airflow/venv/lib/python3.8/site-packages/airflow/example_dags/example_dag_decorator.py took 0.057 seconds
[2022-09-20T17:34:40.083+0530] {processor.py:153} INFO - Started process (PID=33062) to work on /home/sayone/This PC/SayOne Technologies/Works/airflow_new/Airflow/venv/lib/python3.8/site-packages/airflow/example_dags/example_dag_decorator.py
[2022-09-20T17:34:40.086+0530] {processor.py:640} INFO - Processing file /home/sayone/This PC/SayOne Technologies/Works/airflow_new/Airflow/venv/lib/python3.8/site-packages/airflow/example_dags/example_dag_decorator.py for tasks to queue
[2022-09-20T17:34:40.087+0530] {logging_mixin.py:115} INFO - [2022-09-20T17:34:40.086+0530] {dagbag.py:508} INFO - Filling up the DagBag from /home/sayone/This PC/SayOne Technologies/Works/airflow_new/Airflow/venv/lib/python3.8/site-packages/airflow/example_dags/example_dag_decorator.py
[2022-09-20T17:34:40.101+0530] {processor.py:650} INFO - DAG(s) dict_keys(['example_dag_decorator']) retrieved from /home/sayone/This PC/SayOne Technologies/Works/airflow_new/Airflow/venv/lib/python3.8/site-packages/airflow/example_dags/example_dag_decorator.py
[2022-09-20T17:34:40.112+0530] {logging_mixin.py:115} INFO - [2022-09-20T17:34:40.111+0530] {dag.py:2429} INFO - Sync 1 DAGs
[2022-09-20T17:34:40.122+0530] {logging_mixin.py:115} INFO - [2022-09-20T17:34:40.122+0530] {dag.py:2977} INFO - Setting next_dagrun for example_dag_decorator to None, run_after=None
[2022-09-20T17:34:40.130+0530] {processor.py:161} INFO - Processing /home/sayone/This PC/SayOne Technologies/Works/airflow_new/Airflow/venv/lib/python3.8/site-packages/airflow/example_dags/example_dag_decorator.py took 0.052 seconds
[2022-09-20T17:35:16.158+0530] {processor.py:153} INFO - Started process (PID=33162) to work on /home/sayone/This PC/SayOne Technologies/Works/airflow_new/Airflow/venv/lib/python3.8/site-packages/airflow/example_dags/example_dag_decorator.py
[2022-09-20T17:35:16.161+0530] {processor.py:640} INFO - Processing file /home/sayone/This PC/SayOne Technologies/Works/airflow_new/Airflow/venv/lib/python3.8/site-packages/airflow/example_dags/example_dag_decorator.py for tasks to queue
[2022-09-20T17:35:16.162+0530] {logging_mixin.py:115} INFO - [2022-09-20T17:35:16.162+0530] {dagbag.py:508} INFO - Filling up the DagBag from /home/sayone/This PC/SayOne Technologies/Works/airflow_new/Airflow/venv/lib/python3.8/site-packages/airflow/example_dags/example_dag_decorator.py
[2022-09-20T17:35:16.182+0530] {processor.py:650} INFO - DAG(s) dict_keys(['example_dag_decorator']) retrieved from /home/sayone/This PC/SayOne Technologies/Works/airflow_new/Airflow/venv/lib/python3.8/site-packages/airflow/example_dags/example_dag_decorator.py
[2022-09-20T17:35:16.192+0530] {logging_mixin.py:115} INFO - [2022-09-20T17:35:16.192+0530] {dag.py:2429} INFO - Sync 1 DAGs
[2022-09-20T17:35:16.202+0530] {logging_mixin.py:115} INFO - [2022-09-20T17:35:16.202+0530] {dag.py:2977} INFO - Setting next_dagrun for example_dag_decorator to None, run_after=None
[2022-09-20T17:35:16.210+0530] {processor.py:161} INFO - Processing /home/sayone/This PC/SayOne Technologies/Works/airflow_new/Airflow/venv/lib/python3.8/site-packages/airflow/example_dags/example_dag_decorator.py took 0.057 seconds
[2022-09-20T17:35:51.885+0530] {processor.py:153} INFO - Started process (PID=33227) to work on /home/sayone/This PC/SayOne Technologies/Works/airflow_new/Airflow/venv/lib/python3.8/site-packages/airflow/example_dags/example_dag_decorator.py
[2022-09-20T17:35:51.888+0530] {processor.py:640} INFO - Processing file /home/sayone/This PC/SayOne Technologies/Works/airflow_new/Airflow/venv/lib/python3.8/site-packages/airflow/example_dags/example_dag_decorator.py for tasks to queue
[2022-09-20T17:35:51.888+0530] {logging_mixin.py:115} INFO - [2022-09-20T17:35:51.888+0530] {dagbag.py:508} INFO - Filling up the DagBag from /home/sayone/This PC/SayOne Technologies/Works/airflow_new/Airflow/venv/lib/python3.8/site-packages/airflow/example_dags/example_dag_decorator.py
[2022-09-20T17:35:51.903+0530] {processor.py:650} INFO - DAG(s) dict_keys(['example_dag_decorator']) retrieved from /home/sayone/This PC/SayOne Technologies/Works/airflow_new/Airflow/venv/lib/python3.8/site-packages/airflow/example_dags/example_dag_decorator.py
[2022-09-20T17:35:51.913+0530] {logging_mixin.py:115} INFO - [2022-09-20T17:35:51.913+0530] {dag.py:2429} INFO - Sync 1 DAGs
[2022-09-20T17:35:51.923+0530] {logging_mixin.py:115} INFO - [2022-09-20T17:35:51.923+0530] {dag.py:2977} INFO - Setting next_dagrun for example_dag_decorator to None, run_after=None
[2022-09-20T17:35:51.932+0530] {processor.py:161} INFO - Processing /home/sayone/This PC/SayOne Technologies/Works/airflow_new/Airflow/venv/lib/python3.8/site-packages/airflow/example_dags/example_dag_decorator.py took 0.048 seconds
[2022-09-20T17:36:29.600+0530] {processor.py:153} INFO - Started process (PID=33388) to work on /home/sayone/This PC/SayOne Technologies/Works/airflow_new/Airflow/venv/lib/python3.8/site-packages/airflow/example_dags/example_dag_decorator.py
[2022-09-20T17:36:29.603+0530] {processor.py:640} INFO - Processing file /home/sayone/This PC/SayOne Technologies/Works/airflow_new/Airflow/venv/lib/python3.8/site-packages/airflow/example_dags/example_dag_decorator.py for tasks to queue
[2022-09-20T17:36:29.604+0530] {logging_mixin.py:115} INFO - [2022-09-20T17:36:29.604+0530] {dagbag.py:508} INFO - Filling up the DagBag from /home/sayone/This PC/SayOne Technologies/Works/airflow_new/Airflow/venv/lib/python3.8/site-packages/airflow/example_dags/example_dag_decorator.py
[2022-09-20T17:36:29.621+0530] {processor.py:650} INFO - DAG(s) dict_keys(['example_dag_decorator']) retrieved from /home/sayone/This PC/SayOne Technologies/Works/airflow_new/Airflow/venv/lib/python3.8/site-packages/airflow/example_dags/example_dag_decorator.py
[2022-09-20T17:36:29.632+0530] {logging_mixin.py:115} INFO - [2022-09-20T17:36:29.632+0530] {dag.py:2429} INFO - Sync 1 DAGs
[2022-09-20T17:36:29.642+0530] {logging_mixin.py:115} INFO - [2022-09-20T17:36:29.642+0530] {dag.py:2977} INFO - Setting next_dagrun for example_dag_decorator to None, run_after=None
[2022-09-20T17:36:29.650+0530] {processor.py:161} INFO - Processing /home/sayone/This PC/SayOne Technologies/Works/airflow_new/Airflow/venv/lib/python3.8/site-packages/airflow/example_dags/example_dag_decorator.py took 0.053 seconds
[2022-09-20T17:37:04.509+0530] {processor.py:153} INFO - Started process (PID=33591) to work on /home/sayone/This PC/SayOne Technologies/Works/airflow_new/Airflow/venv/lib/python3.8/site-packages/airflow/example_dags/example_dag_decorator.py
[2022-09-20T17:37:04.512+0530] {processor.py:640} INFO - Processing file /home/sayone/This PC/SayOne Technologies/Works/airflow_new/Airflow/venv/lib/python3.8/site-packages/airflow/example_dags/example_dag_decorator.py for tasks to queue
[2022-09-20T17:37:04.513+0530] {logging_mixin.py:115} INFO - [2022-09-20T17:37:04.513+0530] {dagbag.py:508} INFO - Filling up the DagBag from /home/sayone/This PC/SayOne Technologies/Works/airflow_new/Airflow/venv/lib/python3.8/site-packages/airflow/example_dags/example_dag_decorator.py
[2022-09-20T17:37:04.534+0530] {processor.py:650} INFO - DAG(s) dict_keys(['example_dag_decorator']) retrieved from /home/sayone/This PC/SayOne Technologies/Works/airflow_new/Airflow/venv/lib/python3.8/site-packages/airflow/example_dags/example_dag_decorator.py
[2022-09-20T17:37:04.548+0530] {logging_mixin.py:115} INFO - [2022-09-20T17:37:04.547+0530] {dag.py:2429} INFO - Sync 1 DAGs
[2022-09-20T17:37:04.559+0530] {logging_mixin.py:115} INFO - [2022-09-20T17:37:04.559+0530] {dag.py:2977} INFO - Setting next_dagrun for example_dag_decorator to None, run_after=None
[2022-09-20T17:37:04.569+0530] {processor.py:161} INFO - Processing /home/sayone/This PC/SayOne Technologies/Works/airflow_new/Airflow/venv/lib/python3.8/site-packages/airflow/example_dags/example_dag_decorator.py took 0.066 seconds
[2022-09-20T17:37:41.707+0530] {processor.py:153} INFO - Started process (PID=33731) to work on /home/sayone/This PC/SayOne Technologies/Works/airflow_new/Airflow/venv/lib/python3.8/site-packages/airflow/example_dags/example_dag_decorator.py
[2022-09-20T17:37:41.710+0530] {processor.py:640} INFO - Processing file /home/sayone/This PC/SayOne Technologies/Works/airflow_new/Airflow/venv/lib/python3.8/site-packages/airflow/example_dags/example_dag_decorator.py for tasks to queue
[2022-09-20T17:37:41.711+0530] {logging_mixin.py:115} INFO - [2022-09-20T17:37:41.711+0530] {dagbag.py:508} INFO - Filling up the DagBag from /home/sayone/This PC/SayOne Technologies/Works/airflow_new/Airflow/venv/lib/python3.8/site-packages/airflow/example_dags/example_dag_decorator.py
[2022-09-20T17:37:41.729+0530] {processor.py:650} INFO - DAG(s) dict_keys(['example_dag_decorator']) retrieved from /home/sayone/This PC/SayOne Technologies/Works/airflow_new/Airflow/venv/lib/python3.8/site-packages/airflow/example_dags/example_dag_decorator.py
[2022-09-20T17:37:41.739+0530] {logging_mixin.py:115} INFO - [2022-09-20T17:37:41.739+0530] {dag.py:2429} INFO - Sync 1 DAGs
[2022-09-20T17:37:41.750+0530] {logging_mixin.py:115} INFO - [2022-09-20T17:37:41.750+0530] {dag.py:2977} INFO - Setting next_dagrun for example_dag_decorator to None, run_after=None
[2022-09-20T17:37:41.758+0530] {processor.py:161} INFO - Processing /home/sayone/This PC/SayOne Technologies/Works/airflow_new/Airflow/venv/lib/python3.8/site-packages/airflow/example_dags/example_dag_decorator.py took 0.054 seconds
[2022-09-20T17:38:28.190+0530] {processor.py:153} INFO - Started process (PID=33858) to work on /home/sayone/This PC/SayOne Technologies/Works/airflow_new/Airflow/venv/lib/python3.8/site-packages/airflow/example_dags/example_dag_decorator.py
[2022-09-20T17:38:28.193+0530] {processor.py:640} INFO - Processing file /home/sayone/This PC/SayOne Technologies/Works/airflow_new/Airflow/venv/lib/python3.8/site-packages/airflow/example_dags/example_dag_decorator.py for tasks to queue
[2022-09-20T17:38:28.194+0530] {logging_mixin.py:115} INFO - [2022-09-20T17:38:28.194+0530] {dagbag.py:508} INFO - Filling up the DagBag from /home/sayone/This PC/SayOne Technologies/Works/airflow_new/Airflow/venv/lib/python3.8/site-packages/airflow/example_dags/example_dag_decorator.py
[2022-09-20T17:38:28.211+0530] {processor.py:650} INFO - DAG(s) dict_keys(['example_dag_decorator']) retrieved from /home/sayone/This PC/SayOne Technologies/Works/airflow_new/Airflow/venv/lib/python3.8/site-packages/airflow/example_dags/example_dag_decorator.py
[2022-09-20T17:38:28.239+0530] {logging_mixin.py:115} INFO - [2022-09-20T17:38:28.239+0530] {dag.py:2429} INFO - Sync 1 DAGs
[2022-09-20T17:38:28.247+0530] {logging_mixin.py:115} INFO - [2022-09-20T17:38:28.247+0530] {dag.py:2977} INFO - Setting next_dagrun for example_dag_decorator to None, run_after=None
[2022-09-20T17:38:28.257+0530] {processor.py:161} INFO - Processing /home/sayone/This PC/SayOne Technologies/Works/airflow_new/Airflow/venv/lib/python3.8/site-packages/airflow/example_dags/example_dag_decorator.py took 0.071 seconds
[2022-09-20T17:39:06.489+0530] {processor.py:153} INFO - Started process (PID=33962) to work on /home/sayone/This PC/SayOne Technologies/Works/airflow_new/Airflow/venv/lib/python3.8/site-packages/airflow/example_dags/example_dag_decorator.py
[2022-09-20T17:39:06.493+0530] {processor.py:640} INFO - Processing file /home/sayone/This PC/SayOne Technologies/Works/airflow_new/Airflow/venv/lib/python3.8/site-packages/airflow/example_dags/example_dag_decorator.py for tasks to queue
[2022-09-20T17:39:06.494+0530] {logging_mixin.py:115} INFO - [2022-09-20T17:39:06.494+0530] {dagbag.py:508} INFO - Filling up the DagBag from /home/sayone/This PC/SayOne Technologies/Works/airflow_new/Airflow/venv/lib/python3.8/site-packages/airflow/example_dags/example_dag_decorator.py
[2022-09-20T17:39:06.508+0530] {processor.py:650} INFO - DAG(s) dict_keys(['example_dag_decorator']) retrieved from /home/sayone/This PC/SayOne Technologies/Works/airflow_new/Airflow/venv/lib/python3.8/site-packages/airflow/example_dags/example_dag_decorator.py
[2022-09-20T17:39:06.534+0530] {logging_mixin.py:115} INFO - [2022-09-20T17:39:06.534+0530] {dag.py:2429} INFO - Sync 1 DAGs
[2022-09-20T17:39:06.542+0530] {logging_mixin.py:115} INFO - [2022-09-20T17:39:06.542+0530] {dag.py:2977} INFO - Setting next_dagrun for example_dag_decorator to None, run_after=None
[2022-09-20T17:39:06.551+0530] {processor.py:161} INFO - Processing /home/sayone/This PC/SayOne Technologies/Works/airflow_new/Airflow/venv/lib/python3.8/site-packages/airflow/example_dags/example_dag_decorator.py took 0.064 seconds
[2022-09-20T17:39:39.628+0530] {processor.py:153} INFO - Started process (PID=34097) to work on /home/sayone/This PC/SayOne Technologies/Works/airflow_new/Airflow/venv/lib/python3.8/site-packages/airflow/example_dags/example_dag_decorator.py
[2022-09-20T17:39:39.631+0530] {processor.py:640} INFO - Processing file /home/sayone/This PC/SayOne Technologies/Works/airflow_new/Airflow/venv/lib/python3.8/site-packages/airflow/example_dags/example_dag_decorator.py for tasks to queue
[2022-09-20T17:39:39.632+0530] {logging_mixin.py:115} INFO - [2022-09-20T17:39:39.632+0530] {dagbag.py:508} INFO - Filling up the DagBag from /home/sayone/This PC/SayOne Technologies/Works/airflow_new/Airflow/venv/lib/python3.8/site-packages/airflow/example_dags/example_dag_decorator.py
[2022-09-20T17:39:39.653+0530] {processor.py:650} INFO - DAG(s) dict_keys(['example_dag_decorator']) retrieved from /home/sayone/This PC/SayOne Technologies/Works/airflow_new/Airflow/venv/lib/python3.8/site-packages/airflow/example_dags/example_dag_decorator.py
[2022-09-20T17:39:39.682+0530] {logging_mixin.py:115} INFO - [2022-09-20T17:39:39.682+0530] {dag.py:2429} INFO - Sync 1 DAGs
[2022-09-20T17:39:39.690+0530] {logging_mixin.py:115} INFO - [2022-09-20T17:39:39.690+0530] {dag.py:2977} INFO - Setting next_dagrun for example_dag_decorator to None, run_after=None
[2022-09-20T17:39:39.702+0530] {processor.py:161} INFO - Processing /home/sayone/This PC/SayOne Technologies/Works/airflow_new/Airflow/venv/lib/python3.8/site-packages/airflow/example_dags/example_dag_decorator.py took 0.078 seconds
[2022-09-20T17:40:17.426+0530] {processor.py:153} INFO - Started process (PID=34202) to work on /home/sayone/This PC/SayOne Technologies/Works/airflow_new/Airflow/venv/lib/python3.8/site-packages/airflow/example_dags/example_dag_decorator.py
[2022-09-20T17:40:17.429+0530] {processor.py:640} INFO - Processing file /home/sayone/This PC/SayOne Technologies/Works/airflow_new/Airflow/venv/lib/python3.8/site-packages/airflow/example_dags/example_dag_decorator.py for tasks to queue
[2022-09-20T17:40:17.430+0530] {logging_mixin.py:115} INFO - [2022-09-20T17:40:17.430+0530] {dagbag.py:508} INFO - Filling up the DagBag from /home/sayone/This PC/SayOne Technologies/Works/airflow_new/Airflow/venv/lib/python3.8/site-packages/airflow/example_dags/example_dag_decorator.py
[2022-09-20T17:40:17.450+0530] {processor.py:650} INFO - DAG(s) dict_keys(['example_dag_decorator']) retrieved from /home/sayone/This PC/SayOne Technologies/Works/airflow_new/Airflow/venv/lib/python3.8/site-packages/airflow/example_dags/example_dag_decorator.py
[2022-09-20T17:40:17.462+0530] {logging_mixin.py:115} INFO - [2022-09-20T17:40:17.462+0530] {dag.py:2429} INFO - Sync 1 DAGs
[2022-09-20T17:40:17.473+0530] {logging_mixin.py:115} INFO - [2022-09-20T17:40:17.473+0530] {dag.py:2977} INFO - Setting next_dagrun for example_dag_decorator to None, run_after=None
[2022-09-20T17:40:17.482+0530] {processor.py:161} INFO - Processing /home/sayone/This PC/SayOne Technologies/Works/airflow_new/Airflow/venv/lib/python3.8/site-packages/airflow/example_dags/example_dag_decorator.py took 0.060 seconds
[2022-09-20T17:40:52.205+0530] {processor.py:153} INFO - Started process (PID=34318) to work on /home/sayone/This PC/SayOne Technologies/Works/airflow_new/Airflow/venv/lib/python3.8/site-packages/airflow/example_dags/example_dag_decorator.py
[2022-09-20T17:40:52.205+0530] {processor.py:640} INFO - Processing file /home/sayone/This PC/SayOne Technologies/Works/airflow_new/Airflow/venv/lib/python3.8/site-packages/airflow/example_dags/example_dag_decorator.py for tasks to queue
[2022-09-20T17:40:52.206+0530] {logging_mixin.py:115} INFO - [2022-09-20T17:40:52.206+0530] {dagbag.py:508} INFO - Filling up the DagBag from /home/sayone/This PC/SayOne Technologies/Works/airflow_new/Airflow/venv/lib/python3.8/site-packages/airflow/example_dags/example_dag_decorator.py
[2022-09-20T17:40:52.223+0530] {processor.py:650} INFO - DAG(s) dict_keys(['example_dag_decorator']) retrieved from /home/sayone/This PC/SayOne Technologies/Works/airflow_new/Airflow/venv/lib/python3.8/site-packages/airflow/example_dags/example_dag_decorator.py
[2022-09-20T17:40:52.250+0530] {logging_mixin.py:115} INFO - [2022-09-20T17:40:52.250+0530] {dag.py:2429} INFO - Sync 1 DAGs
[2022-09-20T17:40:52.258+0530] {logging_mixin.py:115} INFO - [2022-09-20T17:40:52.258+0530] {dag.py:2977} INFO - Setting next_dagrun for example_dag_decorator to None, run_after=None
[2022-09-20T17:40:52.267+0530] {processor.py:161} INFO - Processing /home/sayone/This PC/SayOne Technologies/Works/airflow_new/Airflow/venv/lib/python3.8/site-packages/airflow/example_dags/example_dag_decorator.py took 0.065 seconds
[2022-09-20T17:41:29.905+0530] {processor.py:153} INFO - Started process (PID=34425) to work on /home/sayone/This PC/SayOne Technologies/Works/airflow_new/Airflow/venv/lib/python3.8/site-packages/airflow/example_dags/example_dag_decorator.py
[2022-09-20T17:41:29.908+0530] {processor.py:640} INFO - Processing file /home/sayone/This PC/SayOne Technologies/Works/airflow_new/Airflow/venv/lib/python3.8/site-packages/airflow/example_dags/example_dag_decorator.py for tasks to queue
[2022-09-20T17:41:29.909+0530] {logging_mixin.py:115} INFO - [2022-09-20T17:41:29.909+0530] {dagbag.py:508} INFO - Filling up the DagBag from /home/sayone/This PC/SayOne Technologies/Works/airflow_new/Airflow/venv/lib/python3.8/site-packages/airflow/example_dags/example_dag_decorator.py
[2022-09-20T17:41:29.930+0530] {processor.py:650} INFO - DAG(s) dict_keys(['example_dag_decorator']) retrieved from /home/sayone/This PC/SayOne Technologies/Works/airflow_new/Airflow/venv/lib/python3.8/site-packages/airflow/example_dags/example_dag_decorator.py
[2022-09-20T17:41:29.959+0530] {logging_mixin.py:115} INFO - [2022-09-20T17:41:29.958+0530] {dag.py:2429} INFO - Sync 1 DAGs
[2022-09-20T17:41:29.967+0530] {logging_mixin.py:115} INFO - [2022-09-20T17:41:29.967+0530] {dag.py:2977} INFO - Setting next_dagrun for example_dag_decorator to None, run_after=None
[2022-09-20T17:41:29.977+0530] {processor.py:161} INFO - Processing /home/sayone/This PC/SayOne Technologies/Works/airflow_new/Airflow/venv/lib/python3.8/site-packages/airflow/example_dags/example_dag_decorator.py took 0.073 seconds
[2022-09-20T17:45:57.293+0530] {processor.py:153} INFO - Started process (PID=35017) to work on /home/sayone/This PC/SayOne Technologies/Works/airflow_new/Airflow/venv/lib/python3.8/site-packages/airflow/example_dags/example_dag_decorator.py
[2022-09-20T17:45:57.294+0530] {processor.py:640} INFO - Processing file /home/sayone/This PC/SayOne Technologies/Works/airflow_new/Airflow/venv/lib/python3.8/site-packages/airflow/example_dags/example_dag_decorator.py for tasks to queue
[2022-09-20T17:45:57.295+0530] {logging_mixin.py:115} INFO - [2022-09-20T17:45:57.294+0530] {dagbag.py:508} INFO - Filling up the DagBag from /home/sayone/This PC/SayOne Technologies/Works/airflow_new/Airflow/venv/lib/python3.8/site-packages/airflow/example_dags/example_dag_decorator.py
[2022-09-20T17:45:57.313+0530] {processor.py:650} INFO - DAG(s) dict_keys(['example_dag_decorator']) retrieved from /home/sayone/This PC/SayOne Technologies/Works/airflow_new/Airflow/venv/lib/python3.8/site-packages/airflow/example_dags/example_dag_decorator.py
[2022-09-20T17:45:57.339+0530] {logging_mixin.py:115} INFO - [2022-09-20T17:45:57.339+0530] {dag.py:2429} INFO - Sync 1 DAGs
[2022-09-20T17:45:57.347+0530] {logging_mixin.py:115} INFO - [2022-09-20T17:45:57.346+0530] {dag.py:2977} INFO - Setting next_dagrun for example_dag_decorator to None, run_after=None
[2022-09-20T17:45:57.355+0530] {processor.py:161} INFO - Processing /home/sayone/This PC/SayOne Technologies/Works/airflow_new/Airflow/venv/lib/python3.8/site-packages/airflow/example_dags/example_dag_decorator.py took 0.067 seconds
[2022-09-20T17:46:50.754+0530] {processor.py:153} INFO - Started process (PID=35236) to work on /home/sayone/This PC/SayOne Technologies/Works/airflow_new/Airflow/venv/lib/python3.8/site-packages/airflow/example_dags/example_dag_decorator.py
[2022-09-20T17:46:50.757+0530] {processor.py:640} INFO - Processing file /home/sayone/This PC/SayOne Technologies/Works/airflow_new/Airflow/venv/lib/python3.8/site-packages/airflow/example_dags/example_dag_decorator.py for tasks to queue
[2022-09-20T17:46:50.757+0530] {logging_mixin.py:115} INFO - [2022-09-20T17:46:50.757+0530] {dagbag.py:508} INFO - Filling up the DagBag from /home/sayone/This PC/SayOne Technologies/Works/airflow_new/Airflow/venv/lib/python3.8/site-packages/airflow/example_dags/example_dag_decorator.py
[2022-09-20T17:46:50.776+0530] {processor.py:650} INFO - DAG(s) dict_keys(['example_dag_decorator']) retrieved from /home/sayone/This PC/SayOne Technologies/Works/airflow_new/Airflow/venv/lib/python3.8/site-packages/airflow/example_dags/example_dag_decorator.py
[2022-09-20T17:46:50.803+0530] {logging_mixin.py:115} INFO - [2022-09-20T17:46:50.803+0530] {dag.py:2429} INFO - Sync 1 DAGs
[2022-09-20T17:46:50.810+0530] {logging_mixin.py:115} INFO - [2022-09-20T17:46:50.810+0530] {dag.py:2977} INFO - Setting next_dagrun for example_dag_decorator to None, run_after=None
[2022-09-20T17:46:50.819+0530] {processor.py:161} INFO - Processing /home/sayone/This PC/SayOne Technologies/Works/airflow_new/Airflow/venv/lib/python3.8/site-packages/airflow/example_dags/example_dag_decorator.py took 0.069 seconds
[2022-09-20T17:47:27.989+0530] {processor.py:153} INFO - Started process (PID=35350) to work on /home/sayone/This PC/SayOne Technologies/Works/airflow_new/Airflow/venv/lib/python3.8/site-packages/airflow/example_dags/example_dag_decorator.py
[2022-09-20T17:47:27.990+0530] {processor.py:640} INFO - Processing file /home/sayone/This PC/SayOne Technologies/Works/airflow_new/Airflow/venv/lib/python3.8/site-packages/airflow/example_dags/example_dag_decorator.py for tasks to queue
[2022-09-20T17:47:27.990+0530] {logging_mixin.py:115} INFO - [2022-09-20T17:47:27.990+0530] {dagbag.py:508} INFO - Filling up the DagBag from /home/sayone/This PC/SayOne Technologies/Works/airflow_new/Airflow/venv/lib/python3.8/site-packages/airflow/example_dags/example_dag_decorator.py
[2022-09-20T17:47:28.004+0530] {processor.py:650} INFO - DAG(s) dict_keys(['example_dag_decorator']) retrieved from /home/sayone/This PC/SayOne Technologies/Works/airflow_new/Airflow/venv/lib/python3.8/site-packages/airflow/example_dags/example_dag_decorator.py
[2022-09-20T17:47:28.036+0530] {logging_mixin.py:115} INFO - [2022-09-20T17:47:28.036+0530] {dag.py:2429} INFO - Sync 1 DAGs
[2022-09-20T17:47:28.044+0530] {logging_mixin.py:115} INFO - [2022-09-20T17:47:28.044+0530] {dag.py:2977} INFO - Setting next_dagrun for example_dag_decorator to None, run_after=None
[2022-09-20T17:47:28.054+0530] {processor.py:161} INFO - Processing /home/sayone/This PC/SayOne Technologies/Works/airflow_new/Airflow/venv/lib/python3.8/site-packages/airflow/example_dags/example_dag_decorator.py took 0.068 seconds
[2022-09-20T17:48:04.834+0530] {processor.py:153} INFO - Started process (PID=35488) to work on /home/sayone/This PC/SayOne Technologies/Works/airflow_new/Airflow/venv/lib/python3.8/site-packages/airflow/example_dags/example_dag_decorator.py
[2022-09-20T17:48:04.837+0530] {processor.py:640} INFO - Processing file /home/sayone/This PC/SayOne Technologies/Works/airflow_new/Airflow/venv/lib/python3.8/site-packages/airflow/example_dags/example_dag_decorator.py for tasks to queue
[2022-09-20T17:48:04.837+0530] {logging_mixin.py:115} INFO - [2022-09-20T17:48:04.837+0530] {dagbag.py:508} INFO - Filling up the DagBag from /home/sayone/This PC/SayOne Technologies/Works/airflow_new/Airflow/venv/lib/python3.8/site-packages/airflow/example_dags/example_dag_decorator.py
[2022-09-20T17:48:04.849+0530] {processor.py:650} INFO - DAG(s) dict_keys(['example_dag_decorator']) retrieved from /home/sayone/This PC/SayOne Technologies/Works/airflow_new/Airflow/venv/lib/python3.8/site-packages/airflow/example_dags/example_dag_decorator.py
[2022-09-20T17:48:04.875+0530] {logging_mixin.py:115} INFO - [2022-09-20T17:48:04.875+0530] {dag.py:2429} INFO - Sync 1 DAGs
[2022-09-20T17:48:04.883+0530] {logging_mixin.py:115} INFO - [2022-09-20T17:48:04.883+0530] {dag.py:2977} INFO - Setting next_dagrun for example_dag_decorator to None, run_after=None
[2022-09-20T17:48:04.893+0530] {processor.py:161} INFO - Processing /home/sayone/This PC/SayOne Technologies/Works/airflow_new/Airflow/venv/lib/python3.8/site-packages/airflow/example_dags/example_dag_decorator.py took 0.060 seconds
[2022-09-20T17:48:41.867+0530] {processor.py:153} INFO - Started process (PID=35563) to work on /home/sayone/This PC/SayOne Technologies/Works/airflow_new/Airflow/venv/lib/python3.8/site-packages/airflow/example_dags/example_dag_decorator.py
[2022-09-20T17:48:41.870+0530] {processor.py:640} INFO - Processing file /home/sayone/This PC/SayOne Technologies/Works/airflow_new/Airflow/venv/lib/python3.8/site-packages/airflow/example_dags/example_dag_decorator.py for tasks to queue
[2022-09-20T17:48:41.871+0530] {logging_mixin.py:115} INFO - [2022-09-20T17:48:41.871+0530] {dagbag.py:508} INFO - Filling up the DagBag from /home/sayone/This PC/SayOne Technologies/Works/airflow_new/Airflow/venv/lib/python3.8/site-packages/airflow/example_dags/example_dag_decorator.py
[2022-09-20T17:48:41.892+0530] {processor.py:650} INFO - DAG(s) dict_keys(['example_dag_decorator']) retrieved from /home/sayone/This PC/SayOne Technologies/Works/airflow_new/Airflow/venv/lib/python3.8/site-packages/airflow/example_dags/example_dag_decorator.py
[2022-09-20T17:48:41.919+0530] {logging_mixin.py:115} INFO - [2022-09-20T17:48:41.919+0530] {dag.py:2429} INFO - Sync 1 DAGs
[2022-09-20T17:48:41.927+0530] {logging_mixin.py:115} INFO - [2022-09-20T17:48:41.927+0530] {dag.py:2977} INFO - Setting next_dagrun for example_dag_decorator to None, run_after=None
[2022-09-20T17:48:41.936+0530] {processor.py:161} INFO - Processing /home/sayone/This PC/SayOne Technologies/Works/airflow_new/Airflow/venv/lib/python3.8/site-packages/airflow/example_dags/example_dag_decorator.py took 0.071 seconds
[2022-09-20T17:49:19.878+0530] {processor.py:153} INFO - Started process (PID=35682) to work on /home/sayone/This PC/SayOne Technologies/Works/airflow_new/Airflow/venv/lib/python3.8/site-packages/airflow/example_dags/example_dag_decorator.py
[2022-09-20T17:49:19.879+0530] {processor.py:640} INFO - Processing file /home/sayone/This PC/SayOne Technologies/Works/airflow_new/Airflow/venv/lib/python3.8/site-packages/airflow/example_dags/example_dag_decorator.py for tasks to queue
[2022-09-20T17:49:19.879+0530] {logging_mixin.py:115} INFO - [2022-09-20T17:49:19.879+0530] {dagbag.py:508} INFO - Filling up the DagBag from /home/sayone/This PC/SayOne Technologies/Works/airflow_new/Airflow/venv/lib/python3.8/site-packages/airflow/example_dags/example_dag_decorator.py
[2022-09-20T17:49:19.901+0530] {processor.py:650} INFO - DAG(s) dict_keys(['example_dag_decorator']) retrieved from /home/sayone/This PC/SayOne Technologies/Works/airflow_new/Airflow/venv/lib/python3.8/site-packages/airflow/example_dags/example_dag_decorator.py
[2022-09-20T17:49:19.952+0530] {logging_mixin.py:115} INFO - [2022-09-20T17:49:19.952+0530] {dag.py:2429} INFO - Sync 1 DAGs
[2022-09-20T17:49:19.970+0530] {logging_mixin.py:115} INFO - [2022-09-20T17:49:19.969+0530] {dag.py:2977} INFO - Setting next_dagrun for example_dag_decorator to None, run_after=None
[2022-09-20T17:49:20.000+0530] {processor.py:161} INFO - Processing /home/sayone/This PC/SayOne Technologies/Works/airflow_new/Airflow/venv/lib/python3.8/site-packages/airflow/example_dags/example_dag_decorator.py took 0.125 seconds
[2022-09-20T17:49:57.115+0530] {processor.py:153} INFO - Started process (PID=35787) to work on /home/sayone/This PC/SayOne Technologies/Works/airflow_new/Airflow/venv/lib/python3.8/site-packages/airflow/example_dags/example_dag_decorator.py
[2022-09-20T17:49:57.117+0530] {processor.py:640} INFO - Processing file /home/sayone/This PC/SayOne Technologies/Works/airflow_new/Airflow/venv/lib/python3.8/site-packages/airflow/example_dags/example_dag_decorator.py for tasks to queue
[2022-09-20T17:49:57.118+0530] {logging_mixin.py:115} INFO - [2022-09-20T17:49:57.117+0530] {dagbag.py:508} INFO - Filling up the DagBag from /home/sayone/This PC/SayOne Technologies/Works/airflow_new/Airflow/venv/lib/python3.8/site-packages/airflow/example_dags/example_dag_decorator.py
[2022-09-20T17:49:57.137+0530] {processor.py:650} INFO - DAG(s) dict_keys(['example_dag_decorator']) retrieved from /home/sayone/This PC/SayOne Technologies/Works/airflow_new/Airflow/venv/lib/python3.8/site-packages/airflow/example_dags/example_dag_decorator.py
[2022-09-20T17:49:57.164+0530] {logging_mixin.py:115} INFO - [2022-09-20T17:49:57.164+0530] {dag.py:2429} INFO - Sync 1 DAGs
[2022-09-20T17:49:57.172+0530] {logging_mixin.py:115} INFO - [2022-09-20T17:49:57.172+0530] {dag.py:2977} INFO - Setting next_dagrun for example_dag_decorator to None, run_after=None
[2022-09-20T17:49:57.182+0530] {processor.py:161} INFO - Processing /home/sayone/This PC/SayOne Technologies/Works/airflow_new/Airflow/venv/lib/python3.8/site-packages/airflow/example_dags/example_dag_decorator.py took 0.070 seconds
[2022-09-20T17:50:32.941+0530] {processor.py:153} INFO - Started process (PID=35859) to work on /home/sayone/This PC/SayOne Technologies/Works/airflow_new/Airflow/venv/lib/python3.8/site-packages/airflow/example_dags/example_dag_decorator.py
[2022-09-20T17:50:32.943+0530] {processor.py:640} INFO - Processing file /home/sayone/This PC/SayOne Technologies/Works/airflow_new/Airflow/venv/lib/python3.8/site-packages/airflow/example_dags/example_dag_decorator.py for tasks to queue
[2022-09-20T17:50:32.944+0530] {logging_mixin.py:115} INFO - [2022-09-20T17:50:32.944+0530] {dagbag.py:508} INFO - Filling up the DagBag from /home/sayone/This PC/SayOne Technologies/Works/airflow_new/Airflow/venv/lib/python3.8/site-packages/airflow/example_dags/example_dag_decorator.py
[2022-09-20T17:50:32.956+0530] {processor.py:650} INFO - DAG(s) dict_keys(['example_dag_decorator']) retrieved from /home/sayone/This PC/SayOne Technologies/Works/airflow_new/Airflow/venv/lib/python3.8/site-packages/airflow/example_dags/example_dag_decorator.py
[2022-09-20T17:50:32.984+0530] {logging_mixin.py:115} INFO - [2022-09-20T17:50:32.984+0530] {dag.py:2429} INFO - Sync 1 DAGs
[2022-09-20T17:50:32.993+0530] {logging_mixin.py:115} INFO - [2022-09-20T17:50:32.992+0530] {dag.py:2977} INFO - Setting next_dagrun for example_dag_decorator to None, run_after=None
[2022-09-20T17:50:33.003+0530] {processor.py:161} INFO - Processing /home/sayone/This PC/SayOne Technologies/Works/airflow_new/Airflow/venv/lib/python3.8/site-packages/airflow/example_dags/example_dag_decorator.py took 0.064 seconds
[2022-09-20T17:51:09.936+0530] {processor.py:153} INFO - Started process (PID=35960) to work on /home/sayone/This PC/SayOne Technologies/Works/airflow_new/Airflow/venv/lib/python3.8/site-packages/airflow/example_dags/example_dag_decorator.py
[2022-09-20T17:51:09.937+0530] {processor.py:640} INFO - Processing file /home/sayone/This PC/SayOne Technologies/Works/airflow_new/Airflow/venv/lib/python3.8/site-packages/airflow/example_dags/example_dag_decorator.py for tasks to queue
[2022-09-20T17:51:09.938+0530] {logging_mixin.py:115} INFO - [2022-09-20T17:51:09.938+0530] {dagbag.py:508} INFO - Filling up the DagBag from /home/sayone/This PC/SayOne Technologies/Works/airflow_new/Airflow/venv/lib/python3.8/site-packages/airflow/example_dags/example_dag_decorator.py
[2022-09-20T17:51:09.952+0530] {processor.py:650} INFO - DAG(s) dict_keys(['example_dag_decorator']) retrieved from /home/sayone/This PC/SayOne Technologies/Works/airflow_new/Airflow/venv/lib/python3.8/site-packages/airflow/example_dags/example_dag_decorator.py
[2022-09-20T17:51:09.963+0530] {logging_mixin.py:115} INFO - [2022-09-20T17:51:09.963+0530] {dag.py:2429} INFO - Sync 1 DAGs
[2022-09-20T17:51:09.974+0530] {logging_mixin.py:115} INFO - [2022-09-20T17:51:09.974+0530] {dag.py:2977} INFO - Setting next_dagrun for example_dag_decorator to None, run_after=None
[2022-09-20T17:51:09.984+0530] {processor.py:161} INFO - Processing /home/sayone/This PC/SayOne Technologies/Works/airflow_new/Airflow/venv/lib/python3.8/site-packages/airflow/example_dags/example_dag_decorator.py took 0.050 seconds
[2022-09-20T17:51:47.075+0530] {processor.py:153} INFO - Started process (PID=36027) to work on /home/sayone/This PC/SayOne Technologies/Works/airflow_new/Airflow/venv/lib/python3.8/site-packages/airflow/example_dags/example_dag_decorator.py
[2022-09-20T17:51:47.076+0530] {processor.py:640} INFO - Processing file /home/sayone/This PC/SayOne Technologies/Works/airflow_new/Airflow/venv/lib/python3.8/site-packages/airflow/example_dags/example_dag_decorator.py for tasks to queue
[2022-09-20T17:51:47.076+0530] {logging_mixin.py:115} INFO - [2022-09-20T17:51:47.076+0530] {dagbag.py:508} INFO - Filling up the DagBag from /home/sayone/This PC/SayOne Technologies/Works/airflow_new/Airflow/venv/lib/python3.8/site-packages/airflow/example_dags/example_dag_decorator.py
[2022-09-20T17:51:47.090+0530] {processor.py:650} INFO - DAG(s) dict_keys(['example_dag_decorator']) retrieved from /home/sayone/This PC/SayOne Technologies/Works/airflow_new/Airflow/venv/lib/python3.8/site-packages/airflow/example_dags/example_dag_decorator.py
[2022-09-20T17:51:47.119+0530] {logging_mixin.py:115} INFO - [2022-09-20T17:51:47.119+0530] {dag.py:2429} INFO - Sync 1 DAGs
[2022-09-20T17:51:47.129+0530] {logging_mixin.py:115} INFO - [2022-09-20T17:51:47.129+0530] {dag.py:2977} INFO - Setting next_dagrun for example_dag_decorator to None, run_after=None
[2022-09-20T17:51:47.139+0530] {processor.py:161} INFO - Processing /home/sayone/This PC/SayOne Technologies/Works/airflow_new/Airflow/venv/lib/python3.8/site-packages/airflow/example_dags/example_dag_decorator.py took 0.066 seconds
