[2022-09-20T17:16:57.522+0530] {processor.py:153} INFO - Started process (PID=28688) to work on /home/sayone/This PC/SayOne Technologies/Works/airflow_new/Airflow/venv/lib/python3.8/site-packages/airflow/example_dags/example_branch_operator_decorator.py
[2022-09-20T17:16:57.522+0530] {processor.py:640} INFO - Processing file /home/sayone/This PC/SayOne Technologies/Works/airflow_new/Airflow/venv/lib/python3.8/site-packages/airflow/example_dags/example_branch_operator_decorator.py for tasks to queue
[2022-09-20T17:16:57.523+0530] {logging_mixin.py:115} INFO - [2022-09-20T17:16:57.523+0530] {dagbag.py:508} INFO - Filling up the DagBag from /home/sayone/This PC/SayOne Technologies/Works/airflow_new/Airflow/venv/lib/python3.8/site-packages/airflow/example_dags/example_branch_operator_decorator.py
[2022-09-20T17:16:57.537+0530] {processor.py:650} INFO - DAG(s) dict_keys(['example_branch_python_operator_decorator']) retrieved from /home/sayone/This PC/SayOne Technologies/Works/airflow_new/Airflow/venv/lib/python3.8/site-packages/airflow/example_dags/example_branch_operator_decorator.py
[2022-09-20T17:16:57.595+0530] {logging_mixin.py:115} INFO - [2022-09-20T17:16:57.594+0530] {manager.py:508} INFO - Created Permission View: can edit on DAG:example_branch_python_operator_decorator
[2022-09-20T17:16:57.605+0530] {logging_mixin.py:115} INFO - [2022-09-20T17:16:57.605+0530] {manager.py:508} INFO - Created Permission View: can read on DAG:example_branch_python_operator_decorator
[2022-09-20T17:16:57.614+0530] {logging_mixin.py:115} INFO - [2022-09-20T17:16:57.613+0530] {manager.py:508} INFO - Created Permission View: can delete on DAG:example_branch_python_operator_decorator
[2022-09-20T17:16:57.614+0530] {logging_mixin.py:115} INFO - [2022-09-20T17:16:57.614+0530] {dag.py:2429} INFO - Sync 1 DAGs
[2022-09-20T17:16:57.619+0530] {logging_mixin.py:115} INFO - [2022-09-20T17:16:57.619+0530] {dag.py:2448} INFO - Creating ORM DAG for example_branch_python_operator_decorator
[2022-09-20T17:16:57.629+0530] {logging_mixin.py:115} INFO - [2022-09-20T17:16:57.628+0530] {dag.py:2977} INFO - Setting next_dagrun for example_branch_python_operator_decorator to 2022-09-19T00:00:00+00:00, run_after=2022-09-20T00:00:00+00:00
[2022-09-20T17:16:57.641+0530] {processor.py:161} INFO - Processing /home/sayone/This PC/SayOne Technologies/Works/airflow_new/Airflow/venv/lib/python3.8/site-packages/airflow/example_dags/example_branch_operator_decorator.py took 0.122 seconds
[2022-09-20T17:17:33.311+0530] {processor.py:153} INFO - Started process (PID=28970) to work on /home/sayone/This PC/SayOne Technologies/Works/airflow_new/Airflow/venv/lib/python3.8/site-packages/airflow/example_dags/example_branch_operator_decorator.py
[2022-09-20T17:17:33.315+0530] {processor.py:640} INFO - Processing file /home/sayone/This PC/SayOne Technologies/Works/airflow_new/Airflow/venv/lib/python3.8/site-packages/airflow/example_dags/example_branch_operator_decorator.py for tasks to queue
[2022-09-20T17:17:33.315+0530] {logging_mixin.py:115} INFO - [2022-09-20T17:17:33.315+0530] {dagbag.py:508} INFO - Filling up the DagBag from /home/sayone/This PC/SayOne Technologies/Works/airflow_new/Airflow/venv/lib/python3.8/site-packages/airflow/example_dags/example_branch_operator_decorator.py
[2022-09-20T17:17:33.342+0530] {processor.py:650} INFO - DAG(s) dict_keys(['example_branch_python_operator_decorator']) retrieved from /home/sayone/This PC/SayOne Technologies/Works/airflow_new/Airflow/venv/lib/python3.8/site-packages/airflow/example_dags/example_branch_operator_decorator.py
[2022-09-20T17:17:33.364+0530] {logging_mixin.py:115} INFO - [2022-09-20T17:17:33.364+0530] {dag.py:2429} INFO - Sync 1 DAGs
[2022-09-20T17:17:33.394+0530] {logging_mixin.py:115} INFO - [2022-09-20T17:17:33.394+0530] {dag.py:2977} INFO - Setting next_dagrun for example_branch_python_operator_decorator to 2022-09-19T00:00:00+00:00, run_after=2022-09-20T00:00:00+00:00
[2022-09-20T17:17:33.414+0530] {processor.py:161} INFO - Processing /home/sayone/This PC/SayOne Technologies/Works/airflow_new/Airflow/venv/lib/python3.8/site-packages/airflow/example_dags/example_branch_operator_decorator.py took 0.105 seconds
[2022-09-20T17:18:07.483+0530] {processor.py:153} INFO - Started process (PID=29116) to work on /home/sayone/This PC/SayOne Technologies/Works/airflow_new/Airflow/venv/lib/python3.8/site-packages/airflow/example_dags/example_branch_operator_decorator.py
[2022-09-20T17:18:07.490+0530] {processor.py:640} INFO - Processing file /home/sayone/This PC/SayOne Technologies/Works/airflow_new/Airflow/venv/lib/python3.8/site-packages/airflow/example_dags/example_branch_operator_decorator.py for tasks to queue
[2022-09-20T17:18:07.491+0530] {logging_mixin.py:115} INFO - [2022-09-20T17:18:07.491+0530] {dagbag.py:508} INFO - Filling up the DagBag from /home/sayone/This PC/SayOne Technologies/Works/airflow_new/Airflow/venv/lib/python3.8/site-packages/airflow/example_dags/example_branch_operator_decorator.py
[2022-09-20T17:18:07.503+0530] {processor.py:650} INFO - DAG(s) dict_keys(['example_branch_python_operator_decorator']) retrieved from /home/sayone/This PC/SayOne Technologies/Works/airflow_new/Airflow/venv/lib/python3.8/site-packages/airflow/example_dags/example_branch_operator_decorator.py
[2022-09-20T17:18:07.513+0530] {logging_mixin.py:115} INFO - [2022-09-20T17:18:07.513+0530] {dag.py:2429} INFO - Sync 1 DAGs
[2022-09-20T17:18:07.526+0530] {logging_mixin.py:115} INFO - [2022-09-20T17:18:07.526+0530] {dag.py:2977} INFO - Setting next_dagrun for example_branch_python_operator_decorator to 2022-09-19T00:00:00+00:00, run_after=2022-09-20T00:00:00+00:00
[2022-09-20T17:18:07.536+0530] {processor.py:161} INFO - Processing /home/sayone/This PC/SayOne Technologies/Works/airflow_new/Airflow/venv/lib/python3.8/site-packages/airflow/example_dags/example_branch_operator_decorator.py took 0.055 seconds
[2022-09-20T17:18:43.600+0530] {processor.py:153} INFO - Started process (PID=29199) to work on /home/sayone/This PC/SayOne Technologies/Works/airflow_new/Airflow/venv/lib/python3.8/site-packages/airflow/example_dags/example_branch_operator_decorator.py
[2022-09-20T17:18:43.601+0530] {processor.py:640} INFO - Processing file /home/sayone/This PC/SayOne Technologies/Works/airflow_new/Airflow/venv/lib/python3.8/site-packages/airflow/example_dags/example_branch_operator_decorator.py for tasks to queue
[2022-09-20T17:18:43.602+0530] {logging_mixin.py:115} INFO - [2022-09-20T17:18:43.602+0530] {dagbag.py:508} INFO - Filling up the DagBag from /home/sayone/This PC/SayOne Technologies/Works/airflow_new/Airflow/venv/lib/python3.8/site-packages/airflow/example_dags/example_branch_operator_decorator.py
[2022-09-20T17:18:43.617+0530] {processor.py:650} INFO - DAG(s) dict_keys(['example_branch_python_operator_decorator']) retrieved from /home/sayone/This PC/SayOne Technologies/Works/airflow_new/Airflow/venv/lib/python3.8/site-packages/airflow/example_dags/example_branch_operator_decorator.py
[2022-09-20T17:18:43.632+0530] {logging_mixin.py:115} INFO - [2022-09-20T17:18:43.632+0530] {dag.py:2429} INFO - Sync 1 DAGs
[2022-09-20T17:18:43.646+0530] {logging_mixin.py:115} INFO - [2022-09-20T17:18:43.646+0530] {dag.py:2977} INFO - Setting next_dagrun for example_branch_python_operator_decorator to 2022-09-19T00:00:00+00:00, run_after=2022-09-20T00:00:00+00:00
[2022-09-20T17:18:43.654+0530] {processor.py:161} INFO - Processing /home/sayone/This PC/SayOne Technologies/Works/airflow_new/Airflow/venv/lib/python3.8/site-packages/airflow/example_dags/example_branch_operator_decorator.py took 0.058 seconds
[2022-09-20T17:19:18.315+0530] {processor.py:153} INFO - Started process (PID=29336) to work on /home/sayone/This PC/SayOne Technologies/Works/airflow_new/Airflow/venv/lib/python3.8/site-packages/airflow/example_dags/example_branch_operator_decorator.py
[2022-09-20T17:19:18.318+0530] {processor.py:640} INFO - Processing file /home/sayone/This PC/SayOne Technologies/Works/airflow_new/Airflow/venv/lib/python3.8/site-packages/airflow/example_dags/example_branch_operator_decorator.py for tasks to queue
[2022-09-20T17:19:18.319+0530] {logging_mixin.py:115} INFO - [2022-09-20T17:19:18.319+0530] {dagbag.py:508} INFO - Filling up the DagBag from /home/sayone/This PC/SayOne Technologies/Works/airflow_new/Airflow/venv/lib/python3.8/site-packages/airflow/example_dags/example_branch_operator_decorator.py
[2022-09-20T17:19:18.335+0530] {processor.py:650} INFO - DAG(s) dict_keys(['example_branch_python_operator_decorator']) retrieved from /home/sayone/This PC/SayOne Technologies/Works/airflow_new/Airflow/venv/lib/python3.8/site-packages/airflow/example_dags/example_branch_operator_decorator.py
[2022-09-20T17:19:18.345+0530] {logging_mixin.py:115} INFO - [2022-09-20T17:19:18.344+0530] {dag.py:2429} INFO - Sync 1 DAGs
[2022-09-20T17:19:18.357+0530] {logging_mixin.py:115} INFO - [2022-09-20T17:19:18.357+0530] {dag.py:2977} INFO - Setting next_dagrun for example_branch_python_operator_decorator to 2022-09-19T00:00:00+00:00, run_after=2022-09-20T00:00:00+00:00
[2022-09-20T17:19:18.372+0530] {processor.py:161} INFO - Processing /home/sayone/This PC/SayOne Technologies/Works/airflow_new/Airflow/venv/lib/python3.8/site-packages/airflow/example_dags/example_branch_operator_decorator.py took 0.058 seconds
[2022-09-20T17:20:14.308+0530] {processor.py:153} INFO - Started process (PID=29681) to work on /home/sayone/This PC/SayOne Technologies/Works/airflow_new/Airflow/venv/lib/python3.8/site-packages/airflow/example_dags/example_branch_operator_decorator.py
[2022-09-20T17:20:14.310+0530] {processor.py:640} INFO - Processing file /home/sayone/This PC/SayOne Technologies/Works/airflow_new/Airflow/venv/lib/python3.8/site-packages/airflow/example_dags/example_branch_operator_decorator.py for tasks to queue
[2022-09-20T17:20:14.311+0530] {logging_mixin.py:115} INFO - [2022-09-20T17:20:14.311+0530] {dagbag.py:508} INFO - Filling up the DagBag from /home/sayone/This PC/SayOne Technologies/Works/airflow_new/Airflow/venv/lib/python3.8/site-packages/airflow/example_dags/example_branch_operator_decorator.py
[2022-09-20T17:20:14.322+0530] {processor.py:650} INFO - DAG(s) dict_keys(['example_branch_python_operator_decorator']) retrieved from /home/sayone/This PC/SayOne Technologies/Works/airflow_new/Airflow/venv/lib/python3.8/site-packages/airflow/example_dags/example_branch_operator_decorator.py
[2022-09-20T17:20:14.332+0530] {logging_mixin.py:115} INFO - [2022-09-20T17:20:14.332+0530] {dag.py:2429} INFO - Sync 1 DAGs
[2022-09-20T17:20:14.347+0530] {logging_mixin.py:115} INFO - [2022-09-20T17:20:14.347+0530] {dag.py:2977} INFO - Setting next_dagrun for example_branch_python_operator_decorator to 2022-09-19T00:00:00+00:00, run_after=2022-09-20T00:00:00+00:00
[2022-09-20T17:20:14.356+0530] {processor.py:161} INFO - Processing /home/sayone/This PC/SayOne Technologies/Works/airflow_new/Airflow/venv/lib/python3.8/site-packages/airflow/example_dags/example_branch_operator_decorator.py took 0.050 seconds
[2022-09-20T17:20:52.692+0530] {processor.py:153} INFO - Started process (PID=29789) to work on /home/sayone/This PC/SayOne Technologies/Works/airflow_new/Airflow/venv/lib/python3.8/site-packages/airflow/example_dags/example_branch_operator_decorator.py
[2022-09-20T17:20:52.695+0530] {processor.py:640} INFO - Processing file /home/sayone/This PC/SayOne Technologies/Works/airflow_new/Airflow/venv/lib/python3.8/site-packages/airflow/example_dags/example_branch_operator_decorator.py for tasks to queue
[2022-09-20T17:20:52.695+0530] {logging_mixin.py:115} INFO - [2022-09-20T17:20:52.695+0530] {dagbag.py:508} INFO - Filling up the DagBag from /home/sayone/This PC/SayOne Technologies/Works/airflow_new/Airflow/venv/lib/python3.8/site-packages/airflow/example_dags/example_branch_operator_decorator.py
[2022-09-20T17:20:52.706+0530] {processor.py:650} INFO - DAG(s) dict_keys(['example_branch_python_operator_decorator']) retrieved from /home/sayone/This PC/SayOne Technologies/Works/airflow_new/Airflow/venv/lib/python3.8/site-packages/airflow/example_dags/example_branch_operator_decorator.py
[2022-09-20T17:20:52.716+0530] {logging_mixin.py:115} INFO - [2022-09-20T17:20:52.716+0530] {dag.py:2429} INFO - Sync 1 DAGs
[2022-09-20T17:20:52.729+0530] {logging_mixin.py:115} INFO - [2022-09-20T17:20:52.729+0530] {dag.py:2977} INFO - Setting next_dagrun for example_branch_python_operator_decorator to 2022-09-19T00:00:00+00:00, run_after=2022-09-20T00:00:00+00:00
[2022-09-20T17:20:52.741+0530] {processor.py:161} INFO - Processing /home/sayone/This PC/SayOne Technologies/Works/airflow_new/Airflow/venv/lib/python3.8/site-packages/airflow/example_dags/example_branch_operator_decorator.py took 0.050 seconds
[2022-09-20T17:21:25.967+0530] {processor.py:153} INFO - Started process (PID=29860) to work on /home/sayone/This PC/SayOne Technologies/Works/airflow_new/Airflow/venv/lib/python3.8/site-packages/airflow/example_dags/example_branch_operator_decorator.py
[2022-09-20T17:21:25.970+0530] {processor.py:640} INFO - Processing file /home/sayone/This PC/SayOne Technologies/Works/airflow_new/Airflow/venv/lib/python3.8/site-packages/airflow/example_dags/example_branch_operator_decorator.py for tasks to queue
[2022-09-20T17:21:25.970+0530] {logging_mixin.py:115} INFO - [2022-09-20T17:21:25.970+0530] {dagbag.py:508} INFO - Filling up the DagBag from /home/sayone/This PC/SayOne Technologies/Works/airflow_new/Airflow/venv/lib/python3.8/site-packages/airflow/example_dags/example_branch_operator_decorator.py
[2022-09-20T17:21:25.983+0530] {processor.py:650} INFO - DAG(s) dict_keys(['example_branch_python_operator_decorator']) retrieved from /home/sayone/This PC/SayOne Technologies/Works/airflow_new/Airflow/venv/lib/python3.8/site-packages/airflow/example_dags/example_branch_operator_decorator.py
[2022-09-20T17:21:25.994+0530] {logging_mixin.py:115} INFO - [2022-09-20T17:21:25.994+0530] {dag.py:2429} INFO - Sync 1 DAGs
[2022-09-20T17:21:26.007+0530] {logging_mixin.py:115} INFO - [2022-09-20T17:21:26.007+0530] {dag.py:2977} INFO - Setting next_dagrun for example_branch_python_operator_decorator to 2022-09-19T00:00:00+00:00, run_after=2022-09-20T00:00:00+00:00
[2022-09-20T17:21:26.016+0530] {processor.py:161} INFO - Processing /home/sayone/This PC/SayOne Technologies/Works/airflow_new/Airflow/venv/lib/python3.8/site-packages/airflow/example_dags/example_branch_operator_decorator.py took 0.051 seconds
[2022-09-20T17:22:03.757+0530] {processor.py:153} INFO - Started process (PID=30142) to work on /home/sayone/This PC/SayOne Technologies/Works/airflow_new/Airflow/venv/lib/python3.8/site-packages/airflow/example_dags/example_branch_operator_decorator.py
[2022-09-20T17:22:03.758+0530] {processor.py:640} INFO - Processing file /home/sayone/This PC/SayOne Technologies/Works/airflow_new/Airflow/venv/lib/python3.8/site-packages/airflow/example_dags/example_branch_operator_decorator.py for tasks to queue
[2022-09-20T17:22:03.759+0530] {logging_mixin.py:115} INFO - [2022-09-20T17:22:03.759+0530] {dagbag.py:508} INFO - Filling up the DagBag from /home/sayone/This PC/SayOne Technologies/Works/airflow_new/Airflow/venv/lib/python3.8/site-packages/airflow/example_dags/example_branch_operator_decorator.py
[2022-09-20T17:22:03.773+0530] {processor.py:650} INFO - DAG(s) dict_keys(['example_branch_python_operator_decorator']) retrieved from /home/sayone/This PC/SayOne Technologies/Works/airflow_new/Airflow/venv/lib/python3.8/site-packages/airflow/example_dags/example_branch_operator_decorator.py
[2022-09-20T17:22:03.785+0530] {logging_mixin.py:115} INFO - [2022-09-20T17:22:03.785+0530] {dag.py:2429} INFO - Sync 1 DAGs
[2022-09-20T17:22:03.802+0530] {logging_mixin.py:115} INFO - [2022-09-20T17:22:03.802+0530] {dag.py:2977} INFO - Setting next_dagrun for example_branch_python_operator_decorator to 2022-09-19T00:00:00+00:00, run_after=2022-09-20T00:00:00+00:00
[2022-09-20T17:22:03.811+0530] {processor.py:161} INFO - Processing /home/sayone/This PC/SayOne Technologies/Works/airflow_new/Airflow/venv/lib/python3.8/site-packages/airflow/example_dags/example_branch_operator_decorator.py took 0.057 seconds
[2022-09-20T17:22:37.933+0530] {processor.py:153} INFO - Started process (PID=30286) to work on /home/sayone/This PC/SayOne Technologies/Works/airflow_new/Airflow/venv/lib/python3.8/site-packages/airflow/example_dags/example_branch_operator_decorator.py
[2022-09-20T17:22:37.936+0530] {processor.py:640} INFO - Processing file /home/sayone/This PC/SayOne Technologies/Works/airflow_new/Airflow/venv/lib/python3.8/site-packages/airflow/example_dags/example_branch_operator_decorator.py for tasks to queue
[2022-09-20T17:22:37.937+0530] {logging_mixin.py:115} INFO - [2022-09-20T17:22:37.937+0530] {dagbag.py:508} INFO - Filling up the DagBag from /home/sayone/This PC/SayOne Technologies/Works/airflow_new/Airflow/venv/lib/python3.8/site-packages/airflow/example_dags/example_branch_operator_decorator.py
[2022-09-20T17:22:37.954+0530] {processor.py:650} INFO - DAG(s) dict_keys(['example_branch_python_operator_decorator']) retrieved from /home/sayone/This PC/SayOne Technologies/Works/airflow_new/Airflow/venv/lib/python3.8/site-packages/airflow/example_dags/example_branch_operator_decorator.py
[2022-09-20T17:22:37.966+0530] {logging_mixin.py:115} INFO - [2022-09-20T17:22:37.966+0530] {dag.py:2429} INFO - Sync 1 DAGs
[2022-09-20T17:22:37.982+0530] {logging_mixin.py:115} INFO - [2022-09-20T17:22:37.982+0530] {dag.py:2977} INFO - Setting next_dagrun for example_branch_python_operator_decorator to 2022-09-19T00:00:00+00:00, run_after=2022-09-20T00:00:00+00:00
[2022-09-20T17:22:37.990+0530] {processor.py:161} INFO - Processing /home/sayone/This PC/SayOne Technologies/Works/airflow_new/Airflow/venv/lib/python3.8/site-packages/airflow/example_dags/example_branch_operator_decorator.py took 0.061 seconds
[2022-09-20T17:23:39.702+0530] {processor.py:153} INFO - Started process (PID=30459) to work on /home/sayone/This PC/SayOne Technologies/Works/airflow_new/Airflow/venv/lib/python3.8/site-packages/airflow/example_dags/example_branch_operator_decorator.py
[2022-09-20T17:23:39.704+0530] {processor.py:640} INFO - Processing file /home/sayone/This PC/SayOne Technologies/Works/airflow_new/Airflow/venv/lib/python3.8/site-packages/airflow/example_dags/example_branch_operator_decorator.py for tasks to queue
[2022-09-20T17:23:39.705+0530] {logging_mixin.py:115} INFO - [2022-09-20T17:23:39.705+0530] {dagbag.py:508} INFO - Filling up the DagBag from /home/sayone/This PC/SayOne Technologies/Works/airflow_new/Airflow/venv/lib/python3.8/site-packages/airflow/example_dags/example_branch_operator_decorator.py
[2022-09-20T17:23:39.719+0530] {processor.py:650} INFO - DAG(s) dict_keys(['example_branch_python_operator_decorator']) retrieved from /home/sayone/This PC/SayOne Technologies/Works/airflow_new/Airflow/venv/lib/python3.8/site-packages/airflow/example_dags/example_branch_operator_decorator.py
[2022-09-20T17:23:39.730+0530] {logging_mixin.py:115} INFO - [2022-09-20T17:23:39.730+0530] {dag.py:2429} INFO - Sync 1 DAGs
[2022-09-20T17:23:39.744+0530] {logging_mixin.py:115} INFO - [2022-09-20T17:23:39.743+0530] {dag.py:2977} INFO - Setting next_dagrun for example_branch_python_operator_decorator to 2022-09-19T00:00:00+00:00, run_after=2022-09-20T00:00:00+00:00
[2022-09-20T17:23:39.752+0530] {processor.py:161} INFO - Processing /home/sayone/This PC/SayOne Technologies/Works/airflow_new/Airflow/venv/lib/python3.8/site-packages/airflow/example_dags/example_branch_operator_decorator.py took 0.054 seconds
[2022-09-20T17:24:16.825+0530] {processor.py:153} INFO - Started process (PID=30613) to work on /home/sayone/This PC/SayOne Technologies/Works/airflow_new/Airflow/venv/lib/python3.8/site-packages/airflow/example_dags/example_branch_operator_decorator.py
[2022-09-20T17:24:16.828+0530] {processor.py:640} INFO - Processing file /home/sayone/This PC/SayOne Technologies/Works/airflow_new/Airflow/venv/lib/python3.8/site-packages/airflow/example_dags/example_branch_operator_decorator.py for tasks to queue
[2022-09-20T17:24:16.829+0530] {logging_mixin.py:115} INFO - [2022-09-20T17:24:16.829+0530] {dagbag.py:508} INFO - Filling up the DagBag from /home/sayone/This PC/SayOne Technologies/Works/airflow_new/Airflow/venv/lib/python3.8/site-packages/airflow/example_dags/example_branch_operator_decorator.py
[2022-09-20T17:24:16.844+0530] {processor.py:650} INFO - DAG(s) dict_keys(['example_branch_python_operator_decorator']) retrieved from /home/sayone/This PC/SayOne Technologies/Works/airflow_new/Airflow/venv/lib/python3.8/site-packages/airflow/example_dags/example_branch_operator_decorator.py
[2022-09-20T17:24:16.855+0530] {logging_mixin.py:115} INFO - [2022-09-20T17:24:16.855+0530] {dag.py:2429} INFO - Sync 1 DAGs
[2022-09-20T17:24:16.868+0530] {logging_mixin.py:115} INFO - [2022-09-20T17:24:16.868+0530] {dag.py:2977} INFO - Setting next_dagrun for example_branch_python_operator_decorator to 2022-09-19T00:00:00+00:00, run_after=2022-09-20T00:00:00+00:00
[2022-09-20T17:24:16.878+0530] {processor.py:161} INFO - Processing /home/sayone/This PC/SayOne Technologies/Works/airflow_new/Airflow/venv/lib/python3.8/site-packages/airflow/example_dags/example_branch_operator_decorator.py took 0.056 seconds
[2022-09-20T17:24:51.611+0530] {processor.py:153} INFO - Started process (PID=30858) to work on /home/sayone/This PC/SayOne Technologies/Works/airflow_new/Airflow/venv/lib/python3.8/site-packages/airflow/example_dags/example_branch_operator_decorator.py
[2022-09-20T17:24:51.613+0530] {processor.py:640} INFO - Processing file /home/sayone/This PC/SayOne Technologies/Works/airflow_new/Airflow/venv/lib/python3.8/site-packages/airflow/example_dags/example_branch_operator_decorator.py for tasks to queue
[2022-09-20T17:24:51.614+0530] {logging_mixin.py:115} INFO - [2022-09-20T17:24:51.613+0530] {dagbag.py:508} INFO - Filling up the DagBag from /home/sayone/This PC/SayOne Technologies/Works/airflow_new/Airflow/venv/lib/python3.8/site-packages/airflow/example_dags/example_branch_operator_decorator.py
[2022-09-20T17:24:51.625+0530] {processor.py:650} INFO - DAG(s) dict_keys(['example_branch_python_operator_decorator']) retrieved from /home/sayone/This PC/SayOne Technologies/Works/airflow_new/Airflow/venv/lib/python3.8/site-packages/airflow/example_dags/example_branch_operator_decorator.py
[2022-09-20T17:24:51.634+0530] {logging_mixin.py:115} INFO - [2022-09-20T17:24:51.634+0530] {dag.py:2429} INFO - Sync 1 DAGs
[2022-09-20T17:24:51.647+0530] {logging_mixin.py:115} INFO - [2022-09-20T17:24:51.647+0530] {dag.py:2977} INFO - Setting next_dagrun for example_branch_python_operator_decorator to 2022-09-19T00:00:00+00:00, run_after=2022-09-20T00:00:00+00:00
[2022-09-20T17:24:51.656+0530] {processor.py:161} INFO - Processing /home/sayone/This PC/SayOne Technologies/Works/airflow_new/Airflow/venv/lib/python3.8/site-packages/airflow/example_dags/example_branch_operator_decorator.py took 0.047 seconds
[2022-09-20T17:25:27.648+0530] {processor.py:153} INFO - Started process (PID=30996) to work on /home/sayone/This PC/SayOne Technologies/Works/airflow_new/Airflow/venv/lib/python3.8/site-packages/airflow/example_dags/example_branch_operator_decorator.py
[2022-09-20T17:25:27.651+0530] {processor.py:640} INFO - Processing file /home/sayone/This PC/SayOne Technologies/Works/airflow_new/Airflow/venv/lib/python3.8/site-packages/airflow/example_dags/example_branch_operator_decorator.py for tasks to queue
[2022-09-20T17:25:27.652+0530] {logging_mixin.py:115} INFO - [2022-09-20T17:25:27.651+0530] {dagbag.py:508} INFO - Filling up the DagBag from /home/sayone/This PC/SayOne Technologies/Works/airflow_new/Airflow/venv/lib/python3.8/site-packages/airflow/example_dags/example_branch_operator_decorator.py
[2022-09-20T17:25:27.671+0530] {processor.py:650} INFO - DAG(s) dict_keys(['example_branch_python_operator_decorator']) retrieved from /home/sayone/This PC/SayOne Technologies/Works/airflow_new/Airflow/venv/lib/python3.8/site-packages/airflow/example_dags/example_branch_operator_decorator.py
[2022-09-20T17:25:27.679+0530] {logging_mixin.py:115} INFO - [2022-09-20T17:25:27.679+0530] {dag.py:2429} INFO - Sync 1 DAGs
[2022-09-20T17:25:27.691+0530] {logging_mixin.py:115} INFO - [2022-09-20T17:25:27.691+0530] {dag.py:2977} INFO - Setting next_dagrun for example_branch_python_operator_decorator to 2022-09-19T00:00:00+00:00, run_after=2022-09-20T00:00:00+00:00
[2022-09-20T17:25:27.700+0530] {processor.py:161} INFO - Processing /home/sayone/This PC/SayOne Technologies/Works/airflow_new/Airflow/venv/lib/python3.8/site-packages/airflow/example_dags/example_branch_operator_decorator.py took 0.056 seconds
[2022-09-20T17:26:03.328+0530] {processor.py:153} INFO - Started process (PID=31122) to work on /home/sayone/This PC/SayOne Technologies/Works/airflow_new/Airflow/venv/lib/python3.8/site-packages/airflow/example_dags/example_branch_operator_decorator.py
[2022-09-20T17:26:03.331+0530] {processor.py:640} INFO - Processing file /home/sayone/This PC/SayOne Technologies/Works/airflow_new/Airflow/venv/lib/python3.8/site-packages/airflow/example_dags/example_branch_operator_decorator.py for tasks to queue
[2022-09-20T17:26:03.331+0530] {logging_mixin.py:115} INFO - [2022-09-20T17:26:03.331+0530] {dagbag.py:508} INFO - Filling up the DagBag from /home/sayone/This PC/SayOne Technologies/Works/airflow_new/Airflow/venv/lib/python3.8/site-packages/airflow/example_dags/example_branch_operator_decorator.py
[2022-09-20T17:26:03.350+0530] {processor.py:650} INFO - DAG(s) dict_keys(['example_branch_python_operator_decorator']) retrieved from /home/sayone/This PC/SayOne Technologies/Works/airflow_new/Airflow/venv/lib/python3.8/site-packages/airflow/example_dags/example_branch_operator_decorator.py
[2022-09-20T17:26:03.359+0530] {logging_mixin.py:115} INFO - [2022-09-20T17:26:03.359+0530] {dag.py:2429} INFO - Sync 1 DAGs
[2022-09-20T17:26:03.371+0530] {logging_mixin.py:115} INFO - [2022-09-20T17:26:03.371+0530] {dag.py:2977} INFO - Setting next_dagrun for example_branch_python_operator_decorator to 2022-09-19T00:00:00+00:00, run_after=2022-09-20T00:00:00+00:00
[2022-09-20T17:26:03.380+0530] {processor.py:161} INFO - Processing /home/sayone/This PC/SayOne Technologies/Works/airflow_new/Airflow/venv/lib/python3.8/site-packages/airflow/example_dags/example_branch_operator_decorator.py took 0.055 seconds
[2022-09-20T17:26:39.650+0530] {processor.py:153} INFO - Started process (PID=31200) to work on /home/sayone/This PC/SayOne Technologies/Works/airflow_new/Airflow/venv/lib/python3.8/site-packages/airflow/example_dags/example_branch_operator_decorator.py
[2022-09-20T17:26:39.653+0530] {processor.py:640} INFO - Processing file /home/sayone/This PC/SayOne Technologies/Works/airflow_new/Airflow/venv/lib/python3.8/site-packages/airflow/example_dags/example_branch_operator_decorator.py for tasks to queue
[2022-09-20T17:26:39.654+0530] {logging_mixin.py:115} INFO - [2022-09-20T17:26:39.654+0530] {dagbag.py:508} INFO - Filling up the DagBag from /home/sayone/This PC/SayOne Technologies/Works/airflow_new/Airflow/venv/lib/python3.8/site-packages/airflow/example_dags/example_branch_operator_decorator.py
[2022-09-20T17:26:39.672+0530] {processor.py:650} INFO - DAG(s) dict_keys(['example_branch_python_operator_decorator']) retrieved from /home/sayone/This PC/SayOne Technologies/Works/airflow_new/Airflow/venv/lib/python3.8/site-packages/airflow/example_dags/example_branch_operator_decorator.py
[2022-09-20T17:26:39.681+0530] {logging_mixin.py:115} INFO - [2022-09-20T17:26:39.681+0530] {dag.py:2429} INFO - Sync 1 DAGs
[2022-09-20T17:26:39.699+0530] {logging_mixin.py:115} INFO - [2022-09-20T17:26:39.699+0530] {dag.py:2977} INFO - Setting next_dagrun for example_branch_python_operator_decorator to 2022-09-19T00:00:00+00:00, run_after=2022-09-20T00:00:00+00:00
[2022-09-20T17:26:39.708+0530] {processor.py:161} INFO - Processing /home/sayone/This PC/SayOne Technologies/Works/airflow_new/Airflow/venv/lib/python3.8/site-packages/airflow/example_dags/example_branch_operator_decorator.py took 0.062 seconds
[2022-09-20T17:27:16.826+0530] {processor.py:153} INFO - Started process (PID=31467) to work on /home/sayone/This PC/SayOne Technologies/Works/airflow_new/Airflow/venv/lib/python3.8/site-packages/airflow/example_dags/example_branch_operator_decorator.py
[2022-09-20T17:27:16.829+0530] {processor.py:640} INFO - Processing file /home/sayone/This PC/SayOne Technologies/Works/airflow_new/Airflow/venv/lib/python3.8/site-packages/airflow/example_dags/example_branch_operator_decorator.py for tasks to queue
[2022-09-20T17:27:16.829+0530] {logging_mixin.py:115} INFO - [2022-09-20T17:27:16.829+0530] {dagbag.py:508} INFO - Filling up the DagBag from /home/sayone/This PC/SayOne Technologies/Works/airflow_new/Airflow/venv/lib/python3.8/site-packages/airflow/example_dags/example_branch_operator_decorator.py
[2022-09-20T17:27:16.845+0530] {processor.py:650} INFO - DAG(s) dict_keys(['example_branch_python_operator_decorator']) retrieved from /home/sayone/This PC/SayOne Technologies/Works/airflow_new/Airflow/venv/lib/python3.8/site-packages/airflow/example_dags/example_branch_operator_decorator.py
[2022-09-20T17:27:16.854+0530] {logging_mixin.py:115} INFO - [2022-09-20T17:27:16.854+0530] {dag.py:2429} INFO - Sync 1 DAGs
[2022-09-20T17:27:16.865+0530] {logging_mixin.py:115} INFO - [2022-09-20T17:27:16.865+0530] {dag.py:2977} INFO - Setting next_dagrun for example_branch_python_operator_decorator to 2022-09-19T00:00:00+00:00, run_after=2022-09-20T00:00:00+00:00
[2022-09-20T17:27:16.873+0530] {processor.py:161} INFO - Processing /home/sayone/This PC/SayOne Technologies/Works/airflow_new/Airflow/venv/lib/python3.8/site-packages/airflow/example_dags/example_branch_operator_decorator.py took 0.050 seconds
[2022-09-20T17:27:52.885+0530] {processor.py:153} INFO - Started process (PID=31593) to work on /home/sayone/This PC/SayOne Technologies/Works/airflow_new/Airflow/venv/lib/python3.8/site-packages/airflow/example_dags/example_branch_operator_decorator.py
[2022-09-20T17:27:52.888+0530] {processor.py:640} INFO - Processing file /home/sayone/This PC/SayOne Technologies/Works/airflow_new/Airflow/venv/lib/python3.8/site-packages/airflow/example_dags/example_branch_operator_decorator.py for tasks to queue
[2022-09-20T17:27:52.889+0530] {logging_mixin.py:115} INFO - [2022-09-20T17:27:52.889+0530] {dagbag.py:508} INFO - Filling up the DagBag from /home/sayone/This PC/SayOne Technologies/Works/airflow_new/Airflow/venv/lib/python3.8/site-packages/airflow/example_dags/example_branch_operator_decorator.py
[2022-09-20T17:27:52.908+0530] {processor.py:650} INFO - DAG(s) dict_keys(['example_branch_python_operator_decorator']) retrieved from /home/sayone/This PC/SayOne Technologies/Works/airflow_new/Airflow/venv/lib/python3.8/site-packages/airflow/example_dags/example_branch_operator_decorator.py
[2022-09-20T17:27:52.917+0530] {logging_mixin.py:115} INFO - [2022-09-20T17:27:52.917+0530] {dag.py:2429} INFO - Sync 1 DAGs
[2022-09-20T17:27:52.928+0530] {logging_mixin.py:115} INFO - [2022-09-20T17:27:52.928+0530] {dag.py:2977} INFO - Setting next_dagrun for example_branch_python_operator_decorator to 2022-09-19T00:00:00+00:00, run_after=2022-09-20T00:00:00+00:00
[2022-09-20T17:27:52.936+0530] {processor.py:161} INFO - Processing /home/sayone/This PC/SayOne Technologies/Works/airflow_new/Airflow/venv/lib/python3.8/site-packages/airflow/example_dags/example_branch_operator_decorator.py took 0.054 seconds
[2022-09-20T17:28:28.653+0530] {processor.py:153} INFO - Started process (PID=31708) to work on /home/sayone/This PC/SayOne Technologies/Works/airflow_new/Airflow/venv/lib/python3.8/site-packages/airflow/example_dags/example_branch_operator_decorator.py
[2022-09-20T17:28:28.655+0530] {processor.py:640} INFO - Processing file /home/sayone/This PC/SayOne Technologies/Works/airflow_new/Airflow/venv/lib/python3.8/site-packages/airflow/example_dags/example_branch_operator_decorator.py for tasks to queue
[2022-09-20T17:28:28.655+0530] {logging_mixin.py:115} INFO - [2022-09-20T17:28:28.655+0530] {dagbag.py:508} INFO - Filling up the DagBag from /home/sayone/This PC/SayOne Technologies/Works/airflow_new/Airflow/venv/lib/python3.8/site-packages/airflow/example_dags/example_branch_operator_decorator.py
[2022-09-20T17:28:28.673+0530] {processor.py:650} INFO - DAG(s) dict_keys(['example_branch_python_operator_decorator']) retrieved from /home/sayone/This PC/SayOne Technologies/Works/airflow_new/Airflow/venv/lib/python3.8/site-packages/airflow/example_dags/example_branch_operator_decorator.py
[2022-09-20T17:28:28.682+0530] {logging_mixin.py:115} INFO - [2022-09-20T17:28:28.682+0530] {dag.py:2429} INFO - Sync 1 DAGs
[2022-09-20T17:28:28.694+0530] {logging_mixin.py:115} INFO - [2022-09-20T17:28:28.694+0530] {dag.py:2977} INFO - Setting next_dagrun for example_branch_python_operator_decorator to 2022-09-19T00:00:00+00:00, run_after=2022-09-20T00:00:00+00:00
[2022-09-20T17:28:28.702+0530] {processor.py:161} INFO - Processing /home/sayone/This PC/SayOne Technologies/Works/airflow_new/Airflow/venv/lib/python3.8/site-packages/airflow/example_dags/example_branch_operator_decorator.py took 0.053 seconds
[2022-09-20T17:29:06.184+0530] {processor.py:153} INFO - Started process (PID=31840) to work on /home/sayone/This PC/SayOne Technologies/Works/airflow_new/Airflow/venv/lib/python3.8/site-packages/airflow/example_dags/example_branch_operator_decorator.py
[2022-09-20T17:29:06.185+0530] {processor.py:640} INFO - Processing file /home/sayone/This PC/SayOne Technologies/Works/airflow_new/Airflow/venv/lib/python3.8/site-packages/airflow/example_dags/example_branch_operator_decorator.py for tasks to queue
[2022-09-20T17:29:06.186+0530] {logging_mixin.py:115} INFO - [2022-09-20T17:29:06.186+0530] {dagbag.py:508} INFO - Filling up the DagBag from /home/sayone/This PC/SayOne Technologies/Works/airflow_new/Airflow/venv/lib/python3.8/site-packages/airflow/example_dags/example_branch_operator_decorator.py
[2022-09-20T17:29:06.203+0530] {processor.py:650} INFO - DAG(s) dict_keys(['example_branch_python_operator_decorator']) retrieved from /home/sayone/This PC/SayOne Technologies/Works/airflow_new/Airflow/venv/lib/python3.8/site-packages/airflow/example_dags/example_branch_operator_decorator.py
[2022-09-20T17:29:06.212+0530] {logging_mixin.py:115} INFO - [2022-09-20T17:29:06.212+0530] {dag.py:2429} INFO - Sync 1 DAGs
[2022-09-20T17:29:06.223+0530] {logging_mixin.py:115} INFO - [2022-09-20T17:29:06.223+0530] {dag.py:2977} INFO - Setting next_dagrun for example_branch_python_operator_decorator to 2022-09-19T00:00:00+00:00, run_after=2022-09-20T00:00:00+00:00
[2022-09-20T17:29:06.232+0530] {processor.py:161} INFO - Processing /home/sayone/This PC/SayOne Technologies/Works/airflow_new/Airflow/venv/lib/python3.8/site-packages/airflow/example_dags/example_branch_operator_decorator.py took 0.052 seconds
[2022-09-20T17:29:41.609+0530] {processor.py:153} INFO - Started process (PID=31985) to work on /home/sayone/This PC/SayOne Technologies/Works/airflow_new/Airflow/venv/lib/python3.8/site-packages/airflow/example_dags/example_branch_operator_decorator.py
[2022-09-20T17:29:41.612+0530] {processor.py:640} INFO - Processing file /home/sayone/This PC/SayOne Technologies/Works/airflow_new/Airflow/venv/lib/python3.8/site-packages/airflow/example_dags/example_branch_operator_decorator.py for tasks to queue
[2022-09-20T17:29:41.612+0530] {logging_mixin.py:115} INFO - [2022-09-20T17:29:41.612+0530] {dagbag.py:508} INFO - Filling up the DagBag from /home/sayone/This PC/SayOne Technologies/Works/airflow_new/Airflow/venv/lib/python3.8/site-packages/airflow/example_dags/example_branch_operator_decorator.py
[2022-09-20T17:29:41.629+0530] {processor.py:650} INFO - DAG(s) dict_keys(['example_branch_python_operator_decorator']) retrieved from /home/sayone/This PC/SayOne Technologies/Works/airflow_new/Airflow/venv/lib/python3.8/site-packages/airflow/example_dags/example_branch_operator_decorator.py
[2022-09-20T17:29:41.637+0530] {logging_mixin.py:115} INFO - [2022-09-20T17:29:41.637+0530] {dag.py:2429} INFO - Sync 1 DAGs
[2022-09-20T17:29:41.648+0530] {logging_mixin.py:115} INFO - [2022-09-20T17:29:41.648+0530] {dag.py:2977} INFO - Setting next_dagrun for example_branch_python_operator_decorator to 2022-09-19T00:00:00+00:00, run_after=2022-09-20T00:00:00+00:00
[2022-09-20T17:29:41.657+0530] {processor.py:161} INFO - Processing /home/sayone/This PC/SayOne Technologies/Works/airflow_new/Airflow/venv/lib/python3.8/site-packages/airflow/example_dags/example_branch_operator_decorator.py took 0.049 seconds
[2022-09-20T17:30:17.658+0530] {processor.py:153} INFO - Started process (PID=32099) to work on /home/sayone/This PC/SayOne Technologies/Works/airflow_new/Airflow/venv/lib/python3.8/site-packages/airflow/example_dags/example_branch_operator_decorator.py
[2022-09-20T17:30:17.661+0530] {processor.py:640} INFO - Processing file /home/sayone/This PC/SayOne Technologies/Works/airflow_new/Airflow/venv/lib/python3.8/site-packages/airflow/example_dags/example_branch_operator_decorator.py for tasks to queue
[2022-09-20T17:30:17.662+0530] {logging_mixin.py:115} INFO - [2022-09-20T17:30:17.661+0530] {dagbag.py:508} INFO - Filling up the DagBag from /home/sayone/This PC/SayOne Technologies/Works/airflow_new/Airflow/venv/lib/python3.8/site-packages/airflow/example_dags/example_branch_operator_decorator.py
[2022-09-20T17:30:17.680+0530] {processor.py:650} INFO - DAG(s) dict_keys(['example_branch_python_operator_decorator']) retrieved from /home/sayone/This PC/SayOne Technologies/Works/airflow_new/Airflow/venv/lib/python3.8/site-packages/airflow/example_dags/example_branch_operator_decorator.py
[2022-09-20T17:30:17.689+0530] {logging_mixin.py:115} INFO - [2022-09-20T17:30:17.689+0530] {dag.py:2429} INFO - Sync 1 DAGs
[2022-09-20T17:30:17.701+0530] {logging_mixin.py:115} INFO - [2022-09-20T17:30:17.700+0530] {dag.py:2977} INFO - Setting next_dagrun for example_branch_python_operator_decorator to 2022-09-19T00:00:00+00:00, run_after=2022-09-20T00:00:00+00:00
[2022-09-20T17:30:17.709+0530] {processor.py:161} INFO - Processing /home/sayone/This PC/SayOne Technologies/Works/airflow_new/Airflow/venv/lib/python3.8/site-packages/airflow/example_dags/example_branch_operator_decorator.py took 0.055 seconds
[2022-09-20T17:30:54.029+0530] {processor.py:153} INFO - Started process (PID=32220) to work on /home/sayone/This PC/SayOne Technologies/Works/airflow_new/Airflow/venv/lib/python3.8/site-packages/airflow/example_dags/example_branch_operator_decorator.py
[2022-09-20T17:30:54.032+0530] {processor.py:640} INFO - Processing file /home/sayone/This PC/SayOne Technologies/Works/airflow_new/Airflow/venv/lib/python3.8/site-packages/airflow/example_dags/example_branch_operator_decorator.py for tasks to queue
[2022-09-20T17:30:54.033+0530] {logging_mixin.py:115} INFO - [2022-09-20T17:30:54.033+0530] {dagbag.py:508} INFO - Filling up the DagBag from /home/sayone/This PC/SayOne Technologies/Works/airflow_new/Airflow/venv/lib/python3.8/site-packages/airflow/example_dags/example_branch_operator_decorator.py
[2022-09-20T17:30:54.052+0530] {processor.py:650} INFO - DAG(s) dict_keys(['example_branch_python_operator_decorator']) retrieved from /home/sayone/This PC/SayOne Technologies/Works/airflow_new/Airflow/venv/lib/python3.8/site-packages/airflow/example_dags/example_branch_operator_decorator.py
[2022-09-20T17:30:54.060+0530] {logging_mixin.py:115} INFO - [2022-09-20T17:30:54.060+0530] {dag.py:2429} INFO - Sync 1 DAGs
[2022-09-20T17:30:54.072+0530] {logging_mixin.py:115} INFO - [2022-09-20T17:30:54.071+0530] {dag.py:2977} INFO - Setting next_dagrun for example_branch_python_operator_decorator to 2022-09-19T00:00:00+00:00, run_after=2022-09-20T00:00:00+00:00
[2022-09-20T17:30:54.080+0530] {processor.py:161} INFO - Processing /home/sayone/This PC/SayOne Technologies/Works/airflow_new/Airflow/venv/lib/python3.8/site-packages/airflow/example_dags/example_branch_operator_decorator.py took 0.052 seconds
[2022-09-20T17:31:30.227+0530] {processor.py:153} INFO - Started process (PID=32287) to work on /home/sayone/This PC/SayOne Technologies/Works/airflow_new/Airflow/venv/lib/python3.8/site-packages/airflow/example_dags/example_branch_operator_decorator.py
[2022-09-20T17:31:30.230+0530] {processor.py:640} INFO - Processing file /home/sayone/This PC/SayOne Technologies/Works/airflow_new/Airflow/venv/lib/python3.8/site-packages/airflow/example_dags/example_branch_operator_decorator.py for tasks to queue
[2022-09-20T17:31:30.231+0530] {logging_mixin.py:115} INFO - [2022-09-20T17:31:30.230+0530] {dagbag.py:508} INFO - Filling up the DagBag from /home/sayone/This PC/SayOne Technologies/Works/airflow_new/Airflow/venv/lib/python3.8/site-packages/airflow/example_dags/example_branch_operator_decorator.py
[2022-09-20T17:31:30.249+0530] {processor.py:650} INFO - DAG(s) dict_keys(['example_branch_python_operator_decorator']) retrieved from /home/sayone/This PC/SayOne Technologies/Works/airflow_new/Airflow/venv/lib/python3.8/site-packages/airflow/example_dags/example_branch_operator_decorator.py
[2022-09-20T17:31:30.258+0530] {logging_mixin.py:115} INFO - [2022-09-20T17:31:30.258+0530] {dag.py:2429} INFO - Sync 1 DAGs
[2022-09-20T17:31:30.269+0530] {logging_mixin.py:115} INFO - [2022-09-20T17:31:30.269+0530] {dag.py:2977} INFO - Setting next_dagrun for example_branch_python_operator_decorator to 2022-09-19T00:00:00+00:00, run_after=2022-09-20T00:00:00+00:00
[2022-09-20T17:31:30.278+0530] {processor.py:161} INFO - Processing /home/sayone/This PC/SayOne Technologies/Works/airflow_new/Airflow/venv/lib/python3.8/site-packages/airflow/example_dags/example_branch_operator_decorator.py took 0.053 seconds
[2022-09-20T17:32:06.146+0530] {processor.py:153} INFO - Started process (PID=32480) to work on /home/sayone/This PC/SayOne Technologies/Works/airflow_new/Airflow/venv/lib/python3.8/site-packages/airflow/example_dags/example_branch_operator_decorator.py
[2022-09-20T17:32:06.147+0530] {processor.py:640} INFO - Processing file /home/sayone/This PC/SayOne Technologies/Works/airflow_new/Airflow/venv/lib/python3.8/site-packages/airflow/example_dags/example_branch_operator_decorator.py for tasks to queue
[2022-09-20T17:32:06.148+0530] {logging_mixin.py:115} INFO - [2022-09-20T17:32:06.148+0530] {dagbag.py:508} INFO - Filling up the DagBag from /home/sayone/This PC/SayOne Technologies/Works/airflow_new/Airflow/venv/lib/python3.8/site-packages/airflow/example_dags/example_branch_operator_decorator.py
[2022-09-20T17:32:06.165+0530] {processor.py:650} INFO - DAG(s) dict_keys(['example_branch_python_operator_decorator']) retrieved from /home/sayone/This PC/SayOne Technologies/Works/airflow_new/Airflow/venv/lib/python3.8/site-packages/airflow/example_dags/example_branch_operator_decorator.py
[2022-09-20T17:32:06.174+0530] {logging_mixin.py:115} INFO - [2022-09-20T17:32:06.173+0530] {dag.py:2429} INFO - Sync 1 DAGs
[2022-09-20T17:32:06.185+0530] {logging_mixin.py:115} INFO - [2022-09-20T17:32:06.185+0530] {dag.py:2977} INFO - Setting next_dagrun for example_branch_python_operator_decorator to 2022-09-19T00:00:00+00:00, run_after=2022-09-20T00:00:00+00:00
[2022-09-20T17:32:06.193+0530] {processor.py:161} INFO - Processing /home/sayone/This PC/SayOne Technologies/Works/airflow_new/Airflow/venv/lib/python3.8/site-packages/airflow/example_dags/example_branch_operator_decorator.py took 0.051 seconds
[2022-09-20T17:32:41.565+0530] {processor.py:153} INFO - Started process (PID=32611) to work on /home/sayone/This PC/SayOne Technologies/Works/airflow_new/Airflow/venv/lib/python3.8/site-packages/airflow/example_dags/example_branch_operator_decorator.py
[2022-09-20T17:32:41.568+0530] {processor.py:640} INFO - Processing file /home/sayone/This PC/SayOne Technologies/Works/airflow_new/Airflow/venv/lib/python3.8/site-packages/airflow/example_dags/example_branch_operator_decorator.py for tasks to queue
[2022-09-20T17:32:41.569+0530] {logging_mixin.py:115} INFO - [2022-09-20T17:32:41.569+0530] {dagbag.py:508} INFO - Filling up the DagBag from /home/sayone/This PC/SayOne Technologies/Works/airflow_new/Airflow/venv/lib/python3.8/site-packages/airflow/example_dags/example_branch_operator_decorator.py
[2022-09-20T17:32:41.582+0530] {processor.py:650} INFO - DAG(s) dict_keys(['example_branch_python_operator_decorator']) retrieved from /home/sayone/This PC/SayOne Technologies/Works/airflow_new/Airflow/venv/lib/python3.8/site-packages/airflow/example_dags/example_branch_operator_decorator.py
[2022-09-20T17:32:41.590+0530] {logging_mixin.py:115} INFO - [2022-09-20T17:32:41.590+0530] {dag.py:2429} INFO - Sync 1 DAGs
[2022-09-20T17:32:41.602+0530] {logging_mixin.py:115} INFO - [2022-09-20T17:32:41.602+0530] {dag.py:2977} INFO - Setting next_dagrun for example_branch_python_operator_decorator to 2022-09-19T00:00:00+00:00, run_after=2022-09-20T00:00:00+00:00
[2022-09-20T17:32:41.611+0530] {processor.py:161} INFO - Processing /home/sayone/This PC/SayOne Technologies/Works/airflow_new/Airflow/venv/lib/python3.8/site-packages/airflow/example_dags/example_branch_operator_decorator.py took 0.047 seconds
[2022-09-20T17:33:16.953+0530] {processor.py:153} INFO - Started process (PID=32703) to work on /home/sayone/This PC/SayOne Technologies/Works/airflow_new/Airflow/venv/lib/python3.8/site-packages/airflow/example_dags/example_branch_operator_decorator.py
[2022-09-20T17:33:16.956+0530] {processor.py:640} INFO - Processing file /home/sayone/This PC/SayOne Technologies/Works/airflow_new/Airflow/venv/lib/python3.8/site-packages/airflow/example_dags/example_branch_operator_decorator.py for tasks to queue
[2022-09-20T17:33:16.957+0530] {logging_mixin.py:115} INFO - [2022-09-20T17:33:16.957+0530] {dagbag.py:508} INFO - Filling up the DagBag from /home/sayone/This PC/SayOne Technologies/Works/airflow_new/Airflow/venv/lib/python3.8/site-packages/airflow/example_dags/example_branch_operator_decorator.py
[2022-09-20T17:33:16.976+0530] {processor.py:650} INFO - DAG(s) dict_keys(['example_branch_python_operator_decorator']) retrieved from /home/sayone/This PC/SayOne Technologies/Works/airflow_new/Airflow/venv/lib/python3.8/site-packages/airflow/example_dags/example_branch_operator_decorator.py
[2022-09-20T17:33:16.984+0530] {logging_mixin.py:115} INFO - [2022-09-20T17:33:16.984+0530] {dag.py:2429} INFO - Sync 1 DAGs
[2022-09-20T17:33:16.996+0530] {logging_mixin.py:115} INFO - [2022-09-20T17:33:16.996+0530] {dag.py:2977} INFO - Setting next_dagrun for example_branch_python_operator_decorator to 2022-09-19T00:00:00+00:00, run_after=2022-09-20T00:00:00+00:00
[2022-09-20T17:33:17.004+0530] {processor.py:161} INFO - Processing /home/sayone/This PC/SayOne Technologies/Works/airflow_new/Airflow/venv/lib/python3.8/site-packages/airflow/example_dags/example_branch_operator_decorator.py took 0.053 seconds
[2022-09-20T17:33:53.511+0530] {processor.py:153} INFO - Started process (PID=32772) to work on /home/sayone/This PC/SayOne Technologies/Works/airflow_new/Airflow/venv/lib/python3.8/site-packages/airflow/example_dags/example_branch_operator_decorator.py
[2022-09-20T17:33:53.515+0530] {processor.py:640} INFO - Processing file /home/sayone/This PC/SayOne Technologies/Works/airflow_new/Airflow/venv/lib/python3.8/site-packages/airflow/example_dags/example_branch_operator_decorator.py for tasks to queue
[2022-09-20T17:33:53.516+0530] {logging_mixin.py:115} INFO - [2022-09-20T17:33:53.515+0530] {dagbag.py:508} INFO - Filling up the DagBag from /home/sayone/This PC/SayOne Technologies/Works/airflow_new/Airflow/venv/lib/python3.8/site-packages/airflow/example_dags/example_branch_operator_decorator.py
[2022-09-20T17:33:53.529+0530] {processor.py:650} INFO - DAG(s) dict_keys(['example_branch_python_operator_decorator']) retrieved from /home/sayone/This PC/SayOne Technologies/Works/airflow_new/Airflow/venv/lib/python3.8/site-packages/airflow/example_dags/example_branch_operator_decorator.py
[2022-09-20T17:33:53.537+0530] {logging_mixin.py:115} INFO - [2022-09-20T17:33:53.537+0530] {dag.py:2429} INFO - Sync 1 DAGs
[2022-09-20T17:33:53.549+0530] {logging_mixin.py:115} INFO - [2022-09-20T17:33:53.548+0530] {dag.py:2977} INFO - Setting next_dagrun for example_branch_python_operator_decorator to 2022-09-19T00:00:00+00:00, run_after=2022-09-20T00:00:00+00:00
[2022-09-20T17:33:53.557+0530] {processor.py:161} INFO - Processing /home/sayone/This PC/SayOne Technologies/Works/airflow_new/Airflow/venv/lib/python3.8/site-packages/airflow/example_dags/example_branch_operator_decorator.py took 0.047 seconds
[2022-09-20T17:34:30.084+0530] {processor.py:153} INFO - Started process (PID=32999) to work on /home/sayone/This PC/SayOne Technologies/Works/airflow_new/Airflow/venv/lib/python3.8/site-packages/airflow/example_dags/example_branch_operator_decorator.py
[2022-09-20T17:34:30.087+0530] {processor.py:640} INFO - Processing file /home/sayone/This PC/SayOne Technologies/Works/airflow_new/Airflow/venv/lib/python3.8/site-packages/airflow/example_dags/example_branch_operator_decorator.py for tasks to queue
[2022-09-20T17:34:30.087+0530] {logging_mixin.py:115} INFO - [2022-09-20T17:34:30.087+0530] {dagbag.py:508} INFO - Filling up the DagBag from /home/sayone/This PC/SayOne Technologies/Works/airflow_new/Airflow/venv/lib/python3.8/site-packages/airflow/example_dags/example_branch_operator_decorator.py
[2022-09-20T17:34:30.106+0530] {processor.py:650} INFO - DAG(s) dict_keys(['example_branch_python_operator_decorator']) retrieved from /home/sayone/This PC/SayOne Technologies/Works/airflow_new/Airflow/venv/lib/python3.8/site-packages/airflow/example_dags/example_branch_operator_decorator.py
[2022-09-20T17:34:30.120+0530] {logging_mixin.py:115} INFO - [2022-09-20T17:34:30.120+0530] {dag.py:2429} INFO - Sync 1 DAGs
[2022-09-20T17:34:30.136+0530] {logging_mixin.py:115} INFO - [2022-09-20T17:34:30.136+0530] {dag.py:2977} INFO - Setting next_dagrun for example_branch_python_operator_decorator to 2022-09-19T00:00:00+00:00, run_after=2022-09-20T00:00:00+00:00
[2022-09-20T17:34:30.147+0530] {processor.py:161} INFO - Processing /home/sayone/This PC/SayOne Technologies/Works/airflow_new/Airflow/venv/lib/python3.8/site-packages/airflow/example_dags/example_branch_operator_decorator.py took 0.065 seconds
[2022-09-20T17:35:06.161+0530] {processor.py:153} INFO - Started process (PID=33149) to work on /home/sayone/This PC/SayOne Technologies/Works/airflow_new/Airflow/venv/lib/python3.8/site-packages/airflow/example_dags/example_branch_operator_decorator.py
[2022-09-20T17:35:06.162+0530] {processor.py:640} INFO - Processing file /home/sayone/This PC/SayOne Technologies/Works/airflow_new/Airflow/venv/lib/python3.8/site-packages/airflow/example_dags/example_branch_operator_decorator.py for tasks to queue
[2022-09-20T17:35:06.163+0530] {logging_mixin.py:115} INFO - [2022-09-20T17:35:06.163+0530] {dagbag.py:508} INFO - Filling up the DagBag from /home/sayone/This PC/SayOne Technologies/Works/airflow_new/Airflow/venv/lib/python3.8/site-packages/airflow/example_dags/example_branch_operator_decorator.py
[2022-09-20T17:35:06.180+0530] {processor.py:650} INFO - DAG(s) dict_keys(['example_branch_python_operator_decorator']) retrieved from /home/sayone/This PC/SayOne Technologies/Works/airflow_new/Airflow/venv/lib/python3.8/site-packages/airflow/example_dags/example_branch_operator_decorator.py
[2022-09-20T17:35:06.189+0530] {logging_mixin.py:115} INFO - [2022-09-20T17:35:06.189+0530] {dag.py:2429} INFO - Sync 1 DAGs
[2022-09-20T17:35:06.200+0530] {logging_mixin.py:115} INFO - [2022-09-20T17:35:06.200+0530] {dag.py:2977} INFO - Setting next_dagrun for example_branch_python_operator_decorator to 2022-09-19T00:00:00+00:00, run_after=2022-09-20T00:00:00+00:00
[2022-09-20T17:35:06.209+0530] {processor.py:161} INFO - Processing /home/sayone/This PC/SayOne Technologies/Works/airflow_new/Airflow/venv/lib/python3.8/site-packages/airflow/example_dags/example_branch_operator_decorator.py took 0.052 seconds
[2022-09-20T17:35:41.625+0530] {processor.py:153} INFO - Started process (PID=33211) to work on /home/sayone/This PC/SayOne Technologies/Works/airflow_new/Airflow/venv/lib/python3.8/site-packages/airflow/example_dags/example_branch_operator_decorator.py
[2022-09-20T17:35:41.628+0530] {processor.py:640} INFO - Processing file /home/sayone/This PC/SayOne Technologies/Works/airflow_new/Airflow/venv/lib/python3.8/site-packages/airflow/example_dags/example_branch_operator_decorator.py for tasks to queue
[2022-09-20T17:35:41.628+0530] {logging_mixin.py:115} INFO - [2022-09-20T17:35:41.628+0530] {dagbag.py:508} INFO - Filling up the DagBag from /home/sayone/This PC/SayOne Technologies/Works/airflow_new/Airflow/venv/lib/python3.8/site-packages/airflow/example_dags/example_branch_operator_decorator.py
[2022-09-20T17:35:41.639+0530] {processor.py:650} INFO - DAG(s) dict_keys(['example_branch_python_operator_decorator']) retrieved from /home/sayone/This PC/SayOne Technologies/Works/airflow_new/Airflow/venv/lib/python3.8/site-packages/airflow/example_dags/example_branch_operator_decorator.py
[2022-09-20T17:35:41.648+0530] {logging_mixin.py:115} INFO - [2022-09-20T17:35:41.648+0530] {dag.py:2429} INFO - Sync 1 DAGs
[2022-09-20T17:35:41.659+0530] {logging_mixin.py:115} INFO - [2022-09-20T17:35:41.659+0530] {dag.py:2977} INFO - Setting next_dagrun for example_branch_python_operator_decorator to 2022-09-19T00:00:00+00:00, run_after=2022-09-20T00:00:00+00:00
[2022-09-20T17:35:41.667+0530] {processor.py:161} INFO - Processing /home/sayone/This PC/SayOne Technologies/Works/airflow_new/Airflow/venv/lib/python3.8/site-packages/airflow/example_dags/example_branch_operator_decorator.py took 0.047 seconds
[2022-09-20T17:36:20.443+0530] {processor.py:153} INFO - Started process (PID=33371) to work on /home/sayone/This PC/SayOne Technologies/Works/airflow_new/Airflow/venv/lib/python3.8/site-packages/airflow/example_dags/example_branch_operator_decorator.py
[2022-09-20T17:36:20.447+0530] {processor.py:640} INFO - Processing file /home/sayone/This PC/SayOne Technologies/Works/airflow_new/Airflow/venv/lib/python3.8/site-packages/airflow/example_dags/example_branch_operator_decorator.py for tasks to queue
[2022-09-20T17:36:20.448+0530] {logging_mixin.py:115} INFO - [2022-09-20T17:36:20.447+0530] {dagbag.py:508} INFO - Filling up the DagBag from /home/sayone/This PC/SayOne Technologies/Works/airflow_new/Airflow/venv/lib/python3.8/site-packages/airflow/example_dags/example_branch_operator_decorator.py
[2022-09-20T17:36:20.464+0530] {processor.py:650} INFO - DAG(s) dict_keys(['example_branch_python_operator_decorator']) retrieved from /home/sayone/This PC/SayOne Technologies/Works/airflow_new/Airflow/venv/lib/python3.8/site-packages/airflow/example_dags/example_branch_operator_decorator.py
[2022-09-20T17:36:20.475+0530] {logging_mixin.py:115} INFO - [2022-09-20T17:36:20.475+0530] {dag.py:2429} INFO - Sync 1 DAGs
[2022-09-20T17:36:20.487+0530] {logging_mixin.py:115} INFO - [2022-09-20T17:36:20.487+0530] {dag.py:2977} INFO - Setting next_dagrun for example_branch_python_operator_decorator to 2022-09-19T00:00:00+00:00, run_after=2022-09-20T00:00:00+00:00
[2022-09-20T17:36:20.496+0530] {processor.py:161} INFO - Processing /home/sayone/This PC/SayOne Technologies/Works/airflow_new/Airflow/venv/lib/python3.8/site-packages/airflow/example_dags/example_branch_operator_decorator.py took 0.056 seconds
[2022-09-20T17:36:54.200+0530] {processor.py:153} INFO - Started process (PID=33477) to work on /home/sayone/This PC/SayOne Technologies/Works/airflow_new/Airflow/venv/lib/python3.8/site-packages/airflow/example_dags/example_branch_operator_decorator.py
[2022-09-20T17:36:54.201+0530] {processor.py:640} INFO - Processing file /home/sayone/This PC/SayOne Technologies/Works/airflow_new/Airflow/venv/lib/python3.8/site-packages/airflow/example_dags/example_branch_operator_decorator.py for tasks to queue
[2022-09-20T17:36:54.201+0530] {logging_mixin.py:115} INFO - [2022-09-20T17:36:54.201+0530] {dagbag.py:508} INFO - Filling up the DagBag from /home/sayone/This PC/SayOne Technologies/Works/airflow_new/Airflow/venv/lib/python3.8/site-packages/airflow/example_dags/example_branch_operator_decorator.py
[2022-09-20T17:36:54.215+0530] {processor.py:650} INFO - DAG(s) dict_keys(['example_branch_python_operator_decorator']) retrieved from /home/sayone/This PC/SayOne Technologies/Works/airflow_new/Airflow/venv/lib/python3.8/site-packages/airflow/example_dags/example_branch_operator_decorator.py
[2022-09-20T17:36:54.225+0530] {logging_mixin.py:115} INFO - [2022-09-20T17:36:54.225+0530] {dag.py:2429} INFO - Sync 1 DAGs
[2022-09-20T17:36:54.240+0530] {logging_mixin.py:115} INFO - [2022-09-20T17:36:54.240+0530] {dag.py:2977} INFO - Setting next_dagrun for example_branch_python_operator_decorator to 2022-09-19T00:00:00+00:00, run_after=2022-09-20T00:00:00+00:00
[2022-09-20T17:36:54.251+0530] {processor.py:161} INFO - Processing /home/sayone/This PC/SayOne Technologies/Works/airflow_new/Airflow/venv/lib/python3.8/site-packages/airflow/example_dags/example_branch_operator_decorator.py took 0.052 seconds
[2022-09-20T17:37:32.525+0530] {processor.py:153} INFO - Started process (PID=33700) to work on /home/sayone/This PC/SayOne Technologies/Works/airflow_new/Airflow/venv/lib/python3.8/site-packages/airflow/example_dags/example_branch_operator_decorator.py
[2022-09-20T17:37:32.528+0530] {processor.py:640} INFO - Processing file /home/sayone/This PC/SayOne Technologies/Works/airflow_new/Airflow/venv/lib/python3.8/site-packages/airflow/example_dags/example_branch_operator_decorator.py for tasks to queue
[2022-09-20T17:37:32.528+0530] {logging_mixin.py:115} INFO - [2022-09-20T17:37:32.528+0530] {dagbag.py:508} INFO - Filling up the DagBag from /home/sayone/This PC/SayOne Technologies/Works/airflow_new/Airflow/venv/lib/python3.8/site-packages/airflow/example_dags/example_branch_operator_decorator.py
[2022-09-20T17:37:32.546+0530] {processor.py:650} INFO - DAG(s) dict_keys(['example_branch_python_operator_decorator']) retrieved from /home/sayone/This PC/SayOne Technologies/Works/airflow_new/Airflow/venv/lib/python3.8/site-packages/airflow/example_dags/example_branch_operator_decorator.py
[2022-09-20T17:37:32.554+0530] {logging_mixin.py:115} INFO - [2022-09-20T17:37:32.554+0530] {dag.py:2429} INFO - Sync 1 DAGs
[2022-09-20T17:37:32.565+0530] {logging_mixin.py:115} INFO - [2022-09-20T17:37:32.565+0530] {dag.py:2977} INFO - Setting next_dagrun for example_branch_python_operator_decorator to 2022-09-19T00:00:00+00:00, run_after=2022-09-20T00:00:00+00:00
[2022-09-20T17:37:32.573+0530] {processor.py:161} INFO - Processing /home/sayone/This PC/SayOne Technologies/Works/airflow_new/Airflow/venv/lib/python3.8/site-packages/airflow/example_dags/example_branch_operator_decorator.py took 0.051 seconds
[2022-09-20T17:38:17.903+0530] {processor.py:153} INFO - Started process (PID=33842) to work on /home/sayone/This PC/SayOne Technologies/Works/airflow_new/Airflow/venv/lib/python3.8/site-packages/airflow/example_dags/example_branch_operator_decorator.py
[2022-09-20T17:38:17.906+0530] {processor.py:640} INFO - Processing file /home/sayone/This PC/SayOne Technologies/Works/airflow_new/Airflow/venv/lib/python3.8/site-packages/airflow/example_dags/example_branch_operator_decorator.py for tasks to queue
[2022-09-20T17:38:17.907+0530] {logging_mixin.py:115} INFO - [2022-09-20T17:38:17.907+0530] {dagbag.py:508} INFO - Filling up the DagBag from /home/sayone/This PC/SayOne Technologies/Works/airflow_new/Airflow/venv/lib/python3.8/site-packages/airflow/example_dags/example_branch_operator_decorator.py
[2022-09-20T17:38:17.924+0530] {processor.py:650} INFO - DAG(s) dict_keys(['example_branch_python_operator_decorator']) retrieved from /home/sayone/This PC/SayOne Technologies/Works/airflow_new/Airflow/venv/lib/python3.8/site-packages/airflow/example_dags/example_branch_operator_decorator.py
[2022-09-20T17:38:17.936+0530] {logging_mixin.py:115} INFO - [2022-09-20T17:38:17.936+0530] {dag.py:2429} INFO - Sync 1 DAGs
[2022-09-20T17:38:17.949+0530] {logging_mixin.py:115} INFO - [2022-09-20T17:38:17.949+0530] {dag.py:2977} INFO - Setting next_dagrun for example_branch_python_operator_decorator to 2022-09-19T00:00:00+00:00, run_after=2022-09-20T00:00:00+00:00
[2022-09-20T17:38:17.957+0530] {processor.py:161} INFO - Processing /home/sayone/This PC/SayOne Technologies/Works/airflow_new/Airflow/venv/lib/python3.8/site-packages/airflow/example_dags/example_branch_operator_decorator.py took 0.059 seconds
[2022-09-20T17:38:57.326+0530] {processor.py:153} INFO - Started process (PID=33947) to work on /home/sayone/This PC/SayOne Technologies/Works/airflow_new/Airflow/venv/lib/python3.8/site-packages/airflow/example_dags/example_branch_operator_decorator.py
[2022-09-20T17:38:57.326+0530] {processor.py:640} INFO - Processing file /home/sayone/This PC/SayOne Technologies/Works/airflow_new/Airflow/venv/lib/python3.8/site-packages/airflow/example_dags/example_branch_operator_decorator.py for tasks to queue
[2022-09-20T17:38:57.327+0530] {logging_mixin.py:115} INFO - [2022-09-20T17:38:57.326+0530] {dagbag.py:508} INFO - Filling up the DagBag from /home/sayone/This PC/SayOne Technologies/Works/airflow_new/Airflow/venv/lib/python3.8/site-packages/airflow/example_dags/example_branch_operator_decorator.py
[2022-09-20T17:38:57.344+0530] {processor.py:650} INFO - DAG(s) dict_keys(['example_branch_python_operator_decorator']) retrieved from /home/sayone/This PC/SayOne Technologies/Works/airflow_new/Airflow/venv/lib/python3.8/site-packages/airflow/example_dags/example_branch_operator_decorator.py
[2022-09-20T17:38:57.352+0530] {logging_mixin.py:115} INFO - [2022-09-20T17:38:57.352+0530] {dag.py:2429} INFO - Sync 1 DAGs
[2022-09-20T17:38:57.363+0530] {logging_mixin.py:115} INFO - [2022-09-20T17:38:57.363+0530] {dag.py:2977} INFO - Setting next_dagrun for example_branch_python_operator_decorator to 2022-09-19T00:00:00+00:00, run_after=2022-09-20T00:00:00+00:00
[2022-09-20T17:38:57.371+0530] {processor.py:161} INFO - Processing /home/sayone/This PC/SayOne Technologies/Works/airflow_new/Airflow/venv/lib/python3.8/site-packages/airflow/example_dags/example_branch_operator_decorator.py took 0.049 seconds
[2022-09-20T17:39:29.481+0530] {processor.py:153} INFO - Started process (PID=34032) to work on /home/sayone/This PC/SayOne Technologies/Works/airflow_new/Airflow/venv/lib/python3.8/site-packages/airflow/example_dags/example_branch_operator_decorator.py
[2022-09-20T17:39:29.484+0530] {processor.py:640} INFO - Processing file /home/sayone/This PC/SayOne Technologies/Works/airflow_new/Airflow/venv/lib/python3.8/site-packages/airflow/example_dags/example_branch_operator_decorator.py for tasks to queue
[2022-09-20T17:39:29.485+0530] {logging_mixin.py:115} INFO - [2022-09-20T17:39:29.484+0530] {dagbag.py:508} INFO - Filling up the DagBag from /home/sayone/This PC/SayOne Technologies/Works/airflow_new/Airflow/venv/lib/python3.8/site-packages/airflow/example_dags/example_branch_operator_decorator.py
[2022-09-20T17:39:29.501+0530] {processor.py:650} INFO - DAG(s) dict_keys(['example_branch_python_operator_decorator']) retrieved from /home/sayone/This PC/SayOne Technologies/Works/airflow_new/Airflow/venv/lib/python3.8/site-packages/airflow/example_dags/example_branch_operator_decorator.py
[2022-09-20T17:39:29.510+0530] {logging_mixin.py:115} INFO - [2022-09-20T17:39:29.510+0530] {dag.py:2429} INFO - Sync 1 DAGs
[2022-09-20T17:39:29.522+0530] {logging_mixin.py:115} INFO - [2022-09-20T17:39:29.522+0530] {dag.py:2977} INFO - Setting next_dagrun for example_branch_python_operator_decorator to 2022-09-19T00:00:00+00:00, run_after=2022-09-20T00:00:00+00:00
[2022-09-20T17:39:29.530+0530] {processor.py:161} INFO - Processing /home/sayone/This PC/SayOne Technologies/Works/airflow_new/Airflow/venv/lib/python3.8/site-packages/airflow/example_dags/example_branch_operator_decorator.py took 0.054 seconds
[2022-09-20T17:40:07.132+0530] {processor.py:153} INFO - Started process (PID=34189) to work on /home/sayone/This PC/SayOne Technologies/Works/airflow_new/Airflow/venv/lib/python3.8/site-packages/airflow/example_dags/example_branch_operator_decorator.py
[2022-09-20T17:40:07.136+0530] {processor.py:640} INFO - Processing file /home/sayone/This PC/SayOne Technologies/Works/airflow_new/Airflow/venv/lib/python3.8/site-packages/airflow/example_dags/example_branch_operator_decorator.py for tasks to queue
[2022-09-20T17:40:07.137+0530] {logging_mixin.py:115} INFO - [2022-09-20T17:40:07.137+0530] {dagbag.py:508} INFO - Filling up the DagBag from /home/sayone/This PC/SayOne Technologies/Works/airflow_new/Airflow/venv/lib/python3.8/site-packages/airflow/example_dags/example_branch_operator_decorator.py
[2022-09-20T17:40:07.153+0530] {processor.py:650} INFO - DAG(s) dict_keys(['example_branch_python_operator_decorator']) retrieved from /home/sayone/This PC/SayOne Technologies/Works/airflow_new/Airflow/venv/lib/python3.8/site-packages/airflow/example_dags/example_branch_operator_decorator.py
[2022-09-20T17:40:07.163+0530] {logging_mixin.py:115} INFO - [2022-09-20T17:40:07.163+0530] {dag.py:2429} INFO - Sync 1 DAGs
[2022-09-20T17:40:07.176+0530] {logging_mixin.py:115} INFO - [2022-09-20T17:40:07.176+0530] {dag.py:2977} INFO - Setting next_dagrun for example_branch_python_operator_decorator to 2022-09-19T00:00:00+00:00, run_after=2022-09-20T00:00:00+00:00
[2022-09-20T17:40:07.186+0530] {processor.py:161} INFO - Processing /home/sayone/This PC/SayOne Technologies/Works/airflow_new/Airflow/venv/lib/python3.8/site-packages/airflow/example_dags/example_branch_operator_decorator.py took 0.058 seconds
[2022-09-20T17:40:41.920+0530] {processor.py:153} INFO - Started process (PID=34295) to work on /home/sayone/This PC/SayOne Technologies/Works/airflow_new/Airflow/venv/lib/python3.8/site-packages/airflow/example_dags/example_branch_operator_decorator.py
[2022-09-20T17:40:41.922+0530] {processor.py:640} INFO - Processing file /home/sayone/This PC/SayOne Technologies/Works/airflow_new/Airflow/venv/lib/python3.8/site-packages/airflow/example_dags/example_branch_operator_decorator.py for tasks to queue
[2022-09-20T17:40:41.923+0530] {logging_mixin.py:115} INFO - [2022-09-20T17:40:41.922+0530] {dagbag.py:508} INFO - Filling up the DagBag from /home/sayone/This PC/SayOne Technologies/Works/airflow_new/Airflow/venv/lib/python3.8/site-packages/airflow/example_dags/example_branch_operator_decorator.py
[2022-09-20T17:40:41.939+0530] {processor.py:650} INFO - DAG(s) dict_keys(['example_branch_python_operator_decorator']) retrieved from /home/sayone/This PC/SayOne Technologies/Works/airflow_new/Airflow/venv/lib/python3.8/site-packages/airflow/example_dags/example_branch_operator_decorator.py
[2022-09-20T17:40:41.948+0530] {logging_mixin.py:115} INFO - [2022-09-20T17:40:41.948+0530] {dag.py:2429} INFO - Sync 1 DAGs
[2022-09-20T17:40:41.963+0530] {logging_mixin.py:115} INFO - [2022-09-20T17:40:41.963+0530] {dag.py:2977} INFO - Setting next_dagrun for example_branch_python_operator_decorator to 2022-09-19T00:00:00+00:00, run_after=2022-09-20T00:00:00+00:00
[2022-09-20T17:40:41.971+0530] {processor.py:161} INFO - Processing /home/sayone/This PC/SayOne Technologies/Works/airflow_new/Airflow/venv/lib/python3.8/site-packages/airflow/example_dags/example_branch_operator_decorator.py took 0.053 seconds
[2022-09-20T17:41:19.765+0530] {processor.py:153} INFO - Started process (PID=34412) to work on /home/sayone/This PC/SayOne Technologies/Works/airflow_new/Airflow/venv/lib/python3.8/site-packages/airflow/example_dags/example_branch_operator_decorator.py
[2022-09-20T17:41:19.768+0530] {processor.py:640} INFO - Processing file /home/sayone/This PC/SayOne Technologies/Works/airflow_new/Airflow/venv/lib/python3.8/site-packages/airflow/example_dags/example_branch_operator_decorator.py for tasks to queue
[2022-09-20T17:41:19.769+0530] {logging_mixin.py:115} INFO - [2022-09-20T17:41:19.769+0530] {dagbag.py:508} INFO - Filling up the DagBag from /home/sayone/This PC/SayOne Technologies/Works/airflow_new/Airflow/venv/lib/python3.8/site-packages/airflow/example_dags/example_branch_operator_decorator.py
[2022-09-20T17:41:19.786+0530] {processor.py:650} INFO - DAG(s) dict_keys(['example_branch_python_operator_decorator']) retrieved from /home/sayone/This PC/SayOne Technologies/Works/airflow_new/Airflow/venv/lib/python3.8/site-packages/airflow/example_dags/example_branch_operator_decorator.py
[2022-09-20T17:41:19.795+0530] {logging_mixin.py:115} INFO - [2022-09-20T17:41:19.795+0530] {dag.py:2429} INFO - Sync 1 DAGs
[2022-09-20T17:41:19.807+0530] {logging_mixin.py:115} INFO - [2022-09-20T17:41:19.807+0530] {dag.py:2977} INFO - Setting next_dagrun for example_branch_python_operator_decorator to 2022-09-19T00:00:00+00:00, run_after=2022-09-20T00:00:00+00:00
[2022-09-20T17:41:19.816+0530] {processor.py:161} INFO - Processing /home/sayone/This PC/SayOne Technologies/Works/airflow_new/Airflow/venv/lib/python3.8/site-packages/airflow/example_dags/example_branch_operator_decorator.py took 0.054 seconds
[2022-09-20T17:42:15.922+0530] {processor.py:153} INFO - Started process (PID=34565) to work on /home/sayone/This PC/SayOne Technologies/Works/airflow_new/Airflow/venv/lib/python3.8/site-packages/airflow/example_dags/example_branch_operator_decorator.py
[2022-09-20T17:42:15.925+0530] {processor.py:640} INFO - Processing file /home/sayone/This PC/SayOne Technologies/Works/airflow_new/Airflow/venv/lib/python3.8/site-packages/airflow/example_dags/example_branch_operator_decorator.py for tasks to queue
[2022-09-20T17:42:15.926+0530] {logging_mixin.py:115} INFO - [2022-09-20T17:42:15.926+0530] {dagbag.py:508} INFO - Filling up the DagBag from /home/sayone/This PC/SayOne Technologies/Works/airflow_new/Airflow/venv/lib/python3.8/site-packages/airflow/example_dags/example_branch_operator_decorator.py
[2022-09-20T17:42:15.945+0530] {processor.py:650} INFO - DAG(s) dict_keys(['example_branch_python_operator_decorator']) retrieved from /home/sayone/This PC/SayOne Technologies/Works/airflow_new/Airflow/venv/lib/python3.8/site-packages/airflow/example_dags/example_branch_operator_decorator.py
[2022-09-20T17:42:15.953+0530] {logging_mixin.py:115} INFO - [2022-09-20T17:42:15.953+0530] {dag.py:2429} INFO - Sync 1 DAGs
[2022-09-20T17:42:15.966+0530] {logging_mixin.py:115} INFO - [2022-09-20T17:42:15.966+0530] {dag.py:2977} INFO - Setting next_dagrun for example_branch_python_operator_decorator to 2022-09-19T00:00:00+00:00, run_after=2022-09-20T00:00:00+00:00
[2022-09-20T17:42:15.974+0530] {processor.py:161} INFO - Processing /home/sayone/This PC/SayOne Technologies/Works/airflow_new/Airflow/venv/lib/python3.8/site-packages/airflow/example_dags/example_branch_operator_decorator.py took 0.057 seconds
[2022-09-20T17:45:48.136+0530] {processor.py:153} INFO - Started process (PID=34961) to work on /home/sayone/This PC/SayOne Technologies/Works/airflow_new/Airflow/venv/lib/python3.8/site-packages/airflow/example_dags/example_branch_operator_decorator.py
[2022-09-20T17:45:48.139+0530] {processor.py:640} INFO - Processing file /home/sayone/This PC/SayOne Technologies/Works/airflow_new/Airflow/venv/lib/python3.8/site-packages/airflow/example_dags/example_branch_operator_decorator.py for tasks to queue
[2022-09-20T17:45:48.140+0530] {logging_mixin.py:115} INFO - [2022-09-20T17:45:48.139+0530] {dagbag.py:508} INFO - Filling up the DagBag from /home/sayone/This PC/SayOne Technologies/Works/airflow_new/Airflow/venv/lib/python3.8/site-packages/airflow/example_dags/example_branch_operator_decorator.py
[2022-09-20T17:45:48.158+0530] {processor.py:650} INFO - DAG(s) dict_keys(['example_branch_python_operator_decorator']) retrieved from /home/sayone/This PC/SayOne Technologies/Works/airflow_new/Airflow/venv/lib/python3.8/site-packages/airflow/example_dags/example_branch_operator_decorator.py
[2022-09-20T17:45:48.167+0530] {logging_mixin.py:115} INFO - [2022-09-20T17:45:48.167+0530] {dag.py:2429} INFO - Sync 1 DAGs
[2022-09-20T17:45:48.179+0530] {logging_mixin.py:115} INFO - [2022-09-20T17:45:48.179+0530] {dag.py:2977} INFO - Setting next_dagrun for example_branch_python_operator_decorator to 2022-09-19T00:00:00+00:00, run_after=2022-09-20T00:00:00+00:00
[2022-09-20T17:45:48.186+0530] {processor.py:161} INFO - Processing /home/sayone/This PC/SayOne Technologies/Works/airflow_new/Airflow/venv/lib/python3.8/site-packages/airflow/example_dags/example_branch_operator_decorator.py took 0.055 seconds
[2022-09-20T17:46:42.847+0530] {processor.py:153} INFO - Started process (PID=35219) to work on /home/sayone/This PC/SayOne Technologies/Works/airflow_new/Airflow/venv/lib/python3.8/site-packages/airflow/example_dags/example_branch_operator_decorator.py
[2022-09-20T17:46:42.850+0530] {processor.py:640} INFO - Processing file /home/sayone/This PC/SayOne Technologies/Works/airflow_new/Airflow/venv/lib/python3.8/site-packages/airflow/example_dags/example_branch_operator_decorator.py for tasks to queue
[2022-09-20T17:46:42.850+0530] {logging_mixin.py:115} INFO - [2022-09-20T17:46:42.850+0530] {dagbag.py:508} INFO - Filling up the DagBag from /home/sayone/This PC/SayOne Technologies/Works/airflow_new/Airflow/venv/lib/python3.8/site-packages/airflow/example_dags/example_branch_operator_decorator.py
[2022-09-20T17:46:42.871+0530] {processor.py:650} INFO - DAG(s) dict_keys(['example_branch_python_operator_decorator']) retrieved from /home/sayone/This PC/SayOne Technologies/Works/airflow_new/Airflow/venv/lib/python3.8/site-packages/airflow/example_dags/example_branch_operator_decorator.py
[2022-09-20T17:46:42.888+0530] {logging_mixin.py:115} INFO - [2022-09-20T17:46:42.888+0530] {dag.py:2429} INFO - Sync 1 DAGs
[2022-09-20T17:46:42.909+0530] {logging_mixin.py:115} INFO - [2022-09-20T17:46:42.908+0530] {dag.py:2977} INFO - Setting next_dagrun for example_branch_python_operator_decorator to 2022-09-19T00:00:00+00:00, run_after=2022-09-20T00:00:00+00:00
[2022-09-20T17:46:42.925+0530] {processor.py:161} INFO - Processing /home/sayone/This PC/SayOne Technologies/Works/airflow_new/Airflow/venv/lib/python3.8/site-packages/airflow/example_dags/example_branch_operator_decorator.py took 0.080 seconds
[2022-09-20T17:47:18.841+0530] {processor.py:153} INFO - Started process (PID=35327) to work on /home/sayone/This PC/SayOne Technologies/Works/airflow_new/Airflow/venv/lib/python3.8/site-packages/airflow/example_dags/example_branch_operator_decorator.py
[2022-09-20T17:47:18.844+0530] {processor.py:640} INFO - Processing file /home/sayone/This PC/SayOne Technologies/Works/airflow_new/Airflow/venv/lib/python3.8/site-packages/airflow/example_dags/example_branch_operator_decorator.py for tasks to queue
[2022-09-20T17:47:18.845+0530] {logging_mixin.py:115} INFO - [2022-09-20T17:47:18.845+0530] {dagbag.py:508} INFO - Filling up the DagBag from /home/sayone/This PC/SayOne Technologies/Works/airflow_new/Airflow/venv/lib/python3.8/site-packages/airflow/example_dags/example_branch_operator_decorator.py
[2022-09-20T17:47:18.862+0530] {processor.py:650} INFO - DAG(s) dict_keys(['example_branch_python_operator_decorator']) retrieved from /home/sayone/This PC/SayOne Technologies/Works/airflow_new/Airflow/venv/lib/python3.8/site-packages/airflow/example_dags/example_branch_operator_decorator.py
[2022-09-20T17:47:18.871+0530] {logging_mixin.py:115} INFO - [2022-09-20T17:47:18.871+0530] {dag.py:2429} INFO - Sync 1 DAGs
[2022-09-20T17:47:18.882+0530] {logging_mixin.py:115} INFO - [2022-09-20T17:47:18.882+0530] {dag.py:2977} INFO - Setting next_dagrun for example_branch_python_operator_decorator to 2022-09-19T00:00:00+00:00, run_after=2022-09-20T00:00:00+00:00
[2022-09-20T17:47:18.890+0530] {processor.py:161} INFO - Processing /home/sayone/This PC/SayOne Technologies/Works/airflow_new/Airflow/venv/lib/python3.8/site-packages/airflow/example_dags/example_branch_operator_decorator.py took 0.053 seconds
[2022-09-20T17:47:56.014+0530] {processor.py:153} INFO - Started process (PID=35473) to work on /home/sayone/This PC/SayOne Technologies/Works/airflow_new/Airflow/venv/lib/python3.8/site-packages/airflow/example_dags/example_branch_operator_decorator.py
[2022-09-20T17:47:56.017+0530] {processor.py:640} INFO - Processing file /home/sayone/This PC/SayOne Technologies/Works/airflow_new/Airflow/venv/lib/python3.8/site-packages/airflow/example_dags/example_branch_operator_decorator.py for tasks to queue
[2022-09-20T17:47:56.018+0530] {logging_mixin.py:115} INFO - [2022-09-20T17:47:56.018+0530] {dagbag.py:508} INFO - Filling up the DagBag from /home/sayone/This PC/SayOne Technologies/Works/airflow_new/Airflow/venv/lib/python3.8/site-packages/airflow/example_dags/example_branch_operator_decorator.py
[2022-09-20T17:47:56.035+0530] {processor.py:650} INFO - DAG(s) dict_keys(['example_branch_python_operator_decorator']) retrieved from /home/sayone/This PC/SayOne Technologies/Works/airflow_new/Airflow/venv/lib/python3.8/site-packages/airflow/example_dags/example_branch_operator_decorator.py
[2022-09-20T17:47:56.043+0530] {logging_mixin.py:115} INFO - [2022-09-20T17:47:56.043+0530] {dag.py:2429} INFO - Sync 1 DAGs
[2022-09-20T17:47:56.055+0530] {logging_mixin.py:115} INFO - [2022-09-20T17:47:56.055+0530] {dag.py:2977} INFO - Setting next_dagrun for example_branch_python_operator_decorator to 2022-09-19T00:00:00+00:00, run_after=2022-09-20T00:00:00+00:00
[2022-09-20T17:47:56.063+0530] {processor.py:161} INFO - Processing /home/sayone/This PC/SayOne Technologies/Works/airflow_new/Airflow/venv/lib/python3.8/site-packages/airflow/example_dags/example_branch_operator_decorator.py took 0.053 seconds
[2022-09-20T17:48:32.874+0530] {processor.py:153} INFO - Started process (PID=35534) to work on /home/sayone/This PC/SayOne Technologies/Works/airflow_new/Airflow/venv/lib/python3.8/site-packages/airflow/example_dags/example_branch_operator_decorator.py
[2022-09-20T17:48:32.877+0530] {processor.py:640} INFO - Processing file /home/sayone/This PC/SayOne Technologies/Works/airflow_new/Airflow/venv/lib/python3.8/site-packages/airflow/example_dags/example_branch_operator_decorator.py for tasks to queue
[2022-09-20T17:48:32.878+0530] {logging_mixin.py:115} INFO - [2022-09-20T17:48:32.878+0530] {dagbag.py:508} INFO - Filling up the DagBag from /home/sayone/This PC/SayOne Technologies/Works/airflow_new/Airflow/venv/lib/python3.8/site-packages/airflow/example_dags/example_branch_operator_decorator.py
[2022-09-20T17:48:32.895+0530] {processor.py:650} INFO - DAG(s) dict_keys(['example_branch_python_operator_decorator']) retrieved from /home/sayone/This PC/SayOne Technologies/Works/airflow_new/Airflow/venv/lib/python3.8/site-packages/airflow/example_dags/example_branch_operator_decorator.py
[2022-09-20T17:48:32.906+0530] {logging_mixin.py:115} INFO - [2022-09-20T17:48:32.906+0530] {dag.py:2429} INFO - Sync 1 DAGs
[2022-09-20T17:48:32.918+0530] {logging_mixin.py:115} INFO - [2022-09-20T17:48:32.918+0530] {dag.py:2977} INFO - Setting next_dagrun for example_branch_python_operator_decorator to 2022-09-19T00:00:00+00:00, run_after=2022-09-20T00:00:00+00:00
[2022-09-20T17:48:32.929+0530] {processor.py:161} INFO - Processing /home/sayone/This PC/SayOne Technologies/Works/airflow_new/Airflow/venv/lib/python3.8/site-packages/airflow/example_dags/example_branch_operator_decorator.py took 0.059 seconds
[2022-09-20T17:49:10.720+0530] {processor.py:153} INFO - Started process (PID=35661) to work on /home/sayone/This PC/SayOne Technologies/Works/airflow_new/Airflow/venv/lib/python3.8/site-packages/airflow/example_dags/example_branch_operator_decorator.py
[2022-09-20T17:49:10.723+0530] {processor.py:640} INFO - Processing file /home/sayone/This PC/SayOne Technologies/Works/airflow_new/Airflow/venv/lib/python3.8/site-packages/airflow/example_dags/example_branch_operator_decorator.py for tasks to queue
[2022-09-20T17:49:10.723+0530] {logging_mixin.py:115} INFO - [2022-09-20T17:49:10.723+0530] {dagbag.py:508} INFO - Filling up the DagBag from /home/sayone/This PC/SayOne Technologies/Works/airflow_new/Airflow/venv/lib/python3.8/site-packages/airflow/example_dags/example_branch_operator_decorator.py
[2022-09-20T17:49:10.741+0530] {processor.py:650} INFO - DAG(s) dict_keys(['example_branch_python_operator_decorator']) retrieved from /home/sayone/This PC/SayOne Technologies/Works/airflow_new/Airflow/venv/lib/python3.8/site-packages/airflow/example_dags/example_branch_operator_decorator.py
[2022-09-20T17:49:10.752+0530] {logging_mixin.py:115} INFO - [2022-09-20T17:49:10.752+0530] {dag.py:2429} INFO - Sync 1 DAGs
[2022-09-20T17:49:10.767+0530] {logging_mixin.py:115} INFO - [2022-09-20T17:49:10.767+0530] {dag.py:2977} INFO - Setting next_dagrun for example_branch_python_operator_decorator to 2022-09-19T00:00:00+00:00, run_after=2022-09-20T00:00:00+00:00
[2022-09-20T17:49:10.777+0530] {processor.py:161} INFO - Processing /home/sayone/This PC/SayOne Technologies/Works/airflow_new/Airflow/venv/lib/python3.8/site-packages/airflow/example_dags/example_branch_operator_decorator.py took 0.059 seconds
[2022-09-20T17:49:46.851+0530] {processor.py:153} INFO - Started process (PID=35729) to work on /home/sayone/This PC/SayOne Technologies/Works/airflow_new/Airflow/venv/lib/python3.8/site-packages/airflow/example_dags/example_branch_operator_decorator.py
[2022-09-20T17:49:46.852+0530] {processor.py:640} INFO - Processing file /home/sayone/This PC/SayOne Technologies/Works/airflow_new/Airflow/venv/lib/python3.8/site-packages/airflow/example_dags/example_branch_operator_decorator.py for tasks to queue
[2022-09-20T17:49:46.852+0530] {logging_mixin.py:115} INFO - [2022-09-20T17:49:46.852+0530] {dagbag.py:508} INFO - Filling up the DagBag from /home/sayone/This PC/SayOne Technologies/Works/airflow_new/Airflow/venv/lib/python3.8/site-packages/airflow/example_dags/example_branch_operator_decorator.py
[2022-09-20T17:49:46.864+0530] {processor.py:650} INFO - DAG(s) dict_keys(['example_branch_python_operator_decorator']) retrieved from /home/sayone/This PC/SayOne Technologies/Works/airflow_new/Airflow/venv/lib/python3.8/site-packages/airflow/example_dags/example_branch_operator_decorator.py
[2022-09-20T17:49:46.876+0530] {logging_mixin.py:115} INFO - [2022-09-20T17:49:46.876+0530] {dag.py:2429} INFO - Sync 1 DAGs
[2022-09-20T17:49:46.897+0530] {logging_mixin.py:115} INFO - [2022-09-20T17:49:46.897+0530] {dag.py:2977} INFO - Setting next_dagrun for example_branch_python_operator_decorator to 2022-09-19T00:00:00+00:00, run_after=2022-09-20T00:00:00+00:00
[2022-09-20T17:49:46.907+0530] {processor.py:161} INFO - Processing /home/sayone/This PC/SayOne Technologies/Works/airflow_new/Airflow/venv/lib/python3.8/site-packages/airflow/example_dags/example_branch_operator_decorator.py took 0.058 seconds
[2022-09-20T17:50:23.085+0530] {processor.py:153} INFO - Started process (PID=35837) to work on /home/sayone/This PC/SayOne Technologies/Works/airflow_new/Airflow/venv/lib/python3.8/site-packages/airflow/example_dags/example_branch_operator_decorator.py
[2022-09-20T17:50:23.088+0530] {processor.py:640} INFO - Processing file /home/sayone/This PC/SayOne Technologies/Works/airflow_new/Airflow/venv/lib/python3.8/site-packages/airflow/example_dags/example_branch_operator_decorator.py for tasks to queue
[2022-09-20T17:50:23.089+0530] {logging_mixin.py:115} INFO - [2022-09-20T17:50:23.089+0530] {dagbag.py:508} INFO - Filling up the DagBag from /home/sayone/This PC/SayOne Technologies/Works/airflow_new/Airflow/venv/lib/python3.8/site-packages/airflow/example_dags/example_branch_operator_decorator.py
[2022-09-20T17:50:23.106+0530] {processor.py:650} INFO - DAG(s) dict_keys(['example_branch_python_operator_decorator']) retrieved from /home/sayone/This PC/SayOne Technologies/Works/airflow_new/Airflow/venv/lib/python3.8/site-packages/airflow/example_dags/example_branch_operator_decorator.py
[2022-09-20T17:50:23.115+0530] {logging_mixin.py:115} INFO - [2022-09-20T17:50:23.115+0530] {dag.py:2429} INFO - Sync 1 DAGs
[2022-09-20T17:50:23.127+0530] {logging_mixin.py:115} INFO - [2022-09-20T17:50:23.127+0530] {dag.py:2977} INFO - Setting next_dagrun for example_branch_python_operator_decorator to 2022-09-19T00:00:00+00:00, run_after=2022-09-20T00:00:00+00:00
[2022-09-20T17:50:23.135+0530] {processor.py:161} INFO - Processing /home/sayone/This PC/SayOne Technologies/Works/airflow_new/Airflow/venv/lib/python3.8/site-packages/airflow/example_dags/example_branch_operator_decorator.py took 0.054 seconds
[2022-09-20T17:51:00.820+0530] {processor.py:153} INFO - Started process (PID=35942) to work on /home/sayone/This PC/SayOne Technologies/Works/airflow_new/Airflow/venv/lib/python3.8/site-packages/airflow/example_dags/example_branch_operator_decorator.py
[2022-09-20T17:51:00.823+0530] {processor.py:640} INFO - Processing file /home/sayone/This PC/SayOne Technologies/Works/airflow_new/Airflow/venv/lib/python3.8/site-packages/airflow/example_dags/example_branch_operator_decorator.py for tasks to queue
[2022-09-20T17:51:00.824+0530] {logging_mixin.py:115} INFO - [2022-09-20T17:51:00.824+0530] {dagbag.py:508} INFO - Filling up the DagBag from /home/sayone/This PC/SayOne Technologies/Works/airflow_new/Airflow/venv/lib/python3.8/site-packages/airflow/example_dags/example_branch_operator_decorator.py
[2022-09-20T17:51:00.841+0530] {processor.py:650} INFO - DAG(s) dict_keys(['example_branch_python_operator_decorator']) retrieved from /home/sayone/This PC/SayOne Technologies/Works/airflow_new/Airflow/venv/lib/python3.8/site-packages/airflow/example_dags/example_branch_operator_decorator.py
[2022-09-20T17:51:00.850+0530] {logging_mixin.py:115} INFO - [2022-09-20T17:51:00.850+0530] {dag.py:2429} INFO - Sync 1 DAGs
[2022-09-20T17:51:00.862+0530] {logging_mixin.py:115} INFO - [2022-09-20T17:51:00.862+0530] {dag.py:2977} INFO - Setting next_dagrun for example_branch_python_operator_decorator to 2022-09-19T00:00:00+00:00, run_after=2022-09-20T00:00:00+00:00
[2022-09-20T17:51:00.870+0530] {processor.py:161} INFO - Processing /home/sayone/This PC/SayOne Technologies/Works/airflow_new/Airflow/venv/lib/python3.8/site-packages/airflow/example_dags/example_branch_operator_decorator.py took 0.054 seconds
[2022-09-20T17:51:36.778+0530] {processor.py:153} INFO - Started process (PID=36008) to work on /home/sayone/This PC/SayOne Technologies/Works/airflow_new/Airflow/venv/lib/python3.8/site-packages/airflow/example_dags/example_branch_operator_decorator.py
[2022-09-20T17:51:36.781+0530] {processor.py:640} INFO - Processing file /home/sayone/This PC/SayOne Technologies/Works/airflow_new/Airflow/venv/lib/python3.8/site-packages/airflow/example_dags/example_branch_operator_decorator.py for tasks to queue
[2022-09-20T17:51:36.782+0530] {logging_mixin.py:115} INFO - [2022-09-20T17:51:36.782+0530] {dagbag.py:508} INFO - Filling up the DagBag from /home/sayone/This PC/SayOne Technologies/Works/airflow_new/Airflow/venv/lib/python3.8/site-packages/airflow/example_dags/example_branch_operator_decorator.py
[2022-09-20T17:51:36.798+0530] {processor.py:650} INFO - DAG(s) dict_keys(['example_branch_python_operator_decorator']) retrieved from /home/sayone/This PC/SayOne Technologies/Works/airflow_new/Airflow/venv/lib/python3.8/site-packages/airflow/example_dags/example_branch_operator_decorator.py
[2022-09-20T17:51:36.807+0530] {logging_mixin.py:115} INFO - [2022-09-20T17:51:36.807+0530] {dag.py:2429} INFO - Sync 1 DAGs
[2022-09-20T17:51:36.819+0530] {logging_mixin.py:115} INFO - [2022-09-20T17:51:36.818+0530] {dag.py:2977} INFO - Setting next_dagrun for example_branch_python_operator_decorator to 2022-09-19T00:00:00+00:00, run_after=2022-09-20T00:00:00+00:00
[2022-09-20T17:51:36.827+0530] {processor.py:161} INFO - Processing /home/sayone/This PC/SayOne Technologies/Works/airflow_new/Airflow/venv/lib/python3.8/site-packages/airflow/example_dags/example_branch_operator_decorator.py took 0.053 seconds
