[2022-09-20T17:16:52.264+0530] {processor.py:153} INFO - Started process (PID=28668) to work on /home/sayone/This PC/SayOne Technologies/Works/airflow_new/Airflow/venv/lib/python3.8/site-packages/airflow/example_dags/example_latest_only.py
[2022-09-20T17:16:52.265+0530] {processor.py:640} INFO - Processing file /home/sayone/This PC/SayOne Technologies/Works/airflow_new/Airflow/venv/lib/python3.8/site-packages/airflow/example_dags/example_latest_only.py for tasks to queue
[2022-09-20T17:16:52.265+0530] {logging_mixin.py:115} INFO - [2022-09-20T17:16:52.265+0530] {dagbag.py:508} INFO - Filling up the DagBag from /home/sayone/This PC/SayOne Technologies/Works/airflow_new/Airflow/venv/lib/python3.8/site-packages/airflow/example_dags/example_latest_only.py
[2022-09-20T17:16:52.269+0530] {processor.py:650} INFO - DAG(s) dict_keys(['latest_only']) retrieved from /home/sayone/This PC/SayOne Technologies/Works/airflow_new/Airflow/venv/lib/python3.8/site-packages/airflow/example_dags/example_latest_only.py
[2022-09-20T17:16:52.324+0530] {logging_mixin.py:115} INFO - [2022-09-20T17:16:52.324+0530] {manager.py:508} INFO - Created Permission View: can edit on DAG:latest_only
[2022-09-20T17:16:52.332+0530] {logging_mixin.py:115} INFO - [2022-09-20T17:16:52.332+0530] {manager.py:508} INFO - Created Permission View: can read on DAG:latest_only
[2022-09-20T17:16:52.338+0530] {logging_mixin.py:115} INFO - [2022-09-20T17:16:52.338+0530] {manager.py:508} INFO - Created Permission View: can delete on DAG:latest_only
[2022-09-20T17:16:52.338+0530] {logging_mixin.py:115} INFO - [2022-09-20T17:16:52.338+0530] {dag.py:2429} INFO - Sync 1 DAGs
[2022-09-20T17:16:52.343+0530] {logging_mixin.py:115} INFO - [2022-09-20T17:16:52.343+0530] {dag.py:2448} INFO - Creating ORM DAG for latest_only
[2022-09-20T17:16:52.350+0530] {logging_mixin.py:115} INFO - [2022-09-20T17:16:52.350+0530] {dag.py:2977} INFO - Setting next_dagrun for latest_only to 2022-09-20T07:46:52.350263+00:00, run_after=2022-09-20T11:46:52.350263+00:00
[2022-09-20T17:16:52.361+0530] {processor.py:161} INFO - Processing /home/sayone/This PC/SayOne Technologies/Works/airflow_new/Airflow/venv/lib/python3.8/site-packages/airflow/example_dags/example_latest_only.py took 0.098 seconds
[2022-09-20T17:17:29.177+0530] {processor.py:153} INFO - Started process (PID=28946) to work on /home/sayone/This PC/SayOne Technologies/Works/airflow_new/Airflow/venv/lib/python3.8/site-packages/airflow/example_dags/example_latest_only.py
[2022-09-20T17:17:29.180+0530] {processor.py:640} INFO - Processing file /home/sayone/This PC/SayOne Technologies/Works/airflow_new/Airflow/venv/lib/python3.8/site-packages/airflow/example_dags/example_latest_only.py for tasks to queue
[2022-09-20T17:17:29.180+0530] {logging_mixin.py:115} INFO - [2022-09-20T17:17:29.180+0530] {dagbag.py:508} INFO - Filling up the DagBag from /home/sayone/This PC/SayOne Technologies/Works/airflow_new/Airflow/venv/lib/python3.8/site-packages/airflow/example_dags/example_latest_only.py
[2022-09-20T17:17:29.185+0530] {processor.py:650} INFO - DAG(s) dict_keys(['latest_only']) retrieved from /home/sayone/This PC/SayOne Technologies/Works/airflow_new/Airflow/venv/lib/python3.8/site-packages/airflow/example_dags/example_latest_only.py
[2022-09-20T17:17:29.196+0530] {logging_mixin.py:115} INFO - [2022-09-20T17:17:29.196+0530] {dag.py:2429} INFO - Sync 1 DAGs
[2022-09-20T17:17:29.210+0530] {logging_mixin.py:115} INFO - [2022-09-20T17:17:29.210+0530] {dag.py:2977} INFO - Setting next_dagrun for latest_only to 2022-09-20T07:47:29.210062+00:00, run_after=2022-09-20T11:47:29.210062+00:00
[2022-09-20T17:17:29.221+0530] {processor.py:161} INFO - Processing /home/sayone/This PC/SayOne Technologies/Works/airflow_new/Airflow/venv/lib/python3.8/site-packages/airflow/example_dags/example_latest_only.py took 0.046 seconds
[2022-09-20T17:18:03.276+0530] {processor.py:153} INFO - Started process (PID=29086) to work on /home/sayone/This PC/SayOne Technologies/Works/airflow_new/Airflow/venv/lib/python3.8/site-packages/airflow/example_dags/example_latest_only.py
[2022-09-20T17:18:03.279+0530] {processor.py:640} INFO - Processing file /home/sayone/This PC/SayOne Technologies/Works/airflow_new/Airflow/venv/lib/python3.8/site-packages/airflow/example_dags/example_latest_only.py for tasks to queue
[2022-09-20T17:18:03.280+0530] {logging_mixin.py:115} INFO - [2022-09-20T17:18:03.280+0530] {dagbag.py:508} INFO - Filling up the DagBag from /home/sayone/This PC/SayOne Technologies/Works/airflow_new/Airflow/venv/lib/python3.8/site-packages/airflow/example_dags/example_latest_only.py
[2022-09-20T17:18:03.285+0530] {processor.py:650} INFO - DAG(s) dict_keys(['latest_only']) retrieved from /home/sayone/This PC/SayOne Technologies/Works/airflow_new/Airflow/venv/lib/python3.8/site-packages/airflow/example_dags/example_latest_only.py
[2022-09-20T17:18:03.295+0530] {logging_mixin.py:115} INFO - [2022-09-20T17:18:03.295+0530] {dag.py:2429} INFO - Sync 1 DAGs
[2022-09-20T17:18:03.310+0530] {logging_mixin.py:115} INFO - [2022-09-20T17:18:03.310+0530] {dag.py:2977} INFO - Setting next_dagrun for latest_only to 2022-09-20T07:48:03.310486+00:00, run_after=2022-09-20T11:48:03.310486+00:00
[2022-09-20T17:18:03.329+0530] {processor.py:161} INFO - Processing /home/sayone/This PC/SayOne Technologies/Works/airflow_new/Airflow/venv/lib/python3.8/site-packages/airflow/example_dags/example_latest_only.py took 0.057 seconds
[2022-09-20T17:18:38.450+0530] {processor.py:153} INFO - Started process (PID=29185) to work on /home/sayone/This PC/SayOne Technologies/Works/airflow_new/Airflow/venv/lib/python3.8/site-packages/airflow/example_dags/example_latest_only.py
[2022-09-20T17:18:38.451+0530] {processor.py:640} INFO - Processing file /home/sayone/This PC/SayOne Technologies/Works/airflow_new/Airflow/venv/lib/python3.8/site-packages/airflow/example_dags/example_latest_only.py for tasks to queue
[2022-09-20T17:18:38.451+0530] {logging_mixin.py:115} INFO - [2022-09-20T17:18:38.451+0530] {dagbag.py:508} INFO - Filling up the DagBag from /home/sayone/This PC/SayOne Technologies/Works/airflow_new/Airflow/venv/lib/python3.8/site-packages/airflow/example_dags/example_latest_only.py
[2022-09-20T17:18:38.454+0530] {processor.py:650} INFO - DAG(s) dict_keys(['latest_only']) retrieved from /home/sayone/This PC/SayOne Technologies/Works/airflow_new/Airflow/venv/lib/python3.8/site-packages/airflow/example_dags/example_latest_only.py
[2022-09-20T17:18:38.464+0530] {logging_mixin.py:115} INFO - [2022-09-20T17:18:38.464+0530] {dag.py:2429} INFO - Sync 1 DAGs
[2022-09-20T17:18:38.475+0530] {logging_mixin.py:115} INFO - [2022-09-20T17:18:38.475+0530] {dag.py:2977} INFO - Setting next_dagrun for latest_only to 2022-09-20T07:48:38.475607+00:00, run_after=2022-09-20T11:48:38.475607+00:00
[2022-09-20T17:18:38.486+0530] {processor.py:161} INFO - Processing /home/sayone/This PC/SayOne Technologies/Works/airflow_new/Airflow/venv/lib/python3.8/site-packages/airflow/example_dags/example_latest_only.py took 0.037 seconds
[2022-09-20T17:19:14.309+0530] {processor.py:153} INFO - Started process (PID=29327) to work on /home/sayone/This PC/SayOne Technologies/Works/airflow_new/Airflow/venv/lib/python3.8/site-packages/airflow/example_dags/example_latest_only.py
[2022-09-20T17:19:14.310+0530] {processor.py:640} INFO - Processing file /home/sayone/This PC/SayOne Technologies/Works/airflow_new/Airflow/venv/lib/python3.8/site-packages/airflow/example_dags/example_latest_only.py for tasks to queue
[2022-09-20T17:19:14.311+0530] {logging_mixin.py:115} INFO - [2022-09-20T17:19:14.311+0530] {dagbag.py:508} INFO - Filling up the DagBag from /home/sayone/This PC/SayOne Technologies/Works/airflow_new/Airflow/venv/lib/python3.8/site-packages/airflow/example_dags/example_latest_only.py
[2022-09-20T17:19:14.316+0530] {processor.py:650} INFO - DAG(s) dict_keys(['latest_only']) retrieved from /home/sayone/This PC/SayOne Technologies/Works/airflow_new/Airflow/venv/lib/python3.8/site-packages/airflow/example_dags/example_latest_only.py
[2022-09-20T17:19:14.326+0530] {logging_mixin.py:115} INFO - [2022-09-20T17:19:14.326+0530] {dag.py:2429} INFO - Sync 1 DAGs
[2022-09-20T17:19:14.336+0530] {logging_mixin.py:115} INFO - [2022-09-20T17:19:14.336+0530] {dag.py:2977} INFO - Setting next_dagrun for latest_only to 2022-09-20T07:49:14.336544+00:00, run_after=2022-09-20T11:49:14.336544+00:00
[2022-09-20T17:19:14.345+0530] {processor.py:161} INFO - Processing /home/sayone/This PC/SayOne Technologies/Works/airflow_new/Airflow/venv/lib/python3.8/site-packages/airflow/example_dags/example_latest_only.py took 0.041 seconds
[2022-09-20T17:19:49.200+0530] {processor.py:153} INFO - Started process (PID=29551) to work on /home/sayone/This PC/SayOne Technologies/Works/airflow_new/Airflow/venv/lib/python3.8/site-packages/airflow/example_dags/example_latest_only.py
[2022-09-20T17:19:49.204+0530] {processor.py:640} INFO - Processing file /home/sayone/This PC/SayOne Technologies/Works/airflow_new/Airflow/venv/lib/python3.8/site-packages/airflow/example_dags/example_latest_only.py for tasks to queue
[2022-09-20T17:19:49.205+0530] {logging_mixin.py:115} INFO - [2022-09-20T17:19:49.205+0530] {dagbag.py:508} INFO - Filling up the DagBag from /home/sayone/This PC/SayOne Technologies/Works/airflow_new/Airflow/venv/lib/python3.8/site-packages/airflow/example_dags/example_latest_only.py
[2022-09-20T17:19:49.211+0530] {processor.py:650} INFO - DAG(s) dict_keys(['latest_only']) retrieved from /home/sayone/This PC/SayOne Technologies/Works/airflow_new/Airflow/venv/lib/python3.8/site-packages/airflow/example_dags/example_latest_only.py
[2022-09-20T17:19:49.222+0530] {logging_mixin.py:115} INFO - [2022-09-20T17:19:49.222+0530] {dag.py:2429} INFO - Sync 1 DAGs
[2022-09-20T17:19:49.232+0530] {logging_mixin.py:115} INFO - [2022-09-20T17:19:49.232+0530] {dag.py:2977} INFO - Setting next_dagrun for latest_only to 2022-09-20T07:49:49.232189+00:00, run_after=2022-09-20T11:49:49.232189+00:00
[2022-09-20T17:19:49.241+0530] {processor.py:161} INFO - Processing /home/sayone/This PC/SayOne Technologies/Works/airflow_new/Airflow/venv/lib/python3.8/site-packages/airflow/example_dags/example_latest_only.py took 0.044 seconds
[2022-09-20T17:20:10.316+0530] {processor.py:153} INFO - Started process (PID=29670) to work on /home/sayone/This PC/SayOne Technologies/Works/airflow_new/Airflow/venv/lib/python3.8/site-packages/airflow/example_dags/example_latest_only.py
[2022-09-20T17:20:10.319+0530] {processor.py:640} INFO - Processing file /home/sayone/This PC/SayOne Technologies/Works/airflow_new/Airflow/venv/lib/python3.8/site-packages/airflow/example_dags/example_latest_only.py for tasks to queue
[2022-09-20T17:20:10.319+0530] {logging_mixin.py:115} INFO - [2022-09-20T17:20:10.319+0530] {dagbag.py:508} INFO - Filling up the DagBag from /home/sayone/This PC/SayOne Technologies/Works/airflow_new/Airflow/venv/lib/python3.8/site-packages/airflow/example_dags/example_latest_only.py
[2022-09-20T17:20:10.324+0530] {processor.py:650} INFO - DAG(s) dict_keys(['latest_only']) retrieved from /home/sayone/This PC/SayOne Technologies/Works/airflow_new/Airflow/venv/lib/python3.8/site-packages/airflow/example_dags/example_latest_only.py
[2022-09-20T17:20:10.333+0530] {logging_mixin.py:115} INFO - [2022-09-20T17:20:10.333+0530] {dag.py:2429} INFO - Sync 1 DAGs
[2022-09-20T17:20:10.345+0530] {logging_mixin.py:115} INFO - [2022-09-20T17:20:10.344+0530] {dag.py:2977} INFO - Setting next_dagrun for latest_only to 2022-09-20T07:50:10.344800+00:00, run_after=2022-09-20T11:50:10.344800+00:00
[2022-09-20T17:20:10.367+0530] {processor.py:161} INFO - Processing /home/sayone/This PC/SayOne Technologies/Works/airflow_new/Airflow/venv/lib/python3.8/site-packages/airflow/example_dags/example_latest_only.py took 0.054 seconds
[2022-09-20T17:20:47.549+0530] {processor.py:153} INFO - Started process (PID=29738) to work on /home/sayone/This PC/SayOne Technologies/Works/airflow_new/Airflow/venv/lib/python3.8/site-packages/airflow/example_dags/example_latest_only.py
[2022-09-20T17:20:47.551+0530] {processor.py:640} INFO - Processing file /home/sayone/This PC/SayOne Technologies/Works/airflow_new/Airflow/venv/lib/python3.8/site-packages/airflow/example_dags/example_latest_only.py for tasks to queue
[2022-09-20T17:20:47.552+0530] {logging_mixin.py:115} INFO - [2022-09-20T17:20:47.552+0530] {dagbag.py:508} INFO - Filling up the DagBag from /home/sayone/This PC/SayOne Technologies/Works/airflow_new/Airflow/venv/lib/python3.8/site-packages/airflow/example_dags/example_latest_only.py
[2022-09-20T17:20:47.555+0530] {processor.py:650} INFO - DAG(s) dict_keys(['latest_only']) retrieved from /home/sayone/This PC/SayOne Technologies/Works/airflow_new/Airflow/venv/lib/python3.8/site-packages/airflow/example_dags/example_latest_only.py
[2022-09-20T17:20:47.564+0530] {logging_mixin.py:115} INFO - [2022-09-20T17:20:47.564+0530] {dag.py:2429} INFO - Sync 1 DAGs
[2022-09-20T17:20:47.577+0530] {logging_mixin.py:115} INFO - [2022-09-20T17:20:47.577+0530] {dag.py:2977} INFO - Setting next_dagrun for latest_only to 2022-09-20T07:50:47.576940+00:00, run_after=2022-09-20T11:50:47.576940+00:00
[2022-09-20T17:20:47.588+0530] {processor.py:161} INFO - Processing /home/sayone/This PC/SayOne Technologies/Works/airflow_new/Airflow/venv/lib/python3.8/site-packages/airflow/example_dags/example_latest_only.py took 0.040 seconds
[2022-09-20T17:21:21.275+0530] {processor.py:153} INFO - Started process (PID=29849) to work on /home/sayone/This PC/SayOne Technologies/Works/airflow_new/Airflow/venv/lib/python3.8/site-packages/airflow/example_dags/example_latest_only.py
[2022-09-20T17:21:21.276+0530] {processor.py:640} INFO - Processing file /home/sayone/This PC/SayOne Technologies/Works/airflow_new/Airflow/venv/lib/python3.8/site-packages/airflow/example_dags/example_latest_only.py for tasks to queue
[2022-09-20T17:21:21.277+0530] {logging_mixin.py:115} INFO - [2022-09-20T17:21:21.276+0530] {dagbag.py:508} INFO - Filling up the DagBag from /home/sayone/This PC/SayOne Technologies/Works/airflow_new/Airflow/venv/lib/python3.8/site-packages/airflow/example_dags/example_latest_only.py
[2022-09-20T17:21:21.281+0530] {processor.py:650} INFO - DAG(s) dict_keys(['latest_only']) retrieved from /home/sayone/This PC/SayOne Technologies/Works/airflow_new/Airflow/venv/lib/python3.8/site-packages/airflow/example_dags/example_latest_only.py
[2022-09-20T17:21:21.291+0530] {logging_mixin.py:115} INFO - [2022-09-20T17:21:21.291+0530] {dag.py:2429} INFO - Sync 1 DAGs
[2022-09-20T17:21:21.301+0530] {logging_mixin.py:115} INFO - [2022-09-20T17:21:21.301+0530] {dag.py:2977} INFO - Setting next_dagrun for latest_only to 2022-09-20T07:51:21.301376+00:00, run_after=2022-09-20T11:51:21.301376+00:00
[2022-09-20T17:21:21.310+0530] {processor.py:161} INFO - Processing /home/sayone/This PC/SayOne Technologies/Works/airflow_new/Airflow/venv/lib/python3.8/site-packages/airflow/example_dags/example_latest_only.py took 0.038 seconds
[2022-09-20T17:21:58.470+0530] {processor.py:153} INFO - Started process (PID=30009) to work on /home/sayone/This PC/SayOne Technologies/Works/airflow_new/Airflow/venv/lib/python3.8/site-packages/airflow/example_dags/example_latest_only.py
[2022-09-20T17:21:58.471+0530] {processor.py:640} INFO - Processing file /home/sayone/This PC/SayOne Technologies/Works/airflow_new/Airflow/venv/lib/python3.8/site-packages/airflow/example_dags/example_latest_only.py for tasks to queue
[2022-09-20T17:21:58.472+0530] {logging_mixin.py:115} INFO - [2022-09-20T17:21:58.472+0530] {dagbag.py:508} INFO - Filling up the DagBag from /home/sayone/This PC/SayOne Technologies/Works/airflow_new/Airflow/venv/lib/python3.8/site-packages/airflow/example_dags/example_latest_only.py
[2022-09-20T17:21:58.478+0530] {processor.py:650} INFO - DAG(s) dict_keys(['latest_only']) retrieved from /home/sayone/This PC/SayOne Technologies/Works/airflow_new/Airflow/venv/lib/python3.8/site-packages/airflow/example_dags/example_latest_only.py
[2022-09-20T17:21:58.489+0530] {logging_mixin.py:115} INFO - [2022-09-20T17:21:58.489+0530] {dag.py:2429} INFO - Sync 1 DAGs
[2022-09-20T17:21:58.500+0530] {logging_mixin.py:115} INFO - [2022-09-20T17:21:58.500+0530] {dag.py:2977} INFO - Setting next_dagrun for latest_only to 2022-09-20T07:51:58.499902+00:00, run_after=2022-09-20T11:51:58.499902+00:00
[2022-09-20T17:21:58.511+0530] {processor.py:161} INFO - Processing /home/sayone/This PC/SayOne Technologies/Works/airflow_new/Airflow/venv/lib/python3.8/site-packages/airflow/example_dags/example_latest_only.py took 0.044 seconds
[2022-09-20T17:22:32.770+0530] {processor.py:153} INFO - Started process (PID=30277) to work on /home/sayone/This PC/SayOne Technologies/Works/airflow_new/Airflow/venv/lib/python3.8/site-packages/airflow/example_dags/example_latest_only.py
[2022-09-20T17:22:32.773+0530] {processor.py:640} INFO - Processing file /home/sayone/This PC/SayOne Technologies/Works/airflow_new/Airflow/venv/lib/python3.8/site-packages/airflow/example_dags/example_latest_only.py for tasks to queue
[2022-09-20T17:22:32.773+0530] {logging_mixin.py:115} INFO - [2022-09-20T17:22:32.773+0530] {dagbag.py:508} INFO - Filling up the DagBag from /home/sayone/This PC/SayOne Technologies/Works/airflow_new/Airflow/venv/lib/python3.8/site-packages/airflow/example_dags/example_latest_only.py
[2022-09-20T17:22:32.776+0530] {processor.py:650} INFO - DAG(s) dict_keys(['latest_only']) retrieved from /home/sayone/This PC/SayOne Technologies/Works/airflow_new/Airflow/venv/lib/python3.8/site-packages/airflow/example_dags/example_latest_only.py
[2022-09-20T17:22:32.786+0530] {logging_mixin.py:115} INFO - [2022-09-20T17:22:32.786+0530] {dag.py:2429} INFO - Sync 1 DAGs
[2022-09-20T17:22:32.798+0530] {logging_mixin.py:115} INFO - [2022-09-20T17:22:32.798+0530] {dag.py:2977} INFO - Setting next_dagrun for latest_only to 2022-09-20T07:52:32.798345+00:00, run_after=2022-09-20T11:52:32.798345+00:00
[2022-09-20T17:22:32.809+0530] {processor.py:161} INFO - Processing /home/sayone/This PC/SayOne Technologies/Works/airflow_new/Airflow/venv/lib/python3.8/site-packages/airflow/example_dags/example_latest_only.py took 0.041 seconds
[2022-09-20T17:23:35.702+0530] {processor.py:153} INFO - Started process (PID=30453) to work on /home/sayone/This PC/SayOne Technologies/Works/airflow_new/Airflow/venv/lib/python3.8/site-packages/airflow/example_dags/example_latest_only.py
[2022-09-20T17:23:35.704+0530] {processor.py:640} INFO - Processing file /home/sayone/This PC/SayOne Technologies/Works/airflow_new/Airflow/venv/lib/python3.8/site-packages/airflow/example_dags/example_latest_only.py for tasks to queue
[2022-09-20T17:23:35.705+0530] {logging_mixin.py:115} INFO - [2022-09-20T17:23:35.705+0530] {dagbag.py:508} INFO - Filling up the DagBag from /home/sayone/This PC/SayOne Technologies/Works/airflow_new/Airflow/venv/lib/python3.8/site-packages/airflow/example_dags/example_latest_only.py
[2022-09-20T17:23:35.710+0530] {processor.py:650} INFO - DAG(s) dict_keys(['latest_only']) retrieved from /home/sayone/This PC/SayOne Technologies/Works/airflow_new/Airflow/venv/lib/python3.8/site-packages/airflow/example_dags/example_latest_only.py
[2022-09-20T17:23:35.720+0530] {logging_mixin.py:115} INFO - [2022-09-20T17:23:35.719+0530] {dag.py:2429} INFO - Sync 1 DAGs
[2022-09-20T17:23:35.730+0530] {logging_mixin.py:115} INFO - [2022-09-20T17:23:35.730+0530] {dag.py:2977} INFO - Setting next_dagrun for latest_only to 2022-09-20T07:53:35.730324+00:00, run_after=2022-09-20T11:53:35.730324+00:00
[2022-09-20T17:23:35.739+0530] {processor.py:161} INFO - Processing /home/sayone/This PC/SayOne Technologies/Works/airflow_new/Airflow/venv/lib/python3.8/site-packages/airflow/example_dags/example_latest_only.py took 0.041 seconds
[2022-09-20T17:24:11.689+0530] {processor.py:153} INFO - Started process (PID=30602) to work on /home/sayone/This PC/SayOne Technologies/Works/airflow_new/Airflow/venv/lib/python3.8/site-packages/airflow/example_dags/example_latest_only.py
[2022-09-20T17:24:11.693+0530] {processor.py:640} INFO - Processing file /home/sayone/This PC/SayOne Technologies/Works/airflow_new/Airflow/venv/lib/python3.8/site-packages/airflow/example_dags/example_latest_only.py for tasks to queue
[2022-09-20T17:24:11.695+0530] {logging_mixin.py:115} INFO - [2022-09-20T17:24:11.694+0530] {dagbag.py:508} INFO - Filling up the DagBag from /home/sayone/This PC/SayOne Technologies/Works/airflow_new/Airflow/venv/lib/python3.8/site-packages/airflow/example_dags/example_latest_only.py
[2022-09-20T17:24:11.701+0530] {processor.py:650} INFO - DAG(s) dict_keys(['latest_only']) retrieved from /home/sayone/This PC/SayOne Technologies/Works/airflow_new/Airflow/venv/lib/python3.8/site-packages/airflow/example_dags/example_latest_only.py
[2022-09-20T17:24:11.724+0530] {logging_mixin.py:115} INFO - [2022-09-20T17:24:11.723+0530] {dag.py:2429} INFO - Sync 1 DAGs
[2022-09-20T17:24:11.749+0530] {logging_mixin.py:115} INFO - [2022-09-20T17:24:11.749+0530] {dag.py:2977} INFO - Setting next_dagrun for latest_only to 2022-09-20T07:54:11.749493+00:00, run_after=2022-09-20T11:54:11.749493+00:00
[2022-09-20T17:24:11.770+0530] {processor.py:161} INFO - Processing /home/sayone/This PC/SayOne Technologies/Works/airflow_new/Airflow/venv/lib/python3.8/site-packages/airflow/example_dags/example_latest_only.py took 0.082 seconds
[2022-09-20T17:24:46.573+0530] {processor.py:153} INFO - Started process (PID=30853) to work on /home/sayone/This PC/SayOne Technologies/Works/airflow_new/Airflow/venv/lib/python3.8/site-packages/airflow/example_dags/example_latest_only.py
[2022-09-20T17:24:46.576+0530] {processor.py:640} INFO - Processing file /home/sayone/This PC/SayOne Technologies/Works/airflow_new/Airflow/venv/lib/python3.8/site-packages/airflow/example_dags/example_latest_only.py for tasks to queue
[2022-09-20T17:24:46.576+0530] {logging_mixin.py:115} INFO - [2022-09-20T17:24:46.576+0530] {dagbag.py:508} INFO - Filling up the DagBag from /home/sayone/This PC/SayOne Technologies/Works/airflow_new/Airflow/venv/lib/python3.8/site-packages/airflow/example_dags/example_latest_only.py
[2022-09-20T17:24:46.582+0530] {processor.py:650} INFO - DAG(s) dict_keys(['latest_only']) retrieved from /home/sayone/This PC/SayOne Technologies/Works/airflow_new/Airflow/venv/lib/python3.8/site-packages/airflow/example_dags/example_latest_only.py
[2022-09-20T17:24:46.593+0530] {logging_mixin.py:115} INFO - [2022-09-20T17:24:46.592+0530] {dag.py:2429} INFO - Sync 1 DAGs
[2022-09-20T17:24:46.603+0530] {logging_mixin.py:115} INFO - [2022-09-20T17:24:46.603+0530] {dag.py:2977} INFO - Setting next_dagrun for latest_only to 2022-09-20T07:54:46.603105+00:00, run_after=2022-09-20T11:54:46.603105+00:00
[2022-09-20T17:24:46.611+0530] {processor.py:161} INFO - Processing /home/sayone/This PC/SayOne Technologies/Works/airflow_new/Airflow/venv/lib/python3.8/site-packages/airflow/example_dags/example_latest_only.py took 0.042 seconds
[2022-09-20T17:25:22.488+0530] {processor.py:153} INFO - Started process (PID=30991) to work on /home/sayone/This PC/SayOne Technologies/Works/airflow_new/Airflow/venv/lib/python3.8/site-packages/airflow/example_dags/example_latest_only.py
[2022-09-20T17:25:22.491+0530] {processor.py:640} INFO - Processing file /home/sayone/This PC/SayOne Technologies/Works/airflow_new/Airflow/venv/lib/python3.8/site-packages/airflow/example_dags/example_latest_only.py for tasks to queue
[2022-09-20T17:25:22.492+0530] {logging_mixin.py:115} INFO - [2022-09-20T17:25:22.492+0530] {dagbag.py:508} INFO - Filling up the DagBag from /home/sayone/This PC/SayOne Technologies/Works/airflow_new/Airflow/venv/lib/python3.8/site-packages/airflow/example_dags/example_latest_only.py
[2022-09-20T17:25:22.497+0530] {processor.py:650} INFO - DAG(s) dict_keys(['latest_only']) retrieved from /home/sayone/This PC/SayOne Technologies/Works/airflow_new/Airflow/venv/lib/python3.8/site-packages/airflow/example_dags/example_latest_only.py
[2022-09-20T17:25:22.509+0530] {logging_mixin.py:115} INFO - [2022-09-20T17:25:22.509+0530] {dag.py:2429} INFO - Sync 1 DAGs
[2022-09-20T17:25:22.519+0530] {logging_mixin.py:115} INFO - [2022-09-20T17:25:22.519+0530] {dag.py:2977} INFO - Setting next_dagrun for latest_only to 2022-09-20T07:55:22.519706+00:00, run_after=2022-09-20T11:55:22.519706+00:00
[2022-09-20T17:25:22.530+0530] {processor.py:161} INFO - Processing /home/sayone/This PC/SayOne Technologies/Works/airflow_new/Airflow/venv/lib/python3.8/site-packages/airflow/example_dags/example_latest_only.py took 0.046 seconds
[2022-09-20T17:25:58.526+0530] {processor.py:153} INFO - Started process (PID=31114) to work on /home/sayone/This PC/SayOne Technologies/Works/airflow_new/Airflow/venv/lib/python3.8/site-packages/airflow/example_dags/example_latest_only.py
[2022-09-20T17:25:58.526+0530] {processor.py:640} INFO - Processing file /home/sayone/This PC/SayOne Technologies/Works/airflow_new/Airflow/venv/lib/python3.8/site-packages/airflow/example_dags/example_latest_only.py for tasks to queue
[2022-09-20T17:25:58.526+0530] {logging_mixin.py:115} INFO - [2022-09-20T17:25:58.526+0530] {dagbag.py:508} INFO - Filling up the DagBag from /home/sayone/This PC/SayOne Technologies/Works/airflow_new/Airflow/venv/lib/python3.8/site-packages/airflow/example_dags/example_latest_only.py
[2022-09-20T17:25:58.529+0530] {processor.py:650} INFO - DAG(s) dict_keys(['latest_only']) retrieved from /home/sayone/This PC/SayOne Technologies/Works/airflow_new/Airflow/venv/lib/python3.8/site-packages/airflow/example_dags/example_latest_only.py
[2022-09-20T17:25:58.537+0530] {logging_mixin.py:115} INFO - [2022-09-20T17:25:58.537+0530] {dag.py:2429} INFO - Sync 1 DAGs
[2022-09-20T17:25:58.546+0530] {logging_mixin.py:115} INFO - [2022-09-20T17:25:58.546+0530] {dag.py:2977} INFO - Setting next_dagrun for latest_only to 2022-09-20T07:55:58.546684+00:00, run_after=2022-09-20T11:55:58.546684+00:00
[2022-09-20T17:25:58.555+0530] {processor.py:161} INFO - Processing /home/sayone/This PC/SayOne Technologies/Works/airflow_new/Airflow/venv/lib/python3.8/site-packages/airflow/example_dags/example_latest_only.py took 0.031 seconds
[2022-09-20T17:26:34.743+0530] {processor.py:153} INFO - Started process (PID=31183) to work on /home/sayone/This PC/SayOne Technologies/Works/airflow_new/Airflow/venv/lib/python3.8/site-packages/airflow/example_dags/example_latest_only.py
[2022-09-20T17:26:34.746+0530] {processor.py:640} INFO - Processing file /home/sayone/This PC/SayOne Technologies/Works/airflow_new/Airflow/venv/lib/python3.8/site-packages/airflow/example_dags/example_latest_only.py for tasks to queue
[2022-09-20T17:26:34.747+0530] {logging_mixin.py:115} INFO - [2022-09-20T17:26:34.746+0530] {dagbag.py:508} INFO - Filling up the DagBag from /home/sayone/This PC/SayOne Technologies/Works/airflow_new/Airflow/venv/lib/python3.8/site-packages/airflow/example_dags/example_latest_only.py
[2022-09-20T17:26:34.754+0530] {processor.py:650} INFO - DAG(s) dict_keys(['latest_only']) retrieved from /home/sayone/This PC/SayOne Technologies/Works/airflow_new/Airflow/venv/lib/python3.8/site-packages/airflow/example_dags/example_latest_only.py
[2022-09-20T17:26:34.765+0530] {logging_mixin.py:115} INFO - [2022-09-20T17:26:34.765+0530] {dag.py:2429} INFO - Sync 1 DAGs
[2022-09-20T17:26:34.774+0530] {logging_mixin.py:115} INFO - [2022-09-20T17:26:34.774+0530] {dag.py:2977} INFO - Setting next_dagrun for latest_only to 2022-09-20T07:56:34.774663+00:00, run_after=2022-09-20T11:56:34.774663+00:00
[2022-09-20T17:26:34.783+0530] {processor.py:161} INFO - Processing /home/sayone/This PC/SayOne Technologies/Works/airflow_new/Airflow/venv/lib/python3.8/site-packages/airflow/example_dags/example_latest_only.py took 0.041 seconds
[2022-09-20T17:27:11.207+0530] {processor.py:153} INFO - Started process (PID=31448) to work on /home/sayone/This PC/SayOne Technologies/Works/airflow_new/Airflow/venv/lib/python3.8/site-packages/airflow/example_dags/example_latest_only.py
[2022-09-20T17:27:11.211+0530] {processor.py:640} INFO - Processing file /home/sayone/This PC/SayOne Technologies/Works/airflow_new/Airflow/venv/lib/python3.8/site-packages/airflow/example_dags/example_latest_only.py for tasks to queue
[2022-09-20T17:27:11.212+0530] {logging_mixin.py:115} INFO - [2022-09-20T17:27:11.211+0530] {dagbag.py:508} INFO - Filling up the DagBag from /home/sayone/This PC/SayOne Technologies/Works/airflow_new/Airflow/venv/lib/python3.8/site-packages/airflow/example_dags/example_latest_only.py
[2022-09-20T17:27:11.219+0530] {processor.py:650} INFO - DAG(s) dict_keys(['latest_only']) retrieved from /home/sayone/This PC/SayOne Technologies/Works/airflow_new/Airflow/venv/lib/python3.8/site-packages/airflow/example_dags/example_latest_only.py
[2022-09-20T17:27:11.231+0530] {logging_mixin.py:115} INFO - [2022-09-20T17:27:11.231+0530] {dag.py:2429} INFO - Sync 1 DAGs
[2022-09-20T17:27:11.240+0530] {logging_mixin.py:115} INFO - [2022-09-20T17:27:11.240+0530] {dag.py:2977} INFO - Setting next_dagrun for latest_only to 2022-09-20T07:57:11.240344+00:00, run_after=2022-09-20T11:57:11.240344+00:00
[2022-09-20T17:27:11.248+0530] {processor.py:161} INFO - Processing /home/sayone/This PC/SayOne Technologies/Works/airflow_new/Airflow/venv/lib/python3.8/site-packages/airflow/example_dags/example_latest_only.py took 0.043 seconds
[2022-09-20T17:27:48.582+0530] {processor.py:153} INFO - Started process (PID=31586) to work on /home/sayone/This PC/SayOne Technologies/Works/airflow_new/Airflow/venv/lib/python3.8/site-packages/airflow/example_dags/example_latest_only.py
[2022-09-20T17:27:48.585+0530] {processor.py:640} INFO - Processing file /home/sayone/This PC/SayOne Technologies/Works/airflow_new/Airflow/venv/lib/python3.8/site-packages/airflow/example_dags/example_latest_only.py for tasks to queue
[2022-09-20T17:27:48.586+0530] {logging_mixin.py:115} INFO - [2022-09-20T17:27:48.586+0530] {dagbag.py:508} INFO - Filling up the DagBag from /home/sayone/This PC/SayOne Technologies/Works/airflow_new/Airflow/venv/lib/python3.8/site-packages/airflow/example_dags/example_latest_only.py
[2022-09-20T17:27:48.593+0530] {processor.py:650} INFO - DAG(s) dict_keys(['latest_only']) retrieved from /home/sayone/This PC/SayOne Technologies/Works/airflow_new/Airflow/venv/lib/python3.8/site-packages/airflow/example_dags/example_latest_only.py
[2022-09-20T17:27:48.606+0530] {logging_mixin.py:115} INFO - [2022-09-20T17:27:48.606+0530] {dag.py:2429} INFO - Sync 1 DAGs
[2022-09-20T17:27:48.616+0530] {logging_mixin.py:115} INFO - [2022-09-20T17:27:48.615+0530] {dag.py:2977} INFO - Setting next_dagrun for latest_only to 2022-09-20T07:57:48.615784+00:00, run_after=2022-09-20T11:57:48.615784+00:00
[2022-09-20T17:27:48.624+0530] {processor.py:161} INFO - Processing /home/sayone/This PC/SayOne Technologies/Works/airflow_new/Airflow/venv/lib/python3.8/site-packages/airflow/example_dags/example_latest_only.py took 0.045 seconds
[2022-09-20T17:28:23.192+0530] {processor.py:153} INFO - Started process (PID=31695) to work on /home/sayone/This PC/SayOne Technologies/Works/airflow_new/Airflow/venv/lib/python3.8/site-packages/airflow/example_dags/example_latest_only.py
[2022-09-20T17:28:23.194+0530] {processor.py:640} INFO - Processing file /home/sayone/This PC/SayOne Technologies/Works/airflow_new/Airflow/venv/lib/python3.8/site-packages/airflow/example_dags/example_latest_only.py for tasks to queue
[2022-09-20T17:28:23.195+0530] {logging_mixin.py:115} INFO - [2022-09-20T17:28:23.195+0530] {dagbag.py:508} INFO - Filling up the DagBag from /home/sayone/This PC/SayOne Technologies/Works/airflow_new/Airflow/venv/lib/python3.8/site-packages/airflow/example_dags/example_latest_only.py
[2022-09-20T17:28:23.203+0530] {processor.py:650} INFO - DAG(s) dict_keys(['latest_only']) retrieved from /home/sayone/This PC/SayOne Technologies/Works/airflow_new/Airflow/venv/lib/python3.8/site-packages/airflow/example_dags/example_latest_only.py
[2022-09-20T17:28:23.217+0530] {logging_mixin.py:115} INFO - [2022-09-20T17:28:23.216+0530] {dag.py:2429} INFO - Sync 1 DAGs
[2022-09-20T17:28:23.226+0530] {logging_mixin.py:115} INFO - [2022-09-20T17:28:23.226+0530] {dag.py:2977} INFO - Setting next_dagrun for latest_only to 2022-09-20T07:58:23.226208+00:00, run_after=2022-09-20T11:58:23.226208+00:00
[2022-09-20T17:28:23.236+0530] {processor.py:161} INFO - Processing /home/sayone/This PC/SayOne Technologies/Works/airflow_new/Airflow/venv/lib/python3.8/site-packages/airflow/example_dags/example_latest_only.py took 0.048 seconds
[2022-09-20T17:29:01.483+0530] {processor.py:153} INFO - Started process (PID=31828) to work on /home/sayone/This PC/SayOne Technologies/Works/airflow_new/Airflow/venv/lib/python3.8/site-packages/airflow/example_dags/example_latest_only.py
[2022-09-20T17:29:01.486+0530] {processor.py:640} INFO - Processing file /home/sayone/This PC/SayOne Technologies/Works/airflow_new/Airflow/venv/lib/python3.8/site-packages/airflow/example_dags/example_latest_only.py for tasks to queue
[2022-09-20T17:29:01.487+0530] {logging_mixin.py:115} INFO - [2022-09-20T17:29:01.487+0530] {dagbag.py:508} INFO - Filling up the DagBag from /home/sayone/This PC/SayOne Technologies/Works/airflow_new/Airflow/venv/lib/python3.8/site-packages/airflow/example_dags/example_latest_only.py
[2022-09-20T17:29:01.494+0530] {processor.py:650} INFO - DAG(s) dict_keys(['latest_only']) retrieved from /home/sayone/This PC/SayOne Technologies/Works/airflow_new/Airflow/venv/lib/python3.8/site-packages/airflow/example_dags/example_latest_only.py
[2022-09-20T17:29:01.505+0530] {logging_mixin.py:115} INFO - [2022-09-20T17:29:01.505+0530] {dag.py:2429} INFO - Sync 1 DAGs
[2022-09-20T17:29:01.514+0530] {logging_mixin.py:115} INFO - [2022-09-20T17:29:01.514+0530] {dag.py:2977} INFO - Setting next_dagrun for latest_only to 2022-09-20T07:59:01.514529+00:00, run_after=2022-09-20T11:59:01.514529+00:00
[2022-09-20T17:29:01.523+0530] {processor.py:161} INFO - Processing /home/sayone/This PC/SayOne Technologies/Works/airflow_new/Airflow/venv/lib/python3.8/site-packages/airflow/example_dags/example_latest_only.py took 0.045 seconds
[2022-09-20T17:29:36.172+0530] {processor.py:153} INFO - Started process (PID=31978) to work on /home/sayone/This PC/SayOne Technologies/Works/airflow_new/Airflow/venv/lib/python3.8/site-packages/airflow/example_dags/example_latest_only.py
[2022-09-20T17:29:36.175+0530] {processor.py:640} INFO - Processing file /home/sayone/This PC/SayOne Technologies/Works/airflow_new/Airflow/venv/lib/python3.8/site-packages/airflow/example_dags/example_latest_only.py for tasks to queue
[2022-09-20T17:29:36.176+0530] {logging_mixin.py:115} INFO - [2022-09-20T17:29:36.176+0530] {dagbag.py:508} INFO - Filling up the DagBag from /home/sayone/This PC/SayOne Technologies/Works/airflow_new/Airflow/venv/lib/python3.8/site-packages/airflow/example_dags/example_latest_only.py
[2022-09-20T17:29:36.181+0530] {processor.py:650} INFO - DAG(s) dict_keys(['latest_only']) retrieved from /home/sayone/This PC/SayOne Technologies/Works/airflow_new/Airflow/venv/lib/python3.8/site-packages/airflow/example_dags/example_latest_only.py
[2022-09-20T17:29:36.191+0530] {logging_mixin.py:115} INFO - [2022-09-20T17:29:36.191+0530] {dag.py:2429} INFO - Sync 1 DAGs
[2022-09-20T17:29:36.202+0530] {logging_mixin.py:115} INFO - [2022-09-20T17:29:36.202+0530] {dag.py:2977} INFO - Setting next_dagrun for latest_only to 2022-09-20T07:59:36.201928+00:00, run_after=2022-09-20T11:59:36.201928+00:00
[2022-09-20T17:29:36.212+0530] {processor.py:161} INFO - Processing /home/sayone/This PC/SayOne Technologies/Works/airflow_new/Airflow/venv/lib/python3.8/site-packages/airflow/example_dags/example_latest_only.py took 0.045 seconds
[2022-09-20T17:30:12.315+0530] {processor.py:153} INFO - Started process (PID=32091) to work on /home/sayone/This PC/SayOne Technologies/Works/airflow_new/Airflow/venv/lib/python3.8/site-packages/airflow/example_dags/example_latest_only.py
[2022-09-20T17:30:12.318+0530] {processor.py:640} INFO - Processing file /home/sayone/This PC/SayOne Technologies/Works/airflow_new/Airflow/venv/lib/python3.8/site-packages/airflow/example_dags/example_latest_only.py for tasks to queue
[2022-09-20T17:30:12.319+0530] {logging_mixin.py:115} INFO - [2022-09-20T17:30:12.319+0530] {dagbag.py:508} INFO - Filling up the DagBag from /home/sayone/This PC/SayOne Technologies/Works/airflow_new/Airflow/venv/lib/python3.8/site-packages/airflow/example_dags/example_latest_only.py
[2022-09-20T17:30:12.324+0530] {processor.py:650} INFO - DAG(s) dict_keys(['latest_only']) retrieved from /home/sayone/This PC/SayOne Technologies/Works/airflow_new/Airflow/venv/lib/python3.8/site-packages/airflow/example_dags/example_latest_only.py
[2022-09-20T17:30:12.332+0530] {logging_mixin.py:115} INFO - [2022-09-20T17:30:12.332+0530] {dag.py:2429} INFO - Sync 1 DAGs
[2022-09-20T17:30:12.342+0530] {logging_mixin.py:115} INFO - [2022-09-20T17:30:12.342+0530] {dag.py:2977} INFO - Setting next_dagrun for latest_only to 2022-09-20T08:00:12.342704+00:00, run_after=2022-09-20T12:00:12.342704+00:00
[2022-09-20T17:30:12.352+0530] {processor.py:161} INFO - Processing /home/sayone/This PC/SayOne Technologies/Works/airflow_new/Airflow/venv/lib/python3.8/site-packages/airflow/example_dags/example_latest_only.py took 0.039 seconds
[2022-09-20T17:30:49.032+0530] {processor.py:153} INFO - Started process (PID=32164) to work on /home/sayone/This PC/SayOne Technologies/Works/airflow_new/Airflow/venv/lib/python3.8/site-packages/airflow/example_dags/example_latest_only.py
[2022-09-20T17:30:49.035+0530] {processor.py:640} INFO - Processing file /home/sayone/This PC/SayOne Technologies/Works/airflow_new/Airflow/venv/lib/python3.8/site-packages/airflow/example_dags/example_latest_only.py for tasks to queue
[2022-09-20T17:30:49.036+0530] {logging_mixin.py:115} INFO - [2022-09-20T17:30:49.036+0530] {dagbag.py:508} INFO - Filling up the DagBag from /home/sayone/This PC/SayOne Technologies/Works/airflow_new/Airflow/venv/lib/python3.8/site-packages/airflow/example_dags/example_latest_only.py
[2022-09-20T17:30:49.043+0530] {processor.py:650} INFO - DAG(s) dict_keys(['latest_only']) retrieved from /home/sayone/This PC/SayOne Technologies/Works/airflow_new/Airflow/venv/lib/python3.8/site-packages/airflow/example_dags/example_latest_only.py
[2022-09-20T17:30:49.054+0530] {logging_mixin.py:115} INFO - [2022-09-20T17:30:49.054+0530] {dag.py:2429} INFO - Sync 1 DAGs
[2022-09-20T17:30:49.063+0530] {logging_mixin.py:115} INFO - [2022-09-20T17:30:49.063+0530] {dag.py:2977} INFO - Setting next_dagrun for latest_only to 2022-09-20T08:00:49.063627+00:00, run_after=2022-09-20T12:00:49.063627+00:00
[2022-09-20T17:30:49.073+0530] {processor.py:161} INFO - Processing /home/sayone/This PC/SayOne Technologies/Works/airflow_new/Airflow/venv/lib/python3.8/site-packages/airflow/example_dags/example_latest_only.py took 0.045 seconds
[2022-09-20T17:31:25.071+0530] {processor.py:153} INFO - Started process (PID=32273) to work on /home/sayone/This PC/SayOne Technologies/Works/airflow_new/Airflow/venv/lib/python3.8/site-packages/airflow/example_dags/example_latest_only.py
[2022-09-20T17:31:25.074+0530] {processor.py:640} INFO - Processing file /home/sayone/This PC/SayOne Technologies/Works/airflow_new/Airflow/venv/lib/python3.8/site-packages/airflow/example_dags/example_latest_only.py for tasks to queue
[2022-09-20T17:31:25.075+0530] {logging_mixin.py:115} INFO - [2022-09-20T17:31:25.075+0530] {dagbag.py:508} INFO - Filling up the DagBag from /home/sayone/This PC/SayOne Technologies/Works/airflow_new/Airflow/venv/lib/python3.8/site-packages/airflow/example_dags/example_latest_only.py
[2022-09-20T17:31:25.080+0530] {processor.py:650} INFO - DAG(s) dict_keys(['latest_only']) retrieved from /home/sayone/This PC/SayOne Technologies/Works/airflow_new/Airflow/venv/lib/python3.8/site-packages/airflow/example_dags/example_latest_only.py
[2022-09-20T17:31:25.089+0530] {logging_mixin.py:115} INFO - [2022-09-20T17:31:25.089+0530] {dag.py:2429} INFO - Sync 1 DAGs
[2022-09-20T17:31:25.098+0530] {logging_mixin.py:115} INFO - [2022-09-20T17:31:25.098+0530] {dag.py:2977} INFO - Setting next_dagrun for latest_only to 2022-09-20T08:01:25.098301+00:00, run_after=2022-09-20T12:01:25.098301+00:00
[2022-09-20T17:31:25.108+0530] {processor.py:161} INFO - Processing /home/sayone/This PC/SayOne Technologies/Works/airflow_new/Airflow/venv/lib/python3.8/site-packages/airflow/example_dags/example_latest_only.py took 0.039 seconds
[2022-09-20T17:32:02.142+0530] {processor.py:153} INFO - Started process (PID=32468) to work on /home/sayone/This PC/SayOne Technologies/Works/airflow_new/Airflow/venv/lib/python3.8/site-packages/airflow/example_dags/example_latest_only.py
[2022-09-20T17:32:02.144+0530] {processor.py:640} INFO - Processing file /home/sayone/This PC/SayOne Technologies/Works/airflow_new/Airflow/venv/lib/python3.8/site-packages/airflow/example_dags/example_latest_only.py for tasks to queue
[2022-09-20T17:32:02.145+0530] {logging_mixin.py:115} INFO - [2022-09-20T17:32:02.144+0530] {dagbag.py:508} INFO - Filling up the DagBag from /home/sayone/This PC/SayOne Technologies/Works/airflow_new/Airflow/venv/lib/python3.8/site-packages/airflow/example_dags/example_latest_only.py
[2022-09-20T17:32:02.150+0530] {processor.py:650} INFO - DAG(s) dict_keys(['latest_only']) retrieved from /home/sayone/This PC/SayOne Technologies/Works/airflow_new/Airflow/venv/lib/python3.8/site-packages/airflow/example_dags/example_latest_only.py
[2022-09-20T17:32:02.158+0530] {logging_mixin.py:115} INFO - [2022-09-20T17:32:02.158+0530] {dag.py:2429} INFO - Sync 1 DAGs
[2022-09-20T17:32:02.167+0530] {logging_mixin.py:115} INFO - [2022-09-20T17:32:02.167+0530] {dag.py:2977} INFO - Setting next_dagrun for latest_only to 2022-09-20T08:02:02.167484+00:00, run_after=2022-09-20T12:02:02.167484+00:00
[2022-09-20T17:32:02.178+0530] {processor.py:161} INFO - Processing /home/sayone/This PC/SayOne Technologies/Works/airflow_new/Airflow/venv/lib/python3.8/site-packages/airflow/example_dags/example_latest_only.py took 0.038 seconds
[2022-09-20T17:32:36.710+0530] {processor.py:153} INFO - Started process (PID=32606) to work on /home/sayone/This PC/SayOne Technologies/Works/airflow_new/Airflow/venv/lib/python3.8/site-packages/airflow/example_dags/example_latest_only.py
[2022-09-20T17:32:36.714+0530] {processor.py:640} INFO - Processing file /home/sayone/This PC/SayOne Technologies/Works/airflow_new/Airflow/venv/lib/python3.8/site-packages/airflow/example_dags/example_latest_only.py for tasks to queue
[2022-09-20T17:32:36.715+0530] {logging_mixin.py:115} INFO - [2022-09-20T17:32:36.714+0530] {dagbag.py:508} INFO - Filling up the DagBag from /home/sayone/This PC/SayOne Technologies/Works/airflow_new/Airflow/venv/lib/python3.8/site-packages/airflow/example_dags/example_latest_only.py
[2022-09-20T17:32:36.722+0530] {processor.py:650} INFO - DAG(s) dict_keys(['latest_only']) retrieved from /home/sayone/This PC/SayOne Technologies/Works/airflow_new/Airflow/venv/lib/python3.8/site-packages/airflow/example_dags/example_latest_only.py
[2022-09-20T17:32:36.732+0530] {logging_mixin.py:115} INFO - [2022-09-20T17:32:36.732+0530] {dag.py:2429} INFO - Sync 1 DAGs
[2022-09-20T17:32:36.742+0530] {logging_mixin.py:115} INFO - [2022-09-20T17:32:36.742+0530] {dag.py:2977} INFO - Setting next_dagrun for latest_only to 2022-09-20T08:02:36.741901+00:00, run_after=2022-09-20T12:02:36.741901+00:00
[2022-09-20T17:32:36.752+0530] {processor.py:161} INFO - Processing /home/sayone/This PC/SayOne Technologies/Works/airflow_new/Airflow/venv/lib/python3.8/site-packages/airflow/example_dags/example_latest_only.py took 0.046 seconds
[2022-09-20T17:33:12.478+0530] {processor.py:153} INFO - Started process (PID=32695) to work on /home/sayone/This PC/SayOne Technologies/Works/airflow_new/Airflow/venv/lib/python3.8/site-packages/airflow/example_dags/example_latest_only.py
[2022-09-20T17:33:12.480+0530] {processor.py:640} INFO - Processing file /home/sayone/This PC/SayOne Technologies/Works/airflow_new/Airflow/venv/lib/python3.8/site-packages/airflow/example_dags/example_latest_only.py for tasks to queue
[2022-09-20T17:33:12.480+0530] {logging_mixin.py:115} INFO - [2022-09-20T17:33:12.480+0530] {dagbag.py:508} INFO - Filling up the DagBag from /home/sayone/This PC/SayOne Technologies/Works/airflow_new/Airflow/venv/lib/python3.8/site-packages/airflow/example_dags/example_latest_only.py
[2022-09-20T17:33:12.487+0530] {processor.py:650} INFO - DAG(s) dict_keys(['latest_only']) retrieved from /home/sayone/This PC/SayOne Technologies/Works/airflow_new/Airflow/venv/lib/python3.8/site-packages/airflow/example_dags/example_latest_only.py
[2022-09-20T17:33:12.499+0530] {logging_mixin.py:115} INFO - [2022-09-20T17:33:12.499+0530] {dag.py:2429} INFO - Sync 1 DAGs
[2022-09-20T17:33:12.508+0530] {logging_mixin.py:115} INFO - [2022-09-20T17:33:12.508+0530] {dag.py:2977} INFO - Setting next_dagrun for latest_only to 2022-09-20T08:03:12.508689+00:00, run_after=2022-09-20T12:03:12.508689+00:00
[2022-09-20T17:33:12.518+0530] {processor.py:161} INFO - Processing /home/sayone/This PC/SayOne Technologies/Works/airflow_new/Airflow/venv/lib/python3.8/site-packages/airflow/example_dags/example_latest_only.py took 0.043 seconds
[2022-09-20T17:33:48.409+0530] {processor.py:153} INFO - Started process (PID=32762) to work on /home/sayone/This PC/SayOne Technologies/Works/airflow_new/Airflow/venv/lib/python3.8/site-packages/airflow/example_dags/example_latest_only.py
[2022-09-20T17:33:48.412+0530] {processor.py:640} INFO - Processing file /home/sayone/This PC/SayOne Technologies/Works/airflow_new/Airflow/venv/lib/python3.8/site-packages/airflow/example_dags/example_latest_only.py for tasks to queue
[2022-09-20T17:33:48.413+0530] {logging_mixin.py:115} INFO - [2022-09-20T17:33:48.412+0530] {dagbag.py:508} INFO - Filling up the DagBag from /home/sayone/This PC/SayOne Technologies/Works/airflow_new/Airflow/venv/lib/python3.8/site-packages/airflow/example_dags/example_latest_only.py
[2022-09-20T17:33:48.420+0530] {processor.py:650} INFO - DAG(s) dict_keys(['latest_only']) retrieved from /home/sayone/This PC/SayOne Technologies/Works/airflow_new/Airflow/venv/lib/python3.8/site-packages/airflow/example_dags/example_latest_only.py
[2022-09-20T17:33:48.431+0530] {logging_mixin.py:115} INFO - [2022-09-20T17:33:48.431+0530] {dag.py:2429} INFO - Sync 1 DAGs
[2022-09-20T17:33:48.441+0530] {logging_mixin.py:115} INFO - [2022-09-20T17:33:48.440+0530] {dag.py:2977} INFO - Setting next_dagrun for latest_only to 2022-09-20T08:03:48.440814+00:00, run_after=2022-09-20T12:03:48.440814+00:00
[2022-09-20T17:33:48.450+0530] {processor.py:161} INFO - Processing /home/sayone/This PC/SayOne Technologies/Works/airflow_new/Airflow/venv/lib/python3.8/site-packages/airflow/example_dags/example_latest_only.py took 0.042 seconds
[2022-09-20T17:34:24.932+0530] {processor.py:153} INFO - Started process (PID=32866) to work on /home/sayone/This PC/SayOne Technologies/Works/airflow_new/Airflow/venv/lib/python3.8/site-packages/airflow/example_dags/example_latest_only.py
[2022-09-20T17:34:24.936+0530] {processor.py:640} INFO - Processing file /home/sayone/This PC/SayOne Technologies/Works/airflow_new/Airflow/venv/lib/python3.8/site-packages/airflow/example_dags/example_latest_only.py for tasks to queue
[2022-09-20T17:34:24.936+0530] {logging_mixin.py:115} INFO - [2022-09-20T17:34:24.936+0530] {dagbag.py:508} INFO - Filling up the DagBag from /home/sayone/This PC/SayOne Technologies/Works/airflow_new/Airflow/venv/lib/python3.8/site-packages/airflow/example_dags/example_latest_only.py
[2022-09-20T17:34:24.942+0530] {processor.py:650} INFO - DAG(s) dict_keys(['latest_only']) retrieved from /home/sayone/This PC/SayOne Technologies/Works/airflow_new/Airflow/venv/lib/python3.8/site-packages/airflow/example_dags/example_latest_only.py
[2022-09-20T17:34:24.950+0530] {logging_mixin.py:115} INFO - [2022-09-20T17:34:24.950+0530] {dag.py:2429} INFO - Sync 1 DAGs
[2022-09-20T17:34:24.959+0530] {logging_mixin.py:115} INFO - [2022-09-20T17:34:24.959+0530] {dag.py:2977} INFO - Setting next_dagrun for latest_only to 2022-09-20T08:04:24.959342+00:00, run_after=2022-09-20T12:04:24.959342+00:00
[2022-09-20T17:34:24.969+0530] {processor.py:161} INFO - Processing /home/sayone/This PC/SayOne Technologies/Works/airflow_new/Airflow/venv/lib/python3.8/site-packages/airflow/example_dags/example_latest_only.py took 0.038 seconds
[2022-09-20T17:35:02.158+0530] {processor.py:153} INFO - Started process (PID=33142) to work on /home/sayone/This PC/SayOne Technologies/Works/airflow_new/Airflow/venv/lib/python3.8/site-packages/airflow/example_dags/example_latest_only.py
[2022-09-20T17:35:02.161+0530] {processor.py:640} INFO - Processing file /home/sayone/This PC/SayOne Technologies/Works/airflow_new/Airflow/venv/lib/python3.8/site-packages/airflow/example_dags/example_latest_only.py for tasks to queue
[2022-09-20T17:35:02.162+0530] {logging_mixin.py:115} INFO - [2022-09-20T17:35:02.161+0530] {dagbag.py:508} INFO - Filling up the DagBag from /home/sayone/This PC/SayOne Technologies/Works/airflow_new/Airflow/venv/lib/python3.8/site-packages/airflow/example_dags/example_latest_only.py
[2022-09-20T17:35:02.169+0530] {processor.py:650} INFO - DAG(s) dict_keys(['latest_only']) retrieved from /home/sayone/This PC/SayOne Technologies/Works/airflow_new/Airflow/venv/lib/python3.8/site-packages/airflow/example_dags/example_latest_only.py
[2022-09-20T17:35:02.181+0530] {logging_mixin.py:115} INFO - [2022-09-20T17:35:02.181+0530] {dag.py:2429} INFO - Sync 1 DAGs
[2022-09-20T17:35:02.191+0530] {logging_mixin.py:115} INFO - [2022-09-20T17:35:02.191+0530] {dag.py:2977} INFO - Setting next_dagrun for latest_only to 2022-09-20T08:05:02.191177+00:00, run_after=2022-09-20T12:05:02.191177+00:00
[2022-09-20T17:35:02.201+0530] {processor.py:161} INFO - Processing /home/sayone/This PC/SayOne Technologies/Works/airflow_new/Airflow/venv/lib/python3.8/site-packages/airflow/example_dags/example_latest_only.py took 0.044 seconds
[2022-09-20T17:35:36.441+0530] {processor.py:153} INFO - Started process (PID=33201) to work on /home/sayone/This PC/SayOne Technologies/Works/airflow_new/Airflow/venv/lib/python3.8/site-packages/airflow/example_dags/example_latest_only.py
[2022-09-20T17:35:36.444+0530] {processor.py:640} INFO - Processing file /home/sayone/This PC/SayOne Technologies/Works/airflow_new/Airflow/venv/lib/python3.8/site-packages/airflow/example_dags/example_latest_only.py for tasks to queue
[2022-09-20T17:35:36.445+0530] {logging_mixin.py:115} INFO - [2022-09-20T17:35:36.445+0530] {dagbag.py:508} INFO - Filling up the DagBag from /home/sayone/This PC/SayOne Technologies/Works/airflow_new/Airflow/venv/lib/python3.8/site-packages/airflow/example_dags/example_latest_only.py
[2022-09-20T17:35:36.453+0530] {processor.py:650} INFO - DAG(s) dict_keys(['latest_only']) retrieved from /home/sayone/This PC/SayOne Technologies/Works/airflow_new/Airflow/venv/lib/python3.8/site-packages/airflow/example_dags/example_latest_only.py
[2022-09-20T17:35:36.464+0530] {logging_mixin.py:115} INFO - [2022-09-20T17:35:36.464+0530] {dag.py:2429} INFO - Sync 1 DAGs
[2022-09-20T17:35:36.474+0530] {logging_mixin.py:115} INFO - [2022-09-20T17:35:36.474+0530] {dag.py:2977} INFO - Setting next_dagrun for latest_only to 2022-09-20T08:05:36.474441+00:00, run_after=2022-09-20T12:05:36.474441+00:00
[2022-09-20T17:35:36.484+0530] {processor.py:161} INFO - Processing /home/sayone/This PC/SayOne Technologies/Works/airflow_new/Airflow/venv/lib/python3.8/site-packages/airflow/example_dags/example_latest_only.py took 0.044 seconds
[2022-09-20T17:36:15.315+0530] {processor.py:153} INFO - Started process (PID=33350) to work on /home/sayone/This PC/SayOne Technologies/Works/airflow_new/Airflow/venv/lib/python3.8/site-packages/airflow/example_dags/example_latest_only.py
[2022-09-20T17:36:15.318+0530] {processor.py:640} INFO - Processing file /home/sayone/This PC/SayOne Technologies/Works/airflow_new/Airflow/venv/lib/python3.8/site-packages/airflow/example_dags/example_latest_only.py for tasks to queue
[2022-09-20T17:36:15.318+0530] {logging_mixin.py:115} INFO - [2022-09-20T17:36:15.318+0530] {dagbag.py:508} INFO - Filling up the DagBag from /home/sayone/This PC/SayOne Technologies/Works/airflow_new/Airflow/venv/lib/python3.8/site-packages/airflow/example_dags/example_latest_only.py
[2022-09-20T17:36:15.323+0530] {processor.py:650} INFO - DAG(s) dict_keys(['latest_only']) retrieved from /home/sayone/This PC/SayOne Technologies/Works/airflow_new/Airflow/venv/lib/python3.8/site-packages/airflow/example_dags/example_latest_only.py
[2022-09-20T17:36:15.335+0530] {logging_mixin.py:115} INFO - [2022-09-20T17:36:15.335+0530] {dag.py:2429} INFO - Sync 1 DAGs
[2022-09-20T17:36:15.347+0530] {logging_mixin.py:115} INFO - [2022-09-20T17:36:15.347+0530] {dag.py:2977} INFO - Setting next_dagrun for latest_only to 2022-09-20T08:06:15.347028+00:00, run_after=2022-09-20T12:06:15.347028+00:00
[2022-09-20T17:36:15.361+0530] {processor.py:161} INFO - Processing /home/sayone/This PC/SayOne Technologies/Works/airflow_new/Airflow/venv/lib/python3.8/site-packages/airflow/example_dags/example_latest_only.py took 0.049 seconds
[2022-09-20T17:36:50.209+0530] {processor.py:153} INFO - Started process (PID=33420) to work on /home/sayone/This PC/SayOne Technologies/Works/airflow_new/Airflow/venv/lib/python3.8/site-packages/airflow/example_dags/example_latest_only.py
[2022-09-20T17:36:50.212+0530] {processor.py:640} INFO - Processing file /home/sayone/This PC/SayOne Technologies/Works/airflow_new/Airflow/venv/lib/python3.8/site-packages/airflow/example_dags/example_latest_only.py for tasks to queue
[2022-09-20T17:36:50.213+0530] {logging_mixin.py:115} INFO - [2022-09-20T17:36:50.212+0530] {dagbag.py:508} INFO - Filling up the DagBag from /home/sayone/This PC/SayOne Technologies/Works/airflow_new/Airflow/venv/lib/python3.8/site-packages/airflow/example_dags/example_latest_only.py
[2022-09-20T17:36:50.219+0530] {processor.py:650} INFO - DAG(s) dict_keys(['latest_only']) retrieved from /home/sayone/This PC/SayOne Technologies/Works/airflow_new/Airflow/venv/lib/python3.8/site-packages/airflow/example_dags/example_latest_only.py
[2022-09-20T17:36:50.228+0530] {logging_mixin.py:115} INFO - [2022-09-20T17:36:50.228+0530] {dag.py:2429} INFO - Sync 1 DAGs
[2022-09-20T17:36:50.239+0530] {logging_mixin.py:115} INFO - [2022-09-20T17:36:50.238+0530] {dag.py:2977} INFO - Setting next_dagrun for latest_only to 2022-09-20T08:06:50.238764+00:00, run_after=2022-09-20T12:06:50.238764+00:00
[2022-09-20T17:36:50.249+0530] {processor.py:161} INFO - Processing /home/sayone/This PC/SayOne Technologies/Works/airflow_new/Airflow/venv/lib/python3.8/site-packages/airflow/example_dags/example_latest_only.py took 0.044 seconds
[2022-09-20T17:37:27.383+0530] {processor.py:153} INFO - Started process (PID=33694) to work on /home/sayone/This PC/SayOne Technologies/Works/airflow_new/Airflow/venv/lib/python3.8/site-packages/airflow/example_dags/example_latest_only.py
[2022-09-20T17:37:27.386+0530] {processor.py:640} INFO - Processing file /home/sayone/This PC/SayOne Technologies/Works/airflow_new/Airflow/venv/lib/python3.8/site-packages/airflow/example_dags/example_latest_only.py for tasks to queue
[2022-09-20T17:37:27.387+0530] {logging_mixin.py:115} INFO - [2022-09-20T17:37:27.387+0530] {dagbag.py:508} INFO - Filling up the DagBag from /home/sayone/This PC/SayOne Technologies/Works/airflow_new/Airflow/venv/lib/python3.8/site-packages/airflow/example_dags/example_latest_only.py
[2022-09-20T17:37:27.394+0530] {processor.py:650} INFO - DAG(s) dict_keys(['latest_only']) retrieved from /home/sayone/This PC/SayOne Technologies/Works/airflow_new/Airflow/venv/lib/python3.8/site-packages/airflow/example_dags/example_latest_only.py
[2022-09-20T17:37:27.405+0530] {logging_mixin.py:115} INFO - [2022-09-20T17:37:27.405+0530] {dag.py:2429} INFO - Sync 1 DAGs
[2022-09-20T17:37:27.414+0530] {logging_mixin.py:115} INFO - [2022-09-20T17:37:27.414+0530] {dag.py:2977} INFO - Setting next_dagrun for latest_only to 2022-09-20T08:07:27.414556+00:00, run_after=2022-09-20T12:07:27.414556+00:00
[2022-09-20T17:37:27.424+0530] {processor.py:161} INFO - Processing /home/sayone/This PC/SayOne Technologies/Works/airflow_new/Airflow/venv/lib/python3.8/site-packages/airflow/example_dags/example_latest_only.py took 0.045 seconds
[2022-09-20T17:38:13.903+0530] {processor.py:153} INFO - Started process (PID=33836) to work on /home/sayone/This PC/SayOne Technologies/Works/airflow_new/Airflow/venv/lib/python3.8/site-packages/airflow/example_dags/example_latest_only.py
[2022-09-20T17:38:13.907+0530] {processor.py:640} INFO - Processing file /home/sayone/This PC/SayOne Technologies/Works/airflow_new/Airflow/venv/lib/python3.8/site-packages/airflow/example_dags/example_latest_only.py for tasks to queue
[2022-09-20T17:38:13.907+0530] {logging_mixin.py:115} INFO - [2022-09-20T17:38:13.907+0530] {dagbag.py:508} INFO - Filling up the DagBag from /home/sayone/This PC/SayOne Technologies/Works/airflow_new/Airflow/venv/lib/python3.8/site-packages/airflow/example_dags/example_latest_only.py
[2022-09-20T17:38:13.914+0530] {processor.py:650} INFO - DAG(s) dict_keys(['latest_only']) retrieved from /home/sayone/This PC/SayOne Technologies/Works/airflow_new/Airflow/venv/lib/python3.8/site-packages/airflow/example_dags/example_latest_only.py
[2022-09-20T17:38:13.926+0530] {logging_mixin.py:115} INFO - [2022-09-20T17:38:13.926+0530] {dag.py:2429} INFO - Sync 1 DAGs
[2022-09-20T17:38:13.937+0530] {logging_mixin.py:115} INFO - [2022-09-20T17:38:13.937+0530] {dag.py:2977} INFO - Setting next_dagrun for latest_only to 2022-09-20T08:08:13.937036+00:00, run_after=2022-09-20T12:08:13.937036+00:00
[2022-09-20T17:38:13.948+0530] {processor.py:161} INFO - Processing /home/sayone/This PC/SayOne Technologies/Works/airflow_new/Airflow/venv/lib/python3.8/site-packages/airflow/example_dags/example_latest_only.py took 0.049 seconds
[2022-09-20T17:38:52.191+0530] {processor.py:153} INFO - Started process (PID=33897) to work on /home/sayone/This PC/SayOne Technologies/Works/airflow_new/Airflow/venv/lib/python3.8/site-packages/airflow/example_dags/example_latest_only.py
[2022-09-20T17:38:52.192+0530] {processor.py:640} INFO - Processing file /home/sayone/This PC/SayOne Technologies/Works/airflow_new/Airflow/venv/lib/python3.8/site-packages/airflow/example_dags/example_latest_only.py for tasks to queue
[2022-09-20T17:38:52.192+0530] {logging_mixin.py:115} INFO - [2022-09-20T17:38:52.192+0530] {dagbag.py:508} INFO - Filling up the DagBag from /home/sayone/This PC/SayOne Technologies/Works/airflow_new/Airflow/venv/lib/python3.8/site-packages/airflow/example_dags/example_latest_only.py
[2022-09-20T17:38:52.197+0530] {processor.py:650} INFO - DAG(s) dict_keys(['latest_only']) retrieved from /home/sayone/This PC/SayOne Technologies/Works/airflow_new/Airflow/venv/lib/python3.8/site-packages/airflow/example_dags/example_latest_only.py
[2022-09-20T17:38:52.208+0530] {logging_mixin.py:115} INFO - [2022-09-20T17:38:52.208+0530] {dag.py:2429} INFO - Sync 1 DAGs
[2022-09-20T17:38:52.218+0530] {logging_mixin.py:115} INFO - [2022-09-20T17:38:52.218+0530] {dag.py:2977} INFO - Setting next_dagrun for latest_only to 2022-09-20T08:08:52.218344+00:00, run_after=2022-09-20T12:08:52.218344+00:00
[2022-09-20T17:38:52.228+0530] {processor.py:161} INFO - Processing /home/sayone/This PC/SayOne Technologies/Works/airflow_new/Airflow/venv/lib/python3.8/site-packages/airflow/example_dags/example_latest_only.py took 0.038 seconds
[2022-09-20T17:39:24.798+0530] {processor.py:153} INFO - Started process (PID=33992) to work on /home/sayone/This PC/SayOne Technologies/Works/airflow_new/Airflow/venv/lib/python3.8/site-packages/airflow/example_dags/example_latest_only.py
[2022-09-20T17:39:24.801+0530] {processor.py:640} INFO - Processing file /home/sayone/This PC/SayOne Technologies/Works/airflow_new/Airflow/venv/lib/python3.8/site-packages/airflow/example_dags/example_latest_only.py for tasks to queue
[2022-09-20T17:39:24.802+0530] {logging_mixin.py:115} INFO - [2022-09-20T17:39:24.802+0530] {dagbag.py:508} INFO - Filling up the DagBag from /home/sayone/This PC/SayOne Technologies/Works/airflow_new/Airflow/venv/lib/python3.8/site-packages/airflow/example_dags/example_latest_only.py
[2022-09-20T17:39:24.809+0530] {processor.py:650} INFO - DAG(s) dict_keys(['latest_only']) retrieved from /home/sayone/This PC/SayOne Technologies/Works/airflow_new/Airflow/venv/lib/python3.8/site-packages/airflow/example_dags/example_latest_only.py
[2022-09-20T17:39:24.819+0530] {logging_mixin.py:115} INFO - [2022-09-20T17:39:24.819+0530] {dag.py:2429} INFO - Sync 1 DAGs
[2022-09-20T17:39:24.829+0530] {logging_mixin.py:115} INFO - [2022-09-20T17:39:24.829+0530] {dag.py:2977} INFO - Setting next_dagrun for latest_only to 2022-09-20T08:09:24.829737+00:00, run_after=2022-09-20T12:09:24.829737+00:00
[2022-09-20T17:39:24.838+0530] {processor.py:161} INFO - Processing /home/sayone/This PC/SayOne Technologies/Works/airflow_new/Airflow/venv/lib/python3.8/site-packages/airflow/example_dags/example_latest_only.py took 0.044 seconds
[2022-09-20T17:40:01.979+0530] {processor.py:153} INFO - Started process (PID=34181) to work on /home/sayone/This PC/SayOne Technologies/Works/airflow_new/Airflow/venv/lib/python3.8/site-packages/airflow/example_dags/example_latest_only.py
[2022-09-20T17:40:01.982+0530] {processor.py:640} INFO - Processing file /home/sayone/This PC/SayOne Technologies/Works/airflow_new/Airflow/venv/lib/python3.8/site-packages/airflow/example_dags/example_latest_only.py for tasks to queue
[2022-09-20T17:40:01.983+0530] {logging_mixin.py:115} INFO - [2022-09-20T17:40:01.983+0530] {dagbag.py:508} INFO - Filling up the DagBag from /home/sayone/This PC/SayOne Technologies/Works/airflow_new/Airflow/venv/lib/python3.8/site-packages/airflow/example_dags/example_latest_only.py
[2022-09-20T17:40:01.988+0530] {processor.py:650} INFO - DAG(s) dict_keys(['latest_only']) retrieved from /home/sayone/This PC/SayOne Technologies/Works/airflow_new/Airflow/venv/lib/python3.8/site-packages/airflow/example_dags/example_latest_only.py
[2022-09-20T17:40:01.997+0530] {logging_mixin.py:115} INFO - [2022-09-20T17:40:01.997+0530] {dag.py:2429} INFO - Sync 1 DAGs
[2022-09-20T17:40:02.006+0530] {logging_mixin.py:115} INFO - [2022-09-20T17:40:02.006+0530] {dag.py:2977} INFO - Setting next_dagrun for latest_only to 2022-09-20T08:10:02.006192+00:00, run_after=2022-09-20T12:10:02.006192+00:00
[2022-09-20T17:40:02.015+0530] {processor.py:161} INFO - Processing /home/sayone/This PC/SayOne Technologies/Works/airflow_new/Airflow/venv/lib/python3.8/site-packages/airflow/example_dags/example_latest_only.py took 0.038 seconds
[2022-09-20T17:40:37.923+0530] {processor.py:153} INFO - Started process (PID=34277) to work on /home/sayone/This PC/SayOne Technologies/Works/airflow_new/Airflow/venv/lib/python3.8/site-packages/airflow/example_dags/example_latest_only.py
[2022-09-20T17:40:37.926+0530] {processor.py:640} INFO - Processing file /home/sayone/This PC/SayOne Technologies/Works/airflow_new/Airflow/venv/lib/python3.8/site-packages/airflow/example_dags/example_latest_only.py for tasks to queue
[2022-09-20T17:40:37.927+0530] {logging_mixin.py:115} INFO - [2022-09-20T17:40:37.927+0530] {dagbag.py:508} INFO - Filling up the DagBag from /home/sayone/This PC/SayOne Technologies/Works/airflow_new/Airflow/venv/lib/python3.8/site-packages/airflow/example_dags/example_latest_only.py
[2022-09-20T17:40:37.934+0530] {processor.py:650} INFO - DAG(s) dict_keys(['latest_only']) retrieved from /home/sayone/This PC/SayOne Technologies/Works/airflow_new/Airflow/venv/lib/python3.8/site-packages/airflow/example_dags/example_latest_only.py
[2022-09-20T17:40:37.945+0530] {logging_mixin.py:115} INFO - [2022-09-20T17:40:37.945+0530] {dag.py:2429} INFO - Sync 1 DAGs
[2022-09-20T17:40:37.955+0530] {logging_mixin.py:115} INFO - [2022-09-20T17:40:37.955+0530] {dag.py:2977} INFO - Setting next_dagrun for latest_only to 2022-09-20T08:10:37.955007+00:00, run_after=2022-09-20T12:10:37.955007+00:00
[2022-09-20T17:40:37.963+0530] {processor.py:161} INFO - Processing /home/sayone/This PC/SayOne Technologies/Works/airflow_new/Airflow/venv/lib/python3.8/site-packages/airflow/example_dags/example_latest_only.py took 0.044 seconds
[2022-09-20T17:41:15.081+0530] {processor.py:153} INFO - Started process (PID=34406) to work on /home/sayone/This PC/SayOne Technologies/Works/airflow_new/Airflow/venv/lib/python3.8/site-packages/airflow/example_dags/example_latest_only.py
[2022-09-20T17:41:15.082+0530] {processor.py:640} INFO - Processing file /home/sayone/This PC/SayOne Technologies/Works/airflow_new/Airflow/venv/lib/python3.8/site-packages/airflow/example_dags/example_latest_only.py for tasks to queue
[2022-09-20T17:41:15.083+0530] {logging_mixin.py:115} INFO - [2022-09-20T17:41:15.083+0530] {dagbag.py:508} INFO - Filling up the DagBag from /home/sayone/This PC/SayOne Technologies/Works/airflow_new/Airflow/venv/lib/python3.8/site-packages/airflow/example_dags/example_latest_only.py
[2022-09-20T17:41:15.090+0530] {processor.py:650} INFO - DAG(s) dict_keys(['latest_only']) retrieved from /home/sayone/This PC/SayOne Technologies/Works/airflow_new/Airflow/venv/lib/python3.8/site-packages/airflow/example_dags/example_latest_only.py
[2022-09-20T17:41:15.101+0530] {logging_mixin.py:115} INFO - [2022-09-20T17:41:15.101+0530] {dag.py:2429} INFO - Sync 1 DAGs
[2022-09-20T17:41:15.111+0530] {logging_mixin.py:115} INFO - [2022-09-20T17:41:15.111+0530] {dag.py:2977} INFO - Setting next_dagrun for latest_only to 2022-09-20T08:11:15.111651+00:00, run_after=2022-09-20T12:11:15.111651+00:00
[2022-09-20T17:41:15.130+0530] {processor.py:161} INFO - Processing /home/sayone/This PC/SayOne Technologies/Works/airflow_new/Airflow/venv/lib/python3.8/site-packages/airflow/example_dags/example_latest_only.py took 0.052 seconds
[2022-09-20T17:42:11.916+0530] {processor.py:153} INFO - Started process (PID=34558) to work on /home/sayone/This PC/SayOne Technologies/Works/airflow_new/Airflow/venv/lib/python3.8/site-packages/airflow/example_dags/example_latest_only.py
[2022-09-20T17:42:11.919+0530] {processor.py:640} INFO - Processing file /home/sayone/This PC/SayOne Technologies/Works/airflow_new/Airflow/venv/lib/python3.8/site-packages/airflow/example_dags/example_latest_only.py for tasks to queue
[2022-09-20T17:42:11.919+0530] {logging_mixin.py:115} INFO - [2022-09-20T17:42:11.919+0530] {dagbag.py:508} INFO - Filling up the DagBag from /home/sayone/This PC/SayOne Technologies/Works/airflow_new/Airflow/venv/lib/python3.8/site-packages/airflow/example_dags/example_latest_only.py
[2022-09-20T17:42:11.926+0530] {processor.py:650} INFO - DAG(s) dict_keys(['latest_only']) retrieved from /home/sayone/This PC/SayOne Technologies/Works/airflow_new/Airflow/venv/lib/python3.8/site-packages/airflow/example_dags/example_latest_only.py
[2022-09-20T17:42:11.939+0530] {logging_mixin.py:115} INFO - [2022-09-20T17:42:11.938+0530] {dag.py:2429} INFO - Sync 1 DAGs
[2022-09-20T17:42:11.948+0530] {logging_mixin.py:115} INFO - [2022-09-20T17:42:11.948+0530] {dag.py:2977} INFO - Setting next_dagrun for latest_only to 2022-09-20T08:12:11.947989+00:00, run_after=2022-09-20T12:12:11.947989+00:00
[2022-09-20T17:42:11.956+0530] {processor.py:161} INFO - Processing /home/sayone/This PC/SayOne Technologies/Works/airflow_new/Airflow/venv/lib/python3.8/site-packages/airflow/example_dags/example_latest_only.py took 0.043 seconds
[2022-09-20T17:45:43.000+0530] {processor.py:153} INFO - Started process (PID=34953) to work on /home/sayone/This PC/SayOne Technologies/Works/airflow_new/Airflow/venv/lib/python3.8/site-packages/airflow/example_dags/example_latest_only.py
[2022-09-20T17:45:43.003+0530] {processor.py:640} INFO - Processing file /home/sayone/This PC/SayOne Technologies/Works/airflow_new/Airflow/venv/lib/python3.8/site-packages/airflow/example_dags/example_latest_only.py for tasks to queue
[2022-09-20T17:45:43.004+0530] {logging_mixin.py:115} INFO - [2022-09-20T17:45:43.003+0530] {dagbag.py:508} INFO - Filling up the DagBag from /home/sayone/This PC/SayOne Technologies/Works/airflow_new/Airflow/venv/lib/python3.8/site-packages/airflow/example_dags/example_latest_only.py
[2022-09-20T17:45:43.010+0530] {processor.py:650} INFO - DAG(s) dict_keys(['latest_only']) retrieved from /home/sayone/This PC/SayOne Technologies/Works/airflow_new/Airflow/venv/lib/python3.8/site-packages/airflow/example_dags/example_latest_only.py
[2022-09-20T17:45:43.021+0530] {logging_mixin.py:115} INFO - [2022-09-20T17:45:43.021+0530] {dag.py:2429} INFO - Sync 1 DAGs
[2022-09-20T17:45:43.032+0530] {logging_mixin.py:115} INFO - [2022-09-20T17:45:43.032+0530] {dag.py:2977} INFO - Setting next_dagrun for latest_only to 2022-09-20T08:15:43.032239+00:00, run_after=2022-09-20T12:15:43.032239+00:00
[2022-09-20T17:45:43.041+0530] {processor.py:161} INFO - Processing /home/sayone/This PC/SayOne Technologies/Works/airflow_new/Airflow/venv/lib/python3.8/site-packages/airflow/example_dags/example_latest_only.py took 0.045 seconds
[2022-09-20T17:46:38.776+0530] {processor.py:153} INFO - Started process (PID=35084) to work on /home/sayone/This PC/SayOne Technologies/Works/airflow_new/Airflow/venv/lib/python3.8/site-packages/airflow/example_dags/example_latest_only.py
[2022-09-20T17:46:38.780+0530] {processor.py:640} INFO - Processing file /home/sayone/This PC/SayOne Technologies/Works/airflow_new/Airflow/venv/lib/python3.8/site-packages/airflow/example_dags/example_latest_only.py for tasks to queue
[2022-09-20T17:46:38.781+0530] {logging_mixin.py:115} INFO - [2022-09-20T17:46:38.781+0530] {dagbag.py:508} INFO - Filling up the DagBag from /home/sayone/This PC/SayOne Technologies/Works/airflow_new/Airflow/venv/lib/python3.8/site-packages/airflow/example_dags/example_latest_only.py
[2022-09-20T17:46:38.788+0530] {processor.py:650} INFO - DAG(s) dict_keys(['latest_only']) retrieved from /home/sayone/This PC/SayOne Technologies/Works/airflow_new/Airflow/venv/lib/python3.8/site-packages/airflow/example_dags/example_latest_only.py
[2022-09-20T17:46:38.799+0530] {logging_mixin.py:115} INFO - [2022-09-20T17:46:38.799+0530] {dag.py:2429} INFO - Sync 1 DAGs
[2022-09-20T17:46:38.810+0530] {logging_mixin.py:115} INFO - [2022-09-20T17:46:38.810+0530] {dag.py:2977} INFO - Setting next_dagrun for latest_only to 2022-09-20T08:16:38.810207+00:00, run_after=2022-09-20T12:16:38.810207+00:00
[2022-09-20T17:46:38.819+0530] {processor.py:161} INFO - Processing /home/sayone/This PC/SayOne Technologies/Works/airflow_new/Airflow/venv/lib/python3.8/site-packages/airflow/example_dags/example_latest_only.py took 0.047 seconds
[2022-09-20T17:47:13.711+0530] {processor.py:153} INFO - Started process (PID=35318) to work on /home/sayone/This PC/SayOne Technologies/Works/airflow_new/Airflow/venv/lib/python3.8/site-packages/airflow/example_dags/example_latest_only.py
[2022-09-20T17:47:13.714+0530] {processor.py:640} INFO - Processing file /home/sayone/This PC/SayOne Technologies/Works/airflow_new/Airflow/venv/lib/python3.8/site-packages/airflow/example_dags/example_latest_only.py for tasks to queue
[2022-09-20T17:47:13.715+0530] {logging_mixin.py:115} INFO - [2022-09-20T17:47:13.715+0530] {dagbag.py:508} INFO - Filling up the DagBag from /home/sayone/This PC/SayOne Technologies/Works/airflow_new/Airflow/venv/lib/python3.8/site-packages/airflow/example_dags/example_latest_only.py
[2022-09-20T17:47:13.720+0530] {processor.py:650} INFO - DAG(s) dict_keys(['latest_only']) retrieved from /home/sayone/This PC/SayOne Technologies/Works/airflow_new/Airflow/venv/lib/python3.8/site-packages/airflow/example_dags/example_latest_only.py
[2022-09-20T17:47:13.738+0530] {logging_mixin.py:115} INFO - [2022-09-20T17:47:13.737+0530] {dag.py:2429} INFO - Sync 1 DAGs
[2022-09-20T17:47:13.759+0530] {logging_mixin.py:115} INFO - [2022-09-20T17:47:13.759+0530] {dag.py:2977} INFO - Setting next_dagrun for latest_only to 2022-09-20T08:17:13.759276+00:00, run_after=2022-09-20T12:17:13.759276+00:00
[2022-09-20T17:47:13.783+0530] {processor.py:161} INFO - Processing /home/sayone/This PC/SayOne Technologies/Works/airflow_new/Airflow/venv/lib/python3.8/site-packages/airflow/example_dags/example_latest_only.py took 0.074 seconds
[2022-09-20T17:47:51.300+0530] {processor.py:153} INFO - Started process (PID=35423) to work on /home/sayone/This PC/SayOne Technologies/Works/airflow_new/Airflow/venv/lib/python3.8/site-packages/airflow/example_dags/example_latest_only.py
[2022-09-20T17:47:51.303+0530] {processor.py:640} INFO - Processing file /home/sayone/This PC/SayOne Technologies/Works/airflow_new/Airflow/venv/lib/python3.8/site-packages/airflow/example_dags/example_latest_only.py for tasks to queue
[2022-09-20T17:47:51.303+0530] {logging_mixin.py:115} INFO - [2022-09-20T17:47:51.303+0530] {dagbag.py:508} INFO - Filling up the DagBag from /home/sayone/This PC/SayOne Technologies/Works/airflow_new/Airflow/venv/lib/python3.8/site-packages/airflow/example_dags/example_latest_only.py
[2022-09-20T17:47:51.309+0530] {processor.py:650} INFO - DAG(s) dict_keys(['latest_only']) retrieved from /home/sayone/This PC/SayOne Technologies/Works/airflow_new/Airflow/venv/lib/python3.8/site-packages/airflow/example_dags/example_latest_only.py
[2022-09-20T17:47:51.321+0530] {logging_mixin.py:115} INFO - [2022-09-20T17:47:51.321+0530] {dag.py:2429} INFO - Sync 1 DAGs
[2022-09-20T17:47:51.331+0530] {logging_mixin.py:115} INFO - [2022-09-20T17:47:51.331+0530] {dag.py:2977} INFO - Setting next_dagrun for latest_only to 2022-09-20T08:17:51.331062+00:00, run_after=2022-09-20T12:17:51.331062+00:00
[2022-09-20T17:47:51.340+0530] {processor.py:161} INFO - Processing /home/sayone/This PC/SayOne Technologies/Works/airflow_new/Airflow/venv/lib/python3.8/site-packages/airflow/example_dags/example_latest_only.py took 0.043 seconds
[2022-09-20T17:48:28.048+0530] {processor.py:153} INFO - Started process (PID=35523) to work on /home/sayone/This PC/SayOne Technologies/Works/airflow_new/Airflow/venv/lib/python3.8/site-packages/airflow/example_dags/example_latest_only.py
[2022-09-20T17:48:28.050+0530] {processor.py:640} INFO - Processing file /home/sayone/This PC/SayOne Technologies/Works/airflow_new/Airflow/venv/lib/python3.8/site-packages/airflow/example_dags/example_latest_only.py for tasks to queue
[2022-09-20T17:48:28.051+0530] {logging_mixin.py:115} INFO - [2022-09-20T17:48:28.051+0530] {dagbag.py:508} INFO - Filling up the DagBag from /home/sayone/This PC/SayOne Technologies/Works/airflow_new/Airflow/venv/lib/python3.8/site-packages/airflow/example_dags/example_latest_only.py
[2022-09-20T17:48:28.055+0530] {processor.py:650} INFO - DAG(s) dict_keys(['latest_only']) retrieved from /home/sayone/This PC/SayOne Technologies/Works/airflow_new/Airflow/venv/lib/python3.8/site-packages/airflow/example_dags/example_latest_only.py
[2022-09-20T17:48:28.063+0530] {logging_mixin.py:115} INFO - [2022-09-20T17:48:28.063+0530] {dag.py:2429} INFO - Sync 1 DAGs
[2022-09-20T17:48:28.073+0530] {logging_mixin.py:115} INFO - [2022-09-20T17:48:28.072+0530] {dag.py:2977} INFO - Setting next_dagrun for latest_only to 2022-09-20T08:18:28.072762+00:00, run_after=2022-09-20T12:18:28.072762+00:00
[2022-09-20T17:48:28.081+0530] {processor.py:161} INFO - Processing /home/sayone/This PC/SayOne Technologies/Works/airflow_new/Airflow/venv/lib/python3.8/site-packages/airflow/example_dags/example_latest_only.py took 0.035 seconds
[2022-09-20T17:49:05.400+0530] {processor.py:153} INFO - Started process (PID=35651) to work on /home/sayone/This PC/SayOne Technologies/Works/airflow_new/Airflow/venv/lib/python3.8/site-packages/airflow/example_dags/example_latest_only.py
[2022-09-20T17:49:05.403+0530] {processor.py:640} INFO - Processing file /home/sayone/This PC/SayOne Technologies/Works/airflow_new/Airflow/venv/lib/python3.8/site-packages/airflow/example_dags/example_latest_only.py for tasks to queue
[2022-09-20T17:49:05.404+0530] {logging_mixin.py:115} INFO - [2022-09-20T17:49:05.404+0530] {dagbag.py:508} INFO - Filling up the DagBag from /home/sayone/This PC/SayOne Technologies/Works/airflow_new/Airflow/venv/lib/python3.8/site-packages/airflow/example_dags/example_latest_only.py
[2022-09-20T17:49:05.411+0530] {processor.py:650} INFO - DAG(s) dict_keys(['latest_only']) retrieved from /home/sayone/This PC/SayOne Technologies/Works/airflow_new/Airflow/venv/lib/python3.8/site-packages/airflow/example_dags/example_latest_only.py
[2022-09-20T17:49:05.422+0530] {logging_mixin.py:115} INFO - [2022-09-20T17:49:05.422+0530] {dag.py:2429} INFO - Sync 1 DAGs
[2022-09-20T17:49:05.431+0530] {logging_mixin.py:115} INFO - [2022-09-20T17:49:05.431+0530] {dag.py:2977} INFO - Setting next_dagrun for latest_only to 2022-09-20T08:19:05.431507+00:00, run_after=2022-09-20T12:19:05.431507+00:00
[2022-09-20T17:49:05.440+0530] {processor.py:161} INFO - Processing /home/sayone/This PC/SayOne Technologies/Works/airflow_new/Airflow/venv/lib/python3.8/site-packages/airflow/example_dags/example_latest_only.py took 0.044 seconds
[2022-09-20T17:49:41.713+0530] {processor.py:153} INFO - Started process (PID=35718) to work on /home/sayone/This PC/SayOne Technologies/Works/airflow_new/Airflow/venv/lib/python3.8/site-packages/airflow/example_dags/example_latest_only.py
[2022-09-20T17:49:41.716+0530] {processor.py:640} INFO - Processing file /home/sayone/This PC/SayOne Technologies/Works/airflow_new/Airflow/venv/lib/python3.8/site-packages/airflow/example_dags/example_latest_only.py for tasks to queue
[2022-09-20T17:49:41.717+0530] {logging_mixin.py:115} INFO - [2022-09-20T17:49:41.717+0530] {dagbag.py:508} INFO - Filling up the DagBag from /home/sayone/This PC/SayOne Technologies/Works/airflow_new/Airflow/venv/lib/python3.8/site-packages/airflow/example_dags/example_latest_only.py
[2022-09-20T17:49:41.724+0530] {processor.py:650} INFO - DAG(s) dict_keys(['latest_only']) retrieved from /home/sayone/This PC/SayOne Technologies/Works/airflow_new/Airflow/venv/lib/python3.8/site-packages/airflow/example_dags/example_latest_only.py
[2022-09-20T17:49:41.735+0530] {logging_mixin.py:115} INFO - [2022-09-20T17:49:41.735+0530] {dag.py:2429} INFO - Sync 1 DAGs
[2022-09-20T17:49:41.745+0530] {logging_mixin.py:115} INFO - [2022-09-20T17:49:41.744+0530] {dag.py:2977} INFO - Setting next_dagrun for latest_only to 2022-09-20T08:19:41.744782+00:00, run_after=2022-09-20T12:19:41.744782+00:00
[2022-09-20T17:49:41.754+0530] {processor.py:161} INFO - Processing /home/sayone/This PC/SayOne Technologies/Works/airflow_new/Airflow/venv/lib/python3.8/site-packages/airflow/example_dags/example_latest_only.py took 0.045 seconds
[2022-09-20T17:50:19.790+0530] {processor.py:153} INFO - Started process (PID=35829) to work on /home/sayone/This PC/SayOne Technologies/Works/airflow_new/Airflow/venv/lib/python3.8/site-packages/airflow/example_dags/example_latest_only.py
[2022-09-20T17:50:19.794+0530] {processor.py:640} INFO - Processing file /home/sayone/This PC/SayOne Technologies/Works/airflow_new/Airflow/venv/lib/python3.8/site-packages/airflow/example_dags/example_latest_only.py for tasks to queue
[2022-09-20T17:50:19.795+0530] {logging_mixin.py:115} INFO - [2022-09-20T17:50:19.795+0530] {dagbag.py:508} INFO - Filling up the DagBag from /home/sayone/This PC/SayOne Technologies/Works/airflow_new/Airflow/venv/lib/python3.8/site-packages/airflow/example_dags/example_latest_only.py
[2022-09-20T17:50:19.803+0530] {processor.py:650} INFO - DAG(s) dict_keys(['latest_only']) retrieved from /home/sayone/This PC/SayOne Technologies/Works/airflow_new/Airflow/venv/lib/python3.8/site-packages/airflow/example_dags/example_latest_only.py
[2022-09-20T17:50:19.815+0530] {logging_mixin.py:115} INFO - [2022-09-20T17:50:19.815+0530] {dag.py:2429} INFO - Sync 1 DAGs
[2022-09-20T17:50:19.827+0530] {logging_mixin.py:115} INFO - [2022-09-20T17:50:19.827+0530] {dag.py:2977} INFO - Setting next_dagrun for latest_only to 2022-09-20T08:20:19.827277+00:00, run_after=2022-09-20T12:20:19.827277+00:00
[2022-09-20T17:50:19.837+0530] {processor.py:161} INFO - Processing /home/sayone/This PC/SayOne Technologies/Works/airflow_new/Airflow/venv/lib/python3.8/site-packages/airflow/example_dags/example_latest_only.py took 0.051 seconds
[2022-09-20T17:50:55.669+0530] {processor.py:153} INFO - Started process (PID=35935) to work on /home/sayone/This PC/SayOne Technologies/Works/airflow_new/Airflow/venv/lib/python3.8/site-packages/airflow/example_dags/example_latest_only.py
[2022-09-20T17:50:55.671+0530] {processor.py:640} INFO - Processing file /home/sayone/This PC/SayOne Technologies/Works/airflow_new/Airflow/venv/lib/python3.8/site-packages/airflow/example_dags/example_latest_only.py for tasks to queue
[2022-09-20T17:50:55.671+0530] {logging_mixin.py:115} INFO - [2022-09-20T17:50:55.671+0530] {dagbag.py:508} INFO - Filling up the DagBag from /home/sayone/This PC/SayOne Technologies/Works/airflow_new/Airflow/venv/lib/python3.8/site-packages/airflow/example_dags/example_latest_only.py
[2022-09-20T17:50:55.676+0530] {processor.py:650} INFO - DAG(s) dict_keys(['latest_only']) retrieved from /home/sayone/This PC/SayOne Technologies/Works/airflow_new/Airflow/venv/lib/python3.8/site-packages/airflow/example_dags/example_latest_only.py
[2022-09-20T17:50:55.688+0530] {logging_mixin.py:115} INFO - [2022-09-20T17:50:55.688+0530] {dag.py:2429} INFO - Sync 1 DAGs
[2022-09-20T17:50:55.700+0530] {logging_mixin.py:115} INFO - [2022-09-20T17:50:55.700+0530] {dag.py:2977} INFO - Setting next_dagrun for latest_only to 2022-09-20T08:20:55.700368+00:00, run_after=2022-09-20T12:20:55.700368+00:00
[2022-09-20T17:50:55.711+0530] {processor.py:161} INFO - Processing /home/sayone/This PC/SayOne Technologies/Works/airflow_new/Airflow/venv/lib/python3.8/site-packages/airflow/example_dags/example_latest_only.py took 0.044 seconds
[2022-09-20T17:51:31.617+0530] {processor.py:153} INFO - Started process (PID=36000) to work on /home/sayone/This PC/SayOne Technologies/Works/airflow_new/Airflow/venv/lib/python3.8/site-packages/airflow/example_dags/example_latest_only.py
[2022-09-20T17:51:31.620+0530] {processor.py:640} INFO - Processing file /home/sayone/This PC/SayOne Technologies/Works/airflow_new/Airflow/venv/lib/python3.8/site-packages/airflow/example_dags/example_latest_only.py for tasks to queue
[2022-09-20T17:51:31.621+0530] {logging_mixin.py:115} INFO - [2022-09-20T17:51:31.620+0530] {dagbag.py:508} INFO - Filling up the DagBag from /home/sayone/This PC/SayOne Technologies/Works/airflow_new/Airflow/venv/lib/python3.8/site-packages/airflow/example_dags/example_latest_only.py
[2022-09-20T17:51:31.627+0530] {processor.py:650} INFO - DAG(s) dict_keys(['latest_only']) retrieved from /home/sayone/This PC/SayOne Technologies/Works/airflow_new/Airflow/venv/lib/python3.8/site-packages/airflow/example_dags/example_latest_only.py
[2022-09-20T17:51:31.638+0530] {logging_mixin.py:115} INFO - [2022-09-20T17:51:31.638+0530] {dag.py:2429} INFO - Sync 1 DAGs
[2022-09-20T17:51:31.648+0530] {logging_mixin.py:115} INFO - [2022-09-20T17:51:31.647+0530] {dag.py:2977} INFO - Setting next_dagrun for latest_only to 2022-09-20T08:21:31.647759+00:00, run_after=2022-09-20T12:21:31.647759+00:00
[2022-09-20T17:51:31.657+0530] {processor.py:161} INFO - Processing /home/sayone/This PC/SayOne Technologies/Works/airflow_new/Airflow/venv/lib/python3.8/site-packages/airflow/example_dags/example_latest_only.py took 0.045 seconds
[2022-09-20T17:52:10.479+0530] {processor.py:153} INFO - Started process (PID=36102) to work on /home/sayone/This PC/SayOne Technologies/Works/airflow_new/Airflow/venv/lib/python3.8/site-packages/airflow/example_dags/example_latest_only.py
[2022-09-20T17:52:10.482+0530] {processor.py:640} INFO - Processing file /home/sayone/This PC/SayOne Technologies/Works/airflow_new/Airflow/venv/lib/python3.8/site-packages/airflow/example_dags/example_latest_only.py for tasks to queue
[2022-09-20T17:52:10.482+0530] {logging_mixin.py:115} INFO - [2022-09-20T17:52:10.482+0530] {dagbag.py:508} INFO - Filling up the DagBag from /home/sayone/This PC/SayOne Technologies/Works/airflow_new/Airflow/venv/lib/python3.8/site-packages/airflow/example_dags/example_latest_only.py
[2022-09-20T17:52:10.489+0530] {processor.py:650} INFO - DAG(s) dict_keys(['latest_only']) retrieved from /home/sayone/This PC/SayOne Technologies/Works/airflow_new/Airflow/venv/lib/python3.8/site-packages/airflow/example_dags/example_latest_only.py
[2022-09-20T17:52:10.501+0530] {logging_mixin.py:115} INFO - [2022-09-20T17:52:10.500+0530] {dag.py:2429} INFO - Sync 1 DAGs
[2022-09-20T17:52:10.510+0530] {logging_mixin.py:115} INFO - [2022-09-20T17:52:10.510+0530] {dag.py:2977} INFO - Setting next_dagrun for latest_only to 2022-09-20T08:22:10.510173+00:00, run_after=2022-09-20T12:22:10.510173+00:00
[2022-09-20T17:52:10.520+0530] {processor.py:161} INFO - Processing /home/sayone/This PC/SayOne Technologies/Works/airflow_new/Airflow/venv/lib/python3.8/site-packages/airflow/example_dags/example_latest_only.py took 0.042 seconds
[2022-09-20T17:52:47.604+0530] {processor.py:153} INFO - Started process (PID=36319) to work on /home/sayone/This PC/SayOne Technologies/Works/airflow_new/Airflow/venv/lib/python3.8/site-packages/airflow/example_dags/example_latest_only.py
[2022-09-20T17:52:47.607+0530] {processor.py:640} INFO - Processing file /home/sayone/This PC/SayOne Technologies/Works/airflow_new/Airflow/venv/lib/python3.8/site-packages/airflow/example_dags/example_latest_only.py for tasks to queue
[2022-09-20T17:52:47.608+0530] {logging_mixin.py:115} INFO - [2022-09-20T17:52:47.608+0530] {dagbag.py:508} INFO - Filling up the DagBag from /home/sayone/This PC/SayOne Technologies/Works/airflow_new/Airflow/venv/lib/python3.8/site-packages/airflow/example_dags/example_latest_only.py
[2022-09-20T17:52:47.615+0530] {processor.py:650} INFO - DAG(s) dict_keys(['latest_only']) retrieved from /home/sayone/This PC/SayOne Technologies/Works/airflow_new/Airflow/venv/lib/python3.8/site-packages/airflow/example_dags/example_latest_only.py
[2022-09-20T17:52:47.625+0530] {logging_mixin.py:115} INFO - [2022-09-20T17:52:47.625+0530] {dag.py:2429} INFO - Sync 1 DAGs
[2022-09-20T17:52:47.635+0530] {logging_mixin.py:115} INFO - [2022-09-20T17:52:47.635+0530] {dag.py:2977} INFO - Setting next_dagrun for latest_only to 2022-09-20T08:22:47.635224+00:00, run_after=2022-09-20T12:22:47.635224+00:00
[2022-09-20T17:52:47.645+0530] {processor.py:161} INFO - Processing /home/sayone/This PC/SayOne Technologies/Works/airflow_new/Airflow/venv/lib/python3.8/site-packages/airflow/example_dags/example_latest_only.py took 0.045 seconds
[2022-09-20T17:53:22.927+0530] {processor.py:153} INFO - Started process (PID=36423) to work on /home/sayone/This PC/SayOne Technologies/Works/airflow_new/Airflow/venv/lib/python3.8/site-packages/airflow/example_dags/example_latest_only.py
[2022-09-20T17:53:22.930+0530] {processor.py:640} INFO - Processing file /home/sayone/This PC/SayOne Technologies/Works/airflow_new/Airflow/venv/lib/python3.8/site-packages/airflow/example_dags/example_latest_only.py for tasks to queue
[2022-09-20T17:53:22.930+0530] {logging_mixin.py:115} INFO - [2022-09-20T17:53:22.930+0530] {dagbag.py:508} INFO - Filling up the DagBag from /home/sayone/This PC/SayOne Technologies/Works/airflow_new/Airflow/venv/lib/python3.8/site-packages/airflow/example_dags/example_latest_only.py
[2022-09-20T17:53:22.934+0530] {processor.py:650} INFO - DAG(s) dict_keys(['latest_only']) retrieved from /home/sayone/This PC/SayOne Technologies/Works/airflow_new/Airflow/venv/lib/python3.8/site-packages/airflow/example_dags/example_latest_only.py
[2022-09-20T17:53:22.946+0530] {logging_mixin.py:115} INFO - [2022-09-20T17:53:22.945+0530] {dag.py:2429} INFO - Sync 1 DAGs
[2022-09-20T17:53:22.959+0530] {logging_mixin.py:115} INFO - [2022-09-20T17:53:22.959+0530] {dag.py:2977} INFO - Setting next_dagrun for latest_only to 2022-09-20T08:23:22.959526+00:00, run_after=2022-09-20T12:23:22.959526+00:00
[2022-09-20T17:53:22.972+0530] {processor.py:161} INFO - Processing /home/sayone/This PC/SayOne Technologies/Works/airflow_new/Airflow/venv/lib/python3.8/site-packages/airflow/example_dags/example_latest_only.py took 0.047 seconds
