[2022-09-20T17:17:05.596+0530] {processor.py:153} INFO - Started process (PID=28793) to work on /home/sayone/This PC/SayOne Technologies/Works/airflow_new/Airflow/venv/lib/python3.8/site-packages/airflow/example_dags/example_short_circuit_operator.py
[2022-09-20T17:17:05.597+0530] {processor.py:640} INFO - Processing file /home/sayone/This PC/SayOne Technologies/Works/airflow_new/Airflow/venv/lib/python3.8/site-packages/airflow/example_dags/example_short_circuit_operator.py for tasks to queue
[2022-09-20T17:17:05.598+0530] {logging_mixin.py:115} INFO - [2022-09-20T17:17:05.598+0530] {dagbag.py:508} INFO - Filling up the DagBag from /home/sayone/This PC/SayOne Technologies/Works/airflow_new/Airflow/venv/lib/python3.8/site-packages/airflow/example_dags/example_short_circuit_operator.py
[2022-09-20T17:17:05.608+0530] {processor.py:650} INFO - DAG(s) dict_keys(['example_short_circuit_operator']) retrieved from /home/sayone/This PC/SayOne Technologies/Works/airflow_new/Airflow/venv/lib/python3.8/site-packages/airflow/example_dags/example_short_circuit_operator.py
[2022-09-20T17:17:05.669+0530] {logging_mixin.py:115} INFO - [2022-09-20T17:17:05.668+0530] {manager.py:508} INFO - Created Permission View: can edit on DAG:example_short_circuit_operator
[2022-09-20T17:17:05.678+0530] {logging_mixin.py:115} INFO - [2022-09-20T17:17:05.678+0530] {manager.py:508} INFO - Created Permission View: can read on DAG:example_short_circuit_operator
[2022-09-20T17:17:05.685+0530] {logging_mixin.py:115} INFO - [2022-09-20T17:17:05.685+0530] {manager.py:508} INFO - Created Permission View: can delete on DAG:example_short_circuit_operator
[2022-09-20T17:17:05.686+0530] {logging_mixin.py:115} INFO - [2022-09-20T17:17:05.685+0530] {dag.py:2429} INFO - Sync 1 DAGs
[2022-09-20T17:17:05.694+0530] {logging_mixin.py:115} INFO - [2022-09-20T17:17:05.694+0530] {dag.py:2448} INFO - Creating ORM DAG for example_short_circuit_operator
[2022-09-20T17:17:05.700+0530] {logging_mixin.py:115} INFO - [2022-09-20T17:17:05.700+0530] {dag.py:2977} INFO - Setting next_dagrun for example_short_circuit_operator to 2022-09-19T11:47:05.700554+00:00, run_after=2022-09-20T11:47:05.700554+00:00
[2022-09-20T17:17:05.712+0530] {processor.py:161} INFO - Processing /home/sayone/This PC/SayOne Technologies/Works/airflow_new/Airflow/venv/lib/python3.8/site-packages/airflow/example_dags/example_short_circuit_operator.py took 0.118 seconds
[2022-09-20T17:17:42.872+0530] {processor.py:153} INFO - Started process (PID=28993) to work on /home/sayone/This PC/SayOne Technologies/Works/airflow_new/Airflow/venv/lib/python3.8/site-packages/airflow/example_dags/example_short_circuit_operator.py
[2022-09-20T17:17:42.874+0530] {processor.py:640} INFO - Processing file /home/sayone/This PC/SayOne Technologies/Works/airflow_new/Airflow/venv/lib/python3.8/site-packages/airflow/example_dags/example_short_circuit_operator.py for tasks to queue
[2022-09-20T17:17:42.875+0530] {logging_mixin.py:115} INFO - [2022-09-20T17:17:42.875+0530] {dagbag.py:508} INFO - Filling up the DagBag from /home/sayone/This PC/SayOne Technologies/Works/airflow_new/Airflow/venv/lib/python3.8/site-packages/airflow/example_dags/example_short_circuit_operator.py
[2022-09-20T17:17:42.881+0530] {processor.py:650} INFO - DAG(s) dict_keys(['example_short_circuit_operator']) retrieved from /home/sayone/This PC/SayOne Technologies/Works/airflow_new/Airflow/venv/lib/python3.8/site-packages/airflow/example_dags/example_short_circuit_operator.py
[2022-09-20T17:17:42.899+0530] {logging_mixin.py:115} INFO - [2022-09-20T17:17:42.898+0530] {dag.py:2429} INFO - Sync 1 DAGs
[2022-09-20T17:17:42.922+0530] {logging_mixin.py:115} INFO - [2022-09-20T17:17:42.922+0530] {dag.py:2977} INFO - Setting next_dagrun for example_short_circuit_operator to 2022-09-19T11:47:42.922005+00:00, run_after=2022-09-20T11:47:42.922005+00:00
[2022-09-20T17:17:42.941+0530] {processor.py:161} INFO - Processing /home/sayone/This PC/SayOne Technologies/Works/airflow_new/Airflow/venv/lib/python3.8/site-packages/airflow/example_dags/example_short_circuit_operator.py took 0.071 seconds
[2022-09-20T17:18:15.514+0530] {processor.py:153} INFO - Started process (PID=29134) to work on /home/sayone/This PC/SayOne Technologies/Works/airflow_new/Airflow/venv/lib/python3.8/site-packages/airflow/example_dags/example_short_circuit_operator.py
[2022-09-20T17:18:15.515+0530] {processor.py:640} INFO - Processing file /home/sayone/This PC/SayOne Technologies/Works/airflow_new/Airflow/venv/lib/python3.8/site-packages/airflow/example_dags/example_short_circuit_operator.py for tasks to queue
[2022-09-20T17:18:15.515+0530] {logging_mixin.py:115} INFO - [2022-09-20T17:18:15.515+0530] {dagbag.py:508} INFO - Filling up the DagBag from /home/sayone/This PC/SayOne Technologies/Works/airflow_new/Airflow/venv/lib/python3.8/site-packages/airflow/example_dags/example_short_circuit_operator.py
[2022-09-20T17:18:15.524+0530] {processor.py:650} INFO - DAG(s) dict_keys(['example_short_circuit_operator']) retrieved from /home/sayone/This PC/SayOne Technologies/Works/airflow_new/Airflow/venv/lib/python3.8/site-packages/airflow/example_dags/example_short_circuit_operator.py
[2022-09-20T17:18:15.535+0530] {logging_mixin.py:115} INFO - [2022-09-20T17:18:15.534+0530] {dag.py:2429} INFO - Sync 1 DAGs
[2022-09-20T17:18:15.545+0530] {logging_mixin.py:115} INFO - [2022-09-20T17:18:15.545+0530] {dag.py:2977} INFO - Setting next_dagrun for example_short_circuit_operator to 2022-09-19T11:48:15.544900+00:00, run_after=2022-09-20T11:48:15.544900+00:00
[2022-09-20T17:18:15.553+0530] {processor.py:161} INFO - Processing /home/sayone/This PC/SayOne Technologies/Works/airflow_new/Airflow/venv/lib/python3.8/site-packages/airflow/example_dags/example_short_circuit_operator.py took 0.044 seconds
[2022-09-20T17:18:52.772+0530] {processor.py:153} INFO - Started process (PID=29255) to work on /home/sayone/This PC/SayOne Technologies/Works/airflow_new/Airflow/venv/lib/python3.8/site-packages/airflow/example_dags/example_short_circuit_operator.py
[2022-09-20T17:18:52.776+0530] {processor.py:640} INFO - Processing file /home/sayone/This PC/SayOne Technologies/Works/airflow_new/Airflow/venv/lib/python3.8/site-packages/airflow/example_dags/example_short_circuit_operator.py for tasks to queue
[2022-09-20T17:18:52.776+0530] {logging_mixin.py:115} INFO - [2022-09-20T17:18:52.776+0530] {dagbag.py:508} INFO - Filling up the DagBag from /home/sayone/This PC/SayOne Technologies/Works/airflow_new/Airflow/venv/lib/python3.8/site-packages/airflow/example_dags/example_short_circuit_operator.py
[2022-09-20T17:18:52.786+0530] {processor.py:650} INFO - DAG(s) dict_keys(['example_short_circuit_operator']) retrieved from /home/sayone/This PC/SayOne Technologies/Works/airflow_new/Airflow/venv/lib/python3.8/site-packages/airflow/example_dags/example_short_circuit_operator.py
[2022-09-20T17:18:52.796+0530] {logging_mixin.py:115} INFO - [2022-09-20T17:18:52.796+0530] {dag.py:2429} INFO - Sync 1 DAGs
[2022-09-20T17:18:52.807+0530] {logging_mixin.py:115} INFO - [2022-09-20T17:18:52.807+0530] {dag.py:2977} INFO - Setting next_dagrun for example_short_circuit_operator to 2022-09-19T11:48:52.807447+00:00, run_after=2022-09-20T11:48:52.807447+00:00
[2022-09-20T17:18:52.817+0530] {processor.py:161} INFO - Processing /home/sayone/This PC/SayOne Technologies/Works/airflow_new/Airflow/venv/lib/python3.8/site-packages/airflow/example_dags/example_short_circuit_operator.py took 0.048 seconds
[2022-09-20T17:19:27.160+0530] {processor.py:153} INFO - Started process (PID=29373) to work on /home/sayone/This PC/SayOne Technologies/Works/airflow_new/Airflow/venv/lib/python3.8/site-packages/airflow/example_dags/example_short_circuit_operator.py
[2022-09-20T17:19:27.163+0530] {processor.py:640} INFO - Processing file /home/sayone/This PC/SayOne Technologies/Works/airflow_new/Airflow/venv/lib/python3.8/site-packages/airflow/example_dags/example_short_circuit_operator.py for tasks to queue
[2022-09-20T17:19:27.164+0530] {logging_mixin.py:115} INFO - [2022-09-20T17:19:27.164+0530] {dagbag.py:508} INFO - Filling up the DagBag from /home/sayone/This PC/SayOne Technologies/Works/airflow_new/Airflow/venv/lib/python3.8/site-packages/airflow/example_dags/example_short_circuit_operator.py
[2022-09-20T17:19:27.170+0530] {processor.py:650} INFO - DAG(s) dict_keys(['example_short_circuit_operator']) retrieved from /home/sayone/This PC/SayOne Technologies/Works/airflow_new/Airflow/venv/lib/python3.8/site-packages/airflow/example_dags/example_short_circuit_operator.py
[2022-09-20T17:19:27.180+0530] {logging_mixin.py:115} INFO - [2022-09-20T17:19:27.180+0530] {dag.py:2429} INFO - Sync 1 DAGs
[2022-09-20T17:19:27.191+0530] {logging_mixin.py:115} INFO - [2022-09-20T17:19:27.191+0530] {dag.py:2977} INFO - Setting next_dagrun for example_short_circuit_operator to 2022-09-19T11:49:27.191410+00:00, run_after=2022-09-20T11:49:27.191410+00:00
[2022-09-20T17:19:27.201+0530] {processor.py:161} INFO - Processing /home/sayone/This PC/SayOne Technologies/Works/airflow_new/Airflow/venv/lib/python3.8/site-packages/airflow/example_dags/example_short_circuit_operator.py took 0.044 seconds
[2022-09-20T17:20:23.874+0530] {processor.py:153} INFO - Started process (PID=29696) to work on /home/sayone/This PC/SayOne Technologies/Works/airflow_new/Airflow/venv/lib/python3.8/site-packages/airflow/example_dags/example_short_circuit_operator.py
[2022-09-20T17:20:23.876+0530] {processor.py:640} INFO - Processing file /home/sayone/This PC/SayOne Technologies/Works/airflow_new/Airflow/venv/lib/python3.8/site-packages/airflow/example_dags/example_short_circuit_operator.py for tasks to queue
[2022-09-20T17:20:23.877+0530] {logging_mixin.py:115} INFO - [2022-09-20T17:20:23.877+0530] {dagbag.py:508} INFO - Filling up the DagBag from /home/sayone/This PC/SayOne Technologies/Works/airflow_new/Airflow/venv/lib/python3.8/site-packages/airflow/example_dags/example_short_circuit_operator.py
[2022-09-20T17:20:23.883+0530] {processor.py:650} INFO - DAG(s) dict_keys(['example_short_circuit_operator']) retrieved from /home/sayone/This PC/SayOne Technologies/Works/airflow_new/Airflow/venv/lib/python3.8/site-packages/airflow/example_dags/example_short_circuit_operator.py
[2022-09-20T17:20:23.899+0530] {logging_mixin.py:115} INFO - [2022-09-20T17:20:23.898+0530] {dag.py:2429} INFO - Sync 1 DAGs
[2022-09-20T17:20:23.916+0530] {logging_mixin.py:115} INFO - [2022-09-20T17:20:23.916+0530] {dag.py:2977} INFO - Setting next_dagrun for example_short_circuit_operator to 2022-09-19T11:50:23.916121+00:00, run_after=2022-09-20T11:50:23.916121+00:00
[2022-09-20T17:20:23.932+0530] {processor.py:161} INFO - Processing /home/sayone/This PC/SayOne Technologies/Works/airflow_new/Airflow/venv/lib/python3.8/site-packages/airflow/example_dags/example_short_circuit_operator.py took 0.060 seconds
[2022-09-20T17:21:00.708+0530] {processor.py:153} INFO - Started process (PID=29800) to work on /home/sayone/This PC/SayOne Technologies/Works/airflow_new/Airflow/venv/lib/python3.8/site-packages/airflow/example_dags/example_short_circuit_operator.py
[2022-09-20T17:21:00.710+0530] {processor.py:640} INFO - Processing file /home/sayone/This PC/SayOne Technologies/Works/airflow_new/Airflow/venv/lib/python3.8/site-packages/airflow/example_dags/example_short_circuit_operator.py for tasks to queue
[2022-09-20T17:21:00.711+0530] {logging_mixin.py:115} INFO - [2022-09-20T17:21:00.711+0530] {dagbag.py:508} INFO - Filling up the DagBag from /home/sayone/This PC/SayOne Technologies/Works/airflow_new/Airflow/venv/lib/python3.8/site-packages/airflow/example_dags/example_short_circuit_operator.py
[2022-09-20T17:21:00.720+0530] {processor.py:650} INFO - DAG(s) dict_keys(['example_short_circuit_operator']) retrieved from /home/sayone/This PC/SayOne Technologies/Works/airflow_new/Airflow/venv/lib/python3.8/site-packages/airflow/example_dags/example_short_circuit_operator.py
[2022-09-20T17:21:00.730+0530] {logging_mixin.py:115} INFO - [2022-09-20T17:21:00.730+0530] {dag.py:2429} INFO - Sync 1 DAGs
[2022-09-20T17:21:00.740+0530] {logging_mixin.py:115} INFO - [2022-09-20T17:21:00.740+0530] {dag.py:2977} INFO - Setting next_dagrun for example_short_circuit_operator to 2022-09-19T11:51:00.740432+00:00, run_after=2022-09-20T11:51:00.740432+00:00
[2022-09-20T17:21:00.749+0530] {processor.py:161} INFO - Processing /home/sayone/This PC/SayOne Technologies/Works/airflow_new/Airflow/venv/lib/python3.8/site-packages/airflow/example_dags/example_short_circuit_operator.py took 0.045 seconds
[2022-09-20T17:21:34.968+0530] {processor.py:153} INFO - Started process (PID=29898) to work on /home/sayone/This PC/SayOne Technologies/Works/airflow_new/Airflow/venv/lib/python3.8/site-packages/airflow/example_dags/example_short_circuit_operator.py
[2022-09-20T17:21:34.971+0530] {processor.py:640} INFO - Processing file /home/sayone/This PC/SayOne Technologies/Works/airflow_new/Airflow/venv/lib/python3.8/site-packages/airflow/example_dags/example_short_circuit_operator.py for tasks to queue
[2022-09-20T17:21:34.972+0530] {logging_mixin.py:115} INFO - [2022-09-20T17:21:34.971+0530] {dagbag.py:508} INFO - Filling up the DagBag from /home/sayone/This PC/SayOne Technologies/Works/airflow_new/Airflow/venv/lib/python3.8/site-packages/airflow/example_dags/example_short_circuit_operator.py
[2022-09-20T17:21:34.979+0530] {processor.py:650} INFO - DAG(s) dict_keys(['example_short_circuit_operator']) retrieved from /home/sayone/This PC/SayOne Technologies/Works/airflow_new/Airflow/venv/lib/python3.8/site-packages/airflow/example_dags/example_short_circuit_operator.py
[2022-09-20T17:21:34.989+0530] {logging_mixin.py:115} INFO - [2022-09-20T17:21:34.989+0530] {dag.py:2429} INFO - Sync 1 DAGs
[2022-09-20T17:21:35.000+0530] {logging_mixin.py:115} INFO - [2022-09-20T17:21:35.000+0530] {dag.py:2977} INFO - Setting next_dagrun for example_short_circuit_operator to 2022-09-19T11:51:35.000293+00:00, run_after=2022-09-20T11:51:35.000293+00:00
[2022-09-20T17:21:35.009+0530] {processor.py:161} INFO - Processing /home/sayone/This PC/SayOne Technologies/Works/airflow_new/Airflow/venv/lib/python3.8/site-packages/airflow/example_dags/example_short_circuit_operator.py took 0.045 seconds
[2022-09-20T17:22:12.806+0530] {processor.py:153} INFO - Started process (PID=30178) to work on /home/sayone/This PC/SayOne Technologies/Works/airflow_new/Airflow/venv/lib/python3.8/site-packages/airflow/example_dags/example_short_circuit_operator.py
[2022-09-20T17:22:12.809+0530] {processor.py:640} INFO - Processing file /home/sayone/This PC/SayOne Technologies/Works/airflow_new/Airflow/venv/lib/python3.8/site-packages/airflow/example_dags/example_short_circuit_operator.py for tasks to queue
[2022-09-20T17:22:12.809+0530] {logging_mixin.py:115} INFO - [2022-09-20T17:22:12.809+0530] {dagbag.py:508} INFO - Filling up the DagBag from /home/sayone/This PC/SayOne Technologies/Works/airflow_new/Airflow/venv/lib/python3.8/site-packages/airflow/example_dags/example_short_circuit_operator.py
[2022-09-20T17:22:12.816+0530] {processor.py:650} INFO - DAG(s) dict_keys(['example_short_circuit_operator']) retrieved from /home/sayone/This PC/SayOne Technologies/Works/airflow_new/Airflow/venv/lib/python3.8/site-packages/airflow/example_dags/example_short_circuit_operator.py
[2022-09-20T17:22:12.827+0530] {logging_mixin.py:115} INFO - [2022-09-20T17:22:12.826+0530] {dag.py:2429} INFO - Sync 1 DAGs
[2022-09-20T17:22:12.836+0530] {logging_mixin.py:115} INFO - [2022-09-20T17:22:12.836+0530] {dag.py:2977} INFO - Setting next_dagrun for example_short_circuit_operator to 2022-09-19T11:52:12.836623+00:00, run_after=2022-09-20T11:52:12.836623+00:00
[2022-09-20T17:22:12.847+0530] {processor.py:161} INFO - Processing /home/sayone/This PC/SayOne Technologies/Works/airflow_new/Airflow/venv/lib/python3.8/site-packages/airflow/example_dags/example_short_circuit_operator.py took 0.043 seconds
[2022-09-20T17:22:46.938+0530] {processor.py:153} INFO - Started process (PID=30298) to work on /home/sayone/This PC/SayOne Technologies/Works/airflow_new/Airflow/venv/lib/python3.8/site-packages/airflow/example_dags/example_short_circuit_operator.py
[2022-09-20T17:22:46.941+0530] {processor.py:640} INFO - Processing file /home/sayone/This PC/SayOne Technologies/Works/airflow_new/Airflow/venv/lib/python3.8/site-packages/airflow/example_dags/example_short_circuit_operator.py for tasks to queue
[2022-09-20T17:22:46.942+0530] {logging_mixin.py:115} INFO - [2022-09-20T17:22:46.942+0530] {dagbag.py:508} INFO - Filling up the DagBag from /home/sayone/This PC/SayOne Technologies/Works/airflow_new/Airflow/venv/lib/python3.8/site-packages/airflow/example_dags/example_short_circuit_operator.py
[2022-09-20T17:22:46.952+0530] {processor.py:650} INFO - DAG(s) dict_keys(['example_short_circuit_operator']) retrieved from /home/sayone/This PC/SayOne Technologies/Works/airflow_new/Airflow/venv/lib/python3.8/site-packages/airflow/example_dags/example_short_circuit_operator.py
[2022-09-20T17:22:46.964+0530] {logging_mixin.py:115} INFO - [2022-09-20T17:22:46.963+0530] {dag.py:2429} INFO - Sync 1 DAGs
[2022-09-20T17:22:46.979+0530] {logging_mixin.py:115} INFO - [2022-09-20T17:22:46.979+0530] {dag.py:2977} INFO - Setting next_dagrun for example_short_circuit_operator to 2022-09-19T11:52:46.979637+00:00, run_after=2022-09-20T11:52:46.979637+00:00
[2022-09-20T17:22:46.992+0530] {processor.py:161} INFO - Processing /home/sayone/This PC/SayOne Technologies/Works/airflow_new/Airflow/venv/lib/python3.8/site-packages/airflow/example_dags/example_short_circuit_operator.py took 0.058 seconds
[2022-09-20T17:23:47.707+0530] {processor.py:153} INFO - Started process (PID=30485) to work on /home/sayone/This PC/SayOne Technologies/Works/airflow_new/Airflow/venv/lib/python3.8/site-packages/airflow/example_dags/example_short_circuit_operator.py
[2022-09-20T17:23:47.710+0530] {processor.py:640} INFO - Processing file /home/sayone/This PC/SayOne Technologies/Works/airflow_new/Airflow/venv/lib/python3.8/site-packages/airflow/example_dags/example_short_circuit_operator.py for tasks to queue
[2022-09-20T17:23:47.711+0530] {logging_mixin.py:115} INFO - [2022-09-20T17:23:47.710+0530] {dagbag.py:508} INFO - Filling up the DagBag from /home/sayone/This PC/SayOne Technologies/Works/airflow_new/Airflow/venv/lib/python3.8/site-packages/airflow/example_dags/example_short_circuit_operator.py
[2022-09-20T17:23:47.716+0530] {processor.py:650} INFO - DAG(s) dict_keys(['example_short_circuit_operator']) retrieved from /home/sayone/This PC/SayOne Technologies/Works/airflow_new/Airflow/venv/lib/python3.8/site-packages/airflow/example_dags/example_short_circuit_operator.py
[2022-09-20T17:23:47.731+0530] {logging_mixin.py:115} INFO - [2022-09-20T17:23:47.731+0530] {dag.py:2429} INFO - Sync 1 DAGs
[2022-09-20T17:23:47.749+0530] {logging_mixin.py:115} INFO - [2022-09-20T17:23:47.748+0530] {dag.py:2977} INFO - Setting next_dagrun for example_short_circuit_operator to 2022-09-19T11:53:47.748592+00:00, run_after=2022-09-20T11:53:47.748592+00:00
[2022-09-20T17:23:47.759+0530] {processor.py:161} INFO - Processing /home/sayone/This PC/SayOne Technologies/Works/airflow_new/Airflow/venv/lib/python3.8/site-packages/airflow/example_dags/example_short_circuit_operator.py took 0.054 seconds
[2022-09-20T17:24:24.842+0530] {processor.py:153} INFO - Started process (PID=30643) to work on /home/sayone/This PC/SayOne Technologies/Works/airflow_new/Airflow/venv/lib/python3.8/site-packages/airflow/example_dags/example_short_circuit_operator.py
[2022-09-20T17:24:24.844+0530] {processor.py:640} INFO - Processing file /home/sayone/This PC/SayOne Technologies/Works/airflow_new/Airflow/venv/lib/python3.8/site-packages/airflow/example_dags/example_short_circuit_operator.py for tasks to queue
[2022-09-20T17:24:24.845+0530] {logging_mixin.py:115} INFO - [2022-09-20T17:24:24.845+0530] {dagbag.py:508} INFO - Filling up the DagBag from /home/sayone/This PC/SayOne Technologies/Works/airflow_new/Airflow/venv/lib/python3.8/site-packages/airflow/example_dags/example_short_circuit_operator.py
[2022-09-20T17:24:24.851+0530] {processor.py:650} INFO - DAG(s) dict_keys(['example_short_circuit_operator']) retrieved from /home/sayone/This PC/SayOne Technologies/Works/airflow_new/Airflow/venv/lib/python3.8/site-packages/airflow/example_dags/example_short_circuit_operator.py
[2022-09-20T17:24:24.863+0530] {logging_mixin.py:115} INFO - [2022-09-20T17:24:24.863+0530] {dag.py:2429} INFO - Sync 1 DAGs
[2022-09-20T17:24:24.874+0530] {logging_mixin.py:115} INFO - [2022-09-20T17:24:24.874+0530] {dag.py:2977} INFO - Setting next_dagrun for example_short_circuit_operator to 2022-09-19T11:54:24.874499+00:00, run_after=2022-09-20T11:54:24.874499+00:00
[2022-09-20T17:24:24.883+0530] {processor.py:161} INFO - Processing /home/sayone/This PC/SayOne Technologies/Works/airflow_new/Airflow/venv/lib/python3.8/site-packages/airflow/example_dags/example_short_circuit_operator.py took 0.045 seconds
[2022-09-20T17:24:59.640+0530] {processor.py:153} INFO - Started process (PID=30912) to work on /home/sayone/This PC/SayOne Technologies/Works/airflow_new/Airflow/venv/lib/python3.8/site-packages/airflow/example_dags/example_short_circuit_operator.py
[2022-09-20T17:24:59.643+0530] {processor.py:640} INFO - Processing file /home/sayone/This PC/SayOne Technologies/Works/airflow_new/Airflow/venv/lib/python3.8/site-packages/airflow/example_dags/example_short_circuit_operator.py for tasks to queue
[2022-09-20T17:24:59.644+0530] {logging_mixin.py:115} INFO - [2022-09-20T17:24:59.644+0530] {dagbag.py:508} INFO - Filling up the DagBag from /home/sayone/This PC/SayOne Technologies/Works/airflow_new/Airflow/venv/lib/python3.8/site-packages/airflow/example_dags/example_short_circuit_operator.py
[2022-09-20T17:24:59.653+0530] {processor.py:650} INFO - DAG(s) dict_keys(['example_short_circuit_operator']) retrieved from /home/sayone/This PC/SayOne Technologies/Works/airflow_new/Airflow/venv/lib/python3.8/site-packages/airflow/example_dags/example_short_circuit_operator.py
[2022-09-20T17:24:59.664+0530] {logging_mixin.py:115} INFO - [2022-09-20T17:24:59.664+0530] {dag.py:2429} INFO - Sync 1 DAGs
[2022-09-20T17:24:59.675+0530] {logging_mixin.py:115} INFO - [2022-09-20T17:24:59.675+0530] {dag.py:2977} INFO - Setting next_dagrun for example_short_circuit_operator to 2022-09-19T11:54:59.674938+00:00, run_after=2022-09-20T11:54:59.674938+00:00
[2022-09-20T17:24:59.684+0530] {processor.py:161} INFO - Processing /home/sayone/This PC/SayOne Technologies/Works/airflow_new/Airflow/venv/lib/python3.8/site-packages/airflow/example_dags/example_short_circuit_operator.py took 0.048 seconds
[2022-09-20T17:25:35.660+0530] {processor.py:153} INFO - Started process (PID=31017) to work on /home/sayone/This PC/SayOne Technologies/Works/airflow_new/Airflow/venv/lib/python3.8/site-packages/airflow/example_dags/example_short_circuit_operator.py
[2022-09-20T17:25:35.662+0530] {processor.py:640} INFO - Processing file /home/sayone/This PC/SayOne Technologies/Works/airflow_new/Airflow/venv/lib/python3.8/site-packages/airflow/example_dags/example_short_circuit_operator.py for tasks to queue
[2022-09-20T17:25:35.663+0530] {logging_mixin.py:115} INFO - [2022-09-20T17:25:35.663+0530] {dagbag.py:508} INFO - Filling up the DagBag from /home/sayone/This PC/SayOne Technologies/Works/airflow_new/Airflow/venv/lib/python3.8/site-packages/airflow/example_dags/example_short_circuit_operator.py
[2022-09-20T17:25:35.675+0530] {processor.py:650} INFO - DAG(s) dict_keys(['example_short_circuit_operator']) retrieved from /home/sayone/This PC/SayOne Technologies/Works/airflow_new/Airflow/venv/lib/python3.8/site-packages/airflow/example_dags/example_short_circuit_operator.py
[2022-09-20T17:25:35.687+0530] {logging_mixin.py:115} INFO - [2022-09-20T17:25:35.686+0530] {dag.py:2429} INFO - Sync 1 DAGs
[2022-09-20T17:25:35.696+0530] {logging_mixin.py:115} INFO - [2022-09-20T17:25:35.696+0530] {dag.py:2977} INFO - Setting next_dagrun for example_short_circuit_operator to 2022-09-19T11:55:35.696288+00:00, run_after=2022-09-20T11:55:35.696288+00:00
[2022-09-20T17:25:35.704+0530] {processor.py:161} INFO - Processing /home/sayone/This PC/SayOne Technologies/Works/airflow_new/Airflow/venv/lib/python3.8/site-packages/airflow/example_dags/example_short_circuit_operator.py took 0.046 seconds
[2022-09-20T17:26:12.762+0530] {processor.py:153} INFO - Started process (PID=31135) to work on /home/sayone/This PC/SayOne Technologies/Works/airflow_new/Airflow/venv/lib/python3.8/site-packages/airflow/example_dags/example_short_circuit_operator.py
[2022-09-20T17:26:12.764+0530] {processor.py:640} INFO - Processing file /home/sayone/This PC/SayOne Technologies/Works/airflow_new/Airflow/venv/lib/python3.8/site-packages/airflow/example_dags/example_short_circuit_operator.py for tasks to queue
[2022-09-20T17:26:12.765+0530] {logging_mixin.py:115} INFO - [2022-09-20T17:26:12.765+0530] {dagbag.py:508} INFO - Filling up the DagBag from /home/sayone/This PC/SayOne Technologies/Works/airflow_new/Airflow/venv/lib/python3.8/site-packages/airflow/example_dags/example_short_circuit_operator.py
[2022-09-20T17:26:12.777+0530] {processor.py:650} INFO - DAG(s) dict_keys(['example_short_circuit_operator']) retrieved from /home/sayone/This PC/SayOne Technologies/Works/airflow_new/Airflow/venv/lib/python3.8/site-packages/airflow/example_dags/example_short_circuit_operator.py
[2022-09-20T17:26:12.787+0530] {logging_mixin.py:115} INFO - [2022-09-20T17:26:12.787+0530] {dag.py:2429} INFO - Sync 1 DAGs
[2022-09-20T17:26:12.796+0530] {logging_mixin.py:115} INFO - [2022-09-20T17:26:12.796+0530] {dag.py:2977} INFO - Setting next_dagrun for example_short_circuit_operator to 2022-09-19T11:56:12.796726+00:00, run_after=2022-09-20T11:56:12.796726+00:00
[2022-09-20T17:26:12.805+0530] {processor.py:161} INFO - Processing /home/sayone/This PC/SayOne Technologies/Works/airflow_new/Airflow/venv/lib/python3.8/site-packages/airflow/example_dags/example_short_circuit_operator.py took 0.045 seconds
[2022-09-20T17:26:48.745+0530] {processor.py:153} INFO - Started process (PID=31248) to work on /home/sayone/This PC/SayOne Technologies/Works/airflow_new/Airflow/venv/lib/python3.8/site-packages/airflow/example_dags/example_short_circuit_operator.py
[2022-09-20T17:26:48.748+0530] {processor.py:640} INFO - Processing file /home/sayone/This PC/SayOne Technologies/Works/airflow_new/Airflow/venv/lib/python3.8/site-packages/airflow/example_dags/example_short_circuit_operator.py for tasks to queue
[2022-09-20T17:26:48.749+0530] {logging_mixin.py:115} INFO - [2022-09-20T17:26:48.749+0530] {dagbag.py:508} INFO - Filling up the DagBag from /home/sayone/This PC/SayOne Technologies/Works/airflow_new/Airflow/venv/lib/python3.8/site-packages/airflow/example_dags/example_short_circuit_operator.py
[2022-09-20T17:26:48.759+0530] {processor.py:650} INFO - DAG(s) dict_keys(['example_short_circuit_operator']) retrieved from /home/sayone/This PC/SayOne Technologies/Works/airflow_new/Airflow/venv/lib/python3.8/site-packages/airflow/example_dags/example_short_circuit_operator.py
[2022-09-20T17:26:48.769+0530] {logging_mixin.py:115} INFO - [2022-09-20T17:26:48.769+0530] {dag.py:2429} INFO - Sync 1 DAGs
[2022-09-20T17:26:48.779+0530] {logging_mixin.py:115} INFO - [2022-09-20T17:26:48.778+0530] {dag.py:2977} INFO - Setting next_dagrun for example_short_circuit_operator to 2022-09-19T11:56:48.778737+00:00, run_after=2022-09-20T11:56:48.778737+00:00
[2022-09-20T17:26:48.787+0530] {processor.py:161} INFO - Processing /home/sayone/This PC/SayOne Technologies/Works/airflow_new/Airflow/venv/lib/python3.8/site-packages/airflow/example_dags/example_short_circuit_operator.py took 0.047 seconds
[2022-09-20T17:27:25.858+0530] {processor.py:153} INFO - Started process (PID=31532) to work on /home/sayone/This PC/SayOne Technologies/Works/airflow_new/Airflow/venv/lib/python3.8/site-packages/airflow/example_dags/example_short_circuit_operator.py
[2022-09-20T17:27:25.861+0530] {processor.py:640} INFO - Processing file /home/sayone/This PC/SayOne Technologies/Works/airflow_new/Airflow/venv/lib/python3.8/site-packages/airflow/example_dags/example_short_circuit_operator.py for tasks to queue
[2022-09-20T17:27:25.863+0530] {logging_mixin.py:115} INFO - [2022-09-20T17:27:25.862+0530] {dagbag.py:508} INFO - Filling up the DagBag from /home/sayone/This PC/SayOne Technologies/Works/airflow_new/Airflow/venv/lib/python3.8/site-packages/airflow/example_dags/example_short_circuit_operator.py
[2022-09-20T17:27:25.873+0530] {processor.py:650} INFO - DAG(s) dict_keys(['example_short_circuit_operator']) retrieved from /home/sayone/This PC/SayOne Technologies/Works/airflow_new/Airflow/venv/lib/python3.8/site-packages/airflow/example_dags/example_short_circuit_operator.py
[2022-09-20T17:27:25.883+0530] {logging_mixin.py:115} INFO - [2022-09-20T17:27:25.883+0530] {dag.py:2429} INFO - Sync 1 DAGs
[2022-09-20T17:27:25.893+0530] {logging_mixin.py:115} INFO - [2022-09-20T17:27:25.893+0530] {dag.py:2977} INFO - Setting next_dagrun for example_short_circuit_operator to 2022-09-19T11:57:25.893361+00:00, run_after=2022-09-20T11:57:25.893361+00:00
[2022-09-20T17:27:25.904+0530] {processor.py:161} INFO - Processing /home/sayone/This PC/SayOne Technologies/Works/airflow_new/Airflow/venv/lib/python3.8/site-packages/airflow/example_dags/example_short_circuit_operator.py took 0.050 seconds
[2022-09-20T17:28:01.762+0530] {processor.py:153} INFO - Started process (PID=31648) to work on /home/sayone/This PC/SayOne Technologies/Works/airflow_new/Airflow/venv/lib/python3.8/site-packages/airflow/example_dags/example_short_circuit_operator.py
[2022-09-20T17:28:01.765+0530] {processor.py:640} INFO - Processing file /home/sayone/This PC/SayOne Technologies/Works/airflow_new/Airflow/venv/lib/python3.8/site-packages/airflow/example_dags/example_short_circuit_operator.py for tasks to queue
[2022-09-20T17:28:01.765+0530] {logging_mixin.py:115} INFO - [2022-09-20T17:28:01.765+0530] {dagbag.py:508} INFO - Filling up the DagBag from /home/sayone/This PC/SayOne Technologies/Works/airflow_new/Airflow/venv/lib/python3.8/site-packages/airflow/example_dags/example_short_circuit_operator.py
[2022-09-20T17:28:01.772+0530] {processor.py:650} INFO - DAG(s) dict_keys(['example_short_circuit_operator']) retrieved from /home/sayone/This PC/SayOne Technologies/Works/airflow_new/Airflow/venv/lib/python3.8/site-packages/airflow/example_dags/example_short_circuit_operator.py
[2022-09-20T17:28:01.782+0530] {logging_mixin.py:115} INFO - [2022-09-20T17:28:01.782+0530] {dag.py:2429} INFO - Sync 1 DAGs
[2022-09-20T17:28:01.791+0530] {logging_mixin.py:115} INFO - [2022-09-20T17:28:01.791+0530] {dag.py:2977} INFO - Setting next_dagrun for example_short_circuit_operator to 2022-09-19T11:58:01.791561+00:00, run_after=2022-09-20T11:58:01.791561+00:00
[2022-09-20T17:28:01.800+0530] {processor.py:161} INFO - Processing /home/sayone/This PC/SayOne Technologies/Works/airflow_new/Airflow/venv/lib/python3.8/site-packages/airflow/example_dags/example_short_circuit_operator.py took 0.040 seconds
[2022-09-20T17:28:37.807+0530] {processor.py:153} INFO - Started process (PID=31724) to work on /home/sayone/This PC/SayOne Technologies/Works/airflow_new/Airflow/venv/lib/python3.8/site-packages/airflow/example_dags/example_short_circuit_operator.py
[2022-09-20T17:28:37.810+0530] {processor.py:640} INFO - Processing file /home/sayone/This PC/SayOne Technologies/Works/airflow_new/Airflow/venv/lib/python3.8/site-packages/airflow/example_dags/example_short_circuit_operator.py for tasks to queue
[2022-09-20T17:28:37.811+0530] {logging_mixin.py:115} INFO - [2022-09-20T17:28:37.811+0530] {dagbag.py:508} INFO - Filling up the DagBag from /home/sayone/This PC/SayOne Technologies/Works/airflow_new/Airflow/venv/lib/python3.8/site-packages/airflow/example_dags/example_short_circuit_operator.py
[2022-09-20T17:28:37.823+0530] {processor.py:650} INFO - DAG(s) dict_keys(['example_short_circuit_operator']) retrieved from /home/sayone/This PC/SayOne Technologies/Works/airflow_new/Airflow/venv/lib/python3.8/site-packages/airflow/example_dags/example_short_circuit_operator.py
[2022-09-20T17:28:37.833+0530] {logging_mixin.py:115} INFO - [2022-09-20T17:28:37.833+0530] {dag.py:2429} INFO - Sync 1 DAGs
[2022-09-20T17:28:37.842+0530] {logging_mixin.py:115} INFO - [2022-09-20T17:28:37.842+0530] {dag.py:2977} INFO - Setting next_dagrun for example_short_circuit_operator to 2022-09-19T11:58:37.841996+00:00, run_after=2022-09-20T11:58:37.841996+00:00
[2022-09-20T17:28:37.852+0530] {processor.py:161} INFO - Processing /home/sayone/This PC/SayOne Technologies/Works/airflow_new/Airflow/venv/lib/python3.8/site-packages/airflow/example_dags/example_short_circuit_operator.py took 0.048 seconds
[2022-09-20T17:29:15.035+0530] {processor.py:153} INFO - Started process (PID=31852) to work on /home/sayone/This PC/SayOne Technologies/Works/airflow_new/Airflow/venv/lib/python3.8/site-packages/airflow/example_dags/example_short_circuit_operator.py
[2022-09-20T17:29:15.038+0530] {processor.py:640} INFO - Processing file /home/sayone/This PC/SayOne Technologies/Works/airflow_new/Airflow/venv/lib/python3.8/site-packages/airflow/example_dags/example_short_circuit_operator.py for tasks to queue
[2022-09-20T17:29:15.039+0530] {logging_mixin.py:115} INFO - [2022-09-20T17:29:15.039+0530] {dagbag.py:508} INFO - Filling up the DagBag from /home/sayone/This PC/SayOne Technologies/Works/airflow_new/Airflow/venv/lib/python3.8/site-packages/airflow/example_dags/example_short_circuit_operator.py
[2022-09-20T17:29:15.050+0530] {processor.py:650} INFO - DAG(s) dict_keys(['example_short_circuit_operator']) retrieved from /home/sayone/This PC/SayOne Technologies/Works/airflow_new/Airflow/venv/lib/python3.8/site-packages/airflow/example_dags/example_short_circuit_operator.py
[2022-09-20T17:29:15.061+0530] {logging_mixin.py:115} INFO - [2022-09-20T17:29:15.061+0530] {dag.py:2429} INFO - Sync 1 DAGs
[2022-09-20T17:29:15.070+0530] {logging_mixin.py:115} INFO - [2022-09-20T17:29:15.070+0530] {dag.py:2977} INFO - Setting next_dagrun for example_short_circuit_operator to 2022-09-19T11:59:15.070338+00:00, run_after=2022-09-20T11:59:15.070338+00:00
[2022-09-20T17:29:15.080+0530] {processor.py:161} INFO - Processing /home/sayone/This PC/SayOne Technologies/Works/airflow_new/Airflow/venv/lib/python3.8/site-packages/airflow/example_dags/example_short_circuit_operator.py took 0.046 seconds
[2022-09-20T17:29:49.659+0530] {processor.py:153} INFO - Started process (PID=32017) to work on /home/sayone/This PC/SayOne Technologies/Works/airflow_new/Airflow/venv/lib/python3.8/site-packages/airflow/example_dags/example_short_circuit_operator.py
[2022-09-20T17:29:49.662+0530] {processor.py:640} INFO - Processing file /home/sayone/This PC/SayOne Technologies/Works/airflow_new/Airflow/venv/lib/python3.8/site-packages/airflow/example_dags/example_short_circuit_operator.py for tasks to queue
[2022-09-20T17:29:49.663+0530] {logging_mixin.py:115} INFO - [2022-09-20T17:29:49.663+0530] {dagbag.py:508} INFO - Filling up the DagBag from /home/sayone/This PC/SayOne Technologies/Works/airflow_new/Airflow/venv/lib/python3.8/site-packages/airflow/example_dags/example_short_circuit_operator.py
[2022-09-20T17:29:49.675+0530] {processor.py:650} INFO - DAG(s) dict_keys(['example_short_circuit_operator']) retrieved from /home/sayone/This PC/SayOne Technologies/Works/airflow_new/Airflow/venv/lib/python3.8/site-packages/airflow/example_dags/example_short_circuit_operator.py
[2022-09-20T17:29:49.686+0530] {logging_mixin.py:115} INFO - [2022-09-20T17:29:49.685+0530] {dag.py:2429} INFO - Sync 1 DAGs
[2022-09-20T17:29:49.696+0530] {logging_mixin.py:115} INFO - [2022-09-20T17:29:49.696+0530] {dag.py:2977} INFO - Setting next_dagrun for example_short_circuit_operator to 2022-09-19T11:59:49.696731+00:00, run_after=2022-09-20T11:59:49.696731+00:00
[2022-09-20T17:29:49.706+0530] {processor.py:161} INFO - Processing /home/sayone/This PC/SayOne Technologies/Works/airflow_new/Airflow/venv/lib/python3.8/site-packages/airflow/example_dags/example_short_circuit_operator.py took 0.052 seconds
[2022-09-20T17:30:26.819+0530] {processor.py:153} INFO - Started process (PID=32112) to work on /home/sayone/This PC/SayOne Technologies/Works/airflow_new/Airflow/venv/lib/python3.8/site-packages/airflow/example_dags/example_short_circuit_operator.py
[2022-09-20T17:30:26.821+0530] {processor.py:640} INFO - Processing file /home/sayone/This PC/SayOne Technologies/Works/airflow_new/Airflow/venv/lib/python3.8/site-packages/airflow/example_dags/example_short_circuit_operator.py for tasks to queue
[2022-09-20T17:30:26.822+0530] {logging_mixin.py:115} INFO - [2022-09-20T17:30:26.822+0530] {dagbag.py:508} INFO - Filling up the DagBag from /home/sayone/This PC/SayOne Technologies/Works/airflow_new/Airflow/venv/lib/python3.8/site-packages/airflow/example_dags/example_short_circuit_operator.py
[2022-09-20T17:30:26.830+0530] {processor.py:650} INFO - DAG(s) dict_keys(['example_short_circuit_operator']) retrieved from /home/sayone/This PC/SayOne Technologies/Works/airflow_new/Airflow/venv/lib/python3.8/site-packages/airflow/example_dags/example_short_circuit_operator.py
[2022-09-20T17:30:26.839+0530] {logging_mixin.py:115} INFO - [2022-09-20T17:30:26.839+0530] {dag.py:2429} INFO - Sync 1 DAGs
[2022-09-20T17:30:26.848+0530] {logging_mixin.py:115} INFO - [2022-09-20T17:30:26.848+0530] {dag.py:2977} INFO - Setting next_dagrun for example_short_circuit_operator to 2022-09-19T12:00:26.848637+00:00, run_after=2022-09-20T12:00:26.848637+00:00
[2022-09-20T17:30:26.859+0530] {processor.py:161} INFO - Processing /home/sayone/This PC/SayOne Technologies/Works/airflow_new/Airflow/venv/lib/python3.8/site-packages/airflow/example_dags/example_short_circuit_operator.py took 0.042 seconds
[2022-09-20T17:31:02.761+0530] {processor.py:153} INFO - Started process (PID=32236) to work on /home/sayone/This PC/SayOne Technologies/Works/airflow_new/Airflow/venv/lib/python3.8/site-packages/airflow/example_dags/example_short_circuit_operator.py
[2022-09-20T17:31:02.764+0530] {processor.py:640} INFO - Processing file /home/sayone/This PC/SayOne Technologies/Works/airflow_new/Airflow/venv/lib/python3.8/site-packages/airflow/example_dags/example_short_circuit_operator.py for tasks to queue
[2022-09-20T17:31:02.765+0530] {logging_mixin.py:115} INFO - [2022-09-20T17:31:02.764+0530] {dagbag.py:508} INFO - Filling up the DagBag from /home/sayone/This PC/SayOne Technologies/Works/airflow_new/Airflow/venv/lib/python3.8/site-packages/airflow/example_dags/example_short_circuit_operator.py
[2022-09-20T17:31:02.772+0530] {processor.py:650} INFO - DAG(s) dict_keys(['example_short_circuit_operator']) retrieved from /home/sayone/This PC/SayOne Technologies/Works/airflow_new/Airflow/venv/lib/python3.8/site-packages/airflow/example_dags/example_short_circuit_operator.py
[2022-09-20T17:31:02.781+0530] {logging_mixin.py:115} INFO - [2022-09-20T17:31:02.781+0530] {dag.py:2429} INFO - Sync 1 DAGs
[2022-09-20T17:31:02.791+0530] {logging_mixin.py:115} INFO - [2022-09-20T17:31:02.790+0530] {dag.py:2977} INFO - Setting next_dagrun for example_short_circuit_operator to 2022-09-19T12:01:02.790840+00:00, run_after=2022-09-20T12:01:02.790840+00:00
[2022-09-20T17:31:02.800+0530] {processor.py:161} INFO - Processing /home/sayone/This PC/SayOne Technologies/Works/airflow_new/Airflow/venv/lib/python3.8/site-packages/airflow/example_dags/example_short_circuit_operator.py took 0.041 seconds
[2022-09-20T17:31:39.562+0530] {processor.py:153} INFO - Started process (PID=32310) to work on /home/sayone/This PC/SayOne Technologies/Works/airflow_new/Airflow/venv/lib/python3.8/site-packages/airflow/example_dags/example_short_circuit_operator.py
[2022-09-20T17:31:39.565+0530] {processor.py:640} INFO - Processing file /home/sayone/This PC/SayOne Technologies/Works/airflow_new/Airflow/venv/lib/python3.8/site-packages/airflow/example_dags/example_short_circuit_operator.py for tasks to queue
[2022-09-20T17:31:39.566+0530] {logging_mixin.py:115} INFO - [2022-09-20T17:31:39.566+0530] {dagbag.py:508} INFO - Filling up the DagBag from /home/sayone/This PC/SayOne Technologies/Works/airflow_new/Airflow/venv/lib/python3.8/site-packages/airflow/example_dags/example_short_circuit_operator.py
[2022-09-20T17:31:39.577+0530] {processor.py:650} INFO - DAG(s) dict_keys(['example_short_circuit_operator']) retrieved from /home/sayone/This PC/SayOne Technologies/Works/airflow_new/Airflow/venv/lib/python3.8/site-packages/airflow/example_dags/example_short_circuit_operator.py
[2022-09-20T17:31:39.587+0530] {logging_mixin.py:115} INFO - [2022-09-20T17:31:39.587+0530] {dag.py:2429} INFO - Sync 1 DAGs
[2022-09-20T17:31:39.597+0530] {logging_mixin.py:115} INFO - [2022-09-20T17:31:39.597+0530] {dag.py:2977} INFO - Setting next_dagrun for example_short_circuit_operator to 2022-09-19T12:01:39.597546+00:00, run_after=2022-09-20T12:01:39.597546+00:00
[2022-09-20T17:31:39.607+0530] {processor.py:161} INFO - Processing /home/sayone/This PC/SayOne Technologies/Works/airflow_new/Airflow/venv/lib/python3.8/site-packages/airflow/example_dags/example_short_circuit_operator.py took 0.049 seconds
[2022-09-20T17:32:13.845+0530] {processor.py:153} INFO - Started process (PID=32507) to work on /home/sayone/This PC/SayOne Technologies/Works/airflow_new/Airflow/venv/lib/python3.8/site-packages/airflow/example_dags/example_short_circuit_operator.py
[2022-09-20T17:32:13.848+0530] {processor.py:640} INFO - Processing file /home/sayone/This PC/SayOne Technologies/Works/airflow_new/Airflow/venv/lib/python3.8/site-packages/airflow/example_dags/example_short_circuit_operator.py for tasks to queue
[2022-09-20T17:32:13.849+0530] {logging_mixin.py:115} INFO - [2022-09-20T17:32:13.849+0530] {dagbag.py:508} INFO - Filling up the DagBag from /home/sayone/This PC/SayOne Technologies/Works/airflow_new/Airflow/venv/lib/python3.8/site-packages/airflow/example_dags/example_short_circuit_operator.py
[2022-09-20T17:32:13.860+0530] {processor.py:650} INFO - DAG(s) dict_keys(['example_short_circuit_operator']) retrieved from /home/sayone/This PC/SayOne Technologies/Works/airflow_new/Airflow/venv/lib/python3.8/site-packages/airflow/example_dags/example_short_circuit_operator.py
[2022-09-20T17:32:13.870+0530] {logging_mixin.py:115} INFO - [2022-09-20T17:32:13.870+0530] {dag.py:2429} INFO - Sync 1 DAGs
[2022-09-20T17:32:13.880+0530] {logging_mixin.py:115} INFO - [2022-09-20T17:32:13.880+0530] {dag.py:2977} INFO - Setting next_dagrun for example_short_circuit_operator to 2022-09-19T12:02:13.880122+00:00, run_after=2022-09-20T12:02:13.880122+00:00
[2022-09-20T17:32:13.890+0530] {processor.py:161} INFO - Processing /home/sayone/This PC/SayOne Technologies/Works/airflow_new/Airflow/venv/lib/python3.8/site-packages/airflow/example_dags/example_short_circuit_operator.py took 0.049 seconds
[2022-09-20T17:32:50.727+0530] {processor.py:153} INFO - Started process (PID=32624) to work on /home/sayone/This PC/SayOne Technologies/Works/airflow_new/Airflow/venv/lib/python3.8/site-packages/airflow/example_dags/example_short_circuit_operator.py
[2022-09-20T17:32:50.731+0530] {processor.py:640} INFO - Processing file /home/sayone/This PC/SayOne Technologies/Works/airflow_new/Airflow/venv/lib/python3.8/site-packages/airflow/example_dags/example_short_circuit_operator.py for tasks to queue
[2022-09-20T17:32:50.732+0530] {logging_mixin.py:115} INFO - [2022-09-20T17:32:50.732+0530] {dagbag.py:508} INFO - Filling up the DagBag from /home/sayone/This PC/SayOne Technologies/Works/airflow_new/Airflow/venv/lib/python3.8/site-packages/airflow/example_dags/example_short_circuit_operator.py
[2022-09-20T17:32:50.742+0530] {processor.py:650} INFO - DAG(s) dict_keys(['example_short_circuit_operator']) retrieved from /home/sayone/This PC/SayOne Technologies/Works/airflow_new/Airflow/venv/lib/python3.8/site-packages/airflow/example_dags/example_short_circuit_operator.py
[2022-09-20T17:32:50.752+0530] {logging_mixin.py:115} INFO - [2022-09-20T17:32:50.752+0530] {dag.py:2429} INFO - Sync 1 DAGs
[2022-09-20T17:32:50.761+0530] {logging_mixin.py:115} INFO - [2022-09-20T17:32:50.761+0530] {dag.py:2977} INFO - Setting next_dagrun for example_short_circuit_operator to 2022-09-19T12:02:50.761400+00:00, run_after=2022-09-20T12:02:50.761400+00:00
[2022-09-20T17:32:50.771+0530] {processor.py:161} INFO - Processing /home/sayone/This PC/SayOne Technologies/Works/airflow_new/Airflow/venv/lib/python3.8/site-packages/airflow/example_dags/example_short_circuit_operator.py took 0.048 seconds
[2022-09-20T17:33:24.815+0530] {processor.py:153} INFO - Started process (PID=32726) to work on /home/sayone/This PC/SayOne Technologies/Works/airflow_new/Airflow/venv/lib/python3.8/site-packages/airflow/example_dags/example_short_circuit_operator.py
[2022-09-20T17:33:24.818+0530] {processor.py:640} INFO - Processing file /home/sayone/This PC/SayOne Technologies/Works/airflow_new/Airflow/venv/lib/python3.8/site-packages/airflow/example_dags/example_short_circuit_operator.py for tasks to queue
[2022-09-20T17:33:24.819+0530] {logging_mixin.py:115} INFO - [2022-09-20T17:33:24.819+0530] {dagbag.py:508} INFO - Filling up the DagBag from /home/sayone/This PC/SayOne Technologies/Works/airflow_new/Airflow/venv/lib/python3.8/site-packages/airflow/example_dags/example_short_circuit_operator.py
[2022-09-20T17:33:24.829+0530] {processor.py:650} INFO - DAG(s) dict_keys(['example_short_circuit_operator']) retrieved from /home/sayone/This PC/SayOne Technologies/Works/airflow_new/Airflow/venv/lib/python3.8/site-packages/airflow/example_dags/example_short_circuit_operator.py
[2022-09-20T17:33:24.839+0530] {logging_mixin.py:115} INFO - [2022-09-20T17:33:24.838+0530] {dag.py:2429} INFO - Sync 1 DAGs
[2022-09-20T17:33:24.848+0530] {logging_mixin.py:115} INFO - [2022-09-20T17:33:24.848+0530] {dag.py:2977} INFO - Setting next_dagrun for example_short_circuit_operator to 2022-09-19T12:03:24.848704+00:00, run_after=2022-09-20T12:03:24.848704+00:00
[2022-09-20T17:33:24.859+0530] {processor.py:161} INFO - Processing /home/sayone/This PC/SayOne Technologies/Works/airflow_new/Airflow/venv/lib/python3.8/site-packages/airflow/example_dags/example_short_circuit_operator.py took 0.048 seconds
[2022-09-20T17:34:02.730+0530] {processor.py:153} INFO - Started process (PID=32827) to work on /home/sayone/This PC/SayOne Technologies/Works/airflow_new/Airflow/venv/lib/python3.8/site-packages/airflow/example_dags/example_short_circuit_operator.py
[2022-09-20T17:34:02.733+0530] {processor.py:640} INFO - Processing file /home/sayone/This PC/SayOne Technologies/Works/airflow_new/Airflow/venv/lib/python3.8/site-packages/airflow/example_dags/example_short_circuit_operator.py for tasks to queue
[2022-09-20T17:34:02.734+0530] {logging_mixin.py:115} INFO - [2022-09-20T17:34:02.734+0530] {dagbag.py:508} INFO - Filling up the DagBag from /home/sayone/This PC/SayOne Technologies/Works/airflow_new/Airflow/venv/lib/python3.8/site-packages/airflow/example_dags/example_short_circuit_operator.py
[2022-09-20T17:34:02.746+0530] {processor.py:650} INFO - DAG(s) dict_keys(['example_short_circuit_operator']) retrieved from /home/sayone/This PC/SayOne Technologies/Works/airflow_new/Airflow/venv/lib/python3.8/site-packages/airflow/example_dags/example_short_circuit_operator.py
[2022-09-20T17:34:02.756+0530] {logging_mixin.py:115} INFO - [2022-09-20T17:34:02.756+0530] {dag.py:2429} INFO - Sync 1 DAGs
[2022-09-20T17:34:02.765+0530] {logging_mixin.py:115} INFO - [2022-09-20T17:34:02.765+0530] {dag.py:2977} INFO - Setting next_dagrun for example_short_circuit_operator to 2022-09-19T12:04:02.765479+00:00, run_after=2022-09-20T12:04:02.765479+00:00
[2022-09-20T17:34:02.775+0530] {processor.py:161} INFO - Processing /home/sayone/This PC/SayOne Technologies/Works/airflow_new/Airflow/venv/lib/python3.8/site-packages/airflow/example_dags/example_short_circuit_operator.py took 0.049 seconds
[2022-09-20T17:34:38.943+0530] {processor.py:153} INFO - Started process (PID=33056) to work on /home/sayone/This PC/SayOne Technologies/Works/airflow_new/Airflow/venv/lib/python3.8/site-packages/airflow/example_dags/example_short_circuit_operator.py
[2022-09-20T17:34:38.946+0530] {processor.py:640} INFO - Processing file /home/sayone/This PC/SayOne Technologies/Works/airflow_new/Airflow/venv/lib/python3.8/site-packages/airflow/example_dags/example_short_circuit_operator.py for tasks to queue
[2022-09-20T17:34:38.947+0530] {logging_mixin.py:115} INFO - [2022-09-20T17:34:38.947+0530] {dagbag.py:508} INFO - Filling up the DagBag from /home/sayone/This PC/SayOne Technologies/Works/airflow_new/Airflow/venv/lib/python3.8/site-packages/airflow/example_dags/example_short_circuit_operator.py
[2022-09-20T17:34:38.959+0530] {processor.py:650} INFO - DAG(s) dict_keys(['example_short_circuit_operator']) retrieved from /home/sayone/This PC/SayOne Technologies/Works/airflow_new/Airflow/venv/lib/python3.8/site-packages/airflow/example_dags/example_short_circuit_operator.py
[2022-09-20T17:34:38.969+0530] {logging_mixin.py:115} INFO - [2022-09-20T17:34:38.969+0530] {dag.py:2429} INFO - Sync 1 DAGs
[2022-09-20T17:34:38.978+0530] {logging_mixin.py:115} INFO - [2022-09-20T17:34:38.978+0530] {dag.py:2977} INFO - Setting next_dagrun for example_short_circuit_operator to 2022-09-19T12:04:38.978182+00:00, run_after=2022-09-20T12:04:38.978182+00:00
[2022-09-20T17:34:38.988+0530] {processor.py:161} INFO - Processing /home/sayone/This PC/SayOne Technologies/Works/airflow_new/Airflow/venv/lib/python3.8/site-packages/airflow/example_dags/example_short_circuit_operator.py took 0.049 seconds
[2022-09-20T17:35:15.855+0530] {processor.py:153} INFO - Started process (PID=33161) to work on /home/sayone/This PC/SayOne Technologies/Works/airflow_new/Airflow/venv/lib/python3.8/site-packages/airflow/example_dags/example_short_circuit_operator.py
[2022-09-20T17:35:15.857+0530] {processor.py:640} INFO - Processing file /home/sayone/This PC/SayOne Technologies/Works/airflow_new/Airflow/venv/lib/python3.8/site-packages/airflow/example_dags/example_short_circuit_operator.py for tasks to queue
[2022-09-20T17:35:15.858+0530] {logging_mixin.py:115} INFO - [2022-09-20T17:35:15.858+0530] {dagbag.py:508} INFO - Filling up the DagBag from /home/sayone/This PC/SayOne Technologies/Works/airflow_new/Airflow/venv/lib/python3.8/site-packages/airflow/example_dags/example_short_circuit_operator.py
[2022-09-20T17:35:15.869+0530] {processor.py:650} INFO - DAG(s) dict_keys(['example_short_circuit_operator']) retrieved from /home/sayone/This PC/SayOne Technologies/Works/airflow_new/Airflow/venv/lib/python3.8/site-packages/airflow/example_dags/example_short_circuit_operator.py
[2022-09-20T17:35:15.879+0530] {logging_mixin.py:115} INFO - [2022-09-20T17:35:15.879+0530] {dag.py:2429} INFO - Sync 1 DAGs
[2022-09-20T17:35:15.888+0530] {logging_mixin.py:115} INFO - [2022-09-20T17:35:15.888+0530] {dag.py:2977} INFO - Setting next_dagrun for example_short_circuit_operator to 2022-09-19T12:05:15.888405+00:00, run_after=2022-09-20T12:05:15.888405+00:00
[2022-09-20T17:35:15.897+0530] {processor.py:161} INFO - Processing /home/sayone/This PC/SayOne Technologies/Works/airflow_new/Airflow/venv/lib/python3.8/site-packages/airflow/example_dags/example_short_circuit_operator.py took 0.044 seconds
[2022-09-20T17:35:50.759+0530] {processor.py:153} INFO - Started process (PID=33226) to work on /home/sayone/This PC/SayOne Technologies/Works/airflow_new/Airflow/venv/lib/python3.8/site-packages/airflow/example_dags/example_short_circuit_operator.py
[2022-09-20T17:35:50.763+0530] {processor.py:640} INFO - Processing file /home/sayone/This PC/SayOne Technologies/Works/airflow_new/Airflow/venv/lib/python3.8/site-packages/airflow/example_dags/example_short_circuit_operator.py for tasks to queue
[2022-09-20T17:35:50.764+0530] {logging_mixin.py:115} INFO - [2022-09-20T17:35:50.763+0530] {dagbag.py:508} INFO - Filling up the DagBag from /home/sayone/This PC/SayOne Technologies/Works/airflow_new/Airflow/venv/lib/python3.8/site-packages/airflow/example_dags/example_short_circuit_operator.py
[2022-09-20T17:35:50.774+0530] {processor.py:650} INFO - DAG(s) dict_keys(['example_short_circuit_operator']) retrieved from /home/sayone/This PC/SayOne Technologies/Works/airflow_new/Airflow/venv/lib/python3.8/site-packages/airflow/example_dags/example_short_circuit_operator.py
[2022-09-20T17:35:50.783+0530] {logging_mixin.py:115} INFO - [2022-09-20T17:35:50.783+0530] {dag.py:2429} INFO - Sync 1 DAGs
[2022-09-20T17:35:50.792+0530] {logging_mixin.py:115} INFO - [2022-09-20T17:35:50.792+0530] {dag.py:2977} INFO - Setting next_dagrun for example_short_circuit_operator to 2022-09-19T12:05:50.792616+00:00, run_after=2022-09-20T12:05:50.792616+00:00
[2022-09-20T17:35:50.802+0530] {processor.py:161} INFO - Processing /home/sayone/This PC/SayOne Technologies/Works/airflow_new/Airflow/venv/lib/python3.8/site-packages/airflow/example_dags/example_short_circuit_operator.py took 0.044 seconds
[2022-09-20T17:36:28.451+0530] {processor.py:153} INFO - Started process (PID=33386) to work on /home/sayone/This PC/SayOne Technologies/Works/airflow_new/Airflow/venv/lib/python3.8/site-packages/airflow/example_dags/example_short_circuit_operator.py
[2022-09-20T17:36:28.455+0530] {processor.py:640} INFO - Processing file /home/sayone/This PC/SayOne Technologies/Works/airflow_new/Airflow/venv/lib/python3.8/site-packages/airflow/example_dags/example_short_circuit_operator.py for tasks to queue
[2022-09-20T17:36:28.456+0530] {logging_mixin.py:115} INFO - [2022-09-20T17:36:28.456+0530] {dagbag.py:508} INFO - Filling up the DagBag from /home/sayone/This PC/SayOne Technologies/Works/airflow_new/Airflow/venv/lib/python3.8/site-packages/airflow/example_dags/example_short_circuit_operator.py
[2022-09-20T17:36:28.468+0530] {processor.py:650} INFO - DAG(s) dict_keys(['example_short_circuit_operator']) retrieved from /home/sayone/This PC/SayOne Technologies/Works/airflow_new/Airflow/venv/lib/python3.8/site-packages/airflow/example_dags/example_short_circuit_operator.py
[2022-09-20T17:36:28.478+0530] {logging_mixin.py:115} INFO - [2022-09-20T17:36:28.478+0530] {dag.py:2429} INFO - Sync 1 DAGs
[2022-09-20T17:36:28.490+0530] {logging_mixin.py:115} INFO - [2022-09-20T17:36:28.490+0530] {dag.py:2977} INFO - Setting next_dagrun for example_short_circuit_operator to 2022-09-19T12:06:28.490020+00:00, run_after=2022-09-20T12:06:28.490020+00:00
[2022-09-20T17:36:28.501+0530] {processor.py:161} INFO - Processing /home/sayone/This PC/SayOne Technologies/Works/airflow_new/Airflow/venv/lib/python3.8/site-packages/airflow/example_dags/example_short_circuit_operator.py took 0.054 seconds
[2022-09-20T17:37:03.929+0530] {processor.py:153} INFO - Started process (PID=33578) to work on /home/sayone/This PC/SayOne Technologies/Works/airflow_new/Airflow/venv/lib/python3.8/site-packages/airflow/example_dags/example_short_circuit_operator.py
[2022-09-20T17:37:03.932+0530] {processor.py:640} INFO - Processing file /home/sayone/This PC/SayOne Technologies/Works/airflow_new/Airflow/venv/lib/python3.8/site-packages/airflow/example_dags/example_short_circuit_operator.py for tasks to queue
[2022-09-20T17:37:03.933+0530] {logging_mixin.py:115} INFO - [2022-09-20T17:37:03.933+0530] {dagbag.py:508} INFO - Filling up the DagBag from /home/sayone/This PC/SayOne Technologies/Works/airflow_new/Airflow/venv/lib/python3.8/site-packages/airflow/example_dags/example_short_circuit_operator.py
[2022-09-20T17:37:03.943+0530] {processor.py:650} INFO - DAG(s) dict_keys(['example_short_circuit_operator']) retrieved from /home/sayone/This PC/SayOne Technologies/Works/airflow_new/Airflow/venv/lib/python3.8/site-packages/airflow/example_dags/example_short_circuit_operator.py
[2022-09-20T17:37:03.959+0530] {logging_mixin.py:115} INFO - [2022-09-20T17:37:03.959+0530] {dag.py:2429} INFO - Sync 1 DAGs
[2022-09-20T17:37:03.974+0530] {logging_mixin.py:115} INFO - [2022-09-20T17:37:03.974+0530] {dag.py:2977} INFO - Setting next_dagrun for example_short_circuit_operator to 2022-09-19T12:07:03.974407+00:00, run_after=2022-09-20T12:07:03.974407+00:00
[2022-09-20T17:37:03.993+0530] {processor.py:161} INFO - Processing /home/sayone/This PC/SayOne Technologies/Works/airflow_new/Airflow/venv/lib/python3.8/site-packages/airflow/example_dags/example_short_circuit_operator.py took 0.068 seconds
[2022-09-20T17:37:40.533+0530] {processor.py:153} INFO - Started process (PID=33725) to work on /home/sayone/This PC/SayOne Technologies/Works/airflow_new/Airflow/venv/lib/python3.8/site-packages/airflow/example_dags/example_short_circuit_operator.py
[2022-09-20T17:37:40.534+0530] {processor.py:640} INFO - Processing file /home/sayone/This PC/SayOne Technologies/Works/airflow_new/Airflow/venv/lib/python3.8/site-packages/airflow/example_dags/example_short_circuit_operator.py for tasks to queue
[2022-09-20T17:37:40.534+0530] {logging_mixin.py:115} INFO - [2022-09-20T17:37:40.534+0530] {dagbag.py:508} INFO - Filling up the DagBag from /home/sayone/This PC/SayOne Technologies/Works/airflow_new/Airflow/venv/lib/python3.8/site-packages/airflow/example_dags/example_short_circuit_operator.py
[2022-09-20T17:37:40.542+0530] {processor.py:650} INFO - DAG(s) dict_keys(['example_short_circuit_operator']) retrieved from /home/sayone/This PC/SayOne Technologies/Works/airflow_new/Airflow/venv/lib/python3.8/site-packages/airflow/example_dags/example_short_circuit_operator.py
[2022-09-20T17:37:40.552+0530] {logging_mixin.py:115} INFO - [2022-09-20T17:37:40.552+0530] {dag.py:2429} INFO - Sync 1 DAGs
[2022-09-20T17:37:40.562+0530] {logging_mixin.py:115} INFO - [2022-09-20T17:37:40.562+0530] {dag.py:2977} INFO - Setting next_dagrun for example_short_circuit_operator to 2022-09-19T12:07:40.562388+00:00, run_after=2022-09-20T12:07:40.562388+00:00
[2022-09-20T17:37:40.572+0530] {processor.py:161} INFO - Processing /home/sayone/This PC/SayOne Technologies/Works/airflow_new/Airflow/venv/lib/python3.8/site-packages/airflow/example_dags/example_short_circuit_operator.py took 0.040 seconds
[2022-09-20T17:38:27.503+0530] {processor.py:153} INFO - Started process (PID=33855) to work on /home/sayone/This PC/SayOne Technologies/Works/airflow_new/Airflow/venv/lib/python3.8/site-packages/airflow/example_dags/example_short_circuit_operator.py
[2022-09-20T17:38:27.506+0530] {processor.py:640} INFO - Processing file /home/sayone/This PC/SayOne Technologies/Works/airflow_new/Airflow/venv/lib/python3.8/site-packages/airflow/example_dags/example_short_circuit_operator.py for tasks to queue
[2022-09-20T17:38:27.507+0530] {logging_mixin.py:115} INFO - [2022-09-20T17:38:27.507+0530] {dagbag.py:508} INFO - Filling up the DagBag from /home/sayone/This PC/SayOne Technologies/Works/airflow_new/Airflow/venv/lib/python3.8/site-packages/airflow/example_dags/example_short_circuit_operator.py
[2022-09-20T17:38:27.520+0530] {processor.py:650} INFO - DAG(s) dict_keys(['example_short_circuit_operator']) retrieved from /home/sayone/This PC/SayOne Technologies/Works/airflow_new/Airflow/venv/lib/python3.8/site-packages/airflow/example_dags/example_short_circuit_operator.py
[2022-09-20T17:38:27.531+0530] {logging_mixin.py:115} INFO - [2022-09-20T17:38:27.530+0530] {dag.py:2429} INFO - Sync 1 DAGs
[2022-09-20T17:38:27.540+0530] {logging_mixin.py:115} INFO - [2022-09-20T17:38:27.540+0530] {dag.py:2977} INFO - Setting next_dagrun for example_short_circuit_operator to 2022-09-19T12:08:27.540487+00:00, run_after=2022-09-20T12:08:27.540487+00:00
[2022-09-20T17:38:27.551+0530] {processor.py:161} INFO - Processing /home/sayone/This PC/SayOne Technologies/Works/airflow_new/Airflow/venv/lib/python3.8/site-packages/airflow/example_dags/example_short_circuit_operator.py took 0.052 seconds
[2022-09-20T17:39:05.354+0530] {processor.py:153} INFO - Started process (PID=33961) to work on /home/sayone/This PC/SayOne Technologies/Works/airflow_new/Airflow/venv/lib/python3.8/site-packages/airflow/example_dags/example_short_circuit_operator.py
[2022-09-20T17:39:05.358+0530] {processor.py:640} INFO - Processing file /home/sayone/This PC/SayOne Technologies/Works/airflow_new/Airflow/venv/lib/python3.8/site-packages/airflow/example_dags/example_short_circuit_operator.py for tasks to queue
[2022-09-20T17:39:05.359+0530] {logging_mixin.py:115} INFO - [2022-09-20T17:39:05.359+0530] {dagbag.py:508} INFO - Filling up the DagBag from /home/sayone/This PC/SayOne Technologies/Works/airflow_new/Airflow/venv/lib/python3.8/site-packages/airflow/example_dags/example_short_circuit_operator.py
[2022-09-20T17:39:05.368+0530] {processor.py:650} INFO - DAG(s) dict_keys(['example_short_circuit_operator']) retrieved from /home/sayone/This PC/SayOne Technologies/Works/airflow_new/Airflow/venv/lib/python3.8/site-packages/airflow/example_dags/example_short_circuit_operator.py
[2022-09-20T17:39:05.380+0530] {logging_mixin.py:115} INFO - [2022-09-20T17:39:05.380+0530] {dag.py:2429} INFO - Sync 1 DAGs
[2022-09-20T17:39:05.391+0530] {logging_mixin.py:115} INFO - [2022-09-20T17:39:05.391+0530] {dag.py:2977} INFO - Setting next_dagrun for example_short_circuit_operator to 2022-09-19T12:09:05.391657+00:00, run_after=2022-09-20T12:09:05.391657+00:00
[2022-09-20T17:39:05.400+0530] {processor.py:161} INFO - Processing /home/sayone/This PC/SayOne Technologies/Works/airflow_new/Airflow/venv/lib/python3.8/site-packages/airflow/example_dags/example_short_circuit_operator.py took 0.051 seconds
[2022-09-20T17:39:38.481+0530] {processor.py:153} INFO - Started process (PID=34096) to work on /home/sayone/This PC/SayOne Technologies/Works/airflow_new/Airflow/venv/lib/python3.8/site-packages/airflow/example_dags/example_short_circuit_operator.py
[2022-09-20T17:39:38.484+0530] {processor.py:640} INFO - Processing file /home/sayone/This PC/SayOne Technologies/Works/airflow_new/Airflow/venv/lib/python3.8/site-packages/airflow/example_dags/example_short_circuit_operator.py for tasks to queue
[2022-09-20T17:39:38.485+0530] {logging_mixin.py:115} INFO - [2022-09-20T17:39:38.485+0530] {dagbag.py:508} INFO - Filling up the DagBag from /home/sayone/This PC/SayOne Technologies/Works/airflow_new/Airflow/venv/lib/python3.8/site-packages/airflow/example_dags/example_short_circuit_operator.py
[2022-09-20T17:39:38.495+0530] {processor.py:650} INFO - DAG(s) dict_keys(['example_short_circuit_operator']) retrieved from /home/sayone/This PC/SayOne Technologies/Works/airflow_new/Airflow/venv/lib/python3.8/site-packages/airflow/example_dags/example_short_circuit_operator.py
[2022-09-20T17:39:38.506+0530] {logging_mixin.py:115} INFO - [2022-09-20T17:39:38.505+0530] {dag.py:2429} INFO - Sync 1 DAGs
[2022-09-20T17:39:38.517+0530] {logging_mixin.py:115} INFO - [2022-09-20T17:39:38.517+0530] {dag.py:2977} INFO - Setting next_dagrun for example_short_circuit_operator to 2022-09-19T12:09:38.517715+00:00, run_after=2022-09-20T12:09:38.517715+00:00
[2022-09-20T17:39:38.526+0530] {processor.py:161} INFO - Processing /home/sayone/This PC/SayOne Technologies/Works/airflow_new/Airflow/venv/lib/python3.8/site-packages/airflow/example_dags/example_short_circuit_operator.py took 0.050 seconds
[2022-09-20T17:40:16.276+0530] {processor.py:153} INFO - Started process (PID=34200) to work on /home/sayone/This PC/SayOne Technologies/Works/airflow_new/Airflow/venv/lib/python3.8/site-packages/airflow/example_dags/example_short_circuit_operator.py
[2022-09-20T17:40:16.280+0530] {processor.py:640} INFO - Processing file /home/sayone/This PC/SayOne Technologies/Works/airflow_new/Airflow/venv/lib/python3.8/site-packages/airflow/example_dags/example_short_circuit_operator.py for tasks to queue
[2022-09-20T17:40:16.281+0530] {logging_mixin.py:115} INFO - [2022-09-20T17:40:16.281+0530] {dagbag.py:508} INFO - Filling up the DagBag from /home/sayone/This PC/SayOne Technologies/Works/airflow_new/Airflow/venv/lib/python3.8/site-packages/airflow/example_dags/example_short_circuit_operator.py
[2022-09-20T17:40:16.289+0530] {processor.py:650} INFO - DAG(s) dict_keys(['example_short_circuit_operator']) retrieved from /home/sayone/This PC/SayOne Technologies/Works/airflow_new/Airflow/venv/lib/python3.8/site-packages/airflow/example_dags/example_short_circuit_operator.py
[2022-09-20T17:40:16.302+0530] {logging_mixin.py:115} INFO - [2022-09-20T17:40:16.302+0530] {dag.py:2429} INFO - Sync 1 DAGs
[2022-09-20T17:40:16.313+0530] {logging_mixin.py:115} INFO - [2022-09-20T17:40:16.313+0530] {dag.py:2977} INFO - Setting next_dagrun for example_short_circuit_operator to 2022-09-19T12:10:16.312867+00:00, run_after=2022-09-20T12:10:16.312867+00:00
[2022-09-20T17:40:16.324+0530] {processor.py:161} INFO - Processing /home/sayone/This PC/SayOne Technologies/Works/airflow_new/Airflow/venv/lib/python3.8/site-packages/airflow/example_dags/example_short_circuit_operator.py took 0.052 seconds
[2022-09-20T17:40:51.629+0530] {processor.py:153} INFO - Started process (PID=34315) to work on /home/sayone/This PC/SayOne Technologies/Works/airflow_new/Airflow/venv/lib/python3.8/site-packages/airflow/example_dags/example_short_circuit_operator.py
[2022-09-20T17:40:51.632+0530] {processor.py:640} INFO - Processing file /home/sayone/This PC/SayOne Technologies/Works/airflow_new/Airflow/venv/lib/python3.8/site-packages/airflow/example_dags/example_short_circuit_operator.py for tasks to queue
[2022-09-20T17:40:51.634+0530] {logging_mixin.py:115} INFO - [2022-09-20T17:40:51.633+0530] {dagbag.py:508} INFO - Filling up the DagBag from /home/sayone/This PC/SayOne Technologies/Works/airflow_new/Airflow/venv/lib/python3.8/site-packages/airflow/example_dags/example_short_circuit_operator.py
[2022-09-20T17:40:51.642+0530] {processor.py:650} INFO - DAG(s) dict_keys(['example_short_circuit_operator']) retrieved from /home/sayone/This PC/SayOne Technologies/Works/airflow_new/Airflow/venv/lib/python3.8/site-packages/airflow/example_dags/example_short_circuit_operator.py
[2022-09-20T17:40:51.652+0530] {logging_mixin.py:115} INFO - [2022-09-20T17:40:51.652+0530] {dag.py:2429} INFO - Sync 1 DAGs
[2022-09-20T17:40:51.661+0530] {logging_mixin.py:115} INFO - [2022-09-20T17:40:51.661+0530] {dag.py:2977} INFO - Setting next_dagrun for example_short_circuit_operator to 2022-09-19T12:10:51.661214+00:00, run_after=2022-09-20T12:10:51.661214+00:00
[2022-09-20T17:40:51.670+0530] {processor.py:161} INFO - Processing /home/sayone/This PC/SayOne Technologies/Works/airflow_new/Airflow/venv/lib/python3.8/site-packages/airflow/example_dags/example_short_circuit_operator.py took 0.045 seconds
[2022-09-20T17:41:29.080+0530] {processor.py:153} INFO - Started process (PID=34424) to work on /home/sayone/This PC/SayOne Technologies/Works/airflow_new/Airflow/venv/lib/python3.8/site-packages/airflow/example_dags/example_short_circuit_operator.py
[2022-09-20T17:41:29.082+0530] {processor.py:640} INFO - Processing file /home/sayone/This PC/SayOne Technologies/Works/airflow_new/Airflow/venv/lib/python3.8/site-packages/airflow/example_dags/example_short_circuit_operator.py for tasks to queue
[2022-09-20T17:41:29.083+0530] {logging_mixin.py:115} INFO - [2022-09-20T17:41:29.083+0530] {dagbag.py:508} INFO - Filling up the DagBag from /home/sayone/This PC/SayOne Technologies/Works/airflow_new/Airflow/venv/lib/python3.8/site-packages/airflow/example_dags/example_short_circuit_operator.py
[2022-09-20T17:41:29.088+0530] {processor.py:650} INFO - DAG(s) dict_keys(['example_short_circuit_operator']) retrieved from /home/sayone/This PC/SayOne Technologies/Works/airflow_new/Airflow/venv/lib/python3.8/site-packages/airflow/example_dags/example_short_circuit_operator.py
[2022-09-20T17:41:29.098+0530] {logging_mixin.py:115} INFO - [2022-09-20T17:41:29.098+0530] {dag.py:2429} INFO - Sync 1 DAGs
[2022-09-20T17:41:29.109+0530] {logging_mixin.py:115} INFO - [2022-09-20T17:41:29.109+0530] {dag.py:2977} INFO - Setting next_dagrun for example_short_circuit_operator to 2022-09-19T12:11:29.109092+00:00, run_after=2022-09-20T12:11:29.109092+00:00
[2022-09-20T17:41:29.118+0530] {processor.py:161} INFO - Processing /home/sayone/This PC/SayOne Technologies/Works/airflow_new/Airflow/venv/lib/python3.8/site-packages/airflow/example_dags/example_short_circuit_operator.py took 0.039 seconds
[2022-09-20T17:45:56.149+0530] {processor.py:153} INFO - Started process (PID=35016) to work on /home/sayone/This PC/SayOne Technologies/Works/airflow_new/Airflow/venv/lib/python3.8/site-packages/airflow/example_dags/example_short_circuit_operator.py
[2022-09-20T17:45:56.152+0530] {processor.py:640} INFO - Processing file /home/sayone/This PC/SayOne Technologies/Works/airflow_new/Airflow/venv/lib/python3.8/site-packages/airflow/example_dags/example_short_circuit_operator.py for tasks to queue
[2022-09-20T17:45:56.153+0530] {logging_mixin.py:115} INFO - [2022-09-20T17:45:56.153+0530] {dagbag.py:508} INFO - Filling up the DagBag from /home/sayone/This PC/SayOne Technologies/Works/airflow_new/Airflow/venv/lib/python3.8/site-packages/airflow/example_dags/example_short_circuit_operator.py
[2022-09-20T17:45:56.164+0530] {processor.py:650} INFO - DAG(s) dict_keys(['example_short_circuit_operator']) retrieved from /home/sayone/This PC/SayOne Technologies/Works/airflow_new/Airflow/venv/lib/python3.8/site-packages/airflow/example_dags/example_short_circuit_operator.py
[2022-09-20T17:45:56.175+0530] {logging_mixin.py:115} INFO - [2022-09-20T17:45:56.175+0530] {dag.py:2429} INFO - Sync 1 DAGs
[2022-09-20T17:45:56.185+0530] {logging_mixin.py:115} INFO - [2022-09-20T17:45:56.184+0530] {dag.py:2977} INFO - Setting next_dagrun for example_short_circuit_operator to 2022-09-19T12:15:56.184787+00:00, run_after=2022-09-20T12:15:56.184787+00:00
[2022-09-20T17:45:56.193+0530] {processor.py:161} INFO - Processing /home/sayone/This PC/SayOne Technologies/Works/airflow_new/Airflow/venv/lib/python3.8/site-packages/airflow/example_dags/example_short_circuit_operator.py took 0.048 seconds
[2022-09-20T17:46:49.614+0530] {processor.py:153} INFO - Started process (PID=35235) to work on /home/sayone/This PC/SayOne Technologies/Works/airflow_new/Airflow/venv/lib/python3.8/site-packages/airflow/example_dags/example_short_circuit_operator.py
[2022-09-20T17:46:49.616+0530] {processor.py:640} INFO - Processing file /home/sayone/This PC/SayOne Technologies/Works/airflow_new/Airflow/venv/lib/python3.8/site-packages/airflow/example_dags/example_short_circuit_operator.py for tasks to queue
[2022-09-20T17:46:49.617+0530] {logging_mixin.py:115} INFO - [2022-09-20T17:46:49.616+0530] {dagbag.py:508} INFO - Filling up the DagBag from /home/sayone/This PC/SayOne Technologies/Works/airflow_new/Airflow/venv/lib/python3.8/site-packages/airflow/example_dags/example_short_circuit_operator.py
[2022-09-20T17:46:49.627+0530] {processor.py:650} INFO - DAG(s) dict_keys(['example_short_circuit_operator']) retrieved from /home/sayone/This PC/SayOne Technologies/Works/airflow_new/Airflow/venv/lib/python3.8/site-packages/airflow/example_dags/example_short_circuit_operator.py
[2022-09-20T17:46:49.638+0530] {logging_mixin.py:115} INFO - [2022-09-20T17:46:49.637+0530] {dag.py:2429} INFO - Sync 1 DAGs
[2022-09-20T17:46:49.647+0530] {logging_mixin.py:115} INFO - [2022-09-20T17:46:49.647+0530] {dag.py:2977} INFO - Setting next_dagrun for example_short_circuit_operator to 2022-09-19T12:16:49.647560+00:00, run_after=2022-09-20T12:16:49.647560+00:00
[2022-09-20T17:46:49.656+0530] {processor.py:161} INFO - Processing /home/sayone/This PC/SayOne Technologies/Works/airflow_new/Airflow/venv/lib/python3.8/site-packages/airflow/example_dags/example_short_circuit_operator.py took 0.045 seconds
[2022-09-20T17:47:26.843+0530] {processor.py:153} INFO - Started process (PID=35349) to work on /home/sayone/This PC/SayOne Technologies/Works/airflow_new/Airflow/venv/lib/python3.8/site-packages/airflow/example_dags/example_short_circuit_operator.py
[2022-09-20T17:47:26.847+0530] {processor.py:640} INFO - Processing file /home/sayone/This PC/SayOne Technologies/Works/airflow_new/Airflow/venv/lib/python3.8/site-packages/airflow/example_dags/example_short_circuit_operator.py for tasks to queue
[2022-09-20T17:47:26.848+0530] {logging_mixin.py:115} INFO - [2022-09-20T17:47:26.847+0530] {dagbag.py:508} INFO - Filling up the DagBag from /home/sayone/This PC/SayOne Technologies/Works/airflow_new/Airflow/venv/lib/python3.8/site-packages/airflow/example_dags/example_short_circuit_operator.py
[2022-09-20T17:47:26.858+0530] {processor.py:650} INFO - DAG(s) dict_keys(['example_short_circuit_operator']) retrieved from /home/sayone/This PC/SayOne Technologies/Works/airflow_new/Airflow/venv/lib/python3.8/site-packages/airflow/example_dags/example_short_circuit_operator.py
[2022-09-20T17:47:26.868+0530] {logging_mixin.py:115} INFO - [2022-09-20T17:47:26.867+0530] {dag.py:2429} INFO - Sync 1 DAGs
[2022-09-20T17:47:26.877+0530] {logging_mixin.py:115} INFO - [2022-09-20T17:47:26.877+0530] {dag.py:2977} INFO - Setting next_dagrun for example_short_circuit_operator to 2022-09-19T12:17:26.877542+00:00, run_after=2022-09-20T12:17:26.877542+00:00
[2022-09-20T17:47:26.886+0530] {processor.py:161} INFO - Processing /home/sayone/This PC/SayOne Technologies/Works/airflow_new/Airflow/venv/lib/python3.8/site-packages/airflow/example_dags/example_short_circuit_operator.py took 0.047 seconds
[2022-09-20T17:48:04.027+0530] {processor.py:153} INFO - Started process (PID=35487) to work on /home/sayone/This PC/SayOne Technologies/Works/airflow_new/Airflow/venv/lib/python3.8/site-packages/airflow/example_dags/example_short_circuit_operator.py
[2022-09-20T17:48:04.029+0530] {processor.py:640} INFO - Processing file /home/sayone/This PC/SayOne Technologies/Works/airflow_new/Airflow/venv/lib/python3.8/site-packages/airflow/example_dags/example_short_circuit_operator.py for tasks to queue
[2022-09-20T17:48:04.029+0530] {logging_mixin.py:115} INFO - [2022-09-20T17:48:04.029+0530] {dagbag.py:508} INFO - Filling up the DagBag from /home/sayone/This PC/SayOne Technologies/Works/airflow_new/Airflow/venv/lib/python3.8/site-packages/airflow/example_dags/example_short_circuit_operator.py
[2022-09-20T17:48:04.040+0530] {processor.py:650} INFO - DAG(s) dict_keys(['example_short_circuit_operator']) retrieved from /home/sayone/This PC/SayOne Technologies/Works/airflow_new/Airflow/venv/lib/python3.8/site-packages/airflow/example_dags/example_short_circuit_operator.py
[2022-09-20T17:48:04.050+0530] {logging_mixin.py:115} INFO - [2022-09-20T17:48:04.050+0530] {dag.py:2429} INFO - Sync 1 DAGs
[2022-09-20T17:48:04.061+0530] {logging_mixin.py:115} INFO - [2022-09-20T17:48:04.061+0530] {dag.py:2977} INFO - Setting next_dagrun for example_short_circuit_operator to 2022-09-19T12:18:04.061486+00:00, run_after=2022-09-20T12:18:04.061486+00:00
[2022-09-20T17:48:04.074+0530] {processor.py:161} INFO - Processing /home/sayone/This PC/SayOne Technologies/Works/airflow_new/Airflow/venv/lib/python3.8/site-packages/airflow/example_dags/example_short_circuit_operator.py took 0.049 seconds
[2022-09-20T17:48:40.732+0530] {processor.py:153} INFO - Started process (PID=35553) to work on /home/sayone/This PC/SayOne Technologies/Works/airflow_new/Airflow/venv/lib/python3.8/site-packages/airflow/example_dags/example_short_circuit_operator.py
[2022-09-20T17:48:40.732+0530] {processor.py:640} INFO - Processing file /home/sayone/This PC/SayOne Technologies/Works/airflow_new/Airflow/venv/lib/python3.8/site-packages/airflow/example_dags/example_short_circuit_operator.py for tasks to queue
[2022-09-20T17:48:40.733+0530] {logging_mixin.py:115} INFO - [2022-09-20T17:48:40.733+0530] {dagbag.py:508} INFO - Filling up the DagBag from /home/sayone/This PC/SayOne Technologies/Works/airflow_new/Airflow/venv/lib/python3.8/site-packages/airflow/example_dags/example_short_circuit_operator.py
[2022-09-20T17:48:40.741+0530] {processor.py:650} INFO - DAG(s) dict_keys(['example_short_circuit_operator']) retrieved from /home/sayone/This PC/SayOne Technologies/Works/airflow_new/Airflow/venv/lib/python3.8/site-packages/airflow/example_dags/example_short_circuit_operator.py
[2022-09-20T17:48:40.756+0530] {logging_mixin.py:115} INFO - [2022-09-20T17:48:40.756+0530] {dag.py:2429} INFO - Sync 1 DAGs
[2022-09-20T17:48:40.775+0530] {logging_mixin.py:115} INFO - [2022-09-20T17:48:40.775+0530] {dag.py:2977} INFO - Setting next_dagrun for example_short_circuit_operator to 2022-09-19T12:18:40.774989+00:00, run_after=2022-09-20T12:18:40.774989+00:00
[2022-09-20T17:48:40.792+0530] {processor.py:161} INFO - Processing /home/sayone/This PC/SayOne Technologies/Works/airflow_new/Airflow/venv/lib/python3.8/site-packages/airflow/example_dags/example_short_circuit_operator.py took 0.063 seconds
[2022-09-20T17:49:19.288+0530] {processor.py:153} INFO - Started process (PID=35681) to work on /home/sayone/This PC/SayOne Technologies/Works/airflow_new/Airflow/venv/lib/python3.8/site-packages/airflow/example_dags/example_short_circuit_operator.py
[2022-09-20T17:49:19.291+0530] {processor.py:640} INFO - Processing file /home/sayone/This PC/SayOne Technologies/Works/airflow_new/Airflow/venv/lib/python3.8/site-packages/airflow/example_dags/example_short_circuit_operator.py for tasks to queue
[2022-09-20T17:49:19.291+0530] {logging_mixin.py:115} INFO - [2022-09-20T17:49:19.291+0530] {dagbag.py:508} INFO - Filling up the DagBag from /home/sayone/This PC/SayOne Technologies/Works/airflow_new/Airflow/venv/lib/python3.8/site-packages/airflow/example_dags/example_short_circuit_operator.py
[2022-09-20T17:49:19.299+0530] {processor.py:650} INFO - DAG(s) dict_keys(['example_short_circuit_operator']) retrieved from /home/sayone/This PC/SayOne Technologies/Works/airflow_new/Airflow/venv/lib/python3.8/site-packages/airflow/example_dags/example_short_circuit_operator.py
[2022-09-20T17:49:19.312+0530] {logging_mixin.py:115} INFO - [2022-09-20T17:49:19.312+0530] {dag.py:2429} INFO - Sync 1 DAGs
[2022-09-20T17:49:19.322+0530] {logging_mixin.py:115} INFO - [2022-09-20T17:49:19.322+0530] {dag.py:2977} INFO - Setting next_dagrun for example_short_circuit_operator to 2022-09-19T12:19:19.322653+00:00, run_after=2022-09-20T12:19:19.322653+00:00
[2022-09-20T17:49:19.336+0530] {processor.py:161} INFO - Processing /home/sayone/This PC/SayOne Technologies/Works/airflow_new/Airflow/venv/lib/python3.8/site-packages/airflow/example_dags/example_short_circuit_operator.py took 0.050 seconds
[2022-09-20T17:49:55.966+0530] {processor.py:153} INFO - Started process (PID=35786) to work on /home/sayone/This PC/SayOne Technologies/Works/airflow_new/Airflow/venv/lib/python3.8/site-packages/airflow/example_dags/example_short_circuit_operator.py
[2022-09-20T17:49:55.968+0530] {processor.py:640} INFO - Processing file /home/sayone/This PC/SayOne Technologies/Works/airflow_new/Airflow/venv/lib/python3.8/site-packages/airflow/example_dags/example_short_circuit_operator.py for tasks to queue
[2022-09-20T17:49:55.968+0530] {logging_mixin.py:115} INFO - [2022-09-20T17:49:55.968+0530] {dagbag.py:508} INFO - Filling up the DagBag from /home/sayone/This PC/SayOne Technologies/Works/airflow_new/Airflow/venv/lib/python3.8/site-packages/airflow/example_dags/example_short_circuit_operator.py
[2022-09-20T17:49:55.978+0530] {processor.py:650} INFO - DAG(s) dict_keys(['example_short_circuit_operator']) retrieved from /home/sayone/This PC/SayOne Technologies/Works/airflow_new/Airflow/venv/lib/python3.8/site-packages/airflow/example_dags/example_short_circuit_operator.py
[2022-09-20T17:49:55.988+0530] {logging_mixin.py:115} INFO - [2022-09-20T17:49:55.988+0530] {dag.py:2429} INFO - Sync 1 DAGs
[2022-09-20T17:49:55.998+0530] {logging_mixin.py:115} INFO - [2022-09-20T17:49:55.998+0530] {dag.py:2977} INFO - Setting next_dagrun for example_short_circuit_operator to 2022-09-19T12:19:55.998220+00:00, run_after=2022-09-20T12:19:55.998220+00:00
[2022-09-20T17:49:56.008+0530] {processor.py:161} INFO - Processing /home/sayone/This PC/SayOne Technologies/Works/airflow_new/Airflow/venv/lib/python3.8/site-packages/airflow/example_dags/example_short_circuit_operator.py took 0.046 seconds
[2022-09-20T17:50:32.338+0530] {processor.py:153} INFO - Started process (PID=35858) to work on /home/sayone/This PC/SayOne Technologies/Works/airflow_new/Airflow/venv/lib/python3.8/site-packages/airflow/example_dags/example_short_circuit_operator.py
[2022-09-20T17:50:32.339+0530] {processor.py:640} INFO - Processing file /home/sayone/This PC/SayOne Technologies/Works/airflow_new/Airflow/venv/lib/python3.8/site-packages/airflow/example_dags/example_short_circuit_operator.py for tasks to queue
[2022-09-20T17:50:32.340+0530] {logging_mixin.py:115} INFO - [2022-09-20T17:50:32.340+0530] {dagbag.py:508} INFO - Filling up the DagBag from /home/sayone/This PC/SayOne Technologies/Works/airflow_new/Airflow/venv/lib/python3.8/site-packages/airflow/example_dags/example_short_circuit_operator.py
[2022-09-20T17:50:32.351+0530] {processor.py:650} INFO - DAG(s) dict_keys(['example_short_circuit_operator']) retrieved from /home/sayone/This PC/SayOne Technologies/Works/airflow_new/Airflow/venv/lib/python3.8/site-packages/airflow/example_dags/example_short_circuit_operator.py
[2022-09-20T17:50:32.360+0530] {logging_mixin.py:115} INFO - [2022-09-20T17:50:32.360+0530] {dag.py:2429} INFO - Sync 1 DAGs
[2022-09-20T17:50:32.369+0530] {logging_mixin.py:115} INFO - [2022-09-20T17:50:32.369+0530] {dag.py:2977} INFO - Setting next_dagrun for example_short_circuit_operator to 2022-09-19T12:20:32.369635+00:00, run_after=2022-09-20T12:20:32.369635+00:00
[2022-09-20T17:50:32.379+0530] {processor.py:161} INFO - Processing /home/sayone/This PC/SayOne Technologies/Works/airflow_new/Airflow/venv/lib/python3.8/site-packages/airflow/example_dags/example_short_circuit_operator.py took 0.045 seconds
[2022-09-20T17:51:08.787+0530] {processor.py:153} INFO - Started process (PID=35958) to work on /home/sayone/This PC/SayOne Technologies/Works/airflow_new/Airflow/venv/lib/python3.8/site-packages/airflow/example_dags/example_short_circuit_operator.py
[2022-09-20T17:51:08.790+0530] {processor.py:640} INFO - Processing file /home/sayone/This PC/SayOne Technologies/Works/airflow_new/Airflow/venv/lib/python3.8/site-packages/airflow/example_dags/example_short_circuit_operator.py for tasks to queue
[2022-09-20T17:51:08.790+0530] {logging_mixin.py:115} INFO - [2022-09-20T17:51:08.790+0530] {dagbag.py:508} INFO - Filling up the DagBag from /home/sayone/This PC/SayOne Technologies/Works/airflow_new/Airflow/venv/lib/python3.8/site-packages/airflow/example_dags/example_short_circuit_operator.py
[2022-09-20T17:51:08.795+0530] {processor.py:650} INFO - DAG(s) dict_keys(['example_short_circuit_operator']) retrieved from /home/sayone/This PC/SayOne Technologies/Works/airflow_new/Airflow/venv/lib/python3.8/site-packages/airflow/example_dags/example_short_circuit_operator.py
[2022-09-20T17:51:08.807+0530] {logging_mixin.py:115} INFO - [2022-09-20T17:51:08.807+0530] {dag.py:2429} INFO - Sync 1 DAGs
[2022-09-20T17:51:08.817+0530] {logging_mixin.py:115} INFO - [2022-09-20T17:51:08.817+0530] {dag.py:2977} INFO - Setting next_dagrun for example_short_circuit_operator to 2022-09-19T12:21:08.817612+00:00, run_after=2022-09-20T12:21:08.817612+00:00
[2022-09-20T17:51:08.828+0530] {processor.py:161} INFO - Processing /home/sayone/This PC/SayOne Technologies/Works/airflow_new/Airflow/venv/lib/python3.8/site-packages/airflow/example_dags/example_short_circuit_operator.py took 0.043 seconds
[2022-09-20T17:51:45.940+0530] {processor.py:153} INFO - Started process (PID=36026) to work on /home/sayone/This PC/SayOne Technologies/Works/airflow_new/Airflow/venv/lib/python3.8/site-packages/airflow/example_dags/example_short_circuit_operator.py
[2022-09-20T17:51:45.943+0530] {processor.py:640} INFO - Processing file /home/sayone/This PC/SayOne Technologies/Works/airflow_new/Airflow/venv/lib/python3.8/site-packages/airflow/example_dags/example_short_circuit_operator.py for tasks to queue
[2022-09-20T17:51:45.943+0530] {logging_mixin.py:115} INFO - [2022-09-20T17:51:45.943+0530] {dagbag.py:508} INFO - Filling up the DagBag from /home/sayone/This PC/SayOne Technologies/Works/airflow_new/Airflow/venv/lib/python3.8/site-packages/airflow/example_dags/example_short_circuit_operator.py
[2022-09-20T17:51:45.953+0530] {processor.py:650} INFO - DAG(s) dict_keys(['example_short_circuit_operator']) retrieved from /home/sayone/This PC/SayOne Technologies/Works/airflow_new/Airflow/venv/lib/python3.8/site-packages/airflow/example_dags/example_short_circuit_operator.py
[2022-09-20T17:51:45.963+0530] {logging_mixin.py:115} INFO - [2022-09-20T17:51:45.963+0530] {dag.py:2429} INFO - Sync 1 DAGs
[2022-09-20T17:51:45.972+0530] {logging_mixin.py:115} INFO - [2022-09-20T17:51:45.972+0530] {dag.py:2977} INFO - Setting next_dagrun for example_short_circuit_operator to 2022-09-19T12:21:45.972580+00:00, run_after=2022-09-20T12:21:45.972580+00:00
[2022-09-20T17:51:45.983+0530] {processor.py:161} INFO - Processing /home/sayone/This PC/SayOne Technologies/Works/airflow_new/Airflow/venv/lib/python3.8/site-packages/airflow/example_dags/example_short_circuit_operator.py took 0.045 seconds
