[2022-09-20T17:16:33.751+0530] {processor.py:153} INFO - Started process (PID=28584) to work on /home/sayone/This PC/SayOne Technologies/Works/airflow_new/Airflow/venv/lib/python3.8/site-packages/airflow/example_dags/example_sla_dag.py
[2022-09-20T17:16:33.752+0530] {processor.py:640} INFO - Processing file /home/sayone/This PC/SayOne Technologies/Works/airflow_new/Airflow/venv/lib/python3.8/site-packages/airflow/example_dags/example_sla_dag.py for tasks to queue
[2022-09-20T17:16:33.753+0530] {logging_mixin.py:115} INFO - [2022-09-20T17:16:33.752+0530] {dagbag.py:508} INFO - Filling up the DagBag from /home/sayone/This PC/SayOne Technologies/Works/airflow_new/Airflow/venv/lib/python3.8/site-packages/airflow/example_dags/example_sla_dag.py
[2022-09-20T17:16:33.767+0530] {processor.py:650} INFO - DAG(s) dict_keys(['example_sla_dag']) retrieved from /home/sayone/This PC/SayOne Technologies/Works/airflow_new/Airflow/venv/lib/python3.8/site-packages/airflow/example_dags/example_sla_dag.py
[2022-09-20T17:16:33.806+0530] {logging_mixin.py:115} INFO - [2022-09-20T17:16:33.806+0530] {manager.py:508} INFO - Created Permission View: can edit on DAG:example_sla_dag
[2022-09-20T17:16:33.814+0530] {logging_mixin.py:115} INFO - [2022-09-20T17:16:33.813+0530] {manager.py:508} INFO - Created Permission View: can read on DAG:example_sla_dag
[2022-09-20T17:16:33.819+0530] {logging_mixin.py:115} INFO - [2022-09-20T17:16:33.819+0530] {manager.py:508} INFO - Created Permission View: can delete on DAG:example_sla_dag
[2022-09-20T17:16:33.819+0530] {logging_mixin.py:115} INFO - [2022-09-20T17:16:33.819+0530] {dag.py:2429} INFO - Sync 1 DAGs
[2022-09-20T17:16:33.824+0530] {logging_mixin.py:115} INFO - [2022-09-20T17:16:33.824+0530] {dag.py:2448} INFO - Creating ORM DAG for example_sla_dag
[2022-09-20T17:16:33.831+0530] {logging_mixin.py:115} INFO - [2022-09-20T17:16:33.831+0530] {dag.py:2977} INFO - Setting next_dagrun for example_sla_dag to 2022-09-20T11:44:00+00:00, run_after=2022-09-20T11:46:00+00:00
[2022-09-20T17:16:33.839+0530] {processor.py:161} INFO - Processing /home/sayone/This PC/SayOne Technologies/Works/airflow_new/Airflow/venv/lib/python3.8/site-packages/airflow/example_dags/example_sla_dag.py took 0.093 seconds
[2022-09-20T17:17:13.013+0530] {processor.py:153} INFO - Started process (PID=28827) to work on /home/sayone/This PC/SayOne Technologies/Works/airflow_new/Airflow/venv/lib/python3.8/site-packages/airflow/example_dags/example_sla_dag.py
[2022-09-20T17:17:13.016+0530] {processor.py:640} INFO - Processing file /home/sayone/This PC/SayOne Technologies/Works/airflow_new/Airflow/venv/lib/python3.8/site-packages/airflow/example_dags/example_sla_dag.py for tasks to queue
[2022-09-20T17:17:13.017+0530] {logging_mixin.py:115} INFO - [2022-09-20T17:17:13.016+0530] {dagbag.py:508} INFO - Filling up the DagBag from /home/sayone/This PC/SayOne Technologies/Works/airflow_new/Airflow/venv/lib/python3.8/site-packages/airflow/example_dags/example_sla_dag.py
[2022-09-20T17:17:13.031+0530] {processor.py:650} INFO - DAG(s) dict_keys(['example_sla_dag']) retrieved from /home/sayone/This PC/SayOne Technologies/Works/airflow_new/Airflow/venv/lib/python3.8/site-packages/airflow/example_dags/example_sla_dag.py
[2022-09-20T17:17:13.044+0530] {logging_mixin.py:115} INFO - [2022-09-20T17:17:13.044+0530] {dag.py:2429} INFO - Sync 1 DAGs
[2022-09-20T17:17:13.061+0530] {logging_mixin.py:115} INFO - [2022-09-20T17:17:13.061+0530] {dag.py:2977} INFO - Setting next_dagrun for example_sla_dag to 2022-09-20T11:44:00+00:00, run_after=2022-09-20T11:46:00+00:00
[2022-09-20T17:17:13.072+0530] {processor.py:161} INFO - Processing /home/sayone/This PC/SayOne Technologies/Works/airflow_new/Airflow/venv/lib/python3.8/site-packages/airflow/example_dags/example_sla_dag.py took 0.062 seconds
[2022-09-20T17:17:48.004+0530] {processor.py:153} INFO - Started process (PID=29001) to work on /home/sayone/This PC/SayOne Technologies/Works/airflow_new/Airflow/venv/lib/python3.8/site-packages/airflow/example_dags/example_sla_dag.py
[2022-09-20T17:17:48.007+0530] {processor.py:640} INFO - Processing file /home/sayone/This PC/SayOne Technologies/Works/airflow_new/Airflow/venv/lib/python3.8/site-packages/airflow/example_dags/example_sla_dag.py for tasks to queue
[2022-09-20T17:17:48.007+0530] {logging_mixin.py:115} INFO - [2022-09-20T17:17:48.007+0530] {dagbag.py:508} INFO - Filling up the DagBag from /home/sayone/This PC/SayOne Technologies/Works/airflow_new/Airflow/venv/lib/python3.8/site-packages/airflow/example_dags/example_sla_dag.py
[2022-09-20T17:17:48.025+0530] {processor.py:650} INFO - DAG(s) dict_keys(['example_sla_dag']) retrieved from /home/sayone/This PC/SayOne Technologies/Works/airflow_new/Airflow/venv/lib/python3.8/site-packages/airflow/example_dags/example_sla_dag.py
[2022-09-20T17:17:48.035+0530] {logging_mixin.py:115} INFO - [2022-09-20T17:17:48.035+0530] {dag.py:2429} INFO - Sync 1 DAGs
[2022-09-20T17:17:48.050+0530] {logging_mixin.py:115} INFO - [2022-09-20T17:17:48.050+0530] {dag.py:2977} INFO - Setting next_dagrun for example_sla_dag to 2022-09-20T11:44:00+00:00, run_after=2022-09-20T11:46:00+00:00
[2022-09-20T17:17:48.059+0530] {processor.py:161} INFO - Processing /home/sayone/This PC/SayOne Technologies/Works/airflow_new/Airflow/venv/lib/python3.8/site-packages/airflow/example_dags/example_sla_dag.py took 0.057 seconds
[2022-09-20T17:18:22.944+0530] {processor.py:153} INFO - Started process (PID=29152) to work on /home/sayone/This PC/SayOne Technologies/Works/airflow_new/Airflow/venv/lib/python3.8/site-packages/airflow/example_dags/example_sla_dag.py
[2022-09-20T17:18:22.946+0530] {processor.py:640} INFO - Processing file /home/sayone/This PC/SayOne Technologies/Works/airflow_new/Airflow/venv/lib/python3.8/site-packages/airflow/example_dags/example_sla_dag.py for tasks to queue
[2022-09-20T17:18:22.946+0530] {logging_mixin.py:115} INFO - [2022-09-20T17:18:22.946+0530] {dagbag.py:508} INFO - Filling up the DagBag from /home/sayone/This PC/SayOne Technologies/Works/airflow_new/Airflow/venv/lib/python3.8/site-packages/airflow/example_dags/example_sla_dag.py
[2022-09-20T17:18:22.962+0530] {processor.py:650} INFO - DAG(s) dict_keys(['example_sla_dag']) retrieved from /home/sayone/This PC/SayOne Technologies/Works/airflow_new/Airflow/venv/lib/python3.8/site-packages/airflow/example_dags/example_sla_dag.py
[2022-09-20T17:18:22.971+0530] {logging_mixin.py:115} INFO - [2022-09-20T17:18:22.970+0530] {dag.py:2429} INFO - Sync 1 DAGs
[2022-09-20T17:18:22.984+0530] {logging_mixin.py:115} INFO - [2022-09-20T17:18:22.984+0530] {dag.py:2977} INFO - Setting next_dagrun for example_sla_dag to 2022-09-20T11:46:00+00:00, run_after=2022-09-20T11:48:00+00:00
[2022-09-20T17:18:22.993+0530] {processor.py:161} INFO - Processing /home/sayone/This PC/SayOne Technologies/Works/airflow_new/Airflow/venv/lib/python3.8/site-packages/airflow/example_dags/example_sla_dag.py took 0.053 seconds
[2022-09-20T17:18:57.894+0530] {processor.py:153} INFO - Started process (PID=29281) to work on /home/sayone/This PC/SayOne Technologies/Works/airflow_new/Airflow/venv/lib/python3.8/site-packages/airflow/example_dags/example_sla_dag.py
[2022-09-20T17:18:57.897+0530] {processor.py:640} INFO - Processing file /home/sayone/This PC/SayOne Technologies/Works/airflow_new/Airflow/venv/lib/python3.8/site-packages/airflow/example_dags/example_sla_dag.py for tasks to queue
[2022-09-20T17:18:57.898+0530] {logging_mixin.py:115} INFO - [2022-09-20T17:18:57.898+0530] {dagbag.py:508} INFO - Filling up the DagBag from /home/sayone/This PC/SayOne Technologies/Works/airflow_new/Airflow/venv/lib/python3.8/site-packages/airflow/example_dags/example_sla_dag.py
[2022-09-20T17:18:57.920+0530] {processor.py:650} INFO - DAG(s) dict_keys(['example_sla_dag']) retrieved from /home/sayone/This PC/SayOne Technologies/Works/airflow_new/Airflow/venv/lib/python3.8/site-packages/airflow/example_dags/example_sla_dag.py
[2022-09-20T17:18:57.929+0530] {logging_mixin.py:115} INFO - [2022-09-20T17:18:57.929+0530] {dag.py:2429} INFO - Sync 1 DAGs
[2022-09-20T17:18:57.942+0530] {logging_mixin.py:115} INFO - [2022-09-20T17:18:57.942+0530] {dag.py:2977} INFO - Setting next_dagrun for example_sla_dag to 2022-09-20T11:46:00+00:00, run_after=2022-09-20T11:48:00+00:00
[2022-09-20T17:18:57.951+0530] {processor.py:161} INFO - Processing /home/sayone/This PC/SayOne Technologies/Works/airflow_new/Airflow/venv/lib/python3.8/site-packages/airflow/example_dags/example_sla_dag.py took 0.061 seconds
[2022-09-20T17:19:33.768+0530] {processor.py:153} INFO - Started process (PID=29486) to work on /home/sayone/This PC/SayOne Technologies/Works/airflow_new/Airflow/venv/lib/python3.8/site-packages/airflow/example_dags/example_sla_dag.py
[2022-09-20T17:19:33.769+0530] {processor.py:640} INFO - Processing file /home/sayone/This PC/SayOne Technologies/Works/airflow_new/Airflow/venv/lib/python3.8/site-packages/airflow/example_dags/example_sla_dag.py for tasks to queue
[2022-09-20T17:19:33.770+0530] {logging_mixin.py:115} INFO - [2022-09-20T17:19:33.770+0530] {dagbag.py:508} INFO - Filling up the DagBag from /home/sayone/This PC/SayOne Technologies/Works/airflow_new/Airflow/venv/lib/python3.8/site-packages/airflow/example_dags/example_sla_dag.py
[2022-09-20T17:19:33.783+0530] {processor.py:650} INFO - DAG(s) dict_keys(['example_sla_dag']) retrieved from /home/sayone/This PC/SayOne Technologies/Works/airflow_new/Airflow/venv/lib/python3.8/site-packages/airflow/example_dags/example_sla_dag.py
[2022-09-20T17:19:33.792+0530] {logging_mixin.py:115} INFO - [2022-09-20T17:19:33.791+0530] {dag.py:2429} INFO - Sync 1 DAGs
[2022-09-20T17:19:33.806+0530] {logging_mixin.py:115} INFO - [2022-09-20T17:19:33.806+0530] {dag.py:2977} INFO - Setting next_dagrun for example_sla_dag to 2022-09-20T11:46:00+00:00, run_after=2022-09-20T11:48:00+00:00
[2022-09-20T17:19:33.816+0530] {processor.py:161} INFO - Processing /home/sayone/This PC/SayOne Technologies/Works/airflow_new/Airflow/venv/lib/python3.8/site-packages/airflow/example_dags/example_sla_dag.py took 0.052 seconds
[2022-09-20T17:19:56.046+0530] {processor.py:153} INFO - Started process (PID=29621) to work on /home/sayone/This PC/SayOne Technologies/Works/airflow_new/Airflow/venv/lib/python3.8/site-packages/airflow/example_dags/example_sla_dag.py
[2022-09-20T17:19:56.049+0530] {processor.py:640} INFO - Processing file /home/sayone/This PC/SayOne Technologies/Works/airflow_new/Airflow/venv/lib/python3.8/site-packages/airflow/example_dags/example_sla_dag.py for tasks to queue
[2022-09-20T17:19:56.050+0530] {logging_mixin.py:115} INFO - [2022-09-20T17:19:56.050+0530] {dagbag.py:508} INFO - Filling up the DagBag from /home/sayone/This PC/SayOne Technologies/Works/airflow_new/Airflow/venv/lib/python3.8/site-packages/airflow/example_dags/example_sla_dag.py
[2022-09-20T17:19:56.067+0530] {processor.py:650} INFO - DAG(s) dict_keys(['example_sla_dag']) retrieved from /home/sayone/This PC/SayOne Technologies/Works/airflow_new/Airflow/venv/lib/python3.8/site-packages/airflow/example_dags/example_sla_dag.py
[2022-09-20T17:19:56.081+0530] {logging_mixin.py:115} INFO - [2022-09-20T17:19:56.081+0530] {dag.py:2429} INFO - Sync 1 DAGs
[2022-09-20T17:19:56.105+0530] {logging_mixin.py:115} INFO - [2022-09-20T17:19:56.104+0530] {dag.py:2977} INFO - Setting next_dagrun for example_sla_dag to 2022-09-20T11:46:00+00:00, run_after=2022-09-20T11:48:00+00:00
[2022-09-20T17:19:56.127+0530] {processor.py:161} INFO - Processing /home/sayone/This PC/SayOne Technologies/Works/airflow_new/Airflow/venv/lib/python3.8/site-packages/airflow/example_dags/example_sla_dag.py took 0.083 seconds
[2022-09-20T17:20:30.877+0530] {processor.py:153} INFO - Started process (PID=29706) to work on /home/sayone/This PC/SayOne Technologies/Works/airflow_new/Airflow/venv/lib/python3.8/site-packages/airflow/example_dags/example_sla_dag.py
[2022-09-20T17:20:30.880+0530] {processor.py:640} INFO - Processing file /home/sayone/This PC/SayOne Technologies/Works/airflow_new/Airflow/venv/lib/python3.8/site-packages/airflow/example_dags/example_sla_dag.py for tasks to queue
[2022-09-20T17:20:30.881+0530] {logging_mixin.py:115} INFO - [2022-09-20T17:20:30.881+0530] {dagbag.py:508} INFO - Filling up the DagBag from /home/sayone/This PC/SayOne Technologies/Works/airflow_new/Airflow/venv/lib/python3.8/site-packages/airflow/example_dags/example_sla_dag.py
[2022-09-20T17:20:30.897+0530] {processor.py:650} INFO - DAG(s) dict_keys(['example_sla_dag']) retrieved from /home/sayone/This PC/SayOne Technologies/Works/airflow_new/Airflow/venv/lib/python3.8/site-packages/airflow/example_dags/example_sla_dag.py
[2022-09-20T17:20:30.906+0530] {logging_mixin.py:115} INFO - [2022-09-20T17:20:30.906+0530] {dag.py:2429} INFO - Sync 1 DAGs
[2022-09-20T17:20:30.919+0530] {logging_mixin.py:115} INFO - [2022-09-20T17:20:30.919+0530] {dag.py:2977} INFO - Setting next_dagrun for example_sla_dag to 2022-09-20T11:48:00+00:00, run_after=2022-09-20T11:50:00+00:00
[2022-09-20T17:20:30.927+0530] {processor.py:161} INFO - Processing /home/sayone/This PC/SayOne Technologies/Works/airflow_new/Airflow/venv/lib/python3.8/site-packages/airflow/example_dags/example_sla_dag.py took 0.054 seconds
[2022-09-20T17:21:05.853+0530] {processor.py:153} INFO - Started process (PID=29812) to work on /home/sayone/This PC/SayOne Technologies/Works/airflow_new/Airflow/venv/lib/python3.8/site-packages/airflow/example_dags/example_sla_dag.py
[2022-09-20T17:21:05.856+0530] {processor.py:640} INFO - Processing file /home/sayone/This PC/SayOne Technologies/Works/airflow_new/Airflow/venv/lib/python3.8/site-packages/airflow/example_dags/example_sla_dag.py for tasks to queue
[2022-09-20T17:21:05.857+0530] {logging_mixin.py:115} INFO - [2022-09-20T17:21:05.857+0530] {dagbag.py:508} INFO - Filling up the DagBag from /home/sayone/This PC/SayOne Technologies/Works/airflow_new/Airflow/venv/lib/python3.8/site-packages/airflow/example_dags/example_sla_dag.py
[2022-09-20T17:21:05.869+0530] {processor.py:650} INFO - DAG(s) dict_keys(['example_sla_dag']) retrieved from /home/sayone/This PC/SayOne Technologies/Works/airflow_new/Airflow/venv/lib/python3.8/site-packages/airflow/example_dags/example_sla_dag.py
[2022-09-20T17:21:05.879+0530] {logging_mixin.py:115} INFO - [2022-09-20T17:21:05.878+0530] {dag.py:2429} INFO - Sync 1 DAGs
[2022-09-20T17:21:05.896+0530] {logging_mixin.py:115} INFO - [2022-09-20T17:21:05.896+0530] {dag.py:2977} INFO - Setting next_dagrun for example_sla_dag to 2022-09-20T11:48:00+00:00, run_after=2022-09-20T11:50:00+00:00
[2022-09-20T17:21:05.905+0530] {processor.py:161} INFO - Processing /home/sayone/This PC/SayOne Technologies/Works/airflow_new/Airflow/venv/lib/python3.8/site-packages/airflow/example_dags/example_sla_dag.py took 0.055 seconds
[2022-09-20T17:21:43.015+0530] {processor.py:153} INFO - Started process (PID=29927) to work on /home/sayone/This PC/SayOne Technologies/Works/airflow_new/Airflow/venv/lib/python3.8/site-packages/airflow/example_dags/example_sla_dag.py
[2022-09-20T17:21:43.018+0530] {processor.py:640} INFO - Processing file /home/sayone/This PC/SayOne Technologies/Works/airflow_new/Airflow/venv/lib/python3.8/site-packages/airflow/example_dags/example_sla_dag.py for tasks to queue
[2022-09-20T17:21:43.019+0530] {logging_mixin.py:115} INFO - [2022-09-20T17:21:43.018+0530] {dagbag.py:508} INFO - Filling up the DagBag from /home/sayone/This PC/SayOne Technologies/Works/airflow_new/Airflow/venv/lib/python3.8/site-packages/airflow/example_dags/example_sla_dag.py
[2022-09-20T17:21:43.034+0530] {processor.py:650} INFO - DAG(s) dict_keys(['example_sla_dag']) retrieved from /home/sayone/This PC/SayOne Technologies/Works/airflow_new/Airflow/venv/lib/python3.8/site-packages/airflow/example_dags/example_sla_dag.py
[2022-09-20T17:21:43.043+0530] {logging_mixin.py:115} INFO - [2022-09-20T17:21:43.042+0530] {dag.py:2429} INFO - Sync 1 DAGs
[2022-09-20T17:21:43.057+0530] {logging_mixin.py:115} INFO - [2022-09-20T17:21:43.057+0530] {dag.py:2977} INFO - Setting next_dagrun for example_sla_dag to 2022-09-20T11:48:00+00:00, run_after=2022-09-20T11:50:00+00:00
[2022-09-20T17:21:43.066+0530] {processor.py:161} INFO - Processing /home/sayone/This PC/SayOne Technologies/Works/airflow_new/Airflow/venv/lib/python3.8/site-packages/airflow/example_dags/example_sla_dag.py took 0.055 seconds
[2022-09-20T17:22:17.783+0530] {processor.py:153} INFO - Started process (PID=30220) to work on /home/sayone/This PC/SayOne Technologies/Works/airflow_new/Airflow/venv/lib/python3.8/site-packages/airflow/example_dags/example_sla_dag.py
[2022-09-20T17:22:17.786+0530] {processor.py:640} INFO - Processing file /home/sayone/This PC/SayOne Technologies/Works/airflow_new/Airflow/venv/lib/python3.8/site-packages/airflow/example_dags/example_sla_dag.py for tasks to queue
[2022-09-20T17:22:17.786+0530] {logging_mixin.py:115} INFO - [2022-09-20T17:22:17.786+0530] {dagbag.py:508} INFO - Filling up the DagBag from /home/sayone/This PC/SayOne Technologies/Works/airflow_new/Airflow/venv/lib/python3.8/site-packages/airflow/example_dags/example_sla_dag.py
[2022-09-20T17:22:17.800+0530] {processor.py:650} INFO - DAG(s) dict_keys(['example_sla_dag']) retrieved from /home/sayone/This PC/SayOne Technologies/Works/airflow_new/Airflow/venv/lib/python3.8/site-packages/airflow/example_dags/example_sla_dag.py
[2022-09-20T17:22:17.809+0530] {logging_mixin.py:115} INFO - [2022-09-20T17:22:17.809+0530] {dag.py:2429} INFO - Sync 1 DAGs
[2022-09-20T17:22:17.823+0530] {logging_mixin.py:115} INFO - [2022-09-20T17:22:17.823+0530] {dag.py:2977} INFO - Setting next_dagrun for example_sla_dag to 2022-09-20T11:50:00+00:00, run_after=2022-09-20T11:52:00+00:00
[2022-09-20T17:22:17.834+0530] {processor.py:161} INFO - Processing /home/sayone/This PC/SayOne Technologies/Works/airflow_new/Airflow/venv/lib/python3.8/site-packages/airflow/example_dags/example_sla_dag.py took 0.053 seconds
[2022-09-20T17:22:53.902+0530] {processor.py:153} INFO - Started process (PID=30353) to work on /home/sayone/This PC/SayOne Technologies/Works/airflow_new/Airflow/venv/lib/python3.8/site-packages/airflow/example_dags/example_sla_dag.py
[2022-09-20T17:22:53.905+0530] {processor.py:640} INFO - Processing file /home/sayone/This PC/SayOne Technologies/Works/airflow_new/Airflow/venv/lib/python3.8/site-packages/airflow/example_dags/example_sla_dag.py for tasks to queue
[2022-09-20T17:22:53.905+0530] {logging_mixin.py:115} INFO - [2022-09-20T17:22:53.905+0530] {dagbag.py:508} INFO - Filling up the DagBag from /home/sayone/This PC/SayOne Technologies/Works/airflow_new/Airflow/venv/lib/python3.8/site-packages/airflow/example_dags/example_sla_dag.py
[2022-09-20T17:22:53.919+0530] {processor.py:650} INFO - DAG(s) dict_keys(['example_sla_dag']) retrieved from /home/sayone/This PC/SayOne Technologies/Works/airflow_new/Airflow/venv/lib/python3.8/site-packages/airflow/example_dags/example_sla_dag.py
[2022-09-20T17:22:53.930+0530] {logging_mixin.py:115} INFO - [2022-09-20T17:22:53.930+0530] {dag.py:2429} INFO - Sync 1 DAGs
[2022-09-20T17:22:53.944+0530] {logging_mixin.py:115} INFO - [2022-09-20T17:22:53.944+0530] {dag.py:2977} INFO - Setting next_dagrun for example_sla_dag to 2022-09-20T11:50:00+00:00, run_after=2022-09-20T11:52:00+00:00
[2022-09-20T17:22:53.953+0530] {processor.py:161} INFO - Processing /home/sayone/This PC/SayOne Technologies/Works/airflow_new/Airflow/venv/lib/python3.8/site-packages/airflow/example_dags/example_sla_dag.py took 0.054 seconds
[2022-09-20T17:23:19.407+0530] {processor.py:153} INFO - Started process (PID=30403) to work on /home/sayone/This PC/SayOne Technologies/Works/airflow_new/Airflow/venv/lib/python3.8/site-packages/airflow/example_dags/example_sla_dag.py
[2022-09-20T17:23:19.411+0530] {processor.py:640} INFO - Processing file /home/sayone/This PC/SayOne Technologies/Works/airflow_new/Airflow/venv/lib/python3.8/site-packages/airflow/example_dags/example_sla_dag.py for tasks to queue
[2022-09-20T17:23:19.413+0530] {logging_mixin.py:115} INFO - [2022-09-20T17:23:19.412+0530] {dagbag.py:508} INFO - Filling up the DagBag from /home/sayone/This PC/SayOne Technologies/Works/airflow_new/Airflow/venv/lib/python3.8/site-packages/airflow/example_dags/example_sla_dag.py
[2022-09-20T17:23:19.442+0530] {processor.py:650} INFO - DAG(s) dict_keys(['example_sla_dag']) retrieved from /home/sayone/This PC/SayOne Technologies/Works/airflow_new/Airflow/venv/lib/python3.8/site-packages/airflow/example_dags/example_sla_dag.py
[2022-09-20T17:23:19.461+0530] {logging_mixin.py:115} INFO - [2022-09-20T17:23:19.460+0530] {dag.py:2429} INFO - Sync 1 DAGs
[2022-09-20T17:23:19.509+0530] {logging_mixin.py:115} INFO - [2022-09-20T17:23:19.509+0530] {dag.py:2977} INFO - Setting next_dagrun for example_sla_dag to 2022-09-20T11:50:00+00:00, run_after=2022-09-20T11:52:00+00:00
[2022-09-20T17:23:19.545+0530] {processor.py:161} INFO - Processing /home/sayone/This PC/SayOne Technologies/Works/airflow_new/Airflow/venv/lib/python3.8/site-packages/airflow/example_dags/example_sla_dag.py took 0.144 seconds
[2022-09-20T17:23:56.258+0530] {processor.py:153} INFO - Started process (PID=30550) to work on /home/sayone/This PC/SayOne Technologies/Works/airflow_new/Airflow/venv/lib/python3.8/site-packages/airflow/example_dags/example_sla_dag.py
[2022-09-20T17:23:56.261+0530] {processor.py:640} INFO - Processing file /home/sayone/This PC/SayOne Technologies/Works/airflow_new/Airflow/venv/lib/python3.8/site-packages/airflow/example_dags/example_sla_dag.py for tasks to queue
[2022-09-20T17:23:56.262+0530] {logging_mixin.py:115} INFO - [2022-09-20T17:23:56.262+0530] {dagbag.py:508} INFO - Filling up the DagBag from /home/sayone/This PC/SayOne Technologies/Works/airflow_new/Airflow/venv/lib/python3.8/site-packages/airflow/example_dags/example_sla_dag.py
[2022-09-20T17:23:56.276+0530] {processor.py:650} INFO - DAG(s) dict_keys(['example_sla_dag']) retrieved from /home/sayone/This PC/SayOne Technologies/Works/airflow_new/Airflow/venv/lib/python3.8/site-packages/airflow/example_dags/example_sla_dag.py
[2022-09-20T17:23:56.285+0530] {logging_mixin.py:115} INFO - [2022-09-20T17:23:56.285+0530] {dag.py:2429} INFO - Sync 1 DAGs
[2022-09-20T17:23:56.300+0530] {logging_mixin.py:115} INFO - [2022-09-20T17:23:56.300+0530] {dag.py:2977} INFO - Setting next_dagrun for example_sla_dag to 2022-09-20T11:50:00+00:00, run_after=2022-09-20T11:52:00+00:00
[2022-09-20T17:23:56.309+0530] {processor.py:161} INFO - Processing /home/sayone/This PC/SayOne Technologies/Works/airflow_new/Airflow/venv/lib/python3.8/site-packages/airflow/example_dags/example_sla_dag.py took 0.053 seconds
[2022-09-20T17:24:31.137+0530] {processor.py:153} INFO - Started process (PID=30737) to work on /home/sayone/This PC/SayOne Technologies/Works/airflow_new/Airflow/venv/lib/python3.8/site-packages/airflow/example_dags/example_sla_dag.py
[2022-09-20T17:24:31.140+0530] {processor.py:640} INFO - Processing file /home/sayone/This PC/SayOne Technologies/Works/airflow_new/Airflow/venv/lib/python3.8/site-packages/airflow/example_dags/example_sla_dag.py for tasks to queue
[2022-09-20T17:24:31.141+0530] {logging_mixin.py:115} INFO - [2022-09-20T17:24:31.141+0530] {dagbag.py:508} INFO - Filling up the DagBag from /home/sayone/This PC/SayOne Technologies/Works/airflow_new/Airflow/venv/lib/python3.8/site-packages/airflow/example_dags/example_sla_dag.py
[2022-09-20T17:24:31.155+0530] {processor.py:650} INFO - DAG(s) dict_keys(['example_sla_dag']) retrieved from /home/sayone/This PC/SayOne Technologies/Works/airflow_new/Airflow/venv/lib/python3.8/site-packages/airflow/example_dags/example_sla_dag.py
[2022-09-20T17:24:31.168+0530] {logging_mixin.py:115} INFO - [2022-09-20T17:24:31.168+0530] {dag.py:2429} INFO - Sync 1 DAGs
[2022-09-20T17:24:31.192+0530] {logging_mixin.py:115} INFO - [2022-09-20T17:24:31.192+0530] {dag.py:2977} INFO - Setting next_dagrun for example_sla_dag to 2022-09-20T11:52:00+00:00, run_after=2022-09-20T11:54:00+00:00
[2022-09-20T17:24:31.204+0530] {processor.py:161} INFO - Processing /home/sayone/This PC/SayOne Technologies/Works/airflow_new/Airflow/venv/lib/python3.8/site-packages/airflow/example_dags/example_sla_dag.py took 0.070 seconds
[2022-09-20T17:25:08.204+0530] {processor.py:153} INFO - Started process (PID=30955) to work on /home/sayone/This PC/SayOne Technologies/Works/airflow_new/Airflow/venv/lib/python3.8/site-packages/airflow/example_dags/example_sla_dag.py
[2022-09-20T17:25:08.207+0530] {processor.py:640} INFO - Processing file /home/sayone/This PC/SayOne Technologies/Works/airflow_new/Airflow/venv/lib/python3.8/site-packages/airflow/example_dags/example_sla_dag.py for tasks to queue
[2022-09-20T17:25:08.208+0530] {logging_mixin.py:115} INFO - [2022-09-20T17:25:08.208+0530] {dagbag.py:508} INFO - Filling up the DagBag from /home/sayone/This PC/SayOne Technologies/Works/airflow_new/Airflow/venv/lib/python3.8/site-packages/airflow/example_dags/example_sla_dag.py
[2022-09-20T17:25:08.222+0530] {processor.py:650} INFO - DAG(s) dict_keys(['example_sla_dag']) retrieved from /home/sayone/This PC/SayOne Technologies/Works/airflow_new/Airflow/venv/lib/python3.8/site-packages/airflow/example_dags/example_sla_dag.py
[2022-09-20T17:25:08.236+0530] {logging_mixin.py:115} INFO - [2022-09-20T17:25:08.236+0530] {dag.py:2429} INFO - Sync 1 DAGs
[2022-09-20T17:25:08.256+0530] {logging_mixin.py:115} INFO - [2022-09-20T17:25:08.255+0530] {dag.py:2977} INFO - Setting next_dagrun for example_sla_dag to 2022-09-20T11:52:00+00:00, run_after=2022-09-20T11:54:00+00:00
[2022-09-20T17:25:08.273+0530] {processor.py:161} INFO - Processing /home/sayone/This PC/SayOne Technologies/Works/airflow_new/Airflow/venv/lib/python3.8/site-packages/airflow/example_dags/example_sla_dag.py took 0.071 seconds
[2022-09-20T17:25:41.948+0530] {processor.py:153} INFO - Started process (PID=31035) to work on /home/sayone/This PC/SayOne Technologies/Works/airflow_new/Airflow/venv/lib/python3.8/site-packages/airflow/example_dags/example_sla_dag.py
[2022-09-20T17:25:41.948+0530] {processor.py:640} INFO - Processing file /home/sayone/This PC/SayOne Technologies/Works/airflow_new/Airflow/venv/lib/python3.8/site-packages/airflow/example_dags/example_sla_dag.py for tasks to queue
[2022-09-20T17:25:41.949+0530] {logging_mixin.py:115} INFO - [2022-09-20T17:25:41.949+0530] {dagbag.py:508} INFO - Filling up the DagBag from /home/sayone/This PC/SayOne Technologies/Works/airflow_new/Airflow/venv/lib/python3.8/site-packages/airflow/example_dags/example_sla_dag.py
[2022-09-20T17:25:41.959+0530] {processor.py:650} INFO - DAG(s) dict_keys(['example_sla_dag']) retrieved from /home/sayone/This PC/SayOne Technologies/Works/airflow_new/Airflow/venv/lib/python3.8/site-packages/airflow/example_dags/example_sla_dag.py
[2022-09-20T17:25:41.967+0530] {logging_mixin.py:115} INFO - [2022-09-20T17:25:41.967+0530] {dag.py:2429} INFO - Sync 1 DAGs
[2022-09-20T17:25:41.980+0530] {logging_mixin.py:115} INFO - [2022-09-20T17:25:41.980+0530] {dag.py:2977} INFO - Setting next_dagrun for example_sla_dag to 2022-09-20T11:52:00+00:00, run_after=2022-09-20T11:54:00+00:00
[2022-09-20T17:25:41.989+0530] {processor.py:161} INFO - Processing /home/sayone/This PC/SayOne Technologies/Works/airflow_new/Airflow/venv/lib/python3.8/site-packages/airflow/example_dags/example_sla_dag.py took 0.043 seconds
[2022-09-20T17:26:20.614+0530] {processor.py:153} INFO - Started process (PID=31150) to work on /home/sayone/This PC/SayOne Technologies/Works/airflow_new/Airflow/venv/lib/python3.8/site-packages/airflow/example_dags/example_sla_dag.py
[2022-09-20T17:26:20.617+0530] {processor.py:640} INFO - Processing file /home/sayone/This PC/SayOne Technologies/Works/airflow_new/Airflow/venv/lib/python3.8/site-packages/airflow/example_dags/example_sla_dag.py for tasks to queue
[2022-09-20T17:26:20.618+0530] {logging_mixin.py:115} INFO - [2022-09-20T17:26:20.618+0530] {dagbag.py:508} INFO - Filling up the DagBag from /home/sayone/This PC/SayOne Technologies/Works/airflow_new/Airflow/venv/lib/python3.8/site-packages/airflow/example_dags/example_sla_dag.py
[2022-09-20T17:26:20.635+0530] {processor.py:650} INFO - DAG(s) dict_keys(['example_sla_dag']) retrieved from /home/sayone/This PC/SayOne Technologies/Works/airflow_new/Airflow/venv/lib/python3.8/site-packages/airflow/example_dags/example_sla_dag.py
[2022-09-20T17:26:20.643+0530] {logging_mixin.py:115} INFO - [2022-09-20T17:26:20.643+0530] {dag.py:2429} INFO - Sync 1 DAGs
[2022-09-20T17:26:20.656+0530] {logging_mixin.py:115} INFO - [2022-09-20T17:26:20.656+0530] {dag.py:2977} INFO - Setting next_dagrun for example_sla_dag to 2022-09-20T11:54:00+00:00, run_after=2022-09-20T11:56:00+00:00
[2022-09-20T17:26:20.664+0530] {processor.py:161} INFO - Processing /home/sayone/This PC/SayOne Technologies/Works/airflow_new/Airflow/venv/lib/python3.8/site-packages/airflow/example_dags/example_sla_dag.py took 0.054 seconds
[2022-09-20T17:26:55.094+0530] {processor.py:153} INFO - Started process (PID=31312) to work on /home/sayone/This PC/SayOne Technologies/Works/airflow_new/Airflow/venv/lib/python3.8/site-packages/airflow/example_dags/example_sla_dag.py
[2022-09-20T17:26:55.097+0530] {processor.py:640} INFO - Processing file /home/sayone/This PC/SayOne Technologies/Works/airflow_new/Airflow/venv/lib/python3.8/site-packages/airflow/example_dags/example_sla_dag.py for tasks to queue
[2022-09-20T17:26:55.098+0530] {logging_mixin.py:115} INFO - [2022-09-20T17:26:55.098+0530] {dagbag.py:508} INFO - Filling up the DagBag from /home/sayone/This PC/SayOne Technologies/Works/airflow_new/Airflow/venv/lib/python3.8/site-packages/airflow/example_dags/example_sla_dag.py
[2022-09-20T17:26:55.115+0530] {processor.py:650} INFO - DAG(s) dict_keys(['example_sla_dag']) retrieved from /home/sayone/This PC/SayOne Technologies/Works/airflow_new/Airflow/venv/lib/python3.8/site-packages/airflow/example_dags/example_sla_dag.py
[2022-09-20T17:26:55.123+0530] {logging_mixin.py:115} INFO - [2022-09-20T17:26:55.123+0530] {dag.py:2429} INFO - Sync 1 DAGs
[2022-09-20T17:26:55.135+0530] {logging_mixin.py:115} INFO - [2022-09-20T17:26:55.135+0530] {dag.py:2977} INFO - Setting next_dagrun for example_sla_dag to 2022-09-20T11:54:00+00:00, run_after=2022-09-20T11:56:00+00:00
[2022-09-20T17:26:55.144+0530] {processor.py:161} INFO - Processing /home/sayone/This PC/SayOne Technologies/Works/airflow_new/Airflow/venv/lib/python3.8/site-packages/airflow/example_dags/example_sla_dag.py took 0.052 seconds
[2022-09-20T17:27:33.728+0530] {processor.py:153} INFO - Started process (PID=31561) to work on /home/sayone/This PC/SayOne Technologies/Works/airflow_new/Airflow/venv/lib/python3.8/site-packages/airflow/example_dags/example_sla_dag.py
[2022-09-20T17:27:33.730+0530] {processor.py:640} INFO - Processing file /home/sayone/This PC/SayOne Technologies/Works/airflow_new/Airflow/venv/lib/python3.8/site-packages/airflow/example_dags/example_sla_dag.py for tasks to queue
[2022-09-20T17:27:33.731+0530] {logging_mixin.py:115} INFO - [2022-09-20T17:27:33.731+0530] {dagbag.py:508} INFO - Filling up the DagBag from /home/sayone/This PC/SayOne Technologies/Works/airflow_new/Airflow/venv/lib/python3.8/site-packages/airflow/example_dags/example_sla_dag.py
[2022-09-20T17:27:33.749+0530] {processor.py:650} INFO - DAG(s) dict_keys(['example_sla_dag']) retrieved from /home/sayone/This PC/SayOne Technologies/Works/airflow_new/Airflow/venv/lib/python3.8/site-packages/airflow/example_dags/example_sla_dag.py
[2022-09-20T17:27:33.757+0530] {logging_mixin.py:115} INFO - [2022-09-20T17:27:33.757+0530] {dag.py:2429} INFO - Sync 1 DAGs
[2022-09-20T17:27:33.769+0530] {logging_mixin.py:115} INFO - [2022-09-20T17:27:33.769+0530] {dag.py:2977} INFO - Setting next_dagrun for example_sla_dag to 2022-09-20T11:54:00+00:00, run_after=2022-09-20T11:56:00+00:00
[2022-09-20T17:27:33.777+0530] {processor.py:161} INFO - Processing /home/sayone/This PC/SayOne Technologies/Works/airflow_new/Airflow/venv/lib/python3.8/site-packages/airflow/example_dags/example_sla_dag.py took 0.053 seconds
[2022-09-20T17:28:06.905+0530] {processor.py:153} INFO - Started process (PID=31662) to work on /home/sayone/This PC/SayOne Technologies/Works/airflow_new/Airflow/venv/lib/python3.8/site-packages/airflow/example_dags/example_sla_dag.py
[2022-09-20T17:28:06.908+0530] {processor.py:640} INFO - Processing file /home/sayone/This PC/SayOne Technologies/Works/airflow_new/Airflow/venv/lib/python3.8/site-packages/airflow/example_dags/example_sla_dag.py for tasks to queue
[2022-09-20T17:28:06.908+0530] {logging_mixin.py:115} INFO - [2022-09-20T17:28:06.908+0530] {dagbag.py:508} INFO - Filling up the DagBag from /home/sayone/This PC/SayOne Technologies/Works/airflow_new/Airflow/venv/lib/python3.8/site-packages/airflow/example_dags/example_sla_dag.py
[2022-09-20T17:28:06.926+0530] {processor.py:650} INFO - DAG(s) dict_keys(['example_sla_dag']) retrieved from /home/sayone/This PC/SayOne Technologies/Works/airflow_new/Airflow/venv/lib/python3.8/site-packages/airflow/example_dags/example_sla_dag.py
[2022-09-20T17:28:06.934+0530] {logging_mixin.py:115} INFO - [2022-09-20T17:28:06.933+0530] {dag.py:2429} INFO - Sync 1 DAGs
[2022-09-20T17:28:06.946+0530] {logging_mixin.py:115} INFO - [2022-09-20T17:28:06.946+0530] {dag.py:2977} INFO - Setting next_dagrun for example_sla_dag to 2022-09-20T11:56:00+00:00, run_after=2022-09-20T11:58:00+00:00
[2022-09-20T17:28:06.954+0530] {processor.py:161} INFO - Processing /home/sayone/This PC/SayOne Technologies/Works/airflow_new/Airflow/venv/lib/python3.8/site-packages/airflow/example_dags/example_sla_dag.py took 0.051 seconds
[2022-09-20T17:28:45.748+0530] {processor.py:153} INFO - Started process (PID=31738) to work on /home/sayone/This PC/SayOne Technologies/Works/airflow_new/Airflow/venv/lib/python3.8/site-packages/airflow/example_dags/example_sla_dag.py
[2022-09-20T17:28:45.751+0530] {processor.py:640} INFO - Processing file /home/sayone/This PC/SayOne Technologies/Works/airflow_new/Airflow/venv/lib/python3.8/site-packages/airflow/example_dags/example_sla_dag.py for tasks to queue
[2022-09-20T17:28:45.752+0530] {logging_mixin.py:115} INFO - [2022-09-20T17:28:45.752+0530] {dagbag.py:508} INFO - Filling up the DagBag from /home/sayone/This PC/SayOne Technologies/Works/airflow_new/Airflow/venv/lib/python3.8/site-packages/airflow/example_dags/example_sla_dag.py
[2022-09-20T17:28:45.771+0530] {processor.py:650} INFO - DAG(s) dict_keys(['example_sla_dag']) retrieved from /home/sayone/This PC/SayOne Technologies/Works/airflow_new/Airflow/venv/lib/python3.8/site-packages/airflow/example_dags/example_sla_dag.py
[2022-09-20T17:28:45.779+0530] {logging_mixin.py:115} INFO - [2022-09-20T17:28:45.779+0530] {dag.py:2429} INFO - Sync 1 DAGs
[2022-09-20T17:28:45.791+0530] {logging_mixin.py:115} INFO - [2022-09-20T17:28:45.791+0530] {dag.py:2977} INFO - Setting next_dagrun for example_sla_dag to 2022-09-20T11:56:00+00:00, run_after=2022-09-20T11:58:00+00:00
[2022-09-20T17:28:45.799+0530] {processor.py:161} INFO - Processing /home/sayone/This PC/SayOne Technologies/Works/airflow_new/Airflow/venv/lib/python3.8/site-packages/airflow/example_dags/example_sla_dag.py took 0.054 seconds
[2022-09-20T17:29:21.031+0530] {processor.py:153} INFO - Started process (PID=31860) to work on /home/sayone/This PC/SayOne Technologies/Works/airflow_new/Airflow/venv/lib/python3.8/site-packages/airflow/example_dags/example_sla_dag.py
[2022-09-20T17:29:21.033+0530] {processor.py:640} INFO - Processing file /home/sayone/This PC/SayOne Technologies/Works/airflow_new/Airflow/venv/lib/python3.8/site-packages/airflow/example_dags/example_sla_dag.py for tasks to queue
[2022-09-20T17:29:21.034+0530] {logging_mixin.py:115} INFO - [2022-09-20T17:29:21.034+0530] {dagbag.py:508} INFO - Filling up the DagBag from /home/sayone/This PC/SayOne Technologies/Works/airflow_new/Airflow/venv/lib/python3.8/site-packages/airflow/example_dags/example_sla_dag.py
[2022-09-20T17:29:21.052+0530] {processor.py:650} INFO - DAG(s) dict_keys(['example_sla_dag']) retrieved from /home/sayone/This PC/SayOne Technologies/Works/airflow_new/Airflow/venv/lib/python3.8/site-packages/airflow/example_dags/example_sla_dag.py
[2022-09-20T17:29:21.060+0530] {logging_mixin.py:115} INFO - [2022-09-20T17:29:21.060+0530] {dag.py:2429} INFO - Sync 1 DAGs
[2022-09-20T17:29:21.072+0530] {logging_mixin.py:115} INFO - [2022-09-20T17:29:21.072+0530] {dag.py:2977} INFO - Setting next_dagrun for example_sla_dag to 2022-09-20T11:56:00+00:00, run_after=2022-09-20T11:58:00+00:00
[2022-09-20T17:29:21.080+0530] {processor.py:161} INFO - Processing /home/sayone/This PC/SayOne Technologies/Works/airflow_new/Airflow/venv/lib/python3.8/site-packages/airflow/example_dags/example_sla_dag.py took 0.051 seconds
[2022-09-20T17:29:57.072+0530] {processor.py:153} INFO - Started process (PID=32069) to work on /home/sayone/This PC/SayOne Technologies/Works/airflow_new/Airflow/venv/lib/python3.8/site-packages/airflow/example_dags/example_sla_dag.py
[2022-09-20T17:29:57.075+0530] {processor.py:640} INFO - Processing file /home/sayone/This PC/SayOne Technologies/Works/airflow_new/Airflow/venv/lib/python3.8/site-packages/airflow/example_dags/example_sla_dag.py for tasks to queue
[2022-09-20T17:29:57.076+0530] {logging_mixin.py:115} INFO - [2022-09-20T17:29:57.076+0530] {dagbag.py:508} INFO - Filling up the DagBag from /home/sayone/This PC/SayOne Technologies/Works/airflow_new/Airflow/venv/lib/python3.8/site-packages/airflow/example_dags/example_sla_dag.py
[2022-09-20T17:29:57.094+0530] {processor.py:650} INFO - DAG(s) dict_keys(['example_sla_dag']) retrieved from /home/sayone/This PC/SayOne Technologies/Works/airflow_new/Airflow/venv/lib/python3.8/site-packages/airflow/example_dags/example_sla_dag.py
[2022-09-20T17:29:57.102+0530] {logging_mixin.py:115} INFO - [2022-09-20T17:29:57.102+0530] {dag.py:2429} INFO - Sync 1 DAGs
[2022-09-20T17:29:57.115+0530] {logging_mixin.py:115} INFO - [2022-09-20T17:29:57.115+0530] {dag.py:2977} INFO - Setting next_dagrun for example_sla_dag to 2022-09-20T11:56:00+00:00, run_after=2022-09-20T11:58:00+00:00
[2022-09-20T17:29:57.123+0530] {processor.py:161} INFO - Processing /home/sayone/This PC/SayOne Technologies/Works/airflow_new/Airflow/venv/lib/python3.8/site-packages/airflow/example_dags/example_sla_dag.py took 0.055 seconds
[2022-09-20T17:30:32.609+0530] {processor.py:153} INFO - Started process (PID=32138) to work on /home/sayone/This PC/SayOne Technologies/Works/airflow_new/Airflow/venv/lib/python3.8/site-packages/airflow/example_dags/example_sla_dag.py
[2022-09-20T17:30:32.612+0530] {processor.py:640} INFO - Processing file /home/sayone/This PC/SayOne Technologies/Works/airflow_new/Airflow/venv/lib/python3.8/site-packages/airflow/example_dags/example_sla_dag.py for tasks to queue
[2022-09-20T17:30:32.613+0530] {logging_mixin.py:115} INFO - [2022-09-20T17:30:32.613+0530] {dagbag.py:508} INFO - Filling up the DagBag from /home/sayone/This PC/SayOne Technologies/Works/airflow_new/Airflow/venv/lib/python3.8/site-packages/airflow/example_dags/example_sla_dag.py
[2022-09-20T17:30:32.630+0530] {processor.py:650} INFO - DAG(s) dict_keys(['example_sla_dag']) retrieved from /home/sayone/This PC/SayOne Technologies/Works/airflow_new/Airflow/venv/lib/python3.8/site-packages/airflow/example_dags/example_sla_dag.py
[2022-09-20T17:30:32.638+0530] {logging_mixin.py:115} INFO - [2022-09-20T17:30:32.638+0530] {dag.py:2429} INFO - Sync 1 DAGs
[2022-09-20T17:30:32.650+0530] {logging_mixin.py:115} INFO - [2022-09-20T17:30:32.650+0530] {dag.py:2977} INFO - Setting next_dagrun for example_sla_dag to 2022-09-20T11:58:00+00:00, run_after=2022-09-20T12:00:00+00:00
[2022-09-20T17:30:32.658+0530] {processor.py:161} INFO - Processing /home/sayone/This PC/SayOne Technologies/Works/airflow_new/Airflow/venv/lib/python3.8/site-packages/airflow/example_dags/example_sla_dag.py took 0.053 seconds
[2022-09-20T17:31:09.258+0530] {processor.py:153} INFO - Started process (PID=32245) to work on /home/sayone/This PC/SayOne Technologies/Works/airflow_new/Airflow/venv/lib/python3.8/site-packages/airflow/example_dags/example_sla_dag.py
[2022-09-20T17:31:09.261+0530] {processor.py:640} INFO - Processing file /home/sayone/This PC/SayOne Technologies/Works/airflow_new/Airflow/venv/lib/python3.8/site-packages/airflow/example_dags/example_sla_dag.py for tasks to queue
[2022-09-20T17:31:09.262+0530] {logging_mixin.py:115} INFO - [2022-09-20T17:31:09.261+0530] {dagbag.py:508} INFO - Filling up the DagBag from /home/sayone/This PC/SayOne Technologies/Works/airflow_new/Airflow/venv/lib/python3.8/site-packages/airflow/example_dags/example_sla_dag.py
[2022-09-20T17:31:09.279+0530] {processor.py:650} INFO - DAG(s) dict_keys(['example_sla_dag']) retrieved from /home/sayone/This PC/SayOne Technologies/Works/airflow_new/Airflow/venv/lib/python3.8/site-packages/airflow/example_dags/example_sla_dag.py
[2022-09-20T17:31:09.287+0530] {logging_mixin.py:115} INFO - [2022-09-20T17:31:09.287+0530] {dag.py:2429} INFO - Sync 1 DAGs
[2022-09-20T17:31:09.300+0530] {logging_mixin.py:115} INFO - [2022-09-20T17:31:09.300+0530] {dag.py:2977} INFO - Setting next_dagrun for example_sla_dag to 2022-09-20T11:58:00+00:00, run_after=2022-09-20T12:00:00+00:00
[2022-09-20T17:31:09.308+0530] {processor.py:161} INFO - Processing /home/sayone/This PC/SayOne Technologies/Works/airflow_new/Airflow/venv/lib/python3.8/site-packages/airflow/example_dags/example_sla_dag.py took 0.054 seconds
[2022-09-20T17:31:45.656+0530] {processor.py:153} INFO - Started process (PID=32319) to work on /home/sayone/This PC/SayOne Technologies/Works/airflow_new/Airflow/venv/lib/python3.8/site-packages/airflow/example_dags/example_sla_dag.py
[2022-09-20T17:31:45.656+0530] {processor.py:640} INFO - Processing file /home/sayone/This PC/SayOne Technologies/Works/airflow_new/Airflow/venv/lib/python3.8/site-packages/airflow/example_dags/example_sla_dag.py for tasks to queue
[2022-09-20T17:31:45.656+0530] {logging_mixin.py:115} INFO - [2022-09-20T17:31:45.656+0530] {dagbag.py:508} INFO - Filling up the DagBag from /home/sayone/This PC/SayOne Technologies/Works/airflow_new/Airflow/venv/lib/python3.8/site-packages/airflow/example_dags/example_sla_dag.py
[2022-09-20T17:31:45.666+0530] {processor.py:650} INFO - DAG(s) dict_keys(['example_sla_dag']) retrieved from /home/sayone/This PC/SayOne Technologies/Works/airflow_new/Airflow/venv/lib/python3.8/site-packages/airflow/example_dags/example_sla_dag.py
[2022-09-20T17:31:45.674+0530] {logging_mixin.py:115} INFO - [2022-09-20T17:31:45.674+0530] {dag.py:2429} INFO - Sync 1 DAGs
[2022-09-20T17:31:45.687+0530] {logging_mixin.py:115} INFO - [2022-09-20T17:31:45.687+0530] {dag.py:2977} INFO - Setting next_dagrun for example_sla_dag to 2022-09-20T11:58:00+00:00, run_after=2022-09-20T12:00:00+00:00
[2022-09-20T17:31:45.696+0530] {processor.py:161} INFO - Processing /home/sayone/This PC/SayOne Technologies/Works/airflow_new/Airflow/venv/lib/python3.8/site-packages/airflow/example_dags/example_sla_dag.py took 0.041 seconds
[2022-09-20T17:32:21.553+0530] {processor.py:153} INFO - Started process (PID=32555) to work on /home/sayone/This PC/SayOne Technologies/Works/airflow_new/Airflow/venv/lib/python3.8/site-packages/airflow/example_dags/example_sla_dag.py
[2022-09-20T17:32:21.556+0530] {processor.py:640} INFO - Processing file /home/sayone/This PC/SayOne Technologies/Works/airflow_new/Airflow/venv/lib/python3.8/site-packages/airflow/example_dags/example_sla_dag.py for tasks to queue
[2022-09-20T17:32:21.557+0530] {logging_mixin.py:115} INFO - [2022-09-20T17:32:21.557+0530] {dagbag.py:508} INFO - Filling up the DagBag from /home/sayone/This PC/SayOne Technologies/Works/airflow_new/Airflow/venv/lib/python3.8/site-packages/airflow/example_dags/example_sla_dag.py
[2022-09-20T17:32:21.576+0530] {processor.py:650} INFO - DAG(s) dict_keys(['example_sla_dag']) retrieved from /home/sayone/This PC/SayOne Technologies/Works/airflow_new/Airflow/venv/lib/python3.8/site-packages/airflow/example_dags/example_sla_dag.py
[2022-09-20T17:32:21.584+0530] {logging_mixin.py:115} INFO - [2022-09-20T17:32:21.584+0530] {dag.py:2429} INFO - Sync 1 DAGs
[2022-09-20T17:32:21.597+0530] {logging_mixin.py:115} INFO - [2022-09-20T17:32:21.597+0530] {dag.py:2977} INFO - Setting next_dagrun for example_sla_dag to 2022-09-20T12:00:00+00:00, run_after=2022-09-20T12:02:00+00:00
[2022-09-20T17:32:21.606+0530] {processor.py:161} INFO - Processing /home/sayone/This PC/SayOne Technologies/Works/airflow_new/Airflow/venv/lib/python3.8/site-packages/airflow/example_dags/example_sla_dag.py took 0.054 seconds
[2022-09-20T17:32:56.677+0530] {processor.py:153} INFO - Started process (PID=32675) to work on /home/sayone/This PC/SayOne Technologies/Works/airflow_new/Airflow/venv/lib/python3.8/site-packages/airflow/example_dags/example_sla_dag.py
[2022-09-20T17:32:56.680+0530] {processor.py:640} INFO - Processing file /home/sayone/This PC/SayOne Technologies/Works/airflow_new/Airflow/venv/lib/python3.8/site-packages/airflow/example_dags/example_sla_dag.py for tasks to queue
[2022-09-20T17:32:56.681+0530] {logging_mixin.py:115} INFO - [2022-09-20T17:32:56.680+0530] {dagbag.py:508} INFO - Filling up the DagBag from /home/sayone/This PC/SayOne Technologies/Works/airflow_new/Airflow/venv/lib/python3.8/site-packages/airflow/example_dags/example_sla_dag.py
[2022-09-20T17:32:56.693+0530] {processor.py:650} INFO - DAG(s) dict_keys(['example_sla_dag']) retrieved from /home/sayone/This PC/SayOne Technologies/Works/airflow_new/Airflow/venv/lib/python3.8/site-packages/airflow/example_dags/example_sla_dag.py
[2022-09-20T17:32:56.701+0530] {logging_mixin.py:115} INFO - [2022-09-20T17:32:56.701+0530] {dag.py:2429} INFO - Sync 1 DAGs
[2022-09-20T17:32:56.714+0530] {logging_mixin.py:115} INFO - [2022-09-20T17:32:56.714+0530] {dag.py:2977} INFO - Setting next_dagrun for example_sla_dag to 2022-09-20T12:00:00+00:00, run_after=2022-09-20T12:02:00+00:00
[2022-09-20T17:32:56.722+0530] {processor.py:161} INFO - Processing /home/sayone/This PC/SayOne Technologies/Works/airflow_new/Airflow/venv/lib/python3.8/site-packages/airflow/example_dags/example_sla_dag.py took 0.047 seconds
[2022-09-20T17:33:32.964+0530] {processor.py:153} INFO - Started process (PID=32743) to work on /home/sayone/This PC/SayOne Technologies/Works/airflow_new/Airflow/venv/lib/python3.8/site-packages/airflow/example_dags/example_sla_dag.py
[2022-09-20T17:33:32.967+0530] {processor.py:640} INFO - Processing file /home/sayone/This PC/SayOne Technologies/Works/airflow_new/Airflow/venv/lib/python3.8/site-packages/airflow/example_dags/example_sla_dag.py for tasks to queue
[2022-09-20T17:33:32.968+0530] {logging_mixin.py:115} INFO - [2022-09-20T17:33:32.968+0530] {dagbag.py:508} INFO - Filling up the DagBag from /home/sayone/This PC/SayOne Technologies/Works/airflow_new/Airflow/venv/lib/python3.8/site-packages/airflow/example_dags/example_sla_dag.py
[2022-09-20T17:33:32.986+0530] {processor.py:650} INFO - DAG(s) dict_keys(['example_sla_dag']) retrieved from /home/sayone/This PC/SayOne Technologies/Works/airflow_new/Airflow/venv/lib/python3.8/site-packages/airflow/example_dags/example_sla_dag.py
[2022-09-20T17:33:32.994+0530] {logging_mixin.py:115} INFO - [2022-09-20T17:33:32.994+0530] {dag.py:2429} INFO - Sync 1 DAGs
[2022-09-20T17:33:33.008+0530] {logging_mixin.py:115} INFO - [2022-09-20T17:33:33.007+0530] {dag.py:2977} INFO - Setting next_dagrun for example_sla_dag to 2022-09-20T12:00:00+00:00, run_after=2022-09-20T12:02:00+00:00
[2022-09-20T17:33:33.018+0530] {processor.py:161} INFO - Processing /home/sayone/This PC/SayOne Technologies/Works/airflow_new/Airflow/venv/lib/python3.8/site-packages/airflow/example_dags/example_sla_dag.py took 0.056 seconds
[2022-09-20T17:34:08.657+0530] {processor.py:153} INFO - Started process (PID=32836) to work on /home/sayone/This PC/SayOne Technologies/Works/airflow_new/Airflow/venv/lib/python3.8/site-packages/airflow/example_dags/example_sla_dag.py
[2022-09-20T17:34:08.659+0530] {processor.py:640} INFO - Processing file /home/sayone/This PC/SayOne Technologies/Works/airflow_new/Airflow/venv/lib/python3.8/site-packages/airflow/example_dags/example_sla_dag.py for tasks to queue
[2022-09-20T17:34:08.659+0530] {logging_mixin.py:115} INFO - [2022-09-20T17:34:08.659+0530] {dagbag.py:508} INFO - Filling up the DagBag from /home/sayone/This PC/SayOne Technologies/Works/airflow_new/Airflow/venv/lib/python3.8/site-packages/airflow/example_dags/example_sla_dag.py
[2022-09-20T17:34:08.676+0530] {processor.py:650} INFO - DAG(s) dict_keys(['example_sla_dag']) retrieved from /home/sayone/This PC/SayOne Technologies/Works/airflow_new/Airflow/venv/lib/python3.8/site-packages/airflow/example_dags/example_sla_dag.py
[2022-09-20T17:34:08.684+0530] {logging_mixin.py:115} INFO - [2022-09-20T17:34:08.684+0530] {dag.py:2429} INFO - Sync 1 DAGs
[2022-09-20T17:34:08.696+0530] {logging_mixin.py:115} INFO - [2022-09-20T17:34:08.696+0530] {dag.py:2977} INFO - Setting next_dagrun for example_sla_dag to 2022-09-20T12:02:00+00:00, run_after=2022-09-20T12:04:00+00:00
[2022-09-20T17:34:08.704+0530] {processor.py:161} INFO - Processing /home/sayone/This PC/SayOne Technologies/Works/airflow_new/Airflow/venv/lib/python3.8/site-packages/airflow/example_dags/example_sla_dag.py took 0.050 seconds
[2022-09-20T17:34:45.848+0530] {processor.py:153} INFO - Started process (PID=33077) to work on /home/sayone/This PC/SayOne Technologies/Works/airflow_new/Airflow/venv/lib/python3.8/site-packages/airflow/example_dags/example_sla_dag.py
[2022-09-20T17:34:45.851+0530] {processor.py:640} INFO - Processing file /home/sayone/This PC/SayOne Technologies/Works/airflow_new/Airflow/venv/lib/python3.8/site-packages/airflow/example_dags/example_sla_dag.py for tasks to queue
[2022-09-20T17:34:45.852+0530] {logging_mixin.py:115} INFO - [2022-09-20T17:34:45.852+0530] {dagbag.py:508} INFO - Filling up the DagBag from /home/sayone/This PC/SayOne Technologies/Works/airflow_new/Airflow/venv/lib/python3.8/site-packages/airflow/example_dags/example_sla_dag.py
[2022-09-20T17:34:45.869+0530] {processor.py:650} INFO - DAG(s) dict_keys(['example_sla_dag']) retrieved from /home/sayone/This PC/SayOne Technologies/Works/airflow_new/Airflow/venv/lib/python3.8/site-packages/airflow/example_dags/example_sla_dag.py
[2022-09-20T17:34:45.877+0530] {logging_mixin.py:115} INFO - [2022-09-20T17:34:45.877+0530] {dag.py:2429} INFO - Sync 1 DAGs
[2022-09-20T17:34:45.889+0530] {logging_mixin.py:115} INFO - [2022-09-20T17:34:45.889+0530] {dag.py:2977} INFO - Setting next_dagrun for example_sla_dag to 2022-09-20T12:02:00+00:00, run_after=2022-09-20T12:04:00+00:00
[2022-09-20T17:34:45.897+0530] {processor.py:161} INFO - Processing /home/sayone/This PC/SayOne Technologies/Works/airflow_new/Airflow/venv/lib/python3.8/site-packages/airflow/example_dags/example_sla_dag.py took 0.053 seconds
[2022-09-20T17:35:21.001+0530] {processor.py:153} INFO - Started process (PID=33168) to work on /home/sayone/This PC/SayOne Technologies/Works/airflow_new/Airflow/venv/lib/python3.8/site-packages/airflow/example_dags/example_sla_dag.py
[2022-09-20T17:35:21.004+0530] {processor.py:640} INFO - Processing file /home/sayone/This PC/SayOne Technologies/Works/airflow_new/Airflow/venv/lib/python3.8/site-packages/airflow/example_dags/example_sla_dag.py for tasks to queue
[2022-09-20T17:35:21.005+0530] {logging_mixin.py:115} INFO - [2022-09-20T17:35:21.005+0530] {dagbag.py:508} INFO - Filling up the DagBag from /home/sayone/This PC/SayOne Technologies/Works/airflow_new/Airflow/venv/lib/python3.8/site-packages/airflow/example_dags/example_sla_dag.py
[2022-09-20T17:35:21.024+0530] {processor.py:650} INFO - DAG(s) dict_keys(['example_sla_dag']) retrieved from /home/sayone/This PC/SayOne Technologies/Works/airflow_new/Airflow/venv/lib/python3.8/site-packages/airflow/example_dags/example_sla_dag.py
[2022-09-20T17:35:21.032+0530] {logging_mixin.py:115} INFO - [2022-09-20T17:35:21.032+0530] {dag.py:2429} INFO - Sync 1 DAGs
[2022-09-20T17:35:21.044+0530] {logging_mixin.py:115} INFO - [2022-09-20T17:35:21.044+0530] {dag.py:2977} INFO - Setting next_dagrun for example_sla_dag to 2022-09-20T12:02:00+00:00, run_after=2022-09-20T12:04:00+00:00
[2022-09-20T17:35:21.052+0530] {processor.py:161} INFO - Processing /home/sayone/This PC/SayOne Technologies/Works/airflow_new/Airflow/venv/lib/python3.8/site-packages/airflow/example_dags/example_sla_dag.py took 0.052 seconds
[2022-09-20T17:35:58.801+0530] {processor.py:153} INFO - Started process (PID=33278) to work on /home/sayone/This PC/SayOne Technologies/Works/airflow_new/Airflow/venv/lib/python3.8/site-packages/airflow/example_dags/example_sla_dag.py
[2022-09-20T17:35:58.805+0530] {processor.py:640} INFO - Processing file /home/sayone/This PC/SayOne Technologies/Works/airflow_new/Airflow/venv/lib/python3.8/site-packages/airflow/example_dags/example_sla_dag.py for tasks to queue
[2022-09-20T17:35:58.806+0530] {logging_mixin.py:115} INFO - [2022-09-20T17:35:58.805+0530] {dagbag.py:508} INFO - Filling up the DagBag from /home/sayone/This PC/SayOne Technologies/Works/airflow_new/Airflow/venv/lib/python3.8/site-packages/airflow/example_dags/example_sla_dag.py
[2022-09-20T17:35:58.825+0530] {processor.py:650} INFO - DAG(s) dict_keys(['example_sla_dag']) retrieved from /home/sayone/This PC/SayOne Technologies/Works/airflow_new/Airflow/venv/lib/python3.8/site-packages/airflow/example_dags/example_sla_dag.py
[2022-09-20T17:35:58.833+0530] {logging_mixin.py:115} INFO - [2022-09-20T17:35:58.833+0530] {dag.py:2429} INFO - Sync 1 DAGs
[2022-09-20T17:35:58.846+0530] {logging_mixin.py:115} INFO - [2022-09-20T17:35:58.845+0530] {dag.py:2977} INFO - Setting next_dagrun for example_sla_dag to 2022-09-20T12:02:00+00:00, run_after=2022-09-20T12:04:00+00:00
[2022-09-20T17:35:58.854+0530] {processor.py:161} INFO - Processing /home/sayone/This PC/SayOne Technologies/Works/airflow_new/Airflow/venv/lib/python3.8/site-packages/airflow/example_dags/example_sla_dag.py took 0.057 seconds
[2022-09-20T17:36:34.757+0530] {processor.py:153} INFO - Started process (PID=33401) to work on /home/sayone/This PC/SayOne Technologies/Works/airflow_new/Airflow/venv/lib/python3.8/site-packages/airflow/example_dags/example_sla_dag.py
[2022-09-20T17:36:34.760+0530] {processor.py:640} INFO - Processing file /home/sayone/This PC/SayOne Technologies/Works/airflow_new/Airflow/venv/lib/python3.8/site-packages/airflow/example_dags/example_sla_dag.py for tasks to queue
[2022-09-20T17:36:34.761+0530] {logging_mixin.py:115} INFO - [2022-09-20T17:36:34.761+0530] {dagbag.py:508} INFO - Filling up the DagBag from /home/sayone/This PC/SayOne Technologies/Works/airflow_new/Airflow/venv/lib/python3.8/site-packages/airflow/example_dags/example_sla_dag.py
[2022-09-20T17:36:34.778+0530] {processor.py:650} INFO - DAG(s) dict_keys(['example_sla_dag']) retrieved from /home/sayone/This PC/SayOne Technologies/Works/airflow_new/Airflow/venv/lib/python3.8/site-packages/airflow/example_dags/example_sla_dag.py
[2022-09-20T17:36:34.786+0530] {logging_mixin.py:115} INFO - [2022-09-20T17:36:34.786+0530] {dag.py:2429} INFO - Sync 1 DAGs
[2022-09-20T17:36:34.799+0530] {logging_mixin.py:115} INFO - [2022-09-20T17:36:34.798+0530] {dag.py:2977} INFO - Setting next_dagrun for example_sla_dag to 2022-09-20T12:04:00+00:00, run_after=2022-09-20T12:06:00+00:00
[2022-09-20T17:36:34.807+0530] {processor.py:161} INFO - Processing /home/sayone/This PC/SayOne Technologies/Works/airflow_new/Airflow/venv/lib/python3.8/site-packages/airflow/example_dags/example_sla_dag.py took 0.054 seconds
[2022-09-20T17:37:10.794+0530] {processor.py:153} INFO - Started process (PID=33614) to work on /home/sayone/This PC/SayOne Technologies/Works/airflow_new/Airflow/venv/lib/python3.8/site-packages/airflow/example_dags/example_sla_dag.py
[2022-09-20T17:37:10.794+0530] {processor.py:640} INFO - Processing file /home/sayone/This PC/SayOne Technologies/Works/airflow_new/Airflow/venv/lib/python3.8/site-packages/airflow/example_dags/example_sla_dag.py for tasks to queue
[2022-09-20T17:37:10.795+0530] {logging_mixin.py:115} INFO - [2022-09-20T17:37:10.795+0530] {dagbag.py:508} INFO - Filling up the DagBag from /home/sayone/This PC/SayOne Technologies/Works/airflow_new/Airflow/venv/lib/python3.8/site-packages/airflow/example_dags/example_sla_dag.py
[2022-09-20T17:37:10.809+0530] {processor.py:650} INFO - DAG(s) dict_keys(['example_sla_dag']) retrieved from /home/sayone/This PC/SayOne Technologies/Works/airflow_new/Airflow/venv/lib/python3.8/site-packages/airflow/example_dags/example_sla_dag.py
[2022-09-20T17:37:10.821+0530] {logging_mixin.py:115} INFO - [2022-09-20T17:37:10.821+0530] {dag.py:2429} INFO - Sync 1 DAGs
[2022-09-20T17:37:10.839+0530] {logging_mixin.py:115} INFO - [2022-09-20T17:37:10.839+0530] {dag.py:2977} INFO - Setting next_dagrun for example_sla_dag to 2022-09-20T12:04:00+00:00, run_after=2022-09-20T12:06:00+00:00
[2022-09-20T17:37:10.852+0530] {processor.py:161} INFO - Processing /home/sayone/This PC/SayOne Technologies/Works/airflow_new/Airflow/venv/lib/python3.8/site-packages/airflow/example_dags/example_sla_dag.py took 0.060 seconds
[2022-09-20T17:37:46.850+0530] {processor.py:153} INFO - Started process (PID=33741) to work on /home/sayone/This PC/SayOne Technologies/Works/airflow_new/Airflow/venv/lib/python3.8/site-packages/airflow/example_dags/example_sla_dag.py
[2022-09-20T17:37:46.853+0530] {processor.py:640} INFO - Processing file /home/sayone/This PC/SayOne Technologies/Works/airflow_new/Airflow/venv/lib/python3.8/site-packages/airflow/example_dags/example_sla_dag.py for tasks to queue
[2022-09-20T17:37:46.853+0530] {logging_mixin.py:115} INFO - [2022-09-20T17:37:46.853+0530] {dagbag.py:508} INFO - Filling up the DagBag from /home/sayone/This PC/SayOne Technologies/Works/airflow_new/Airflow/venv/lib/python3.8/site-packages/airflow/example_dags/example_sla_dag.py
[2022-09-20T17:37:46.866+0530] {processor.py:650} INFO - DAG(s) dict_keys(['example_sla_dag']) retrieved from /home/sayone/This PC/SayOne Technologies/Works/airflow_new/Airflow/venv/lib/python3.8/site-packages/airflow/example_dags/example_sla_dag.py
[2022-09-20T17:37:46.874+0530] {logging_mixin.py:115} INFO - [2022-09-20T17:37:46.874+0530] {dag.py:2429} INFO - Sync 1 DAGs
[2022-09-20T17:37:46.887+0530] {logging_mixin.py:115} INFO - [2022-09-20T17:37:46.887+0530] {dag.py:2977} INFO - Setting next_dagrun for example_sla_dag to 2022-09-20T12:04:00+00:00, run_after=2022-09-20T12:06:00+00:00
[2022-09-20T17:37:46.896+0530] {processor.py:161} INFO - Processing /home/sayone/This PC/SayOne Technologies/Works/airflow_new/Airflow/venv/lib/python3.8/site-packages/airflow/example_dags/example_sla_dag.py took 0.050 seconds
[2022-09-20T17:37:59.669+0530] {processor.py:153} INFO - Started process (PID=33803) to work on /home/sayone/This PC/SayOne Technologies/Works/airflow_new/Airflow/venv/lib/python3.8/site-packages/airflow/example_dags/example_sla_dag.py
[2022-09-20T17:37:59.672+0530] {processor.py:640} INFO - Processing file /home/sayone/This PC/SayOne Technologies/Works/airflow_new/Airflow/venv/lib/python3.8/site-packages/airflow/example_dags/example_sla_dag.py for tasks to queue
[2022-09-20T17:37:59.672+0530] {logging_mixin.py:115} INFO - [2022-09-20T17:37:59.672+0530] {dagbag.py:508} INFO - Filling up the DagBag from /home/sayone/This PC/SayOne Technologies/Works/airflow_new/Airflow/venv/lib/python3.8/site-packages/airflow/example_dags/example_sla_dag.py
[2022-09-20T17:37:59.689+0530] {processor.py:650} INFO - DAG(s) dict_keys(['example_sla_dag']) retrieved from /home/sayone/This PC/SayOne Technologies/Works/airflow_new/Airflow/venv/lib/python3.8/site-packages/airflow/example_dags/example_sla_dag.py
[2022-09-20T17:37:59.700+0530] {logging_mixin.py:115} INFO - [2022-09-20T17:37:59.700+0530] {dag.py:2429} INFO - Sync 1 DAGs
[2022-09-20T17:37:59.718+0530] {logging_mixin.py:115} INFO - [2022-09-20T17:37:59.718+0530] {dag.py:2977} INFO - Setting next_dagrun for example_sla_dag to 2022-09-20T12:04:00+00:00, run_after=2022-09-20T12:06:00+00:00
[2022-09-20T17:37:59.726+0530] {processor.py:161} INFO - Processing /home/sayone/This PC/SayOne Technologies/Works/airflow_new/Airflow/venv/lib/python3.8/site-packages/airflow/example_dags/example_sla_dag.py took 0.062 seconds
[2022-09-20T17:38:35.623+0530] {processor.py:153} INFO - Started process (PID=33870) to work on /home/sayone/This PC/SayOne Technologies/Works/airflow_new/Airflow/venv/lib/python3.8/site-packages/airflow/example_dags/example_sla_dag.py
[2022-09-20T17:38:35.626+0530] {processor.py:640} INFO - Processing file /home/sayone/This PC/SayOne Technologies/Works/airflow_new/Airflow/venv/lib/python3.8/site-packages/airflow/example_dags/example_sla_dag.py for tasks to queue
[2022-09-20T17:38:35.627+0530] {logging_mixin.py:115} INFO - [2022-09-20T17:38:35.626+0530] {dagbag.py:508} INFO - Filling up the DagBag from /home/sayone/This PC/SayOne Technologies/Works/airflow_new/Airflow/venv/lib/python3.8/site-packages/airflow/example_dags/example_sla_dag.py
[2022-09-20T17:38:35.645+0530] {processor.py:650} INFO - DAG(s) dict_keys(['example_sla_dag']) retrieved from /home/sayone/This PC/SayOne Technologies/Works/airflow_new/Airflow/venv/lib/python3.8/site-packages/airflow/example_dags/example_sla_dag.py
[2022-09-20T17:38:35.653+0530] {logging_mixin.py:115} INFO - [2022-09-20T17:38:35.653+0530] {dag.py:2429} INFO - Sync 1 DAGs
[2022-09-20T17:38:35.666+0530] {logging_mixin.py:115} INFO - [2022-09-20T17:38:35.666+0530] {dag.py:2977} INFO - Setting next_dagrun for example_sla_dag to 2022-09-20T12:06:00+00:00, run_after=2022-09-20T12:08:00+00:00
[2022-09-20T17:38:35.673+0530] {processor.py:161} INFO - Processing /home/sayone/This PC/SayOne Technologies/Works/airflow_new/Airflow/venv/lib/python3.8/site-packages/airflow/example_dags/example_sla_dag.py took 0.052 seconds
[2022-09-20T17:39:10.499+0530] {processor.py:153} INFO - Started process (PID=33967) to work on /home/sayone/This PC/SayOne Technologies/Works/airflow_new/Airflow/venv/lib/python3.8/site-packages/airflow/example_dags/example_sla_dag.py
[2022-09-20T17:39:10.501+0530] {processor.py:640} INFO - Processing file /home/sayone/This PC/SayOne Technologies/Works/airflow_new/Airflow/venv/lib/python3.8/site-packages/airflow/example_dags/example_sla_dag.py for tasks to queue
[2022-09-20T17:39:10.502+0530] {logging_mixin.py:115} INFO - [2022-09-20T17:39:10.501+0530] {dagbag.py:508} INFO - Filling up the DagBag from /home/sayone/This PC/SayOne Technologies/Works/airflow_new/Airflow/venv/lib/python3.8/site-packages/airflow/example_dags/example_sla_dag.py
[2022-09-20T17:39:10.518+0530] {processor.py:650} INFO - DAG(s) dict_keys(['example_sla_dag']) retrieved from /home/sayone/This PC/SayOne Technologies/Works/airflow_new/Airflow/venv/lib/python3.8/site-packages/airflow/example_dags/example_sla_dag.py
[2022-09-20T17:39:10.526+0530] {logging_mixin.py:115} INFO - [2022-09-20T17:39:10.526+0530] {dag.py:2429} INFO - Sync 1 DAGs
[2022-09-20T17:39:10.538+0530] {logging_mixin.py:115} INFO - [2022-09-20T17:39:10.538+0530] {dag.py:2977} INFO - Setting next_dagrun for example_sla_dag to 2022-09-20T12:06:00+00:00, run_after=2022-09-20T12:08:00+00:00
[2022-09-20T17:39:10.546+0530] {processor.py:161} INFO - Processing /home/sayone/This PC/SayOne Technologies/Works/airflow_new/Airflow/venv/lib/python3.8/site-packages/airflow/example_dags/example_sla_dag.py took 0.050 seconds
[2022-09-20T17:39:46.541+0530] {processor.py:153} INFO - Started process (PID=34116) to work on /home/sayone/This PC/SayOne Technologies/Works/airflow_new/Airflow/venv/lib/python3.8/site-packages/airflow/example_dags/example_sla_dag.py
[2022-09-20T17:39:46.544+0530] {processor.py:640} INFO - Processing file /home/sayone/This PC/SayOne Technologies/Works/airflow_new/Airflow/venv/lib/python3.8/site-packages/airflow/example_dags/example_sla_dag.py for tasks to queue
[2022-09-20T17:39:46.545+0530] {logging_mixin.py:115} INFO - [2022-09-20T17:39:46.545+0530] {dagbag.py:508} INFO - Filling up the DagBag from /home/sayone/This PC/SayOne Technologies/Works/airflow_new/Airflow/venv/lib/python3.8/site-packages/airflow/example_dags/example_sla_dag.py
[2022-09-20T17:39:46.562+0530] {processor.py:650} INFO - DAG(s) dict_keys(['example_sla_dag']) retrieved from /home/sayone/This PC/SayOne Technologies/Works/airflow_new/Airflow/venv/lib/python3.8/site-packages/airflow/example_dags/example_sla_dag.py
[2022-09-20T17:39:46.570+0530] {logging_mixin.py:115} INFO - [2022-09-20T17:39:46.570+0530] {dag.py:2429} INFO - Sync 1 DAGs
[2022-09-20T17:39:46.586+0530] {logging_mixin.py:115} INFO - [2022-09-20T17:39:46.586+0530] {dag.py:2977} INFO - Setting next_dagrun for example_sla_dag to 2022-09-20T12:06:00+00:00, run_after=2022-09-20T12:08:00+00:00
[2022-09-20T17:39:46.594+0530] {processor.py:161} INFO - Processing /home/sayone/This PC/SayOne Technologies/Works/airflow_new/Airflow/venv/lib/python3.8/site-packages/airflow/example_dags/example_sla_dag.py took 0.058 seconds
[2022-09-20T17:40:22.475+0530] {processor.py:153} INFO - Started process (PID=34208) to work on /home/sayone/This PC/SayOne Technologies/Works/airflow_new/Airflow/venv/lib/python3.8/site-packages/airflow/example_dags/example_sla_dag.py
[2022-09-20T17:40:22.478+0530] {processor.py:640} INFO - Processing file /home/sayone/This PC/SayOne Technologies/Works/airflow_new/Airflow/venv/lib/python3.8/site-packages/airflow/example_dags/example_sla_dag.py for tasks to queue
[2022-09-20T17:40:22.479+0530] {logging_mixin.py:115} INFO - [2022-09-20T17:40:22.479+0530] {dagbag.py:508} INFO - Filling up the DagBag from /home/sayone/This PC/SayOne Technologies/Works/airflow_new/Airflow/venv/lib/python3.8/site-packages/airflow/example_dags/example_sla_dag.py
[2022-09-20T17:40:22.497+0530] {processor.py:650} INFO - DAG(s) dict_keys(['example_sla_dag']) retrieved from /home/sayone/This PC/SayOne Technologies/Works/airflow_new/Airflow/venv/lib/python3.8/site-packages/airflow/example_dags/example_sla_dag.py
[2022-09-20T17:40:22.504+0530] {logging_mixin.py:115} INFO - [2022-09-20T17:40:22.504+0530] {dag.py:2429} INFO - Sync 1 DAGs
[2022-09-20T17:40:22.518+0530] {logging_mixin.py:115} INFO - [2022-09-20T17:40:22.518+0530] {dag.py:2977} INFO - Setting next_dagrun for example_sla_dag to 2022-09-20T12:08:00+00:00, run_after=2022-09-20T12:10:00+00:00
[2022-09-20T17:40:22.527+0530] {processor.py:161} INFO - Processing /home/sayone/This PC/SayOne Technologies/Works/airflow_new/Airflow/venv/lib/python3.8/site-packages/airflow/example_dags/example_sla_dag.py took 0.055 seconds
[2022-09-20T17:40:58.846+0530] {processor.py:153} INFO - Started process (PID=34377) to work on /home/sayone/This PC/SayOne Technologies/Works/airflow_new/Airflow/venv/lib/python3.8/site-packages/airflow/example_dags/example_sla_dag.py
[2022-09-20T17:40:58.850+0530] {processor.py:640} INFO - Processing file /home/sayone/This PC/SayOne Technologies/Works/airflow_new/Airflow/venv/lib/python3.8/site-packages/airflow/example_dags/example_sla_dag.py for tasks to queue
[2022-09-20T17:40:58.851+0530] {logging_mixin.py:115} INFO - [2022-09-20T17:40:58.850+0530] {dagbag.py:508} INFO - Filling up the DagBag from /home/sayone/This PC/SayOne Technologies/Works/airflow_new/Airflow/venv/lib/python3.8/site-packages/airflow/example_dags/example_sla_dag.py
[2022-09-20T17:40:58.867+0530] {processor.py:650} INFO - DAG(s) dict_keys(['example_sla_dag']) retrieved from /home/sayone/This PC/SayOne Technologies/Works/airflow_new/Airflow/venv/lib/python3.8/site-packages/airflow/example_dags/example_sla_dag.py
[2022-09-20T17:40:58.876+0530] {logging_mixin.py:115} INFO - [2022-09-20T17:40:58.876+0530] {dag.py:2429} INFO - Sync 1 DAGs
[2022-09-20T17:40:58.890+0530] {logging_mixin.py:115} INFO - [2022-09-20T17:40:58.890+0530] {dag.py:2977} INFO - Setting next_dagrun for example_sla_dag to 2022-09-20T12:08:00+00:00, run_after=2022-09-20T12:10:00+00:00
[2022-09-20T17:40:58.898+0530] {processor.py:161} INFO - Processing /home/sayone/This PC/SayOne Technologies/Works/airflow_new/Airflow/venv/lib/python3.8/site-packages/airflow/example_dags/example_sla_dag.py took 0.056 seconds
[2022-09-20T17:41:35.608+0530] {processor.py:153} INFO - Started process (PID=34438) to work on /home/sayone/This PC/SayOne Technologies/Works/airflow_new/Airflow/venv/lib/python3.8/site-packages/airflow/example_dags/example_sla_dag.py
[2022-09-20T17:41:35.612+0530] {processor.py:640} INFO - Processing file /home/sayone/This PC/SayOne Technologies/Works/airflow_new/Airflow/venv/lib/python3.8/site-packages/airflow/example_dags/example_sla_dag.py for tasks to queue
[2022-09-20T17:41:35.612+0530] {logging_mixin.py:115} INFO - [2022-09-20T17:41:35.612+0530] {dagbag.py:508} INFO - Filling up the DagBag from /home/sayone/This PC/SayOne Technologies/Works/airflow_new/Airflow/venv/lib/python3.8/site-packages/airflow/example_dags/example_sla_dag.py
[2022-09-20T17:41:35.629+0530] {processor.py:650} INFO - DAG(s) dict_keys(['example_sla_dag']) retrieved from /home/sayone/This PC/SayOne Technologies/Works/airflow_new/Airflow/venv/lib/python3.8/site-packages/airflow/example_dags/example_sla_dag.py
[2022-09-20T17:41:35.638+0530] {logging_mixin.py:115} INFO - [2022-09-20T17:41:35.637+0530] {dag.py:2429} INFO - Sync 1 DAGs
[2022-09-20T17:41:35.652+0530] {logging_mixin.py:115} INFO - [2022-09-20T17:41:35.652+0530] {dag.py:2977} INFO - Setting next_dagrun for example_sla_dag to 2022-09-20T12:08:00+00:00, run_after=2022-09-20T12:10:00+00:00
[2022-09-20T17:41:35.662+0530] {processor.py:161} INFO - Processing /home/sayone/This PC/SayOne Technologies/Works/airflow_new/Airflow/venv/lib/python3.8/site-packages/airflow/example_dags/example_sla_dag.py took 0.057 seconds
[2022-09-20T17:41:57.807+0530] {processor.py:153} INFO - Started process (PID=34528) to work on /home/sayone/This PC/SayOne Technologies/Works/airflow_new/Airflow/venv/lib/python3.8/site-packages/airflow/example_dags/example_sla_dag.py
[2022-09-20T17:41:57.810+0530] {processor.py:640} INFO - Processing file /home/sayone/This PC/SayOne Technologies/Works/airflow_new/Airflow/venv/lib/python3.8/site-packages/airflow/example_dags/example_sla_dag.py for tasks to queue
[2022-09-20T17:41:57.811+0530] {logging_mixin.py:115} INFO - [2022-09-20T17:41:57.811+0530] {dagbag.py:508} INFO - Filling up the DagBag from /home/sayone/This PC/SayOne Technologies/Works/airflow_new/Airflow/venv/lib/python3.8/site-packages/airflow/example_dags/example_sla_dag.py
[2022-09-20T17:41:57.828+0530] {processor.py:650} INFO - DAG(s) dict_keys(['example_sla_dag']) retrieved from /home/sayone/This PC/SayOne Technologies/Works/airflow_new/Airflow/venv/lib/python3.8/site-packages/airflow/example_dags/example_sla_dag.py
[2022-09-20T17:41:57.836+0530] {logging_mixin.py:115} INFO - [2022-09-20T17:41:57.836+0530] {dag.py:2429} INFO - Sync 1 DAGs
[2022-09-20T17:41:57.849+0530] {logging_mixin.py:115} INFO - [2022-09-20T17:41:57.849+0530] {dag.py:2977} INFO - Setting next_dagrun for example_sla_dag to 2022-09-20T12:08:00+00:00, run_after=2022-09-20T12:10:00+00:00
[2022-09-20T17:41:57.857+0530] {processor.py:161} INFO - Processing /home/sayone/This PC/SayOne Technologies/Works/airflow_new/Airflow/venv/lib/python3.8/site-packages/airflow/example_dags/example_sla_dag.py took 0.053 seconds
[2022-09-20T17:45:27.531+0530] {processor.py:153} INFO - Started process (PID=34912) to work on /home/sayone/This PC/SayOne Technologies/Works/airflow_new/Airflow/venv/lib/python3.8/site-packages/airflow/example_dags/example_sla_dag.py
[2022-09-20T17:45:27.533+0530] {processor.py:640} INFO - Processing file /home/sayone/This PC/SayOne Technologies/Works/airflow_new/Airflow/venv/lib/python3.8/site-packages/airflow/example_dags/example_sla_dag.py for tasks to queue
[2022-09-20T17:45:27.534+0530] {logging_mixin.py:115} INFO - [2022-09-20T17:45:27.534+0530] {dagbag.py:508} INFO - Filling up the DagBag from /home/sayone/This PC/SayOne Technologies/Works/airflow_new/Airflow/venv/lib/python3.8/site-packages/airflow/example_dags/example_sla_dag.py
[2022-09-20T17:45:27.551+0530] {processor.py:650} INFO - DAG(s) dict_keys(['example_sla_dag']) retrieved from /home/sayone/This PC/SayOne Technologies/Works/airflow_new/Airflow/venv/lib/python3.8/site-packages/airflow/example_dags/example_sla_dag.py
[2022-09-20T17:45:27.559+0530] {logging_mixin.py:115} INFO - [2022-09-20T17:45:27.559+0530] {dag.py:2429} INFO - Sync 1 DAGs
[2022-09-20T17:45:27.572+0530] {logging_mixin.py:115} INFO - [2022-09-20T17:45:27.572+0530] {dag.py:2977} INFO - Setting next_dagrun for example_sla_dag to 2022-09-20T12:12:00+00:00, run_after=2022-09-20T12:14:00+00:00
[2022-09-20T17:45:27.579+0530] {processor.py:161} INFO - Processing /home/sayone/This PC/SayOne Technologies/Works/airflow_new/Airflow/venv/lib/python3.8/site-packages/airflow/example_dags/example_sla_dag.py took 0.050 seconds
[2022-09-20T17:46:04.161+0530] {processor.py:153} INFO - Started process (PID=35030) to work on /home/sayone/This PC/SayOne Technologies/Works/airflow_new/Airflow/venv/lib/python3.8/site-packages/airflow/example_dags/example_sla_dag.py
[2022-09-20T17:46:04.162+0530] {processor.py:640} INFO - Processing file /home/sayone/This PC/SayOne Technologies/Works/airflow_new/Airflow/venv/lib/python3.8/site-packages/airflow/example_dags/example_sla_dag.py for tasks to queue
[2022-09-20T17:46:04.163+0530] {logging_mixin.py:115} INFO - [2022-09-20T17:46:04.163+0530] {dagbag.py:508} INFO - Filling up the DagBag from /home/sayone/This PC/SayOne Technologies/Works/airflow_new/Airflow/venv/lib/python3.8/site-packages/airflow/example_dags/example_sla_dag.py
[2022-09-20T17:46:04.177+0530] {processor.py:650} INFO - DAG(s) dict_keys(['example_sla_dag']) retrieved from /home/sayone/This PC/SayOne Technologies/Works/airflow_new/Airflow/venv/lib/python3.8/site-packages/airflow/example_dags/example_sla_dag.py
[2022-09-20T17:46:04.185+0530] {logging_mixin.py:115} INFO - [2022-09-20T17:46:04.185+0530] {dag.py:2429} INFO - Sync 1 DAGs
[2022-09-20T17:46:04.198+0530] {logging_mixin.py:115} INFO - [2022-09-20T17:46:04.198+0530] {dag.py:2977} INFO - Setting next_dagrun for example_sla_dag to 2022-09-20T12:14:00+00:00, run_after=2022-09-20T12:16:00+00:00
[2022-09-20T17:46:04.214+0530] {processor.py:161} INFO - Processing /home/sayone/This PC/SayOne Technologies/Works/airflow_new/Airflow/venv/lib/python3.8/site-packages/airflow/example_dags/example_sla_dag.py took 0.057 seconds
[2022-09-20T17:46:23.634+0530] {processor.py:153} INFO - Started process (PID=35064) to work on /home/sayone/This PC/SayOne Technologies/Works/airflow_new/Airflow/venv/lib/python3.8/site-packages/airflow/example_dags/example_sla_dag.py
[2022-09-20T17:46:23.636+0530] {processor.py:640} INFO - Processing file /home/sayone/This PC/SayOne Technologies/Works/airflow_new/Airflow/venv/lib/python3.8/site-packages/airflow/example_dags/example_sla_dag.py for tasks to queue
[2022-09-20T17:46:23.637+0530] {logging_mixin.py:115} INFO - [2022-09-20T17:46:23.637+0530] {dagbag.py:508} INFO - Filling up the DagBag from /home/sayone/This PC/SayOne Technologies/Works/airflow_new/Airflow/venv/lib/python3.8/site-packages/airflow/example_dags/example_sla_dag.py
[2022-09-20T17:46:23.652+0530] {processor.py:650} INFO - DAG(s) dict_keys(['example_sla_dag']) retrieved from /home/sayone/This PC/SayOne Technologies/Works/airflow_new/Airflow/venv/lib/python3.8/site-packages/airflow/example_dags/example_sla_dag.py
[2022-09-20T17:46:23.660+0530] {logging_mixin.py:115} INFO - [2022-09-20T17:46:23.660+0530] {dag.py:2429} INFO - Sync 1 DAGs
[2022-09-20T17:46:23.672+0530] {logging_mixin.py:115} INFO - [2022-09-20T17:46:23.672+0530] {dag.py:2977} INFO - Setting next_dagrun for example_sla_dag to 2022-09-20T12:14:00+00:00, run_after=2022-09-20T12:16:00+00:00
[2022-09-20T17:46:23.681+0530] {processor.py:161} INFO - Processing /home/sayone/This PC/SayOne Technologies/Works/airflow_new/Airflow/venv/lib/python3.8/site-packages/airflow/example_dags/example_sla_dag.py took 0.049 seconds
[2022-09-20T17:46:58.172+0530] {processor.py:153} INFO - Started process (PID=35293) to work on /home/sayone/This PC/SayOne Technologies/Works/airflow_new/Airflow/venv/lib/python3.8/site-packages/airflow/example_dags/example_sla_dag.py
[2022-09-20T17:46:58.175+0530] {processor.py:640} INFO - Processing file /home/sayone/This PC/SayOne Technologies/Works/airflow_new/Airflow/venv/lib/python3.8/site-packages/airflow/example_dags/example_sla_dag.py for tasks to queue
[2022-09-20T17:46:58.176+0530] {logging_mixin.py:115} INFO - [2022-09-20T17:46:58.175+0530] {dagbag.py:508} INFO - Filling up the DagBag from /home/sayone/This PC/SayOne Technologies/Works/airflow_new/Airflow/venv/lib/python3.8/site-packages/airflow/example_dags/example_sla_dag.py
[2022-09-20T17:46:58.188+0530] {processor.py:650} INFO - DAG(s) dict_keys(['example_sla_dag']) retrieved from /home/sayone/This PC/SayOne Technologies/Works/airflow_new/Airflow/venv/lib/python3.8/site-packages/airflow/example_dags/example_sla_dag.py
[2022-09-20T17:46:58.196+0530] {logging_mixin.py:115} INFO - [2022-09-20T17:46:58.196+0530] {dag.py:2429} INFO - Sync 1 DAGs
[2022-09-20T17:46:58.208+0530] {logging_mixin.py:115} INFO - [2022-09-20T17:46:58.208+0530] {dag.py:2977} INFO - Setting next_dagrun for example_sla_dag to 2022-09-20T12:14:00+00:00, run_after=2022-09-20T12:16:00+00:00
[2022-09-20T17:46:58.216+0530] {processor.py:161} INFO - Processing /home/sayone/This PC/SayOne Technologies/Works/airflow_new/Airflow/venv/lib/python3.8/site-packages/airflow/example_dags/example_sla_dag.py took 0.046 seconds
[2022-09-20T17:47:35.692+0530] {processor.py:153} INFO - Started process (PID=35373) to work on /home/sayone/This PC/SayOne Technologies/Works/airflow_new/Airflow/venv/lib/python3.8/site-packages/airflow/example_dags/example_sla_dag.py
[2022-09-20T17:47:35.696+0530] {processor.py:640} INFO - Processing file /home/sayone/This PC/SayOne Technologies/Works/airflow_new/Airflow/venv/lib/python3.8/site-packages/airflow/example_dags/example_sla_dag.py for tasks to queue
[2022-09-20T17:47:35.696+0530] {logging_mixin.py:115} INFO - [2022-09-20T17:47:35.696+0530] {dagbag.py:508} INFO - Filling up the DagBag from /home/sayone/This PC/SayOne Technologies/Works/airflow_new/Airflow/venv/lib/python3.8/site-packages/airflow/example_dags/example_sla_dag.py
[2022-09-20T17:47:35.712+0530] {processor.py:650} INFO - DAG(s) dict_keys(['example_sla_dag']) retrieved from /home/sayone/This PC/SayOne Technologies/Works/airflow_new/Airflow/venv/lib/python3.8/site-packages/airflow/example_dags/example_sla_dag.py
[2022-09-20T17:47:35.720+0530] {logging_mixin.py:115} INFO - [2022-09-20T17:47:35.720+0530] {dag.py:2429} INFO - Sync 1 DAGs
[2022-09-20T17:47:35.733+0530] {logging_mixin.py:115} INFO - [2022-09-20T17:47:35.733+0530] {dag.py:2977} INFO - Setting next_dagrun for example_sla_dag to 2022-09-20T12:14:00+00:00, run_after=2022-09-20T12:16:00+00:00
[2022-09-20T17:47:35.742+0530] {processor.py:161} INFO - Processing /home/sayone/This PC/SayOne Technologies/Works/airflow_new/Airflow/venv/lib/python3.8/site-packages/airflow/example_dags/example_sla_dag.py took 0.055 seconds
[2022-09-20T17:48:12.595+0530] {processor.py:153} INFO - Started process (PID=35496) to work on /home/sayone/This PC/SayOne Technologies/Works/airflow_new/Airflow/venv/lib/python3.8/site-packages/airflow/example_dags/example_sla_dag.py
[2022-09-20T17:48:12.598+0530] {processor.py:640} INFO - Processing file /home/sayone/This PC/SayOne Technologies/Works/airflow_new/Airflow/venv/lib/python3.8/site-packages/airflow/example_dags/example_sla_dag.py for tasks to queue
[2022-09-20T17:48:12.599+0530] {logging_mixin.py:115} INFO - [2022-09-20T17:48:12.599+0530] {dagbag.py:508} INFO - Filling up the DagBag from /home/sayone/This PC/SayOne Technologies/Works/airflow_new/Airflow/venv/lib/python3.8/site-packages/airflow/example_dags/example_sla_dag.py
[2022-09-20T17:48:12.615+0530] {processor.py:650} INFO - DAG(s) dict_keys(['example_sla_dag']) retrieved from /home/sayone/This PC/SayOne Technologies/Works/airflow_new/Airflow/venv/lib/python3.8/site-packages/airflow/example_dags/example_sla_dag.py
[2022-09-20T17:48:12.623+0530] {logging_mixin.py:115} INFO - [2022-09-20T17:48:12.623+0530] {dag.py:2429} INFO - Sync 1 DAGs
[2022-09-20T17:48:12.636+0530] {logging_mixin.py:115} INFO - [2022-09-20T17:48:12.636+0530] {dag.py:2977} INFO - Setting next_dagrun for example_sla_dag to 2022-09-20T12:16:00+00:00, run_after=2022-09-20T12:18:00+00:00
[2022-09-20T17:48:12.645+0530] {processor.py:161} INFO - Processing /home/sayone/This PC/SayOne Technologies/Works/airflow_new/Airflow/venv/lib/python3.8/site-packages/airflow/example_dags/example_sla_dag.py took 0.055 seconds
[2022-09-20T17:48:49.232+0530] {processor.py:153} INFO - Started process (PID=35581) to work on /home/sayone/This PC/SayOne Technologies/Works/airflow_new/Airflow/venv/lib/python3.8/site-packages/airflow/example_dags/example_sla_dag.py
[2022-09-20T17:48:49.235+0530] {processor.py:640} INFO - Processing file /home/sayone/This PC/SayOne Technologies/Works/airflow_new/Airflow/venv/lib/python3.8/site-packages/airflow/example_dags/example_sla_dag.py for tasks to queue
[2022-09-20T17:48:49.236+0530] {logging_mixin.py:115} INFO - [2022-09-20T17:48:49.236+0530] {dagbag.py:508} INFO - Filling up the DagBag from /home/sayone/This PC/SayOne Technologies/Works/airflow_new/Airflow/venv/lib/python3.8/site-packages/airflow/example_dags/example_sla_dag.py
[2022-09-20T17:48:49.253+0530] {processor.py:650} INFO - DAG(s) dict_keys(['example_sla_dag']) retrieved from /home/sayone/This PC/SayOne Technologies/Works/airflow_new/Airflow/venv/lib/python3.8/site-packages/airflow/example_dags/example_sla_dag.py
[2022-09-20T17:48:49.261+0530] {logging_mixin.py:115} INFO - [2022-09-20T17:48:49.261+0530] {dag.py:2429} INFO - Sync 1 DAGs
[2022-09-20T17:48:49.274+0530] {logging_mixin.py:115} INFO - [2022-09-20T17:48:49.274+0530] {dag.py:2977} INFO - Setting next_dagrun for example_sla_dag to 2022-09-20T12:16:00+00:00, run_after=2022-09-20T12:18:00+00:00
[2022-09-20T17:48:49.283+0530] {processor.py:161} INFO - Processing /home/sayone/This PC/SayOne Technologies/Works/airflow_new/Airflow/venv/lib/python3.8/site-packages/airflow/example_dags/example_sla_dag.py took 0.053 seconds
[2022-09-20T17:49:26.271+0530] {processor.py:153} INFO - Started process (PID=35692) to work on /home/sayone/This PC/SayOne Technologies/Works/airflow_new/Airflow/venv/lib/python3.8/site-packages/airflow/example_dags/example_sla_dag.py
[2022-09-20T17:49:26.274+0530] {processor.py:640} INFO - Processing file /home/sayone/This PC/SayOne Technologies/Works/airflow_new/Airflow/venv/lib/python3.8/site-packages/airflow/example_dags/example_sla_dag.py for tasks to queue
[2022-09-20T17:49:26.274+0530] {logging_mixin.py:115} INFO - [2022-09-20T17:49:26.274+0530] {dagbag.py:508} INFO - Filling up the DagBag from /home/sayone/This PC/SayOne Technologies/Works/airflow_new/Airflow/venv/lib/python3.8/site-packages/airflow/example_dags/example_sla_dag.py
[2022-09-20T17:49:26.287+0530] {processor.py:650} INFO - DAG(s) dict_keys(['example_sla_dag']) retrieved from /home/sayone/This PC/SayOne Technologies/Works/airflow_new/Airflow/venv/lib/python3.8/site-packages/airflow/example_dags/example_sla_dag.py
[2022-09-20T17:49:26.297+0530] {logging_mixin.py:115} INFO - [2022-09-20T17:49:26.296+0530] {dag.py:2429} INFO - Sync 1 DAGs
[2022-09-20T17:49:26.312+0530] {logging_mixin.py:115} INFO - [2022-09-20T17:49:26.312+0530] {dag.py:2977} INFO - Setting next_dagrun for example_sla_dag to 2022-09-20T12:16:00+00:00, run_after=2022-09-20T12:18:00+00:00
[2022-09-20T17:49:26.321+0530] {processor.py:161} INFO - Processing /home/sayone/This PC/SayOne Technologies/Works/airflow_new/Airflow/venv/lib/python3.8/site-packages/airflow/example_dags/example_sla_dag.py took 0.052 seconds
[2022-09-20T17:50:03.953+0530] {processor.py:153} INFO - Started process (PID=35802) to work on /home/sayone/This PC/SayOne Technologies/Works/airflow_new/Airflow/venv/lib/python3.8/site-packages/airflow/example_dags/example_sla_dag.py
[2022-09-20T17:50:03.956+0530] {processor.py:640} INFO - Processing file /home/sayone/This PC/SayOne Technologies/Works/airflow_new/Airflow/venv/lib/python3.8/site-packages/airflow/example_dags/example_sla_dag.py for tasks to queue
[2022-09-20T17:50:03.957+0530] {logging_mixin.py:115} INFO - [2022-09-20T17:50:03.957+0530] {dagbag.py:508} INFO - Filling up the DagBag from /home/sayone/This PC/SayOne Technologies/Works/airflow_new/Airflow/venv/lib/python3.8/site-packages/airflow/example_dags/example_sla_dag.py
[2022-09-20T17:50:03.973+0530] {processor.py:650} INFO - DAG(s) dict_keys(['example_sla_dag']) retrieved from /home/sayone/This PC/SayOne Technologies/Works/airflow_new/Airflow/venv/lib/python3.8/site-packages/airflow/example_dags/example_sla_dag.py
[2022-09-20T17:50:03.982+0530] {logging_mixin.py:115} INFO - [2022-09-20T17:50:03.982+0530] {dag.py:2429} INFO - Sync 1 DAGs
[2022-09-20T17:50:03.995+0530] {logging_mixin.py:115} INFO - [2022-09-20T17:50:03.995+0530] {dag.py:2977} INFO - Setting next_dagrun for example_sla_dag to 2022-09-20T12:18:00+00:00, run_after=2022-09-20T12:20:00+00:00
[2022-09-20T17:50:04.004+0530] {processor.py:161} INFO - Processing /home/sayone/This PC/SayOne Technologies/Works/airflow_new/Airflow/venv/lib/python3.8/site-packages/airflow/example_dags/example_sla_dag.py took 0.055 seconds
[2022-09-20T17:50:39.237+0530] {processor.py:153} INFO - Started process (PID=35870) to work on /home/sayone/This PC/SayOne Technologies/Works/airflow_new/Airflow/venv/lib/python3.8/site-packages/airflow/example_dags/example_sla_dag.py
[2022-09-20T17:50:39.240+0530] {processor.py:640} INFO - Processing file /home/sayone/This PC/SayOne Technologies/Works/airflow_new/Airflow/venv/lib/python3.8/site-packages/airflow/example_dags/example_sla_dag.py for tasks to queue
[2022-09-20T17:50:39.240+0530] {logging_mixin.py:115} INFO - [2022-09-20T17:50:39.240+0530] {dagbag.py:508} INFO - Filling up the DagBag from /home/sayone/This PC/SayOne Technologies/Works/airflow_new/Airflow/venv/lib/python3.8/site-packages/airflow/example_dags/example_sla_dag.py
[2022-09-20T17:50:39.257+0530] {processor.py:650} INFO - DAG(s) dict_keys(['example_sla_dag']) retrieved from /home/sayone/This PC/SayOne Technologies/Works/airflow_new/Airflow/venv/lib/python3.8/site-packages/airflow/example_dags/example_sla_dag.py
[2022-09-20T17:50:39.265+0530] {logging_mixin.py:115} INFO - [2022-09-20T17:50:39.265+0530] {dag.py:2429} INFO - Sync 1 DAGs
[2022-09-20T17:50:39.277+0530] {logging_mixin.py:115} INFO - [2022-09-20T17:50:39.277+0530] {dag.py:2977} INFO - Setting next_dagrun for example_sla_dag to 2022-09-20T12:18:00+00:00, run_after=2022-09-20T12:20:00+00:00
[2022-09-20T17:50:39.285+0530] {processor.py:161} INFO - Processing /home/sayone/This PC/SayOne Technologies/Works/airflow_new/Airflow/venv/lib/python3.8/site-packages/airflow/example_dags/example_sla_dag.py took 0.051 seconds
[2022-09-20T17:51:16.226+0530] {processor.py:153} INFO - Started process (PID=35977) to work on /home/sayone/This PC/SayOne Technologies/Works/airflow_new/Airflow/venv/lib/python3.8/site-packages/airflow/example_dags/example_sla_dag.py
[2022-09-20T17:51:16.229+0530] {processor.py:640} INFO - Processing file /home/sayone/This PC/SayOne Technologies/Works/airflow_new/Airflow/venv/lib/python3.8/site-packages/airflow/example_dags/example_sla_dag.py for tasks to queue
[2022-09-20T17:51:16.229+0530] {logging_mixin.py:115} INFO - [2022-09-20T17:51:16.229+0530] {dagbag.py:508} INFO - Filling up the DagBag from /home/sayone/This PC/SayOne Technologies/Works/airflow_new/Airflow/venv/lib/python3.8/site-packages/airflow/example_dags/example_sla_dag.py
[2022-09-20T17:51:16.247+0530] {processor.py:650} INFO - DAG(s) dict_keys(['example_sla_dag']) retrieved from /home/sayone/This PC/SayOne Technologies/Works/airflow_new/Airflow/venv/lib/python3.8/site-packages/airflow/example_dags/example_sla_dag.py
[2022-09-20T17:51:16.255+0530] {logging_mixin.py:115} INFO - [2022-09-20T17:51:16.255+0530] {dag.py:2429} INFO - Sync 1 DAGs
[2022-09-20T17:51:16.267+0530] {logging_mixin.py:115} INFO - [2022-09-20T17:51:16.267+0530] {dag.py:2977} INFO - Setting next_dagrun for example_sla_dag to 2022-09-20T12:18:00+00:00, run_after=2022-09-20T12:20:00+00:00
[2022-09-20T17:51:16.275+0530] {processor.py:161} INFO - Processing /home/sayone/This PC/SayOne Technologies/Works/airflow_new/Airflow/venv/lib/python3.8/site-packages/airflow/example_dags/example_sla_dag.py took 0.052 seconds
[2022-09-20T17:51:54.154+0530] {processor.py:153} INFO - Started process (PID=36037) to work on /home/sayone/This PC/SayOne Technologies/Works/airflow_new/Airflow/venv/lib/python3.8/site-packages/airflow/example_dags/example_sla_dag.py
[2022-09-20T17:51:54.157+0530] {processor.py:640} INFO - Processing file /home/sayone/This PC/SayOne Technologies/Works/airflow_new/Airflow/venv/lib/python3.8/site-packages/airflow/example_dags/example_sla_dag.py for tasks to queue
[2022-09-20T17:51:54.158+0530] {logging_mixin.py:115} INFO - [2022-09-20T17:51:54.158+0530] {dagbag.py:508} INFO - Filling up the DagBag from /home/sayone/This PC/SayOne Technologies/Works/airflow_new/Airflow/venv/lib/python3.8/site-packages/airflow/example_dags/example_sla_dag.py
[2022-09-20T17:51:54.171+0530] {processor.py:650} INFO - DAG(s) dict_keys(['example_sla_dag']) retrieved from /home/sayone/This PC/SayOne Technologies/Works/airflow_new/Airflow/venv/lib/python3.8/site-packages/airflow/example_dags/example_sla_dag.py
[2022-09-20T17:51:54.180+0530] {logging_mixin.py:115} INFO - [2022-09-20T17:51:54.179+0530] {dag.py:2429} INFO - Sync 1 DAGs
[2022-09-20T17:51:54.193+0530] {logging_mixin.py:115} INFO - [2022-09-20T17:51:54.193+0530] {dag.py:2977} INFO - Setting next_dagrun for example_sla_dag to 2022-09-20T12:18:00+00:00, run_after=2022-09-20T12:20:00+00:00
[2022-09-20T17:51:54.201+0530] {processor.py:161} INFO - Processing /home/sayone/This PC/SayOne Technologies/Works/airflow_new/Airflow/venv/lib/python3.8/site-packages/airflow/example_dags/example_sla_dag.py took 0.048 seconds
