[2022-09-20T17:16:46.106+0530] {processor.py:153} INFO - Started process (PID=28615) to work on /home/sayone/This PC/SayOne Technologies/Works/airflow_new/Airflow/venv/lib/python3.8/site-packages/airflow/example_dags/example_trigger_controller_dag.py
[2022-09-20T17:16:46.107+0530] {processor.py:640} INFO - Processing file /home/sayone/This PC/SayOne Technologies/Works/airflow_new/Airflow/venv/lib/python3.8/site-packages/airflow/example_dags/example_trigger_controller_dag.py for tasks to queue
[2022-09-20T17:16:46.108+0530] {logging_mixin.py:115} INFO - [2022-09-20T17:16:46.108+0530] {dagbag.py:508} INFO - Filling up the DagBag from /home/sayone/This PC/SayOne Technologies/Works/airflow_new/Airflow/venv/lib/python3.8/site-packages/airflow/example_dags/example_trigger_controller_dag.py
[2022-09-20T17:16:46.111+0530] {processor.py:650} INFO - DAG(s) dict_keys(['example_trigger_controller_dag']) retrieved from /home/sayone/This PC/SayOne Technologies/Works/airflow_new/Airflow/venv/lib/python3.8/site-packages/airflow/example_dags/example_trigger_controller_dag.py
[2022-09-20T17:16:46.159+0530] {logging_mixin.py:115} INFO - [2022-09-20T17:16:46.159+0530] {manager.py:508} INFO - Created Permission View: can edit on DAG:example_trigger_controller_dag
[2022-09-20T17:16:46.167+0530] {logging_mixin.py:115} INFO - [2022-09-20T17:16:46.167+0530] {manager.py:508} INFO - Created Permission View: can read on DAG:example_trigger_controller_dag
[2022-09-20T17:16:46.175+0530] {logging_mixin.py:115} INFO - [2022-09-20T17:16:46.175+0530] {manager.py:508} INFO - Created Permission View: can delete on DAG:example_trigger_controller_dag
[2022-09-20T17:16:46.175+0530] {logging_mixin.py:115} INFO - [2022-09-20T17:16:46.175+0530] {dag.py:2429} INFO - Sync 1 DAGs
[2022-09-20T17:16:46.180+0530] {logging_mixin.py:115} INFO - [2022-09-20T17:16:46.180+0530] {dag.py:2448} INFO - Creating ORM DAG for example_trigger_controller_dag
[2022-09-20T17:16:46.186+0530] {logging_mixin.py:115} INFO - [2022-09-20T17:16:46.185+0530] {dag.py:2977} INFO - Setting next_dagrun for example_trigger_controller_dag to 2021-01-01T00:00:00+00:00, run_after=2021-01-01T00:00:00+00:00
[2022-09-20T17:16:46.196+0530] {processor.py:161} INFO - Processing /home/sayone/This PC/SayOne Technologies/Works/airflow_new/Airflow/venv/lib/python3.8/site-packages/airflow/example_dags/example_trigger_controller_dag.py took 0.094 seconds
[2022-09-20T17:17:23.150+0530] {processor.py:153} INFO - Started process (PID=28898) to work on /home/sayone/This PC/SayOne Technologies/Works/airflow_new/Airflow/venv/lib/python3.8/site-packages/airflow/example_dags/example_trigger_controller_dag.py
[2022-09-20T17:17:23.151+0530] {processor.py:640} INFO - Processing file /home/sayone/This PC/SayOne Technologies/Works/airflow_new/Airflow/venv/lib/python3.8/site-packages/airflow/example_dags/example_trigger_controller_dag.py for tasks to queue
[2022-09-20T17:17:23.152+0530] {logging_mixin.py:115} INFO - [2022-09-20T17:17:23.152+0530] {dagbag.py:508} INFO - Filling up the DagBag from /home/sayone/This PC/SayOne Technologies/Works/airflow_new/Airflow/venv/lib/python3.8/site-packages/airflow/example_dags/example_trigger_controller_dag.py
[2022-09-20T17:17:23.155+0530] {processor.py:650} INFO - DAG(s) dict_keys(['example_trigger_controller_dag']) retrieved from /home/sayone/This PC/SayOne Technologies/Works/airflow_new/Airflow/venv/lib/python3.8/site-packages/airflow/example_dags/example_trigger_controller_dag.py
[2022-09-20T17:17:23.174+0530] {logging_mixin.py:115} INFO - [2022-09-20T17:17:23.174+0530] {dag.py:2429} INFO - Sync 1 DAGs
[2022-09-20T17:17:23.196+0530] {logging_mixin.py:115} INFO - [2022-09-20T17:17:23.196+0530] {dag.py:2977} INFO - Setting next_dagrun for example_trigger_controller_dag to 2021-01-01T00:00:00+00:00, run_after=2021-01-01T00:00:00+00:00
[2022-09-20T17:17:23.212+0530] {processor.py:161} INFO - Processing /home/sayone/This PC/SayOne Technologies/Works/airflow_new/Airflow/venv/lib/python3.8/site-packages/airflow/example_dags/example_trigger_controller_dag.py took 0.065 seconds
[2022-09-20T17:17:57.203+0530] {processor.py:153} INFO - Started process (PID=29074) to work on /home/sayone/This PC/SayOne Technologies/Works/airflow_new/Airflow/venv/lib/python3.8/site-packages/airflow/example_dags/example_trigger_controller_dag.py
[2022-09-20T17:17:57.205+0530] {processor.py:640} INFO - Processing file /home/sayone/This PC/SayOne Technologies/Works/airflow_new/Airflow/venv/lib/python3.8/site-packages/airflow/example_dags/example_trigger_controller_dag.py for tasks to queue
[2022-09-20T17:17:57.207+0530] {logging_mixin.py:115} INFO - [2022-09-20T17:17:57.206+0530] {dagbag.py:508} INFO - Filling up the DagBag from /home/sayone/This PC/SayOne Technologies/Works/airflow_new/Airflow/venv/lib/python3.8/site-packages/airflow/example_dags/example_trigger_controller_dag.py
[2022-09-20T17:17:57.210+0530] {processor.py:650} INFO - DAG(s) dict_keys(['example_trigger_controller_dag']) retrieved from /home/sayone/This PC/SayOne Technologies/Works/airflow_new/Airflow/venv/lib/python3.8/site-packages/airflow/example_dags/example_trigger_controller_dag.py
[2022-09-20T17:17:57.222+0530] {logging_mixin.py:115} INFO - [2022-09-20T17:17:57.222+0530] {dag.py:2429} INFO - Sync 1 DAGs
[2022-09-20T17:17:57.234+0530] {logging_mixin.py:115} INFO - [2022-09-20T17:17:57.234+0530] {dag.py:2977} INFO - Setting next_dagrun for example_trigger_controller_dag to 2021-01-01T00:00:00+00:00, run_after=2021-01-01T00:00:00+00:00
[2022-09-20T17:17:57.243+0530] {processor.py:161} INFO - Processing /home/sayone/This PC/SayOne Technologies/Works/airflow_new/Airflow/venv/lib/python3.8/site-packages/airflow/example_dags/example_trigger_controller_dag.py took 0.044 seconds
[2022-09-20T17:18:33.329+0530] {processor.py:153} INFO - Started process (PID=29176) to work on /home/sayone/This PC/SayOne Technologies/Works/airflow_new/Airflow/venv/lib/python3.8/site-packages/airflow/example_dags/example_trigger_controller_dag.py
[2022-09-20T17:18:33.331+0530] {processor.py:640} INFO - Processing file /home/sayone/This PC/SayOne Technologies/Works/airflow_new/Airflow/venv/lib/python3.8/site-packages/airflow/example_dags/example_trigger_controller_dag.py for tasks to queue
[2022-09-20T17:18:33.331+0530] {logging_mixin.py:115} INFO - [2022-09-20T17:18:33.331+0530] {dagbag.py:508} INFO - Filling up the DagBag from /home/sayone/This PC/SayOne Technologies/Works/airflow_new/Airflow/venv/lib/python3.8/site-packages/airflow/example_dags/example_trigger_controller_dag.py
[2022-09-20T17:18:33.334+0530] {processor.py:650} INFO - DAG(s) dict_keys(['example_trigger_controller_dag']) retrieved from /home/sayone/This PC/SayOne Technologies/Works/airflow_new/Airflow/venv/lib/python3.8/site-packages/airflow/example_dags/example_trigger_controller_dag.py
[2022-09-20T17:18:33.344+0530] {logging_mixin.py:115} INFO - [2022-09-20T17:18:33.344+0530] {dag.py:2429} INFO - Sync 1 DAGs
[2022-09-20T17:18:33.355+0530] {logging_mixin.py:115} INFO - [2022-09-20T17:18:33.355+0530] {dag.py:2977} INFO - Setting next_dagrun for example_trigger_controller_dag to 2021-01-01T00:00:00+00:00, run_after=2021-01-01T00:00:00+00:00
[2022-09-20T17:18:33.367+0530] {processor.py:161} INFO - Processing /home/sayone/This PC/SayOne Technologies/Works/airflow_new/Airflow/venv/lib/python3.8/site-packages/airflow/example_dags/example_trigger_controller_dag.py took 0.041 seconds
[2022-09-20T17:19:08.034+0530] {processor.py:153} INFO - Started process (PID=29309) to work on /home/sayone/This PC/SayOne Technologies/Works/airflow_new/Airflow/venv/lib/python3.8/site-packages/airflow/example_dags/example_trigger_controller_dag.py
[2022-09-20T17:19:08.036+0530] {processor.py:640} INFO - Processing file /home/sayone/This PC/SayOne Technologies/Works/airflow_new/Airflow/venv/lib/python3.8/site-packages/airflow/example_dags/example_trigger_controller_dag.py for tasks to queue
[2022-09-20T17:19:08.037+0530] {logging_mixin.py:115} INFO - [2022-09-20T17:19:08.037+0530] {dagbag.py:508} INFO - Filling up the DagBag from /home/sayone/This PC/SayOne Technologies/Works/airflow_new/Airflow/venv/lib/python3.8/site-packages/airflow/example_dags/example_trigger_controller_dag.py
[2022-09-20T17:19:08.039+0530] {processor.py:650} INFO - DAG(s) dict_keys(['example_trigger_controller_dag']) retrieved from /home/sayone/This PC/SayOne Technologies/Works/airflow_new/Airflow/venv/lib/python3.8/site-packages/airflow/example_dags/example_trigger_controller_dag.py
[2022-09-20T17:19:08.053+0530] {logging_mixin.py:115} INFO - [2022-09-20T17:19:08.053+0530] {dag.py:2429} INFO - Sync 1 DAGs
[2022-09-20T17:19:08.064+0530] {logging_mixin.py:115} INFO - [2022-09-20T17:19:08.064+0530] {dag.py:2977} INFO - Setting next_dagrun for example_trigger_controller_dag to 2021-01-01T00:00:00+00:00, run_after=2021-01-01T00:00:00+00:00
[2022-09-20T17:19:08.076+0530] {processor.py:161} INFO - Processing /home/sayone/This PC/SayOne Technologies/Works/airflow_new/Airflow/venv/lib/python3.8/site-packages/airflow/example_dags/example_trigger_controller_dag.py took 0.044 seconds
[2022-09-20T17:19:42.910+0530] {processor.py:153} INFO - Started process (PID=29538) to work on /home/sayone/This PC/SayOne Technologies/Works/airflow_new/Airflow/venv/lib/python3.8/site-packages/airflow/example_dags/example_trigger_controller_dag.py
[2022-09-20T17:19:42.913+0530] {processor.py:640} INFO - Processing file /home/sayone/This PC/SayOne Technologies/Works/airflow_new/Airflow/venv/lib/python3.8/site-packages/airflow/example_dags/example_trigger_controller_dag.py for tasks to queue
[2022-09-20T17:19:42.913+0530] {logging_mixin.py:115} INFO - [2022-09-20T17:19:42.913+0530] {dagbag.py:508} INFO - Filling up the DagBag from /home/sayone/This PC/SayOne Technologies/Works/airflow_new/Airflow/venv/lib/python3.8/site-packages/airflow/example_dags/example_trigger_controller_dag.py
[2022-09-20T17:19:42.917+0530] {processor.py:650} INFO - DAG(s) dict_keys(['example_trigger_controller_dag']) retrieved from /home/sayone/This PC/SayOne Technologies/Works/airflow_new/Airflow/venv/lib/python3.8/site-packages/airflow/example_dags/example_trigger_controller_dag.py
[2022-09-20T17:19:42.931+0530] {logging_mixin.py:115} INFO - [2022-09-20T17:19:42.931+0530] {dag.py:2429} INFO - Sync 1 DAGs
[2022-09-20T17:19:42.942+0530] {logging_mixin.py:115} INFO - [2022-09-20T17:19:42.942+0530] {dag.py:2977} INFO - Setting next_dagrun for example_trigger_controller_dag to 2021-01-01T00:00:00+00:00, run_after=2021-01-01T00:00:00+00:00
[2022-09-20T17:19:42.952+0530] {processor.py:161} INFO - Processing /home/sayone/This PC/SayOne Technologies/Works/airflow_new/Airflow/venv/lib/python3.8/site-packages/airflow/example_dags/example_trigger_controller_dag.py took 0.046 seconds
[2022-09-20T17:20:05.170+0530] {processor.py:153} INFO - Started process (PID=29659) to work on /home/sayone/This PC/SayOne Technologies/Works/airflow_new/Airflow/venv/lib/python3.8/site-packages/airflow/example_dags/example_trigger_controller_dag.py
[2022-09-20T17:20:05.173+0530] {processor.py:640} INFO - Processing file /home/sayone/This PC/SayOne Technologies/Works/airflow_new/Airflow/venv/lib/python3.8/site-packages/airflow/example_dags/example_trigger_controller_dag.py for tasks to queue
[2022-09-20T17:20:05.174+0530] {logging_mixin.py:115} INFO - [2022-09-20T17:20:05.174+0530] {dagbag.py:508} INFO - Filling up the DagBag from /home/sayone/This PC/SayOne Technologies/Works/airflow_new/Airflow/venv/lib/python3.8/site-packages/airflow/example_dags/example_trigger_controller_dag.py
[2022-09-20T17:20:05.178+0530] {processor.py:650} INFO - DAG(s) dict_keys(['example_trigger_controller_dag']) retrieved from /home/sayone/This PC/SayOne Technologies/Works/airflow_new/Airflow/venv/lib/python3.8/site-packages/airflow/example_dags/example_trigger_controller_dag.py
[2022-09-20T17:20:05.189+0530] {logging_mixin.py:115} INFO - [2022-09-20T17:20:05.189+0530] {dag.py:2429} INFO - Sync 1 DAGs
[2022-09-20T17:20:05.200+0530] {logging_mixin.py:115} INFO - [2022-09-20T17:20:05.200+0530] {dag.py:2977} INFO - Setting next_dagrun for example_trigger_controller_dag to 2021-01-01T00:00:00+00:00, run_after=2021-01-01T00:00:00+00:00
[2022-09-20T17:20:05.208+0530] {processor.py:161} INFO - Processing /home/sayone/This PC/SayOne Technologies/Works/airflow_new/Airflow/venv/lib/python3.8/site-packages/airflow/example_dags/example_trigger_controller_dag.py took 0.043 seconds
[2022-09-20T17:20:41.270+0530] {processor.py:153} INFO - Started process (PID=29728) to work on /home/sayone/This PC/SayOne Technologies/Works/airflow_new/Airflow/venv/lib/python3.8/site-packages/airflow/example_dags/example_trigger_controller_dag.py
[2022-09-20T17:20:41.272+0530] {processor.py:640} INFO - Processing file /home/sayone/This PC/SayOne Technologies/Works/airflow_new/Airflow/venv/lib/python3.8/site-packages/airflow/example_dags/example_trigger_controller_dag.py for tasks to queue
[2022-09-20T17:20:41.273+0530] {logging_mixin.py:115} INFO - [2022-09-20T17:20:41.273+0530] {dagbag.py:508} INFO - Filling up the DagBag from /home/sayone/This PC/SayOne Technologies/Works/airflow_new/Airflow/venv/lib/python3.8/site-packages/airflow/example_dags/example_trigger_controller_dag.py
[2022-09-20T17:20:41.275+0530] {processor.py:650} INFO - DAG(s) dict_keys(['example_trigger_controller_dag']) retrieved from /home/sayone/This PC/SayOne Technologies/Works/airflow_new/Airflow/venv/lib/python3.8/site-packages/airflow/example_dags/example_trigger_controller_dag.py
[2022-09-20T17:20:41.285+0530] {logging_mixin.py:115} INFO - [2022-09-20T17:20:41.284+0530] {dag.py:2429} INFO - Sync 1 DAGs
[2022-09-20T17:20:41.295+0530] {logging_mixin.py:115} INFO - [2022-09-20T17:20:41.295+0530] {dag.py:2977} INFO - Setting next_dagrun for example_trigger_controller_dag to 2021-01-01T00:00:00+00:00, run_after=2021-01-01T00:00:00+00:00
[2022-09-20T17:20:41.304+0530] {processor.py:161} INFO - Processing /home/sayone/This PC/SayOne Technologies/Works/airflow_new/Airflow/venv/lib/python3.8/site-packages/airflow/example_dags/example_trigger_controller_dag.py took 0.038 seconds
[2022-09-20T17:21:15.822+0530] {processor.py:153} INFO - Started process (PID=29840) to work on /home/sayone/This PC/SayOne Technologies/Works/airflow_new/Airflow/venv/lib/python3.8/site-packages/airflow/example_dags/example_trigger_controller_dag.py
[2022-09-20T17:21:15.825+0530] {processor.py:640} INFO - Processing file /home/sayone/This PC/SayOne Technologies/Works/airflow_new/Airflow/venv/lib/python3.8/site-packages/airflow/example_dags/example_trigger_controller_dag.py for tasks to queue
[2022-09-20T17:21:15.825+0530] {logging_mixin.py:115} INFO - [2022-09-20T17:21:15.825+0530] {dagbag.py:508} INFO - Filling up the DagBag from /home/sayone/This PC/SayOne Technologies/Works/airflow_new/Airflow/venv/lib/python3.8/site-packages/airflow/example_dags/example_trigger_controller_dag.py
[2022-09-20T17:21:15.827+0530] {processor.py:650} INFO - DAG(s) dict_keys(['example_trigger_controller_dag']) retrieved from /home/sayone/This PC/SayOne Technologies/Works/airflow_new/Airflow/venv/lib/python3.8/site-packages/airflow/example_dags/example_trigger_controller_dag.py
[2022-09-20T17:21:15.837+0530] {logging_mixin.py:115} INFO - [2022-09-20T17:21:15.837+0530] {dag.py:2429} INFO - Sync 1 DAGs
[2022-09-20T17:21:15.847+0530] {logging_mixin.py:115} INFO - [2022-09-20T17:21:15.847+0530] {dag.py:2977} INFO - Setting next_dagrun for example_trigger_controller_dag to 2021-01-01T00:00:00+00:00, run_after=2021-01-01T00:00:00+00:00
[2022-09-20T17:21:15.857+0530] {processor.py:161} INFO - Processing /home/sayone/This PC/SayOne Technologies/Works/airflow_new/Airflow/venv/lib/python3.8/site-packages/airflow/example_dags/example_trigger_controller_dag.py took 0.036 seconds
[2022-09-20T17:21:53.321+0530] {processor.py:153} INFO - Started process (PID=29991) to work on /home/sayone/This PC/SayOne Technologies/Works/airflow_new/Airflow/venv/lib/python3.8/site-packages/airflow/example_dags/example_trigger_controller_dag.py
[2022-09-20T17:21:53.321+0530] {processor.py:640} INFO - Processing file /home/sayone/This PC/SayOne Technologies/Works/airflow_new/Airflow/venv/lib/python3.8/site-packages/airflow/example_dags/example_trigger_controller_dag.py for tasks to queue
[2022-09-20T17:21:53.322+0530] {logging_mixin.py:115} INFO - [2022-09-20T17:21:53.322+0530] {dagbag.py:508} INFO - Filling up the DagBag from /home/sayone/This PC/SayOne Technologies/Works/airflow_new/Airflow/venv/lib/python3.8/site-packages/airflow/example_dags/example_trigger_controller_dag.py
[2022-09-20T17:21:53.323+0530] {processor.py:650} INFO - DAG(s) dict_keys(['example_trigger_controller_dag']) retrieved from /home/sayone/This PC/SayOne Technologies/Works/airflow_new/Airflow/venv/lib/python3.8/site-packages/airflow/example_dags/example_trigger_controller_dag.py
[2022-09-20T17:21:53.336+0530] {logging_mixin.py:115} INFO - [2022-09-20T17:21:53.336+0530] {dag.py:2429} INFO - Sync 1 DAGs
[2022-09-20T17:21:53.357+0530] {logging_mixin.py:115} INFO - [2022-09-20T17:21:53.356+0530] {dag.py:2977} INFO - Setting next_dagrun for example_trigger_controller_dag to 2021-01-01T00:00:00+00:00, run_after=2021-01-01T00:00:00+00:00
[2022-09-20T17:21:53.373+0530] {processor.py:161} INFO - Processing /home/sayone/This PC/SayOne Technologies/Works/airflow_new/Airflow/venv/lib/python3.8/site-packages/airflow/example_dags/example_trigger_controller_dag.py took 0.054 seconds
[2022-09-20T17:22:26.779+0530] {processor.py:153} INFO - Started process (PID=30246) to work on /home/sayone/This PC/SayOne Technologies/Works/airflow_new/Airflow/venv/lib/python3.8/site-packages/airflow/example_dags/example_trigger_controller_dag.py
[2022-09-20T17:22:26.782+0530] {processor.py:640} INFO - Processing file /home/sayone/This PC/SayOne Technologies/Works/airflow_new/Airflow/venv/lib/python3.8/site-packages/airflow/example_dags/example_trigger_controller_dag.py for tasks to queue
[2022-09-20T17:22:26.782+0530] {logging_mixin.py:115} INFO - [2022-09-20T17:22:26.782+0530] {dagbag.py:508} INFO - Filling up the DagBag from /home/sayone/This PC/SayOne Technologies/Works/airflow_new/Airflow/venv/lib/python3.8/site-packages/airflow/example_dags/example_trigger_controller_dag.py
[2022-09-20T17:22:26.785+0530] {processor.py:650} INFO - DAG(s) dict_keys(['example_trigger_controller_dag']) retrieved from /home/sayone/This PC/SayOne Technologies/Works/airflow_new/Airflow/venv/lib/python3.8/site-packages/airflow/example_dags/example_trigger_controller_dag.py
[2022-09-20T17:22:26.796+0530] {logging_mixin.py:115} INFO - [2022-09-20T17:22:26.796+0530] {dag.py:2429} INFO - Sync 1 DAGs
[2022-09-20T17:22:26.808+0530] {logging_mixin.py:115} INFO - [2022-09-20T17:22:26.808+0530] {dag.py:2977} INFO - Setting next_dagrun for example_trigger_controller_dag to 2021-01-01T00:00:00+00:00, run_after=2021-01-01T00:00:00+00:00
[2022-09-20T17:22:26.817+0530] {processor.py:161} INFO - Processing /home/sayone/This PC/SayOne Technologies/Works/airflow_new/Airflow/venv/lib/python3.8/site-packages/airflow/example_dags/example_trigger_controller_dag.py took 0.041 seconds
[2022-09-20T17:23:30.536+0530] {processor.py:153} INFO - Started process (PID=30441) to work on /home/sayone/This PC/SayOne Technologies/Works/airflow_new/Airflow/venv/lib/python3.8/site-packages/airflow/example_dags/example_trigger_controller_dag.py
[2022-09-20T17:23:30.539+0530] {processor.py:640} INFO - Processing file /home/sayone/This PC/SayOne Technologies/Works/airflow_new/Airflow/venv/lib/python3.8/site-packages/airflow/example_dags/example_trigger_controller_dag.py for tasks to queue
[2022-09-20T17:23:30.539+0530] {logging_mixin.py:115} INFO - [2022-09-20T17:23:30.539+0530] {dagbag.py:508} INFO - Filling up the DagBag from /home/sayone/This PC/SayOne Technologies/Works/airflow_new/Airflow/venv/lib/python3.8/site-packages/airflow/example_dags/example_trigger_controller_dag.py
[2022-09-20T17:23:30.542+0530] {processor.py:650} INFO - DAG(s) dict_keys(['example_trigger_controller_dag']) retrieved from /home/sayone/This PC/SayOne Technologies/Works/airflow_new/Airflow/venv/lib/python3.8/site-packages/airflow/example_dags/example_trigger_controller_dag.py
[2022-09-20T17:23:30.553+0530] {logging_mixin.py:115} INFO - [2022-09-20T17:23:30.553+0530] {dag.py:2429} INFO - Sync 1 DAGs
[2022-09-20T17:23:30.565+0530] {logging_mixin.py:115} INFO - [2022-09-20T17:23:30.565+0530] {dag.py:2977} INFO - Setting next_dagrun for example_trigger_controller_dag to 2021-01-01T00:00:00+00:00, run_after=2021-01-01T00:00:00+00:00
[2022-09-20T17:23:30.574+0530] {processor.py:161} INFO - Processing /home/sayone/This PC/SayOne Technologies/Works/airflow_new/Airflow/venv/lib/python3.8/site-packages/airflow/example_dags/example_trigger_controller_dag.py took 0.041 seconds
[2022-09-20T17:24:05.402+0530] {processor.py:153} INFO - Started process (PID=30565) to work on /home/sayone/This PC/SayOne Technologies/Works/airflow_new/Airflow/venv/lib/python3.8/site-packages/airflow/example_dags/example_trigger_controller_dag.py
[2022-09-20T17:24:05.405+0530] {processor.py:640} INFO - Processing file /home/sayone/This PC/SayOne Technologies/Works/airflow_new/Airflow/venv/lib/python3.8/site-packages/airflow/example_dags/example_trigger_controller_dag.py for tasks to queue
[2022-09-20T17:24:05.405+0530] {logging_mixin.py:115} INFO - [2022-09-20T17:24:05.405+0530] {dagbag.py:508} INFO - Filling up the DagBag from /home/sayone/This PC/SayOne Technologies/Works/airflow_new/Airflow/venv/lib/python3.8/site-packages/airflow/example_dags/example_trigger_controller_dag.py
[2022-09-20T17:24:05.408+0530] {processor.py:650} INFO - DAG(s) dict_keys(['example_trigger_controller_dag']) retrieved from /home/sayone/This PC/SayOne Technologies/Works/airflow_new/Airflow/venv/lib/python3.8/site-packages/airflow/example_dags/example_trigger_controller_dag.py
[2022-09-20T17:24:05.418+0530] {logging_mixin.py:115} INFO - [2022-09-20T17:24:05.418+0530] {dag.py:2429} INFO - Sync 1 DAGs
[2022-09-20T17:24:05.430+0530] {logging_mixin.py:115} INFO - [2022-09-20T17:24:05.430+0530] {dag.py:2977} INFO - Setting next_dagrun for example_trigger_controller_dag to 2021-01-01T00:00:00+00:00, run_after=2021-01-01T00:00:00+00:00
[2022-09-20T17:24:05.439+0530] {processor.py:161} INFO - Processing /home/sayone/This PC/SayOne Technologies/Works/airflow_new/Airflow/venv/lib/python3.8/site-packages/airflow/example_dags/example_trigger_controller_dag.py took 0.041 seconds
[2022-09-20T17:24:40.274+0530] {processor.py:153} INFO - Started process (PID=30835) to work on /home/sayone/This PC/SayOne Technologies/Works/airflow_new/Airflow/venv/lib/python3.8/site-packages/airflow/example_dags/example_trigger_controller_dag.py
[2022-09-20T17:24:40.277+0530] {processor.py:640} INFO - Processing file /home/sayone/This PC/SayOne Technologies/Works/airflow_new/Airflow/venv/lib/python3.8/site-packages/airflow/example_dags/example_trigger_controller_dag.py for tasks to queue
[2022-09-20T17:24:40.278+0530] {logging_mixin.py:115} INFO - [2022-09-20T17:24:40.277+0530] {dagbag.py:508} INFO - Filling up the DagBag from /home/sayone/This PC/SayOne Technologies/Works/airflow_new/Airflow/venv/lib/python3.8/site-packages/airflow/example_dags/example_trigger_controller_dag.py
[2022-09-20T17:24:40.281+0530] {processor.py:650} INFO - DAG(s) dict_keys(['example_trigger_controller_dag']) retrieved from /home/sayone/This PC/SayOne Technologies/Works/airflow_new/Airflow/venv/lib/python3.8/site-packages/airflow/example_dags/example_trigger_controller_dag.py
[2022-09-20T17:24:40.291+0530] {logging_mixin.py:115} INFO - [2022-09-20T17:24:40.291+0530] {dag.py:2429} INFO - Sync 1 DAGs
[2022-09-20T17:24:40.302+0530] {logging_mixin.py:115} INFO - [2022-09-20T17:24:40.302+0530] {dag.py:2977} INFO - Setting next_dagrun for example_trigger_controller_dag to 2021-01-01T00:00:00+00:00, run_after=2021-01-01T00:00:00+00:00
[2022-09-20T17:24:40.311+0530] {processor.py:161} INFO - Processing /home/sayone/This PC/SayOne Technologies/Works/airflow_new/Airflow/venv/lib/python3.8/site-packages/airflow/example_dags/example_trigger_controller_dag.py took 0.040 seconds
[2022-09-20T17:25:17.337+0530] {processor.py:153} INFO - Started process (PID=30978) to work on /home/sayone/This PC/SayOne Technologies/Works/airflow_new/Airflow/venv/lib/python3.8/site-packages/airflow/example_dags/example_trigger_controller_dag.py
[2022-09-20T17:25:17.340+0530] {processor.py:640} INFO - Processing file /home/sayone/This PC/SayOne Technologies/Works/airflow_new/Airflow/venv/lib/python3.8/site-packages/airflow/example_dags/example_trigger_controller_dag.py for tasks to queue
[2022-09-20T17:25:17.342+0530] {logging_mixin.py:115} INFO - [2022-09-20T17:25:17.341+0530] {dagbag.py:508} INFO - Filling up the DagBag from /home/sayone/This PC/SayOne Technologies/Works/airflow_new/Airflow/venv/lib/python3.8/site-packages/airflow/example_dags/example_trigger_controller_dag.py
[2022-09-20T17:25:17.345+0530] {processor.py:650} INFO - DAG(s) dict_keys(['example_trigger_controller_dag']) retrieved from /home/sayone/This PC/SayOne Technologies/Works/airflow_new/Airflow/venv/lib/python3.8/site-packages/airflow/example_dags/example_trigger_controller_dag.py
[2022-09-20T17:25:17.357+0530] {logging_mixin.py:115} INFO - [2022-09-20T17:25:17.357+0530] {dag.py:2429} INFO - Sync 1 DAGs
[2022-09-20T17:25:17.370+0530] {logging_mixin.py:115} INFO - [2022-09-20T17:25:17.369+0530] {dag.py:2977} INFO - Setting next_dagrun for example_trigger_controller_dag to 2021-01-01T00:00:00+00:00, run_after=2021-01-01T00:00:00+00:00
[2022-09-20T17:25:17.378+0530] {processor.py:161} INFO - Processing /home/sayone/This PC/SayOne Technologies/Works/airflow_new/Airflow/venv/lib/python3.8/site-packages/airflow/example_dags/example_trigger_controller_dag.py took 0.043 seconds
[2022-09-20T17:25:52.224+0530] {processor.py:153} INFO - Started process (PID=31058) to work on /home/sayone/This PC/SayOne Technologies/Works/airflow_new/Airflow/venv/lib/python3.8/site-packages/airflow/example_dags/example_trigger_controller_dag.py
[2022-09-20T17:25:52.226+0530] {processor.py:640} INFO - Processing file /home/sayone/This PC/SayOne Technologies/Works/airflow_new/Airflow/venv/lib/python3.8/site-packages/airflow/example_dags/example_trigger_controller_dag.py for tasks to queue
[2022-09-20T17:25:52.227+0530] {logging_mixin.py:115} INFO - [2022-09-20T17:25:52.227+0530] {dagbag.py:508} INFO - Filling up the DagBag from /home/sayone/This PC/SayOne Technologies/Works/airflow_new/Airflow/venv/lib/python3.8/site-packages/airflow/example_dags/example_trigger_controller_dag.py
[2022-09-20T17:25:52.231+0530] {processor.py:650} INFO - DAG(s) dict_keys(['example_trigger_controller_dag']) retrieved from /home/sayone/This PC/SayOne Technologies/Works/airflow_new/Airflow/venv/lib/python3.8/site-packages/airflow/example_dags/example_trigger_controller_dag.py
[2022-09-20T17:25:52.240+0530] {logging_mixin.py:115} INFO - [2022-09-20T17:25:52.240+0530] {dag.py:2429} INFO - Sync 1 DAGs
[2022-09-20T17:25:52.253+0530] {logging_mixin.py:115} INFO - [2022-09-20T17:25:52.253+0530] {dag.py:2977} INFO - Setting next_dagrun for example_trigger_controller_dag to 2021-01-01T00:00:00+00:00, run_after=2021-01-01T00:00:00+00:00
[2022-09-20T17:25:52.262+0530] {processor.py:161} INFO - Processing /home/sayone/This PC/SayOne Technologies/Works/airflow_new/Airflow/venv/lib/python3.8/site-packages/airflow/example_dags/example_trigger_controller_dag.py took 0.040 seconds
[2022-09-20T17:26:29.616+0530] {processor.py:153} INFO - Started process (PID=31168) to work on /home/sayone/This PC/SayOne Technologies/Works/airflow_new/Airflow/venv/lib/python3.8/site-packages/airflow/example_dags/example_trigger_controller_dag.py
[2022-09-20T17:26:29.619+0530] {processor.py:640} INFO - Processing file /home/sayone/This PC/SayOne Technologies/Works/airflow_new/Airflow/venv/lib/python3.8/site-packages/airflow/example_dags/example_trigger_controller_dag.py for tasks to queue
[2022-09-20T17:26:29.620+0530] {logging_mixin.py:115} INFO - [2022-09-20T17:26:29.620+0530] {dagbag.py:508} INFO - Filling up the DagBag from /home/sayone/This PC/SayOne Technologies/Works/airflow_new/Airflow/venv/lib/python3.8/site-packages/airflow/example_dags/example_trigger_controller_dag.py
[2022-09-20T17:26:29.624+0530] {processor.py:650} INFO - DAG(s) dict_keys(['example_trigger_controller_dag']) retrieved from /home/sayone/This PC/SayOne Technologies/Works/airflow_new/Airflow/venv/lib/python3.8/site-packages/airflow/example_dags/example_trigger_controller_dag.py
[2022-09-20T17:26:29.636+0530] {logging_mixin.py:115} INFO - [2022-09-20T17:26:29.636+0530] {dag.py:2429} INFO - Sync 1 DAGs
[2022-09-20T17:26:29.646+0530] {logging_mixin.py:115} INFO - [2022-09-20T17:26:29.646+0530] {dag.py:2977} INFO - Setting next_dagrun for example_trigger_controller_dag to 2021-01-01T00:00:00+00:00, run_after=2021-01-01T00:00:00+00:00
[2022-09-20T17:26:29.655+0530] {processor.py:161} INFO - Processing /home/sayone/This PC/SayOne Technologies/Works/airflow_new/Airflow/venv/lib/python3.8/site-packages/airflow/example_dags/example_trigger_controller_dag.py took 0.043 seconds
[2022-09-20T17:27:05.025+0530] {processor.py:153} INFO - Started process (PID=31425) to work on /home/sayone/This PC/SayOne Technologies/Works/airflow_new/Airflow/venv/lib/python3.8/site-packages/airflow/example_dags/example_trigger_controller_dag.py
[2022-09-20T17:27:05.028+0530] {processor.py:640} INFO - Processing file /home/sayone/This PC/SayOne Technologies/Works/airflow_new/Airflow/venv/lib/python3.8/site-packages/airflow/example_dags/example_trigger_controller_dag.py for tasks to queue
[2022-09-20T17:27:05.029+0530] {logging_mixin.py:115} INFO - [2022-09-20T17:27:05.028+0530] {dagbag.py:508} INFO - Filling up the DagBag from /home/sayone/This PC/SayOne Technologies/Works/airflow_new/Airflow/venv/lib/python3.8/site-packages/airflow/example_dags/example_trigger_controller_dag.py
[2022-09-20T17:27:05.033+0530] {processor.py:650} INFO - DAG(s) dict_keys(['example_trigger_controller_dag']) retrieved from /home/sayone/This PC/SayOne Technologies/Works/airflow_new/Airflow/venv/lib/python3.8/site-packages/airflow/example_dags/example_trigger_controller_dag.py
[2022-09-20T17:27:05.041+0530] {logging_mixin.py:115} INFO - [2022-09-20T17:27:05.041+0530] {dag.py:2429} INFO - Sync 1 DAGs
[2022-09-20T17:27:05.051+0530] {logging_mixin.py:115} INFO - [2022-09-20T17:27:05.051+0530] {dag.py:2977} INFO - Setting next_dagrun for example_trigger_controller_dag to 2021-01-01T00:00:00+00:00, run_after=2021-01-01T00:00:00+00:00
[2022-09-20T17:27:05.059+0530] {processor.py:161} INFO - Processing /home/sayone/This PC/SayOne Technologies/Works/airflow_new/Airflow/venv/lib/python3.8/site-packages/airflow/example_dags/example_trigger_controller_dag.py took 0.036 seconds
[2022-09-20T17:27:42.735+0530] {processor.py:153} INFO - Started process (PID=31579) to work on /home/sayone/This PC/SayOne Technologies/Works/airflow_new/Airflow/venv/lib/python3.8/site-packages/airflow/example_dags/example_trigger_controller_dag.py
[2022-09-20T17:27:42.738+0530] {processor.py:640} INFO - Processing file /home/sayone/This PC/SayOne Technologies/Works/airflow_new/Airflow/venv/lib/python3.8/site-packages/airflow/example_dags/example_trigger_controller_dag.py for tasks to queue
[2022-09-20T17:27:42.739+0530] {logging_mixin.py:115} INFO - [2022-09-20T17:27:42.739+0530] {dagbag.py:508} INFO - Filling up the DagBag from /home/sayone/This PC/SayOne Technologies/Works/airflow_new/Airflow/venv/lib/python3.8/site-packages/airflow/example_dags/example_trigger_controller_dag.py
[2022-09-20T17:27:42.744+0530] {processor.py:650} INFO - DAG(s) dict_keys(['example_trigger_controller_dag']) retrieved from /home/sayone/This PC/SayOne Technologies/Works/airflow_new/Airflow/venv/lib/python3.8/site-packages/airflow/example_dags/example_trigger_controller_dag.py
[2022-09-20T17:27:42.756+0530] {logging_mixin.py:115} INFO - [2022-09-20T17:27:42.756+0530] {dag.py:2429} INFO - Sync 1 DAGs
[2022-09-20T17:27:42.766+0530] {logging_mixin.py:115} INFO - [2022-09-20T17:27:42.765+0530] {dag.py:2977} INFO - Setting next_dagrun for example_trigger_controller_dag to 2021-01-01T00:00:00+00:00, run_after=2021-01-01T00:00:00+00:00
[2022-09-20T17:27:42.774+0530] {processor.py:161} INFO - Processing /home/sayone/This PC/SayOne Technologies/Works/airflow_new/Airflow/venv/lib/python3.8/site-packages/airflow/example_dags/example_trigger_controller_dag.py took 0.043 seconds
[2022-09-20T17:28:17.081+0530] {processor.py:153} INFO - Started process (PID=31687) to work on /home/sayone/This PC/SayOne Technologies/Works/airflow_new/Airflow/venv/lib/python3.8/site-packages/airflow/example_dags/example_trigger_controller_dag.py
[2022-09-20T17:28:17.084+0530] {processor.py:640} INFO - Processing file /home/sayone/This PC/SayOne Technologies/Works/airflow_new/Airflow/venv/lib/python3.8/site-packages/airflow/example_dags/example_trigger_controller_dag.py for tasks to queue
[2022-09-20T17:28:17.084+0530] {logging_mixin.py:115} INFO - [2022-09-20T17:28:17.084+0530] {dagbag.py:508} INFO - Filling up the DagBag from /home/sayone/This PC/SayOne Technologies/Works/airflow_new/Airflow/venv/lib/python3.8/site-packages/airflow/example_dags/example_trigger_controller_dag.py
[2022-09-20T17:28:17.086+0530] {processor.py:650} INFO - DAG(s) dict_keys(['example_trigger_controller_dag']) retrieved from /home/sayone/This PC/SayOne Technologies/Works/airflow_new/Airflow/venv/lib/python3.8/site-packages/airflow/example_dags/example_trigger_controller_dag.py
[2022-09-20T17:28:17.094+0530] {logging_mixin.py:115} INFO - [2022-09-20T17:28:17.094+0530] {dag.py:2429} INFO - Sync 1 DAGs
[2022-09-20T17:28:17.103+0530] {logging_mixin.py:115} INFO - [2022-09-20T17:28:17.103+0530] {dag.py:2977} INFO - Setting next_dagrun for example_trigger_controller_dag to 2021-01-01T00:00:00+00:00, run_after=2021-01-01T00:00:00+00:00
[2022-09-20T17:28:17.112+0530] {processor.py:161} INFO - Processing /home/sayone/This PC/SayOne Technologies/Works/airflow_new/Airflow/venv/lib/python3.8/site-packages/airflow/example_dags/example_trigger_controller_dag.py took 0.032 seconds
[2022-09-20T17:28:55.889+0530] {processor.py:153} INFO - Started process (PID=31821) to work on /home/sayone/This PC/SayOne Technologies/Works/airflow_new/Airflow/venv/lib/python3.8/site-packages/airflow/example_dags/example_trigger_controller_dag.py
[2022-09-20T17:28:55.892+0530] {processor.py:640} INFO - Processing file /home/sayone/This PC/SayOne Technologies/Works/airflow_new/Airflow/venv/lib/python3.8/site-packages/airflow/example_dags/example_trigger_controller_dag.py for tasks to queue
[2022-09-20T17:28:55.892+0530] {logging_mixin.py:115} INFO - [2022-09-20T17:28:55.892+0530] {dagbag.py:508} INFO - Filling up the DagBag from /home/sayone/This PC/SayOne Technologies/Works/airflow_new/Airflow/venv/lib/python3.8/site-packages/airflow/example_dags/example_trigger_controller_dag.py
[2022-09-20T17:28:55.896+0530] {processor.py:650} INFO - DAG(s) dict_keys(['example_trigger_controller_dag']) retrieved from /home/sayone/This PC/SayOne Technologies/Works/airflow_new/Airflow/venv/lib/python3.8/site-packages/airflow/example_dags/example_trigger_controller_dag.py
[2022-09-20T17:28:55.909+0530] {logging_mixin.py:115} INFO - [2022-09-20T17:28:55.909+0530] {dag.py:2429} INFO - Sync 1 DAGs
[2022-09-20T17:28:55.918+0530] {logging_mixin.py:115} INFO - [2022-09-20T17:28:55.918+0530] {dag.py:2977} INFO - Setting next_dagrun for example_trigger_controller_dag to 2021-01-01T00:00:00+00:00, run_after=2021-01-01T00:00:00+00:00
[2022-09-20T17:28:55.926+0530] {processor.py:161} INFO - Processing /home/sayone/This PC/SayOne Technologies/Works/airflow_new/Airflow/venv/lib/python3.8/site-packages/airflow/example_dags/example_trigger_controller_dag.py took 0.039 seconds
[2022-09-20T17:29:31.317+0530] {processor.py:153} INFO - Started process (PID=31918) to work on /home/sayone/This PC/SayOne Technologies/Works/airflow_new/Airflow/venv/lib/python3.8/site-packages/airflow/example_dags/example_trigger_controller_dag.py
[2022-09-20T17:29:31.320+0530] {processor.py:640} INFO - Processing file /home/sayone/This PC/SayOne Technologies/Works/airflow_new/Airflow/venv/lib/python3.8/site-packages/airflow/example_dags/example_trigger_controller_dag.py for tasks to queue
[2022-09-20T17:29:31.321+0530] {logging_mixin.py:115} INFO - [2022-09-20T17:29:31.321+0530] {dagbag.py:508} INFO - Filling up the DagBag from /home/sayone/This PC/SayOne Technologies/Works/airflow_new/Airflow/venv/lib/python3.8/site-packages/airflow/example_dags/example_trigger_controller_dag.py
[2022-09-20T17:29:31.326+0530] {processor.py:650} INFO - DAG(s) dict_keys(['example_trigger_controller_dag']) retrieved from /home/sayone/This PC/SayOne Technologies/Works/airflow_new/Airflow/venv/lib/python3.8/site-packages/airflow/example_dags/example_trigger_controller_dag.py
[2022-09-20T17:29:31.339+0530] {logging_mixin.py:115} INFO - [2022-09-20T17:29:31.339+0530] {dag.py:2429} INFO - Sync 1 DAGs
[2022-09-20T17:29:31.349+0530] {logging_mixin.py:115} INFO - [2022-09-20T17:29:31.349+0530] {dag.py:2977} INFO - Setting next_dagrun for example_trigger_controller_dag to 2021-01-01T00:00:00+00:00, run_after=2021-01-01T00:00:00+00:00
[2022-09-20T17:29:31.358+0530] {processor.py:161} INFO - Processing /home/sayone/This PC/SayOne Technologies/Works/airflow_new/Airflow/venv/lib/python3.8/site-packages/airflow/example_dags/example_trigger_controller_dag.py took 0.043 seconds
[2022-09-20T17:30:06.442+0530] {processor.py:153} INFO - Started process (PID=32085) to work on /home/sayone/This PC/SayOne Technologies/Works/airflow_new/Airflow/venv/lib/python3.8/site-packages/airflow/example_dags/example_trigger_controller_dag.py
[2022-09-20T17:30:06.444+0530] {processor.py:640} INFO - Processing file /home/sayone/This PC/SayOne Technologies/Works/airflow_new/Airflow/venv/lib/python3.8/site-packages/airflow/example_dags/example_trigger_controller_dag.py for tasks to queue
[2022-09-20T17:30:06.444+0530] {logging_mixin.py:115} INFO - [2022-09-20T17:30:06.444+0530] {dagbag.py:508} INFO - Filling up the DagBag from /home/sayone/This PC/SayOne Technologies/Works/airflow_new/Airflow/venv/lib/python3.8/site-packages/airflow/example_dags/example_trigger_controller_dag.py
[2022-09-20T17:30:06.447+0530] {processor.py:650} INFO - DAG(s) dict_keys(['example_trigger_controller_dag']) retrieved from /home/sayone/This PC/SayOne Technologies/Works/airflow_new/Airflow/venv/lib/python3.8/site-packages/airflow/example_dags/example_trigger_controller_dag.py
[2022-09-20T17:30:06.461+0530] {logging_mixin.py:115} INFO - [2022-09-20T17:30:06.461+0530] {dag.py:2429} INFO - Sync 1 DAGs
[2022-09-20T17:30:06.470+0530] {logging_mixin.py:115} INFO - [2022-09-20T17:30:06.470+0530] {dag.py:2977} INFO - Setting next_dagrun for example_trigger_controller_dag to 2021-01-01T00:00:00+00:00, run_after=2021-01-01T00:00:00+00:00
[2022-09-20T17:30:06.478+0530] {processor.py:161} INFO - Processing /home/sayone/This PC/SayOne Technologies/Works/airflow_new/Airflow/venv/lib/python3.8/site-packages/airflow/example_dags/example_trigger_controller_dag.py took 0.039 seconds
[2022-09-20T17:30:42.745+0530] {processor.py:153} INFO - Started process (PID=32156) to work on /home/sayone/This PC/SayOne Technologies/Works/airflow_new/Airflow/venv/lib/python3.8/site-packages/airflow/example_dags/example_trigger_controller_dag.py
[2022-09-20T17:30:42.748+0530] {processor.py:640} INFO - Processing file /home/sayone/This PC/SayOne Technologies/Works/airflow_new/Airflow/venv/lib/python3.8/site-packages/airflow/example_dags/example_trigger_controller_dag.py for tasks to queue
[2022-09-20T17:30:42.749+0530] {logging_mixin.py:115} INFO - [2022-09-20T17:30:42.749+0530] {dagbag.py:508} INFO - Filling up the DagBag from /home/sayone/This PC/SayOne Technologies/Works/airflow_new/Airflow/venv/lib/python3.8/site-packages/airflow/example_dags/example_trigger_controller_dag.py
[2022-09-20T17:30:42.753+0530] {processor.py:650} INFO - DAG(s) dict_keys(['example_trigger_controller_dag']) retrieved from /home/sayone/This PC/SayOne Technologies/Works/airflow_new/Airflow/venv/lib/python3.8/site-packages/airflow/example_dags/example_trigger_controller_dag.py
[2022-09-20T17:30:42.766+0530] {logging_mixin.py:115} INFO - [2022-09-20T17:30:42.765+0530] {dag.py:2429} INFO - Sync 1 DAGs
[2022-09-20T17:30:42.775+0530] {logging_mixin.py:115} INFO - [2022-09-20T17:30:42.774+0530] {dag.py:2977} INFO - Setting next_dagrun for example_trigger_controller_dag to 2021-01-01T00:00:00+00:00, run_after=2021-01-01T00:00:00+00:00
[2022-09-20T17:30:42.783+0530] {processor.py:161} INFO - Processing /home/sayone/This PC/SayOne Technologies/Works/airflow_new/Airflow/venv/lib/python3.8/site-packages/airflow/example_dags/example_trigger_controller_dag.py took 0.042 seconds
[2022-09-20T17:31:19.320+0530] {processor.py:153} INFO - Started process (PID=32265) to work on /home/sayone/This PC/SayOne Technologies/Works/airflow_new/Airflow/venv/lib/python3.8/site-packages/airflow/example_dags/example_trigger_controller_dag.py
[2022-09-20T17:31:19.323+0530] {processor.py:640} INFO - Processing file /home/sayone/This PC/SayOne Technologies/Works/airflow_new/Airflow/venv/lib/python3.8/site-packages/airflow/example_dags/example_trigger_controller_dag.py for tasks to queue
[2022-09-20T17:31:19.324+0530] {logging_mixin.py:115} INFO - [2022-09-20T17:31:19.323+0530] {dagbag.py:508} INFO - Filling up the DagBag from /home/sayone/This PC/SayOne Technologies/Works/airflow_new/Airflow/venv/lib/python3.8/site-packages/airflow/example_dags/example_trigger_controller_dag.py
[2022-09-20T17:31:19.328+0530] {processor.py:650} INFO - DAG(s) dict_keys(['example_trigger_controller_dag']) retrieved from /home/sayone/This PC/SayOne Technologies/Works/airflow_new/Airflow/venv/lib/python3.8/site-packages/airflow/example_dags/example_trigger_controller_dag.py
[2022-09-20T17:31:19.336+0530] {logging_mixin.py:115} INFO - [2022-09-20T17:31:19.336+0530] {dag.py:2429} INFO - Sync 1 DAGs
[2022-09-20T17:31:19.347+0530] {logging_mixin.py:115} INFO - [2022-09-20T17:31:19.347+0530] {dag.py:2977} INFO - Setting next_dagrun for example_trigger_controller_dag to 2021-01-01T00:00:00+00:00, run_after=2021-01-01T00:00:00+00:00
[2022-09-20T17:31:19.356+0530] {processor.py:161} INFO - Processing /home/sayone/This PC/SayOne Technologies/Works/airflow_new/Airflow/venv/lib/python3.8/site-packages/airflow/example_dags/example_trigger_controller_dag.py took 0.038 seconds
[2022-09-20T17:31:55.842+0530] {processor.py:153} INFO - Started process (PID=32388) to work on /home/sayone/This PC/SayOne Technologies/Works/airflow_new/Airflow/venv/lib/python3.8/site-packages/airflow/example_dags/example_trigger_controller_dag.py
[2022-09-20T17:31:55.846+0530] {processor.py:640} INFO - Processing file /home/sayone/This PC/SayOne Technologies/Works/airflow_new/Airflow/venv/lib/python3.8/site-packages/airflow/example_dags/example_trigger_controller_dag.py for tasks to queue
[2022-09-20T17:31:55.847+0530] {logging_mixin.py:115} INFO - [2022-09-20T17:31:55.846+0530] {dagbag.py:508} INFO - Filling up the DagBag from /home/sayone/This PC/SayOne Technologies/Works/airflow_new/Airflow/venv/lib/python3.8/site-packages/airflow/example_dags/example_trigger_controller_dag.py
[2022-09-20T17:31:55.851+0530] {processor.py:650} INFO - DAG(s) dict_keys(['example_trigger_controller_dag']) retrieved from /home/sayone/This PC/SayOne Technologies/Works/airflow_new/Airflow/venv/lib/python3.8/site-packages/airflow/example_dags/example_trigger_controller_dag.py
[2022-09-20T17:31:55.863+0530] {logging_mixin.py:115} INFO - [2022-09-20T17:31:55.863+0530] {dag.py:2429} INFO - Sync 1 DAGs
[2022-09-20T17:31:55.873+0530] {logging_mixin.py:115} INFO - [2022-09-20T17:31:55.873+0530] {dag.py:2977} INFO - Setting next_dagrun for example_trigger_controller_dag to 2021-01-01T00:00:00+00:00, run_after=2021-01-01T00:00:00+00:00
[2022-09-20T17:31:55.881+0530] {processor.py:161} INFO - Processing /home/sayone/This PC/SayOne Technologies/Works/airflow_new/Airflow/venv/lib/python3.8/site-packages/airflow/example_dags/example_trigger_controller_dag.py took 0.043 seconds
[2022-09-20T17:32:31.261+0530] {processor.py:153} INFO - Started process (PID=32592) to work on /home/sayone/This PC/SayOne Technologies/Works/airflow_new/Airflow/venv/lib/python3.8/site-packages/airflow/example_dags/example_trigger_controller_dag.py
[2022-09-20T17:32:31.264+0530] {processor.py:640} INFO - Processing file /home/sayone/This PC/SayOne Technologies/Works/airflow_new/Airflow/venv/lib/python3.8/site-packages/airflow/example_dags/example_trigger_controller_dag.py for tasks to queue
[2022-09-20T17:32:31.264+0530] {logging_mixin.py:115} INFO - [2022-09-20T17:32:31.264+0530] {dagbag.py:508} INFO - Filling up the DagBag from /home/sayone/This PC/SayOne Technologies/Works/airflow_new/Airflow/venv/lib/python3.8/site-packages/airflow/example_dags/example_trigger_controller_dag.py
[2022-09-20T17:32:31.269+0530] {processor.py:650} INFO - DAG(s) dict_keys(['example_trigger_controller_dag']) retrieved from /home/sayone/This PC/SayOne Technologies/Works/airflow_new/Airflow/venv/lib/python3.8/site-packages/airflow/example_dags/example_trigger_controller_dag.py
[2022-09-20T17:32:31.282+0530] {logging_mixin.py:115} INFO - [2022-09-20T17:32:31.282+0530] {dag.py:2429} INFO - Sync 1 DAGs
[2022-09-20T17:32:31.291+0530] {logging_mixin.py:115} INFO - [2022-09-20T17:32:31.291+0530] {dag.py:2977} INFO - Setting next_dagrun for example_trigger_controller_dag to 2021-01-01T00:00:00+00:00, run_after=2021-01-01T00:00:00+00:00
[2022-09-20T17:32:31.300+0530] {processor.py:161} INFO - Processing /home/sayone/This PC/SayOne Technologies/Works/airflow_new/Airflow/venv/lib/python3.8/site-packages/airflow/example_dags/example_trigger_controller_dag.py took 0.041 seconds
[2022-09-20T17:33:06.815+0530] {processor.py:153} INFO - Started process (PID=32689) to work on /home/sayone/This PC/SayOne Technologies/Works/airflow_new/Airflow/venv/lib/python3.8/site-packages/airflow/example_dags/example_trigger_controller_dag.py
[2022-09-20T17:33:06.817+0530] {processor.py:640} INFO - Processing file /home/sayone/This PC/SayOne Technologies/Works/airflow_new/Airflow/venv/lib/python3.8/site-packages/airflow/example_dags/example_trigger_controller_dag.py for tasks to queue
[2022-09-20T17:33:06.818+0530] {logging_mixin.py:115} INFO - [2022-09-20T17:33:06.818+0530] {dagbag.py:508} INFO - Filling up the DagBag from /home/sayone/This PC/SayOne Technologies/Works/airflow_new/Airflow/venv/lib/python3.8/site-packages/airflow/example_dags/example_trigger_controller_dag.py
[2022-09-20T17:33:06.822+0530] {processor.py:650} INFO - DAG(s) dict_keys(['example_trigger_controller_dag']) retrieved from /home/sayone/This PC/SayOne Technologies/Works/airflow_new/Airflow/venv/lib/python3.8/site-packages/airflow/example_dags/example_trigger_controller_dag.py
[2022-09-20T17:33:06.836+0530] {logging_mixin.py:115} INFO - [2022-09-20T17:33:06.836+0530] {dag.py:2429} INFO - Sync 1 DAGs
[2022-09-20T17:33:06.845+0530] {logging_mixin.py:115} INFO - [2022-09-20T17:33:06.845+0530] {dag.py:2977} INFO - Setting next_dagrun for example_trigger_controller_dag to 2021-01-01T00:00:00+00:00, run_after=2021-01-01T00:00:00+00:00
[2022-09-20T17:33:06.854+0530] {processor.py:161} INFO - Processing /home/sayone/This PC/SayOne Technologies/Works/airflow_new/Airflow/venv/lib/python3.8/site-packages/airflow/example_dags/example_trigger_controller_dag.py took 0.042 seconds
[2022-09-20T17:33:42.122+0530] {processor.py:153} INFO - Started process (PID=32753) to work on /home/sayone/This PC/SayOne Technologies/Works/airflow_new/Airflow/venv/lib/python3.8/site-packages/airflow/example_dags/example_trigger_controller_dag.py
[2022-09-20T17:33:42.124+0530] {processor.py:640} INFO - Processing file /home/sayone/This PC/SayOne Technologies/Works/airflow_new/Airflow/venv/lib/python3.8/site-packages/airflow/example_dags/example_trigger_controller_dag.py for tasks to queue
[2022-09-20T17:33:42.124+0530] {logging_mixin.py:115} INFO - [2022-09-20T17:33:42.124+0530] {dagbag.py:508} INFO - Filling up the DagBag from /home/sayone/This PC/SayOne Technologies/Works/airflow_new/Airflow/venv/lib/python3.8/site-packages/airflow/example_dags/example_trigger_controller_dag.py
[2022-09-20T17:33:42.129+0530] {processor.py:650} INFO - DAG(s) dict_keys(['example_trigger_controller_dag']) retrieved from /home/sayone/This PC/SayOne Technologies/Works/airflow_new/Airflow/venv/lib/python3.8/site-packages/airflow/example_dags/example_trigger_controller_dag.py
[2022-09-20T17:33:42.141+0530] {logging_mixin.py:115} INFO - [2022-09-20T17:33:42.141+0530] {dag.py:2429} INFO - Sync 1 DAGs
[2022-09-20T17:33:42.151+0530] {logging_mixin.py:115} INFO - [2022-09-20T17:33:42.150+0530] {dag.py:2977} INFO - Setting next_dagrun for example_trigger_controller_dag to 2021-01-01T00:00:00+00:00, run_after=2021-01-01T00:00:00+00:00
[2022-09-20T17:33:42.159+0530] {processor.py:161} INFO - Processing /home/sayone/This PC/SayOne Technologies/Works/airflow_new/Airflow/venv/lib/python3.8/site-packages/airflow/example_dags/example_trigger_controller_dag.py took 0.039 seconds
[2022-09-20T17:34:18.827+0530] {processor.py:153} INFO - Started process (PID=32852) to work on /home/sayone/This PC/SayOne Technologies/Works/airflow_new/Airflow/venv/lib/python3.8/site-packages/airflow/example_dags/example_trigger_controller_dag.py
[2022-09-20T17:34:18.830+0530] {processor.py:640} INFO - Processing file /home/sayone/This PC/SayOne Technologies/Works/airflow_new/Airflow/venv/lib/python3.8/site-packages/airflow/example_dags/example_trigger_controller_dag.py for tasks to queue
[2022-09-20T17:34:18.830+0530] {logging_mixin.py:115} INFO - [2022-09-20T17:34:18.830+0530] {dagbag.py:508} INFO - Filling up the DagBag from /home/sayone/This PC/SayOne Technologies/Works/airflow_new/Airflow/venv/lib/python3.8/site-packages/airflow/example_dags/example_trigger_controller_dag.py
[2022-09-20T17:34:18.833+0530] {processor.py:650} INFO - DAG(s) dict_keys(['example_trigger_controller_dag']) retrieved from /home/sayone/This PC/SayOne Technologies/Works/airflow_new/Airflow/venv/lib/python3.8/site-packages/airflow/example_dags/example_trigger_controller_dag.py
[2022-09-20T17:34:18.846+0530] {logging_mixin.py:115} INFO - [2022-09-20T17:34:18.846+0530] {dag.py:2429} INFO - Sync 1 DAGs
[2022-09-20T17:34:18.855+0530] {logging_mixin.py:115} INFO - [2022-09-20T17:34:18.855+0530] {dag.py:2977} INFO - Setting next_dagrun for example_trigger_controller_dag to 2021-01-01T00:00:00+00:00, run_after=2021-01-01T00:00:00+00:00
[2022-09-20T17:34:18.864+0530] {processor.py:161} INFO - Processing /home/sayone/This PC/SayOne Technologies/Works/airflow_new/Airflow/venv/lib/python3.8/site-packages/airflow/example_dags/example_trigger_controller_dag.py took 0.039 seconds
[2022-09-20T17:34:55.845+0530] {processor.py:153} INFO - Started process (PID=33131) to work on /home/sayone/This PC/SayOne Technologies/Works/airflow_new/Airflow/venv/lib/python3.8/site-packages/airflow/example_dags/example_trigger_controller_dag.py
[2022-09-20T17:34:55.848+0530] {processor.py:640} INFO - Processing file /home/sayone/This PC/SayOne Technologies/Works/airflow_new/Airflow/venv/lib/python3.8/site-packages/airflow/example_dags/example_trigger_controller_dag.py for tasks to queue
[2022-09-20T17:34:55.849+0530] {logging_mixin.py:115} INFO - [2022-09-20T17:34:55.849+0530] {dagbag.py:508} INFO - Filling up the DagBag from /home/sayone/This PC/SayOne Technologies/Works/airflow_new/Airflow/venv/lib/python3.8/site-packages/airflow/example_dags/example_trigger_controller_dag.py
[2022-09-20T17:34:55.854+0530] {processor.py:650} INFO - DAG(s) dict_keys(['example_trigger_controller_dag']) retrieved from /home/sayone/This PC/SayOne Technologies/Works/airflow_new/Airflow/venv/lib/python3.8/site-packages/airflow/example_dags/example_trigger_controller_dag.py
[2022-09-20T17:34:55.867+0530] {logging_mixin.py:115} INFO - [2022-09-20T17:34:55.867+0530] {dag.py:2429} INFO - Sync 1 DAGs
[2022-09-20T17:34:55.876+0530] {logging_mixin.py:115} INFO - [2022-09-20T17:34:55.876+0530] {dag.py:2977} INFO - Setting next_dagrun for example_trigger_controller_dag to 2021-01-01T00:00:00+00:00, run_after=2021-01-01T00:00:00+00:00
[2022-09-20T17:34:55.884+0530] {processor.py:161} INFO - Processing /home/sayone/This PC/SayOne Technologies/Works/airflow_new/Airflow/venv/lib/python3.8/site-packages/airflow/example_dags/example_trigger_controller_dag.py took 0.040 seconds
[2022-09-20T17:35:30.167+0530] {processor.py:153} INFO - Started process (PID=33180) to work on /home/sayone/This PC/SayOne Technologies/Works/airflow_new/Airflow/venv/lib/python3.8/site-packages/airflow/example_dags/example_trigger_controller_dag.py
[2022-09-20T17:35:30.169+0530] {processor.py:640} INFO - Processing file /home/sayone/This PC/SayOne Technologies/Works/airflow_new/Airflow/venv/lib/python3.8/site-packages/airflow/example_dags/example_trigger_controller_dag.py for tasks to queue
[2022-09-20T17:35:30.170+0530] {logging_mixin.py:115} INFO - [2022-09-20T17:35:30.169+0530] {dagbag.py:508} INFO - Filling up the DagBag from /home/sayone/This PC/SayOne Technologies/Works/airflow_new/Airflow/venv/lib/python3.8/site-packages/airflow/example_dags/example_trigger_controller_dag.py
[2022-09-20T17:35:30.174+0530] {processor.py:650} INFO - DAG(s) dict_keys(['example_trigger_controller_dag']) retrieved from /home/sayone/This PC/SayOne Technologies/Works/airflow_new/Airflow/venv/lib/python3.8/site-packages/airflow/example_dags/example_trigger_controller_dag.py
[2022-09-20T17:35:30.186+0530] {logging_mixin.py:115} INFO - [2022-09-20T17:35:30.186+0530] {dag.py:2429} INFO - Sync 1 DAGs
[2022-09-20T17:35:30.196+0530] {logging_mixin.py:115} INFO - [2022-09-20T17:35:30.195+0530] {dag.py:2977} INFO - Setting next_dagrun for example_trigger_controller_dag to 2021-01-01T00:00:00+00:00, run_after=2021-01-01T00:00:00+00:00
[2022-09-20T17:35:30.204+0530] {processor.py:161} INFO - Processing /home/sayone/This PC/SayOne Technologies/Works/airflow_new/Airflow/venv/lib/python3.8/site-packages/airflow/example_dags/example_trigger_controller_dag.py took 0.039 seconds
[2022-09-20T17:36:08.475+0530] {processor.py:153} INFO - Started process (PID=33304) to work on /home/sayone/This PC/SayOne Technologies/Works/airflow_new/Airflow/venv/lib/python3.8/site-packages/airflow/example_dags/example_trigger_controller_dag.py
[2022-09-20T17:36:08.478+0530] {processor.py:640} INFO - Processing file /home/sayone/This PC/SayOne Technologies/Works/airflow_new/Airflow/venv/lib/python3.8/site-packages/airflow/example_dags/example_trigger_controller_dag.py for tasks to queue
[2022-09-20T17:36:08.479+0530] {logging_mixin.py:115} INFO - [2022-09-20T17:36:08.479+0530] {dagbag.py:508} INFO - Filling up the DagBag from /home/sayone/This PC/SayOne Technologies/Works/airflow_new/Airflow/venv/lib/python3.8/site-packages/airflow/example_dags/example_trigger_controller_dag.py
[2022-09-20T17:36:08.484+0530] {processor.py:650} INFO - DAG(s) dict_keys(['example_trigger_controller_dag']) retrieved from /home/sayone/This PC/SayOne Technologies/Works/airflow_new/Airflow/venv/lib/python3.8/site-packages/airflow/example_dags/example_trigger_controller_dag.py
[2022-09-20T17:36:08.497+0530] {logging_mixin.py:115} INFO - [2022-09-20T17:36:08.497+0530] {dag.py:2429} INFO - Sync 1 DAGs
[2022-09-20T17:36:08.506+0530] {logging_mixin.py:115} INFO - [2022-09-20T17:36:08.506+0530] {dag.py:2977} INFO - Setting next_dagrun for example_trigger_controller_dag to 2021-01-01T00:00:00+00:00, run_after=2021-01-01T00:00:00+00:00
[2022-09-20T17:36:08.514+0530] {processor.py:161} INFO - Processing /home/sayone/This PC/SayOne Technologies/Works/airflow_new/Airflow/venv/lib/python3.8/site-packages/airflow/example_dags/example_trigger_controller_dag.py took 0.043 seconds
[2022-09-20T17:36:43.907+0530] {processor.py:153} INFO - Started process (PID=33413) to work on /home/sayone/This PC/SayOne Technologies/Works/airflow_new/Airflow/venv/lib/python3.8/site-packages/airflow/example_dags/example_trigger_controller_dag.py
[2022-09-20T17:36:43.911+0530] {processor.py:640} INFO - Processing file /home/sayone/This PC/SayOne Technologies/Works/airflow_new/Airflow/venv/lib/python3.8/site-packages/airflow/example_dags/example_trigger_controller_dag.py for tasks to queue
[2022-09-20T17:36:43.912+0530] {logging_mixin.py:115} INFO - [2022-09-20T17:36:43.911+0530] {dagbag.py:508} INFO - Filling up the DagBag from /home/sayone/This PC/SayOne Technologies/Works/airflow_new/Airflow/venv/lib/python3.8/site-packages/airflow/example_dags/example_trigger_controller_dag.py
[2022-09-20T17:36:43.913+0530] {processor.py:650} INFO - DAG(s) dict_keys(['example_trigger_controller_dag']) retrieved from /home/sayone/This PC/SayOne Technologies/Works/airflow_new/Airflow/venv/lib/python3.8/site-packages/airflow/example_dags/example_trigger_controller_dag.py
[2022-09-20T17:36:43.923+0530] {logging_mixin.py:115} INFO - [2022-09-20T17:36:43.923+0530] {dag.py:2429} INFO - Sync 1 DAGs
[2022-09-20T17:36:43.935+0530] {logging_mixin.py:115} INFO - [2022-09-20T17:36:43.935+0530] {dag.py:2977} INFO - Setting next_dagrun for example_trigger_controller_dag to 2021-01-01T00:00:00+00:00, run_after=2021-01-01T00:00:00+00:00
[2022-09-20T17:36:43.945+0530] {processor.py:161} INFO - Processing /home/sayone/This PC/SayOne Technologies/Works/airflow_new/Airflow/venv/lib/python3.8/site-packages/airflow/example_dags/example_trigger_controller_dag.py took 0.042 seconds
[2022-09-20T17:37:21.100+0530] {processor.py:153} INFO - Started process (PID=33685) to work on /home/sayone/This PC/SayOne Technologies/Works/airflow_new/Airflow/venv/lib/python3.8/site-packages/airflow/example_dags/example_trigger_controller_dag.py
[2022-09-20T17:37:21.103+0530] {processor.py:640} INFO - Processing file /home/sayone/This PC/SayOne Technologies/Works/airflow_new/Airflow/venv/lib/python3.8/site-packages/airflow/example_dags/example_trigger_controller_dag.py for tasks to queue
[2022-09-20T17:37:21.104+0530] {logging_mixin.py:115} INFO - [2022-09-20T17:37:21.104+0530] {dagbag.py:508} INFO - Filling up the DagBag from /home/sayone/This PC/SayOne Technologies/Works/airflow_new/Airflow/venv/lib/python3.8/site-packages/airflow/example_dags/example_trigger_controller_dag.py
[2022-09-20T17:37:21.109+0530] {processor.py:650} INFO - DAG(s) dict_keys(['example_trigger_controller_dag']) retrieved from /home/sayone/This PC/SayOne Technologies/Works/airflow_new/Airflow/venv/lib/python3.8/site-packages/airflow/example_dags/example_trigger_controller_dag.py
[2022-09-20T17:37:21.123+0530] {logging_mixin.py:115} INFO - [2022-09-20T17:37:21.123+0530] {dag.py:2429} INFO - Sync 1 DAGs
[2022-09-20T17:37:21.137+0530] {logging_mixin.py:115} INFO - [2022-09-20T17:37:21.137+0530] {dag.py:2977} INFO - Setting next_dagrun for example_trigger_controller_dag to 2021-01-01T00:00:00+00:00, run_after=2021-01-01T00:00:00+00:00
[2022-09-20T17:37:21.148+0530] {processor.py:161} INFO - Processing /home/sayone/This PC/SayOne Technologies/Works/airflow_new/Airflow/venv/lib/python3.8/site-packages/airflow/example_dags/example_trigger_controller_dag.py took 0.052 seconds
[2022-09-20T17:38:08.758+0530] {processor.py:153} INFO - Started process (PID=33822) to work on /home/sayone/This PC/SayOne Technologies/Works/airflow_new/Airflow/venv/lib/python3.8/site-packages/airflow/example_dags/example_trigger_controller_dag.py
[2022-09-20T17:38:08.761+0530] {processor.py:640} INFO - Processing file /home/sayone/This PC/SayOne Technologies/Works/airflow_new/Airflow/venv/lib/python3.8/site-packages/airflow/example_dags/example_trigger_controller_dag.py for tasks to queue
[2022-09-20T17:38:08.762+0530] {logging_mixin.py:115} INFO - [2022-09-20T17:38:08.762+0530] {dagbag.py:508} INFO - Filling up the DagBag from /home/sayone/This PC/SayOne Technologies/Works/airflow_new/Airflow/venv/lib/python3.8/site-packages/airflow/example_dags/example_trigger_controller_dag.py
[2022-09-20T17:38:08.765+0530] {processor.py:650} INFO - DAG(s) dict_keys(['example_trigger_controller_dag']) retrieved from /home/sayone/This PC/SayOne Technologies/Works/airflow_new/Airflow/venv/lib/python3.8/site-packages/airflow/example_dags/example_trigger_controller_dag.py
[2022-09-20T17:38:08.777+0530] {logging_mixin.py:115} INFO - [2022-09-20T17:38:08.777+0530] {dag.py:2429} INFO - Sync 1 DAGs
[2022-09-20T17:38:08.788+0530] {logging_mixin.py:115} INFO - [2022-09-20T17:38:08.788+0530] {dag.py:2977} INFO - Setting next_dagrun for example_trigger_controller_dag to 2021-01-01T00:00:00+00:00, run_after=2021-01-01T00:00:00+00:00
[2022-09-20T17:38:08.799+0530] {processor.py:161} INFO - Processing /home/sayone/This PC/SayOne Technologies/Works/airflow_new/Airflow/venv/lib/python3.8/site-packages/airflow/example_dags/example_trigger_controller_dag.py took 0.045 seconds
[2022-09-20T17:38:45.894+0530] {processor.py:153} INFO - Started process (PID=33891) to work on /home/sayone/This PC/SayOne Technologies/Works/airflow_new/Airflow/venv/lib/python3.8/site-packages/airflow/example_dags/example_trigger_controller_dag.py
[2022-09-20T17:38:45.897+0530] {processor.py:640} INFO - Processing file /home/sayone/This PC/SayOne Technologies/Works/airflow_new/Airflow/venv/lib/python3.8/site-packages/airflow/example_dags/example_trigger_controller_dag.py for tasks to queue
[2022-09-20T17:38:45.898+0530] {logging_mixin.py:115} INFO - [2022-09-20T17:38:45.898+0530] {dagbag.py:508} INFO - Filling up the DagBag from /home/sayone/This PC/SayOne Technologies/Works/airflow_new/Airflow/venv/lib/python3.8/site-packages/airflow/example_dags/example_trigger_controller_dag.py
[2022-09-20T17:38:45.903+0530] {processor.py:650} INFO - DAG(s) dict_keys(['example_trigger_controller_dag']) retrieved from /home/sayone/This PC/SayOne Technologies/Works/airflow_new/Airflow/venv/lib/python3.8/site-packages/airflow/example_dags/example_trigger_controller_dag.py
[2022-09-20T17:38:45.915+0530] {logging_mixin.py:115} INFO - [2022-09-20T17:38:45.915+0530] {dag.py:2429} INFO - Sync 1 DAGs
[2022-09-20T17:38:45.924+0530] {logging_mixin.py:115} INFO - [2022-09-20T17:38:45.924+0530] {dag.py:2977} INFO - Setting next_dagrun for example_trigger_controller_dag to 2021-01-01T00:00:00+00:00, run_after=2021-01-01T00:00:00+00:00
[2022-09-20T17:38:45.933+0530] {processor.py:161} INFO - Processing /home/sayone/This PC/SayOne Technologies/Works/airflow_new/Airflow/venv/lib/python3.8/site-packages/airflow/example_dags/example_trigger_controller_dag.py took 0.041 seconds
[2022-09-20T17:39:19.343+0530] {processor.py:153} INFO - Started process (PID=33981) to work on /home/sayone/This PC/SayOne Technologies/Works/airflow_new/Airflow/venv/lib/python3.8/site-packages/airflow/example_dags/example_trigger_controller_dag.py
[2022-09-20T17:39:19.347+0530] {processor.py:640} INFO - Processing file /home/sayone/This PC/SayOne Technologies/Works/airflow_new/Airflow/venv/lib/python3.8/site-packages/airflow/example_dags/example_trigger_controller_dag.py for tasks to queue
[2022-09-20T17:39:19.348+0530] {logging_mixin.py:115} INFO - [2022-09-20T17:39:19.347+0530] {dagbag.py:508} INFO - Filling up the DagBag from /home/sayone/This PC/SayOne Technologies/Works/airflow_new/Airflow/venv/lib/python3.8/site-packages/airflow/example_dags/example_trigger_controller_dag.py
[2022-09-20T17:39:19.353+0530] {processor.py:650} INFO - DAG(s) dict_keys(['example_trigger_controller_dag']) retrieved from /home/sayone/This PC/SayOne Technologies/Works/airflow_new/Airflow/venv/lib/python3.8/site-packages/airflow/example_dags/example_trigger_controller_dag.py
[2022-09-20T17:39:19.365+0530] {logging_mixin.py:115} INFO - [2022-09-20T17:39:19.365+0530] {dag.py:2429} INFO - Sync 1 DAGs
[2022-09-20T17:39:19.375+0530] {logging_mixin.py:115} INFO - [2022-09-20T17:39:19.375+0530] {dag.py:2977} INFO - Setting next_dagrun for example_trigger_controller_dag to 2021-01-01T00:00:00+00:00, run_after=2021-01-01T00:00:00+00:00
[2022-09-20T17:39:19.383+0530] {processor.py:161} INFO - Processing /home/sayone/This PC/SayOne Technologies/Works/airflow_new/Airflow/venv/lib/python3.8/site-packages/airflow/example_dags/example_trigger_controller_dag.py took 0.044 seconds
[2022-09-20T17:39:56.829+0530] {processor.py:153} INFO - Started process (PID=34175) to work on /home/sayone/This PC/SayOne Technologies/Works/airflow_new/Airflow/venv/lib/python3.8/site-packages/airflow/example_dags/example_trigger_controller_dag.py
[2022-09-20T17:39:56.831+0530] {processor.py:640} INFO - Processing file /home/sayone/This PC/SayOne Technologies/Works/airflow_new/Airflow/venv/lib/python3.8/site-packages/airflow/example_dags/example_trigger_controller_dag.py for tasks to queue
[2022-09-20T17:39:56.832+0530] {logging_mixin.py:115} INFO - [2022-09-20T17:39:56.831+0530] {dagbag.py:508} INFO - Filling up the DagBag from /home/sayone/This PC/SayOne Technologies/Works/airflow_new/Airflow/venv/lib/python3.8/site-packages/airflow/example_dags/example_trigger_controller_dag.py
[2022-09-20T17:39:56.835+0530] {processor.py:650} INFO - DAG(s) dict_keys(['example_trigger_controller_dag']) retrieved from /home/sayone/This PC/SayOne Technologies/Works/airflow_new/Airflow/venv/lib/python3.8/site-packages/airflow/example_dags/example_trigger_controller_dag.py
[2022-09-20T17:39:56.848+0530] {logging_mixin.py:115} INFO - [2022-09-20T17:39:56.848+0530] {dag.py:2429} INFO - Sync 1 DAGs
[2022-09-20T17:39:56.858+0530] {logging_mixin.py:115} INFO - [2022-09-20T17:39:56.858+0530] {dag.py:2977} INFO - Setting next_dagrun for example_trigger_controller_dag to 2021-01-01T00:00:00+00:00, run_after=2021-01-01T00:00:00+00:00
[2022-09-20T17:39:56.867+0530] {processor.py:161} INFO - Processing /home/sayone/This PC/SayOne Technologies/Works/airflow_new/Airflow/venv/lib/python3.8/site-packages/airflow/example_dags/example_trigger_controller_dag.py took 0.039 seconds
[2022-09-20T17:40:31.628+0530] {processor.py:153} INFO - Started process (PID=34237) to work on /home/sayone/This PC/SayOne Technologies/Works/airflow_new/Airflow/venv/lib/python3.8/site-packages/airflow/example_dags/example_trigger_controller_dag.py
[2022-09-20T17:40:31.631+0530] {processor.py:640} INFO - Processing file /home/sayone/This PC/SayOne Technologies/Works/airflow_new/Airflow/venv/lib/python3.8/site-packages/airflow/example_dags/example_trigger_controller_dag.py for tasks to queue
[2022-09-20T17:40:31.632+0530] {logging_mixin.py:115} INFO - [2022-09-20T17:40:31.632+0530] {dagbag.py:508} INFO - Filling up the DagBag from /home/sayone/This PC/SayOne Technologies/Works/airflow_new/Airflow/venv/lib/python3.8/site-packages/airflow/example_dags/example_trigger_controller_dag.py
[2022-09-20T17:40:31.636+0530] {processor.py:650} INFO - DAG(s) dict_keys(['example_trigger_controller_dag']) retrieved from /home/sayone/This PC/SayOne Technologies/Works/airflow_new/Airflow/venv/lib/python3.8/site-packages/airflow/example_dags/example_trigger_controller_dag.py
[2022-09-20T17:40:31.651+0530] {logging_mixin.py:115} INFO - [2022-09-20T17:40:31.650+0530] {dag.py:2429} INFO - Sync 1 DAGs
[2022-09-20T17:40:31.662+0530] {logging_mixin.py:115} INFO - [2022-09-20T17:40:31.661+0530] {dag.py:2977} INFO - Setting next_dagrun for example_trigger_controller_dag to 2021-01-01T00:00:00+00:00, run_after=2021-01-01T00:00:00+00:00
[2022-09-20T17:40:31.670+0530] {processor.py:161} INFO - Processing /home/sayone/This PC/SayOne Technologies/Works/airflow_new/Airflow/venv/lib/python3.8/site-packages/airflow/example_dags/example_trigger_controller_dag.py took 0.046 seconds
[2022-09-20T17:41:08.783+0530] {processor.py:153} INFO - Started process (PID=34392) to work on /home/sayone/This PC/SayOne Technologies/Works/airflow_new/Airflow/venv/lib/python3.8/site-packages/airflow/example_dags/example_trigger_controller_dag.py
[2022-09-20T17:41:08.786+0530] {processor.py:640} INFO - Processing file /home/sayone/This PC/SayOne Technologies/Works/airflow_new/Airflow/venv/lib/python3.8/site-packages/airflow/example_dags/example_trigger_controller_dag.py for tasks to queue
[2022-09-20T17:41:08.786+0530] {logging_mixin.py:115} INFO - [2022-09-20T17:41:08.786+0530] {dagbag.py:508} INFO - Filling up the DagBag from /home/sayone/This PC/SayOne Technologies/Works/airflow_new/Airflow/venv/lib/python3.8/site-packages/airflow/example_dags/example_trigger_controller_dag.py
[2022-09-20T17:41:08.788+0530] {processor.py:650} INFO - DAG(s) dict_keys(['example_trigger_controller_dag']) retrieved from /home/sayone/This PC/SayOne Technologies/Works/airflow_new/Airflow/venv/lib/python3.8/site-packages/airflow/example_dags/example_trigger_controller_dag.py
[2022-09-20T17:41:08.807+0530] {logging_mixin.py:115} INFO - [2022-09-20T17:41:08.807+0530] {dag.py:2429} INFO - Sync 1 DAGs
[2022-09-20T17:41:08.828+0530] {logging_mixin.py:115} INFO - [2022-09-20T17:41:08.828+0530] {dag.py:2977} INFO - Setting next_dagrun for example_trigger_controller_dag to 2021-01-01T00:00:00+00:00, run_after=2021-01-01T00:00:00+00:00
[2022-09-20T17:41:08.845+0530] {processor.py:161} INFO - Processing /home/sayone/This PC/SayOne Technologies/Works/airflow_new/Airflow/venv/lib/python3.8/site-packages/airflow/example_dags/example_trigger_controller_dag.py took 0.064 seconds
[2022-09-20T17:42:06.759+0530] {processor.py:153} INFO - Started process (PID=34546) to work on /home/sayone/This PC/SayOne Technologies/Works/airflow_new/Airflow/venv/lib/python3.8/site-packages/airflow/example_dags/example_trigger_controller_dag.py
[2022-09-20T17:42:06.760+0530] {processor.py:640} INFO - Processing file /home/sayone/This PC/SayOne Technologies/Works/airflow_new/Airflow/venv/lib/python3.8/site-packages/airflow/example_dags/example_trigger_controller_dag.py for tasks to queue
[2022-09-20T17:42:06.760+0530] {logging_mixin.py:115} INFO - [2022-09-20T17:42:06.760+0530] {dagbag.py:508} INFO - Filling up the DagBag from /home/sayone/This PC/SayOne Technologies/Works/airflow_new/Airflow/venv/lib/python3.8/site-packages/airflow/example_dags/example_trigger_controller_dag.py
[2022-09-20T17:42:06.762+0530] {processor.py:650} INFO - DAG(s) dict_keys(['example_trigger_controller_dag']) retrieved from /home/sayone/This PC/SayOne Technologies/Works/airflow_new/Airflow/venv/lib/python3.8/site-packages/airflow/example_dags/example_trigger_controller_dag.py
[2022-09-20T17:42:06.772+0530] {logging_mixin.py:115} INFO - [2022-09-20T17:42:06.772+0530] {dag.py:2429} INFO - Sync 1 DAGs
[2022-09-20T17:42:06.782+0530] {logging_mixin.py:115} INFO - [2022-09-20T17:42:06.782+0530] {dag.py:2977} INFO - Setting next_dagrun for example_trigger_controller_dag to 2021-01-01T00:00:00+00:00, run_after=2021-01-01T00:00:00+00:00
[2022-09-20T17:42:06.792+0530] {processor.py:161} INFO - Processing /home/sayone/This PC/SayOne Technologies/Works/airflow_new/Airflow/venv/lib/python3.8/site-packages/airflow/example_dags/example_trigger_controller_dag.py took 0.034 seconds
[2022-09-20T17:45:36.705+0530] {processor.py:153} INFO - Started process (PID=34941) to work on /home/sayone/This PC/SayOne Technologies/Works/airflow_new/Airflow/venv/lib/python3.8/site-packages/airflow/example_dags/example_trigger_controller_dag.py
[2022-09-20T17:45:36.708+0530] {processor.py:640} INFO - Processing file /home/sayone/This PC/SayOne Technologies/Works/airflow_new/Airflow/venv/lib/python3.8/site-packages/airflow/example_dags/example_trigger_controller_dag.py for tasks to queue
[2022-09-20T17:45:36.709+0530] {logging_mixin.py:115} INFO - [2022-09-20T17:45:36.709+0530] {dagbag.py:508} INFO - Filling up the DagBag from /home/sayone/This PC/SayOne Technologies/Works/airflow_new/Airflow/venv/lib/python3.8/site-packages/airflow/example_dags/example_trigger_controller_dag.py
[2022-09-20T17:45:36.714+0530] {processor.py:650} INFO - DAG(s) dict_keys(['example_trigger_controller_dag']) retrieved from /home/sayone/This PC/SayOne Technologies/Works/airflow_new/Airflow/venv/lib/python3.8/site-packages/airflow/example_dags/example_trigger_controller_dag.py
[2022-09-20T17:45:36.726+0530] {logging_mixin.py:115} INFO - [2022-09-20T17:45:36.726+0530] {dag.py:2429} INFO - Sync 1 DAGs
[2022-09-20T17:45:36.735+0530] {logging_mixin.py:115} INFO - [2022-09-20T17:45:36.735+0530] {dag.py:2977} INFO - Setting next_dagrun for example_trigger_controller_dag to 2021-01-01T00:00:00+00:00, run_after=2021-01-01T00:00:00+00:00
[2022-09-20T17:45:36.743+0530] {processor.py:161} INFO - Processing /home/sayone/This PC/SayOne Technologies/Works/airflow_new/Airflow/venv/lib/python3.8/site-packages/airflow/example_dags/example_trigger_controller_dag.py took 0.042 seconds
[2022-09-20T17:46:33.616+0530] {processor.py:153} INFO - Started process (PID=35077) to work on /home/sayone/This PC/SayOne Technologies/Works/airflow_new/Airflow/venv/lib/python3.8/site-packages/airflow/example_dags/example_trigger_controller_dag.py
[2022-09-20T17:46:33.619+0530] {processor.py:640} INFO - Processing file /home/sayone/This PC/SayOne Technologies/Works/airflow_new/Airflow/venv/lib/python3.8/site-packages/airflow/example_dags/example_trigger_controller_dag.py for tasks to queue
[2022-09-20T17:46:33.620+0530] {logging_mixin.py:115} INFO - [2022-09-20T17:46:33.620+0530] {dagbag.py:508} INFO - Filling up the DagBag from /home/sayone/This PC/SayOne Technologies/Works/airflow_new/Airflow/venv/lib/python3.8/site-packages/airflow/example_dags/example_trigger_controller_dag.py
[2022-09-20T17:46:33.625+0530] {processor.py:650} INFO - DAG(s) dict_keys(['example_trigger_controller_dag']) retrieved from /home/sayone/This PC/SayOne Technologies/Works/airflow_new/Airflow/venv/lib/python3.8/site-packages/airflow/example_dags/example_trigger_controller_dag.py
[2022-09-20T17:46:33.637+0530] {logging_mixin.py:115} INFO - [2022-09-20T17:46:33.637+0530] {dag.py:2429} INFO - Sync 1 DAGs
[2022-09-20T17:46:33.647+0530] {logging_mixin.py:115} INFO - [2022-09-20T17:46:33.647+0530] {dag.py:2977} INFO - Setting next_dagrun for example_trigger_controller_dag to 2021-01-01T00:00:00+00:00, run_after=2021-01-01T00:00:00+00:00
[2022-09-20T17:46:33.655+0530] {processor.py:161} INFO - Processing /home/sayone/This PC/SayOne Technologies/Works/airflow_new/Airflow/venv/lib/python3.8/site-packages/airflow/example_dags/example_trigger_controller_dag.py took 0.043 seconds
[2022-09-20T17:47:07.418+0530] {processor.py:153} INFO - Started process (PID=35309) to work on /home/sayone/This PC/SayOne Technologies/Works/airflow_new/Airflow/venv/lib/python3.8/site-packages/airflow/example_dags/example_trigger_controller_dag.py
[2022-09-20T17:47:07.421+0530] {processor.py:640} INFO - Processing file /home/sayone/This PC/SayOne Technologies/Works/airflow_new/Airflow/venv/lib/python3.8/site-packages/airflow/example_dags/example_trigger_controller_dag.py for tasks to queue
[2022-09-20T17:47:07.422+0530] {logging_mixin.py:115} INFO - [2022-09-20T17:47:07.422+0530] {dagbag.py:508} INFO - Filling up the DagBag from /home/sayone/This PC/SayOne Technologies/Works/airflow_new/Airflow/venv/lib/python3.8/site-packages/airflow/example_dags/example_trigger_controller_dag.py
[2022-09-20T17:47:07.427+0530] {processor.py:650} INFO - DAG(s) dict_keys(['example_trigger_controller_dag']) retrieved from /home/sayone/This PC/SayOne Technologies/Works/airflow_new/Airflow/venv/lib/python3.8/site-packages/airflow/example_dags/example_trigger_controller_dag.py
[2022-09-20T17:47:07.439+0530] {logging_mixin.py:115} INFO - [2022-09-20T17:47:07.439+0530] {dag.py:2429} INFO - Sync 1 DAGs
[2022-09-20T17:47:07.449+0530] {logging_mixin.py:115} INFO - [2022-09-20T17:47:07.448+0530] {dag.py:2977} INFO - Setting next_dagrun for example_trigger_controller_dag to 2021-01-01T00:00:00+00:00, run_after=2021-01-01T00:00:00+00:00
[2022-09-20T17:47:07.456+0530] {processor.py:161} INFO - Processing /home/sayone/This PC/SayOne Technologies/Works/airflow_new/Airflow/venv/lib/python3.8/site-packages/airflow/example_dags/example_trigger_controller_dag.py took 0.042 seconds
[2022-09-20T17:47:45.703+0530] {processor.py:153} INFO - Started process (PID=35411) to work on /home/sayone/This PC/SayOne Technologies/Works/airflow_new/Airflow/venv/lib/python3.8/site-packages/airflow/example_dags/example_trigger_controller_dag.py
[2022-09-20T17:47:45.704+0530] {processor.py:640} INFO - Processing file /home/sayone/This PC/SayOne Technologies/Works/airflow_new/Airflow/venv/lib/python3.8/site-packages/airflow/example_dags/example_trigger_controller_dag.py for tasks to queue
[2022-09-20T17:47:45.704+0530] {logging_mixin.py:115} INFO - [2022-09-20T17:47:45.704+0530] {dagbag.py:508} INFO - Filling up the DagBag from /home/sayone/This PC/SayOne Technologies/Works/airflow_new/Airflow/venv/lib/python3.8/site-packages/airflow/example_dags/example_trigger_controller_dag.py
[2022-09-20T17:47:45.705+0530] {processor.py:650} INFO - DAG(s) dict_keys(['example_trigger_controller_dag']) retrieved from /home/sayone/This PC/SayOne Technologies/Works/airflow_new/Airflow/venv/lib/python3.8/site-packages/airflow/example_dags/example_trigger_controller_dag.py
[2022-09-20T17:47:45.717+0530] {logging_mixin.py:115} INFO - [2022-09-20T17:47:45.717+0530] {dag.py:2429} INFO - Sync 1 DAGs
[2022-09-20T17:47:45.726+0530] {logging_mixin.py:115} INFO - [2022-09-20T17:47:45.726+0530] {dag.py:2977} INFO - Setting next_dagrun for example_trigger_controller_dag to 2021-01-01T00:00:00+00:00, run_after=2021-01-01T00:00:00+00:00
[2022-09-20T17:47:45.737+0530] {processor.py:161} INFO - Processing /home/sayone/This PC/SayOne Technologies/Works/airflow_new/Airflow/venv/lib/python3.8/site-packages/airflow/example_dags/example_trigger_controller_dag.py took 0.036 seconds
[2022-09-20T17:48:21.590+0530] {processor.py:153} INFO - Started process (PID=35510) to work on /home/sayone/This PC/SayOne Technologies/Works/airflow_new/Airflow/venv/lib/python3.8/site-packages/airflow/example_dags/example_trigger_controller_dag.py
[2022-09-20T17:48:21.593+0530] {processor.py:640} INFO - Processing file /home/sayone/This PC/SayOne Technologies/Works/airflow_new/Airflow/venv/lib/python3.8/site-packages/airflow/example_dags/example_trigger_controller_dag.py for tasks to queue
[2022-09-20T17:48:21.594+0530] {logging_mixin.py:115} INFO - [2022-09-20T17:48:21.594+0530] {dagbag.py:508} INFO - Filling up the DagBag from /home/sayone/This PC/SayOne Technologies/Works/airflow_new/Airflow/venv/lib/python3.8/site-packages/airflow/example_dags/example_trigger_controller_dag.py
[2022-09-20T17:48:21.599+0530] {processor.py:650} INFO - DAG(s) dict_keys(['example_trigger_controller_dag']) retrieved from /home/sayone/This PC/SayOne Technologies/Works/airflow_new/Airflow/venv/lib/python3.8/site-packages/airflow/example_dags/example_trigger_controller_dag.py
[2022-09-20T17:48:21.611+0530] {logging_mixin.py:115} INFO - [2022-09-20T17:48:21.611+0530] {dag.py:2429} INFO - Sync 1 DAGs
[2022-09-20T17:48:21.620+0530] {logging_mixin.py:115} INFO - [2022-09-20T17:48:21.620+0530] {dag.py:2977} INFO - Setting next_dagrun for example_trigger_controller_dag to 2021-01-01T00:00:00+00:00, run_after=2021-01-01T00:00:00+00:00
[2022-09-20T17:48:21.629+0530] {processor.py:161} INFO - Processing /home/sayone/This PC/SayOne Technologies/Works/airflow_new/Airflow/venv/lib/python3.8/site-packages/airflow/example_dags/example_trigger_controller_dag.py took 0.044 seconds
[2022-09-20T17:48:59.414+0530] {processor.py:153} INFO - Started process (PID=35635) to work on /home/sayone/This PC/SayOne Technologies/Works/airflow_new/Airflow/venv/lib/python3.8/site-packages/airflow/example_dags/example_trigger_controller_dag.py
[2022-09-20T17:48:59.417+0530] {processor.py:640} INFO - Processing file /home/sayone/This PC/SayOne Technologies/Works/airflow_new/Airflow/venv/lib/python3.8/site-packages/airflow/example_dags/example_trigger_controller_dag.py for tasks to queue
[2022-09-20T17:48:59.418+0530] {logging_mixin.py:115} INFO - [2022-09-20T17:48:59.417+0530] {dagbag.py:508} INFO - Filling up the DagBag from /home/sayone/This PC/SayOne Technologies/Works/airflow_new/Airflow/venv/lib/python3.8/site-packages/airflow/example_dags/example_trigger_controller_dag.py
[2022-09-20T17:48:59.422+0530] {processor.py:650} INFO - DAG(s) dict_keys(['example_trigger_controller_dag']) retrieved from /home/sayone/This PC/SayOne Technologies/Works/airflow_new/Airflow/venv/lib/python3.8/site-packages/airflow/example_dags/example_trigger_controller_dag.py
[2022-09-20T17:48:59.434+0530] {logging_mixin.py:115} INFO - [2022-09-20T17:48:59.434+0530] {dag.py:2429} INFO - Sync 1 DAGs
[2022-09-20T17:48:59.444+0530] {logging_mixin.py:115} INFO - [2022-09-20T17:48:59.444+0530] {dag.py:2977} INFO - Setting next_dagrun for example_trigger_controller_dag to 2021-01-01T00:00:00+00:00, run_after=2021-01-01T00:00:00+00:00
[2022-09-20T17:48:59.453+0530] {processor.py:161} INFO - Processing /home/sayone/This PC/SayOne Technologies/Works/airflow_new/Airflow/venv/lib/python3.8/site-packages/airflow/example_dags/example_trigger_controller_dag.py took 0.041 seconds
[2022-09-20T17:49:35.678+0530] {processor.py:153} INFO - Started process (PID=35712) to work on /home/sayone/This PC/SayOne Technologies/Works/airflow_new/Airflow/venv/lib/python3.8/site-packages/airflow/example_dags/example_trigger_controller_dag.py
[2022-09-20T17:49:35.681+0530] {processor.py:640} INFO - Processing file /home/sayone/This PC/SayOne Technologies/Works/airflow_new/Airflow/venv/lib/python3.8/site-packages/airflow/example_dags/example_trigger_controller_dag.py for tasks to queue
[2022-09-20T17:49:35.682+0530] {logging_mixin.py:115} INFO - [2022-09-20T17:49:35.681+0530] {dagbag.py:508} INFO - Filling up the DagBag from /home/sayone/This PC/SayOne Technologies/Works/airflow_new/Airflow/venv/lib/python3.8/site-packages/airflow/example_dags/example_trigger_controller_dag.py
[2022-09-20T17:49:35.687+0530] {processor.py:650} INFO - DAG(s) dict_keys(['example_trigger_controller_dag']) retrieved from /home/sayone/This PC/SayOne Technologies/Works/airflow_new/Airflow/venv/lib/python3.8/site-packages/airflow/example_dags/example_trigger_controller_dag.py
[2022-09-20T17:49:35.698+0530] {logging_mixin.py:115} INFO - [2022-09-20T17:49:35.698+0530] {dag.py:2429} INFO - Sync 1 DAGs
[2022-09-20T17:49:35.708+0530] {logging_mixin.py:115} INFO - [2022-09-20T17:49:35.708+0530] {dag.py:2977} INFO - Setting next_dagrun for example_trigger_controller_dag to 2021-01-01T00:00:00+00:00, run_after=2021-01-01T00:00:00+00:00
[2022-09-20T17:49:35.717+0530] {processor.py:161} INFO - Processing /home/sayone/This PC/SayOne Technologies/Works/airflow_new/Airflow/venv/lib/python3.8/site-packages/airflow/example_dags/example_trigger_controller_dag.py took 0.043 seconds
[2022-09-20T17:50:12.950+0530] {processor.py:153} INFO - Started process (PID=35816) to work on /home/sayone/This PC/SayOne Technologies/Works/airflow_new/Airflow/venv/lib/python3.8/site-packages/airflow/example_dags/example_trigger_controller_dag.py
[2022-09-20T17:50:12.953+0530] {processor.py:640} INFO - Processing file /home/sayone/This PC/SayOne Technologies/Works/airflow_new/Airflow/venv/lib/python3.8/site-packages/airflow/example_dags/example_trigger_controller_dag.py for tasks to queue
[2022-09-20T17:50:12.954+0530] {logging_mixin.py:115} INFO - [2022-09-20T17:50:12.954+0530] {dagbag.py:508} INFO - Filling up the DagBag from /home/sayone/This PC/SayOne Technologies/Works/airflow_new/Airflow/venv/lib/python3.8/site-packages/airflow/example_dags/example_trigger_controller_dag.py
[2022-09-20T17:50:12.959+0530] {processor.py:650} INFO - DAG(s) dict_keys(['example_trigger_controller_dag']) retrieved from /home/sayone/This PC/SayOne Technologies/Works/airflow_new/Airflow/venv/lib/python3.8/site-packages/airflow/example_dags/example_trigger_controller_dag.py
[2022-09-20T17:50:12.971+0530] {logging_mixin.py:115} INFO - [2022-09-20T17:50:12.971+0530] {dag.py:2429} INFO - Sync 1 DAGs
[2022-09-20T17:50:12.980+0530] {logging_mixin.py:115} INFO - [2022-09-20T17:50:12.980+0530] {dag.py:2977} INFO - Setting next_dagrun for example_trigger_controller_dag to 2021-01-01T00:00:00+00:00, run_after=2021-01-01T00:00:00+00:00
[2022-09-20T17:50:12.989+0530] {processor.py:161} INFO - Processing /home/sayone/This PC/SayOne Technologies/Works/airflow_new/Airflow/venv/lib/python3.8/site-packages/airflow/example_dags/example_trigger_controller_dag.py took 0.040 seconds
[2022-09-20T17:50:49.512+0530] {processor.py:153} INFO - Started process (PID=35884) to work on /home/sayone/This PC/SayOne Technologies/Works/airflow_new/Airflow/venv/lib/python3.8/site-packages/airflow/example_dags/example_trigger_controller_dag.py
[2022-09-20T17:50:49.515+0530] {processor.py:640} INFO - Processing file /home/sayone/This PC/SayOne Technologies/Works/airflow_new/Airflow/venv/lib/python3.8/site-packages/airflow/example_dags/example_trigger_controller_dag.py for tasks to queue
[2022-09-20T17:50:49.516+0530] {logging_mixin.py:115} INFO - [2022-09-20T17:50:49.516+0530] {dagbag.py:508} INFO - Filling up the DagBag from /home/sayone/This PC/SayOne Technologies/Works/airflow_new/Airflow/venv/lib/python3.8/site-packages/airflow/example_dags/example_trigger_controller_dag.py
[2022-09-20T17:50:49.520+0530] {processor.py:650} INFO - DAG(s) dict_keys(['example_trigger_controller_dag']) retrieved from /home/sayone/This PC/SayOne Technologies/Works/airflow_new/Airflow/venv/lib/python3.8/site-packages/airflow/example_dags/example_trigger_controller_dag.py
[2022-09-20T17:50:49.529+0530] {logging_mixin.py:115} INFO - [2022-09-20T17:50:49.529+0530] {dag.py:2429} INFO - Sync 1 DAGs
[2022-09-20T17:50:49.538+0530] {logging_mixin.py:115} INFO - [2022-09-20T17:50:49.538+0530] {dag.py:2977} INFO - Setting next_dagrun for example_trigger_controller_dag to 2021-01-01T00:00:00+00:00, run_after=2021-01-01T00:00:00+00:00
[2022-09-20T17:50:49.547+0530] {processor.py:161} INFO - Processing /home/sayone/This PC/SayOne Technologies/Works/airflow_new/Airflow/venv/lib/python3.8/site-packages/airflow/example_dags/example_trigger_controller_dag.py took 0.037 seconds
[2022-09-20T17:51:25.341+0530] {processor.py:153} INFO - Started process (PID=35993) to work on /home/sayone/This PC/SayOne Technologies/Works/airflow_new/Airflow/venv/lib/python3.8/site-packages/airflow/example_dags/example_trigger_controller_dag.py
[2022-09-20T17:51:25.341+0530] {processor.py:640} INFO - Processing file /home/sayone/This PC/SayOne Technologies/Works/airflow_new/Airflow/venv/lib/python3.8/site-packages/airflow/example_dags/example_trigger_controller_dag.py for tasks to queue
[2022-09-20T17:51:25.342+0530] {logging_mixin.py:115} INFO - [2022-09-20T17:51:25.342+0530] {dagbag.py:508} INFO - Filling up the DagBag from /home/sayone/This PC/SayOne Technologies/Works/airflow_new/Airflow/venv/lib/python3.8/site-packages/airflow/example_dags/example_trigger_controller_dag.py
[2022-09-20T17:51:25.344+0530] {processor.py:650} INFO - DAG(s) dict_keys(['example_trigger_controller_dag']) retrieved from /home/sayone/This PC/SayOne Technologies/Works/airflow_new/Airflow/venv/lib/python3.8/site-packages/airflow/example_dags/example_trigger_controller_dag.py
[2022-09-20T17:51:25.354+0530] {logging_mixin.py:115} INFO - [2022-09-20T17:51:25.354+0530] {dag.py:2429} INFO - Sync 1 DAGs
[2022-09-20T17:51:25.366+0530] {logging_mixin.py:115} INFO - [2022-09-20T17:51:25.366+0530] {dag.py:2977} INFO - Setting next_dagrun for example_trigger_controller_dag to 2021-01-01T00:00:00+00:00, run_after=2021-01-01T00:00:00+00:00
[2022-09-20T17:51:25.374+0530] {processor.py:161} INFO - Processing /home/sayone/This PC/SayOne Technologies/Works/airflow_new/Airflow/venv/lib/python3.8/site-packages/airflow/example_dags/example_trigger_controller_dag.py took 0.035 seconds
[2022-09-20T17:52:04.297+0530] {processor.py:153} INFO - Started process (PID=36096) to work on /home/sayone/This PC/SayOne Technologies/Works/airflow_new/Airflow/venv/lib/python3.8/site-packages/airflow/example_dags/example_trigger_controller_dag.py
[2022-09-20T17:52:04.300+0530] {processor.py:640} INFO - Processing file /home/sayone/This PC/SayOne Technologies/Works/airflow_new/Airflow/venv/lib/python3.8/site-packages/airflow/example_dags/example_trigger_controller_dag.py for tasks to queue
[2022-09-20T17:52:04.301+0530] {logging_mixin.py:115} INFO - [2022-09-20T17:52:04.300+0530] {dagbag.py:508} INFO - Filling up the DagBag from /home/sayone/This PC/SayOne Technologies/Works/airflow_new/Airflow/venv/lib/python3.8/site-packages/airflow/example_dags/example_trigger_controller_dag.py
[2022-09-20T17:52:04.305+0530] {processor.py:650} INFO - DAG(s) dict_keys(['example_trigger_controller_dag']) retrieved from /home/sayone/This PC/SayOne Technologies/Works/airflow_new/Airflow/venv/lib/python3.8/site-packages/airflow/example_dags/example_trigger_controller_dag.py
[2022-09-20T17:52:04.319+0530] {logging_mixin.py:115} INFO - [2022-09-20T17:52:04.318+0530] {dag.py:2429} INFO - Sync 1 DAGs
[2022-09-20T17:52:04.329+0530] {logging_mixin.py:115} INFO - [2022-09-20T17:52:04.328+0530] {dag.py:2977} INFO - Setting next_dagrun for example_trigger_controller_dag to 2021-01-01T00:00:00+00:00, run_after=2021-01-01T00:00:00+00:00
[2022-09-20T17:52:04.337+0530] {processor.py:161} INFO - Processing /home/sayone/This PC/SayOne Technologies/Works/airflow_new/Airflow/venv/lib/python3.8/site-packages/airflow/example_dags/example_trigger_controller_dag.py took 0.042 seconds
