[2022-09-20T17:16:39.710+0530] {processor.py:153} INFO - Started process (PID=28594) to work on /home/sayone/This PC/SayOne Technologies/Works/airflow_new/Airflow/venv/lib/python3.8/site-packages/airflow/example_dags/example_task_group.py
[2022-09-20T17:16:39.710+0530] {processor.py:640} INFO - Processing file /home/sayone/This PC/SayOne Technologies/Works/airflow_new/Airflow/venv/lib/python3.8/site-packages/airflow/example_dags/example_task_group.py for tasks to queue
[2022-09-20T17:16:39.711+0530] {logging_mixin.py:115} INFO - [2022-09-20T17:16:39.710+0530] {dagbag.py:508} INFO - Filling up the DagBag from /home/sayone/This PC/SayOne Technologies/Works/airflow_new/Airflow/venv/lib/python3.8/site-packages/airflow/example_dags/example_task_group.py
[2022-09-20T17:16:39.718+0530] {processor.py:650} INFO - DAG(s) dict_keys(['example_task_group']) retrieved from /home/sayone/This PC/SayOne Technologies/Works/airflow_new/Airflow/venv/lib/python3.8/site-packages/airflow/example_dags/example_task_group.py
[2022-09-20T17:16:39.797+0530] {logging_mixin.py:115} INFO - [2022-09-20T17:16:39.796+0530] {manager.py:508} INFO - Created Permission View: can edit on DAG:example_task_group
[2022-09-20T17:16:39.827+0530] {logging_mixin.py:115} INFO - [2022-09-20T17:16:39.825+0530] {manager.py:508} INFO - Created Permission View: can read on DAG:example_task_group
[2022-09-20T17:16:39.841+0530] {logging_mixin.py:115} INFO - [2022-09-20T17:16:39.840+0530] {manager.py:508} INFO - Created Permission View: can delete on DAG:example_task_group
[2022-09-20T17:16:39.842+0530] {logging_mixin.py:115} INFO - [2022-09-20T17:16:39.841+0530] {dag.py:2429} INFO - Sync 1 DAGs
[2022-09-20T17:16:39.852+0530] {logging_mixin.py:115} INFO - [2022-09-20T17:16:39.852+0530] {dag.py:2448} INFO - Creating ORM DAG for example_task_group
[2022-09-20T17:16:39.864+0530] {logging_mixin.py:115} INFO - [2022-09-20T17:16:39.863+0530] {dag.py:2977} INFO - Setting next_dagrun for example_task_group to 2022-09-19T11:46:39.863653+00:00, run_after=2022-09-20T11:46:39.863653+00:00
[2022-09-20T17:16:39.899+0530] {processor.py:161} INFO - Processing /home/sayone/This PC/SayOne Technologies/Works/airflow_new/Airflow/venv/lib/python3.8/site-packages/airflow/example_dags/example_task_group.py took 0.192 seconds
[2022-09-20T17:17:17.726+0530] {processor.py:153} INFO - Started process (PID=28884) to work on /home/sayone/This PC/SayOne Technologies/Works/airflow_new/Airflow/venv/lib/python3.8/site-packages/airflow/example_dags/example_task_group.py
[2022-09-20T17:17:17.728+0530] {processor.py:640} INFO - Processing file /home/sayone/This PC/SayOne Technologies/Works/airflow_new/Airflow/venv/lib/python3.8/site-packages/airflow/example_dags/example_task_group.py for tasks to queue
[2022-09-20T17:17:17.729+0530] {logging_mixin.py:115} INFO - [2022-09-20T17:17:17.729+0530] {dagbag.py:508} INFO - Filling up the DagBag from /home/sayone/This PC/SayOne Technologies/Works/airflow_new/Airflow/venv/lib/python3.8/site-packages/airflow/example_dags/example_task_group.py
[2022-09-20T17:17:17.741+0530] {processor.py:650} INFO - DAG(s) dict_keys(['example_task_group']) retrieved from /home/sayone/This PC/SayOne Technologies/Works/airflow_new/Airflow/venv/lib/python3.8/site-packages/airflow/example_dags/example_task_group.py
[2022-09-20T17:17:17.771+0530] {logging_mixin.py:115} INFO - [2022-09-20T17:17:17.770+0530] {dag.py:2429} INFO - Sync 1 DAGs
[2022-09-20T17:17:17.795+0530] {logging_mixin.py:115} INFO - [2022-09-20T17:17:17.795+0530] {dag.py:2977} INFO - Setting next_dagrun for example_task_group to 2022-09-19T11:47:17.794754+00:00, run_after=2022-09-20T11:47:17.794754+00:00
[2022-09-20T17:17:17.816+0530] {processor.py:161} INFO - Processing /home/sayone/This PC/SayOne Technologies/Works/airflow_new/Airflow/venv/lib/python3.8/site-packages/airflow/example_dags/example_task_group.py took 0.094 seconds
[2022-09-20T17:17:52.155+0530] {processor.py:153} INFO - Started process (PID=29012) to work on /home/sayone/This PC/SayOne Technologies/Works/airflow_new/Airflow/venv/lib/python3.8/site-packages/airflow/example_dags/example_task_group.py
[2022-09-20T17:17:52.156+0530] {processor.py:640} INFO - Processing file /home/sayone/This PC/SayOne Technologies/Works/airflow_new/Airflow/venv/lib/python3.8/site-packages/airflow/example_dags/example_task_group.py for tasks to queue
[2022-09-20T17:17:52.157+0530] {logging_mixin.py:115} INFO - [2022-09-20T17:17:52.157+0530] {dagbag.py:508} INFO - Filling up the DagBag from /home/sayone/This PC/SayOne Technologies/Works/airflow_new/Airflow/venv/lib/python3.8/site-packages/airflow/example_dags/example_task_group.py
[2022-09-20T17:17:52.164+0530] {processor.py:650} INFO - DAG(s) dict_keys(['example_task_group']) retrieved from /home/sayone/This PC/SayOne Technologies/Works/airflow_new/Airflow/venv/lib/python3.8/site-packages/airflow/example_dags/example_task_group.py
[2022-09-20T17:17:52.176+0530] {logging_mixin.py:115} INFO - [2022-09-20T17:17:52.176+0530] {dag.py:2429} INFO - Sync 1 DAGs
[2022-09-20T17:17:52.187+0530] {logging_mixin.py:115} INFO - [2022-09-20T17:17:52.187+0530] {dag.py:2977} INFO - Setting next_dagrun for example_task_group to 2022-09-19T11:47:52.187341+00:00, run_after=2022-09-20T11:47:52.187341+00:00
[2022-09-20T17:17:52.207+0530] {processor.py:161} INFO - Processing /home/sayone/This PC/SayOne Technologies/Works/airflow_new/Airflow/venv/lib/python3.8/site-packages/airflow/example_dags/example_task_group.py took 0.056 seconds
[2022-09-20T17:18:28.180+0530] {processor.py:153} INFO - Started process (PID=29159) to work on /home/sayone/This PC/SayOne Technologies/Works/airflow_new/Airflow/venv/lib/python3.8/site-packages/airflow/example_dags/example_task_group.py
[2022-09-20T17:18:28.182+0530] {processor.py:640} INFO - Processing file /home/sayone/This PC/SayOne Technologies/Works/airflow_new/Airflow/venv/lib/python3.8/site-packages/airflow/example_dags/example_task_group.py for tasks to queue
[2022-09-20T17:18:28.183+0530] {logging_mixin.py:115} INFO - [2022-09-20T17:18:28.183+0530] {dagbag.py:508} INFO - Filling up the DagBag from /home/sayone/This PC/SayOne Technologies/Works/airflow_new/Airflow/venv/lib/python3.8/site-packages/airflow/example_dags/example_task_group.py
[2022-09-20T17:18:28.187+0530] {processor.py:650} INFO - DAG(s) dict_keys(['example_task_group']) retrieved from /home/sayone/This PC/SayOne Technologies/Works/airflow_new/Airflow/venv/lib/python3.8/site-packages/airflow/example_dags/example_task_group.py
[2022-09-20T17:18:28.199+0530] {logging_mixin.py:115} INFO - [2022-09-20T17:18:28.199+0530] {dag.py:2429} INFO - Sync 1 DAGs
[2022-09-20T17:18:28.210+0530] {logging_mixin.py:115} INFO - [2022-09-20T17:18:28.210+0530] {dag.py:2977} INFO - Setting next_dagrun for example_task_group to 2022-09-19T11:48:28.209999+00:00, run_after=2022-09-20T11:48:28.209999+00:00
[2022-09-20T17:18:28.220+0530] {processor.py:161} INFO - Processing /home/sayone/This PC/SayOne Technologies/Works/airflow_new/Airflow/venv/lib/python3.8/site-packages/airflow/example_dags/example_task_group.py took 0.042 seconds
[2022-09-20T17:19:03.033+0530] {processor.py:153} INFO - Started process (PID=29294) to work on /home/sayone/This PC/SayOne Technologies/Works/airflow_new/Airflow/venv/lib/python3.8/site-packages/airflow/example_dags/example_task_group.py
[2022-09-20T17:19:03.036+0530] {processor.py:640} INFO - Processing file /home/sayone/This PC/SayOne Technologies/Works/airflow_new/Airflow/venv/lib/python3.8/site-packages/airflow/example_dags/example_task_group.py for tasks to queue
[2022-09-20T17:19:03.037+0530] {logging_mixin.py:115} INFO - [2022-09-20T17:19:03.037+0530] {dagbag.py:508} INFO - Filling up the DagBag from /home/sayone/This PC/SayOne Technologies/Works/airflow_new/Airflow/venv/lib/python3.8/site-packages/airflow/example_dags/example_task_group.py
[2022-09-20T17:19:03.046+0530] {processor.py:650} INFO - DAG(s) dict_keys(['example_task_group']) retrieved from /home/sayone/This PC/SayOne Technologies/Works/airflow_new/Airflow/venv/lib/python3.8/site-packages/airflow/example_dags/example_task_group.py
[2022-09-20T17:19:03.056+0530] {logging_mixin.py:115} INFO - [2022-09-20T17:19:03.056+0530] {dag.py:2429} INFO - Sync 1 DAGs
[2022-09-20T17:19:03.067+0530] {logging_mixin.py:115} INFO - [2022-09-20T17:19:03.066+0530] {dag.py:2977} INFO - Setting next_dagrun for example_task_group to 2022-09-19T11:49:03.066732+00:00, run_after=2022-09-20T11:49:03.066732+00:00
[2022-09-20T17:19:03.077+0530] {processor.py:161} INFO - Processing /home/sayone/This PC/SayOne Technologies/Works/airflow_new/Airflow/venv/lib/python3.8/site-packages/airflow/example_dags/example_task_group.py took 0.049 seconds
[2022-09-20T17:19:37.762+0530] {processor.py:153} INFO - Started process (PID=29508) to work on /home/sayone/This PC/SayOne Technologies/Works/airflow_new/Airflow/venv/lib/python3.8/site-packages/airflow/example_dags/example_task_group.py
[2022-09-20T17:19:37.765+0530] {processor.py:640} INFO - Processing file /home/sayone/This PC/SayOne Technologies/Works/airflow_new/Airflow/venv/lib/python3.8/site-packages/airflow/example_dags/example_task_group.py for tasks to queue
[2022-09-20T17:19:37.766+0530] {logging_mixin.py:115} INFO - [2022-09-20T17:19:37.766+0530] {dagbag.py:508} INFO - Filling up the DagBag from /home/sayone/This PC/SayOne Technologies/Works/airflow_new/Airflow/venv/lib/python3.8/site-packages/airflow/example_dags/example_task_group.py
[2022-09-20T17:19:37.774+0530] {processor.py:650} INFO - DAG(s) dict_keys(['example_task_group']) retrieved from /home/sayone/This PC/SayOne Technologies/Works/airflow_new/Airflow/venv/lib/python3.8/site-packages/airflow/example_dags/example_task_group.py
[2022-09-20T17:19:37.784+0530] {logging_mixin.py:115} INFO - [2022-09-20T17:19:37.784+0530] {dag.py:2429} INFO - Sync 1 DAGs
[2022-09-20T17:19:37.795+0530] {logging_mixin.py:115} INFO - [2022-09-20T17:19:37.795+0530] {dag.py:2977} INFO - Setting next_dagrun for example_task_group to 2022-09-19T11:49:37.795014+00:00, run_after=2022-09-20T11:49:37.795014+00:00
[2022-09-20T17:19:37.804+0530] {processor.py:161} INFO - Processing /home/sayone/This PC/SayOne Technologies/Works/airflow_new/Airflow/venv/lib/python3.8/site-packages/airflow/example_dags/example_task_group.py took 0.045 seconds
[2022-09-20T17:20:01.179+0530] {processor.py:153} INFO - Started process (PID=29647) to work on /home/sayone/This PC/SayOne Technologies/Works/airflow_new/Airflow/venv/lib/python3.8/site-packages/airflow/example_dags/example_task_group.py
[2022-09-20T17:20:01.181+0530] {processor.py:640} INFO - Processing file /home/sayone/This PC/SayOne Technologies/Works/airflow_new/Airflow/venv/lib/python3.8/site-packages/airflow/example_dags/example_task_group.py for tasks to queue
[2022-09-20T17:20:01.183+0530] {logging_mixin.py:115} INFO - [2022-09-20T17:20:01.182+0530] {dagbag.py:508} INFO - Filling up the DagBag from /home/sayone/This PC/SayOne Technologies/Works/airflow_new/Airflow/venv/lib/python3.8/site-packages/airflow/example_dags/example_task_group.py
[2022-09-20T17:20:01.193+0530] {processor.py:650} INFO - DAG(s) dict_keys(['example_task_group']) retrieved from /home/sayone/This PC/SayOne Technologies/Works/airflow_new/Airflow/venv/lib/python3.8/site-packages/airflow/example_dags/example_task_group.py
[2022-09-20T17:20:01.212+0530] {logging_mixin.py:115} INFO - [2022-09-20T17:20:01.211+0530] {dag.py:2429} INFO - Sync 1 DAGs
[2022-09-20T17:20:01.227+0530] {logging_mixin.py:115} INFO - [2022-09-20T17:20:01.227+0530] {dag.py:2977} INFO - Setting next_dagrun for example_task_group to 2022-09-19T11:50:01.227279+00:00, run_after=2022-09-20T11:50:01.227279+00:00
[2022-09-20T17:20:01.239+0530] {processor.py:161} INFO - Processing /home/sayone/This PC/SayOne Technologies/Works/airflow_new/Airflow/venv/lib/python3.8/site-packages/airflow/example_dags/example_task_group.py took 0.064 seconds
[2022-09-20T17:20:36.026+0530] {processor.py:153} INFO - Started process (PID=29720) to work on /home/sayone/This PC/SayOne Technologies/Works/airflow_new/Airflow/venv/lib/python3.8/site-packages/airflow/example_dags/example_task_group.py
[2022-09-20T17:20:36.029+0530] {processor.py:640} INFO - Processing file /home/sayone/This PC/SayOne Technologies/Works/airflow_new/Airflow/venv/lib/python3.8/site-packages/airflow/example_dags/example_task_group.py for tasks to queue
[2022-09-20T17:20:36.030+0530] {logging_mixin.py:115} INFO - [2022-09-20T17:20:36.030+0530] {dagbag.py:508} INFO - Filling up the DagBag from /home/sayone/This PC/SayOne Technologies/Works/airflow_new/Airflow/venv/lib/python3.8/site-packages/airflow/example_dags/example_task_group.py
[2022-09-20T17:20:36.037+0530] {processor.py:650} INFO - DAG(s) dict_keys(['example_task_group']) retrieved from /home/sayone/This PC/SayOne Technologies/Works/airflow_new/Airflow/venv/lib/python3.8/site-packages/airflow/example_dags/example_task_group.py
[2022-09-20T17:20:36.047+0530] {logging_mixin.py:115} INFO - [2022-09-20T17:20:36.047+0530] {dag.py:2429} INFO - Sync 1 DAGs
[2022-09-20T17:20:36.057+0530] {logging_mixin.py:115} INFO - [2022-09-20T17:20:36.057+0530] {dag.py:2977} INFO - Setting next_dagrun for example_task_group to 2022-09-19T11:50:36.057485+00:00, run_after=2022-09-20T11:50:36.057485+00:00
[2022-09-20T17:20:36.067+0530] {processor.py:161} INFO - Processing /home/sayone/This PC/SayOne Technologies/Works/airflow_new/Airflow/venv/lib/python3.8/site-packages/airflow/example_dags/example_task_group.py took 0.046 seconds
[2022-09-20T17:21:10.999+0530] {processor.py:153} INFO - Started process (PID=29824) to work on /home/sayone/This PC/SayOne Technologies/Works/airflow_new/Airflow/venv/lib/python3.8/site-packages/airflow/example_dags/example_task_group.py
[2022-09-20T17:21:11.002+0530] {processor.py:640} INFO - Processing file /home/sayone/This PC/SayOne Technologies/Works/airflow_new/Airflow/venv/lib/python3.8/site-packages/airflow/example_dags/example_task_group.py for tasks to queue
[2022-09-20T17:21:11.003+0530] {logging_mixin.py:115} INFO - [2022-09-20T17:21:11.003+0530] {dagbag.py:508} INFO - Filling up the DagBag from /home/sayone/This PC/SayOne Technologies/Works/airflow_new/Airflow/venv/lib/python3.8/site-packages/airflow/example_dags/example_task_group.py
[2022-09-20T17:21:11.010+0530] {processor.py:650} INFO - DAG(s) dict_keys(['example_task_group']) retrieved from /home/sayone/This PC/SayOne Technologies/Works/airflow_new/Airflow/venv/lib/python3.8/site-packages/airflow/example_dags/example_task_group.py
[2022-09-20T17:21:11.028+0530] {logging_mixin.py:115} INFO - [2022-09-20T17:21:11.028+0530] {dag.py:2429} INFO - Sync 1 DAGs
[2022-09-20T17:21:11.049+0530] {logging_mixin.py:115} INFO - [2022-09-20T17:21:11.048+0530] {dag.py:2977} INFO - Setting next_dagrun for example_task_group to 2022-09-19T11:51:11.048475+00:00, run_after=2022-09-20T11:51:11.048475+00:00
[2022-09-20T17:21:11.061+0530] {processor.py:161} INFO - Processing /home/sayone/This PC/SayOne Technologies/Works/airflow_new/Airflow/venv/lib/python3.8/site-packages/airflow/example_dags/example_task_group.py took 0.066 seconds
[2022-09-20T17:21:48.160+0530] {processor.py:153} INFO - Started process (PID=29940) to work on /home/sayone/This PC/SayOne Technologies/Works/airflow_new/Airflow/venv/lib/python3.8/site-packages/airflow/example_dags/example_task_group.py
[2022-09-20T17:21:48.160+0530] {processor.py:640} INFO - Processing file /home/sayone/This PC/SayOne Technologies/Works/airflow_new/Airflow/venv/lib/python3.8/site-packages/airflow/example_dags/example_task_group.py for tasks to queue
[2022-09-20T17:21:48.161+0530] {logging_mixin.py:115} INFO - [2022-09-20T17:21:48.160+0530] {dagbag.py:508} INFO - Filling up the DagBag from /home/sayone/This PC/SayOne Technologies/Works/airflow_new/Airflow/venv/lib/python3.8/site-packages/airflow/example_dags/example_task_group.py
[2022-09-20T17:21:48.165+0530] {processor.py:650} INFO - DAG(s) dict_keys(['example_task_group']) retrieved from /home/sayone/This PC/SayOne Technologies/Works/airflow_new/Airflow/venv/lib/python3.8/site-packages/airflow/example_dags/example_task_group.py
[2022-09-20T17:21:48.175+0530] {logging_mixin.py:115} INFO - [2022-09-20T17:21:48.174+0530] {dag.py:2429} INFO - Sync 1 DAGs
[2022-09-20T17:21:48.185+0530] {logging_mixin.py:115} INFO - [2022-09-20T17:21:48.185+0530] {dag.py:2977} INFO - Setting next_dagrun for example_task_group to 2022-09-19T11:51:48.185054+00:00, run_after=2022-09-20T11:51:48.185054+00:00
[2022-09-20T17:21:48.194+0530] {processor.py:161} INFO - Processing /home/sayone/This PC/SayOne Technologies/Works/airflow_new/Airflow/venv/lib/python3.8/site-packages/airflow/example_dags/example_task_group.py took 0.037 seconds
[2022-09-20T17:22:22.500+0530] {processor.py:153} INFO - Started process (PID=30229) to work on /home/sayone/This PC/SayOne Technologies/Works/airflow_new/Airflow/venv/lib/python3.8/site-packages/airflow/example_dags/example_task_group.py
[2022-09-20T17:22:22.503+0530] {processor.py:640} INFO - Processing file /home/sayone/This PC/SayOne Technologies/Works/airflow_new/Airflow/venv/lib/python3.8/site-packages/airflow/example_dags/example_task_group.py for tasks to queue
[2022-09-20T17:22:22.503+0530] {logging_mixin.py:115} INFO - [2022-09-20T17:22:22.503+0530] {dagbag.py:508} INFO - Filling up the DagBag from /home/sayone/This PC/SayOne Technologies/Works/airflow_new/Airflow/venv/lib/python3.8/site-packages/airflow/example_dags/example_task_group.py
[2022-09-20T17:22:22.507+0530] {processor.py:650} INFO - DAG(s) dict_keys(['example_task_group']) retrieved from /home/sayone/This PC/SayOne Technologies/Works/airflow_new/Airflow/venv/lib/python3.8/site-packages/airflow/example_dags/example_task_group.py
[2022-09-20T17:22:22.519+0530] {logging_mixin.py:115} INFO - [2022-09-20T17:22:22.519+0530] {dag.py:2429} INFO - Sync 1 DAGs
[2022-09-20T17:22:22.532+0530] {logging_mixin.py:115} INFO - [2022-09-20T17:22:22.532+0530] {dag.py:2977} INFO - Setting next_dagrun for example_task_group to 2022-09-19T11:52:22.532245+00:00, run_after=2022-09-20T11:52:22.532245+00:00
[2022-09-20T17:22:22.541+0530] {processor.py:161} INFO - Processing /home/sayone/This PC/SayOne Technologies/Works/airflow_new/Airflow/venv/lib/python3.8/site-packages/airflow/example_dags/example_task_group.py took 0.042 seconds
[2022-09-20T17:22:58.297+0530] {processor.py:153} INFO - Started process (PID=30363) to work on /home/sayone/This PC/SayOne Technologies/Works/airflow_new/Airflow/venv/lib/python3.8/site-packages/airflow/example_dags/example_task_group.py
[2022-09-20T17:22:58.300+0530] {processor.py:640} INFO - Processing file /home/sayone/This PC/SayOne Technologies/Works/airflow_new/Airflow/venv/lib/python3.8/site-packages/airflow/example_dags/example_task_group.py for tasks to queue
[2022-09-20T17:22:58.300+0530] {logging_mixin.py:115} INFO - [2022-09-20T17:22:58.300+0530] {dagbag.py:508} INFO - Filling up the DagBag from /home/sayone/This PC/SayOne Technologies/Works/airflow_new/Airflow/venv/lib/python3.8/site-packages/airflow/example_dags/example_task_group.py
[2022-09-20T17:22:58.306+0530] {processor.py:650} INFO - DAG(s) dict_keys(['example_task_group']) retrieved from /home/sayone/This PC/SayOne Technologies/Works/airflow_new/Airflow/venv/lib/python3.8/site-packages/airflow/example_dags/example_task_group.py
[2022-09-20T17:22:58.322+0530] {logging_mixin.py:115} INFO - [2022-09-20T17:22:58.322+0530] {dag.py:2429} INFO - Sync 1 DAGs
[2022-09-20T17:22:58.336+0530] {logging_mixin.py:115} INFO - [2022-09-20T17:22:58.335+0530] {dag.py:2977} INFO - Setting next_dagrun for example_task_group to 2022-09-19T11:52:58.335807+00:00, run_after=2022-09-20T11:52:58.335807+00:00
[2022-09-20T17:22:58.346+0530] {processor.py:161} INFO - Processing /home/sayone/This PC/SayOne Technologies/Works/airflow_new/Airflow/venv/lib/python3.8/site-packages/airflow/example_dags/example_task_group.py took 0.051 seconds
[2022-09-20T17:23:25.453+0530] {processor.py:153} INFO - Started process (PID=30430) to work on /home/sayone/This PC/SayOne Technologies/Works/airflow_new/Airflow/venv/lib/python3.8/site-packages/airflow/example_dags/example_task_group.py
[2022-09-20T17:23:25.453+0530] {processor.py:640} INFO - Processing file /home/sayone/This PC/SayOne Technologies/Works/airflow_new/Airflow/venv/lib/python3.8/site-packages/airflow/example_dags/example_task_group.py for tasks to queue
[2022-09-20T17:23:25.454+0530] {logging_mixin.py:115} INFO - [2022-09-20T17:23:25.454+0530] {dagbag.py:508} INFO - Filling up the DagBag from /home/sayone/This PC/SayOne Technologies/Works/airflow_new/Airflow/venv/lib/python3.8/site-packages/airflow/example_dags/example_task_group.py
[2022-09-20T17:23:25.461+0530] {processor.py:650} INFO - DAG(s) dict_keys(['example_task_group']) retrieved from /home/sayone/This PC/SayOne Technologies/Works/airflow_new/Airflow/venv/lib/python3.8/site-packages/airflow/example_dags/example_task_group.py
[2022-09-20T17:23:25.471+0530] {logging_mixin.py:115} INFO - [2022-09-20T17:23:25.471+0530] {dag.py:2429} INFO - Sync 1 DAGs
[2022-09-20T17:23:25.481+0530] {logging_mixin.py:115} INFO - [2022-09-20T17:23:25.481+0530] {dag.py:2977} INFO - Setting next_dagrun for example_task_group to 2022-09-19T11:53:25.481348+00:00, run_after=2022-09-20T11:53:25.481348+00:00
[2022-09-20T17:23:25.493+0530] {processor.py:161} INFO - Processing /home/sayone/This PC/SayOne Technologies/Works/airflow_new/Airflow/venv/lib/python3.8/site-packages/airflow/example_dags/example_task_group.py took 0.045 seconds
[2022-09-20T17:24:00.267+0530] {processor.py:153} INFO - Started process (PID=30557) to work on /home/sayone/This PC/SayOne Technologies/Works/airflow_new/Airflow/venv/lib/python3.8/site-packages/airflow/example_dags/example_task_group.py
[2022-09-20T17:24:00.271+0530] {processor.py:640} INFO - Processing file /home/sayone/This PC/SayOne Technologies/Works/airflow_new/Airflow/venv/lib/python3.8/site-packages/airflow/example_dags/example_task_group.py for tasks to queue
[2022-09-20T17:24:00.271+0530] {logging_mixin.py:115} INFO - [2022-09-20T17:24:00.271+0530] {dagbag.py:508} INFO - Filling up the DagBag from /home/sayone/This PC/SayOne Technologies/Works/airflow_new/Airflow/venv/lib/python3.8/site-packages/airflow/example_dags/example_task_group.py
[2022-09-20T17:24:00.279+0530] {processor.py:650} INFO - DAG(s) dict_keys(['example_task_group']) retrieved from /home/sayone/This PC/SayOne Technologies/Works/airflow_new/Airflow/venv/lib/python3.8/site-packages/airflow/example_dags/example_task_group.py
[2022-09-20T17:24:00.289+0530] {logging_mixin.py:115} INFO - [2022-09-20T17:24:00.289+0530] {dag.py:2429} INFO - Sync 1 DAGs
[2022-09-20T17:24:00.300+0530] {logging_mixin.py:115} INFO - [2022-09-20T17:24:00.300+0530] {dag.py:2977} INFO - Setting next_dagrun for example_task_group to 2022-09-19T11:54:00.300033+00:00, run_after=2022-09-20T11:54:00.300033+00:00
[2022-09-20T17:24:00.308+0530] {processor.py:161} INFO - Processing /home/sayone/This PC/SayOne Technologies/Works/airflow_new/Airflow/venv/lib/python3.8/site-packages/airflow/example_dags/example_task_group.py took 0.045 seconds
[2022-09-20T17:24:35.127+0530] {processor.py:153} INFO - Started process (PID=30807) to work on /home/sayone/This PC/SayOne Technologies/Works/airflow_new/Airflow/venv/lib/python3.8/site-packages/airflow/example_dags/example_task_group.py
[2022-09-20T17:24:35.129+0530] {processor.py:640} INFO - Processing file /home/sayone/This PC/SayOne Technologies/Works/airflow_new/Airflow/venv/lib/python3.8/site-packages/airflow/example_dags/example_task_group.py for tasks to queue
[2022-09-20T17:24:35.129+0530] {logging_mixin.py:115} INFO - [2022-09-20T17:24:35.129+0530] {dagbag.py:508} INFO - Filling up the DagBag from /home/sayone/This PC/SayOne Technologies/Works/airflow_new/Airflow/venv/lib/python3.8/site-packages/airflow/example_dags/example_task_group.py
[2022-09-20T17:24:35.134+0530] {processor.py:650} INFO - DAG(s) dict_keys(['example_task_group']) retrieved from /home/sayone/This PC/SayOne Technologies/Works/airflow_new/Airflow/venv/lib/python3.8/site-packages/airflow/example_dags/example_task_group.py
[2022-09-20T17:24:35.146+0530] {logging_mixin.py:115} INFO - [2022-09-20T17:24:35.146+0530] {dag.py:2429} INFO - Sync 1 DAGs
[2022-09-20T17:24:35.158+0530] {logging_mixin.py:115} INFO - [2022-09-20T17:24:35.158+0530] {dag.py:2977} INFO - Setting next_dagrun for example_task_group to 2022-09-19T11:54:35.157915+00:00, run_after=2022-09-20T11:54:35.157915+00:00
[2022-09-20T17:24:35.167+0530] {processor.py:161} INFO - Processing /home/sayone/This PC/SayOne Technologies/Works/airflow_new/Airflow/venv/lib/python3.8/site-packages/airflow/example_dags/example_task_group.py took 0.042 seconds
[2022-09-20T17:25:12.211+0530] {processor.py:153} INFO - Started process (PID=30965) to work on /home/sayone/This PC/SayOne Technologies/Works/airflow_new/Airflow/venv/lib/python3.8/site-packages/airflow/example_dags/example_task_group.py
[2022-09-20T17:25:12.214+0530] {processor.py:640} INFO - Processing file /home/sayone/This PC/SayOne Technologies/Works/airflow_new/Airflow/venv/lib/python3.8/site-packages/airflow/example_dags/example_task_group.py for tasks to queue
[2022-09-20T17:25:12.215+0530] {logging_mixin.py:115} INFO - [2022-09-20T17:25:12.215+0530] {dagbag.py:508} INFO - Filling up the DagBag from /home/sayone/This PC/SayOne Technologies/Works/airflow_new/Airflow/venv/lib/python3.8/site-packages/airflow/example_dags/example_task_group.py
[2022-09-20T17:25:12.221+0530] {processor.py:650} INFO - DAG(s) dict_keys(['example_task_group']) retrieved from /home/sayone/This PC/SayOne Technologies/Works/airflow_new/Airflow/venv/lib/python3.8/site-packages/airflow/example_dags/example_task_group.py
[2022-09-20T17:25:12.232+0530] {logging_mixin.py:115} INFO - [2022-09-20T17:25:12.232+0530] {dag.py:2429} INFO - Sync 1 DAGs
[2022-09-20T17:25:12.242+0530] {logging_mixin.py:115} INFO - [2022-09-20T17:25:12.242+0530] {dag.py:2977} INFO - Setting next_dagrun for example_task_group to 2022-09-19T11:55:12.242453+00:00, run_after=2022-09-20T11:55:12.242453+00:00
[2022-09-20T17:25:12.251+0530] {processor.py:161} INFO - Processing /home/sayone/This PC/SayOne Technologies/Works/airflow_new/Airflow/venv/lib/python3.8/site-packages/airflow/example_dags/example_task_group.py took 0.044 seconds
[2022-09-20T17:25:47.088+0530] {processor.py:153} INFO - Started process (PID=31053) to work on /home/sayone/This PC/SayOne Technologies/Works/airflow_new/Airflow/venv/lib/python3.8/site-packages/airflow/example_dags/example_task_group.py
[2022-09-20T17:25:47.089+0530] {processor.py:640} INFO - Processing file /home/sayone/This PC/SayOne Technologies/Works/airflow_new/Airflow/venv/lib/python3.8/site-packages/airflow/example_dags/example_task_group.py for tasks to queue
[2022-09-20T17:25:47.089+0530] {logging_mixin.py:115} INFO - [2022-09-20T17:25:47.089+0530] {dagbag.py:508} INFO - Filling up the DagBag from /home/sayone/This PC/SayOne Technologies/Works/airflow_new/Airflow/venv/lib/python3.8/site-packages/airflow/example_dags/example_task_group.py
[2022-09-20T17:25:47.097+0530] {processor.py:650} INFO - DAG(s) dict_keys(['example_task_group']) retrieved from /home/sayone/This PC/SayOne Technologies/Works/airflow_new/Airflow/venv/lib/python3.8/site-packages/airflow/example_dags/example_task_group.py
[2022-09-20T17:25:47.108+0530] {logging_mixin.py:115} INFO - [2022-09-20T17:25:47.108+0530] {dag.py:2429} INFO - Sync 1 DAGs
[2022-09-20T17:25:47.117+0530] {logging_mixin.py:115} INFO - [2022-09-20T17:25:47.117+0530] {dag.py:2977} INFO - Setting next_dagrun for example_task_group to 2022-09-19T11:55:47.117208+00:00, run_after=2022-09-20T11:55:47.117208+00:00
[2022-09-20T17:25:47.125+0530] {processor.py:161} INFO - Processing /home/sayone/This PC/SayOne Technologies/Works/airflow_new/Airflow/venv/lib/python3.8/site-packages/airflow/example_dags/example_task_group.py took 0.039 seconds
[2022-09-20T17:26:25.325+0530] {processor.py:153} INFO - Started process (PID=31160) to work on /home/sayone/This PC/SayOne Technologies/Works/airflow_new/Airflow/venv/lib/python3.8/site-packages/airflow/example_dags/example_task_group.py
[2022-09-20T17:26:25.327+0530] {processor.py:640} INFO - Processing file /home/sayone/This PC/SayOne Technologies/Works/airflow_new/Airflow/venv/lib/python3.8/site-packages/airflow/example_dags/example_task_group.py for tasks to queue
[2022-09-20T17:26:25.327+0530] {logging_mixin.py:115} INFO - [2022-09-20T17:26:25.327+0530] {dagbag.py:508} INFO - Filling up the DagBag from /home/sayone/This PC/SayOne Technologies/Works/airflow_new/Airflow/venv/lib/python3.8/site-packages/airflow/example_dags/example_task_group.py
[2022-09-20T17:26:25.335+0530] {processor.py:650} INFO - DAG(s) dict_keys(['example_task_group']) retrieved from /home/sayone/This PC/SayOne Technologies/Works/airflow_new/Airflow/venv/lib/python3.8/site-packages/airflow/example_dags/example_task_group.py
[2022-09-20T17:26:25.345+0530] {logging_mixin.py:115} INFO - [2022-09-20T17:26:25.345+0530] {dag.py:2429} INFO - Sync 1 DAGs
[2022-09-20T17:26:25.355+0530] {logging_mixin.py:115} INFO - [2022-09-20T17:26:25.354+0530] {dag.py:2977} INFO - Setting next_dagrun for example_task_group to 2022-09-19T11:56:25.354813+00:00, run_after=2022-09-20T11:56:25.354813+00:00
[2022-09-20T17:26:25.363+0530] {processor.py:161} INFO - Processing /home/sayone/This PC/SayOne Technologies/Works/airflow_new/Airflow/venv/lib/python3.8/site-packages/airflow/example_dags/example_task_group.py took 0.039 seconds
[2022-09-20T17:26:59.920+0530] {processor.py:153} INFO - Started process (PID=31397) to work on /home/sayone/This PC/SayOne Technologies/Works/airflow_new/Airflow/venv/lib/python3.8/site-packages/airflow/example_dags/example_task_group.py
[2022-09-20T17:26:59.923+0530] {processor.py:640} INFO - Processing file /home/sayone/This PC/SayOne Technologies/Works/airflow_new/Airflow/venv/lib/python3.8/site-packages/airflow/example_dags/example_task_group.py for tasks to queue
[2022-09-20T17:26:59.923+0530] {logging_mixin.py:115} INFO - [2022-09-20T17:26:59.923+0530] {dagbag.py:508} INFO - Filling up the DagBag from /home/sayone/This PC/SayOne Technologies/Works/airflow_new/Airflow/venv/lib/python3.8/site-packages/airflow/example_dags/example_task_group.py
[2022-09-20T17:26:59.927+0530] {processor.py:650} INFO - DAG(s) dict_keys(['example_task_group']) retrieved from /home/sayone/This PC/SayOne Technologies/Works/airflow_new/Airflow/venv/lib/python3.8/site-packages/airflow/example_dags/example_task_group.py
[2022-09-20T17:26:59.937+0530] {logging_mixin.py:115} INFO - [2022-09-20T17:26:59.936+0530] {dag.py:2429} INFO - Sync 1 DAGs
[2022-09-20T17:26:59.946+0530] {logging_mixin.py:115} INFO - [2022-09-20T17:26:59.946+0530] {dag.py:2977} INFO - Setting next_dagrun for example_task_group to 2022-09-19T11:56:59.946110+00:00, run_after=2022-09-20T11:56:59.946110+00:00
[2022-09-20T17:26:59.955+0530] {processor.py:161} INFO - Processing /home/sayone/This PC/SayOne Technologies/Works/airflow_new/Airflow/venv/lib/python3.8/site-packages/airflow/example_dags/example_task_group.py took 0.036 seconds
[2022-09-20T17:27:38.713+0530] {processor.py:153} INFO - Started process (PID=31572) to work on /home/sayone/This PC/SayOne Technologies/Works/airflow_new/Airflow/venv/lib/python3.8/site-packages/airflow/example_dags/example_task_group.py
[2022-09-20T17:27:38.716+0530] {processor.py:640} INFO - Processing file /home/sayone/This PC/SayOne Technologies/Works/airflow_new/Airflow/venv/lib/python3.8/site-packages/airflow/example_dags/example_task_group.py for tasks to queue
[2022-09-20T17:27:38.717+0530] {logging_mixin.py:115} INFO - [2022-09-20T17:27:38.717+0530] {dagbag.py:508} INFO - Filling up the DagBag from /home/sayone/This PC/SayOne Technologies/Works/airflow_new/Airflow/venv/lib/python3.8/site-packages/airflow/example_dags/example_task_group.py
[2022-09-20T17:27:38.727+0530] {processor.py:650} INFO - DAG(s) dict_keys(['example_task_group']) retrieved from /home/sayone/This PC/SayOne Technologies/Works/airflow_new/Airflow/venv/lib/python3.8/site-packages/airflow/example_dags/example_task_group.py
[2022-09-20T17:27:38.738+0530] {logging_mixin.py:115} INFO - [2022-09-20T17:27:38.738+0530] {dag.py:2429} INFO - Sync 1 DAGs
[2022-09-20T17:27:38.747+0530] {logging_mixin.py:115} INFO - [2022-09-20T17:27:38.747+0530] {dag.py:2977} INFO - Setting next_dagrun for example_task_group to 2022-09-19T11:57:38.747009+00:00, run_after=2022-09-20T11:57:38.747009+00:00
[2022-09-20T17:27:38.755+0530] {processor.py:161} INFO - Processing /home/sayone/This PC/SayOne Technologies/Works/airflow_new/Airflow/venv/lib/python3.8/site-packages/airflow/example_dags/example_task_group.py took 0.043 seconds
[2022-09-20T17:28:11.903+0530] {processor.py:153} INFO - Started process (PID=31673) to work on /home/sayone/This PC/SayOne Technologies/Works/airflow_new/Airflow/venv/lib/python3.8/site-packages/airflow/example_dags/example_task_group.py
[2022-09-20T17:28:11.906+0530] {processor.py:640} INFO - Processing file /home/sayone/This PC/SayOne Technologies/Works/airflow_new/Airflow/venv/lib/python3.8/site-packages/airflow/example_dags/example_task_group.py for tasks to queue
[2022-09-20T17:28:11.906+0530] {logging_mixin.py:115} INFO - [2022-09-20T17:28:11.906+0530] {dagbag.py:508} INFO - Filling up the DagBag from /home/sayone/This PC/SayOne Technologies/Works/airflow_new/Airflow/venv/lib/python3.8/site-packages/airflow/example_dags/example_task_group.py
[2022-09-20T17:28:11.911+0530] {processor.py:650} INFO - DAG(s) dict_keys(['example_task_group']) retrieved from /home/sayone/This PC/SayOne Technologies/Works/airflow_new/Airflow/venv/lib/python3.8/site-packages/airflow/example_dags/example_task_group.py
[2022-09-20T17:28:11.921+0530] {logging_mixin.py:115} INFO - [2022-09-20T17:28:11.921+0530] {dag.py:2429} INFO - Sync 1 DAGs
[2022-09-20T17:28:11.930+0530] {logging_mixin.py:115} INFO - [2022-09-20T17:28:11.930+0530] {dag.py:2977} INFO - Setting next_dagrun for example_task_group to 2022-09-19T11:58:11.930434+00:00, run_after=2022-09-20T11:58:11.930434+00:00
[2022-09-20T17:28:11.938+0530] {processor.py:161} INFO - Processing /home/sayone/This PC/SayOne Technologies/Works/airflow_new/Airflow/venv/lib/python3.8/site-packages/airflow/example_dags/example_task_group.py took 0.037 seconds
[2022-09-20T17:28:50.761+0530] {processor.py:153} INFO - Started process (PID=31744) to work on /home/sayone/This PC/SayOne Technologies/Works/airflow_new/Airflow/venv/lib/python3.8/site-packages/airflow/example_dags/example_task_group.py
[2022-09-20T17:28:50.764+0530] {processor.py:640} INFO - Processing file /home/sayone/This PC/SayOne Technologies/Works/airflow_new/Airflow/venv/lib/python3.8/site-packages/airflow/example_dags/example_task_group.py for tasks to queue
[2022-09-20T17:28:50.765+0530] {logging_mixin.py:115} INFO - [2022-09-20T17:28:50.765+0530] {dagbag.py:508} INFO - Filling up the DagBag from /home/sayone/This PC/SayOne Technologies/Works/airflow_new/Airflow/venv/lib/python3.8/site-packages/airflow/example_dags/example_task_group.py
[2022-09-20T17:28:50.774+0530] {processor.py:650} INFO - DAG(s) dict_keys(['example_task_group']) retrieved from /home/sayone/This PC/SayOne Technologies/Works/airflow_new/Airflow/venv/lib/python3.8/site-packages/airflow/example_dags/example_task_group.py
[2022-09-20T17:28:50.785+0530] {logging_mixin.py:115} INFO - [2022-09-20T17:28:50.785+0530] {dag.py:2429} INFO - Sync 1 DAGs
[2022-09-20T17:28:50.795+0530] {logging_mixin.py:115} INFO - [2022-09-20T17:28:50.795+0530] {dag.py:2977} INFO - Setting next_dagrun for example_task_group to 2022-09-19T11:58:50.794944+00:00, run_after=2022-09-20T11:58:50.794944+00:00
[2022-09-20T17:28:50.805+0530] {processor.py:161} INFO - Processing /home/sayone/This PC/SayOne Technologies/Works/airflow_new/Airflow/venv/lib/python3.8/site-packages/airflow/example_dags/example_task_group.py took 0.046 seconds
[2022-09-20T17:29:26.173+0530] {processor.py:153} INFO - Started process (PID=31881) to work on /home/sayone/This PC/SayOne Technologies/Works/airflow_new/Airflow/venv/lib/python3.8/site-packages/airflow/example_dags/example_task_group.py
[2022-09-20T17:29:26.176+0530] {processor.py:640} INFO - Processing file /home/sayone/This PC/SayOne Technologies/Works/airflow_new/Airflow/venv/lib/python3.8/site-packages/airflow/example_dags/example_task_group.py for tasks to queue
[2022-09-20T17:29:26.176+0530] {logging_mixin.py:115} INFO - [2022-09-20T17:29:26.176+0530] {dagbag.py:508} INFO - Filling up the DagBag from /home/sayone/This PC/SayOne Technologies/Works/airflow_new/Airflow/venv/lib/python3.8/site-packages/airflow/example_dags/example_task_group.py
[2022-09-20T17:29:26.181+0530] {processor.py:650} INFO - DAG(s) dict_keys(['example_task_group']) retrieved from /home/sayone/This PC/SayOne Technologies/Works/airflow_new/Airflow/venv/lib/python3.8/site-packages/airflow/example_dags/example_task_group.py
[2022-09-20T17:29:26.190+0530] {logging_mixin.py:115} INFO - [2022-09-20T17:29:26.190+0530] {dag.py:2429} INFO - Sync 1 DAGs
[2022-09-20T17:29:26.201+0530] {logging_mixin.py:115} INFO - [2022-09-20T17:29:26.200+0530] {dag.py:2977} INFO - Setting next_dagrun for example_task_group to 2022-09-19T11:59:26.200740+00:00, run_after=2022-09-20T11:59:26.200740+00:00
[2022-09-20T17:29:26.210+0530] {processor.py:161} INFO - Processing /home/sayone/This PC/SayOne Technologies/Works/airflow_new/Airflow/venv/lib/python3.8/site-packages/airflow/example_dags/example_task_group.py took 0.039 seconds
[2022-09-20T17:30:02.187+0530] {processor.py:153} INFO - Started process (PID=32077) to work on /home/sayone/This PC/SayOne Technologies/Works/airflow_new/Airflow/venv/lib/python3.8/site-packages/airflow/example_dags/example_task_group.py
[2022-09-20T17:30:02.190+0530] {processor.py:640} INFO - Processing file /home/sayone/This PC/SayOne Technologies/Works/airflow_new/Airflow/venv/lib/python3.8/site-packages/airflow/example_dags/example_task_group.py for tasks to queue
[2022-09-20T17:30:02.191+0530] {logging_mixin.py:115} INFO - [2022-09-20T17:30:02.191+0530] {dagbag.py:508} INFO - Filling up the DagBag from /home/sayone/This PC/SayOne Technologies/Works/airflow_new/Airflow/venv/lib/python3.8/site-packages/airflow/example_dags/example_task_group.py
[2022-09-20T17:30:02.200+0530] {processor.py:650} INFO - DAG(s) dict_keys(['example_task_group']) retrieved from /home/sayone/This PC/SayOne Technologies/Works/airflow_new/Airflow/venv/lib/python3.8/site-packages/airflow/example_dags/example_task_group.py
[2022-09-20T17:30:02.211+0530] {logging_mixin.py:115} INFO - [2022-09-20T17:30:02.211+0530] {dag.py:2429} INFO - Sync 1 DAGs
[2022-09-20T17:30:02.220+0530] {logging_mixin.py:115} INFO - [2022-09-20T17:30:02.220+0530] {dag.py:2977} INFO - Setting next_dagrun for example_task_group to 2022-09-19T12:00:02.220631+00:00, run_after=2022-09-20T12:00:02.220631+00:00
[2022-09-20T17:30:02.230+0530] {processor.py:161} INFO - Processing /home/sayone/This PC/SayOne Technologies/Works/airflow_new/Airflow/venv/lib/python3.8/site-packages/airflow/example_dags/example_task_group.py took 0.047 seconds
[2022-09-20T17:30:37.835+0530] {processor.py:153} INFO - Started process (PID=32143) to work on /home/sayone/This PC/SayOne Technologies/Works/airflow_new/Airflow/venv/lib/python3.8/site-packages/airflow/example_dags/example_task_group.py
[2022-09-20T17:30:37.838+0530] {processor.py:640} INFO - Processing file /home/sayone/This PC/SayOne Technologies/Works/airflow_new/Airflow/venv/lib/python3.8/site-packages/airflow/example_dags/example_task_group.py for tasks to queue
[2022-09-20T17:30:37.839+0530] {logging_mixin.py:115} INFO - [2022-09-20T17:30:37.838+0530] {dagbag.py:508} INFO - Filling up the DagBag from /home/sayone/This PC/SayOne Technologies/Works/airflow_new/Airflow/venv/lib/python3.8/site-packages/airflow/example_dags/example_task_group.py
[2022-09-20T17:30:37.845+0530] {processor.py:650} INFO - DAG(s) dict_keys(['example_task_group']) retrieved from /home/sayone/This PC/SayOne Technologies/Works/airflow_new/Airflow/venv/lib/python3.8/site-packages/airflow/example_dags/example_task_group.py
[2022-09-20T17:30:37.854+0530] {logging_mixin.py:115} INFO - [2022-09-20T17:30:37.854+0530] {dag.py:2429} INFO - Sync 1 DAGs
[2022-09-20T17:30:37.863+0530] {logging_mixin.py:115} INFO - [2022-09-20T17:30:37.863+0530] {dag.py:2977} INFO - Setting next_dagrun for example_task_group to 2022-09-19T12:00:37.863385+00:00, run_after=2022-09-20T12:00:37.863385+00:00
[2022-09-20T17:30:37.873+0530] {processor.py:161} INFO - Processing /home/sayone/This PC/SayOne Technologies/Works/airflow_new/Airflow/venv/lib/python3.8/site-packages/airflow/example_dags/example_task_group.py took 0.040 seconds
[2022-09-20T17:31:14.189+0530] {processor.py:153} INFO - Started process (PID=32253) to work on /home/sayone/This PC/SayOne Technologies/Works/airflow_new/Airflow/venv/lib/python3.8/site-packages/airflow/example_dags/example_task_group.py
[2022-09-20T17:31:14.192+0530] {processor.py:640} INFO - Processing file /home/sayone/This PC/SayOne Technologies/Works/airflow_new/Airflow/venv/lib/python3.8/site-packages/airflow/example_dags/example_task_group.py for tasks to queue
[2022-09-20T17:31:14.192+0530] {logging_mixin.py:115} INFO - [2022-09-20T17:31:14.192+0530] {dagbag.py:508} INFO - Filling up the DagBag from /home/sayone/This PC/SayOne Technologies/Works/airflow_new/Airflow/venv/lib/python3.8/site-packages/airflow/example_dags/example_task_group.py
[2022-09-20T17:31:14.200+0530] {processor.py:650} INFO - DAG(s) dict_keys(['example_task_group']) retrieved from /home/sayone/This PC/SayOne Technologies/Works/airflow_new/Airflow/venv/lib/python3.8/site-packages/airflow/example_dags/example_task_group.py
[2022-09-20T17:31:14.210+0530] {logging_mixin.py:115} INFO - [2022-09-20T17:31:14.210+0530] {dag.py:2429} INFO - Sync 1 DAGs
[2022-09-20T17:31:14.220+0530] {logging_mixin.py:115} INFO - [2022-09-20T17:31:14.219+0530] {dag.py:2977} INFO - Setting next_dagrun for example_task_group to 2022-09-19T12:01:14.219794+00:00, run_after=2022-09-20T12:01:14.219794+00:00
[2022-09-20T17:31:14.230+0530] {processor.py:161} INFO - Processing /home/sayone/This PC/SayOne Technologies/Works/airflow_new/Airflow/venv/lib/python3.8/site-packages/airflow/example_dags/example_task_group.py took 0.044 seconds
[2022-09-20T17:31:50.795+0530] {processor.py:153} INFO - Started process (PID=32329) to work on /home/sayone/This PC/SayOne Technologies/Works/airflow_new/Airflow/venv/lib/python3.8/site-packages/airflow/example_dags/example_task_group.py
[2022-09-20T17:31:50.796+0530] {processor.py:640} INFO - Processing file /home/sayone/This PC/SayOne Technologies/Works/airflow_new/Airflow/venv/lib/python3.8/site-packages/airflow/example_dags/example_task_group.py for tasks to queue
[2022-09-20T17:31:50.797+0530] {logging_mixin.py:115} INFO - [2022-09-20T17:31:50.797+0530] {dagbag.py:508} INFO - Filling up the DagBag from /home/sayone/This PC/SayOne Technologies/Works/airflow_new/Airflow/venv/lib/python3.8/site-packages/airflow/example_dags/example_task_group.py
[2022-09-20T17:31:50.807+0530] {processor.py:650} INFO - DAG(s) dict_keys(['example_task_group']) retrieved from /home/sayone/This PC/SayOne Technologies/Works/airflow_new/Airflow/venv/lib/python3.8/site-packages/airflow/example_dags/example_task_group.py
[2022-09-20T17:31:50.817+0530] {logging_mixin.py:115} INFO - [2022-09-20T17:31:50.817+0530] {dag.py:2429} INFO - Sync 1 DAGs
[2022-09-20T17:31:50.826+0530] {logging_mixin.py:115} INFO - [2022-09-20T17:31:50.826+0530] {dag.py:2977} INFO - Setting next_dagrun for example_task_group to 2022-09-19T12:01:50.826702+00:00, run_after=2022-09-20T12:01:50.826702+00:00
[2022-09-20T17:31:50.836+0530] {processor.py:161} INFO - Processing /home/sayone/This PC/SayOne Technologies/Works/airflow_new/Airflow/venv/lib/python3.8/site-packages/airflow/example_dags/example_task_group.py took 0.042 seconds
[2022-09-20T17:32:26.255+0530] {processor.py:153} INFO - Started process (PID=32578) to work on /home/sayone/This PC/SayOne Technologies/Works/airflow_new/Airflow/venv/lib/python3.8/site-packages/airflow/example_dags/example_task_group.py
[2022-09-20T17:32:26.258+0530] {processor.py:640} INFO - Processing file /home/sayone/This PC/SayOne Technologies/Works/airflow_new/Airflow/venv/lib/python3.8/site-packages/airflow/example_dags/example_task_group.py for tasks to queue
[2022-09-20T17:32:26.259+0530] {logging_mixin.py:115} INFO - [2022-09-20T17:32:26.258+0530] {dagbag.py:508} INFO - Filling up the DagBag from /home/sayone/This PC/SayOne Technologies/Works/airflow_new/Airflow/venv/lib/python3.8/site-packages/airflow/example_dags/example_task_group.py
[2022-09-20T17:32:26.269+0530] {processor.py:650} INFO - DAG(s) dict_keys(['example_task_group']) retrieved from /home/sayone/This PC/SayOne Technologies/Works/airflow_new/Airflow/venv/lib/python3.8/site-packages/airflow/example_dags/example_task_group.py
[2022-09-20T17:32:26.280+0530] {logging_mixin.py:115} INFO - [2022-09-20T17:32:26.280+0530] {dag.py:2429} INFO - Sync 1 DAGs
[2022-09-20T17:32:26.289+0530] {logging_mixin.py:115} INFO - [2022-09-20T17:32:26.289+0530] {dag.py:2977} INFO - Setting next_dagrun for example_task_group to 2022-09-19T12:02:26.289689+00:00, run_after=2022-09-20T12:02:26.289689+00:00
[2022-09-20T17:32:26.299+0530] {processor.py:161} INFO - Processing /home/sayone/This PC/SayOne Technologies/Works/airflow_new/Airflow/venv/lib/python3.8/site-packages/airflow/example_dags/example_task_group.py took 0.047 seconds
[2022-09-20T17:33:02.141+0530] {processor.py:153} INFO - Started process (PID=32680) to work on /home/sayone/This PC/SayOne Technologies/Works/airflow_new/Airflow/venv/lib/python3.8/site-packages/airflow/example_dags/example_task_group.py
[2022-09-20T17:33:02.142+0530] {processor.py:640} INFO - Processing file /home/sayone/This PC/SayOne Technologies/Works/airflow_new/Airflow/venv/lib/python3.8/site-packages/airflow/example_dags/example_task_group.py for tasks to queue
[2022-09-20T17:33:02.143+0530] {logging_mixin.py:115} INFO - [2022-09-20T17:33:02.143+0530] {dagbag.py:508} INFO - Filling up the DagBag from /home/sayone/This PC/SayOne Technologies/Works/airflow_new/Airflow/venv/lib/python3.8/site-packages/airflow/example_dags/example_task_group.py
[2022-09-20T17:33:02.150+0530] {processor.py:650} INFO - DAG(s) dict_keys(['example_task_group']) retrieved from /home/sayone/This PC/SayOne Technologies/Works/airflow_new/Airflow/venv/lib/python3.8/site-packages/airflow/example_dags/example_task_group.py
[2022-09-20T17:33:02.159+0530] {logging_mixin.py:115} INFO - [2022-09-20T17:33:02.158+0530] {dag.py:2429} INFO - Sync 1 DAGs
[2022-09-20T17:33:02.168+0530] {logging_mixin.py:115} INFO - [2022-09-20T17:33:02.168+0530] {dag.py:2977} INFO - Setting next_dagrun for example_task_group to 2022-09-19T12:03:02.168016+00:00, run_after=2022-09-20T12:03:02.168016+00:00
[2022-09-20T17:33:02.177+0530] {processor.py:161} INFO - Processing /home/sayone/This PC/SayOne Technologies/Works/airflow_new/Airflow/venv/lib/python3.8/site-packages/airflow/example_dags/example_task_group.py took 0.038 seconds
[2022-09-20T17:33:37.224+0530] {processor.py:153} INFO - Started process (PID=32748) to work on /home/sayone/This PC/SayOne Technologies/Works/airflow_new/Airflow/venv/lib/python3.8/site-packages/airflow/example_dags/example_task_group.py
[2022-09-20T17:33:37.227+0530] {processor.py:640} INFO - Processing file /home/sayone/This PC/SayOne Technologies/Works/airflow_new/Airflow/venv/lib/python3.8/site-packages/airflow/example_dags/example_task_group.py for tasks to queue
[2022-09-20T17:33:37.228+0530] {logging_mixin.py:115} INFO - [2022-09-20T17:33:37.228+0530] {dagbag.py:508} INFO - Filling up the DagBag from /home/sayone/This PC/SayOne Technologies/Works/airflow_new/Airflow/venv/lib/python3.8/site-packages/airflow/example_dags/example_task_group.py
[2022-09-20T17:33:37.238+0530] {processor.py:650} INFO - DAG(s) dict_keys(['example_task_group']) retrieved from /home/sayone/This PC/SayOne Technologies/Works/airflow_new/Airflow/venv/lib/python3.8/site-packages/airflow/example_dags/example_task_group.py
[2022-09-20T17:33:37.249+0530] {logging_mixin.py:115} INFO - [2022-09-20T17:33:37.249+0530] {dag.py:2429} INFO - Sync 1 DAGs
[2022-09-20T17:33:37.258+0530] {logging_mixin.py:115} INFO - [2022-09-20T17:33:37.258+0530] {dag.py:2977} INFO - Setting next_dagrun for example_task_group to 2022-09-19T12:03:37.258367+00:00, run_after=2022-09-20T12:03:37.258367+00:00
[2022-09-20T17:33:37.268+0530] {processor.py:161} INFO - Processing /home/sayone/This PC/SayOne Technologies/Works/airflow_new/Airflow/venv/lib/python3.8/site-packages/airflow/example_dags/example_task_group.py took 0.046 seconds
[2022-09-20T17:34:14.133+0530] {processor.py:153} INFO - Started process (PID=32843) to work on /home/sayone/This PC/SayOne Technologies/Works/airflow_new/Airflow/venv/lib/python3.8/site-packages/airflow/example_dags/example_task_group.py
[2022-09-20T17:34:14.136+0530] {processor.py:640} INFO - Processing file /home/sayone/This PC/SayOne Technologies/Works/airflow_new/Airflow/venv/lib/python3.8/site-packages/airflow/example_dags/example_task_group.py for tasks to queue
[2022-09-20T17:34:14.137+0530] {logging_mixin.py:115} INFO - [2022-09-20T17:34:14.137+0530] {dagbag.py:508} INFO - Filling up the DagBag from /home/sayone/This PC/SayOne Technologies/Works/airflow_new/Airflow/venv/lib/python3.8/site-packages/airflow/example_dags/example_task_group.py
[2022-09-20T17:34:14.143+0530] {processor.py:650} INFO - DAG(s) dict_keys(['example_task_group']) retrieved from /home/sayone/This PC/SayOne Technologies/Works/airflow_new/Airflow/venv/lib/python3.8/site-packages/airflow/example_dags/example_task_group.py
[2022-09-20T17:34:14.152+0530] {logging_mixin.py:115} INFO - [2022-09-20T17:34:14.152+0530] {dag.py:2429} INFO - Sync 1 DAGs
[2022-09-20T17:34:14.161+0530] {logging_mixin.py:115} INFO - [2022-09-20T17:34:14.161+0530] {dag.py:2977} INFO - Setting next_dagrun for example_task_group to 2022-09-19T12:04:14.161541+00:00, run_after=2022-09-20T12:04:14.161541+00:00
[2022-09-20T17:34:14.171+0530] {processor.py:161} INFO - Processing /home/sayone/This PC/SayOne Technologies/Works/airflow_new/Airflow/venv/lib/python3.8/site-packages/airflow/example_dags/example_task_group.py took 0.039 seconds
[2022-09-20T17:34:50.695+0530] {processor.py:153} INFO - Started process (PID=33082) to work on /home/sayone/This PC/SayOne Technologies/Works/airflow_new/Airflow/venv/lib/python3.8/site-packages/airflow/example_dags/example_task_group.py
[2022-09-20T17:34:50.698+0530] {processor.py:640} INFO - Processing file /home/sayone/This PC/SayOne Technologies/Works/airflow_new/Airflow/venv/lib/python3.8/site-packages/airflow/example_dags/example_task_group.py for tasks to queue
[2022-09-20T17:34:50.699+0530] {logging_mixin.py:115} INFO - [2022-09-20T17:34:50.698+0530] {dagbag.py:508} INFO - Filling up the DagBag from /home/sayone/This PC/SayOne Technologies/Works/airflow_new/Airflow/venv/lib/python3.8/site-packages/airflow/example_dags/example_task_group.py
[2022-09-20T17:34:50.708+0530] {processor.py:650} INFO - DAG(s) dict_keys(['example_task_group']) retrieved from /home/sayone/This PC/SayOne Technologies/Works/airflow_new/Airflow/venv/lib/python3.8/site-packages/airflow/example_dags/example_task_group.py
[2022-09-20T17:34:50.719+0530] {logging_mixin.py:115} INFO - [2022-09-20T17:34:50.719+0530] {dag.py:2429} INFO - Sync 1 DAGs
[2022-09-20T17:34:50.728+0530] {logging_mixin.py:115} INFO - [2022-09-20T17:34:50.728+0530] {dag.py:2977} INFO - Setting next_dagrun for example_task_group to 2022-09-19T12:04:50.728202+00:00, run_after=2022-09-20T12:04:50.728202+00:00
[2022-09-20T17:34:50.737+0530] {processor.py:161} INFO - Processing /home/sayone/This PC/SayOne Technologies/Works/airflow_new/Airflow/venv/lib/python3.8/site-packages/airflow/example_dags/example_task_group.py took 0.045 seconds
[2022-09-20T17:35:25.470+0530] {processor.py:153} INFO - Started process (PID=33175) to work on /home/sayone/This PC/SayOne Technologies/Works/airflow_new/Airflow/venv/lib/python3.8/site-packages/airflow/example_dags/example_task_group.py
[2022-09-20T17:35:25.472+0530] {processor.py:640} INFO - Processing file /home/sayone/This PC/SayOne Technologies/Works/airflow_new/Airflow/venv/lib/python3.8/site-packages/airflow/example_dags/example_task_group.py for tasks to queue
[2022-09-20T17:35:25.473+0530] {logging_mixin.py:115} INFO - [2022-09-20T17:35:25.473+0530] {dagbag.py:508} INFO - Filling up the DagBag from /home/sayone/This PC/SayOne Technologies/Works/airflow_new/Airflow/venv/lib/python3.8/site-packages/airflow/example_dags/example_task_group.py
[2022-09-20T17:35:25.483+0530] {processor.py:650} INFO - DAG(s) dict_keys(['example_task_group']) retrieved from /home/sayone/This PC/SayOne Technologies/Works/airflow_new/Airflow/venv/lib/python3.8/site-packages/airflow/example_dags/example_task_group.py
[2022-09-20T17:35:25.493+0530] {logging_mixin.py:115} INFO - [2022-09-20T17:35:25.493+0530] {dag.py:2429} INFO - Sync 1 DAGs
[2022-09-20T17:35:25.502+0530] {logging_mixin.py:115} INFO - [2022-09-20T17:35:25.502+0530] {dag.py:2977} INFO - Setting next_dagrun for example_task_group to 2022-09-19T12:05:25.502273+00:00, run_after=2022-09-20T12:05:25.502273+00:00
[2022-09-20T17:35:25.511+0530] {processor.py:161} INFO - Processing /home/sayone/This PC/SayOne Technologies/Works/airflow_new/Airflow/venv/lib/python3.8/site-packages/airflow/example_dags/example_task_group.py took 0.042 seconds
[2022-09-20T17:36:03.955+0530] {processor.py:153} INFO - Started process (PID=33296) to work on /home/sayone/This PC/SayOne Technologies/Works/airflow_new/Airflow/venv/lib/python3.8/site-packages/airflow/example_dags/example_task_group.py
[2022-09-20T17:36:03.956+0530] {processor.py:640} INFO - Processing file /home/sayone/This PC/SayOne Technologies/Works/airflow_new/Airflow/venv/lib/python3.8/site-packages/airflow/example_dags/example_task_group.py for tasks to queue
[2022-09-20T17:36:03.957+0530] {logging_mixin.py:115} INFO - [2022-09-20T17:36:03.957+0530] {dagbag.py:508} INFO - Filling up the DagBag from /home/sayone/This PC/SayOne Technologies/Works/airflow_new/Airflow/venv/lib/python3.8/site-packages/airflow/example_dags/example_task_group.py
[2022-09-20T17:36:03.964+0530] {processor.py:650} INFO - DAG(s) dict_keys(['example_task_group']) retrieved from /home/sayone/This PC/SayOne Technologies/Works/airflow_new/Airflow/venv/lib/python3.8/site-packages/airflow/example_dags/example_task_group.py
[2022-09-20T17:36:03.973+0530] {logging_mixin.py:115} INFO - [2022-09-20T17:36:03.973+0530] {dag.py:2429} INFO - Sync 1 DAGs
[2022-09-20T17:36:03.984+0530] {logging_mixin.py:115} INFO - [2022-09-20T17:36:03.984+0530] {dag.py:2977} INFO - Setting next_dagrun for example_task_group to 2022-09-19T12:06:03.984533+00:00, run_after=2022-09-20T12:06:03.984533+00:00
[2022-09-20T17:36:03.996+0530] {processor.py:161} INFO - Processing /home/sayone/This PC/SayOne Technologies/Works/airflow_new/Airflow/venv/lib/python3.8/site-packages/airflow/example_dags/example_task_group.py took 0.046 seconds
[2022-09-20T17:36:38.756+0530] {processor.py:153} INFO - Started process (PID=33406) to work on /home/sayone/This PC/SayOne Technologies/Works/airflow_new/Airflow/venv/lib/python3.8/site-packages/airflow/example_dags/example_task_group.py
[2022-09-20T17:36:38.758+0530] {processor.py:640} INFO - Processing file /home/sayone/This PC/SayOne Technologies/Works/airflow_new/Airflow/venv/lib/python3.8/site-packages/airflow/example_dags/example_task_group.py for tasks to queue
[2022-09-20T17:36:38.759+0530] {logging_mixin.py:115} INFO - [2022-09-20T17:36:38.759+0530] {dagbag.py:508} INFO - Filling up the DagBag from /home/sayone/This PC/SayOne Technologies/Works/airflow_new/Airflow/venv/lib/python3.8/site-packages/airflow/example_dags/example_task_group.py
[2022-09-20T17:36:38.768+0530] {processor.py:650} INFO - DAG(s) dict_keys(['example_task_group']) retrieved from /home/sayone/This PC/SayOne Technologies/Works/airflow_new/Airflow/venv/lib/python3.8/site-packages/airflow/example_dags/example_task_group.py
[2022-09-20T17:36:38.778+0530] {logging_mixin.py:115} INFO - [2022-09-20T17:36:38.778+0530] {dag.py:2429} INFO - Sync 1 DAGs
[2022-09-20T17:36:38.788+0530] {logging_mixin.py:115} INFO - [2022-09-20T17:36:38.788+0530] {dag.py:2977} INFO - Setting next_dagrun for example_task_group to 2022-09-19T12:06:38.787853+00:00, run_after=2022-09-20T12:06:38.787853+00:00
[2022-09-20T17:36:38.800+0530] {processor.py:161} INFO - Processing /home/sayone/This PC/SayOne Technologies/Works/airflow_new/Airflow/venv/lib/python3.8/site-packages/airflow/example_dags/example_task_group.py took 0.048 seconds
[2022-09-20T17:37:15.951+0530] {processor.py:153} INFO - Started process (PID=33621) to work on /home/sayone/This PC/SayOne Technologies/Works/airflow_new/Airflow/venv/lib/python3.8/site-packages/airflow/example_dags/example_task_group.py
[2022-09-20T17:37:15.954+0530] {processor.py:640} INFO - Processing file /home/sayone/This PC/SayOne Technologies/Works/airflow_new/Airflow/venv/lib/python3.8/site-packages/airflow/example_dags/example_task_group.py for tasks to queue
[2022-09-20T17:37:15.955+0530] {logging_mixin.py:115} INFO - [2022-09-20T17:37:15.955+0530] {dagbag.py:508} INFO - Filling up the DagBag from /home/sayone/This PC/SayOne Technologies/Works/airflow_new/Airflow/venv/lib/python3.8/site-packages/airflow/example_dags/example_task_group.py
[2022-09-20T17:37:15.964+0530] {processor.py:650} INFO - DAG(s) dict_keys(['example_task_group']) retrieved from /home/sayone/This PC/SayOne Technologies/Works/airflow_new/Airflow/venv/lib/python3.8/site-packages/airflow/example_dags/example_task_group.py
[2022-09-20T17:37:15.974+0530] {logging_mixin.py:115} INFO - [2022-09-20T17:37:15.974+0530] {dag.py:2429} INFO - Sync 1 DAGs
[2022-09-20T17:37:15.983+0530] {logging_mixin.py:115} INFO - [2022-09-20T17:37:15.983+0530] {dag.py:2977} INFO - Setting next_dagrun for example_task_group to 2022-09-19T12:07:15.983645+00:00, run_after=2022-09-20T12:07:15.983645+00:00
[2022-09-20T17:37:15.993+0530] {processor.py:161} INFO - Processing /home/sayone/This PC/SayOne Technologies/Works/airflow_new/Airflow/venv/lib/python3.8/site-packages/airflow/example_dags/example_task_group.py took 0.046 seconds
[2022-09-20T17:38:04.741+0530] {processor.py:153} INFO - Started process (PID=33816) to work on /home/sayone/This PC/SayOne Technologies/Works/airflow_new/Airflow/venv/lib/python3.8/site-packages/airflow/example_dags/example_task_group.py
[2022-09-20T17:38:04.744+0530] {processor.py:640} INFO - Processing file /home/sayone/This PC/SayOne Technologies/Works/airflow_new/Airflow/venv/lib/python3.8/site-packages/airflow/example_dags/example_task_group.py for tasks to queue
[2022-09-20T17:38:04.745+0530] {logging_mixin.py:115} INFO - [2022-09-20T17:38:04.745+0530] {dagbag.py:508} INFO - Filling up the DagBag from /home/sayone/This PC/SayOne Technologies/Works/airflow_new/Airflow/venv/lib/python3.8/site-packages/airflow/example_dags/example_task_group.py
[2022-09-20T17:38:04.751+0530] {processor.py:650} INFO - DAG(s) dict_keys(['example_task_group']) retrieved from /home/sayone/This PC/SayOne Technologies/Works/airflow_new/Airflow/venv/lib/python3.8/site-packages/airflow/example_dags/example_task_group.py
[2022-09-20T17:38:04.762+0530] {logging_mixin.py:115} INFO - [2022-09-20T17:38:04.761+0530] {dag.py:2429} INFO - Sync 1 DAGs
[2022-09-20T17:38:04.775+0530] {logging_mixin.py:115} INFO - [2022-09-20T17:38:04.775+0530] {dag.py:2977} INFO - Setting next_dagrun for example_task_group to 2022-09-19T12:08:04.775621+00:00, run_after=2022-09-20T12:08:04.775621+00:00
[2022-09-20T17:38:04.789+0530] {processor.py:161} INFO - Processing /home/sayone/This PC/SayOne Technologies/Works/airflow_new/Airflow/venv/lib/python3.8/site-packages/airflow/example_dags/example_task_group.py took 0.050 seconds
[2022-09-20T17:38:40.768+0530] {processor.py:153} INFO - Started process (PID=33875) to work on /home/sayone/This PC/SayOne Technologies/Works/airflow_new/Airflow/venv/lib/python3.8/site-packages/airflow/example_dags/example_task_group.py
[2022-09-20T17:38:40.771+0530] {processor.py:640} INFO - Processing file /home/sayone/This PC/SayOne Technologies/Works/airflow_new/Airflow/venv/lib/python3.8/site-packages/airflow/example_dags/example_task_group.py for tasks to queue
[2022-09-20T17:38:40.772+0530] {logging_mixin.py:115} INFO - [2022-09-20T17:38:40.772+0530] {dagbag.py:508} INFO - Filling up the DagBag from /home/sayone/This PC/SayOne Technologies/Works/airflow_new/Airflow/venv/lib/python3.8/site-packages/airflow/example_dags/example_task_group.py
[2022-09-20T17:38:40.778+0530] {processor.py:650} INFO - DAG(s) dict_keys(['example_task_group']) retrieved from /home/sayone/This PC/SayOne Technologies/Works/airflow_new/Airflow/venv/lib/python3.8/site-packages/airflow/example_dags/example_task_group.py
[2022-09-20T17:38:40.791+0530] {logging_mixin.py:115} INFO - [2022-09-20T17:38:40.791+0530] {dag.py:2429} INFO - Sync 1 DAGs
[2022-09-20T17:38:40.805+0530] {logging_mixin.py:115} INFO - [2022-09-20T17:38:40.804+0530] {dag.py:2977} INFO - Setting next_dagrun for example_task_group to 2022-09-19T12:08:40.804798+00:00, run_after=2022-09-20T12:08:40.804798+00:00
[2022-09-20T17:38:40.813+0530] {processor.py:161} INFO - Processing /home/sayone/This PC/SayOne Technologies/Works/airflow_new/Airflow/venv/lib/python3.8/site-packages/airflow/example_dags/example_task_group.py took 0.050 seconds
[2022-09-20T17:39:14.502+0530] {processor.py:153} INFO - Started process (PID=33974) to work on /home/sayone/This PC/SayOne Technologies/Works/airflow_new/Airflow/venv/lib/python3.8/site-packages/airflow/example_dags/example_task_group.py
[2022-09-20T17:39:14.504+0530] {processor.py:640} INFO - Processing file /home/sayone/This PC/SayOne Technologies/Works/airflow_new/Airflow/venv/lib/python3.8/site-packages/airflow/example_dags/example_task_group.py for tasks to queue
[2022-09-20T17:39:14.505+0530] {logging_mixin.py:115} INFO - [2022-09-20T17:39:14.505+0530] {dagbag.py:508} INFO - Filling up the DagBag from /home/sayone/This PC/SayOne Technologies/Works/airflow_new/Airflow/venv/lib/python3.8/site-packages/airflow/example_dags/example_task_group.py
[2022-09-20T17:39:14.514+0530] {processor.py:650} INFO - DAG(s) dict_keys(['example_task_group']) retrieved from /home/sayone/This PC/SayOne Technologies/Works/airflow_new/Airflow/venv/lib/python3.8/site-packages/airflow/example_dags/example_task_group.py
[2022-09-20T17:39:14.524+0530] {logging_mixin.py:115} INFO - [2022-09-20T17:39:14.524+0530] {dag.py:2429} INFO - Sync 1 DAGs
[2022-09-20T17:39:14.533+0530] {logging_mixin.py:115} INFO - [2022-09-20T17:39:14.533+0530] {dag.py:2977} INFO - Setting next_dagrun for example_task_group to 2022-09-19T12:09:14.533561+00:00, run_after=2022-09-20T12:09:14.533561+00:00
[2022-09-20T17:39:14.541+0530] {processor.py:161} INFO - Processing /home/sayone/This PC/SayOne Technologies/Works/airflow_new/Airflow/venv/lib/python3.8/site-packages/airflow/example_dags/example_task_group.py took 0.043 seconds
[2022-09-20T17:39:51.689+0530] {processor.py:153} INFO - Started process (PID=34126) to work on /home/sayone/This PC/SayOne Technologies/Works/airflow_new/Airflow/venv/lib/python3.8/site-packages/airflow/example_dags/example_task_group.py
[2022-09-20T17:39:51.693+0530] {processor.py:640} INFO - Processing file /home/sayone/This PC/SayOne Technologies/Works/airflow_new/Airflow/venv/lib/python3.8/site-packages/airflow/example_dags/example_task_group.py for tasks to queue
[2022-09-20T17:39:51.694+0530] {logging_mixin.py:115} INFO - [2022-09-20T17:39:51.694+0530] {dagbag.py:508} INFO - Filling up the DagBag from /home/sayone/This PC/SayOne Technologies/Works/airflow_new/Airflow/venv/lib/python3.8/site-packages/airflow/example_dags/example_task_group.py
[2022-09-20T17:39:51.701+0530] {processor.py:650} INFO - DAG(s) dict_keys(['example_task_group']) retrieved from /home/sayone/This PC/SayOne Technologies/Works/airflow_new/Airflow/venv/lib/python3.8/site-packages/airflow/example_dags/example_task_group.py
[2022-09-20T17:39:51.714+0530] {logging_mixin.py:115} INFO - [2022-09-20T17:39:51.714+0530] {dag.py:2429} INFO - Sync 1 DAGs
[2022-09-20T17:39:51.728+0530] {logging_mixin.py:115} INFO - [2022-09-20T17:39:51.728+0530] {dag.py:2977} INFO - Setting next_dagrun for example_task_group to 2022-09-19T12:09:51.728221+00:00, run_after=2022-09-20T12:09:51.728221+00:00
[2022-09-20T17:39:51.739+0530] {processor.py:161} INFO - Processing /home/sayone/This PC/SayOne Technologies/Works/airflow_new/Airflow/venv/lib/python3.8/site-packages/airflow/example_dags/example_task_group.py took 0.055 seconds
[2022-09-20T17:40:27.626+0530] {processor.py:153} INFO - Started process (PID=34227) to work on /home/sayone/This PC/SayOne Technologies/Works/airflow_new/Airflow/venv/lib/python3.8/site-packages/airflow/example_dags/example_task_group.py
[2022-09-20T17:40:27.629+0530] {processor.py:640} INFO - Processing file /home/sayone/This PC/SayOne Technologies/Works/airflow_new/Airflow/venv/lib/python3.8/site-packages/airflow/example_dags/example_task_group.py for tasks to queue
[2022-09-20T17:40:27.630+0530] {logging_mixin.py:115} INFO - [2022-09-20T17:40:27.629+0530] {dagbag.py:508} INFO - Filling up the DagBag from /home/sayone/This PC/SayOne Technologies/Works/airflow_new/Airflow/venv/lib/python3.8/site-packages/airflow/example_dags/example_task_group.py
[2022-09-20T17:40:27.640+0530] {processor.py:650} INFO - DAG(s) dict_keys(['example_task_group']) retrieved from /home/sayone/This PC/SayOne Technologies/Works/airflow_new/Airflow/venv/lib/python3.8/site-packages/airflow/example_dags/example_task_group.py
[2022-09-20T17:40:27.650+0530] {logging_mixin.py:115} INFO - [2022-09-20T17:40:27.650+0530] {dag.py:2429} INFO - Sync 1 DAGs
[2022-09-20T17:40:27.659+0530] {logging_mixin.py:115} INFO - [2022-09-20T17:40:27.659+0530] {dag.py:2977} INFO - Setting next_dagrun for example_task_group to 2022-09-19T12:10:27.659154+00:00, run_after=2022-09-20T12:10:27.659154+00:00
[2022-09-20T17:40:27.668+0530] {processor.py:161} INFO - Processing /home/sayone/This PC/SayOne Technologies/Works/airflow_new/Airflow/venv/lib/python3.8/site-packages/airflow/example_dags/example_task_group.py took 0.043 seconds
[2022-09-20T17:41:03.647+0530] {processor.py:153} INFO - Started process (PID=34387) to work on /home/sayone/This PC/SayOne Technologies/Works/airflow_new/Airflow/venv/lib/python3.8/site-packages/airflow/example_dags/example_task_group.py
[2022-09-20T17:41:03.650+0530] {processor.py:640} INFO - Processing file /home/sayone/This PC/SayOne Technologies/Works/airflow_new/Airflow/venv/lib/python3.8/site-packages/airflow/example_dags/example_task_group.py for tasks to queue
[2022-09-20T17:41:03.650+0530] {logging_mixin.py:115} INFO - [2022-09-20T17:41:03.650+0530] {dagbag.py:508} INFO - Filling up the DagBag from /home/sayone/This PC/SayOne Technologies/Works/airflow_new/Airflow/venv/lib/python3.8/site-packages/airflow/example_dags/example_task_group.py
[2022-09-20T17:41:03.659+0530] {processor.py:650} INFO - DAG(s) dict_keys(['example_task_group']) retrieved from /home/sayone/This PC/SayOne Technologies/Works/airflow_new/Airflow/venv/lib/python3.8/site-packages/airflow/example_dags/example_task_group.py
[2022-09-20T17:41:03.670+0530] {logging_mixin.py:115} INFO - [2022-09-20T17:41:03.670+0530] {dag.py:2429} INFO - Sync 1 DAGs
[2022-09-20T17:41:03.680+0530] {logging_mixin.py:115} INFO - [2022-09-20T17:41:03.680+0530] {dag.py:2977} INFO - Setting next_dagrun for example_task_group to 2022-09-19T12:11:03.680612+00:00, run_after=2022-09-20T12:11:03.680612+00:00
[2022-09-20T17:41:03.692+0530] {processor.py:161} INFO - Processing /home/sayone/This PC/SayOne Technologies/Works/airflow_new/Airflow/venv/lib/python3.8/site-packages/airflow/example_dags/example_task_group.py took 0.046 seconds
[2022-09-20T17:42:02.948+0530] {processor.py:153} INFO - Started process (PID=34540) to work on /home/sayone/This PC/SayOne Technologies/Works/airflow_new/Airflow/venv/lib/python3.8/site-packages/airflow/example_dags/example_task_group.py
[2022-09-20T17:42:02.949+0530] {processor.py:640} INFO - Processing file /home/sayone/This PC/SayOne Technologies/Works/airflow_new/Airflow/venv/lib/python3.8/site-packages/airflow/example_dags/example_task_group.py for tasks to queue
[2022-09-20T17:42:02.949+0530] {logging_mixin.py:115} INFO - [2022-09-20T17:42:02.949+0530] {dagbag.py:508} INFO - Filling up the DagBag from /home/sayone/This PC/SayOne Technologies/Works/airflow_new/Airflow/venv/lib/python3.8/site-packages/airflow/example_dags/example_task_group.py
[2022-09-20T17:42:02.953+0530] {processor.py:650} INFO - DAG(s) dict_keys(['example_task_group']) retrieved from /home/sayone/This PC/SayOne Technologies/Works/airflow_new/Airflow/venv/lib/python3.8/site-packages/airflow/example_dags/example_task_group.py
[2022-09-20T17:42:02.974+0530] {logging_mixin.py:115} INFO - [2022-09-20T17:42:02.974+0530] {dag.py:2429} INFO - Sync 1 DAGs
[2022-09-20T17:42:02.995+0530] {logging_mixin.py:115} INFO - [2022-09-20T17:42:02.995+0530] {dag.py:2977} INFO - Setting next_dagrun for example_task_group to 2022-09-19T12:12:02.994868+00:00, run_after=2022-09-20T12:12:02.994868+00:00
[2022-09-20T17:42:03.012+0530] {processor.py:161} INFO - Processing /home/sayone/This PC/SayOne Technologies/Works/airflow_new/Airflow/venv/lib/python3.8/site-packages/airflow/example_dags/example_task_group.py took 0.065 seconds
[2022-09-20T17:45:32.736+0530] {processor.py:153} INFO - Started process (PID=34933) to work on /home/sayone/This PC/SayOne Technologies/Works/airflow_new/Airflow/venv/lib/python3.8/site-packages/airflow/example_dags/example_task_group.py
[2022-09-20T17:45:32.738+0530] {processor.py:640} INFO - Processing file /home/sayone/This PC/SayOne Technologies/Works/airflow_new/Airflow/venv/lib/python3.8/site-packages/airflow/example_dags/example_task_group.py for tasks to queue
[2022-09-20T17:45:32.739+0530] {logging_mixin.py:115} INFO - [2022-09-20T17:45:32.739+0530] {dagbag.py:508} INFO - Filling up the DagBag from /home/sayone/This PC/SayOne Technologies/Works/airflow_new/Airflow/venv/lib/python3.8/site-packages/airflow/example_dags/example_task_group.py
[2022-09-20T17:45:32.744+0530] {processor.py:650} INFO - DAG(s) dict_keys(['example_task_group']) retrieved from /home/sayone/This PC/SayOne Technologies/Works/airflow_new/Airflow/venv/lib/python3.8/site-packages/airflow/example_dags/example_task_group.py
[2022-09-20T17:45:32.755+0530] {logging_mixin.py:115} INFO - [2022-09-20T17:45:32.755+0530] {dag.py:2429} INFO - Sync 1 DAGs
[2022-09-20T17:45:32.769+0530] {logging_mixin.py:115} INFO - [2022-09-20T17:45:32.769+0530] {dag.py:2977} INFO - Setting next_dagrun for example_task_group to 2022-09-19T12:15:32.768941+00:00, run_after=2022-09-20T12:15:32.768941+00:00
[2022-09-20T17:45:32.780+0530] {processor.py:161} INFO - Processing /home/sayone/This PC/SayOne Technologies/Works/airflow_new/Airflow/venv/lib/python3.8/site-packages/airflow/example_dags/example_task_group.py took 0.046 seconds
[2022-09-20T17:46:28.598+0530] {processor.py:153} INFO - Started process (PID=35069) to work on /home/sayone/This PC/SayOne Technologies/Works/airflow_new/Airflow/venv/lib/python3.8/site-packages/airflow/example_dags/example_task_group.py
[2022-09-20T17:46:28.600+0530] {processor.py:640} INFO - Processing file /home/sayone/This PC/SayOne Technologies/Works/airflow_new/Airflow/venv/lib/python3.8/site-packages/airflow/example_dags/example_task_group.py for tasks to queue
[2022-09-20T17:46:28.601+0530] {logging_mixin.py:115} INFO - [2022-09-20T17:46:28.601+0530] {dagbag.py:508} INFO - Filling up the DagBag from /home/sayone/This PC/SayOne Technologies/Works/airflow_new/Airflow/venv/lib/python3.8/site-packages/airflow/example_dags/example_task_group.py
[2022-09-20T17:46:28.609+0530] {processor.py:650} INFO - DAG(s) dict_keys(['example_task_group']) retrieved from /home/sayone/This PC/SayOne Technologies/Works/airflow_new/Airflow/venv/lib/python3.8/site-packages/airflow/example_dags/example_task_group.py
[2022-09-20T17:46:28.619+0530] {logging_mixin.py:115} INFO - [2022-09-20T17:46:28.619+0530] {dag.py:2429} INFO - Sync 1 DAGs
[2022-09-20T17:46:28.629+0530] {logging_mixin.py:115} INFO - [2022-09-20T17:46:28.629+0530] {dag.py:2977} INFO - Setting next_dagrun for example_task_group to 2022-09-19T12:16:28.629637+00:00, run_after=2022-09-20T12:16:28.629637+00:00
[2022-09-20T17:46:28.639+0530] {processor.py:161} INFO - Processing /home/sayone/This PC/SayOne Technologies/Works/airflow_new/Airflow/venv/lib/python3.8/site-packages/airflow/example_dags/example_task_group.py took 0.042 seconds
[2022-09-20T17:47:02.281+0530] {processor.py:153} INFO - Started process (PID=35300) to work on /home/sayone/This PC/SayOne Technologies/Works/airflow_new/Airflow/venv/lib/python3.8/site-packages/airflow/example_dags/example_task_group.py
[2022-09-20T17:47:02.282+0530] {processor.py:640} INFO - Processing file /home/sayone/This PC/SayOne Technologies/Works/airflow_new/Airflow/venv/lib/python3.8/site-packages/airflow/example_dags/example_task_group.py for tasks to queue
[2022-09-20T17:47:02.282+0530] {logging_mixin.py:115} INFO - [2022-09-20T17:47:02.282+0530] {dagbag.py:508} INFO - Filling up the DagBag from /home/sayone/This PC/SayOne Technologies/Works/airflow_new/Airflow/venv/lib/python3.8/site-packages/airflow/example_dags/example_task_group.py
[2022-09-20T17:47:02.286+0530] {processor.py:650} INFO - DAG(s) dict_keys(['example_task_group']) retrieved from /home/sayone/This PC/SayOne Technologies/Works/airflow_new/Airflow/venv/lib/python3.8/site-packages/airflow/example_dags/example_task_group.py
[2022-09-20T17:47:02.296+0530] {logging_mixin.py:115} INFO - [2022-09-20T17:47:02.296+0530] {dag.py:2429} INFO - Sync 1 DAGs
[2022-09-20T17:47:02.306+0530] {logging_mixin.py:115} INFO - [2022-09-20T17:47:02.306+0530] {dag.py:2977} INFO - Setting next_dagrun for example_task_group to 2022-09-19T12:17:02.305965+00:00, run_after=2022-09-20T12:17:02.305965+00:00
[2022-09-20T17:47:02.314+0530] {processor.py:161} INFO - Processing /home/sayone/This PC/SayOne Technologies/Works/airflow_new/Airflow/venv/lib/python3.8/site-packages/airflow/example_dags/example_task_group.py took 0.035 seconds
[2022-09-20T17:47:40.019+0530] {processor.py:153} INFO - Started process (PID=35402) to work on /home/sayone/This PC/SayOne Technologies/Works/airflow_new/Airflow/venv/lib/python3.8/site-packages/airflow/example_dags/example_task_group.py
[2022-09-20T17:47:40.022+0530] {processor.py:640} INFO - Processing file /home/sayone/This PC/SayOne Technologies/Works/airflow_new/Airflow/venv/lib/python3.8/site-packages/airflow/example_dags/example_task_group.py for tasks to queue
[2022-09-20T17:47:40.022+0530] {logging_mixin.py:115} INFO - [2022-09-20T17:47:40.022+0530] {dagbag.py:508} INFO - Filling up the DagBag from /home/sayone/This PC/SayOne Technologies/Works/airflow_new/Airflow/venv/lib/python3.8/site-packages/airflow/example_dags/example_task_group.py
[2022-09-20T17:47:40.026+0530] {processor.py:650} INFO - DAG(s) dict_keys(['example_task_group']) retrieved from /home/sayone/This PC/SayOne Technologies/Works/airflow_new/Airflow/venv/lib/python3.8/site-packages/airflow/example_dags/example_task_group.py
[2022-09-20T17:47:40.037+0530] {logging_mixin.py:115} INFO - [2022-09-20T17:47:40.037+0530] {dag.py:2429} INFO - Sync 1 DAGs
[2022-09-20T17:47:40.046+0530] {logging_mixin.py:115} INFO - [2022-09-20T17:47:40.046+0530] {dag.py:2977} INFO - Setting next_dagrun for example_task_group to 2022-09-19T12:17:40.046538+00:00, run_after=2022-09-20T12:17:40.046538+00:00
[2022-09-20T17:47:40.055+0530] {processor.py:161} INFO - Processing /home/sayone/This PC/SayOne Technologies/Works/airflow_new/Airflow/venv/lib/python3.8/site-packages/airflow/example_dags/example_task_group.py took 0.037 seconds
[2022-09-20T17:48:17.742+0530] {processor.py:153} INFO - Started process (PID=35504) to work on /home/sayone/This PC/SayOne Technologies/Works/airflow_new/Airflow/venv/lib/python3.8/site-packages/airflow/example_dags/example_task_group.py
[2022-09-20T17:48:17.745+0530] {processor.py:640} INFO - Processing file /home/sayone/This PC/SayOne Technologies/Works/airflow_new/Airflow/venv/lib/python3.8/site-packages/airflow/example_dags/example_task_group.py for tasks to queue
[2022-09-20T17:48:17.746+0530] {logging_mixin.py:115} INFO - [2022-09-20T17:48:17.746+0530] {dagbag.py:508} INFO - Filling up the DagBag from /home/sayone/This PC/SayOne Technologies/Works/airflow_new/Airflow/venv/lib/python3.8/site-packages/airflow/example_dags/example_task_group.py
[2022-09-20T17:48:17.755+0530] {processor.py:650} INFO - DAG(s) dict_keys(['example_task_group']) retrieved from /home/sayone/This PC/SayOne Technologies/Works/airflow_new/Airflow/venv/lib/python3.8/site-packages/airflow/example_dags/example_task_group.py
[2022-09-20T17:48:17.766+0530] {logging_mixin.py:115} INFO - [2022-09-20T17:48:17.766+0530] {dag.py:2429} INFO - Sync 1 DAGs
[2022-09-20T17:48:17.775+0530] {logging_mixin.py:115} INFO - [2022-09-20T17:48:17.775+0530] {dag.py:2977} INFO - Setting next_dagrun for example_task_group to 2022-09-19T12:18:17.775440+00:00, run_after=2022-09-20T12:18:17.775440+00:00
[2022-09-20T17:48:17.784+0530] {processor.py:161} INFO - Processing /home/sayone/This PC/SayOne Technologies/Works/airflow_new/Airflow/venv/lib/python3.8/site-packages/airflow/example_dags/example_task_group.py took 0.046 seconds
[2022-09-20T17:48:54.269+0530] {processor.py:153} INFO - Started process (PID=35588) to work on /home/sayone/This PC/SayOne Technologies/Works/airflow_new/Airflow/venv/lib/python3.8/site-packages/airflow/example_dags/example_task_group.py
[2022-09-20T17:48:54.272+0530] {processor.py:640} INFO - Processing file /home/sayone/This PC/SayOne Technologies/Works/airflow_new/Airflow/venv/lib/python3.8/site-packages/airflow/example_dags/example_task_group.py for tasks to queue
[2022-09-20T17:48:54.272+0530] {logging_mixin.py:115} INFO - [2022-09-20T17:48:54.272+0530] {dagbag.py:508} INFO - Filling up the DagBag from /home/sayone/This PC/SayOne Technologies/Works/airflow_new/Airflow/venv/lib/python3.8/site-packages/airflow/example_dags/example_task_group.py
[2022-09-20T17:48:54.281+0530] {processor.py:650} INFO - DAG(s) dict_keys(['example_task_group']) retrieved from /home/sayone/This PC/SayOne Technologies/Works/airflow_new/Airflow/venv/lib/python3.8/site-packages/airflow/example_dags/example_task_group.py
[2022-09-20T17:48:54.292+0530] {logging_mixin.py:115} INFO - [2022-09-20T17:48:54.292+0530] {dag.py:2429} INFO - Sync 1 DAGs
[2022-09-20T17:48:54.301+0530] {logging_mixin.py:115} INFO - [2022-09-20T17:48:54.301+0530] {dag.py:2977} INFO - Setting next_dagrun for example_task_group to 2022-09-19T12:18:54.301512+00:00, run_after=2022-09-20T12:18:54.301512+00:00
[2022-09-20T17:48:54.310+0530] {processor.py:161} INFO - Processing /home/sayone/This PC/SayOne Technologies/Works/airflow_new/Airflow/venv/lib/python3.8/site-packages/airflow/example_dags/example_task_group.py took 0.044 seconds
[2022-09-20T17:49:31.425+0530] {processor.py:153} INFO - Started process (PID=35700) to work on /home/sayone/This PC/SayOne Technologies/Works/airflow_new/Airflow/venv/lib/python3.8/site-packages/airflow/example_dags/example_task_group.py
[2022-09-20T17:49:31.429+0530] {processor.py:640} INFO - Processing file /home/sayone/This PC/SayOne Technologies/Works/airflow_new/Airflow/venv/lib/python3.8/site-packages/airflow/example_dags/example_task_group.py for tasks to queue
[2022-09-20T17:49:31.431+0530] {logging_mixin.py:115} INFO - [2022-09-20T17:49:31.430+0530] {dagbag.py:508} INFO - Filling up the DagBag from /home/sayone/This PC/SayOne Technologies/Works/airflow_new/Airflow/venv/lib/python3.8/site-packages/airflow/example_dags/example_task_group.py
[2022-09-20T17:49:31.439+0530] {processor.py:650} INFO - DAG(s) dict_keys(['example_task_group']) retrieved from /home/sayone/This PC/SayOne Technologies/Works/airflow_new/Airflow/venv/lib/python3.8/site-packages/airflow/example_dags/example_task_group.py
[2022-09-20T17:49:31.449+0530] {logging_mixin.py:115} INFO - [2022-09-20T17:49:31.449+0530] {dag.py:2429} INFO - Sync 1 DAGs
[2022-09-20T17:49:31.459+0530] {logging_mixin.py:115} INFO - [2022-09-20T17:49:31.459+0530] {dag.py:2977} INFO - Setting next_dagrun for example_task_group to 2022-09-19T12:19:31.459121+00:00, run_after=2022-09-20T12:19:31.459121+00:00
[2022-09-20T17:49:31.467+0530] {processor.py:161} INFO - Processing /home/sayone/This PC/SayOne Technologies/Works/airflow_new/Airflow/venv/lib/python3.8/site-packages/airflow/example_dags/example_task_group.py took 0.047 seconds
[2022-09-20T17:50:08.400+0530] {processor.py:153} INFO - Started process (PID=35809) to work on /home/sayone/This PC/SayOne Technologies/Works/airflow_new/Airflow/venv/lib/python3.8/site-packages/airflow/example_dags/example_task_group.py
[2022-09-20T17:50:08.403+0530] {processor.py:640} INFO - Processing file /home/sayone/This PC/SayOne Technologies/Works/airflow_new/Airflow/venv/lib/python3.8/site-packages/airflow/example_dags/example_task_group.py for tasks to queue
[2022-09-20T17:50:08.404+0530] {logging_mixin.py:115} INFO - [2022-09-20T17:50:08.404+0530] {dagbag.py:508} INFO - Filling up the DagBag from /home/sayone/This PC/SayOne Technologies/Works/airflow_new/Airflow/venv/lib/python3.8/site-packages/airflow/example_dags/example_task_group.py
[2022-09-20T17:50:08.413+0530] {processor.py:650} INFO - DAG(s) dict_keys(['example_task_group']) retrieved from /home/sayone/This PC/SayOne Technologies/Works/airflow_new/Airflow/venv/lib/python3.8/site-packages/airflow/example_dags/example_task_group.py
[2022-09-20T17:50:08.424+0530] {logging_mixin.py:115} INFO - [2022-09-20T17:50:08.424+0530] {dag.py:2429} INFO - Sync 1 DAGs
[2022-09-20T17:50:08.435+0530] {logging_mixin.py:115} INFO - [2022-09-20T17:50:08.435+0530] {dag.py:2977} INFO - Setting next_dagrun for example_task_group to 2022-09-19T12:20:08.434863+00:00, run_after=2022-09-20T12:20:08.434863+00:00
[2022-09-20T17:50:08.445+0530] {processor.py:161} INFO - Processing /home/sayone/This PC/SayOne Technologies/Works/airflow_new/Airflow/venv/lib/python3.8/site-packages/airflow/example_dags/example_task_group.py took 0.048 seconds
[2022-09-20T17:50:44.380+0530] {processor.py:153} INFO - Started process (PID=35878) to work on /home/sayone/This PC/SayOne Technologies/Works/airflow_new/Airflow/venv/lib/python3.8/site-packages/airflow/example_dags/example_task_group.py
[2022-09-20T17:50:44.384+0530] {processor.py:640} INFO - Processing file /home/sayone/This PC/SayOne Technologies/Works/airflow_new/Airflow/venv/lib/python3.8/site-packages/airflow/example_dags/example_task_group.py for tasks to queue
[2022-09-20T17:50:44.384+0530] {logging_mixin.py:115} INFO - [2022-09-20T17:50:44.384+0530] {dagbag.py:508} INFO - Filling up the DagBag from /home/sayone/This PC/SayOne Technologies/Works/airflow_new/Airflow/venv/lib/python3.8/site-packages/airflow/example_dags/example_task_group.py
[2022-09-20T17:50:44.393+0530] {processor.py:650} INFO - DAG(s) dict_keys(['example_task_group']) retrieved from /home/sayone/This PC/SayOne Technologies/Works/airflow_new/Airflow/venv/lib/python3.8/site-packages/airflow/example_dags/example_task_group.py
[2022-09-20T17:50:44.404+0530] {logging_mixin.py:115} INFO - [2022-09-20T17:50:44.403+0530] {dag.py:2429} INFO - Sync 1 DAGs
[2022-09-20T17:50:44.413+0530] {logging_mixin.py:115} INFO - [2022-09-20T17:50:44.413+0530] {dag.py:2977} INFO - Setting next_dagrun for example_task_group to 2022-09-19T12:20:44.413142+00:00, run_after=2022-09-20T12:20:44.413142+00:00
[2022-09-20T17:50:44.421+0530] {processor.py:161} INFO - Processing /home/sayone/This PC/SayOne Technologies/Works/airflow_new/Airflow/venv/lib/python3.8/site-packages/airflow/example_dags/example_task_group.py took 0.046 seconds
[2022-09-20T17:51:21.344+0530] {processor.py:153} INFO - Started process (PID=35985) to work on /home/sayone/This PC/SayOne Technologies/Works/airflow_new/Airflow/venv/lib/python3.8/site-packages/airflow/example_dags/example_task_group.py
[2022-09-20T17:51:21.347+0530] {processor.py:640} INFO - Processing file /home/sayone/This PC/SayOne Technologies/Works/airflow_new/Airflow/venv/lib/python3.8/site-packages/airflow/example_dags/example_task_group.py for tasks to queue
[2022-09-20T17:51:21.348+0530] {logging_mixin.py:115} INFO - [2022-09-20T17:51:21.348+0530] {dagbag.py:508} INFO - Filling up the DagBag from /home/sayone/This PC/SayOne Technologies/Works/airflow_new/Airflow/venv/lib/python3.8/site-packages/airflow/example_dags/example_task_group.py
[2022-09-20T17:51:21.357+0530] {processor.py:650} INFO - DAG(s) dict_keys(['example_task_group']) retrieved from /home/sayone/This PC/SayOne Technologies/Works/airflow_new/Airflow/venv/lib/python3.8/site-packages/airflow/example_dags/example_task_group.py
[2022-09-20T17:51:21.367+0530] {logging_mixin.py:115} INFO - [2022-09-20T17:51:21.366+0530] {dag.py:2429} INFO - Sync 1 DAGs
[2022-09-20T17:51:21.376+0530] {logging_mixin.py:115} INFO - [2022-09-20T17:51:21.376+0530] {dag.py:2977} INFO - Setting next_dagrun for example_task_group to 2022-09-19T12:21:21.376227+00:00, run_after=2022-09-20T12:21:21.376227+00:00
[2022-09-20T17:51:21.388+0530] {processor.py:161} INFO - Processing /home/sayone/This PC/SayOne Technologies/Works/airflow_new/Airflow/venv/lib/python3.8/site-packages/airflow/example_dags/example_task_group.py took 0.048 seconds
[2022-09-20T17:51:59.642+0530] {processor.py:153} INFO - Started process (PID=36084) to work on /home/sayone/This PC/SayOne Technologies/Works/airflow_new/Airflow/venv/lib/python3.8/site-packages/airflow/example_dags/example_task_group.py
[2022-09-20T17:51:59.645+0530] {processor.py:640} INFO - Processing file /home/sayone/This PC/SayOne Technologies/Works/airflow_new/Airflow/venv/lib/python3.8/site-packages/airflow/example_dags/example_task_group.py for tasks to queue
[2022-09-20T17:51:59.645+0530] {logging_mixin.py:115} INFO - [2022-09-20T17:51:59.645+0530] {dagbag.py:508} INFO - Filling up the DagBag from /home/sayone/This PC/SayOne Technologies/Works/airflow_new/Airflow/venv/lib/python3.8/site-packages/airflow/example_dags/example_task_group.py
[2022-09-20T17:51:59.655+0530] {processor.py:650} INFO - DAG(s) dict_keys(['example_task_group']) retrieved from /home/sayone/This PC/SayOne Technologies/Works/airflow_new/Airflow/venv/lib/python3.8/site-packages/airflow/example_dags/example_task_group.py
[2022-09-20T17:51:59.666+0530] {logging_mixin.py:115} INFO - [2022-09-20T17:51:59.665+0530] {dag.py:2429} INFO - Sync 1 DAGs
[2022-09-20T17:51:59.678+0530] {logging_mixin.py:115} INFO - [2022-09-20T17:51:59.678+0530] {dag.py:2977} INFO - Setting next_dagrun for example_task_group to 2022-09-19T12:21:59.678639+00:00, run_after=2022-09-20T12:21:59.678639+00:00
[2022-09-20T17:51:59.692+0530] {processor.py:161} INFO - Processing /home/sayone/This PC/SayOne Technologies/Works/airflow_new/Airflow/venv/lib/python3.8/site-packages/airflow/example_dags/example_task_group.py took 0.053 seconds
[2022-09-20T17:52:36.165+0530] {processor.py:153} INFO - Started process (PID=36291) to work on /home/sayone/This PC/SayOne Technologies/Works/airflow_new/Airflow/venv/lib/python3.8/site-packages/airflow/example_dags/example_task_group.py
[2022-09-20T17:52:36.168+0530] {processor.py:640} INFO - Processing file /home/sayone/This PC/SayOne Technologies/Works/airflow_new/Airflow/venv/lib/python3.8/site-packages/airflow/example_dags/example_task_group.py for tasks to queue
[2022-09-20T17:52:36.168+0530] {logging_mixin.py:115} INFO - [2022-09-20T17:52:36.168+0530] {dagbag.py:508} INFO - Filling up the DagBag from /home/sayone/This PC/SayOne Technologies/Works/airflow_new/Airflow/venv/lib/python3.8/site-packages/airflow/example_dags/example_task_group.py
[2022-09-20T17:52:36.178+0530] {processor.py:650} INFO - DAG(s) dict_keys(['example_task_group']) retrieved from /home/sayone/This PC/SayOne Technologies/Works/airflow_new/Airflow/venv/lib/python3.8/site-packages/airflow/example_dags/example_task_group.py
[2022-09-20T17:52:36.189+0530] {logging_mixin.py:115} INFO - [2022-09-20T17:52:36.188+0530] {dag.py:2429} INFO - Sync 1 DAGs
[2022-09-20T17:52:36.198+0530] {logging_mixin.py:115} INFO - [2022-09-20T17:52:36.198+0530] {dag.py:2977} INFO - Setting next_dagrun for example_task_group to 2022-09-19T12:22:36.197872+00:00, run_after=2022-09-20T12:22:36.197872+00:00
[2022-09-20T17:52:36.207+0530] {processor.py:161} INFO - Processing /home/sayone/This PC/SayOne Technologies/Works/airflow_new/Airflow/venv/lib/python3.8/site-packages/airflow/example_dags/example_task_group.py took 0.043 seconds
[2022-09-20T17:53:13.781+0530] {processor.py:153} INFO - Started process (PID=36408) to work on /home/sayone/This PC/SayOne Technologies/Works/airflow_new/Airflow/venv/lib/python3.8/site-packages/airflow/example_dags/example_task_group.py
[2022-09-20T17:53:13.784+0530] {processor.py:640} INFO - Processing file /home/sayone/This PC/SayOne Technologies/Works/airflow_new/Airflow/venv/lib/python3.8/site-packages/airflow/example_dags/example_task_group.py for tasks to queue
[2022-09-20T17:53:13.785+0530] {logging_mixin.py:115} INFO - [2022-09-20T17:53:13.784+0530] {dagbag.py:508} INFO - Filling up the DagBag from /home/sayone/This PC/SayOne Technologies/Works/airflow_new/Airflow/venv/lib/python3.8/site-packages/airflow/example_dags/example_task_group.py
[2022-09-20T17:53:13.794+0530] {processor.py:650} INFO - DAG(s) dict_keys(['example_task_group']) retrieved from /home/sayone/This PC/SayOne Technologies/Works/airflow_new/Airflow/venv/lib/python3.8/site-packages/airflow/example_dags/example_task_group.py
[2022-09-20T17:53:13.805+0530] {logging_mixin.py:115} INFO - [2022-09-20T17:53:13.805+0530] {dag.py:2429} INFO - Sync 1 DAGs
[2022-09-20T17:53:13.817+0530] {logging_mixin.py:115} INFO - [2022-09-20T17:53:13.816+0530] {dag.py:2977} INFO - Setting next_dagrun for example_task_group to 2022-09-19T12:23:13.816536+00:00, run_after=2022-09-20T12:23:13.816536+00:00
[2022-09-20T17:53:13.830+0530] {processor.py:161} INFO - Processing /home/sayone/This PC/SayOne Technologies/Works/airflow_new/Airflow/venv/lib/python3.8/site-packages/airflow/example_dags/example_task_group.py took 0.053 seconds
[2022-09-20T17:53:49.801+0530] {processor.py:153} INFO - Started process (PID=36477) to work on /home/sayone/This PC/SayOne Technologies/Works/airflow_new/Airflow/venv/lib/python3.8/site-packages/airflow/example_dags/example_task_group.py
[2022-09-20T17:53:49.803+0530] {processor.py:640} INFO - Processing file /home/sayone/This PC/SayOne Technologies/Works/airflow_new/Airflow/venv/lib/python3.8/site-packages/airflow/example_dags/example_task_group.py for tasks to queue
[2022-09-20T17:53:49.804+0530] {logging_mixin.py:115} INFO - [2022-09-20T17:53:49.804+0530] {dagbag.py:508} INFO - Filling up the DagBag from /home/sayone/This PC/SayOne Technologies/Works/airflow_new/Airflow/venv/lib/python3.8/site-packages/airflow/example_dags/example_task_group.py
[2022-09-20T17:53:49.808+0530] {processor.py:650} INFO - DAG(s) dict_keys(['example_task_group']) retrieved from /home/sayone/This PC/SayOne Technologies/Works/airflow_new/Airflow/venv/lib/python3.8/site-packages/airflow/example_dags/example_task_group.py
[2022-09-20T17:53:49.820+0530] {logging_mixin.py:115} INFO - [2022-09-20T17:53:49.819+0530] {dag.py:2429} INFO - Sync 1 DAGs
[2022-09-20T17:53:49.831+0530] {logging_mixin.py:115} INFO - [2022-09-20T17:53:49.831+0530] {dag.py:2977} INFO - Setting next_dagrun for example_task_group to 2022-09-19T12:23:49.830932+00:00, run_after=2022-09-20T12:23:49.830932+00:00
[2022-09-20T17:53:49.843+0530] {processor.py:161} INFO - Processing /home/sayone/This PC/SayOne Technologies/Works/airflow_new/Airflow/venv/lib/python3.8/site-packages/airflow/example_dags/example_task_group.py took 0.044 seconds
