[2022-09-20T17:16:38.476+0530] {processor.py:153} INFO - Started process (PID=28591) to work on /home/sayone/This PC/SayOne Technologies/Works/airflow_new/Airflow/venv/lib/python3.8/site-packages/airflow/example_dags/example_trigger_target_dag.py
[2022-09-20T17:16:38.477+0530] {processor.py:640} INFO - Processing file /home/sayone/This PC/SayOne Technologies/Works/airflow_new/Airflow/venv/lib/python3.8/site-packages/airflow/example_dags/example_trigger_target_dag.py for tasks to queue
[2022-09-20T17:16:38.477+0530] {logging_mixin.py:115} INFO - [2022-09-20T17:16:38.477+0530] {dagbag.py:508} INFO - Filling up the DagBag from /home/sayone/This PC/SayOne Technologies/Works/airflow_new/Airflow/venv/lib/python3.8/site-packages/airflow/example_dags/example_trigger_target_dag.py
[2022-09-20T17:16:38.491+0530] {processor.py:650} INFO - DAG(s) dict_keys(['example_trigger_target_dag']) retrieved from /home/sayone/This PC/SayOne Technologies/Works/airflow_new/Airflow/venv/lib/python3.8/site-packages/airflow/example_dags/example_trigger_target_dag.py
[2022-09-20T17:16:38.534+0530] {logging_mixin.py:115} INFO - [2022-09-20T17:16:38.534+0530] {manager.py:508} INFO - Created Permission View: can edit on DAG:example_trigger_target_dag
[2022-09-20T17:16:38.541+0530] {logging_mixin.py:115} INFO - [2022-09-20T17:16:38.541+0530] {manager.py:508} INFO - Created Permission View: can read on DAG:example_trigger_target_dag
[2022-09-20T17:16:38.548+0530] {logging_mixin.py:115} INFO - [2022-09-20T17:16:38.548+0530] {manager.py:508} INFO - Created Permission View: can delete on DAG:example_trigger_target_dag
[2022-09-20T17:16:38.549+0530] {logging_mixin.py:115} INFO - [2022-09-20T17:16:38.548+0530] {dag.py:2429} INFO - Sync 1 DAGs
[2022-09-20T17:16:38.554+0530] {logging_mixin.py:115} INFO - [2022-09-20T17:16:38.554+0530] {dag.py:2448} INFO - Creating ORM DAG for example_trigger_target_dag
[2022-09-20T17:16:38.561+0530] {logging_mixin.py:115} INFO - [2022-09-20T17:16:38.561+0530] {dag.py:2977} INFO - Setting next_dagrun for example_trigger_target_dag to None, run_after=None
[2022-09-20T17:16:38.573+0530] {processor.py:161} INFO - Processing /home/sayone/This PC/SayOne Technologies/Works/airflow_new/Airflow/venv/lib/python3.8/site-packages/airflow/example_dags/example_trigger_target_dag.py took 0.102 seconds
[2022-09-20T17:17:17.250+0530] {processor.py:153} INFO - Started process (PID=28844) to work on /home/sayone/This PC/SayOne Technologies/Works/airflow_new/Airflow/venv/lib/python3.8/site-packages/airflow/example_dags/example_trigger_target_dag.py
[2022-09-20T17:17:17.252+0530] {processor.py:640} INFO - Processing file /home/sayone/This PC/SayOne Technologies/Works/airflow_new/Airflow/venv/lib/python3.8/site-packages/airflow/example_dags/example_trigger_target_dag.py for tasks to queue
[2022-09-20T17:17:17.253+0530] {logging_mixin.py:115} INFO - [2022-09-20T17:17:17.252+0530] {dagbag.py:508} INFO - Filling up the DagBag from /home/sayone/This PC/SayOne Technologies/Works/airflow_new/Airflow/venv/lib/python3.8/site-packages/airflow/example_dags/example_trigger_target_dag.py
[2022-09-20T17:17:17.265+0530] {processor.py:650} INFO - DAG(s) dict_keys(['example_trigger_target_dag']) retrieved from /home/sayone/This PC/SayOne Technologies/Works/airflow_new/Airflow/venv/lib/python3.8/site-packages/airflow/example_dags/example_trigger_target_dag.py
[2022-09-20T17:17:17.303+0530] {logging_mixin.py:115} INFO - [2022-09-20T17:17:17.302+0530] {dag.py:2429} INFO - Sync 1 DAGs
[2022-09-20T17:17:17.345+0530] {logging_mixin.py:115} INFO - [2022-09-20T17:17:17.345+0530] {dag.py:2977} INFO - Setting next_dagrun for example_trigger_target_dag to None, run_after=None
[2022-09-20T17:17:17.365+0530] {processor.py:161} INFO - Processing /home/sayone/This PC/SayOne Technologies/Works/airflow_new/Airflow/venv/lib/python3.8/site-packages/airflow/example_dags/example_trigger_target_dag.py took 0.117 seconds
[2022-09-20T17:17:51.013+0530] {processor.py:153} INFO - Started process (PID=29008) to work on /home/sayone/This PC/SayOne Technologies/Works/airflow_new/Airflow/venv/lib/python3.8/site-packages/airflow/example_dags/example_trigger_target_dag.py
[2022-09-20T17:17:51.014+0530] {processor.py:640} INFO - Processing file /home/sayone/This PC/SayOne Technologies/Works/airflow_new/Airflow/venv/lib/python3.8/site-packages/airflow/example_dags/example_trigger_target_dag.py for tasks to queue
[2022-09-20T17:17:51.015+0530] {logging_mixin.py:115} INFO - [2022-09-20T17:17:51.015+0530] {dagbag.py:508} INFO - Filling up the DagBag from /home/sayone/This PC/SayOne Technologies/Works/airflow_new/Airflow/venv/lib/python3.8/site-packages/airflow/example_dags/example_trigger_target_dag.py
[2022-09-20T17:17:51.028+0530] {processor.py:650} INFO - DAG(s) dict_keys(['example_trigger_target_dag']) retrieved from /home/sayone/This PC/SayOne Technologies/Works/airflow_new/Airflow/venv/lib/python3.8/site-packages/airflow/example_dags/example_trigger_target_dag.py
[2022-09-20T17:17:51.040+0530] {logging_mixin.py:115} INFO - [2022-09-20T17:17:51.040+0530] {dag.py:2429} INFO - Sync 1 DAGs
[2022-09-20T17:17:51.054+0530] {logging_mixin.py:115} INFO - [2022-09-20T17:17:51.054+0530] {dag.py:2977} INFO - Setting next_dagrun for example_trigger_target_dag to None, run_after=None
[2022-09-20T17:17:51.062+0530] {processor.py:161} INFO - Processing /home/sayone/This PC/SayOne Technologies/Works/airflow_new/Airflow/venv/lib/python3.8/site-packages/airflow/example_dags/example_trigger_target_dag.py took 0.052 seconds
[2022-09-20T17:18:27.045+0530] {processor.py:153} INFO - Started process (PID=29158) to work on /home/sayone/This PC/SayOne Technologies/Works/airflow_new/Airflow/venv/lib/python3.8/site-packages/airflow/example_dags/example_trigger_target_dag.py
[2022-09-20T17:18:27.048+0530] {processor.py:640} INFO - Processing file /home/sayone/This PC/SayOne Technologies/Works/airflow_new/Airflow/venv/lib/python3.8/site-packages/airflow/example_dags/example_trigger_target_dag.py for tasks to queue
[2022-09-20T17:18:27.048+0530] {logging_mixin.py:115} INFO - [2022-09-20T17:18:27.048+0530] {dagbag.py:508} INFO - Filling up the DagBag from /home/sayone/This PC/SayOne Technologies/Works/airflow_new/Airflow/venv/lib/python3.8/site-packages/airflow/example_dags/example_trigger_target_dag.py
[2022-09-20T17:18:27.061+0530] {processor.py:650} INFO - DAG(s) dict_keys(['example_trigger_target_dag']) retrieved from /home/sayone/This PC/SayOne Technologies/Works/airflow_new/Airflow/venv/lib/python3.8/site-packages/airflow/example_dags/example_trigger_target_dag.py
[2022-09-20T17:18:27.071+0530] {logging_mixin.py:115} INFO - [2022-09-20T17:18:27.070+0530] {dag.py:2429} INFO - Sync 1 DAGs
[2022-09-20T17:18:27.085+0530] {logging_mixin.py:115} INFO - [2022-09-20T17:18:27.084+0530] {dag.py:2977} INFO - Setting next_dagrun for example_trigger_target_dag to None, run_after=None
[2022-09-20T17:18:27.094+0530] {processor.py:161} INFO - Processing /home/sayone/This PC/SayOne Technologies/Works/airflow_new/Airflow/venv/lib/python3.8/site-packages/airflow/example_dags/example_trigger_target_dag.py took 0.051 seconds
[2022-09-20T17:19:01.893+0530] {processor.py:153} INFO - Started process (PID=29290) to work on /home/sayone/This PC/SayOne Technologies/Works/airflow_new/Airflow/venv/lib/python3.8/site-packages/airflow/example_dags/example_trigger_target_dag.py
[2022-09-20T17:19:01.897+0530] {processor.py:640} INFO - Processing file /home/sayone/This PC/SayOne Technologies/Works/airflow_new/Airflow/venv/lib/python3.8/site-packages/airflow/example_dags/example_trigger_target_dag.py for tasks to queue
[2022-09-20T17:19:01.899+0530] {logging_mixin.py:115} INFO - [2022-09-20T17:19:01.899+0530] {dagbag.py:508} INFO - Filling up the DagBag from /home/sayone/This PC/SayOne Technologies/Works/airflow_new/Airflow/venv/lib/python3.8/site-packages/airflow/example_dags/example_trigger_target_dag.py
[2022-09-20T17:19:01.911+0530] {processor.py:650} INFO - DAG(s) dict_keys(['example_trigger_target_dag']) retrieved from /home/sayone/This PC/SayOne Technologies/Works/airflow_new/Airflow/venv/lib/python3.8/site-packages/airflow/example_dags/example_trigger_target_dag.py
[2022-09-20T17:19:01.922+0530] {logging_mixin.py:115} INFO - [2022-09-20T17:19:01.921+0530] {dag.py:2429} INFO - Sync 1 DAGs
[2022-09-20T17:19:01.937+0530] {logging_mixin.py:115} INFO - [2022-09-20T17:19:01.937+0530] {dag.py:2977} INFO - Setting next_dagrun for example_trigger_target_dag to None, run_after=None
[2022-09-20T17:19:01.945+0530] {processor.py:161} INFO - Processing /home/sayone/This PC/SayOne Technologies/Works/airflow_new/Airflow/venv/lib/python3.8/site-packages/airflow/example_dags/example_trigger_target_dag.py took 0.056 seconds
[2022-09-20T17:19:37.295+0530] {processor.py:153} INFO - Started process (PID=29506) to work on /home/sayone/This PC/SayOne Technologies/Works/airflow_new/Airflow/venv/lib/python3.8/site-packages/airflow/example_dags/example_trigger_target_dag.py
[2022-09-20T17:19:37.298+0530] {processor.py:640} INFO - Processing file /home/sayone/This PC/SayOne Technologies/Works/airflow_new/Airflow/venv/lib/python3.8/site-packages/airflow/example_dags/example_trigger_target_dag.py for tasks to queue
[2022-09-20T17:19:37.298+0530] {logging_mixin.py:115} INFO - [2022-09-20T17:19:37.298+0530] {dagbag.py:508} INFO - Filling up the DagBag from /home/sayone/This PC/SayOne Technologies/Works/airflow_new/Airflow/venv/lib/python3.8/site-packages/airflow/example_dags/example_trigger_target_dag.py
[2022-09-20T17:19:37.311+0530] {processor.py:650} INFO - DAG(s) dict_keys(['example_trigger_target_dag']) retrieved from /home/sayone/This PC/SayOne Technologies/Works/airflow_new/Airflow/venv/lib/python3.8/site-packages/airflow/example_dags/example_trigger_target_dag.py
[2022-09-20T17:19:37.321+0530] {logging_mixin.py:115} INFO - [2022-09-20T17:19:37.321+0530] {dag.py:2429} INFO - Sync 1 DAGs
[2022-09-20T17:19:37.335+0530] {logging_mixin.py:115} INFO - [2022-09-20T17:19:37.334+0530] {dag.py:2977} INFO - Setting next_dagrun for example_trigger_target_dag to None, run_after=None
[2022-09-20T17:19:37.343+0530] {processor.py:161} INFO - Processing /home/sayone/This PC/SayOne Technologies/Works/airflow_new/Airflow/venv/lib/python3.8/site-packages/airflow/example_dags/example_trigger_target_dag.py took 0.049 seconds
[2022-09-20T17:20:00.026+0530] {processor.py:153} INFO - Started process (PID=29646) to work on /home/sayone/This PC/SayOne Technologies/Works/airflow_new/Airflow/venv/lib/python3.8/site-packages/airflow/example_dags/example_trigger_target_dag.py
[2022-09-20T17:20:00.027+0530] {processor.py:640} INFO - Processing file /home/sayone/This PC/SayOne Technologies/Works/airflow_new/Airflow/venv/lib/python3.8/site-packages/airflow/example_dags/example_trigger_target_dag.py for tasks to queue
[2022-09-20T17:20:00.028+0530] {logging_mixin.py:115} INFO - [2022-09-20T17:20:00.028+0530] {dagbag.py:508} INFO - Filling up the DagBag from /home/sayone/This PC/SayOne Technologies/Works/airflow_new/Airflow/venv/lib/python3.8/site-packages/airflow/example_dags/example_trigger_target_dag.py
[2022-09-20T17:20:00.046+0530] {processor.py:650} INFO - DAG(s) dict_keys(['example_trigger_target_dag']) retrieved from /home/sayone/This PC/SayOne Technologies/Works/airflow_new/Airflow/venv/lib/python3.8/site-packages/airflow/example_dags/example_trigger_target_dag.py
[2022-09-20T17:20:00.061+0530] {logging_mixin.py:115} INFO - [2022-09-20T17:20:00.060+0530] {dag.py:2429} INFO - Sync 1 DAGs
[2022-09-20T17:20:00.085+0530] {logging_mixin.py:115} INFO - [2022-09-20T17:20:00.084+0530] {dag.py:2977} INFO - Setting next_dagrun for example_trigger_target_dag to None, run_after=None
[2022-09-20T17:20:00.100+0530] {processor.py:161} INFO - Processing /home/sayone/This PC/SayOne Technologies/Works/airflow_new/Airflow/venv/lib/python3.8/site-packages/airflow/example_dags/example_trigger_target_dag.py took 0.076 seconds
[2022-09-20T17:20:34.873+0530] {processor.py:153} INFO - Started process (PID=29718) to work on /home/sayone/This PC/SayOne Technologies/Works/airflow_new/Airflow/venv/lib/python3.8/site-packages/airflow/example_dags/example_trigger_target_dag.py
[2022-09-20T17:20:34.876+0530] {processor.py:640} INFO - Processing file /home/sayone/This PC/SayOne Technologies/Works/airflow_new/Airflow/venv/lib/python3.8/site-packages/airflow/example_dags/example_trigger_target_dag.py for tasks to queue
[2022-09-20T17:20:34.877+0530] {logging_mixin.py:115} INFO - [2022-09-20T17:20:34.876+0530] {dagbag.py:508} INFO - Filling up the DagBag from /home/sayone/This PC/SayOne Technologies/Works/airflow_new/Airflow/venv/lib/python3.8/site-packages/airflow/example_dags/example_trigger_target_dag.py
[2022-09-20T17:20:34.896+0530] {processor.py:650} INFO - DAG(s) dict_keys(['example_trigger_target_dag']) retrieved from /home/sayone/This PC/SayOne Technologies/Works/airflow_new/Airflow/venv/lib/python3.8/site-packages/airflow/example_dags/example_trigger_target_dag.py
[2022-09-20T17:20:34.915+0530] {logging_mixin.py:115} INFO - [2022-09-20T17:20:34.915+0530] {dag.py:2429} INFO - Sync 1 DAGs
[2022-09-20T17:20:34.932+0530] {logging_mixin.py:115} INFO - [2022-09-20T17:20:34.932+0530] {dag.py:2977} INFO - Setting next_dagrun for example_trigger_target_dag to None, run_after=None
[2022-09-20T17:20:34.953+0530] {processor.py:161} INFO - Processing /home/sayone/This PC/SayOne Technologies/Works/airflow_new/Airflow/venv/lib/python3.8/site-packages/airflow/example_dags/example_trigger_target_dag.py took 0.082 seconds
[2022-09-20T17:21:10.520+0530] {processor.py:153} INFO - Started process (PID=29823) to work on /home/sayone/This PC/SayOne Technologies/Works/airflow_new/Airflow/venv/lib/python3.8/site-packages/airflow/example_dags/example_trigger_target_dag.py
[2022-09-20T17:21:10.523+0530] {processor.py:640} INFO - Processing file /home/sayone/This PC/SayOne Technologies/Works/airflow_new/Airflow/venv/lib/python3.8/site-packages/airflow/example_dags/example_trigger_target_dag.py for tasks to queue
[2022-09-20T17:21:10.524+0530] {logging_mixin.py:115} INFO - [2022-09-20T17:21:10.524+0530] {dagbag.py:508} INFO - Filling up the DagBag from /home/sayone/This PC/SayOne Technologies/Works/airflow_new/Airflow/venv/lib/python3.8/site-packages/airflow/example_dags/example_trigger_target_dag.py
[2022-09-20T17:21:10.544+0530] {processor.py:650} INFO - DAG(s) dict_keys(['example_trigger_target_dag']) retrieved from /home/sayone/This PC/SayOne Technologies/Works/airflow_new/Airflow/venv/lib/python3.8/site-packages/airflow/example_dags/example_trigger_target_dag.py
[2022-09-20T17:21:10.557+0530] {logging_mixin.py:115} INFO - [2022-09-20T17:21:10.557+0530] {dag.py:2429} INFO - Sync 1 DAGs
[2022-09-20T17:21:10.571+0530] {logging_mixin.py:115} INFO - [2022-09-20T17:21:10.571+0530] {dag.py:2977} INFO - Setting next_dagrun for example_trigger_target_dag to None, run_after=None
[2022-09-20T17:21:10.580+0530] {processor.py:161} INFO - Processing /home/sayone/This PC/SayOne Technologies/Works/airflow_new/Airflow/venv/lib/python3.8/site-packages/airflow/example_dags/example_trigger_target_dag.py took 0.065 seconds
[2022-09-20T17:21:47.015+0530] {processor.py:153} INFO - Started process (PID=29939) to work on /home/sayone/This PC/SayOne Technologies/Works/airflow_new/Airflow/venv/lib/python3.8/site-packages/airflow/example_dags/example_trigger_target_dag.py
[2022-09-20T17:21:47.018+0530] {processor.py:640} INFO - Processing file /home/sayone/This PC/SayOne Technologies/Works/airflow_new/Airflow/venv/lib/python3.8/site-packages/airflow/example_dags/example_trigger_target_dag.py for tasks to queue
[2022-09-20T17:21:47.019+0530] {logging_mixin.py:115} INFO - [2022-09-20T17:21:47.019+0530] {dagbag.py:508} INFO - Filling up the DagBag from /home/sayone/This PC/SayOne Technologies/Works/airflow_new/Airflow/venv/lib/python3.8/site-packages/airflow/example_dags/example_trigger_target_dag.py
[2022-09-20T17:21:47.034+0530] {processor.py:650} INFO - DAG(s) dict_keys(['example_trigger_target_dag']) retrieved from /home/sayone/This PC/SayOne Technologies/Works/airflow_new/Airflow/venv/lib/python3.8/site-packages/airflow/example_dags/example_trigger_target_dag.py
[2022-09-20T17:21:47.042+0530] {logging_mixin.py:115} INFO - [2022-09-20T17:21:47.042+0530] {dag.py:2429} INFO - Sync 1 DAGs
[2022-09-20T17:21:47.054+0530] {logging_mixin.py:115} INFO - [2022-09-20T17:21:47.053+0530] {dag.py:2977} INFO - Setting next_dagrun for example_trigger_target_dag to None, run_after=None
[2022-09-20T17:21:47.061+0530] {processor.py:161} INFO - Processing /home/sayone/This PC/SayOne Technologies/Works/airflow_new/Airflow/venv/lib/python3.8/site-packages/airflow/example_dags/example_trigger_target_dag.py took 0.051 seconds
[2022-09-20T17:22:21.371+0530] {processor.py:153} INFO - Started process (PID=30226) to work on /home/sayone/This PC/SayOne Technologies/Works/airflow_new/Airflow/venv/lib/python3.8/site-packages/airflow/example_dags/example_trigger_target_dag.py
[2022-09-20T17:22:21.374+0530] {processor.py:640} INFO - Processing file /home/sayone/This PC/SayOne Technologies/Works/airflow_new/Airflow/venv/lib/python3.8/site-packages/airflow/example_dags/example_trigger_target_dag.py for tasks to queue
[2022-09-20T17:22:21.375+0530] {logging_mixin.py:115} INFO - [2022-09-20T17:22:21.375+0530] {dagbag.py:508} INFO - Filling up the DagBag from /home/sayone/This PC/SayOne Technologies/Works/airflow_new/Airflow/venv/lib/python3.8/site-packages/airflow/example_dags/example_trigger_target_dag.py
[2022-09-20T17:22:21.386+0530] {processor.py:650} INFO - DAG(s) dict_keys(['example_trigger_target_dag']) retrieved from /home/sayone/This PC/SayOne Technologies/Works/airflow_new/Airflow/venv/lib/python3.8/site-packages/airflow/example_dags/example_trigger_target_dag.py
[2022-09-20T17:22:21.395+0530] {logging_mixin.py:115} INFO - [2022-09-20T17:22:21.395+0530] {dag.py:2429} INFO - Sync 1 DAGs
[2022-09-20T17:22:21.407+0530] {logging_mixin.py:115} INFO - [2022-09-20T17:22:21.407+0530] {dag.py:2977} INFO - Setting next_dagrun for example_trigger_target_dag to None, run_after=None
[2022-09-20T17:22:21.416+0530] {processor.py:161} INFO - Processing /home/sayone/This PC/SayOne Technologies/Works/airflow_new/Airflow/venv/lib/python3.8/site-packages/airflow/example_dags/example_trigger_target_dag.py took 0.049 seconds
[2022-09-20T17:22:57.175+0530] {processor.py:153} INFO - Started process (PID=30360) to work on /home/sayone/This PC/SayOne Technologies/Works/airflow_new/Airflow/venv/lib/python3.8/site-packages/airflow/example_dags/example_trigger_target_dag.py
[2022-09-20T17:22:57.178+0530] {processor.py:640} INFO - Processing file /home/sayone/This PC/SayOne Technologies/Works/airflow_new/Airflow/venv/lib/python3.8/site-packages/airflow/example_dags/example_trigger_target_dag.py for tasks to queue
[2022-09-20T17:22:57.179+0530] {logging_mixin.py:115} INFO - [2022-09-20T17:22:57.179+0530] {dagbag.py:508} INFO - Filling up the DagBag from /home/sayone/This PC/SayOne Technologies/Works/airflow_new/Airflow/venv/lib/python3.8/site-packages/airflow/example_dags/example_trigger_target_dag.py
[2022-09-20T17:22:57.194+0530] {processor.py:650} INFO - DAG(s) dict_keys(['example_trigger_target_dag']) retrieved from /home/sayone/This PC/SayOne Technologies/Works/airflow_new/Airflow/venv/lib/python3.8/site-packages/airflow/example_dags/example_trigger_target_dag.py
[2022-09-20T17:22:57.204+0530] {logging_mixin.py:115} INFO - [2022-09-20T17:22:57.203+0530] {dag.py:2429} INFO - Sync 1 DAGs
[2022-09-20T17:22:57.215+0530] {logging_mixin.py:115} INFO - [2022-09-20T17:22:57.215+0530] {dag.py:2977} INFO - Setting next_dagrun for example_trigger_target_dag to None, run_after=None
[2022-09-20T17:22:57.224+0530] {processor.py:161} INFO - Processing /home/sayone/This PC/SayOne Technologies/Works/airflow_new/Airflow/venv/lib/python3.8/site-packages/airflow/example_dags/example_trigger_target_dag.py took 0.053 seconds
[2022-09-20T17:23:24.324+0530] {processor.py:153} INFO - Started process (PID=30429) to work on /home/sayone/This PC/SayOne Technologies/Works/airflow_new/Airflow/venv/lib/python3.8/site-packages/airflow/example_dags/example_trigger_target_dag.py
[2022-09-20T17:23:24.325+0530] {processor.py:640} INFO - Processing file /home/sayone/This PC/SayOne Technologies/Works/airflow_new/Airflow/venv/lib/python3.8/site-packages/airflow/example_dags/example_trigger_target_dag.py for tasks to queue
[2022-09-20T17:23:24.326+0530] {logging_mixin.py:115} INFO - [2022-09-20T17:23:24.326+0530] {dagbag.py:508} INFO - Filling up the DagBag from /home/sayone/This PC/SayOne Technologies/Works/airflow_new/Airflow/venv/lib/python3.8/site-packages/airflow/example_dags/example_trigger_target_dag.py
[2022-09-20T17:23:24.339+0530] {processor.py:650} INFO - DAG(s) dict_keys(['example_trigger_target_dag']) retrieved from /home/sayone/This PC/SayOne Technologies/Works/airflow_new/Airflow/venv/lib/python3.8/site-packages/airflow/example_dags/example_trigger_target_dag.py
[2022-09-20T17:23:24.349+0530] {logging_mixin.py:115} INFO - [2022-09-20T17:23:24.349+0530] {dag.py:2429} INFO - Sync 1 DAGs
[2022-09-20T17:23:24.361+0530] {logging_mixin.py:115} INFO - [2022-09-20T17:23:24.361+0530] {dag.py:2977} INFO - Setting next_dagrun for example_trigger_target_dag to None, run_after=None
[2022-09-20T17:23:24.369+0530] {processor.py:161} INFO - Processing /home/sayone/This PC/SayOne Technologies/Works/airflow_new/Airflow/venv/lib/python3.8/site-packages/airflow/example_dags/example_trigger_target_dag.py took 0.050 seconds
[2022-09-20T17:23:59.134+0530] {processor.py:153} INFO - Started process (PID=30556) to work on /home/sayone/This PC/SayOne Technologies/Works/airflow_new/Airflow/venv/lib/python3.8/site-packages/airflow/example_dags/example_trigger_target_dag.py
[2022-09-20T17:23:59.137+0530] {processor.py:640} INFO - Processing file /home/sayone/This PC/SayOne Technologies/Works/airflow_new/Airflow/venv/lib/python3.8/site-packages/airflow/example_dags/example_trigger_target_dag.py for tasks to queue
[2022-09-20T17:23:59.138+0530] {logging_mixin.py:115} INFO - [2022-09-20T17:23:59.138+0530] {dagbag.py:508} INFO - Filling up the DagBag from /home/sayone/This PC/SayOne Technologies/Works/airflow_new/Airflow/venv/lib/python3.8/site-packages/airflow/example_dags/example_trigger_target_dag.py
[2022-09-20T17:23:59.151+0530] {processor.py:650} INFO - DAG(s) dict_keys(['example_trigger_target_dag']) retrieved from /home/sayone/This PC/SayOne Technologies/Works/airflow_new/Airflow/venv/lib/python3.8/site-packages/airflow/example_dags/example_trigger_target_dag.py
[2022-09-20T17:23:59.160+0530] {logging_mixin.py:115} INFO - [2022-09-20T17:23:59.160+0530] {dag.py:2429} INFO - Sync 1 DAGs
[2022-09-20T17:23:59.173+0530] {logging_mixin.py:115} INFO - [2022-09-20T17:23:59.173+0530] {dag.py:2977} INFO - Setting next_dagrun for example_trigger_target_dag to None, run_after=None
[2022-09-20T17:23:59.186+0530] {processor.py:161} INFO - Processing /home/sayone/This PC/SayOne Technologies/Works/airflow_new/Airflow/venv/lib/python3.8/site-packages/airflow/example_dags/example_trigger_target_dag.py took 0.056 seconds
[2022-09-20T17:24:33.987+0530] {processor.py:153} INFO - Started process (PID=30806) to work on /home/sayone/This PC/SayOne Technologies/Works/airflow_new/Airflow/venv/lib/python3.8/site-packages/airflow/example_dags/example_trigger_target_dag.py
[2022-09-20T17:24:33.990+0530] {processor.py:640} INFO - Processing file /home/sayone/This PC/SayOne Technologies/Works/airflow_new/Airflow/venv/lib/python3.8/site-packages/airflow/example_dags/example_trigger_target_dag.py for tasks to queue
[2022-09-20T17:24:33.990+0530] {logging_mixin.py:115} INFO - [2022-09-20T17:24:33.990+0530] {dagbag.py:508} INFO - Filling up the DagBag from /home/sayone/This PC/SayOne Technologies/Works/airflow_new/Airflow/venv/lib/python3.8/site-packages/airflow/example_dags/example_trigger_target_dag.py
[2022-09-20T17:24:34.000+0530] {processor.py:650} INFO - DAG(s) dict_keys(['example_trigger_target_dag']) retrieved from /home/sayone/This PC/SayOne Technologies/Works/airflow_new/Airflow/venv/lib/python3.8/site-packages/airflow/example_dags/example_trigger_target_dag.py
[2022-09-20T17:24:34.009+0530] {logging_mixin.py:115} INFO - [2022-09-20T17:24:34.009+0530] {dag.py:2429} INFO - Sync 1 DAGs
[2022-09-20T17:24:34.021+0530] {logging_mixin.py:115} INFO - [2022-09-20T17:24:34.021+0530] {dag.py:2977} INFO - Setting next_dagrun for example_trigger_target_dag to None, run_after=None
[2022-09-20T17:24:34.032+0530] {processor.py:161} INFO - Processing /home/sayone/This PC/SayOne Technologies/Works/airflow_new/Airflow/venv/lib/python3.8/site-packages/airflow/example_dags/example_trigger_target_dag.py took 0.046 seconds
[2022-09-20T17:25:11.075+0530] {processor.py:153} INFO - Started process (PID=30959) to work on /home/sayone/This PC/SayOne Technologies/Works/airflow_new/Airflow/venv/lib/python3.8/site-packages/airflow/example_dags/example_trigger_target_dag.py
[2022-09-20T17:25:11.078+0530] {processor.py:640} INFO - Processing file /home/sayone/This PC/SayOne Technologies/Works/airflow_new/Airflow/venv/lib/python3.8/site-packages/airflow/example_dags/example_trigger_target_dag.py for tasks to queue
[2022-09-20T17:25:11.079+0530] {logging_mixin.py:115} INFO - [2022-09-20T17:25:11.079+0530] {dagbag.py:508} INFO - Filling up the DagBag from /home/sayone/This PC/SayOne Technologies/Works/airflow_new/Airflow/venv/lib/python3.8/site-packages/airflow/example_dags/example_trigger_target_dag.py
[2022-09-20T17:25:11.089+0530] {processor.py:650} INFO - DAG(s) dict_keys(['example_trigger_target_dag']) retrieved from /home/sayone/This PC/SayOne Technologies/Works/airflow_new/Airflow/venv/lib/python3.8/site-packages/airflow/example_dags/example_trigger_target_dag.py
[2022-09-20T17:25:11.099+0530] {logging_mixin.py:115} INFO - [2022-09-20T17:25:11.099+0530] {dag.py:2429} INFO - Sync 1 DAGs
[2022-09-20T17:25:11.114+0530] {logging_mixin.py:115} INFO - [2022-09-20T17:25:11.114+0530] {dag.py:2977} INFO - Setting next_dagrun for example_trigger_target_dag to None, run_after=None
[2022-09-20T17:25:11.123+0530] {processor.py:161} INFO - Processing /home/sayone/This PC/SayOne Technologies/Works/airflow_new/Airflow/venv/lib/python3.8/site-packages/airflow/example_dags/example_trigger_target_dag.py took 0.051 seconds
[2022-09-20T17:25:45.948+0530] {processor.py:153} INFO - Started process (PID=31046) to work on /home/sayone/This PC/SayOne Technologies/Works/airflow_new/Airflow/venv/lib/python3.8/site-packages/airflow/example_dags/example_trigger_target_dag.py
[2022-09-20T17:25:45.951+0530] {processor.py:640} INFO - Processing file /home/sayone/This PC/SayOne Technologies/Works/airflow_new/Airflow/venv/lib/python3.8/site-packages/airflow/example_dags/example_trigger_target_dag.py for tasks to queue
[2022-09-20T17:25:45.951+0530] {logging_mixin.py:115} INFO - [2022-09-20T17:25:45.951+0530] {dagbag.py:508} INFO - Filling up the DagBag from /home/sayone/This PC/SayOne Technologies/Works/airflow_new/Airflow/venv/lib/python3.8/site-packages/airflow/example_dags/example_trigger_target_dag.py
[2022-09-20T17:25:45.962+0530] {processor.py:650} INFO - DAG(s) dict_keys(['example_trigger_target_dag']) retrieved from /home/sayone/This PC/SayOne Technologies/Works/airflow_new/Airflow/venv/lib/python3.8/site-packages/airflow/example_dags/example_trigger_target_dag.py
[2022-09-20T17:25:45.973+0530] {logging_mixin.py:115} INFO - [2022-09-20T17:25:45.973+0530] {dag.py:2429} INFO - Sync 1 DAGs
[2022-09-20T17:25:45.990+0530] {logging_mixin.py:115} INFO - [2022-09-20T17:25:45.990+0530] {dag.py:2977} INFO - Setting next_dagrun for example_trigger_target_dag to None, run_after=None
[2022-09-20T17:25:46.002+0530] {processor.py:161} INFO - Processing /home/sayone/This PC/SayOne Technologies/Works/airflow_new/Airflow/venv/lib/python3.8/site-packages/airflow/example_dags/example_trigger_target_dag.py took 0.055 seconds
[2022-09-20T17:26:24.194+0530] {processor.py:153} INFO - Started process (PID=31159) to work on /home/sayone/This PC/SayOne Technologies/Works/airflow_new/Airflow/venv/lib/python3.8/site-packages/airflow/example_dags/example_trigger_target_dag.py
[2022-09-20T17:26:24.195+0530] {processor.py:640} INFO - Processing file /home/sayone/This PC/SayOne Technologies/Works/airflow_new/Airflow/venv/lib/python3.8/site-packages/airflow/example_dags/example_trigger_target_dag.py for tasks to queue
[2022-09-20T17:26:24.195+0530] {logging_mixin.py:115} INFO - [2022-09-20T17:26:24.195+0530] {dagbag.py:508} INFO - Filling up the DagBag from /home/sayone/This PC/SayOne Technologies/Works/airflow_new/Airflow/venv/lib/python3.8/site-packages/airflow/example_dags/example_trigger_target_dag.py
[2022-09-20T17:26:24.211+0530] {processor.py:650} INFO - DAG(s) dict_keys(['example_trigger_target_dag']) retrieved from /home/sayone/This PC/SayOne Technologies/Works/airflow_new/Airflow/venv/lib/python3.8/site-packages/airflow/example_dags/example_trigger_target_dag.py
[2022-09-20T17:26:24.219+0530] {logging_mixin.py:115} INFO - [2022-09-20T17:26:24.219+0530] {dag.py:2429} INFO - Sync 1 DAGs
[2022-09-20T17:26:24.229+0530] {logging_mixin.py:115} INFO - [2022-09-20T17:26:24.229+0530] {dag.py:2977} INFO - Setting next_dagrun for example_trigger_target_dag to None, run_after=None
[2022-09-20T17:26:24.237+0530] {processor.py:161} INFO - Processing /home/sayone/This PC/SayOne Technologies/Works/airflow_new/Airflow/venv/lib/python3.8/site-packages/airflow/example_dags/example_trigger_target_dag.py took 0.045 seconds
[2022-09-20T17:26:59.097+0530] {processor.py:153} INFO - Started process (PID=31365) to work on /home/sayone/This PC/SayOne Technologies/Works/airflow_new/Airflow/venv/lib/python3.8/site-packages/airflow/example_dags/example_trigger_target_dag.py
[2022-09-20T17:26:59.100+0530] {processor.py:640} INFO - Processing file /home/sayone/This PC/SayOne Technologies/Works/airflow_new/Airflow/venv/lib/python3.8/site-packages/airflow/example_dags/example_trigger_target_dag.py for tasks to queue
[2022-09-20T17:26:59.101+0530] {logging_mixin.py:115} INFO - [2022-09-20T17:26:59.101+0530] {dagbag.py:508} INFO - Filling up the DagBag from /home/sayone/This PC/SayOne Technologies/Works/airflow_new/Airflow/venv/lib/python3.8/site-packages/airflow/example_dags/example_trigger_target_dag.py
[2022-09-20T17:26:59.117+0530] {processor.py:650} INFO - DAG(s) dict_keys(['example_trigger_target_dag']) retrieved from /home/sayone/This PC/SayOne Technologies/Works/airflow_new/Airflow/venv/lib/python3.8/site-packages/airflow/example_dags/example_trigger_target_dag.py
[2022-09-20T17:26:59.125+0530] {logging_mixin.py:115} INFO - [2022-09-20T17:26:59.125+0530] {dag.py:2429} INFO - Sync 1 DAGs
[2022-09-20T17:26:59.135+0530] {logging_mixin.py:115} INFO - [2022-09-20T17:26:59.135+0530] {dag.py:2977} INFO - Setting next_dagrun for example_trigger_target_dag to None, run_after=None
[2022-09-20T17:26:59.144+0530] {processor.py:161} INFO - Processing /home/sayone/This PC/SayOne Technologies/Works/airflow_new/Airflow/venv/lib/python3.8/site-packages/airflow/example_dags/example_trigger_target_dag.py took 0.048 seconds
[2022-09-20T17:27:37.575+0530] {processor.py:153} INFO - Started process (PID=31571) to work on /home/sayone/This PC/SayOne Technologies/Works/airflow_new/Airflow/venv/lib/python3.8/site-packages/airflow/example_dags/example_trigger_target_dag.py
[2022-09-20T17:27:37.578+0530] {processor.py:640} INFO - Processing file /home/sayone/This PC/SayOne Technologies/Works/airflow_new/Airflow/venv/lib/python3.8/site-packages/airflow/example_dags/example_trigger_target_dag.py for tasks to queue
[2022-09-20T17:27:37.579+0530] {logging_mixin.py:115} INFO - [2022-09-20T17:27:37.579+0530] {dagbag.py:508} INFO - Filling up the DagBag from /home/sayone/This PC/SayOne Technologies/Works/airflow_new/Airflow/venv/lib/python3.8/site-packages/airflow/example_dags/example_trigger_target_dag.py
[2022-09-20T17:27:37.596+0530] {processor.py:650} INFO - DAG(s) dict_keys(['example_trigger_target_dag']) retrieved from /home/sayone/This PC/SayOne Technologies/Works/airflow_new/Airflow/venv/lib/python3.8/site-packages/airflow/example_dags/example_trigger_target_dag.py
[2022-09-20T17:27:37.605+0530] {logging_mixin.py:115} INFO - [2022-09-20T17:27:37.605+0530] {dag.py:2429} INFO - Sync 1 DAGs
[2022-09-20T17:27:37.616+0530] {logging_mixin.py:115} INFO - [2022-09-20T17:27:37.616+0530] {dag.py:2977} INFO - Setting next_dagrun for example_trigger_target_dag to None, run_after=None
[2022-09-20T17:27:37.625+0530] {processor.py:161} INFO - Processing /home/sayone/This PC/SayOne Technologies/Works/airflow_new/Airflow/venv/lib/python3.8/site-packages/airflow/example_dags/example_trigger_target_dag.py took 0.052 seconds
[2022-09-20T17:28:10.769+0530] {processor.py:153} INFO - Started process (PID=31666) to work on /home/sayone/This PC/SayOne Technologies/Works/airflow_new/Airflow/venv/lib/python3.8/site-packages/airflow/example_dags/example_trigger_target_dag.py
[2022-09-20T17:28:10.772+0530] {processor.py:640} INFO - Processing file /home/sayone/This PC/SayOne Technologies/Works/airflow_new/Airflow/venv/lib/python3.8/site-packages/airflow/example_dags/example_trigger_target_dag.py for tasks to queue
[2022-09-20T17:28:10.772+0530] {logging_mixin.py:115} INFO - [2022-09-20T17:28:10.772+0530] {dagbag.py:508} INFO - Filling up the DagBag from /home/sayone/This PC/SayOne Technologies/Works/airflow_new/Airflow/venv/lib/python3.8/site-packages/airflow/example_dags/example_trigger_target_dag.py
[2022-09-20T17:28:10.787+0530] {processor.py:650} INFO - DAG(s) dict_keys(['example_trigger_target_dag']) retrieved from /home/sayone/This PC/SayOne Technologies/Works/airflow_new/Airflow/venv/lib/python3.8/site-packages/airflow/example_dags/example_trigger_target_dag.py
[2022-09-20T17:28:10.796+0530] {logging_mixin.py:115} INFO - [2022-09-20T17:28:10.795+0530] {dag.py:2429} INFO - Sync 1 DAGs
[2022-09-20T17:28:10.806+0530] {logging_mixin.py:115} INFO - [2022-09-20T17:28:10.806+0530] {dag.py:2977} INFO - Setting next_dagrun for example_trigger_target_dag to None, run_after=None
[2022-09-20T17:28:10.815+0530] {processor.py:161} INFO - Processing /home/sayone/This PC/SayOne Technologies/Works/airflow_new/Airflow/venv/lib/python3.8/site-packages/airflow/example_dags/example_trigger_target_dag.py took 0.048 seconds
[2022-09-20T17:28:49.620+0530] {processor.py:153} INFO - Started process (PID=31743) to work on /home/sayone/This PC/SayOne Technologies/Works/airflow_new/Airflow/venv/lib/python3.8/site-packages/airflow/example_dags/example_trigger_target_dag.py
[2022-09-20T17:28:49.624+0530] {processor.py:640} INFO - Processing file /home/sayone/This PC/SayOne Technologies/Works/airflow_new/Airflow/venv/lib/python3.8/site-packages/airflow/example_dags/example_trigger_target_dag.py for tasks to queue
[2022-09-20T17:28:49.625+0530] {logging_mixin.py:115} INFO - [2022-09-20T17:28:49.625+0530] {dagbag.py:508} INFO - Filling up the DagBag from /home/sayone/This PC/SayOne Technologies/Works/airflow_new/Airflow/venv/lib/python3.8/site-packages/airflow/example_dags/example_trigger_target_dag.py
[2022-09-20T17:28:49.641+0530] {processor.py:650} INFO - DAG(s) dict_keys(['example_trigger_target_dag']) retrieved from /home/sayone/This PC/SayOne Technologies/Works/airflow_new/Airflow/venv/lib/python3.8/site-packages/airflow/example_dags/example_trigger_target_dag.py
[2022-09-20T17:28:49.649+0530] {logging_mixin.py:115} INFO - [2022-09-20T17:28:49.648+0530] {dag.py:2429} INFO - Sync 1 DAGs
[2022-09-20T17:28:49.659+0530] {logging_mixin.py:115} INFO - [2022-09-20T17:28:49.659+0530] {dag.py:2977} INFO - Setting next_dagrun for example_trigger_target_dag to None, run_after=None
[2022-09-20T17:28:49.667+0530] {processor.py:161} INFO - Processing /home/sayone/This PC/SayOne Technologies/Works/airflow_new/Airflow/venv/lib/python3.8/site-packages/airflow/example_dags/example_trigger_target_dag.py took 0.051 seconds
[2022-09-20T17:29:25.039+0530] {processor.py:153} INFO - Started process (PID=31878) to work on /home/sayone/This PC/SayOne Technologies/Works/airflow_new/Airflow/venv/lib/python3.8/site-packages/airflow/example_dags/example_trigger_target_dag.py
[2022-09-20T17:29:25.042+0530] {processor.py:640} INFO - Processing file /home/sayone/This PC/SayOne Technologies/Works/airflow_new/Airflow/venv/lib/python3.8/site-packages/airflow/example_dags/example_trigger_target_dag.py for tasks to queue
[2022-09-20T17:29:25.042+0530] {logging_mixin.py:115} INFO - [2022-09-20T17:29:25.042+0530] {dagbag.py:508} INFO - Filling up the DagBag from /home/sayone/This PC/SayOne Technologies/Works/airflow_new/Airflow/venv/lib/python3.8/site-packages/airflow/example_dags/example_trigger_target_dag.py
[2022-09-20T17:29:25.059+0530] {processor.py:650} INFO - DAG(s) dict_keys(['example_trigger_target_dag']) retrieved from /home/sayone/This PC/SayOne Technologies/Works/airflow_new/Airflow/venv/lib/python3.8/site-packages/airflow/example_dags/example_trigger_target_dag.py
[2022-09-20T17:29:25.067+0530] {logging_mixin.py:115} INFO - [2022-09-20T17:29:25.066+0530] {dag.py:2429} INFO - Sync 1 DAGs
[2022-09-20T17:29:25.077+0530] {logging_mixin.py:115} INFO - [2022-09-20T17:29:25.077+0530] {dag.py:2977} INFO - Setting next_dagrun for example_trigger_target_dag to None, run_after=None
[2022-09-20T17:29:25.086+0530] {processor.py:161} INFO - Processing /home/sayone/This PC/SayOne Technologies/Works/airflow_new/Airflow/venv/lib/python3.8/site-packages/airflow/example_dags/example_trigger_target_dag.py took 0.049 seconds
[2022-09-20T17:30:01.173+0530] {processor.py:153} INFO - Started process (PID=32073) to work on /home/sayone/This PC/SayOne Technologies/Works/airflow_new/Airflow/venv/lib/python3.8/site-packages/airflow/example_dags/example_trigger_target_dag.py
[2022-09-20T17:30:01.176+0530] {processor.py:640} INFO - Processing file /home/sayone/This PC/SayOne Technologies/Works/airflow_new/Airflow/venv/lib/python3.8/site-packages/airflow/example_dags/example_trigger_target_dag.py for tasks to queue
[2022-09-20T17:30:01.176+0530] {logging_mixin.py:115} INFO - [2022-09-20T17:30:01.176+0530] {dagbag.py:508} INFO - Filling up the DagBag from /home/sayone/This PC/SayOne Technologies/Works/airflow_new/Airflow/venv/lib/python3.8/site-packages/airflow/example_dags/example_trigger_target_dag.py
[2022-09-20T17:30:01.192+0530] {processor.py:650} INFO - DAG(s) dict_keys(['example_trigger_target_dag']) retrieved from /home/sayone/This PC/SayOne Technologies/Works/airflow_new/Airflow/venv/lib/python3.8/site-packages/airflow/example_dags/example_trigger_target_dag.py
[2022-09-20T17:30:01.200+0530] {logging_mixin.py:115} INFO - [2022-09-20T17:30:01.200+0530] {dag.py:2429} INFO - Sync 1 DAGs
[2022-09-20T17:30:01.211+0530] {logging_mixin.py:115} INFO - [2022-09-20T17:30:01.211+0530] {dag.py:2977} INFO - Setting next_dagrun for example_trigger_target_dag to None, run_after=None
[2022-09-20T17:30:01.219+0530] {processor.py:161} INFO - Processing /home/sayone/This PC/SayOne Technologies/Works/airflow_new/Airflow/venv/lib/python3.8/site-packages/airflow/example_dags/example_trigger_target_dag.py took 0.048 seconds
[2022-09-20T17:30:36.706+0530] {processor.py:153} INFO - Started process (PID=32142) to work on /home/sayone/This PC/SayOne Technologies/Works/airflow_new/Airflow/venv/lib/python3.8/site-packages/airflow/example_dags/example_trigger_target_dag.py
[2022-09-20T17:30:36.709+0530] {processor.py:640} INFO - Processing file /home/sayone/This PC/SayOne Technologies/Works/airflow_new/Airflow/venv/lib/python3.8/site-packages/airflow/example_dags/example_trigger_target_dag.py for tasks to queue
[2022-09-20T17:30:36.710+0530] {logging_mixin.py:115} INFO - [2022-09-20T17:30:36.710+0530] {dagbag.py:508} INFO - Filling up the DagBag from /home/sayone/This PC/SayOne Technologies/Works/airflow_new/Airflow/venv/lib/python3.8/site-packages/airflow/example_dags/example_trigger_target_dag.py
[2022-09-20T17:30:36.727+0530] {processor.py:650} INFO - DAG(s) dict_keys(['example_trigger_target_dag']) retrieved from /home/sayone/This PC/SayOne Technologies/Works/airflow_new/Airflow/venv/lib/python3.8/site-packages/airflow/example_dags/example_trigger_target_dag.py
[2022-09-20T17:30:36.735+0530] {logging_mixin.py:115} INFO - [2022-09-20T17:30:36.735+0530] {dag.py:2429} INFO - Sync 1 DAGs
[2022-09-20T17:30:36.745+0530] {logging_mixin.py:115} INFO - [2022-09-20T17:30:36.745+0530] {dag.py:2977} INFO - Setting next_dagrun for example_trigger_target_dag to None, run_after=None
[2022-09-20T17:30:36.753+0530] {processor.py:161} INFO - Processing /home/sayone/This PC/SayOne Technologies/Works/airflow_new/Airflow/venv/lib/python3.8/site-packages/airflow/example_dags/example_trigger_target_dag.py took 0.051 seconds
[2022-09-20T17:31:13.043+0530] {processor.py:153} INFO - Started process (PID=32252) to work on /home/sayone/This PC/SayOne Technologies/Works/airflow_new/Airflow/venv/lib/python3.8/site-packages/airflow/example_dags/example_trigger_target_dag.py
[2022-09-20T17:31:13.046+0530] {processor.py:640} INFO - Processing file /home/sayone/This PC/SayOne Technologies/Works/airflow_new/Airflow/venv/lib/python3.8/site-packages/airflow/example_dags/example_trigger_target_dag.py for tasks to queue
[2022-09-20T17:31:13.047+0530] {logging_mixin.py:115} INFO - [2022-09-20T17:31:13.047+0530] {dagbag.py:508} INFO - Filling up the DagBag from /home/sayone/This PC/SayOne Technologies/Works/airflow_new/Airflow/venv/lib/python3.8/site-packages/airflow/example_dags/example_trigger_target_dag.py
[2022-09-20T17:31:13.064+0530] {processor.py:650} INFO - DAG(s) dict_keys(['example_trigger_target_dag']) retrieved from /home/sayone/This PC/SayOne Technologies/Works/airflow_new/Airflow/venv/lib/python3.8/site-packages/airflow/example_dags/example_trigger_target_dag.py
[2022-09-20T17:31:13.072+0530] {logging_mixin.py:115} INFO - [2022-09-20T17:31:13.071+0530] {dag.py:2429} INFO - Sync 1 DAGs
[2022-09-20T17:31:13.082+0530] {logging_mixin.py:115} INFO - [2022-09-20T17:31:13.082+0530] {dag.py:2977} INFO - Setting next_dagrun for example_trigger_target_dag to None, run_after=None
[2022-09-20T17:31:13.090+0530] {processor.py:161} INFO - Processing /home/sayone/This PC/SayOne Technologies/Works/airflow_new/Airflow/venv/lib/python3.8/site-packages/airflow/example_dags/example_trigger_target_dag.py took 0.049 seconds
[2022-09-20T17:31:50.186+0530] {processor.py:153} INFO - Started process (PID=32328) to work on /home/sayone/This PC/SayOne Technologies/Works/airflow_new/Airflow/venv/lib/python3.8/site-packages/airflow/example_dags/example_trigger_target_dag.py
[2022-09-20T17:31:50.190+0530] {processor.py:640} INFO - Processing file /home/sayone/This PC/SayOne Technologies/Works/airflow_new/Airflow/venv/lib/python3.8/site-packages/airflow/example_dags/example_trigger_target_dag.py for tasks to queue
[2022-09-20T17:31:50.191+0530] {logging_mixin.py:115} INFO - [2022-09-20T17:31:50.190+0530] {dagbag.py:508} INFO - Filling up the DagBag from /home/sayone/This PC/SayOne Technologies/Works/airflow_new/Airflow/venv/lib/python3.8/site-packages/airflow/example_dags/example_trigger_target_dag.py
[2022-09-20T17:31:50.207+0530] {processor.py:650} INFO - DAG(s) dict_keys(['example_trigger_target_dag']) retrieved from /home/sayone/This PC/SayOne Technologies/Works/airflow_new/Airflow/venv/lib/python3.8/site-packages/airflow/example_dags/example_trigger_target_dag.py
[2022-09-20T17:31:50.215+0530] {logging_mixin.py:115} INFO - [2022-09-20T17:31:50.215+0530] {dag.py:2429} INFO - Sync 1 DAGs
[2022-09-20T17:31:50.226+0530] {logging_mixin.py:115} INFO - [2022-09-20T17:31:50.226+0530] {dag.py:2977} INFO - Setting next_dagrun for example_trigger_target_dag to None, run_after=None
[2022-09-20T17:31:50.234+0530] {processor.py:161} INFO - Processing /home/sayone/This PC/SayOne Technologies/Works/airflow_new/Airflow/venv/lib/python3.8/site-packages/airflow/example_dags/example_trigger_target_dag.py took 0.049 seconds
[2022-09-20T17:32:25.115+0530] {processor.py:153} INFO - Started process (PID=32567) to work on /home/sayone/This PC/SayOne Technologies/Works/airflow_new/Airflow/venv/lib/python3.8/site-packages/airflow/example_dags/example_trigger_target_dag.py
[2022-09-20T17:32:25.118+0530] {processor.py:640} INFO - Processing file /home/sayone/This PC/SayOne Technologies/Works/airflow_new/Airflow/venv/lib/python3.8/site-packages/airflow/example_dags/example_trigger_target_dag.py for tasks to queue
[2022-09-20T17:32:25.119+0530] {logging_mixin.py:115} INFO - [2022-09-20T17:32:25.118+0530] {dagbag.py:508} INFO - Filling up the DagBag from /home/sayone/This PC/SayOne Technologies/Works/airflow_new/Airflow/venv/lib/python3.8/site-packages/airflow/example_dags/example_trigger_target_dag.py
[2022-09-20T17:32:25.134+0530] {processor.py:650} INFO - DAG(s) dict_keys(['example_trigger_target_dag']) retrieved from /home/sayone/This PC/SayOne Technologies/Works/airflow_new/Airflow/venv/lib/python3.8/site-packages/airflow/example_dags/example_trigger_target_dag.py
[2022-09-20T17:32:25.143+0530] {logging_mixin.py:115} INFO - [2022-09-20T17:32:25.143+0530] {dag.py:2429} INFO - Sync 1 DAGs
[2022-09-20T17:32:25.153+0530] {logging_mixin.py:115} INFO - [2022-09-20T17:32:25.153+0530] {dag.py:2977} INFO - Setting next_dagrun for example_trigger_target_dag to None, run_after=None
[2022-09-20T17:32:25.162+0530] {processor.py:161} INFO - Processing /home/sayone/This PC/SayOne Technologies/Works/airflow_new/Airflow/venv/lib/python3.8/site-packages/airflow/example_dags/example_trigger_target_dag.py took 0.049 seconds
[2022-09-20T17:33:01.013+0530] {processor.py:153} INFO - Started process (PID=32679) to work on /home/sayone/This PC/SayOne Technologies/Works/airflow_new/Airflow/venv/lib/python3.8/site-packages/airflow/example_dags/example_trigger_target_dag.py
[2022-09-20T17:33:01.015+0530] {processor.py:640} INFO - Processing file /home/sayone/This PC/SayOne Technologies/Works/airflow_new/Airflow/venv/lib/python3.8/site-packages/airflow/example_dags/example_trigger_target_dag.py for tasks to queue
[2022-09-20T17:33:01.015+0530] {logging_mixin.py:115} INFO - [2022-09-20T17:33:01.015+0530] {dagbag.py:508} INFO - Filling up the DagBag from /home/sayone/This PC/SayOne Technologies/Works/airflow_new/Airflow/venv/lib/python3.8/site-packages/airflow/example_dags/example_trigger_target_dag.py
[2022-09-20T17:33:01.031+0530] {processor.py:650} INFO - DAG(s) dict_keys(['example_trigger_target_dag']) retrieved from /home/sayone/This PC/SayOne Technologies/Works/airflow_new/Airflow/venv/lib/python3.8/site-packages/airflow/example_dags/example_trigger_target_dag.py
[2022-09-20T17:33:01.039+0530] {logging_mixin.py:115} INFO - [2022-09-20T17:33:01.039+0530] {dag.py:2429} INFO - Sync 1 DAGs
[2022-09-20T17:33:01.050+0530] {logging_mixin.py:115} INFO - [2022-09-20T17:33:01.050+0530] {dag.py:2977} INFO - Setting next_dagrun for example_trigger_target_dag to None, run_after=None
[2022-09-20T17:33:01.059+0530] {processor.py:161} INFO - Processing /home/sayone/This PC/SayOne Technologies/Works/airflow_new/Airflow/venv/lib/python3.8/site-packages/airflow/example_dags/example_trigger_target_dag.py took 0.049 seconds
[2022-09-20T17:33:36.083+0530] {processor.py:153} INFO - Started process (PID=32747) to work on /home/sayone/This PC/SayOne Technologies/Works/airflow_new/Airflow/venv/lib/python3.8/site-packages/airflow/example_dags/example_trigger_target_dag.py
[2022-09-20T17:33:36.086+0530] {processor.py:640} INFO - Processing file /home/sayone/This PC/SayOne Technologies/Works/airflow_new/Airflow/venv/lib/python3.8/site-packages/airflow/example_dags/example_trigger_target_dag.py for tasks to queue
[2022-09-20T17:33:36.087+0530] {logging_mixin.py:115} INFO - [2022-09-20T17:33:36.086+0530] {dagbag.py:508} INFO - Filling up the DagBag from /home/sayone/This PC/SayOne Technologies/Works/airflow_new/Airflow/venv/lib/python3.8/site-packages/airflow/example_dags/example_trigger_target_dag.py
[2022-09-20T17:33:36.103+0530] {processor.py:650} INFO - DAG(s) dict_keys(['example_trigger_target_dag']) retrieved from /home/sayone/This PC/SayOne Technologies/Works/airflow_new/Airflow/venv/lib/python3.8/site-packages/airflow/example_dags/example_trigger_target_dag.py
[2022-09-20T17:33:36.111+0530] {logging_mixin.py:115} INFO - [2022-09-20T17:33:36.111+0530] {dag.py:2429} INFO - Sync 1 DAGs
[2022-09-20T17:33:36.121+0530] {logging_mixin.py:115} INFO - [2022-09-20T17:33:36.121+0530] {dag.py:2977} INFO - Setting next_dagrun for example_trigger_target_dag to None, run_after=None
[2022-09-20T17:33:36.129+0530] {processor.py:161} INFO - Processing /home/sayone/This PC/SayOne Technologies/Works/airflow_new/Airflow/venv/lib/python3.8/site-packages/airflow/example_dags/example_trigger_target_dag.py took 0.048 seconds
[2022-09-20T17:34:13.002+0530] {processor.py:153} INFO - Started process (PID=32842) to work on /home/sayone/This PC/SayOne Technologies/Works/airflow_new/Airflow/venv/lib/python3.8/site-packages/airflow/example_dags/example_trigger_target_dag.py
[2022-09-20T17:34:13.005+0530] {processor.py:640} INFO - Processing file /home/sayone/This PC/SayOne Technologies/Works/airflow_new/Airflow/venv/lib/python3.8/site-packages/airflow/example_dags/example_trigger_target_dag.py for tasks to queue
[2022-09-20T17:34:13.007+0530] {logging_mixin.py:115} INFO - [2022-09-20T17:34:13.007+0530] {dagbag.py:508} INFO - Filling up the DagBag from /home/sayone/This PC/SayOne Technologies/Works/airflow_new/Airflow/venv/lib/python3.8/site-packages/airflow/example_dags/example_trigger_target_dag.py
[2022-09-20T17:34:13.018+0530] {processor.py:650} INFO - DAG(s) dict_keys(['example_trigger_target_dag']) retrieved from /home/sayone/This PC/SayOne Technologies/Works/airflow_new/Airflow/venv/lib/python3.8/site-packages/airflow/example_dags/example_trigger_target_dag.py
[2022-09-20T17:34:13.026+0530] {logging_mixin.py:115} INFO - [2022-09-20T17:34:13.026+0530] {dag.py:2429} INFO - Sync 1 DAGs
[2022-09-20T17:34:13.036+0530] {logging_mixin.py:115} INFO - [2022-09-20T17:34:13.036+0530] {dag.py:2977} INFO - Setting next_dagrun for example_trigger_target_dag to None, run_after=None
[2022-09-20T17:34:13.045+0530] {processor.py:161} INFO - Processing /home/sayone/This PC/SayOne Technologies/Works/airflow_new/Airflow/venv/lib/python3.8/site-packages/airflow/example_dags/example_trigger_target_dag.py took 0.044 seconds
[2022-09-20T17:34:50.395+0530] {processor.py:153} INFO - Started process (PID=33081) to work on /home/sayone/This PC/SayOne Technologies/Works/airflow_new/Airflow/venv/lib/python3.8/site-packages/airflow/example_dags/example_trigger_target_dag.py
[2022-09-20T17:34:50.398+0530] {processor.py:640} INFO - Processing file /home/sayone/This PC/SayOne Technologies/Works/airflow_new/Airflow/venv/lib/python3.8/site-packages/airflow/example_dags/example_trigger_target_dag.py for tasks to queue
[2022-09-20T17:34:50.399+0530] {logging_mixin.py:115} INFO - [2022-09-20T17:34:50.399+0530] {dagbag.py:508} INFO - Filling up the DagBag from /home/sayone/This PC/SayOne Technologies/Works/airflow_new/Airflow/venv/lib/python3.8/site-packages/airflow/example_dags/example_trigger_target_dag.py
[2022-09-20T17:34:50.413+0530] {processor.py:650} INFO - DAG(s) dict_keys(['example_trigger_target_dag']) retrieved from /home/sayone/This PC/SayOne Technologies/Works/airflow_new/Airflow/venv/lib/python3.8/site-packages/airflow/example_dags/example_trigger_target_dag.py
[2022-09-20T17:34:50.421+0530] {logging_mixin.py:115} INFO - [2022-09-20T17:34:50.421+0530] {dag.py:2429} INFO - Sync 1 DAGs
[2022-09-20T17:34:50.432+0530] {logging_mixin.py:115} INFO - [2022-09-20T17:34:50.432+0530] {dag.py:2977} INFO - Setting next_dagrun for example_trigger_target_dag to None, run_after=None
[2022-09-20T17:34:50.440+0530] {processor.py:161} INFO - Processing /home/sayone/This PC/SayOne Technologies/Works/airflow_new/Airflow/venv/lib/python3.8/site-packages/airflow/example_dags/example_trigger_target_dag.py took 0.046 seconds
[2022-09-20T17:35:24.335+0530] {processor.py:153} INFO - Started process (PID=33174) to work on /home/sayone/This PC/SayOne Technologies/Works/airflow_new/Airflow/venv/lib/python3.8/site-packages/airflow/example_dags/example_trigger_target_dag.py
[2022-09-20T17:35:24.338+0530] {processor.py:640} INFO - Processing file /home/sayone/This PC/SayOne Technologies/Works/airflow_new/Airflow/venv/lib/python3.8/site-packages/airflow/example_dags/example_trigger_target_dag.py for tasks to queue
[2022-09-20T17:35:24.339+0530] {logging_mixin.py:115} INFO - [2022-09-20T17:35:24.339+0530] {dagbag.py:508} INFO - Filling up the DagBag from /home/sayone/This PC/SayOne Technologies/Works/airflow_new/Airflow/venv/lib/python3.8/site-packages/airflow/example_dags/example_trigger_target_dag.py
[2022-09-20T17:35:24.356+0530] {processor.py:650} INFO - DAG(s) dict_keys(['example_trigger_target_dag']) retrieved from /home/sayone/This PC/SayOne Technologies/Works/airflow_new/Airflow/venv/lib/python3.8/site-packages/airflow/example_dags/example_trigger_target_dag.py
[2022-09-20T17:35:24.364+0530] {logging_mixin.py:115} INFO - [2022-09-20T17:35:24.363+0530] {dag.py:2429} INFO - Sync 1 DAGs
[2022-09-20T17:35:24.375+0530] {logging_mixin.py:115} INFO - [2022-09-20T17:35:24.375+0530] {dag.py:2977} INFO - Setting next_dagrun for example_trigger_target_dag to None, run_after=None
[2022-09-20T17:35:24.384+0530] {processor.py:161} INFO - Processing /home/sayone/This PC/SayOne Technologies/Works/airflow_new/Airflow/venv/lib/python3.8/site-packages/airflow/example_dags/example_trigger_target_dag.py took 0.050 seconds
[2022-09-20T17:36:02.802+0530] {processor.py:153} INFO - Started process (PID=33288) to work on /home/sayone/This PC/SayOne Technologies/Works/airflow_new/Airflow/venv/lib/python3.8/site-packages/airflow/example_dags/example_trigger_target_dag.py
[2022-09-20T17:36:02.805+0530] {processor.py:640} INFO - Processing file /home/sayone/This PC/SayOne Technologies/Works/airflow_new/Airflow/venv/lib/python3.8/site-packages/airflow/example_dags/example_trigger_target_dag.py for tasks to queue
[2022-09-20T17:36:02.806+0530] {logging_mixin.py:115} INFO - [2022-09-20T17:36:02.805+0530] {dagbag.py:508} INFO - Filling up the DagBag from /home/sayone/This PC/SayOne Technologies/Works/airflow_new/Airflow/venv/lib/python3.8/site-packages/airflow/example_dags/example_trigger_target_dag.py
[2022-09-20T17:36:02.821+0530] {processor.py:650} INFO - DAG(s) dict_keys(['example_trigger_target_dag']) retrieved from /home/sayone/This PC/SayOne Technologies/Works/airflow_new/Airflow/venv/lib/python3.8/site-packages/airflow/example_dags/example_trigger_target_dag.py
[2022-09-20T17:36:02.829+0530] {logging_mixin.py:115} INFO - [2022-09-20T17:36:02.829+0530] {dag.py:2429} INFO - Sync 1 DAGs
[2022-09-20T17:36:02.840+0530] {logging_mixin.py:115} INFO - [2022-09-20T17:36:02.839+0530] {dag.py:2977} INFO - Setting next_dagrun for example_trigger_target_dag to None, run_after=None
[2022-09-20T17:36:02.848+0530] {processor.py:161} INFO - Processing /home/sayone/This PC/SayOne Technologies/Works/airflow_new/Airflow/venv/lib/python3.8/site-packages/airflow/example_dags/example_trigger_target_dag.py took 0.050 seconds
[2022-09-20T17:36:38.418+0530] {processor.py:153} INFO - Started process (PID=33405) to work on /home/sayone/This PC/SayOne Technologies/Works/airflow_new/Airflow/venv/lib/python3.8/site-packages/airflow/example_dags/example_trigger_target_dag.py
[2022-09-20T17:36:38.421+0530] {processor.py:640} INFO - Processing file /home/sayone/This PC/SayOne Technologies/Works/airflow_new/Airflow/venv/lib/python3.8/site-packages/airflow/example_dags/example_trigger_target_dag.py for tasks to queue
[2022-09-20T17:36:38.422+0530] {logging_mixin.py:115} INFO - [2022-09-20T17:36:38.422+0530] {dagbag.py:508} INFO - Filling up the DagBag from /home/sayone/This PC/SayOne Technologies/Works/airflow_new/Airflow/venv/lib/python3.8/site-packages/airflow/example_dags/example_trigger_target_dag.py
[2022-09-20T17:36:38.437+0530] {processor.py:650} INFO - DAG(s) dict_keys(['example_trigger_target_dag']) retrieved from /home/sayone/This PC/SayOne Technologies/Works/airflow_new/Airflow/venv/lib/python3.8/site-packages/airflow/example_dags/example_trigger_target_dag.py
[2022-09-20T17:36:38.445+0530] {logging_mixin.py:115} INFO - [2022-09-20T17:36:38.445+0530] {dag.py:2429} INFO - Sync 1 DAGs
[2022-09-20T17:36:38.456+0530] {logging_mixin.py:115} INFO - [2022-09-20T17:36:38.456+0530] {dag.py:2977} INFO - Setting next_dagrun for example_trigger_target_dag to None, run_after=None
[2022-09-20T17:36:38.465+0530] {processor.py:161} INFO - Processing /home/sayone/This PC/SayOne Technologies/Works/airflow_new/Airflow/venv/lib/python3.8/site-packages/airflow/example_dags/example_trigger_target_dag.py took 0.052 seconds
[2022-09-20T17:37:14.799+0530] {processor.py:153} INFO - Started process (PID=33620) to work on /home/sayone/This PC/SayOne Technologies/Works/airflow_new/Airflow/venv/lib/python3.8/site-packages/airflow/example_dags/example_trigger_target_dag.py
[2022-09-20T17:37:14.802+0530] {processor.py:640} INFO - Processing file /home/sayone/This PC/SayOne Technologies/Works/airflow_new/Airflow/venv/lib/python3.8/site-packages/airflow/example_dags/example_trigger_target_dag.py for tasks to queue
[2022-09-20T17:37:14.803+0530] {logging_mixin.py:115} INFO - [2022-09-20T17:37:14.803+0530] {dagbag.py:508} INFO - Filling up the DagBag from /home/sayone/This PC/SayOne Technologies/Works/airflow_new/Airflow/venv/lib/python3.8/site-packages/airflow/example_dags/example_trigger_target_dag.py
[2022-09-20T17:37:14.819+0530] {processor.py:650} INFO - DAG(s) dict_keys(['example_trigger_target_dag']) retrieved from /home/sayone/This PC/SayOne Technologies/Works/airflow_new/Airflow/venv/lib/python3.8/site-packages/airflow/example_dags/example_trigger_target_dag.py
[2022-09-20T17:37:14.827+0530] {logging_mixin.py:115} INFO - [2022-09-20T17:37:14.827+0530] {dag.py:2429} INFO - Sync 1 DAGs
[2022-09-20T17:37:14.840+0530] {logging_mixin.py:115} INFO - [2022-09-20T17:37:14.840+0530] {dag.py:2977} INFO - Setting next_dagrun for example_trigger_target_dag to None, run_after=None
[2022-09-20T17:37:14.852+0530] {processor.py:161} INFO - Processing /home/sayone/This PC/SayOne Technologies/Works/airflow_new/Airflow/venv/lib/python3.8/site-packages/airflow/example_dags/example_trigger_target_dag.py took 0.056 seconds
[2022-09-20T17:38:03.607+0530] {processor.py:153} INFO - Started process (PID=33815) to work on /home/sayone/This PC/SayOne Technologies/Works/airflow_new/Airflow/venv/lib/python3.8/site-packages/airflow/example_dags/example_trigger_target_dag.py
[2022-09-20T17:38:03.609+0530] {processor.py:640} INFO - Processing file /home/sayone/This PC/SayOne Technologies/Works/airflow_new/Airflow/venv/lib/python3.8/site-packages/airflow/example_dags/example_trigger_target_dag.py for tasks to queue
[2022-09-20T17:38:03.610+0530] {logging_mixin.py:115} INFO - [2022-09-20T17:38:03.610+0530] {dagbag.py:508} INFO - Filling up the DagBag from /home/sayone/This PC/SayOne Technologies/Works/airflow_new/Airflow/venv/lib/python3.8/site-packages/airflow/example_dags/example_trigger_target_dag.py
[2022-09-20T17:38:03.625+0530] {processor.py:650} INFO - DAG(s) dict_keys(['example_trigger_target_dag']) retrieved from /home/sayone/This PC/SayOne Technologies/Works/airflow_new/Airflow/venv/lib/python3.8/site-packages/airflow/example_dags/example_trigger_target_dag.py
[2022-09-20T17:38:03.634+0530] {logging_mixin.py:115} INFO - [2022-09-20T17:38:03.633+0530] {dag.py:2429} INFO - Sync 1 DAGs
[2022-09-20T17:38:03.646+0530] {logging_mixin.py:115} INFO - [2022-09-20T17:38:03.646+0530] {dag.py:2977} INFO - Setting next_dagrun for example_trigger_target_dag to None, run_after=None
[2022-09-20T17:38:03.654+0530] {processor.py:161} INFO - Processing /home/sayone/This PC/SayOne Technologies/Works/airflow_new/Airflow/venv/lib/python3.8/site-packages/airflow/example_dags/example_trigger_target_dag.py took 0.049 seconds
[2022-09-20T17:38:39.628+0530] {processor.py:153} INFO - Started process (PID=33874) to work on /home/sayone/This PC/SayOne Technologies/Works/airflow_new/Airflow/venv/lib/python3.8/site-packages/airflow/example_dags/example_trigger_target_dag.py
[2022-09-20T17:38:39.631+0530] {processor.py:640} INFO - Processing file /home/sayone/This PC/SayOne Technologies/Works/airflow_new/Airflow/venv/lib/python3.8/site-packages/airflow/example_dags/example_trigger_target_dag.py for tasks to queue
[2022-09-20T17:38:39.633+0530] {logging_mixin.py:115} INFO - [2022-09-20T17:38:39.632+0530] {dagbag.py:508} INFO - Filling up the DagBag from /home/sayone/This PC/SayOne Technologies/Works/airflow_new/Airflow/venv/lib/python3.8/site-packages/airflow/example_dags/example_trigger_target_dag.py
[2022-09-20T17:38:39.649+0530] {processor.py:650} INFO - DAG(s) dict_keys(['example_trigger_target_dag']) retrieved from /home/sayone/This PC/SayOne Technologies/Works/airflow_new/Airflow/venv/lib/python3.8/site-packages/airflow/example_dags/example_trigger_target_dag.py
[2022-09-20T17:38:39.659+0530] {logging_mixin.py:115} INFO - [2022-09-20T17:38:39.659+0530] {dag.py:2429} INFO - Sync 1 DAGs
[2022-09-20T17:38:39.671+0530] {logging_mixin.py:115} INFO - [2022-09-20T17:38:39.671+0530] {dag.py:2977} INFO - Setting next_dagrun for example_trigger_target_dag to None, run_after=None
[2022-09-20T17:38:39.679+0530] {processor.py:161} INFO - Processing /home/sayone/This PC/SayOne Technologies/Works/airflow_new/Airflow/venv/lib/python3.8/site-packages/airflow/example_dags/example_trigger_target_dag.py took 0.055 seconds
[2022-09-20T17:39:14.052+0530] {processor.py:153} INFO - Started process (PID=33973) to work on /home/sayone/This PC/SayOne Technologies/Works/airflow_new/Airflow/venv/lib/python3.8/site-packages/airflow/example_dags/example_trigger_target_dag.py
[2022-09-20T17:39:14.055+0530] {processor.py:640} INFO - Processing file /home/sayone/This PC/SayOne Technologies/Works/airflow_new/Airflow/venv/lib/python3.8/site-packages/airflow/example_dags/example_trigger_target_dag.py for tasks to queue
[2022-09-20T17:39:14.056+0530] {logging_mixin.py:115} INFO - [2022-09-20T17:39:14.055+0530] {dagbag.py:508} INFO - Filling up the DagBag from /home/sayone/This PC/SayOne Technologies/Works/airflow_new/Airflow/venv/lib/python3.8/site-packages/airflow/example_dags/example_trigger_target_dag.py
[2022-09-20T17:39:14.073+0530] {processor.py:650} INFO - DAG(s) dict_keys(['example_trigger_target_dag']) retrieved from /home/sayone/This PC/SayOne Technologies/Works/airflow_new/Airflow/venv/lib/python3.8/site-packages/airflow/example_dags/example_trigger_target_dag.py
[2022-09-20T17:39:14.081+0530] {logging_mixin.py:115} INFO - [2022-09-20T17:39:14.081+0530] {dag.py:2429} INFO - Sync 1 DAGs
[2022-09-20T17:39:14.091+0530] {logging_mixin.py:115} INFO - [2022-09-20T17:39:14.091+0530] {dag.py:2977} INFO - Setting next_dagrun for example_trigger_target_dag to None, run_after=None
[2022-09-20T17:39:14.100+0530] {processor.py:161} INFO - Processing /home/sayone/This PC/SayOne Technologies/Works/airflow_new/Airflow/venv/lib/python3.8/site-packages/airflow/example_dags/example_trigger_target_dag.py took 0.051 seconds
[2022-09-20T17:39:50.539+0530] {processor.py:153} INFO - Started process (PID=34125) to work on /home/sayone/This PC/SayOne Technologies/Works/airflow_new/Airflow/venv/lib/python3.8/site-packages/airflow/example_dags/example_trigger_target_dag.py
[2022-09-20T17:39:50.542+0530] {processor.py:640} INFO - Processing file /home/sayone/This PC/SayOne Technologies/Works/airflow_new/Airflow/venv/lib/python3.8/site-packages/airflow/example_dags/example_trigger_target_dag.py for tasks to queue
[2022-09-20T17:39:50.543+0530] {logging_mixin.py:115} INFO - [2022-09-20T17:39:50.542+0530] {dagbag.py:508} INFO - Filling up the DagBag from /home/sayone/This PC/SayOne Technologies/Works/airflow_new/Airflow/venv/lib/python3.8/site-packages/airflow/example_dags/example_trigger_target_dag.py
[2022-09-20T17:39:50.559+0530] {processor.py:650} INFO - DAG(s) dict_keys(['example_trigger_target_dag']) retrieved from /home/sayone/This PC/SayOne Technologies/Works/airflow_new/Airflow/venv/lib/python3.8/site-packages/airflow/example_dags/example_trigger_target_dag.py
[2022-09-20T17:39:50.568+0530] {logging_mixin.py:115} INFO - [2022-09-20T17:39:50.568+0530] {dag.py:2429} INFO - Sync 1 DAGs
[2022-09-20T17:39:50.580+0530] {logging_mixin.py:115} INFO - [2022-09-20T17:39:50.580+0530] {dag.py:2977} INFO - Setting next_dagrun for example_trigger_target_dag to None, run_after=None
[2022-09-20T17:39:50.589+0530] {processor.py:161} INFO - Processing /home/sayone/This PC/SayOne Technologies/Works/airflow_new/Airflow/venv/lib/python3.8/site-packages/airflow/example_dags/example_trigger_target_dag.py took 0.056 seconds
[2022-09-20T17:40:26.479+0530] {processor.py:153} INFO - Started process (PID=34226) to work on /home/sayone/This PC/SayOne Technologies/Works/airflow_new/Airflow/venv/lib/python3.8/site-packages/airflow/example_dags/example_trigger_target_dag.py
[2022-09-20T17:40:26.482+0530] {processor.py:640} INFO - Processing file /home/sayone/This PC/SayOne Technologies/Works/airflow_new/Airflow/venv/lib/python3.8/site-packages/airflow/example_dags/example_trigger_target_dag.py for tasks to queue
[2022-09-20T17:40:26.483+0530] {logging_mixin.py:115} INFO - [2022-09-20T17:40:26.482+0530] {dagbag.py:508} INFO - Filling up the DagBag from /home/sayone/This PC/SayOne Technologies/Works/airflow_new/Airflow/venv/lib/python3.8/site-packages/airflow/example_dags/example_trigger_target_dag.py
[2022-09-20T17:40:26.499+0530] {processor.py:650} INFO - DAG(s) dict_keys(['example_trigger_target_dag']) retrieved from /home/sayone/This PC/SayOne Technologies/Works/airflow_new/Airflow/venv/lib/python3.8/site-packages/airflow/example_dags/example_trigger_target_dag.py
[2022-09-20T17:40:26.507+0530] {logging_mixin.py:115} INFO - [2022-09-20T17:40:26.507+0530] {dag.py:2429} INFO - Sync 1 DAGs
[2022-09-20T17:40:26.519+0530] {logging_mixin.py:115} INFO - [2022-09-20T17:40:26.519+0530] {dag.py:2977} INFO - Setting next_dagrun for example_trigger_target_dag to None, run_after=None
[2022-09-20T17:40:26.527+0530] {processor.py:161} INFO - Processing /home/sayone/This PC/SayOne Technologies/Works/airflow_new/Airflow/venv/lib/python3.8/site-packages/airflow/example_dags/example_trigger_target_dag.py took 0.052 seconds
[2022-09-20T17:41:02.497+0530] {processor.py:153} INFO - Started process (PID=34383) to work on /home/sayone/This PC/SayOne Technologies/Works/airflow_new/Airflow/venv/lib/python3.8/site-packages/airflow/example_dags/example_trigger_target_dag.py
[2022-09-20T17:41:02.498+0530] {processor.py:640} INFO - Processing file /home/sayone/This PC/SayOne Technologies/Works/airflow_new/Airflow/venv/lib/python3.8/site-packages/airflow/example_dags/example_trigger_target_dag.py for tasks to queue
[2022-09-20T17:41:02.498+0530] {logging_mixin.py:115} INFO - [2022-09-20T17:41:02.498+0530] {dagbag.py:508} INFO - Filling up the DagBag from /home/sayone/This PC/SayOne Technologies/Works/airflow_new/Airflow/venv/lib/python3.8/site-packages/airflow/example_dags/example_trigger_target_dag.py
[2022-09-20T17:41:02.511+0530] {processor.py:650} INFO - DAG(s) dict_keys(['example_trigger_target_dag']) retrieved from /home/sayone/This PC/SayOne Technologies/Works/airflow_new/Airflow/venv/lib/python3.8/site-packages/airflow/example_dags/example_trigger_target_dag.py
[2022-09-20T17:41:02.520+0530] {logging_mixin.py:115} INFO - [2022-09-20T17:41:02.520+0530] {dag.py:2429} INFO - Sync 1 DAGs
[2022-09-20T17:41:02.530+0530] {logging_mixin.py:115} INFO - [2022-09-20T17:41:02.530+0530] {dag.py:2977} INFO - Setting next_dagrun for example_trigger_target_dag to None, run_after=None
[2022-09-20T17:41:02.539+0530] {processor.py:161} INFO - Processing /home/sayone/This PC/SayOne Technologies/Works/airflow_new/Airflow/venv/lib/python3.8/site-packages/airflow/example_dags/example_trigger_target_dag.py took 0.045 seconds
[2022-09-20T17:42:01.814+0530] {processor.py:153} INFO - Started process (PID=34535) to work on /home/sayone/This PC/SayOne Technologies/Works/airflow_new/Airflow/venv/lib/python3.8/site-packages/airflow/example_dags/example_trigger_target_dag.py
[2022-09-20T17:42:01.817+0530] {processor.py:640} INFO - Processing file /home/sayone/This PC/SayOne Technologies/Works/airflow_new/Airflow/venv/lib/python3.8/site-packages/airflow/example_dags/example_trigger_target_dag.py for tasks to queue
[2022-09-20T17:42:01.817+0530] {logging_mixin.py:115} INFO - [2022-09-20T17:42:01.817+0530] {dagbag.py:508} INFO - Filling up the DagBag from /home/sayone/This PC/SayOne Technologies/Works/airflow_new/Airflow/venv/lib/python3.8/site-packages/airflow/example_dags/example_trigger_target_dag.py
[2022-09-20T17:42:01.829+0530] {processor.py:650} INFO - DAG(s) dict_keys(['example_trigger_target_dag']) retrieved from /home/sayone/This PC/SayOne Technologies/Works/airflow_new/Airflow/venv/lib/python3.8/site-packages/airflow/example_dags/example_trigger_target_dag.py
[2022-09-20T17:42:01.837+0530] {logging_mixin.py:115} INFO - [2022-09-20T17:42:01.837+0530] {dag.py:2429} INFO - Sync 1 DAGs
[2022-09-20T17:42:01.854+0530] {logging_mixin.py:115} INFO - [2022-09-20T17:42:01.854+0530] {dag.py:2977} INFO - Setting next_dagrun for example_trigger_target_dag to None, run_after=None
[2022-09-20T17:42:01.867+0530] {processor.py:161} INFO - Processing /home/sayone/This PC/SayOne Technologies/Works/airflow_new/Airflow/venv/lib/python3.8/site-packages/airflow/example_dags/example_trigger_target_dag.py took 0.055 seconds
[2022-09-20T17:45:31.611+0530] {processor.py:153} INFO - Started process (PID=34927) to work on /home/sayone/This PC/SayOne Technologies/Works/airflow_new/Airflow/venv/lib/python3.8/site-packages/airflow/example_dags/example_trigger_target_dag.py
[2022-09-20T17:45:31.612+0530] {processor.py:640} INFO - Processing file /home/sayone/This PC/SayOne Technologies/Works/airflow_new/Airflow/venv/lib/python3.8/site-packages/airflow/example_dags/example_trigger_target_dag.py for tasks to queue
[2022-09-20T17:45:31.612+0530] {logging_mixin.py:115} INFO - [2022-09-20T17:45:31.612+0530] {dagbag.py:508} INFO - Filling up the DagBag from /home/sayone/This PC/SayOne Technologies/Works/airflow_new/Airflow/venv/lib/python3.8/site-packages/airflow/example_dags/example_trigger_target_dag.py
[2022-09-20T17:45:31.627+0530] {processor.py:650} INFO - DAG(s) dict_keys(['example_trigger_target_dag']) retrieved from /home/sayone/This PC/SayOne Technologies/Works/airflow_new/Airflow/venv/lib/python3.8/site-packages/airflow/example_dags/example_trigger_target_dag.py
[2022-09-20T17:45:31.643+0530] {logging_mixin.py:115} INFO - [2022-09-20T17:45:31.642+0530] {dag.py:2429} INFO - Sync 1 DAGs
[2022-09-20T17:45:31.659+0530] {logging_mixin.py:115} INFO - [2022-09-20T17:45:31.658+0530] {dag.py:2977} INFO - Setting next_dagrun for example_trigger_target_dag to None, run_after=None
[2022-09-20T17:45:31.668+0530] {processor.py:161} INFO - Processing /home/sayone/This PC/SayOne Technologies/Works/airflow_new/Airflow/venv/lib/python3.8/site-packages/airflow/example_dags/example_trigger_target_dag.py took 0.059 seconds
[2022-09-20T17:46:27.461+0530] {processor.py:153} INFO - Started process (PID=35068) to work on /home/sayone/This PC/SayOne Technologies/Works/airflow_new/Airflow/venv/lib/python3.8/site-packages/airflow/example_dags/example_trigger_target_dag.py
[2022-09-20T17:46:27.464+0530] {processor.py:640} INFO - Processing file /home/sayone/This PC/SayOne Technologies/Works/airflow_new/Airflow/venv/lib/python3.8/site-packages/airflow/example_dags/example_trigger_target_dag.py for tasks to queue
[2022-09-20T17:46:27.465+0530] {logging_mixin.py:115} INFO - [2022-09-20T17:46:27.465+0530] {dagbag.py:508} INFO - Filling up the DagBag from /home/sayone/This PC/SayOne Technologies/Works/airflow_new/Airflow/venv/lib/python3.8/site-packages/airflow/example_dags/example_trigger_target_dag.py
[2022-09-20T17:46:27.481+0530] {processor.py:650} INFO - DAG(s) dict_keys(['example_trigger_target_dag']) retrieved from /home/sayone/This PC/SayOne Technologies/Works/airflow_new/Airflow/venv/lib/python3.8/site-packages/airflow/example_dags/example_trigger_target_dag.py
[2022-09-20T17:46:27.488+0530] {logging_mixin.py:115} INFO - [2022-09-20T17:46:27.488+0530] {dag.py:2429} INFO - Sync 1 DAGs
[2022-09-20T17:46:27.498+0530] {logging_mixin.py:115} INFO - [2022-09-20T17:46:27.498+0530] {dag.py:2977} INFO - Setting next_dagrun for example_trigger_target_dag to None, run_after=None
[2022-09-20T17:46:27.507+0530] {processor.py:161} INFO - Processing /home/sayone/This PC/SayOne Technologies/Works/airflow_new/Airflow/venv/lib/python3.8/site-packages/airflow/example_dags/example_trigger_target_dag.py took 0.051 seconds
[2022-09-20T17:47:01.135+0530] {processor.py:153} INFO - Started process (PID=35298) to work on /home/sayone/This PC/SayOne Technologies/Works/airflow_new/Airflow/venv/lib/python3.8/site-packages/airflow/example_dags/example_trigger_target_dag.py
[2022-09-20T17:47:01.136+0530] {processor.py:640} INFO - Processing file /home/sayone/This PC/SayOne Technologies/Works/airflow_new/Airflow/venv/lib/python3.8/site-packages/airflow/example_dags/example_trigger_target_dag.py for tasks to queue
[2022-09-20T17:47:01.136+0530] {logging_mixin.py:115} INFO - [2022-09-20T17:47:01.136+0530] {dagbag.py:508} INFO - Filling up the DagBag from /home/sayone/This PC/SayOne Technologies/Works/airflow_new/Airflow/venv/lib/python3.8/site-packages/airflow/example_dags/example_trigger_target_dag.py
[2022-09-20T17:47:01.145+0530] {processor.py:650} INFO - DAG(s) dict_keys(['example_trigger_target_dag']) retrieved from /home/sayone/This PC/SayOne Technologies/Works/airflow_new/Airflow/venv/lib/python3.8/site-packages/airflow/example_dags/example_trigger_target_dag.py
[2022-09-20T17:47:01.153+0530] {logging_mixin.py:115} INFO - [2022-09-20T17:47:01.153+0530] {dag.py:2429} INFO - Sync 1 DAGs
[2022-09-20T17:47:01.166+0530] {logging_mixin.py:115} INFO - [2022-09-20T17:47:01.166+0530] {dag.py:2977} INFO - Setting next_dagrun for example_trigger_target_dag to None, run_after=None
[2022-09-20T17:47:01.175+0530] {processor.py:161} INFO - Processing /home/sayone/This PC/SayOne Technologies/Works/airflow_new/Airflow/venv/lib/python3.8/site-packages/airflow/example_dags/example_trigger_target_dag.py took 0.041 seconds
[2022-09-20T17:47:39.546+0530] {processor.py:153} INFO - Started process (PID=35396) to work on /home/sayone/This PC/SayOne Technologies/Works/airflow_new/Airflow/venv/lib/python3.8/site-packages/airflow/example_dags/example_trigger_target_dag.py
[2022-09-20T17:47:39.550+0530] {processor.py:640} INFO - Processing file /home/sayone/This PC/SayOne Technologies/Works/airflow_new/Airflow/venv/lib/python3.8/site-packages/airflow/example_dags/example_trigger_target_dag.py for tasks to queue
[2022-09-20T17:47:39.551+0530] {logging_mixin.py:115} INFO - [2022-09-20T17:47:39.551+0530] {dagbag.py:508} INFO - Filling up the DagBag from /home/sayone/This PC/SayOne Technologies/Works/airflow_new/Airflow/venv/lib/python3.8/site-packages/airflow/example_dags/example_trigger_target_dag.py
[2022-09-20T17:47:39.565+0530] {processor.py:650} INFO - DAG(s) dict_keys(['example_trigger_target_dag']) retrieved from /home/sayone/This PC/SayOne Technologies/Works/airflow_new/Airflow/venv/lib/python3.8/site-packages/airflow/example_dags/example_trigger_target_dag.py
[2022-09-20T17:47:39.573+0530] {logging_mixin.py:115} INFO - [2022-09-20T17:47:39.573+0530] {dag.py:2429} INFO - Sync 1 DAGs
[2022-09-20T17:47:39.585+0530] {logging_mixin.py:115} INFO - [2022-09-20T17:47:39.585+0530] {dag.py:2977} INFO - Setting next_dagrun for example_trigger_target_dag to None, run_after=None
[2022-09-20T17:47:39.594+0530] {processor.py:161} INFO - Processing /home/sayone/This PC/SayOne Technologies/Works/airflow_new/Airflow/venv/lib/python3.8/site-packages/airflow/example_dags/example_trigger_target_dag.py took 0.052 seconds
[2022-09-20T17:48:16.601+0530] {processor.py:153} INFO - Started process (PID=35502) to work on /home/sayone/This PC/SayOne Technologies/Works/airflow_new/Airflow/venv/lib/python3.8/site-packages/airflow/example_dags/example_trigger_target_dag.py
[2022-09-20T17:48:16.604+0530] {processor.py:640} INFO - Processing file /home/sayone/This PC/SayOne Technologies/Works/airflow_new/Airflow/venv/lib/python3.8/site-packages/airflow/example_dags/example_trigger_target_dag.py for tasks to queue
[2022-09-20T17:48:16.605+0530] {logging_mixin.py:115} INFO - [2022-09-20T17:48:16.605+0530] {dagbag.py:508} INFO - Filling up the DagBag from /home/sayone/This PC/SayOne Technologies/Works/airflow_new/Airflow/venv/lib/python3.8/site-packages/airflow/example_dags/example_trigger_target_dag.py
[2022-09-20T17:48:16.620+0530] {processor.py:650} INFO - DAG(s) dict_keys(['example_trigger_target_dag']) retrieved from /home/sayone/This PC/SayOne Technologies/Works/airflow_new/Airflow/venv/lib/python3.8/site-packages/airflow/example_dags/example_trigger_target_dag.py
[2022-09-20T17:48:16.629+0530] {logging_mixin.py:115} INFO - [2022-09-20T17:48:16.629+0530] {dag.py:2429} INFO - Sync 1 DAGs
[2022-09-20T17:48:16.640+0530] {logging_mixin.py:115} INFO - [2022-09-20T17:48:16.640+0530] {dag.py:2977} INFO - Setting next_dagrun for example_trigger_target_dag to None, run_after=None
[2022-09-20T17:48:16.649+0530] {processor.py:161} INFO - Processing /home/sayone/This PC/SayOne Technologies/Works/airflow_new/Airflow/venv/lib/python3.8/site-packages/airflow/example_dags/example_trigger_target_dag.py took 0.052 seconds
[2022-09-20T17:48:53.133+0530] {processor.py:153} INFO - Started process (PID=35587) to work on /home/sayone/This PC/SayOne Technologies/Works/airflow_new/Airflow/venv/lib/python3.8/site-packages/airflow/example_dags/example_trigger_target_dag.py
[2022-09-20T17:48:53.136+0530] {processor.py:640} INFO - Processing file /home/sayone/This PC/SayOne Technologies/Works/airflow_new/Airflow/venv/lib/python3.8/site-packages/airflow/example_dags/example_trigger_target_dag.py for tasks to queue
[2022-09-20T17:48:53.137+0530] {logging_mixin.py:115} INFO - [2022-09-20T17:48:53.137+0530] {dagbag.py:508} INFO - Filling up the DagBag from /home/sayone/This PC/SayOne Technologies/Works/airflow_new/Airflow/venv/lib/python3.8/site-packages/airflow/example_dags/example_trigger_target_dag.py
[2022-09-20T17:48:53.153+0530] {processor.py:650} INFO - DAG(s) dict_keys(['example_trigger_target_dag']) retrieved from /home/sayone/This PC/SayOne Technologies/Works/airflow_new/Airflow/venv/lib/python3.8/site-packages/airflow/example_dags/example_trigger_target_dag.py
[2022-09-20T17:48:53.161+0530] {logging_mixin.py:115} INFO - [2022-09-20T17:48:53.161+0530] {dag.py:2429} INFO - Sync 1 DAGs
[2022-09-20T17:48:53.172+0530] {logging_mixin.py:115} INFO - [2022-09-20T17:48:53.172+0530] {dag.py:2977} INFO - Setting next_dagrun for example_trigger_target_dag to None, run_after=None
[2022-09-20T17:48:53.180+0530] {processor.py:161} INFO - Processing /home/sayone/This PC/SayOne Technologies/Works/airflow_new/Airflow/venv/lib/python3.8/site-packages/airflow/example_dags/example_trigger_target_dag.py took 0.051 seconds
[2022-09-20T17:49:30.274+0530] {processor.py:153} INFO - Started process (PID=35699) to work on /home/sayone/This PC/SayOne Technologies/Works/airflow_new/Airflow/venv/lib/python3.8/site-packages/airflow/example_dags/example_trigger_target_dag.py
[2022-09-20T17:49:30.277+0530] {processor.py:640} INFO - Processing file /home/sayone/This PC/SayOne Technologies/Works/airflow_new/Airflow/venv/lib/python3.8/site-packages/airflow/example_dags/example_trigger_target_dag.py for tasks to queue
[2022-09-20T17:49:30.277+0530] {logging_mixin.py:115} INFO - [2022-09-20T17:49:30.277+0530] {dagbag.py:508} INFO - Filling up the DagBag from /home/sayone/This PC/SayOne Technologies/Works/airflow_new/Airflow/venv/lib/python3.8/site-packages/airflow/example_dags/example_trigger_target_dag.py
[2022-09-20T17:49:30.287+0530] {processor.py:650} INFO - DAG(s) dict_keys(['example_trigger_target_dag']) retrieved from /home/sayone/This PC/SayOne Technologies/Works/airflow_new/Airflow/venv/lib/python3.8/site-packages/airflow/example_dags/example_trigger_target_dag.py
[2022-09-20T17:49:30.297+0530] {logging_mixin.py:115} INFO - [2022-09-20T17:49:30.297+0530] {dag.py:2429} INFO - Sync 1 DAGs
[2022-09-20T17:49:30.309+0530] {logging_mixin.py:115} INFO - [2022-09-20T17:49:30.309+0530] {dag.py:2977} INFO - Setting next_dagrun for example_trigger_target_dag to None, run_after=None
[2022-09-20T17:49:30.318+0530] {processor.py:161} INFO - Processing /home/sayone/This PC/SayOne Technologies/Works/airflow_new/Airflow/venv/lib/python3.8/site-packages/airflow/example_dags/example_trigger_target_dag.py took 0.047 seconds
[2022-09-20T17:50:07.249+0530] {processor.py:153} INFO - Started process (PID=35807) to work on /home/sayone/This PC/SayOne Technologies/Works/airflow_new/Airflow/venv/lib/python3.8/site-packages/airflow/example_dags/example_trigger_target_dag.py
[2022-09-20T17:50:07.249+0530] {processor.py:640} INFO - Processing file /home/sayone/This PC/SayOne Technologies/Works/airflow_new/Airflow/venv/lib/python3.8/site-packages/airflow/example_dags/example_trigger_target_dag.py for tasks to queue
[2022-09-20T17:50:07.250+0530] {logging_mixin.py:115} INFO - [2022-09-20T17:50:07.250+0530] {dagbag.py:508} INFO - Filling up the DagBag from /home/sayone/This PC/SayOne Technologies/Works/airflow_new/Airflow/venv/lib/python3.8/site-packages/airflow/example_dags/example_trigger_target_dag.py
[2022-09-20T17:50:07.262+0530] {processor.py:650} INFO - DAG(s) dict_keys(['example_trigger_target_dag']) retrieved from /home/sayone/This PC/SayOne Technologies/Works/airflow_new/Airflow/venv/lib/python3.8/site-packages/airflow/example_dags/example_trigger_target_dag.py
[2022-09-20T17:50:07.271+0530] {logging_mixin.py:115} INFO - [2022-09-20T17:50:07.271+0530] {dag.py:2429} INFO - Sync 1 DAGs
[2022-09-20T17:50:07.282+0530] {logging_mixin.py:115} INFO - [2022-09-20T17:50:07.282+0530] {dag.py:2977} INFO - Setting next_dagrun for example_trigger_target_dag to None, run_after=None
[2022-09-20T17:50:07.290+0530] {processor.py:161} INFO - Processing /home/sayone/This PC/SayOne Technologies/Works/airflow_new/Airflow/venv/lib/python3.8/site-packages/airflow/example_dags/example_trigger_target_dag.py took 0.044 seconds
[2022-09-20T17:50:43.241+0530] {processor.py:153} INFO - Started process (PID=35877) to work on /home/sayone/This PC/SayOne Technologies/Works/airflow_new/Airflow/venv/lib/python3.8/site-packages/airflow/example_dags/example_trigger_target_dag.py
[2022-09-20T17:50:43.244+0530] {processor.py:640} INFO - Processing file /home/sayone/This PC/SayOne Technologies/Works/airflow_new/Airflow/venv/lib/python3.8/site-packages/airflow/example_dags/example_trigger_target_dag.py for tasks to queue
[2022-09-20T17:50:43.245+0530] {logging_mixin.py:115} INFO - [2022-09-20T17:50:43.244+0530] {dagbag.py:508} INFO - Filling up the DagBag from /home/sayone/This PC/SayOne Technologies/Works/airflow_new/Airflow/venv/lib/python3.8/site-packages/airflow/example_dags/example_trigger_target_dag.py
[2022-09-20T17:50:43.260+0530] {processor.py:650} INFO - DAG(s) dict_keys(['example_trigger_target_dag']) retrieved from /home/sayone/This PC/SayOne Technologies/Works/airflow_new/Airflow/venv/lib/python3.8/site-packages/airflow/example_dags/example_trigger_target_dag.py
[2022-09-20T17:50:43.268+0530] {logging_mixin.py:115} INFO - [2022-09-20T17:50:43.268+0530] {dag.py:2429} INFO - Sync 1 DAGs
[2022-09-20T17:50:43.279+0530] {logging_mixin.py:115} INFO - [2022-09-20T17:50:43.279+0530] {dag.py:2977} INFO - Setting next_dagrun for example_trigger_target_dag to None, run_after=None
[2022-09-20T17:50:43.287+0530] {processor.py:161} INFO - Processing /home/sayone/This PC/SayOne Technologies/Works/airflow_new/Airflow/venv/lib/python3.8/site-packages/airflow/example_dags/example_trigger_target_dag.py took 0.050 seconds
[2022-09-20T17:51:20.206+0530] {processor.py:153} INFO - Started process (PID=35984) to work on /home/sayone/This PC/SayOne Technologies/Works/airflow_new/Airflow/venv/lib/python3.8/site-packages/airflow/example_dags/example_trigger_target_dag.py
[2022-09-20T17:51:20.207+0530] {processor.py:640} INFO - Processing file /home/sayone/This PC/SayOne Technologies/Works/airflow_new/Airflow/venv/lib/python3.8/site-packages/airflow/example_dags/example_trigger_target_dag.py for tasks to queue
[2022-09-20T17:51:20.207+0530] {logging_mixin.py:115} INFO - [2022-09-20T17:51:20.207+0530] {dagbag.py:508} INFO - Filling up the DagBag from /home/sayone/This PC/SayOne Technologies/Works/airflow_new/Airflow/venv/lib/python3.8/site-packages/airflow/example_dags/example_trigger_target_dag.py
[2022-09-20T17:51:20.215+0530] {processor.py:650} INFO - DAG(s) dict_keys(['example_trigger_target_dag']) retrieved from /home/sayone/This PC/SayOne Technologies/Works/airflow_new/Airflow/venv/lib/python3.8/site-packages/airflow/example_dags/example_trigger_target_dag.py
[2022-09-20T17:51:20.223+0530] {logging_mixin.py:115} INFO - [2022-09-20T17:51:20.223+0530] {dag.py:2429} INFO - Sync 1 DAGs
[2022-09-20T17:51:20.233+0530] {logging_mixin.py:115} INFO - [2022-09-20T17:51:20.233+0530] {dag.py:2977} INFO - Setting next_dagrun for example_trigger_target_dag to None, run_after=None
[2022-09-20T17:51:20.242+0530] {processor.py:161} INFO - Processing /home/sayone/This PC/SayOne Technologies/Works/airflow_new/Airflow/venv/lib/python3.8/site-packages/airflow/example_dags/example_trigger_target_dag.py took 0.037 seconds
[2022-09-20T17:51:58.500+0530] {processor.py:153} INFO - Started process (PID=36083) to work on /home/sayone/This PC/SayOne Technologies/Works/airflow_new/Airflow/venv/lib/python3.8/site-packages/airflow/example_dags/example_trigger_target_dag.py
[2022-09-20T17:51:58.503+0530] {processor.py:640} INFO - Processing file /home/sayone/This PC/SayOne Technologies/Works/airflow_new/Airflow/venv/lib/python3.8/site-packages/airflow/example_dags/example_trigger_target_dag.py for tasks to queue
[2022-09-20T17:51:58.504+0530] {logging_mixin.py:115} INFO - [2022-09-20T17:51:58.503+0530] {dagbag.py:508} INFO - Filling up the DagBag from /home/sayone/This PC/SayOne Technologies/Works/airflow_new/Airflow/venv/lib/python3.8/site-packages/airflow/example_dags/example_trigger_target_dag.py
[2022-09-20T17:51:58.515+0530] {processor.py:650} INFO - DAG(s) dict_keys(['example_trigger_target_dag']) retrieved from /home/sayone/This PC/SayOne Technologies/Works/airflow_new/Airflow/venv/lib/python3.8/site-packages/airflow/example_dags/example_trigger_target_dag.py
[2022-09-20T17:51:58.523+0530] {logging_mixin.py:115} INFO - [2022-09-20T17:51:58.523+0530] {dag.py:2429} INFO - Sync 1 DAGs
[2022-09-20T17:51:58.534+0530] {logging_mixin.py:115} INFO - [2022-09-20T17:51:58.534+0530] {dag.py:2977} INFO - Setting next_dagrun for example_trigger_target_dag to None, run_after=None
[2022-09-20T17:51:58.543+0530] {processor.py:161} INFO - Processing /home/sayone/This PC/SayOne Technologies/Works/airflow_new/Airflow/venv/lib/python3.8/site-packages/airflow/example_dags/example_trigger_target_dag.py took 0.044 seconds
[2022-09-20T17:52:35.752+0530] {processor.py:153} INFO - Started process (PID=36290) to work on /home/sayone/This PC/SayOne Technologies/Works/airflow_new/Airflow/venv/lib/python3.8/site-packages/airflow/example_dags/example_trigger_target_dag.py
[2022-09-20T17:52:35.755+0530] {processor.py:640} INFO - Processing file /home/sayone/This PC/SayOne Technologies/Works/airflow_new/Airflow/venv/lib/python3.8/site-packages/airflow/example_dags/example_trigger_target_dag.py for tasks to queue
[2022-09-20T17:52:35.756+0530] {logging_mixin.py:115} INFO - [2022-09-20T17:52:35.756+0530] {dagbag.py:508} INFO - Filling up the DagBag from /home/sayone/This PC/SayOne Technologies/Works/airflow_new/Airflow/venv/lib/python3.8/site-packages/airflow/example_dags/example_trigger_target_dag.py
[2022-09-20T17:52:35.773+0530] {processor.py:650} INFO - DAG(s) dict_keys(['example_trigger_target_dag']) retrieved from /home/sayone/This PC/SayOne Technologies/Works/airflow_new/Airflow/venv/lib/python3.8/site-packages/airflow/example_dags/example_trigger_target_dag.py
[2022-09-20T17:52:35.781+0530] {logging_mixin.py:115} INFO - [2022-09-20T17:52:35.781+0530] {dag.py:2429} INFO - Sync 1 DAGs
[2022-09-20T17:52:35.791+0530] {logging_mixin.py:115} INFO - [2022-09-20T17:52:35.791+0530] {dag.py:2977} INFO - Setting next_dagrun for example_trigger_target_dag to None, run_after=None
[2022-09-20T17:52:35.800+0530] {processor.py:161} INFO - Processing /home/sayone/This PC/SayOne Technologies/Works/airflow_new/Airflow/venv/lib/python3.8/site-packages/airflow/example_dags/example_trigger_target_dag.py took 0.050 seconds
[2022-09-20T17:53:12.629+0530] {processor.py:153} INFO - Started process (PID=36404) to work on /home/sayone/This PC/SayOne Technologies/Works/airflow_new/Airflow/venv/lib/python3.8/site-packages/airflow/example_dags/example_trigger_target_dag.py
[2022-09-20T17:53:12.631+0530] {processor.py:640} INFO - Processing file /home/sayone/This PC/SayOne Technologies/Works/airflow_new/Airflow/venv/lib/python3.8/site-packages/airflow/example_dags/example_trigger_target_dag.py for tasks to queue
[2022-09-20T17:53:12.632+0530] {logging_mixin.py:115} INFO - [2022-09-20T17:53:12.631+0530] {dagbag.py:508} INFO - Filling up the DagBag from /home/sayone/This PC/SayOne Technologies/Works/airflow_new/Airflow/venv/lib/python3.8/site-packages/airflow/example_dags/example_trigger_target_dag.py
[2022-09-20T17:53:12.646+0530] {processor.py:650} INFO - DAG(s) dict_keys(['example_trigger_target_dag']) retrieved from /home/sayone/This PC/SayOne Technologies/Works/airflow_new/Airflow/venv/lib/python3.8/site-packages/airflow/example_dags/example_trigger_target_dag.py
[2022-09-20T17:53:12.654+0530] {logging_mixin.py:115} INFO - [2022-09-20T17:53:12.654+0530] {dag.py:2429} INFO - Sync 1 DAGs
[2022-09-20T17:53:12.665+0530] {logging_mixin.py:115} INFO - [2022-09-20T17:53:12.665+0530] {dag.py:2977} INFO - Setting next_dagrun for example_trigger_target_dag to None, run_after=None
[2022-09-20T17:53:12.674+0530] {processor.py:161} INFO - Processing /home/sayone/This PC/SayOne Technologies/Works/airflow_new/Airflow/venv/lib/python3.8/site-packages/airflow/example_dags/example_trigger_target_dag.py took 0.051 seconds
[2022-09-20T17:53:48.659+0530] {processor.py:153} INFO - Started process (PID=36468) to work on /home/sayone/This PC/SayOne Technologies/Works/airflow_new/Airflow/venv/lib/python3.8/site-packages/airflow/example_dags/example_trigger_target_dag.py
[2022-09-20T17:53:48.662+0530] {processor.py:640} INFO - Processing file /home/sayone/This PC/SayOne Technologies/Works/airflow_new/Airflow/venv/lib/python3.8/site-packages/airflow/example_dags/example_trigger_target_dag.py for tasks to queue
[2022-09-20T17:53:48.663+0530] {logging_mixin.py:115} INFO - [2022-09-20T17:53:48.663+0530] {dagbag.py:508} INFO - Filling up the DagBag from /home/sayone/This PC/SayOne Technologies/Works/airflow_new/Airflow/venv/lib/python3.8/site-packages/airflow/example_dags/example_trigger_target_dag.py
[2022-09-20T17:53:48.679+0530] {processor.py:650} INFO - DAG(s) dict_keys(['example_trigger_target_dag']) retrieved from /home/sayone/This PC/SayOne Technologies/Works/airflow_new/Airflow/venv/lib/python3.8/site-packages/airflow/example_dags/example_trigger_target_dag.py
[2022-09-20T17:53:48.688+0530] {logging_mixin.py:115} INFO - [2022-09-20T17:53:48.688+0530] {dag.py:2429} INFO - Sync 1 DAGs
[2022-09-20T17:53:48.699+0530] {logging_mixin.py:115} INFO - [2022-09-20T17:53:48.699+0530] {dag.py:2977} INFO - Setting next_dagrun for example_trigger_target_dag to None, run_after=None
[2022-09-20T17:53:48.708+0530] {processor.py:161} INFO - Processing /home/sayone/This PC/SayOne Technologies/Works/airflow_new/Airflow/venv/lib/python3.8/site-packages/airflow/example_dags/example_trigger_target_dag.py took 0.052 seconds
