[2022-09-20T17:16:51.028+0530] {processor.py:153} INFO - Started process (PID=28623) to work on /home/sayone/This PC/SayOne Technologies/Works/airflow_new/Airflow/venv/lib/python3.8/site-packages/airflow/example_dags/example_nested_branch_dag.py
[2022-09-20T17:16:51.028+0530] {processor.py:640} INFO - Processing file /home/sayone/This PC/SayOne Technologies/Works/airflow_new/Airflow/venv/lib/python3.8/site-packages/airflow/example_dags/example_nested_branch_dag.py for tasks to queue
[2022-09-20T17:16:51.028+0530] {logging_mixin.py:115} INFO - [2022-09-20T17:16:51.028+0530] {dagbag.py:508} INFO - Filling up the DagBag from /home/sayone/This PC/SayOne Technologies/Works/airflow_new/Airflow/venv/lib/python3.8/site-packages/airflow/example_dags/example_nested_branch_dag.py
[2022-09-20T17:16:51.035+0530] {processor.py:650} INFO - DAG(s) dict_keys(['example_nested_branch_dag']) retrieved from /home/sayone/This PC/SayOne Technologies/Works/airflow_new/Airflow/venv/lib/python3.8/site-packages/airflow/example_dags/example_nested_branch_dag.py
[2022-09-20T17:16:51.089+0530] {logging_mixin.py:115} INFO - [2022-09-20T17:16:51.089+0530] {manager.py:508} INFO - Created Permission View: can edit on DAG:example_nested_branch_dag
[2022-09-20T17:16:51.096+0530] {logging_mixin.py:115} INFO - [2022-09-20T17:16:51.096+0530] {manager.py:508} INFO - Created Permission View: can read on DAG:example_nested_branch_dag
[2022-09-20T17:16:51.101+0530] {logging_mixin.py:115} INFO - [2022-09-20T17:16:51.101+0530] {manager.py:508} INFO - Created Permission View: can delete on DAG:example_nested_branch_dag
[2022-09-20T17:16:51.101+0530] {logging_mixin.py:115} INFO - [2022-09-20T17:16:51.101+0530] {dag.py:2429} INFO - Sync 1 DAGs
[2022-09-20T17:16:51.106+0530] {logging_mixin.py:115} INFO - [2022-09-20T17:16:51.106+0530] {dag.py:2448} INFO - Creating ORM DAG for example_nested_branch_dag
[2022-09-20T17:16:51.113+0530] {logging_mixin.py:115} INFO - [2022-09-20T17:16:51.113+0530] {dag.py:2977} INFO - Setting next_dagrun for example_nested_branch_dag to 2022-09-19T00:00:00+00:00, run_after=2022-09-20T00:00:00+00:00
[2022-09-20T17:16:51.125+0530] {processor.py:161} INFO - Processing /home/sayone/This PC/SayOne Technologies/Works/airflow_new/Airflow/venv/lib/python3.8/site-packages/airflow/example_dags/example_nested_branch_dag.py took 0.099 seconds
[2022-09-20T17:17:28.673+0530] {processor.py:153} INFO - Started process (PID=28942) to work on /home/sayone/This PC/SayOne Technologies/Works/airflow_new/Airflow/venv/lib/python3.8/site-packages/airflow/example_dags/example_nested_branch_dag.py
[2022-09-20T17:17:28.675+0530] {processor.py:640} INFO - Processing file /home/sayone/This PC/SayOne Technologies/Works/airflow_new/Airflow/venv/lib/python3.8/site-packages/airflow/example_dags/example_nested_branch_dag.py for tasks to queue
[2022-09-20T17:17:28.676+0530] {logging_mixin.py:115} INFO - [2022-09-20T17:17:28.676+0530] {dagbag.py:508} INFO - Filling up the DagBag from /home/sayone/This PC/SayOne Technologies/Works/airflow_new/Airflow/venv/lib/python3.8/site-packages/airflow/example_dags/example_nested_branch_dag.py
[2022-09-20T17:17:28.685+0530] {processor.py:650} INFO - DAG(s) dict_keys(['example_nested_branch_dag']) retrieved from /home/sayone/This PC/SayOne Technologies/Works/airflow_new/Airflow/venv/lib/python3.8/site-packages/airflow/example_dags/example_nested_branch_dag.py
[2022-09-20T17:17:28.702+0530] {logging_mixin.py:115} INFO - [2022-09-20T17:17:28.702+0530] {dag.py:2429} INFO - Sync 1 DAGs
[2022-09-20T17:17:28.733+0530] {logging_mixin.py:115} INFO - [2022-09-20T17:17:28.732+0530] {dag.py:2977} INFO - Setting next_dagrun for example_nested_branch_dag to 2022-09-19T00:00:00+00:00, run_after=2022-09-20T00:00:00+00:00
[2022-09-20T17:17:28.756+0530] {processor.py:161} INFO - Processing /home/sayone/This PC/SayOne Technologies/Works/airflow_new/Airflow/venv/lib/python3.8/site-packages/airflow/example_dags/example_nested_branch_dag.py took 0.088 seconds
[2022-09-20T17:18:02.353+0530] {processor.py:153} INFO - Started process (PID=29085) to work on /home/sayone/This PC/SayOne Technologies/Works/airflow_new/Airflow/venv/lib/python3.8/site-packages/airflow/example_dags/example_nested_branch_dag.py
[2022-09-20T17:18:02.354+0530] {processor.py:640} INFO - Processing file /home/sayone/This PC/SayOne Technologies/Works/airflow_new/Airflow/venv/lib/python3.8/site-packages/airflow/example_dags/example_nested_branch_dag.py for tasks to queue
[2022-09-20T17:18:02.354+0530] {logging_mixin.py:115} INFO - [2022-09-20T17:18:02.354+0530] {dagbag.py:508} INFO - Filling up the DagBag from /home/sayone/This PC/SayOne Technologies/Works/airflow_new/Airflow/venv/lib/python3.8/site-packages/airflow/example_dags/example_nested_branch_dag.py
[2022-09-20T17:18:02.363+0530] {processor.py:650} INFO - DAG(s) dict_keys(['example_nested_branch_dag']) retrieved from /home/sayone/This PC/SayOne Technologies/Works/airflow_new/Airflow/venv/lib/python3.8/site-packages/airflow/example_dags/example_nested_branch_dag.py
[2022-09-20T17:18:02.375+0530] {logging_mixin.py:115} INFO - [2022-09-20T17:18:02.375+0530] {dag.py:2429} INFO - Sync 1 DAGs
[2022-09-20T17:18:02.389+0530] {logging_mixin.py:115} INFO - [2022-09-20T17:18:02.389+0530] {dag.py:2977} INFO - Setting next_dagrun for example_nested_branch_dag to 2022-09-19T00:00:00+00:00, run_after=2022-09-20T00:00:00+00:00
[2022-09-20T17:18:02.406+0530] {processor.py:161} INFO - Processing /home/sayone/This PC/SayOne Technologies/Works/airflow_new/Airflow/venv/lib/python3.8/site-packages/airflow/example_dags/example_nested_branch_dag.py took 0.055 seconds
[2022-09-20T17:18:37.324+0530] {processor.py:153} INFO - Started process (PID=29183) to work on /home/sayone/This PC/SayOne Technologies/Works/airflow_new/Airflow/venv/lib/python3.8/site-packages/airflow/example_dags/example_nested_branch_dag.py
[2022-09-20T17:18:37.326+0530] {processor.py:640} INFO - Processing file /home/sayone/This PC/SayOne Technologies/Works/airflow_new/Airflow/venv/lib/python3.8/site-packages/airflow/example_dags/example_nested_branch_dag.py for tasks to queue
[2022-09-20T17:18:37.327+0530] {logging_mixin.py:115} INFO - [2022-09-20T17:18:37.326+0530] {dagbag.py:508} INFO - Filling up the DagBag from /home/sayone/This PC/SayOne Technologies/Works/airflow_new/Airflow/venv/lib/python3.8/site-packages/airflow/example_dags/example_nested_branch_dag.py
[2022-09-20T17:18:37.334+0530] {processor.py:650} INFO - DAG(s) dict_keys(['example_nested_branch_dag']) retrieved from /home/sayone/This PC/SayOne Technologies/Works/airflow_new/Airflow/venv/lib/python3.8/site-packages/airflow/example_dags/example_nested_branch_dag.py
[2022-09-20T17:18:37.345+0530] {logging_mixin.py:115} INFO - [2022-09-20T17:18:37.344+0530] {dag.py:2429} INFO - Sync 1 DAGs
[2022-09-20T17:18:37.358+0530] {logging_mixin.py:115} INFO - [2022-09-20T17:18:37.358+0530] {dag.py:2977} INFO - Setting next_dagrun for example_nested_branch_dag to 2022-09-19T00:00:00+00:00, run_after=2022-09-20T00:00:00+00:00
[2022-09-20T17:18:37.367+0530] {processor.py:161} INFO - Processing /home/sayone/This PC/SayOne Technologies/Works/airflow_new/Airflow/venv/lib/python3.8/site-packages/airflow/example_dags/example_nested_branch_dag.py took 0.045 seconds
[2022-09-20T17:19:13.176+0530] {processor.py:153} INFO - Started process (PID=29326) to work on /home/sayone/This PC/SayOne Technologies/Works/airflow_new/Airflow/venv/lib/python3.8/site-packages/airflow/example_dags/example_nested_branch_dag.py
[2022-09-20T17:19:13.179+0530] {processor.py:640} INFO - Processing file /home/sayone/This PC/SayOne Technologies/Works/airflow_new/Airflow/venv/lib/python3.8/site-packages/airflow/example_dags/example_nested_branch_dag.py for tasks to queue
[2022-09-20T17:19:13.180+0530] {logging_mixin.py:115} INFO - [2022-09-20T17:19:13.180+0530] {dagbag.py:508} INFO - Filling up the DagBag from /home/sayone/This PC/SayOne Technologies/Works/airflow_new/Airflow/venv/lib/python3.8/site-packages/airflow/example_dags/example_nested_branch_dag.py
[2022-09-20T17:19:13.190+0530] {processor.py:650} INFO - DAG(s) dict_keys(['example_nested_branch_dag']) retrieved from /home/sayone/This PC/SayOne Technologies/Works/airflow_new/Airflow/venv/lib/python3.8/site-packages/airflow/example_dags/example_nested_branch_dag.py
[2022-09-20T17:19:13.200+0530] {logging_mixin.py:115} INFO - [2022-09-20T17:19:13.200+0530] {dag.py:2429} INFO - Sync 1 DAGs
[2022-09-20T17:19:13.210+0530] {logging_mixin.py:115} INFO - [2022-09-20T17:19:13.210+0530] {dag.py:2977} INFO - Setting next_dagrun for example_nested_branch_dag to 2022-09-19T00:00:00+00:00, run_after=2022-09-20T00:00:00+00:00
[2022-09-20T17:19:13.220+0530] {processor.py:161} INFO - Processing /home/sayone/This PC/SayOne Technologies/Works/airflow_new/Airflow/venv/lib/python3.8/site-packages/airflow/example_dags/example_nested_branch_dag.py took 0.047 seconds
[2022-09-20T17:19:48.049+0530] {processor.py:153} INFO - Started process (PID=29549) to work on /home/sayone/This PC/SayOne Technologies/Works/airflow_new/Airflow/venv/lib/python3.8/site-packages/airflow/example_dags/example_nested_branch_dag.py
[2022-09-20T17:19:48.052+0530] {processor.py:640} INFO - Processing file /home/sayone/This PC/SayOne Technologies/Works/airflow_new/Airflow/venv/lib/python3.8/site-packages/airflow/example_dags/example_nested_branch_dag.py for tasks to queue
[2022-09-20T17:19:48.053+0530] {logging_mixin.py:115} INFO - [2022-09-20T17:19:48.053+0530] {dagbag.py:508} INFO - Filling up the DagBag from /home/sayone/This PC/SayOne Technologies/Works/airflow_new/Airflow/venv/lib/python3.8/site-packages/airflow/example_dags/example_nested_branch_dag.py
[2022-09-20T17:19:48.065+0530] {processor.py:650} INFO - DAG(s) dict_keys(['example_nested_branch_dag']) retrieved from /home/sayone/This PC/SayOne Technologies/Works/airflow_new/Airflow/venv/lib/python3.8/site-packages/airflow/example_dags/example_nested_branch_dag.py
[2022-09-20T17:19:48.077+0530] {logging_mixin.py:115} INFO - [2022-09-20T17:19:48.077+0530] {dag.py:2429} INFO - Sync 1 DAGs
[2022-09-20T17:19:48.088+0530] {logging_mixin.py:115} INFO - [2022-09-20T17:19:48.088+0530] {dag.py:2977} INFO - Setting next_dagrun for example_nested_branch_dag to 2022-09-19T00:00:00+00:00, run_after=2022-09-20T00:00:00+00:00
[2022-09-20T17:19:48.097+0530] {processor.py:161} INFO - Processing /home/sayone/This PC/SayOne Technologies/Works/airflow_new/Airflow/venv/lib/python3.8/site-packages/airflow/example_dags/example_nested_branch_dag.py took 0.050 seconds
[2022-09-20T17:20:09.171+0530] {processor.py:153} INFO - Started process (PID=29669) to work on /home/sayone/This PC/SayOne Technologies/Works/airflow_new/Airflow/venv/lib/python3.8/site-packages/airflow/example_dags/example_nested_branch_dag.py
[2022-09-20T17:20:09.174+0530] {processor.py:640} INFO - Processing file /home/sayone/This PC/SayOne Technologies/Works/airflow_new/Airflow/venv/lib/python3.8/site-packages/airflow/example_dags/example_nested_branch_dag.py for tasks to queue
[2022-09-20T17:20:09.175+0530] {logging_mixin.py:115} INFO - [2022-09-20T17:20:09.175+0530] {dagbag.py:508} INFO - Filling up the DagBag from /home/sayone/This PC/SayOne Technologies/Works/airflow_new/Airflow/venv/lib/python3.8/site-packages/airflow/example_dags/example_nested_branch_dag.py
[2022-09-20T17:20:09.184+0530] {processor.py:650} INFO - DAG(s) dict_keys(['example_nested_branch_dag']) retrieved from /home/sayone/This PC/SayOne Technologies/Works/airflow_new/Airflow/venv/lib/python3.8/site-packages/airflow/example_dags/example_nested_branch_dag.py
[2022-09-20T17:20:09.194+0530] {logging_mixin.py:115} INFO - [2022-09-20T17:20:09.194+0530] {dag.py:2429} INFO - Sync 1 DAGs
[2022-09-20T17:20:09.206+0530] {logging_mixin.py:115} INFO - [2022-09-20T17:20:09.206+0530] {dag.py:2977} INFO - Setting next_dagrun for example_nested_branch_dag to 2022-09-19T00:00:00+00:00, run_after=2022-09-20T00:00:00+00:00
[2022-09-20T17:20:09.216+0530] {processor.py:161} INFO - Processing /home/sayone/This PC/SayOne Technologies/Works/airflow_new/Airflow/venv/lib/python3.8/site-packages/airflow/example_dags/example_nested_branch_dag.py took 0.049 seconds
[2022-09-20T17:20:46.416+0530] {processor.py:153} INFO - Started process (PID=29737) to work on /home/sayone/This PC/SayOne Technologies/Works/airflow_new/Airflow/venv/lib/python3.8/site-packages/airflow/example_dags/example_nested_branch_dag.py
[2022-09-20T17:20:46.419+0530] {processor.py:640} INFO - Processing file /home/sayone/This PC/SayOne Technologies/Works/airflow_new/Airflow/venv/lib/python3.8/site-packages/airflow/example_dags/example_nested_branch_dag.py for tasks to queue
[2022-09-20T17:20:46.420+0530] {logging_mixin.py:115} INFO - [2022-09-20T17:20:46.420+0530] {dagbag.py:508} INFO - Filling up the DagBag from /home/sayone/This PC/SayOne Technologies/Works/airflow_new/Airflow/venv/lib/python3.8/site-packages/airflow/example_dags/example_nested_branch_dag.py
[2022-09-20T17:20:46.429+0530] {processor.py:650} INFO - DAG(s) dict_keys(['example_nested_branch_dag']) retrieved from /home/sayone/This PC/SayOne Technologies/Works/airflow_new/Airflow/venv/lib/python3.8/site-packages/airflow/example_dags/example_nested_branch_dag.py
[2022-09-20T17:20:46.439+0530] {logging_mixin.py:115} INFO - [2022-09-20T17:20:46.439+0530] {dag.py:2429} INFO - Sync 1 DAGs
[2022-09-20T17:20:46.449+0530] {logging_mixin.py:115} INFO - [2022-09-20T17:20:46.449+0530] {dag.py:2977} INFO - Setting next_dagrun for example_nested_branch_dag to 2022-09-19T00:00:00+00:00, run_after=2022-09-20T00:00:00+00:00
[2022-09-20T17:20:46.458+0530] {processor.py:161} INFO - Processing /home/sayone/This PC/SayOne Technologies/Works/airflow_new/Airflow/venv/lib/python3.8/site-packages/airflow/example_dags/example_nested_branch_dag.py took 0.043 seconds
[2022-09-20T17:21:20.660+0530] {processor.py:153} INFO - Started process (PID=29848) to work on /home/sayone/This PC/SayOne Technologies/Works/airflow_new/Airflow/venv/lib/python3.8/site-packages/airflow/example_dags/example_nested_branch_dag.py
[2022-09-20T17:21:20.663+0530] {processor.py:640} INFO - Processing file /home/sayone/This PC/SayOne Technologies/Works/airflow_new/Airflow/venv/lib/python3.8/site-packages/airflow/example_dags/example_nested_branch_dag.py for tasks to queue
[2022-09-20T17:21:20.664+0530] {logging_mixin.py:115} INFO - [2022-09-20T17:21:20.664+0530] {dagbag.py:508} INFO - Filling up the DagBag from /home/sayone/This PC/SayOne Technologies/Works/airflow_new/Airflow/venv/lib/python3.8/site-packages/airflow/example_dags/example_nested_branch_dag.py
[2022-09-20T17:21:20.671+0530] {processor.py:650} INFO - DAG(s) dict_keys(['example_nested_branch_dag']) retrieved from /home/sayone/This PC/SayOne Technologies/Works/airflow_new/Airflow/venv/lib/python3.8/site-packages/airflow/example_dags/example_nested_branch_dag.py
[2022-09-20T17:21:20.680+0530] {logging_mixin.py:115} INFO - [2022-09-20T17:21:20.680+0530] {dag.py:2429} INFO - Sync 1 DAGs
[2022-09-20T17:21:20.693+0530] {logging_mixin.py:115} INFO - [2022-09-20T17:21:20.692+0530] {dag.py:2977} INFO - Setting next_dagrun for example_nested_branch_dag to 2022-09-19T00:00:00+00:00, run_after=2022-09-20T00:00:00+00:00
[2022-09-20T17:21:20.705+0530] {processor.py:161} INFO - Processing /home/sayone/This PC/SayOne Technologies/Works/airflow_new/Airflow/venv/lib/python3.8/site-packages/airflow/example_dags/example_nested_branch_dag.py took 0.048 seconds
[2022-09-20T17:21:57.321+0530] {processor.py:153} INFO - Started process (PID=30008) to work on /home/sayone/This PC/SayOne Technologies/Works/airflow_new/Airflow/venv/lib/python3.8/site-packages/airflow/example_dags/example_nested_branch_dag.py
[2022-09-20T17:21:57.324+0530] {processor.py:640} INFO - Processing file /home/sayone/This PC/SayOne Technologies/Works/airflow_new/Airflow/venv/lib/python3.8/site-packages/airflow/example_dags/example_nested_branch_dag.py for tasks to queue
[2022-09-20T17:21:57.324+0530] {logging_mixin.py:115} INFO - [2022-09-20T17:21:57.324+0530] {dagbag.py:508} INFO - Filling up the DagBag from /home/sayone/This PC/SayOne Technologies/Works/airflow_new/Airflow/venv/lib/python3.8/site-packages/airflow/example_dags/example_nested_branch_dag.py
[2022-09-20T17:21:57.330+0530] {processor.py:650} INFO - DAG(s) dict_keys(['example_nested_branch_dag']) retrieved from /home/sayone/This PC/SayOne Technologies/Works/airflow_new/Airflow/venv/lib/python3.8/site-packages/airflow/example_dags/example_nested_branch_dag.py
[2022-09-20T17:21:57.340+0530] {logging_mixin.py:115} INFO - [2022-09-20T17:21:57.340+0530] {dag.py:2429} INFO - Sync 1 DAGs
[2022-09-20T17:21:57.352+0530] {logging_mixin.py:115} INFO - [2022-09-20T17:21:57.352+0530] {dag.py:2977} INFO - Setting next_dagrun for example_nested_branch_dag to 2022-09-19T00:00:00+00:00, run_after=2022-09-20T00:00:00+00:00
[2022-09-20T17:21:57.361+0530] {processor.py:161} INFO - Processing /home/sayone/This PC/SayOne Technologies/Works/airflow_new/Airflow/venv/lib/python3.8/site-packages/airflow/example_dags/example_nested_branch_dag.py took 0.042 seconds
[2022-09-20T17:22:31.637+0530] {processor.py:153} INFO - Started process (PID=30261) to work on /home/sayone/This PC/SayOne Technologies/Works/airflow_new/Airflow/venv/lib/python3.8/site-packages/airflow/example_dags/example_nested_branch_dag.py
[2022-09-20T17:22:31.639+0530] {processor.py:640} INFO - Processing file /home/sayone/This PC/SayOne Technologies/Works/airflow_new/Airflow/venv/lib/python3.8/site-packages/airflow/example_dags/example_nested_branch_dag.py for tasks to queue
[2022-09-20T17:22:31.640+0530] {logging_mixin.py:115} INFO - [2022-09-20T17:22:31.639+0530] {dagbag.py:508} INFO - Filling up the DagBag from /home/sayone/This PC/SayOne Technologies/Works/airflow_new/Airflow/venv/lib/python3.8/site-packages/airflow/example_dags/example_nested_branch_dag.py
[2022-09-20T17:22:31.647+0530] {processor.py:650} INFO - DAG(s) dict_keys(['example_nested_branch_dag']) retrieved from /home/sayone/This PC/SayOne Technologies/Works/airflow_new/Airflow/venv/lib/python3.8/site-packages/airflow/example_dags/example_nested_branch_dag.py
[2022-09-20T17:22:31.660+0530] {logging_mixin.py:115} INFO - [2022-09-20T17:22:31.660+0530] {dag.py:2429} INFO - Sync 1 DAGs
[2022-09-20T17:22:31.676+0530] {logging_mixin.py:115} INFO - [2022-09-20T17:22:31.676+0530] {dag.py:2977} INFO - Setting next_dagrun for example_nested_branch_dag to 2022-09-19T00:00:00+00:00, run_after=2022-09-20T00:00:00+00:00
[2022-09-20T17:22:31.693+0530] {processor.py:161} INFO - Processing /home/sayone/This PC/SayOne Technologies/Works/airflow_new/Airflow/venv/lib/python3.8/site-packages/airflow/example_dags/example_nested_branch_dag.py took 0.058 seconds
[2022-09-20T17:23:34.562+0530] {processor.py:153} INFO - Started process (PID=30452) to work on /home/sayone/This PC/SayOne Technologies/Works/airflow_new/Airflow/venv/lib/python3.8/site-packages/airflow/example_dags/example_nested_branch_dag.py
[2022-09-20T17:23:34.565+0530] {processor.py:640} INFO - Processing file /home/sayone/This PC/SayOne Technologies/Works/airflow_new/Airflow/venv/lib/python3.8/site-packages/airflow/example_dags/example_nested_branch_dag.py for tasks to queue
[2022-09-20T17:23:34.566+0530] {logging_mixin.py:115} INFO - [2022-09-20T17:23:34.566+0530] {dagbag.py:508} INFO - Filling up the DagBag from /home/sayone/This PC/SayOne Technologies/Works/airflow_new/Airflow/venv/lib/python3.8/site-packages/airflow/example_dags/example_nested_branch_dag.py
[2022-09-20T17:23:34.576+0530] {processor.py:650} INFO - DAG(s) dict_keys(['example_nested_branch_dag']) retrieved from /home/sayone/This PC/SayOne Technologies/Works/airflow_new/Airflow/venv/lib/python3.8/site-packages/airflow/example_dags/example_nested_branch_dag.py
[2022-09-20T17:23:34.585+0530] {logging_mixin.py:115} INFO - [2022-09-20T17:23:34.585+0530] {dag.py:2429} INFO - Sync 1 DAGs
[2022-09-20T17:23:34.598+0530] {logging_mixin.py:115} INFO - [2022-09-20T17:23:34.597+0530] {dag.py:2977} INFO - Setting next_dagrun for example_nested_branch_dag to 2022-09-19T00:00:00+00:00, run_after=2022-09-20T00:00:00+00:00
[2022-09-20T17:23:34.612+0530] {processor.py:161} INFO - Processing /home/sayone/This PC/SayOne Technologies/Works/airflow_new/Airflow/venv/lib/python3.8/site-packages/airflow/example_dags/example_nested_branch_dag.py took 0.054 seconds
[2022-09-20T17:24:10.550+0530] {processor.py:153} INFO - Started process (PID=30571) to work on /home/sayone/This PC/SayOne Technologies/Works/airflow_new/Airflow/venv/lib/python3.8/site-packages/airflow/example_dags/example_nested_branch_dag.py
[2022-09-20T17:24:10.553+0530] {processor.py:640} INFO - Processing file /home/sayone/This PC/SayOne Technologies/Works/airflow_new/Airflow/venv/lib/python3.8/site-packages/airflow/example_dags/example_nested_branch_dag.py for tasks to queue
[2022-09-20T17:24:10.554+0530] {logging_mixin.py:115} INFO - [2022-09-20T17:24:10.554+0530] {dagbag.py:508} INFO - Filling up the DagBag from /home/sayone/This PC/SayOne Technologies/Works/airflow_new/Airflow/venv/lib/python3.8/site-packages/airflow/example_dags/example_nested_branch_dag.py
[2022-09-20T17:24:10.565+0530] {processor.py:650} INFO - DAG(s) dict_keys(['example_nested_branch_dag']) retrieved from /home/sayone/This PC/SayOne Technologies/Works/airflow_new/Airflow/venv/lib/python3.8/site-packages/airflow/example_dags/example_nested_branch_dag.py
[2022-09-20T17:24:10.582+0530] {logging_mixin.py:115} INFO - [2022-09-20T17:24:10.582+0530] {dag.py:2429} INFO - Sync 1 DAGs
[2022-09-20T17:24:10.601+0530] {logging_mixin.py:115} INFO - [2022-09-20T17:24:10.601+0530] {dag.py:2977} INFO - Setting next_dagrun for example_nested_branch_dag to 2022-09-19T00:00:00+00:00, run_after=2022-09-20T00:00:00+00:00
[2022-09-20T17:24:10.619+0530] {processor.py:161} INFO - Processing /home/sayone/This PC/SayOne Technologies/Works/airflow_new/Airflow/venv/lib/python3.8/site-packages/airflow/example_dags/example_nested_branch_dag.py took 0.073 seconds
[2022-09-20T17:24:45.431+0530] {processor.py:153} INFO - Started process (PID=30852) to work on /home/sayone/This PC/SayOne Technologies/Works/airflow_new/Airflow/venv/lib/python3.8/site-packages/airflow/example_dags/example_nested_branch_dag.py
[2022-09-20T17:24:45.435+0530] {processor.py:640} INFO - Processing file /home/sayone/This PC/SayOne Technologies/Works/airflow_new/Airflow/venv/lib/python3.8/site-packages/airflow/example_dags/example_nested_branch_dag.py for tasks to queue
[2022-09-20T17:24:45.435+0530] {logging_mixin.py:115} INFO - [2022-09-20T17:24:45.435+0530] {dagbag.py:508} INFO - Filling up the DagBag from /home/sayone/This PC/SayOne Technologies/Works/airflow_new/Airflow/venv/lib/python3.8/site-packages/airflow/example_dags/example_nested_branch_dag.py
[2022-09-20T17:24:45.447+0530] {processor.py:650} INFO - DAG(s) dict_keys(['example_nested_branch_dag']) retrieved from /home/sayone/This PC/SayOne Technologies/Works/airflow_new/Airflow/venv/lib/python3.8/site-packages/airflow/example_dags/example_nested_branch_dag.py
[2022-09-20T17:24:45.458+0530] {logging_mixin.py:115} INFO - [2022-09-20T17:24:45.458+0530] {dag.py:2429} INFO - Sync 1 DAGs
[2022-09-20T17:24:45.469+0530] {logging_mixin.py:115} INFO - [2022-09-20T17:24:45.469+0530] {dag.py:2977} INFO - Setting next_dagrun for example_nested_branch_dag to 2022-09-19T00:00:00+00:00, run_after=2022-09-20T00:00:00+00:00
[2022-09-20T17:24:45.478+0530] {processor.py:161} INFO - Processing /home/sayone/This PC/SayOne Technologies/Works/airflow_new/Airflow/venv/lib/python3.8/site-packages/airflow/example_dags/example_nested_branch_dag.py took 0.051 seconds
[2022-09-20T17:25:21.357+0530] {processor.py:153} INFO - Started process (PID=30985) to work on /home/sayone/This PC/SayOne Technologies/Works/airflow_new/Airflow/venv/lib/python3.8/site-packages/airflow/example_dags/example_nested_branch_dag.py
[2022-09-20T17:25:21.359+0530] {processor.py:640} INFO - Processing file /home/sayone/This PC/SayOne Technologies/Works/airflow_new/Airflow/venv/lib/python3.8/site-packages/airflow/example_dags/example_nested_branch_dag.py for tasks to queue
[2022-09-20T17:25:21.360+0530] {logging_mixin.py:115} INFO - [2022-09-20T17:25:21.360+0530] {dagbag.py:508} INFO - Filling up the DagBag from /home/sayone/This PC/SayOne Technologies/Works/airflow_new/Airflow/venv/lib/python3.8/site-packages/airflow/example_dags/example_nested_branch_dag.py
[2022-09-20T17:25:21.368+0530] {processor.py:650} INFO - DAG(s) dict_keys(['example_nested_branch_dag']) retrieved from /home/sayone/This PC/SayOne Technologies/Works/airflow_new/Airflow/venv/lib/python3.8/site-packages/airflow/example_dags/example_nested_branch_dag.py
[2022-09-20T17:25:21.378+0530] {logging_mixin.py:115} INFO - [2022-09-20T17:25:21.378+0530] {dag.py:2429} INFO - Sync 1 DAGs
[2022-09-20T17:25:21.389+0530] {logging_mixin.py:115} INFO - [2022-09-20T17:25:21.389+0530] {dag.py:2977} INFO - Setting next_dagrun for example_nested_branch_dag to 2022-09-19T00:00:00+00:00, run_after=2022-09-20T00:00:00+00:00
[2022-09-20T17:25:21.398+0530] {processor.py:161} INFO - Processing /home/sayone/This PC/SayOne Technologies/Works/airflow_new/Airflow/venv/lib/python3.8/site-packages/airflow/example_dags/example_nested_branch_dag.py took 0.047 seconds
[2022-09-20T17:25:57.383+0530] {processor.py:153} INFO - Started process (PID=31107) to work on /home/sayone/This PC/SayOne Technologies/Works/airflow_new/Airflow/venv/lib/python3.8/site-packages/airflow/example_dags/example_nested_branch_dag.py
[2022-09-20T17:25:57.385+0530] {processor.py:640} INFO - Processing file /home/sayone/This PC/SayOne Technologies/Works/airflow_new/Airflow/venv/lib/python3.8/site-packages/airflow/example_dags/example_nested_branch_dag.py for tasks to queue
[2022-09-20T17:25:57.386+0530] {logging_mixin.py:115} INFO - [2022-09-20T17:25:57.385+0530] {dagbag.py:508} INFO - Filling up the DagBag from /home/sayone/This PC/SayOne Technologies/Works/airflow_new/Airflow/venv/lib/python3.8/site-packages/airflow/example_dags/example_nested_branch_dag.py
[2022-09-20T17:25:57.398+0530] {processor.py:650} INFO - DAG(s) dict_keys(['example_nested_branch_dag']) retrieved from /home/sayone/This PC/SayOne Technologies/Works/airflow_new/Airflow/venv/lib/python3.8/site-packages/airflow/example_dags/example_nested_branch_dag.py
[2022-09-20T17:25:57.408+0530] {logging_mixin.py:115} INFO - [2022-09-20T17:25:57.408+0530] {dag.py:2429} INFO - Sync 1 DAGs
[2022-09-20T17:25:57.418+0530] {logging_mixin.py:115} INFO - [2022-09-20T17:25:57.418+0530] {dag.py:2977} INFO - Setting next_dagrun for example_nested_branch_dag to 2022-09-19T00:00:00+00:00, run_after=2022-09-20T00:00:00+00:00
[2022-09-20T17:25:57.426+0530] {processor.py:161} INFO - Processing /home/sayone/This PC/SayOne Technologies/Works/airflow_new/Airflow/venv/lib/python3.8/site-packages/airflow/example_dags/example_nested_branch_dag.py took 0.047 seconds
[2022-09-20T17:26:33.601+0530] {processor.py:153} INFO - Started process (PID=31181) to work on /home/sayone/This PC/SayOne Technologies/Works/airflow_new/Airflow/venv/lib/python3.8/site-packages/airflow/example_dags/example_nested_branch_dag.py
[2022-09-20T17:26:33.604+0530] {processor.py:640} INFO - Processing file /home/sayone/This PC/SayOne Technologies/Works/airflow_new/Airflow/venv/lib/python3.8/site-packages/airflow/example_dags/example_nested_branch_dag.py for tasks to queue
[2022-09-20T17:26:33.605+0530] {logging_mixin.py:115} INFO - [2022-09-20T17:26:33.604+0530] {dagbag.py:508} INFO - Filling up the DagBag from /home/sayone/This PC/SayOne Technologies/Works/airflow_new/Airflow/venv/lib/python3.8/site-packages/airflow/example_dags/example_nested_branch_dag.py
[2022-09-20T17:26:33.618+0530] {processor.py:650} INFO - DAG(s) dict_keys(['example_nested_branch_dag']) retrieved from /home/sayone/This PC/SayOne Technologies/Works/airflow_new/Airflow/venv/lib/python3.8/site-packages/airflow/example_dags/example_nested_branch_dag.py
[2022-09-20T17:26:33.626+0530] {logging_mixin.py:115} INFO - [2022-09-20T17:26:33.626+0530] {dag.py:2429} INFO - Sync 1 DAGs
[2022-09-20T17:26:33.637+0530] {logging_mixin.py:115} INFO - [2022-09-20T17:26:33.637+0530] {dag.py:2977} INFO - Setting next_dagrun for example_nested_branch_dag to 2022-09-19T00:00:00+00:00, run_after=2022-09-20T00:00:00+00:00
[2022-09-20T17:26:33.646+0530] {processor.py:161} INFO - Processing /home/sayone/This PC/SayOne Technologies/Works/airflow_new/Airflow/venv/lib/python3.8/site-packages/airflow/example_dags/example_nested_branch_dag.py took 0.049 seconds
[2022-09-20T17:27:10.067+0530] {processor.py:153} INFO - Started process (PID=31447) to work on /home/sayone/This PC/SayOne Technologies/Works/airflow_new/Airflow/venv/lib/python3.8/site-packages/airflow/example_dags/example_nested_branch_dag.py
[2022-09-20T17:27:10.069+0530] {processor.py:640} INFO - Processing file /home/sayone/This PC/SayOne Technologies/Works/airflow_new/Airflow/venv/lib/python3.8/site-packages/airflow/example_dags/example_nested_branch_dag.py for tasks to queue
[2022-09-20T17:27:10.069+0530] {logging_mixin.py:115} INFO - [2022-09-20T17:27:10.069+0530] {dagbag.py:508} INFO - Filling up the DagBag from /home/sayone/This PC/SayOne Technologies/Works/airflow_new/Airflow/venv/lib/python3.8/site-packages/airflow/example_dags/example_nested_branch_dag.py
[2022-09-20T17:27:10.081+0530] {processor.py:650} INFO - DAG(s) dict_keys(['example_nested_branch_dag']) retrieved from /home/sayone/This PC/SayOne Technologies/Works/airflow_new/Airflow/venv/lib/python3.8/site-packages/airflow/example_dags/example_nested_branch_dag.py
[2022-09-20T17:27:10.090+0530] {logging_mixin.py:115} INFO - [2022-09-20T17:27:10.090+0530] {dag.py:2429} INFO - Sync 1 DAGs
[2022-09-20T17:27:10.101+0530] {logging_mixin.py:115} INFO - [2022-09-20T17:27:10.100+0530] {dag.py:2977} INFO - Setting next_dagrun for example_nested_branch_dag to 2022-09-19T00:00:00+00:00, run_after=2022-09-20T00:00:00+00:00
[2022-09-20T17:27:10.109+0530] {processor.py:161} INFO - Processing /home/sayone/This PC/SayOne Technologies/Works/airflow_new/Airflow/venv/lib/python3.8/site-packages/airflow/example_dags/example_nested_branch_dag.py took 0.044 seconds
[2022-09-20T17:27:47.443+0530] {processor.py:153} INFO - Started process (PID=31585) to work on /home/sayone/This PC/SayOne Technologies/Works/airflow_new/Airflow/venv/lib/python3.8/site-packages/airflow/example_dags/example_nested_branch_dag.py
[2022-09-20T17:27:47.446+0530] {processor.py:640} INFO - Processing file /home/sayone/This PC/SayOne Technologies/Works/airflow_new/Airflow/venv/lib/python3.8/site-packages/airflow/example_dags/example_nested_branch_dag.py for tasks to queue
[2022-09-20T17:27:47.447+0530] {logging_mixin.py:115} INFO - [2022-09-20T17:27:47.446+0530] {dagbag.py:508} INFO - Filling up the DagBag from /home/sayone/This PC/SayOne Technologies/Works/airflow_new/Airflow/venv/lib/python3.8/site-packages/airflow/example_dags/example_nested_branch_dag.py
[2022-09-20T17:27:47.460+0530] {processor.py:650} INFO - DAG(s) dict_keys(['example_nested_branch_dag']) retrieved from /home/sayone/This PC/SayOne Technologies/Works/airflow_new/Airflow/venv/lib/python3.8/site-packages/airflow/example_dags/example_nested_branch_dag.py
[2022-09-20T17:27:47.469+0530] {logging_mixin.py:115} INFO - [2022-09-20T17:27:47.469+0530] {dag.py:2429} INFO - Sync 1 DAGs
[2022-09-20T17:27:47.479+0530] {logging_mixin.py:115} INFO - [2022-09-20T17:27:47.479+0530] {dag.py:2977} INFO - Setting next_dagrun for example_nested_branch_dag to 2022-09-19T00:00:00+00:00, run_after=2022-09-20T00:00:00+00:00
[2022-09-20T17:27:47.487+0530] {processor.py:161} INFO - Processing /home/sayone/This PC/SayOne Technologies/Works/airflow_new/Airflow/venv/lib/python3.8/site-packages/airflow/example_dags/example_nested_branch_dag.py took 0.047 seconds
[2022-09-20T17:28:22.049+0530] {processor.py:153} INFO - Started process (PID=31692) to work on /home/sayone/This PC/SayOne Technologies/Works/airflow_new/Airflow/venv/lib/python3.8/site-packages/airflow/example_dags/example_nested_branch_dag.py
[2022-09-20T17:28:22.052+0530] {processor.py:640} INFO - Processing file /home/sayone/This PC/SayOne Technologies/Works/airflow_new/Airflow/venv/lib/python3.8/site-packages/airflow/example_dags/example_nested_branch_dag.py for tasks to queue
[2022-09-20T17:28:22.053+0530] {logging_mixin.py:115} INFO - [2022-09-20T17:28:22.053+0530] {dagbag.py:508} INFO - Filling up the DagBag from /home/sayone/This PC/SayOne Technologies/Works/airflow_new/Airflow/venv/lib/python3.8/site-packages/airflow/example_dags/example_nested_branch_dag.py
[2022-09-20T17:28:22.066+0530] {processor.py:650} INFO - DAG(s) dict_keys(['example_nested_branch_dag']) retrieved from /home/sayone/This PC/SayOne Technologies/Works/airflow_new/Airflow/venv/lib/python3.8/site-packages/airflow/example_dags/example_nested_branch_dag.py
[2022-09-20T17:28:22.075+0530] {logging_mixin.py:115} INFO - [2022-09-20T17:28:22.075+0530] {dag.py:2429} INFO - Sync 1 DAGs
[2022-09-20T17:28:22.086+0530] {logging_mixin.py:115} INFO - [2022-09-20T17:28:22.086+0530] {dag.py:2977} INFO - Setting next_dagrun for example_nested_branch_dag to 2022-09-19T00:00:00+00:00, run_after=2022-09-20T00:00:00+00:00
[2022-09-20T17:28:22.096+0530] {processor.py:161} INFO - Processing /home/sayone/This PC/SayOne Technologies/Works/airflow_new/Airflow/venv/lib/python3.8/site-packages/airflow/example_dags/example_nested_branch_dag.py took 0.049 seconds
[2022-09-20T17:29:01.039+0530] {processor.py:153} INFO - Started process (PID=31827) to work on /home/sayone/This PC/SayOne Technologies/Works/airflow_new/Airflow/venv/lib/python3.8/site-packages/airflow/example_dags/example_nested_branch_dag.py
[2022-09-20T17:29:01.042+0530] {processor.py:640} INFO - Processing file /home/sayone/This PC/SayOne Technologies/Works/airflow_new/Airflow/venv/lib/python3.8/site-packages/airflow/example_dags/example_nested_branch_dag.py for tasks to queue
[2022-09-20T17:29:01.043+0530] {logging_mixin.py:115} INFO - [2022-09-20T17:29:01.043+0530] {dagbag.py:508} INFO - Filling up the DagBag from /home/sayone/This PC/SayOne Technologies/Works/airflow_new/Airflow/venv/lib/python3.8/site-packages/airflow/example_dags/example_nested_branch_dag.py
[2022-09-20T17:29:01.056+0530] {processor.py:650} INFO - DAG(s) dict_keys(['example_nested_branch_dag']) retrieved from /home/sayone/This PC/SayOne Technologies/Works/airflow_new/Airflow/venv/lib/python3.8/site-packages/airflow/example_dags/example_nested_branch_dag.py
[2022-09-20T17:29:01.065+0530] {logging_mixin.py:115} INFO - [2022-09-20T17:29:01.065+0530] {dag.py:2429} INFO - Sync 1 DAGs
[2022-09-20T17:29:01.075+0530] {logging_mixin.py:115} INFO - [2022-09-20T17:29:01.075+0530] {dag.py:2977} INFO - Setting next_dagrun for example_nested_branch_dag to 2022-09-19T00:00:00+00:00, run_after=2022-09-20T00:00:00+00:00
[2022-09-20T17:29:01.084+0530] {processor.py:161} INFO - Processing /home/sayone/This PC/SayOne Technologies/Works/airflow_new/Airflow/venv/lib/python3.8/site-packages/airflow/example_dags/example_nested_branch_dag.py took 0.048 seconds
[2022-09-20T17:29:35.029+0530] {processor.py:153} INFO - Started process (PID=31952) to work on /home/sayone/This PC/SayOne Technologies/Works/airflow_new/Airflow/venv/lib/python3.8/site-packages/airflow/example_dags/example_nested_branch_dag.py
[2022-09-20T17:29:35.030+0530] {processor.py:640} INFO - Processing file /home/sayone/This PC/SayOne Technologies/Works/airflow_new/Airflow/venv/lib/python3.8/site-packages/airflow/example_dags/example_nested_branch_dag.py for tasks to queue
[2022-09-20T17:29:35.031+0530] {logging_mixin.py:115} INFO - [2022-09-20T17:29:35.030+0530] {dagbag.py:508} INFO - Filling up the DagBag from /home/sayone/This PC/SayOne Technologies/Works/airflow_new/Airflow/venv/lib/python3.8/site-packages/airflow/example_dags/example_nested_branch_dag.py
[2022-09-20T17:29:35.040+0530] {processor.py:650} INFO - DAG(s) dict_keys(['example_nested_branch_dag']) retrieved from /home/sayone/This PC/SayOne Technologies/Works/airflow_new/Airflow/venv/lib/python3.8/site-packages/airflow/example_dags/example_nested_branch_dag.py
[2022-09-20T17:29:35.052+0530] {logging_mixin.py:115} INFO - [2022-09-20T17:29:35.052+0530] {dag.py:2429} INFO - Sync 1 DAGs
[2022-09-20T17:29:35.068+0530] {logging_mixin.py:115} INFO - [2022-09-20T17:29:35.068+0530] {dag.py:2977} INFO - Setting next_dagrun for example_nested_branch_dag to 2022-09-19T00:00:00+00:00, run_after=2022-09-20T00:00:00+00:00
[2022-09-20T17:29:35.085+0530] {processor.py:161} INFO - Processing /home/sayone/This PC/SayOne Technologies/Works/airflow_new/Airflow/venv/lib/python3.8/site-packages/airflow/example_dags/example_nested_branch_dag.py took 0.058 seconds
[2022-09-20T17:30:11.396+0530] {processor.py:153} INFO - Started process (PID=32090) to work on /home/sayone/This PC/SayOne Technologies/Works/airflow_new/Airflow/venv/lib/python3.8/site-packages/airflow/example_dags/example_nested_branch_dag.py
[2022-09-20T17:30:11.399+0530] {processor.py:640} INFO - Processing file /home/sayone/This PC/SayOne Technologies/Works/airflow_new/Airflow/venv/lib/python3.8/site-packages/airflow/example_dags/example_nested_branch_dag.py for tasks to queue
[2022-09-20T17:30:11.399+0530] {logging_mixin.py:115} INFO - [2022-09-20T17:30:11.399+0530] {dagbag.py:508} INFO - Filling up the DagBag from /home/sayone/This PC/SayOne Technologies/Works/airflow_new/Airflow/venv/lib/python3.8/site-packages/airflow/example_dags/example_nested_branch_dag.py
[2022-09-20T17:30:11.412+0530] {processor.py:650} INFO - DAG(s) dict_keys(['example_nested_branch_dag']) retrieved from /home/sayone/This PC/SayOne Technologies/Works/airflow_new/Airflow/venv/lib/python3.8/site-packages/airflow/example_dags/example_nested_branch_dag.py
[2022-09-20T17:30:11.421+0530] {logging_mixin.py:115} INFO - [2022-09-20T17:30:11.421+0530] {dag.py:2429} INFO - Sync 1 DAGs
[2022-09-20T17:30:11.431+0530] {logging_mixin.py:115} INFO - [2022-09-20T17:30:11.431+0530] {dag.py:2977} INFO - Setting next_dagrun for example_nested_branch_dag to 2022-09-19T00:00:00+00:00, run_after=2022-09-20T00:00:00+00:00
[2022-09-20T17:30:11.441+0530] {processor.py:161} INFO - Processing /home/sayone/This PC/SayOne Technologies/Works/airflow_new/Airflow/venv/lib/python3.8/site-packages/airflow/example_dags/example_nested_branch_dag.py took 0.047 seconds
[2022-09-20T17:30:48.432+0530] {processor.py:153} INFO - Started process (PID=32163) to work on /home/sayone/This PC/SayOne Technologies/Works/airflow_new/Airflow/venv/lib/python3.8/site-packages/airflow/example_dags/example_nested_branch_dag.py
[2022-09-20T17:30:48.435+0530] {processor.py:640} INFO - Processing file /home/sayone/This PC/SayOne Technologies/Works/airflow_new/Airflow/venv/lib/python3.8/site-packages/airflow/example_dags/example_nested_branch_dag.py for tasks to queue
[2022-09-20T17:30:48.435+0530] {logging_mixin.py:115} INFO - [2022-09-20T17:30:48.435+0530] {dagbag.py:508} INFO - Filling up the DagBag from /home/sayone/This PC/SayOne Technologies/Works/airflow_new/Airflow/venv/lib/python3.8/site-packages/airflow/example_dags/example_nested_branch_dag.py
[2022-09-20T17:30:48.441+0530] {processor.py:650} INFO - DAG(s) dict_keys(['example_nested_branch_dag']) retrieved from /home/sayone/This PC/SayOne Technologies/Works/airflow_new/Airflow/venv/lib/python3.8/site-packages/airflow/example_dags/example_nested_branch_dag.py
[2022-09-20T17:30:48.451+0530] {logging_mixin.py:115} INFO - [2022-09-20T17:30:48.450+0530] {dag.py:2429} INFO - Sync 1 DAGs
[2022-09-20T17:30:48.460+0530] {logging_mixin.py:115} INFO - [2022-09-20T17:30:48.460+0530] {dag.py:2977} INFO - Setting next_dagrun for example_nested_branch_dag to 2022-09-19T00:00:00+00:00, run_after=2022-09-20T00:00:00+00:00
[2022-09-20T17:30:48.471+0530] {processor.py:161} INFO - Processing /home/sayone/This PC/SayOne Technologies/Works/airflow_new/Airflow/venv/lib/python3.8/site-packages/airflow/example_dags/example_nested_branch_dag.py took 0.040 seconds
[2022-09-20T17:31:24.329+0530] {processor.py:153} INFO - Started process (PID=32272) to work on /home/sayone/This PC/SayOne Technologies/Works/airflow_new/Airflow/venv/lib/python3.8/site-packages/airflow/example_dags/example_nested_branch_dag.py
[2022-09-20T17:31:24.331+0530] {processor.py:640} INFO - Processing file /home/sayone/This PC/SayOne Technologies/Works/airflow_new/Airflow/venv/lib/python3.8/site-packages/airflow/example_dags/example_nested_branch_dag.py for tasks to queue
[2022-09-20T17:31:24.332+0530] {logging_mixin.py:115} INFO - [2022-09-20T17:31:24.332+0530] {dagbag.py:508} INFO - Filling up the DagBag from /home/sayone/This PC/SayOne Technologies/Works/airflow_new/Airflow/venv/lib/python3.8/site-packages/airflow/example_dags/example_nested_branch_dag.py
[2022-09-20T17:31:24.346+0530] {processor.py:650} INFO - DAG(s) dict_keys(['example_nested_branch_dag']) retrieved from /home/sayone/This PC/SayOne Technologies/Works/airflow_new/Airflow/venv/lib/python3.8/site-packages/airflow/example_dags/example_nested_branch_dag.py
[2022-09-20T17:31:24.355+0530] {logging_mixin.py:115} INFO - [2022-09-20T17:31:24.355+0530] {dag.py:2429} INFO - Sync 1 DAGs
[2022-09-20T17:31:24.367+0530] {logging_mixin.py:115} INFO - [2022-09-20T17:31:24.367+0530] {dag.py:2977} INFO - Setting next_dagrun for example_nested_branch_dag to 2022-09-19T00:00:00+00:00, run_after=2022-09-20T00:00:00+00:00
[2022-09-20T17:31:24.377+0530] {processor.py:161} INFO - Processing /home/sayone/This PC/SayOne Technologies/Works/airflow_new/Airflow/venv/lib/python3.8/site-packages/airflow/example_dags/example_nested_branch_dag.py took 0.050 seconds
[2022-09-20T17:32:00.995+0530] {processor.py:153} INFO - Started process (PID=32466) to work on /home/sayone/This PC/SayOne Technologies/Works/airflow_new/Airflow/venv/lib/python3.8/site-packages/airflow/example_dags/example_nested_branch_dag.py
[2022-09-20T17:32:00.998+0530] {processor.py:640} INFO - Processing file /home/sayone/This PC/SayOne Technologies/Works/airflow_new/Airflow/venv/lib/python3.8/site-packages/airflow/example_dags/example_nested_branch_dag.py for tasks to queue
[2022-09-20T17:32:00.999+0530] {logging_mixin.py:115} INFO - [2022-09-20T17:32:00.998+0530] {dagbag.py:508} INFO - Filling up the DagBag from /home/sayone/This PC/SayOne Technologies/Works/airflow_new/Airflow/venv/lib/python3.8/site-packages/airflow/example_dags/example_nested_branch_dag.py
[2022-09-20T17:32:01.010+0530] {processor.py:650} INFO - DAG(s) dict_keys(['example_nested_branch_dag']) retrieved from /home/sayone/This PC/SayOne Technologies/Works/airflow_new/Airflow/venv/lib/python3.8/site-packages/airflow/example_dags/example_nested_branch_dag.py
[2022-09-20T17:32:01.020+0530] {logging_mixin.py:115} INFO - [2022-09-20T17:32:01.020+0530] {dag.py:2429} INFO - Sync 1 DAGs
[2022-09-20T17:32:01.030+0530] {logging_mixin.py:115} INFO - [2022-09-20T17:32:01.030+0530] {dag.py:2977} INFO - Setting next_dagrun for example_nested_branch_dag to 2022-09-19T00:00:00+00:00, run_after=2022-09-20T00:00:00+00:00
[2022-09-20T17:32:01.040+0530] {processor.py:161} INFO - Processing /home/sayone/This PC/SayOne Technologies/Works/airflow_new/Airflow/venv/lib/python3.8/site-packages/airflow/example_dags/example_nested_branch_dag.py took 0.050 seconds
[2022-09-20T17:32:36.400+0530] {processor.py:153} INFO - Started process (PID=32605) to work on /home/sayone/This PC/SayOne Technologies/Works/airflow_new/Airflow/venv/lib/python3.8/site-packages/airflow/example_dags/example_nested_branch_dag.py
[2022-09-20T17:32:36.402+0530] {processor.py:640} INFO - Processing file /home/sayone/This PC/SayOne Technologies/Works/airflow_new/Airflow/venv/lib/python3.8/site-packages/airflow/example_dags/example_nested_branch_dag.py for tasks to queue
[2022-09-20T17:32:36.402+0530] {logging_mixin.py:115} INFO - [2022-09-20T17:32:36.402+0530] {dagbag.py:508} INFO - Filling up the DagBag from /home/sayone/This PC/SayOne Technologies/Works/airflow_new/Airflow/venv/lib/python3.8/site-packages/airflow/example_dags/example_nested_branch_dag.py
[2022-09-20T17:32:36.413+0530] {processor.py:650} INFO - DAG(s) dict_keys(['example_nested_branch_dag']) retrieved from /home/sayone/This PC/SayOne Technologies/Works/airflow_new/Airflow/venv/lib/python3.8/site-packages/airflow/example_dags/example_nested_branch_dag.py
[2022-09-20T17:32:36.422+0530] {logging_mixin.py:115} INFO - [2022-09-20T17:32:36.422+0530] {dag.py:2429} INFO - Sync 1 DAGs
[2022-09-20T17:32:36.432+0530] {logging_mixin.py:115} INFO - [2022-09-20T17:32:36.432+0530] {dag.py:2977} INFO - Setting next_dagrun for example_nested_branch_dag to 2022-09-19T00:00:00+00:00, run_after=2022-09-20T00:00:00+00:00
[2022-09-20T17:32:36.441+0530] {processor.py:161} INFO - Processing /home/sayone/This PC/SayOne Technologies/Works/airflow_new/Airflow/venv/lib/python3.8/site-packages/airflow/example_dags/example_nested_branch_dag.py took 0.043 seconds
[2022-09-20T17:33:11.333+0530] {processor.py:153} INFO - Started process (PID=32694) to work on /home/sayone/This PC/SayOne Technologies/Works/airflow_new/Airflow/venv/lib/python3.8/site-packages/airflow/example_dags/example_nested_branch_dag.py
[2022-09-20T17:33:11.336+0530] {processor.py:640} INFO - Processing file /home/sayone/This PC/SayOne Technologies/Works/airflow_new/Airflow/venv/lib/python3.8/site-packages/airflow/example_dags/example_nested_branch_dag.py for tasks to queue
[2022-09-20T17:33:11.337+0530] {logging_mixin.py:115} INFO - [2022-09-20T17:33:11.337+0530] {dagbag.py:508} INFO - Filling up the DagBag from /home/sayone/This PC/SayOne Technologies/Works/airflow_new/Airflow/venv/lib/python3.8/site-packages/airflow/example_dags/example_nested_branch_dag.py
[2022-09-20T17:33:11.345+0530] {processor.py:650} INFO - DAG(s) dict_keys(['example_nested_branch_dag']) retrieved from /home/sayone/This PC/SayOne Technologies/Works/airflow_new/Airflow/venv/lib/python3.8/site-packages/airflow/example_dags/example_nested_branch_dag.py
[2022-09-20T17:33:11.354+0530] {logging_mixin.py:115} INFO - [2022-09-20T17:33:11.354+0530] {dag.py:2429} INFO - Sync 1 DAGs
[2022-09-20T17:33:11.364+0530] {logging_mixin.py:115} INFO - [2022-09-20T17:33:11.364+0530] {dag.py:2977} INFO - Setting next_dagrun for example_nested_branch_dag to 2022-09-19T00:00:00+00:00, run_after=2022-09-20T00:00:00+00:00
[2022-09-20T17:33:11.374+0530] {processor.py:161} INFO - Processing /home/sayone/This PC/SayOne Technologies/Works/airflow_new/Airflow/venv/lib/python3.8/site-packages/airflow/example_dags/example_nested_branch_dag.py took 0.042 seconds
[2022-09-20T17:33:47.278+0530] {processor.py:153} INFO - Started process (PID=32761) to work on /home/sayone/This PC/SayOne Technologies/Works/airflow_new/Airflow/venv/lib/python3.8/site-packages/airflow/example_dags/example_nested_branch_dag.py
[2022-09-20T17:33:47.280+0530] {processor.py:640} INFO - Processing file /home/sayone/This PC/SayOne Technologies/Works/airflow_new/Airflow/venv/lib/python3.8/site-packages/airflow/example_dags/example_nested_branch_dag.py for tasks to queue
[2022-09-20T17:33:47.280+0530] {logging_mixin.py:115} INFO - [2022-09-20T17:33:47.280+0530] {dagbag.py:508} INFO - Filling up the DagBag from /home/sayone/This PC/SayOne Technologies/Works/airflow_new/Airflow/venv/lib/python3.8/site-packages/airflow/example_dags/example_nested_branch_dag.py
[2022-09-20T17:33:47.291+0530] {processor.py:650} INFO - DAG(s) dict_keys(['example_nested_branch_dag']) retrieved from /home/sayone/This PC/SayOne Technologies/Works/airflow_new/Airflow/venv/lib/python3.8/site-packages/airflow/example_dags/example_nested_branch_dag.py
[2022-09-20T17:33:47.301+0530] {logging_mixin.py:115} INFO - [2022-09-20T17:33:47.300+0530] {dag.py:2429} INFO - Sync 1 DAGs
[2022-09-20T17:33:47.310+0530] {logging_mixin.py:115} INFO - [2022-09-20T17:33:47.310+0530] {dag.py:2977} INFO - Setting next_dagrun for example_nested_branch_dag to 2022-09-19T00:00:00+00:00, run_after=2022-09-20T00:00:00+00:00
[2022-09-20T17:33:47.320+0530] {processor.py:161} INFO - Processing /home/sayone/This PC/SayOne Technologies/Works/airflow_new/Airflow/venv/lib/python3.8/site-packages/airflow/example_dags/example_nested_branch_dag.py took 0.045 seconds
[2022-09-20T17:34:23.797+0530] {processor.py:153} INFO - Started process (PID=32861) to work on /home/sayone/This PC/SayOne Technologies/Works/airflow_new/Airflow/venv/lib/python3.8/site-packages/airflow/example_dags/example_nested_branch_dag.py
[2022-09-20T17:34:23.799+0530] {processor.py:640} INFO - Processing file /home/sayone/This PC/SayOne Technologies/Works/airflow_new/Airflow/venv/lib/python3.8/site-packages/airflow/example_dags/example_nested_branch_dag.py for tasks to queue
[2022-09-20T17:34:23.800+0530] {logging_mixin.py:115} INFO - [2022-09-20T17:34:23.800+0530] {dagbag.py:508} INFO - Filling up the DagBag from /home/sayone/This PC/SayOne Technologies/Works/airflow_new/Airflow/venv/lib/python3.8/site-packages/airflow/example_dags/example_nested_branch_dag.py
[2022-09-20T17:34:23.810+0530] {processor.py:650} INFO - DAG(s) dict_keys(['example_nested_branch_dag']) retrieved from /home/sayone/This PC/SayOne Technologies/Works/airflow_new/Airflow/venv/lib/python3.8/site-packages/airflow/example_dags/example_nested_branch_dag.py
[2022-09-20T17:34:23.826+0530] {logging_mixin.py:115} INFO - [2022-09-20T17:34:23.825+0530] {dag.py:2429} INFO - Sync 1 DAGs
[2022-09-20T17:34:23.842+0530] {logging_mixin.py:115} INFO - [2022-09-20T17:34:23.842+0530] {dag.py:2977} INFO - Setting next_dagrun for example_nested_branch_dag to 2022-09-19T00:00:00+00:00, run_after=2022-09-20T00:00:00+00:00
[2022-09-20T17:34:23.854+0530] {processor.py:161} INFO - Processing /home/sayone/This PC/SayOne Technologies/Works/airflow_new/Airflow/venv/lib/python3.8/site-packages/airflow/example_dags/example_nested_branch_dag.py took 0.059 seconds
[2022-09-20T17:35:01.007+0530] {processor.py:153} INFO - Started process (PID=33138) to work on /home/sayone/This PC/SayOne Technologies/Works/airflow_new/Airflow/venv/lib/python3.8/site-packages/airflow/example_dags/example_nested_branch_dag.py
[2022-09-20T17:35:01.008+0530] {processor.py:640} INFO - Processing file /home/sayone/This PC/SayOne Technologies/Works/airflow_new/Airflow/venv/lib/python3.8/site-packages/airflow/example_dags/example_nested_branch_dag.py for tasks to queue
[2022-09-20T17:35:01.008+0530] {logging_mixin.py:115} INFO - [2022-09-20T17:35:01.008+0530] {dagbag.py:508} INFO - Filling up the DagBag from /home/sayone/This PC/SayOne Technologies/Works/airflow_new/Airflow/venv/lib/python3.8/site-packages/airflow/example_dags/example_nested_branch_dag.py
[2022-09-20T17:35:01.016+0530] {processor.py:650} INFO - DAG(s) dict_keys(['example_nested_branch_dag']) retrieved from /home/sayone/This PC/SayOne Technologies/Works/airflow_new/Airflow/venv/lib/python3.8/site-packages/airflow/example_dags/example_nested_branch_dag.py
[2022-09-20T17:35:01.025+0530] {logging_mixin.py:115} INFO - [2022-09-20T17:35:01.025+0530] {dag.py:2429} INFO - Sync 1 DAGs
[2022-09-20T17:35:01.036+0530] {logging_mixin.py:115} INFO - [2022-09-20T17:35:01.035+0530] {dag.py:2977} INFO - Setting next_dagrun for example_nested_branch_dag to 2022-09-19T00:00:00+00:00, run_after=2022-09-20T00:00:00+00:00
[2022-09-20T17:35:01.044+0530] {processor.py:161} INFO - Processing /home/sayone/This PC/SayOne Technologies/Works/airflow_new/Airflow/venv/lib/python3.8/site-packages/airflow/example_dags/example_nested_branch_dag.py took 0.041 seconds
[2022-09-20T17:35:35.328+0530] {processor.py:153} INFO - Started process (PID=33199) to work on /home/sayone/This PC/SayOne Technologies/Works/airflow_new/Airflow/venv/lib/python3.8/site-packages/airflow/example_dags/example_nested_branch_dag.py
[2022-09-20T17:35:35.331+0530] {processor.py:640} INFO - Processing file /home/sayone/This PC/SayOne Technologies/Works/airflow_new/Airflow/venv/lib/python3.8/site-packages/airflow/example_dags/example_nested_branch_dag.py for tasks to queue
[2022-09-20T17:35:35.332+0530] {logging_mixin.py:115} INFO - [2022-09-20T17:35:35.332+0530] {dagbag.py:508} INFO - Filling up the DagBag from /home/sayone/This PC/SayOne Technologies/Works/airflow_new/Airflow/venv/lib/python3.8/site-packages/airflow/example_dags/example_nested_branch_dag.py
[2022-09-20T17:35:35.346+0530] {processor.py:650} INFO - DAG(s) dict_keys(['example_nested_branch_dag']) retrieved from /home/sayone/This PC/SayOne Technologies/Works/airflow_new/Airflow/venv/lib/python3.8/site-packages/airflow/example_dags/example_nested_branch_dag.py
[2022-09-20T17:35:35.354+0530] {logging_mixin.py:115} INFO - [2022-09-20T17:35:35.354+0530] {dag.py:2429} INFO - Sync 1 DAGs
[2022-09-20T17:35:35.365+0530] {logging_mixin.py:115} INFO - [2022-09-20T17:35:35.365+0530] {dag.py:2977} INFO - Setting next_dagrun for example_nested_branch_dag to 2022-09-19T00:00:00+00:00, run_after=2022-09-20T00:00:00+00:00
[2022-09-20T17:35:35.375+0530] {processor.py:161} INFO - Processing /home/sayone/This PC/SayOne Technologies/Works/airflow_new/Airflow/venv/lib/python3.8/site-packages/airflow/example_dags/example_nested_branch_dag.py took 0.048 seconds
[2022-09-20T17:36:14.176+0530] {processor.py:153} INFO - Started process (PID=33346) to work on /home/sayone/This PC/SayOne Technologies/Works/airflow_new/Airflow/venv/lib/python3.8/site-packages/airflow/example_dags/example_nested_branch_dag.py
[2022-09-20T17:36:14.179+0530] {processor.py:640} INFO - Processing file /home/sayone/This PC/SayOne Technologies/Works/airflow_new/Airflow/venv/lib/python3.8/site-packages/airflow/example_dags/example_nested_branch_dag.py for tasks to queue
[2022-09-20T17:36:14.179+0530] {logging_mixin.py:115} INFO - [2022-09-20T17:36:14.179+0530] {dagbag.py:508} INFO - Filling up the DagBag from /home/sayone/This PC/SayOne Technologies/Works/airflow_new/Airflow/venv/lib/python3.8/site-packages/airflow/example_dags/example_nested_branch_dag.py
[2022-09-20T17:36:14.189+0530] {processor.py:650} INFO - DAG(s) dict_keys(['example_nested_branch_dag']) retrieved from /home/sayone/This PC/SayOne Technologies/Works/airflow_new/Airflow/venv/lib/python3.8/site-packages/airflow/example_dags/example_nested_branch_dag.py
[2022-09-20T17:36:14.200+0530] {logging_mixin.py:115} INFO - [2022-09-20T17:36:14.200+0530] {dag.py:2429} INFO - Sync 1 DAGs
[2022-09-20T17:36:14.214+0530] {logging_mixin.py:115} INFO - [2022-09-20T17:36:14.213+0530] {dag.py:2977} INFO - Setting next_dagrun for example_nested_branch_dag to 2022-09-19T00:00:00+00:00, run_after=2022-09-20T00:00:00+00:00
[2022-09-20T17:36:14.227+0530] {processor.py:161} INFO - Processing /home/sayone/This PC/SayOne Technologies/Works/airflow_new/Airflow/venv/lib/python3.8/site-packages/airflow/example_dags/example_nested_branch_dag.py took 0.052 seconds
[2022-09-20T17:36:49.055+0530] {processor.py:153} INFO - Started process (PID=33419) to work on /home/sayone/This PC/SayOne Technologies/Works/airflow_new/Airflow/venv/lib/python3.8/site-packages/airflow/example_dags/example_nested_branch_dag.py
[2022-09-20T17:36:49.057+0530] {processor.py:640} INFO - Processing file /home/sayone/This PC/SayOne Technologies/Works/airflow_new/Airflow/venv/lib/python3.8/site-packages/airflow/example_dags/example_nested_branch_dag.py for tasks to queue
[2022-09-20T17:36:49.058+0530] {logging_mixin.py:115} INFO - [2022-09-20T17:36:49.058+0530] {dagbag.py:508} INFO - Filling up the DagBag from /home/sayone/This PC/SayOne Technologies/Works/airflow_new/Airflow/venv/lib/python3.8/site-packages/airflow/example_dags/example_nested_branch_dag.py
[2022-09-20T17:36:49.067+0530] {processor.py:650} INFO - DAG(s) dict_keys(['example_nested_branch_dag']) retrieved from /home/sayone/This PC/SayOne Technologies/Works/airflow_new/Airflow/venv/lib/python3.8/site-packages/airflow/example_dags/example_nested_branch_dag.py
[2022-09-20T17:36:49.081+0530] {logging_mixin.py:115} INFO - [2022-09-20T17:36:49.081+0530] {dag.py:2429} INFO - Sync 1 DAGs
[2022-09-20T17:36:49.095+0530] {logging_mixin.py:115} INFO - [2022-09-20T17:36:49.095+0530] {dag.py:2977} INFO - Setting next_dagrun for example_nested_branch_dag to 2022-09-19T00:00:00+00:00, run_after=2022-09-20T00:00:00+00:00
[2022-09-20T17:36:49.108+0530] {processor.py:161} INFO - Processing /home/sayone/This PC/SayOne Technologies/Works/airflow_new/Airflow/venv/lib/python3.8/site-packages/airflow/example_dags/example_nested_branch_dag.py took 0.054 seconds
[2022-09-20T17:37:26.247+0530] {processor.py:153} INFO - Started process (PID=33693) to work on /home/sayone/This PC/SayOne Technologies/Works/airflow_new/Airflow/venv/lib/python3.8/site-packages/airflow/example_dags/example_nested_branch_dag.py
[2022-09-20T17:37:26.250+0530] {processor.py:640} INFO - Processing file /home/sayone/This PC/SayOne Technologies/Works/airflow_new/Airflow/venv/lib/python3.8/site-packages/airflow/example_dags/example_nested_branch_dag.py for tasks to queue
[2022-09-20T17:37:26.251+0530] {logging_mixin.py:115} INFO - [2022-09-20T17:37:26.251+0530] {dagbag.py:508} INFO - Filling up the DagBag from /home/sayone/This PC/SayOne Technologies/Works/airflow_new/Airflow/venv/lib/python3.8/site-packages/airflow/example_dags/example_nested_branch_dag.py
[2022-09-20T17:37:26.263+0530] {processor.py:650} INFO - DAG(s) dict_keys(['example_nested_branch_dag']) retrieved from /home/sayone/This PC/SayOne Technologies/Works/airflow_new/Airflow/venv/lib/python3.8/site-packages/airflow/example_dags/example_nested_branch_dag.py
[2022-09-20T17:37:26.272+0530] {logging_mixin.py:115} INFO - [2022-09-20T17:37:26.272+0530] {dag.py:2429} INFO - Sync 1 DAGs
[2022-09-20T17:37:26.284+0530] {logging_mixin.py:115} INFO - [2022-09-20T17:37:26.284+0530] {dag.py:2977} INFO - Setting next_dagrun for example_nested_branch_dag to 2022-09-19T00:00:00+00:00, run_after=2022-09-20T00:00:00+00:00
[2022-09-20T17:37:26.298+0530] {processor.py:161} INFO - Processing /home/sayone/This PC/SayOne Technologies/Works/airflow_new/Airflow/venv/lib/python3.8/site-packages/airflow/example_dags/example_nested_branch_dag.py took 0.055 seconds
[2022-09-20T17:38:12.752+0530] {processor.py:153} INFO - Started process (PID=33835) to work on /home/sayone/This PC/SayOne Technologies/Works/airflow_new/Airflow/venv/lib/python3.8/site-packages/airflow/example_dags/example_nested_branch_dag.py
[2022-09-20T17:38:12.755+0530] {processor.py:640} INFO - Processing file /home/sayone/This PC/SayOne Technologies/Works/airflow_new/Airflow/venv/lib/python3.8/site-packages/airflow/example_dags/example_nested_branch_dag.py for tasks to queue
[2022-09-20T17:38:12.756+0530] {logging_mixin.py:115} INFO - [2022-09-20T17:38:12.756+0530] {dagbag.py:508} INFO - Filling up the DagBag from /home/sayone/This PC/SayOne Technologies/Works/airflow_new/Airflow/venv/lib/python3.8/site-packages/airflow/example_dags/example_nested_branch_dag.py
[2022-09-20T17:38:12.769+0530] {processor.py:650} INFO - DAG(s) dict_keys(['example_nested_branch_dag']) retrieved from /home/sayone/This PC/SayOne Technologies/Works/airflow_new/Airflow/venv/lib/python3.8/site-packages/airflow/example_dags/example_nested_branch_dag.py
[2022-09-20T17:38:12.791+0530] {logging_mixin.py:115} INFO - [2022-09-20T17:38:12.791+0530] {dag.py:2429} INFO - Sync 1 DAGs
[2022-09-20T17:38:12.816+0530] {logging_mixin.py:115} INFO - [2022-09-20T17:38:12.816+0530] {dag.py:2977} INFO - Setting next_dagrun for example_nested_branch_dag to 2022-09-19T00:00:00+00:00, run_after=2022-09-20T00:00:00+00:00
[2022-09-20T17:38:12.829+0530] {processor.py:161} INFO - Processing /home/sayone/This PC/SayOne Technologies/Works/airflow_new/Airflow/venv/lib/python3.8/site-packages/airflow/example_dags/example_nested_branch_dag.py took 0.079 seconds
[2022-09-20T17:38:51.054+0530] {processor.py:153} INFO - Started process (PID=33896) to work on /home/sayone/This PC/SayOne Technologies/Works/airflow_new/Airflow/venv/lib/python3.8/site-packages/airflow/example_dags/example_nested_branch_dag.py
[2022-09-20T17:38:51.057+0530] {processor.py:640} INFO - Processing file /home/sayone/This PC/SayOne Technologies/Works/airflow_new/Airflow/venv/lib/python3.8/site-packages/airflow/example_dags/example_nested_branch_dag.py for tasks to queue
[2022-09-20T17:38:51.058+0530] {logging_mixin.py:115} INFO - [2022-09-20T17:38:51.057+0530] {dagbag.py:508} INFO - Filling up the DagBag from /home/sayone/This PC/SayOne Technologies/Works/airflow_new/Airflow/venv/lib/python3.8/site-packages/airflow/example_dags/example_nested_branch_dag.py
[2022-09-20T17:38:51.069+0530] {processor.py:650} INFO - DAG(s) dict_keys(['example_nested_branch_dag']) retrieved from /home/sayone/This PC/SayOne Technologies/Works/airflow_new/Airflow/venv/lib/python3.8/site-packages/airflow/example_dags/example_nested_branch_dag.py
[2022-09-20T17:38:51.078+0530] {logging_mixin.py:115} INFO - [2022-09-20T17:38:51.078+0530] {dag.py:2429} INFO - Sync 1 DAGs
[2022-09-20T17:38:51.090+0530] {logging_mixin.py:115} INFO - [2022-09-20T17:38:51.089+0530] {dag.py:2977} INFO - Setting next_dagrun for example_nested_branch_dag to 2022-09-19T00:00:00+00:00, run_after=2022-09-20T00:00:00+00:00
[2022-09-20T17:38:51.098+0530] {processor.py:161} INFO - Processing /home/sayone/This PC/SayOne Technologies/Works/airflow_new/Airflow/venv/lib/python3.8/site-packages/airflow/example_dags/example_nested_branch_dag.py took 0.049 seconds
[2022-09-20T17:39:24.214+0530] {processor.py:153} INFO - Started process (PID=33991) to work on /home/sayone/This PC/SayOne Technologies/Works/airflow_new/Airflow/venv/lib/python3.8/site-packages/airflow/example_dags/example_nested_branch_dag.py
[2022-09-20T17:39:24.217+0530] {processor.py:640} INFO - Processing file /home/sayone/This PC/SayOne Technologies/Works/airflow_new/Airflow/venv/lib/python3.8/site-packages/airflow/example_dags/example_nested_branch_dag.py for tasks to queue
[2022-09-20T17:39:24.218+0530] {logging_mixin.py:115} INFO - [2022-09-20T17:39:24.217+0530] {dagbag.py:508} INFO - Filling up the DagBag from /home/sayone/This PC/SayOne Technologies/Works/airflow_new/Airflow/venv/lib/python3.8/site-packages/airflow/example_dags/example_nested_branch_dag.py
[2022-09-20T17:39:24.234+0530] {processor.py:650} INFO - DAG(s) dict_keys(['example_nested_branch_dag']) retrieved from /home/sayone/This PC/SayOne Technologies/Works/airflow_new/Airflow/venv/lib/python3.8/site-packages/airflow/example_dags/example_nested_branch_dag.py
[2022-09-20T17:39:24.244+0530] {logging_mixin.py:115} INFO - [2022-09-20T17:39:24.244+0530] {dag.py:2429} INFO - Sync 1 DAGs
[2022-09-20T17:39:24.257+0530] {logging_mixin.py:115} INFO - [2022-09-20T17:39:24.257+0530] {dag.py:2977} INFO - Setting next_dagrun for example_nested_branch_dag to 2022-09-19T00:00:00+00:00, run_after=2022-09-20T00:00:00+00:00
[2022-09-20T17:39:24.268+0530] {processor.py:161} INFO - Processing /home/sayone/This PC/SayOne Technologies/Works/airflow_new/Airflow/venv/lib/python3.8/site-packages/airflow/example_dags/example_nested_branch_dag.py took 0.059 seconds
[2022-09-20T17:40:00.825+0530] {processor.py:153} INFO - Started process (PID=34180) to work on /home/sayone/This PC/SayOne Technologies/Works/airflow_new/Airflow/venv/lib/python3.8/site-packages/airflow/example_dags/example_nested_branch_dag.py
[2022-09-20T17:40:00.828+0530] {processor.py:640} INFO - Processing file /home/sayone/This PC/SayOne Technologies/Works/airflow_new/Airflow/venv/lib/python3.8/site-packages/airflow/example_dags/example_nested_branch_dag.py for tasks to queue
[2022-09-20T17:40:00.830+0530] {logging_mixin.py:115} INFO - [2022-09-20T17:40:00.829+0530] {dagbag.py:508} INFO - Filling up the DagBag from /home/sayone/This PC/SayOne Technologies/Works/airflow_new/Airflow/venv/lib/python3.8/site-packages/airflow/example_dags/example_nested_branch_dag.py
[2022-09-20T17:40:00.837+0530] {processor.py:650} INFO - DAG(s) dict_keys(['example_nested_branch_dag']) retrieved from /home/sayone/This PC/SayOne Technologies/Works/airflow_new/Airflow/venv/lib/python3.8/site-packages/airflow/example_dags/example_nested_branch_dag.py
[2022-09-20T17:40:00.846+0530] {logging_mixin.py:115} INFO - [2022-09-20T17:40:00.846+0530] {dag.py:2429} INFO - Sync 1 DAGs
[2022-09-20T17:40:00.856+0530] {logging_mixin.py:115} INFO - [2022-09-20T17:40:00.856+0530] {dag.py:2977} INFO - Setting next_dagrun for example_nested_branch_dag to 2022-09-19T00:00:00+00:00, run_after=2022-09-20T00:00:00+00:00
[2022-09-20T17:40:00.864+0530] {processor.py:161} INFO - Processing /home/sayone/This PC/SayOne Technologies/Works/airflow_new/Airflow/venv/lib/python3.8/site-packages/airflow/example_dags/example_nested_branch_dag.py took 0.041 seconds
[2022-09-20T17:40:36.765+0530] {processor.py:153} INFO - Started process (PID=34273) to work on /home/sayone/This PC/SayOne Technologies/Works/airflow_new/Airflow/venv/lib/python3.8/site-packages/airflow/example_dags/example_nested_branch_dag.py
[2022-09-20T17:40:36.768+0530] {processor.py:640} INFO - Processing file /home/sayone/This PC/SayOne Technologies/Works/airflow_new/Airflow/venv/lib/python3.8/site-packages/airflow/example_dags/example_nested_branch_dag.py for tasks to queue
[2022-09-20T17:40:36.769+0530] {logging_mixin.py:115} INFO - [2022-09-20T17:40:36.769+0530] {dagbag.py:508} INFO - Filling up the DagBag from /home/sayone/This PC/SayOne Technologies/Works/airflow_new/Airflow/venv/lib/python3.8/site-packages/airflow/example_dags/example_nested_branch_dag.py
[2022-09-20T17:40:36.780+0530] {processor.py:650} INFO - DAG(s) dict_keys(['example_nested_branch_dag']) retrieved from /home/sayone/This PC/SayOne Technologies/Works/airflow_new/Airflow/venv/lib/python3.8/site-packages/airflow/example_dags/example_nested_branch_dag.py
[2022-09-20T17:40:36.790+0530] {logging_mixin.py:115} INFO - [2022-09-20T17:40:36.790+0530] {dag.py:2429} INFO - Sync 1 DAGs
[2022-09-20T17:40:36.801+0530] {logging_mixin.py:115} INFO - [2022-09-20T17:40:36.801+0530] {dag.py:2977} INFO - Setting next_dagrun for example_nested_branch_dag to 2022-09-19T00:00:00+00:00, run_after=2022-09-20T00:00:00+00:00
[2022-09-20T17:40:36.811+0530] {processor.py:161} INFO - Processing /home/sayone/This PC/SayOne Technologies/Works/airflow_new/Airflow/venv/lib/python3.8/site-packages/airflow/example_dags/example_nested_branch_dag.py took 0.049 seconds
[2022-09-20T17:41:13.942+0530] {processor.py:153} INFO - Started process (PID=34405) to work on /home/sayone/This PC/SayOne Technologies/Works/airflow_new/Airflow/venv/lib/python3.8/site-packages/airflow/example_dags/example_nested_branch_dag.py
[2022-09-20T17:41:13.945+0530] {processor.py:640} INFO - Processing file /home/sayone/This PC/SayOne Technologies/Works/airflow_new/Airflow/venv/lib/python3.8/site-packages/airflow/example_dags/example_nested_branch_dag.py for tasks to queue
[2022-09-20T17:41:13.946+0530] {logging_mixin.py:115} INFO - [2022-09-20T17:41:13.945+0530] {dagbag.py:508} INFO - Filling up the DagBag from /home/sayone/This PC/SayOne Technologies/Works/airflow_new/Airflow/venv/lib/python3.8/site-packages/airflow/example_dags/example_nested_branch_dag.py
[2022-09-20T17:41:13.958+0530] {processor.py:650} INFO - DAG(s) dict_keys(['example_nested_branch_dag']) retrieved from /home/sayone/This PC/SayOne Technologies/Works/airflow_new/Airflow/venv/lib/python3.8/site-packages/airflow/example_dags/example_nested_branch_dag.py
[2022-09-20T17:41:13.968+0530] {logging_mixin.py:115} INFO - [2022-09-20T17:41:13.968+0530] {dag.py:2429} INFO - Sync 1 DAGs
[2022-09-20T17:41:13.980+0530] {logging_mixin.py:115} INFO - [2022-09-20T17:41:13.980+0530] {dag.py:2977} INFO - Setting next_dagrun for example_nested_branch_dag to 2022-09-19T00:00:00+00:00, run_after=2022-09-20T00:00:00+00:00
[2022-09-20T17:41:13.989+0530] {processor.py:161} INFO - Processing /home/sayone/This PC/SayOne Technologies/Works/airflow_new/Airflow/venv/lib/python3.8/site-packages/airflow/example_dags/example_nested_branch_dag.py took 0.051 seconds
[2022-09-20T17:42:10.775+0530] {processor.py:153} INFO - Started process (PID=34555) to work on /home/sayone/This PC/SayOne Technologies/Works/airflow_new/Airflow/venv/lib/python3.8/site-packages/airflow/example_dags/example_nested_branch_dag.py
[2022-09-20T17:42:10.777+0530] {processor.py:640} INFO - Processing file /home/sayone/This PC/SayOne Technologies/Works/airflow_new/Airflow/venv/lib/python3.8/site-packages/airflow/example_dags/example_nested_branch_dag.py for tasks to queue
[2022-09-20T17:42:10.778+0530] {logging_mixin.py:115} INFO - [2022-09-20T17:42:10.777+0530] {dagbag.py:508} INFO - Filling up the DagBag from /home/sayone/This PC/SayOne Technologies/Works/airflow_new/Airflow/venv/lib/python3.8/site-packages/airflow/example_dags/example_nested_branch_dag.py
[2022-09-20T17:42:10.784+0530] {processor.py:650} INFO - DAG(s) dict_keys(['example_nested_branch_dag']) retrieved from /home/sayone/This PC/SayOne Technologies/Works/airflow_new/Airflow/venv/lib/python3.8/site-packages/airflow/example_dags/example_nested_branch_dag.py
[2022-09-20T17:42:10.793+0530] {logging_mixin.py:115} INFO - [2022-09-20T17:42:10.793+0530] {dag.py:2429} INFO - Sync 1 DAGs
[2022-09-20T17:42:10.805+0530] {logging_mixin.py:115} INFO - [2022-09-20T17:42:10.805+0530] {dag.py:2977} INFO - Setting next_dagrun for example_nested_branch_dag to 2022-09-19T00:00:00+00:00, run_after=2022-09-20T00:00:00+00:00
[2022-09-20T17:42:10.814+0530] {processor.py:161} INFO - Processing /home/sayone/This PC/SayOne Technologies/Works/airflow_new/Airflow/venv/lib/python3.8/site-packages/airflow/example_dags/example_nested_branch_dag.py took 0.042 seconds
[2022-09-20T17:45:41.866+0530] {processor.py:153} INFO - Started process (PID=34949) to work on /home/sayone/This PC/SayOne Technologies/Works/airflow_new/Airflow/venv/lib/python3.8/site-packages/airflow/example_dags/example_nested_branch_dag.py
[2022-09-20T17:45:41.869+0530] {processor.py:640} INFO - Processing file /home/sayone/This PC/SayOne Technologies/Works/airflow_new/Airflow/venv/lib/python3.8/site-packages/airflow/example_dags/example_nested_branch_dag.py for tasks to queue
[2022-09-20T17:45:41.870+0530] {logging_mixin.py:115} INFO - [2022-09-20T17:45:41.870+0530] {dagbag.py:508} INFO - Filling up the DagBag from /home/sayone/This PC/SayOne Technologies/Works/airflow_new/Airflow/venv/lib/python3.8/site-packages/airflow/example_dags/example_nested_branch_dag.py
[2022-09-20T17:45:41.884+0530] {processor.py:650} INFO - DAG(s) dict_keys(['example_nested_branch_dag']) retrieved from /home/sayone/This PC/SayOne Technologies/Works/airflow_new/Airflow/venv/lib/python3.8/site-packages/airflow/example_dags/example_nested_branch_dag.py
[2022-09-20T17:45:41.899+0530] {logging_mixin.py:115} INFO - [2022-09-20T17:45:41.899+0530] {dag.py:2429} INFO - Sync 1 DAGs
[2022-09-20T17:45:41.911+0530] {logging_mixin.py:115} INFO - [2022-09-20T17:45:41.911+0530] {dag.py:2977} INFO - Setting next_dagrun for example_nested_branch_dag to 2022-09-19T00:00:00+00:00, run_after=2022-09-20T00:00:00+00:00
[2022-09-20T17:45:41.919+0530] {processor.py:161} INFO - Processing /home/sayone/This PC/SayOne Technologies/Works/airflow_new/Airflow/venv/lib/python3.8/site-packages/airflow/example_dags/example_nested_branch_dag.py took 0.057 seconds
[2022-09-20T17:46:37.634+0530] {processor.py:153} INFO - Started process (PID=35083) to work on /home/sayone/This PC/SayOne Technologies/Works/airflow_new/Airflow/venv/lib/python3.8/site-packages/airflow/example_dags/example_nested_branch_dag.py
[2022-09-20T17:46:37.636+0530] {processor.py:640} INFO - Processing file /home/sayone/This PC/SayOne Technologies/Works/airflow_new/Airflow/venv/lib/python3.8/site-packages/airflow/example_dags/example_nested_branch_dag.py for tasks to queue
[2022-09-20T17:46:37.637+0530] {logging_mixin.py:115} INFO - [2022-09-20T17:46:37.637+0530] {dagbag.py:508} INFO - Filling up the DagBag from /home/sayone/This PC/SayOne Technologies/Works/airflow_new/Airflow/venv/lib/python3.8/site-packages/airflow/example_dags/example_nested_branch_dag.py
[2022-09-20T17:46:37.650+0530] {processor.py:650} INFO - DAG(s) dict_keys(['example_nested_branch_dag']) retrieved from /home/sayone/This PC/SayOne Technologies/Works/airflow_new/Airflow/venv/lib/python3.8/site-packages/airflow/example_dags/example_nested_branch_dag.py
[2022-09-20T17:46:37.659+0530] {logging_mixin.py:115} INFO - [2022-09-20T17:46:37.659+0530] {dag.py:2429} INFO - Sync 1 DAGs
[2022-09-20T17:46:37.669+0530] {logging_mixin.py:115} INFO - [2022-09-20T17:46:37.669+0530] {dag.py:2977} INFO - Setting next_dagrun for example_nested_branch_dag to 2022-09-19T00:00:00+00:00, run_after=2022-09-20T00:00:00+00:00
[2022-09-20T17:46:37.677+0530] {processor.py:161} INFO - Processing /home/sayone/This PC/SayOne Technologies/Works/airflow_new/Airflow/venv/lib/python3.8/site-packages/airflow/example_dags/example_nested_branch_dag.py took 0.044 seconds
[2022-09-20T17:47:12.572+0530] {processor.py:153} INFO - Started process (PID=35314) to work on /home/sayone/This PC/SayOne Technologies/Works/airflow_new/Airflow/venv/lib/python3.8/site-packages/airflow/example_dags/example_nested_branch_dag.py
[2022-09-20T17:47:12.575+0530] {processor.py:640} INFO - Processing file /home/sayone/This PC/SayOne Technologies/Works/airflow_new/Airflow/venv/lib/python3.8/site-packages/airflow/example_dags/example_nested_branch_dag.py for tasks to queue
[2022-09-20T17:47:12.576+0530] {logging_mixin.py:115} INFO - [2022-09-20T17:47:12.576+0530] {dagbag.py:508} INFO - Filling up the DagBag from /home/sayone/This PC/SayOne Technologies/Works/airflow_new/Airflow/venv/lib/python3.8/site-packages/airflow/example_dags/example_nested_branch_dag.py
[2022-09-20T17:47:12.587+0530] {processor.py:650} INFO - DAG(s) dict_keys(['example_nested_branch_dag']) retrieved from /home/sayone/This PC/SayOne Technologies/Works/airflow_new/Airflow/venv/lib/python3.8/site-packages/airflow/example_dags/example_nested_branch_dag.py
[2022-09-20T17:47:12.596+0530] {logging_mixin.py:115} INFO - [2022-09-20T17:47:12.596+0530] {dag.py:2429} INFO - Sync 1 DAGs
[2022-09-20T17:47:12.608+0530] {logging_mixin.py:115} INFO - [2022-09-20T17:47:12.608+0530] {dag.py:2977} INFO - Setting next_dagrun for example_nested_branch_dag to 2022-09-19T00:00:00+00:00, run_after=2022-09-20T00:00:00+00:00
[2022-09-20T17:47:12.616+0530] {processor.py:161} INFO - Processing /home/sayone/This PC/SayOne Technologies/Works/airflow_new/Airflow/venv/lib/python3.8/site-packages/airflow/example_dags/example_nested_branch_dag.py took 0.047 seconds
[2022-09-20T17:47:50.155+0530] {processor.py:153} INFO - Started process (PID=35422) to work on /home/sayone/This PC/SayOne Technologies/Works/airflow_new/Airflow/venv/lib/python3.8/site-packages/airflow/example_dags/example_nested_branch_dag.py
[2022-09-20T17:47:50.157+0530] {processor.py:640} INFO - Processing file /home/sayone/This PC/SayOne Technologies/Works/airflow_new/Airflow/venv/lib/python3.8/site-packages/airflow/example_dags/example_nested_branch_dag.py for tasks to queue
[2022-09-20T17:47:50.158+0530] {logging_mixin.py:115} INFO - [2022-09-20T17:47:50.158+0530] {dagbag.py:508} INFO - Filling up the DagBag from /home/sayone/This PC/SayOne Technologies/Works/airflow_new/Airflow/venv/lib/python3.8/site-packages/airflow/example_dags/example_nested_branch_dag.py
[2022-09-20T17:47:50.171+0530] {processor.py:650} INFO - DAG(s) dict_keys(['example_nested_branch_dag']) retrieved from /home/sayone/This PC/SayOne Technologies/Works/airflow_new/Airflow/venv/lib/python3.8/site-packages/airflow/example_dags/example_nested_branch_dag.py
[2022-09-20T17:47:50.180+0530] {logging_mixin.py:115} INFO - [2022-09-20T17:47:50.180+0530] {dag.py:2429} INFO - Sync 1 DAGs
[2022-09-20T17:47:50.190+0530] {logging_mixin.py:115} INFO - [2022-09-20T17:47:50.190+0530] {dag.py:2977} INFO - Setting next_dagrun for example_nested_branch_dag to 2022-09-19T00:00:00+00:00, run_after=2022-09-20T00:00:00+00:00
[2022-09-20T17:47:50.197+0530] {processor.py:161} INFO - Processing /home/sayone/This PC/SayOne Technologies/Works/airflow_new/Airflow/venv/lib/python3.8/site-packages/airflow/example_dags/example_nested_branch_dag.py took 0.044 seconds
[2022-09-20T17:48:26.910+0530] {processor.py:153} INFO - Started process (PID=35522) to work on /home/sayone/This PC/SayOne Technologies/Works/airflow_new/Airflow/venv/lib/python3.8/site-packages/airflow/example_dags/example_nested_branch_dag.py
[2022-09-20T17:48:26.913+0530] {processor.py:640} INFO - Processing file /home/sayone/This PC/SayOne Technologies/Works/airflow_new/Airflow/venv/lib/python3.8/site-packages/airflow/example_dags/example_nested_branch_dag.py for tasks to queue
[2022-09-20T17:48:26.913+0530] {logging_mixin.py:115} INFO - [2022-09-20T17:48:26.913+0530] {dagbag.py:508} INFO - Filling up the DagBag from /home/sayone/This PC/SayOne Technologies/Works/airflow_new/Airflow/venv/lib/python3.8/site-packages/airflow/example_dags/example_nested_branch_dag.py
[2022-09-20T17:48:26.926+0530] {processor.py:650} INFO - DAG(s) dict_keys(['example_nested_branch_dag']) retrieved from /home/sayone/This PC/SayOne Technologies/Works/airflow_new/Airflow/venv/lib/python3.8/site-packages/airflow/example_dags/example_nested_branch_dag.py
[2022-09-20T17:48:26.935+0530] {logging_mixin.py:115} INFO - [2022-09-20T17:48:26.935+0530] {dag.py:2429} INFO - Sync 1 DAGs
[2022-09-20T17:48:26.945+0530] {logging_mixin.py:115} INFO - [2022-09-20T17:48:26.945+0530] {dag.py:2977} INFO - Setting next_dagrun for example_nested_branch_dag to 2022-09-19T00:00:00+00:00, run_after=2022-09-20T00:00:00+00:00
[2022-09-20T17:48:26.955+0530] {processor.py:161} INFO - Processing /home/sayone/This PC/SayOne Technologies/Works/airflow_new/Airflow/venv/lib/python3.8/site-packages/airflow/example_dags/example_nested_branch_dag.py took 0.047 seconds
[2022-09-20T17:49:04.421+0530] {processor.py:153} INFO - Started process (PID=35648) to work on /home/sayone/This PC/SayOne Technologies/Works/airflow_new/Airflow/venv/lib/python3.8/site-packages/airflow/example_dags/example_nested_branch_dag.py
[2022-09-20T17:49:04.427+0530] {processor.py:640} INFO - Processing file /home/sayone/This PC/SayOne Technologies/Works/airflow_new/Airflow/venv/lib/python3.8/site-packages/airflow/example_dags/example_nested_branch_dag.py for tasks to queue
[2022-09-20T17:49:04.427+0530] {logging_mixin.py:115} INFO - [2022-09-20T17:49:04.427+0530] {dagbag.py:508} INFO - Filling up the DagBag from /home/sayone/This PC/SayOne Technologies/Works/airflow_new/Airflow/venv/lib/python3.8/site-packages/airflow/example_dags/example_nested_branch_dag.py
[2022-09-20T17:49:04.437+0530] {processor.py:650} INFO - DAG(s) dict_keys(['example_nested_branch_dag']) retrieved from /home/sayone/This PC/SayOne Technologies/Works/airflow_new/Airflow/venv/lib/python3.8/site-packages/airflow/example_dags/example_nested_branch_dag.py
[2022-09-20T17:49:04.455+0530] {logging_mixin.py:115} INFO - [2022-09-20T17:49:04.455+0530] {dag.py:2429} INFO - Sync 1 DAGs
[2022-09-20T17:49:04.482+0530] {logging_mixin.py:115} INFO - [2022-09-20T17:49:04.482+0530] {dag.py:2977} INFO - Setting next_dagrun for example_nested_branch_dag to 2022-09-19T00:00:00+00:00, run_after=2022-09-20T00:00:00+00:00
[2022-09-20T17:49:04.499+0530] {processor.py:161} INFO - Processing /home/sayone/This PC/SayOne Technologies/Works/airflow_new/Airflow/venv/lib/python3.8/site-packages/airflow/example_dags/example_nested_branch_dag.py took 0.081 seconds
[2022-09-20T17:49:40.561+0530] {processor.py:153} INFO - Started process (PID=35717) to work on /home/sayone/This PC/SayOne Technologies/Works/airflow_new/Airflow/venv/lib/python3.8/site-packages/airflow/example_dags/example_nested_branch_dag.py
[2022-09-20T17:49:40.564+0530] {processor.py:640} INFO - Processing file /home/sayone/This PC/SayOne Technologies/Works/airflow_new/Airflow/venv/lib/python3.8/site-packages/airflow/example_dags/example_nested_branch_dag.py for tasks to queue
[2022-09-20T17:49:40.564+0530] {logging_mixin.py:115} INFO - [2022-09-20T17:49:40.564+0530] {dagbag.py:508} INFO - Filling up the DagBag from /home/sayone/This PC/SayOne Technologies/Works/airflow_new/Airflow/venv/lib/python3.8/site-packages/airflow/example_dags/example_nested_branch_dag.py
[2022-09-20T17:49:40.575+0530] {processor.py:650} INFO - DAG(s) dict_keys(['example_nested_branch_dag']) retrieved from /home/sayone/This PC/SayOne Technologies/Works/airflow_new/Airflow/venv/lib/python3.8/site-packages/airflow/example_dags/example_nested_branch_dag.py
[2022-09-20T17:49:40.584+0530] {logging_mixin.py:115} INFO - [2022-09-20T17:49:40.584+0530] {dag.py:2429} INFO - Sync 1 DAGs
[2022-09-20T17:49:40.595+0530] {logging_mixin.py:115} INFO - [2022-09-20T17:49:40.595+0530] {dag.py:2977} INFO - Setting next_dagrun for example_nested_branch_dag to 2022-09-19T00:00:00+00:00, run_after=2022-09-20T00:00:00+00:00
[2022-09-20T17:49:40.605+0530] {processor.py:161} INFO - Processing /home/sayone/This PC/SayOne Technologies/Works/airflow_new/Airflow/venv/lib/python3.8/site-packages/airflow/example_dags/example_nested_branch_dag.py took 0.045 seconds
[2022-09-20T17:50:18.647+0530] {processor.py:153} INFO - Started process (PID=35827) to work on /home/sayone/This PC/SayOne Technologies/Works/airflow_new/Airflow/venv/lib/python3.8/site-packages/airflow/example_dags/example_nested_branch_dag.py
[2022-09-20T17:50:18.649+0530] {processor.py:640} INFO - Processing file /home/sayone/This PC/SayOne Technologies/Works/airflow_new/Airflow/venv/lib/python3.8/site-packages/airflow/example_dags/example_nested_branch_dag.py for tasks to queue
[2022-09-20T17:50:18.650+0530] {logging_mixin.py:115} INFO - [2022-09-20T17:50:18.650+0530] {dagbag.py:508} INFO - Filling up the DagBag from /home/sayone/This PC/SayOne Technologies/Works/airflow_new/Airflow/venv/lib/python3.8/site-packages/airflow/example_dags/example_nested_branch_dag.py
[2022-09-20T17:50:18.662+0530] {processor.py:650} INFO - DAG(s) dict_keys(['example_nested_branch_dag']) retrieved from /home/sayone/This PC/SayOne Technologies/Works/airflow_new/Airflow/venv/lib/python3.8/site-packages/airflow/example_dags/example_nested_branch_dag.py
[2022-09-20T17:50:18.671+0530] {logging_mixin.py:115} INFO - [2022-09-20T17:50:18.671+0530] {dag.py:2429} INFO - Sync 1 DAGs
[2022-09-20T17:50:18.681+0530] {logging_mixin.py:115} INFO - [2022-09-20T17:50:18.681+0530] {dag.py:2977} INFO - Setting next_dagrun for example_nested_branch_dag to 2022-09-19T00:00:00+00:00, run_after=2022-09-20T00:00:00+00:00
[2022-09-20T17:50:18.691+0530] {processor.py:161} INFO - Processing /home/sayone/This PC/SayOne Technologies/Works/airflow_new/Airflow/venv/lib/python3.8/site-packages/airflow/example_dags/example_nested_branch_dag.py took 0.047 seconds
[2022-09-20T17:50:54.537+0530] {processor.py:153} INFO - Started process (PID=35892) to work on /home/sayone/This PC/SayOne Technologies/Works/airflow_new/Airflow/venv/lib/python3.8/site-packages/airflow/example_dags/example_nested_branch_dag.py
[2022-09-20T17:50:54.539+0530] {processor.py:640} INFO - Processing file /home/sayone/This PC/SayOne Technologies/Works/airflow_new/Airflow/venv/lib/python3.8/site-packages/airflow/example_dags/example_nested_branch_dag.py for tasks to queue
[2022-09-20T17:50:54.540+0530] {logging_mixin.py:115} INFO - [2022-09-20T17:50:54.540+0530] {dagbag.py:508} INFO - Filling up the DagBag from /home/sayone/This PC/SayOne Technologies/Works/airflow_new/Airflow/venv/lib/python3.8/site-packages/airflow/example_dags/example_nested_branch_dag.py
[2022-09-20T17:50:54.551+0530] {processor.py:650} INFO - DAG(s) dict_keys(['example_nested_branch_dag']) retrieved from /home/sayone/This PC/SayOne Technologies/Works/airflow_new/Airflow/venv/lib/python3.8/site-packages/airflow/example_dags/example_nested_branch_dag.py
[2022-09-20T17:50:54.561+0530] {logging_mixin.py:115} INFO - [2022-09-20T17:50:54.560+0530] {dag.py:2429} INFO - Sync 1 DAGs
[2022-09-20T17:50:54.571+0530] {logging_mixin.py:115} INFO - [2022-09-20T17:50:54.571+0530] {dag.py:2977} INFO - Setting next_dagrun for example_nested_branch_dag to 2022-09-19T00:00:00+00:00, run_after=2022-09-20T00:00:00+00:00
[2022-09-20T17:50:54.582+0530] {processor.py:161} INFO - Processing /home/sayone/This PC/SayOne Technologies/Works/airflow_new/Airflow/venv/lib/python3.8/site-packages/airflow/example_dags/example_nested_branch_dag.py took 0.046 seconds
[2022-09-20T17:51:30.484+0530] {processor.py:153} INFO - Started process (PID=35999) to work on /home/sayone/This PC/SayOne Technologies/Works/airflow_new/Airflow/venv/lib/python3.8/site-packages/airflow/example_dags/example_nested_branch_dag.py
[2022-09-20T17:51:30.485+0530] {processor.py:640} INFO - Processing file /home/sayone/This PC/SayOne Technologies/Works/airflow_new/Airflow/venv/lib/python3.8/site-packages/airflow/example_dags/example_nested_branch_dag.py for tasks to queue
[2022-09-20T17:51:30.485+0530] {logging_mixin.py:115} INFO - [2022-09-20T17:51:30.485+0530] {dagbag.py:508} INFO - Filling up the DagBag from /home/sayone/This PC/SayOne Technologies/Works/airflow_new/Airflow/venv/lib/python3.8/site-packages/airflow/example_dags/example_nested_branch_dag.py
[2022-09-20T17:51:30.493+0530] {processor.py:650} INFO - DAG(s) dict_keys(['example_nested_branch_dag']) retrieved from /home/sayone/This PC/SayOne Technologies/Works/airflow_new/Airflow/venv/lib/python3.8/site-packages/airflow/example_dags/example_nested_branch_dag.py
[2022-09-20T17:51:30.506+0530] {logging_mixin.py:115} INFO - [2022-09-20T17:51:30.505+0530] {dag.py:2429} INFO - Sync 1 DAGs
[2022-09-20T17:51:30.520+0530] {logging_mixin.py:115} INFO - [2022-09-20T17:51:30.520+0530] {dag.py:2977} INFO - Setting next_dagrun for example_nested_branch_dag to 2022-09-19T00:00:00+00:00, run_after=2022-09-20T00:00:00+00:00
[2022-09-20T17:51:30.533+0530] {processor.py:161} INFO - Processing /home/sayone/This PC/SayOne Technologies/Works/airflow_new/Airflow/venv/lib/python3.8/site-packages/airflow/example_dags/example_nested_branch_dag.py took 0.050 seconds
[2022-09-20T17:52:09.338+0530] {processor.py:153} INFO - Started process (PID=36101) to work on /home/sayone/This PC/SayOne Technologies/Works/airflow_new/Airflow/venv/lib/python3.8/site-packages/airflow/example_dags/example_nested_branch_dag.py
[2022-09-20T17:52:09.341+0530] {processor.py:640} INFO - Processing file /home/sayone/This PC/SayOne Technologies/Works/airflow_new/Airflow/venv/lib/python3.8/site-packages/airflow/example_dags/example_nested_branch_dag.py for tasks to queue
[2022-09-20T17:52:09.342+0530] {logging_mixin.py:115} INFO - [2022-09-20T17:52:09.342+0530] {dagbag.py:508} INFO - Filling up the DagBag from /home/sayone/This PC/SayOne Technologies/Works/airflow_new/Airflow/venv/lib/python3.8/site-packages/airflow/example_dags/example_nested_branch_dag.py
[2022-09-20T17:52:09.354+0530] {processor.py:650} INFO - DAG(s) dict_keys(['example_nested_branch_dag']) retrieved from /home/sayone/This PC/SayOne Technologies/Works/airflow_new/Airflow/venv/lib/python3.8/site-packages/airflow/example_dags/example_nested_branch_dag.py
[2022-09-20T17:52:09.364+0530] {logging_mixin.py:115} INFO - [2022-09-20T17:52:09.364+0530] {dag.py:2429} INFO - Sync 1 DAGs
[2022-09-20T17:52:09.377+0530] {logging_mixin.py:115} INFO - [2022-09-20T17:52:09.377+0530] {dag.py:2977} INFO - Setting next_dagrun for example_nested_branch_dag to 2022-09-19T00:00:00+00:00, run_after=2022-09-20T00:00:00+00:00
[2022-09-20T17:52:09.387+0530] {processor.py:161} INFO - Processing /home/sayone/This PC/SayOne Technologies/Works/airflow_new/Airflow/venv/lib/python3.8/site-packages/airflow/example_dags/example_nested_branch_dag.py took 0.051 seconds
[2022-09-20T17:52:46.455+0530] {processor.py:153} INFO - Started process (PID=36304) to work on /home/sayone/This PC/SayOne Technologies/Works/airflow_new/Airflow/venv/lib/python3.8/site-packages/airflow/example_dags/example_nested_branch_dag.py
[2022-09-20T17:52:46.456+0530] {processor.py:640} INFO - Processing file /home/sayone/This PC/SayOne Technologies/Works/airflow_new/Airflow/venv/lib/python3.8/site-packages/airflow/example_dags/example_nested_branch_dag.py for tasks to queue
[2022-09-20T17:52:46.456+0530] {logging_mixin.py:115} INFO - [2022-09-20T17:52:46.456+0530] {dagbag.py:508} INFO - Filling up the DagBag from /home/sayone/This PC/SayOne Technologies/Works/airflow_new/Airflow/venv/lib/python3.8/site-packages/airflow/example_dags/example_nested_branch_dag.py
[2022-09-20T17:52:46.463+0530] {processor.py:650} INFO - DAG(s) dict_keys(['example_nested_branch_dag']) retrieved from /home/sayone/This PC/SayOne Technologies/Works/airflow_new/Airflow/venv/lib/python3.8/site-packages/airflow/example_dags/example_nested_branch_dag.py
[2022-09-20T17:52:46.472+0530] {logging_mixin.py:115} INFO - [2022-09-20T17:52:46.472+0530] {dag.py:2429} INFO - Sync 1 DAGs
[2022-09-20T17:52:46.482+0530] {logging_mixin.py:115} INFO - [2022-09-20T17:52:46.482+0530] {dag.py:2977} INFO - Setting next_dagrun for example_nested_branch_dag to 2022-09-19T00:00:00+00:00, run_after=2022-09-20T00:00:00+00:00
[2022-09-20T17:52:46.493+0530] {processor.py:161} INFO - Processing /home/sayone/This PC/SayOne Technologies/Works/airflow_new/Airflow/venv/lib/python3.8/site-packages/airflow/example_dags/example_nested_branch_dag.py took 0.040 seconds
[2022-09-20T17:53:22.629+0530] {processor.py:153} INFO - Started process (PID=36422) to work on /home/sayone/This PC/SayOne Technologies/Works/airflow_new/Airflow/venv/lib/python3.8/site-packages/airflow/example_dags/example_nested_branch_dag.py
[2022-09-20T17:53:22.632+0530] {processor.py:640} INFO - Processing file /home/sayone/This PC/SayOne Technologies/Works/airflow_new/Airflow/venv/lib/python3.8/site-packages/airflow/example_dags/example_nested_branch_dag.py for tasks to queue
[2022-09-20T17:53:22.633+0530] {logging_mixin.py:115} INFO - [2022-09-20T17:53:22.633+0530] {dagbag.py:508} INFO - Filling up the DagBag from /home/sayone/This PC/SayOne Technologies/Works/airflow_new/Airflow/venv/lib/python3.8/site-packages/airflow/example_dags/example_nested_branch_dag.py
[2022-09-20T17:53:22.643+0530] {processor.py:650} INFO - DAG(s) dict_keys(['example_nested_branch_dag']) retrieved from /home/sayone/This PC/SayOne Technologies/Works/airflow_new/Airflow/venv/lib/python3.8/site-packages/airflow/example_dags/example_nested_branch_dag.py
[2022-09-20T17:53:22.652+0530] {logging_mixin.py:115} INFO - [2022-09-20T17:53:22.652+0530] {dag.py:2429} INFO - Sync 1 DAGs
[2022-09-20T17:53:22.663+0530] {logging_mixin.py:115} INFO - [2022-09-20T17:53:22.663+0530] {dag.py:2977} INFO - Setting next_dagrun for example_nested_branch_dag to 2022-09-19T00:00:00+00:00, run_after=2022-09-20T00:00:00+00:00
[2022-09-20T17:53:22.673+0530] {processor.py:161} INFO - Processing /home/sayone/This PC/SayOne Technologies/Works/airflow_new/Airflow/venv/lib/python3.8/site-packages/airflow/example_dags/example_nested_branch_dag.py took 0.048 seconds
