[2022-09-20T17:17:03.115+0530] {processor.py:153} INFO - Started process (PID=28787) to work on /home/sayone/This PC/SayOne Technologies/Works/airflow_new/Airflow/venv/lib/python3.8/site-packages/airflow/example_dags/example_complex.py
[2022-09-20T17:17:03.116+0530] {processor.py:640} INFO - Processing file /home/sayone/This PC/SayOne Technologies/Works/airflow_new/Airflow/venv/lib/python3.8/site-packages/airflow/example_dags/example_complex.py for tasks to queue
[2022-09-20T17:17:03.118+0530] {logging_mixin.py:115} INFO - [2022-09-20T17:17:03.117+0530] {dagbag.py:508} INFO - Filling up the DagBag from /home/sayone/This PC/SayOne Technologies/Works/airflow_new/Airflow/venv/lib/python3.8/site-packages/airflow/example_dags/example_complex.py
[2022-09-20T17:17:03.132+0530] {processor.py:650} INFO - DAG(s) dict_keys(['example_complex']) retrieved from /home/sayone/This PC/SayOne Technologies/Works/airflow_new/Airflow/venv/lib/python3.8/site-packages/airflow/example_dags/example_complex.py
[2022-09-20T17:17:03.212+0530] {logging_mixin.py:115} INFO - [2022-09-20T17:17:03.211+0530] {manager.py:508} INFO - Created Permission View: can edit on DAG:example_complex
[2022-09-20T17:17:03.225+0530] {logging_mixin.py:115} INFO - [2022-09-20T17:17:03.225+0530] {manager.py:508} INFO - Created Permission View: can read on DAG:example_complex
[2022-09-20T17:17:03.235+0530] {logging_mixin.py:115} INFO - [2022-09-20T17:17:03.234+0530] {manager.py:508} INFO - Created Permission View: can delete on DAG:example_complex
[2022-09-20T17:17:03.236+0530] {logging_mixin.py:115} INFO - [2022-09-20T17:17:03.236+0530] {dag.py:2429} INFO - Sync 1 DAGs
[2022-09-20T17:17:03.245+0530] {logging_mixin.py:115} INFO - [2022-09-20T17:17:03.245+0530] {dag.py:2448} INFO - Creating ORM DAG for example_complex
[2022-09-20T17:17:03.253+0530] {logging_mixin.py:115} INFO - [2022-09-20T17:17:03.253+0530] {dag.py:2977} INFO - Setting next_dagrun for example_complex to None, run_after=None
[2022-09-20T17:17:03.270+0530] {processor.py:161} INFO - Processing /home/sayone/This PC/SayOne Technologies/Works/airflow_new/Airflow/venv/lib/python3.8/site-packages/airflow/example_dags/example_complex.py took 0.159 seconds
[2022-09-20T17:17:40.618+0530] {processor.py:153} INFO - Started process (PID=28986) to work on /home/sayone/This PC/SayOne Technologies/Works/airflow_new/Airflow/venv/lib/python3.8/site-packages/airflow/example_dags/example_complex.py
[2022-09-20T17:17:40.622+0530] {processor.py:640} INFO - Processing file /home/sayone/This PC/SayOne Technologies/Works/airflow_new/Airflow/venv/lib/python3.8/site-packages/airflow/example_dags/example_complex.py for tasks to queue
[2022-09-20T17:17:40.625+0530] {logging_mixin.py:115} INFO - [2022-09-20T17:17:40.625+0530] {dagbag.py:508} INFO - Filling up the DagBag from /home/sayone/This PC/SayOne Technologies/Works/airflow_new/Airflow/venv/lib/python3.8/site-packages/airflow/example_dags/example_complex.py
[2022-09-20T17:17:40.639+0530] {processor.py:650} INFO - DAG(s) dict_keys(['example_complex']) retrieved from /home/sayone/This PC/SayOne Technologies/Works/airflow_new/Airflow/venv/lib/python3.8/site-packages/airflow/example_dags/example_complex.py
[2022-09-20T17:17:40.658+0530] {logging_mixin.py:115} INFO - [2022-09-20T17:17:40.657+0530] {dag.py:2429} INFO - Sync 1 DAGs
[2022-09-20T17:17:40.684+0530] {logging_mixin.py:115} INFO - [2022-09-20T17:17:40.684+0530] {dag.py:2977} INFO - Setting next_dagrun for example_complex to None, run_after=None
[2022-09-20T17:17:40.696+0530] {processor.py:161} INFO - Processing /home/sayone/This PC/SayOne Technologies/Works/airflow_new/Airflow/venv/lib/python3.8/site-packages/airflow/example_dags/example_complex.py took 0.081 seconds
[2022-09-20T17:18:14.068+0530] {processor.py:153} INFO - Started process (PID=29131) to work on /home/sayone/This PC/SayOne Technologies/Works/airflow_new/Airflow/venv/lib/python3.8/site-packages/airflow/example_dags/example_complex.py
[2022-09-20T17:18:14.072+0530] {processor.py:640} INFO - Processing file /home/sayone/This PC/SayOne Technologies/Works/airflow_new/Airflow/venv/lib/python3.8/site-packages/airflow/example_dags/example_complex.py for tasks to queue
[2022-09-20T17:18:14.073+0530] {logging_mixin.py:115} INFO - [2022-09-20T17:18:14.073+0530] {dagbag.py:508} INFO - Filling up the DagBag from /home/sayone/This PC/SayOne Technologies/Works/airflow_new/Airflow/venv/lib/python3.8/site-packages/airflow/example_dags/example_complex.py
[2022-09-20T17:18:14.085+0530] {processor.py:650} INFO - DAG(s) dict_keys(['example_complex']) retrieved from /home/sayone/This PC/SayOne Technologies/Works/airflow_new/Airflow/venv/lib/python3.8/site-packages/airflow/example_dags/example_complex.py
[2022-09-20T17:18:14.100+0530] {logging_mixin.py:115} INFO - [2022-09-20T17:18:14.100+0530] {dag.py:2429} INFO - Sync 1 DAGs
[2022-09-20T17:18:14.114+0530] {logging_mixin.py:115} INFO - [2022-09-20T17:18:14.114+0530] {dag.py:2977} INFO - Setting next_dagrun for example_complex to None, run_after=None
[2022-09-20T17:18:14.123+0530] {processor.py:161} INFO - Processing /home/sayone/This PC/SayOne Technologies/Works/airflow_new/Airflow/venv/lib/python3.8/site-packages/airflow/example_dags/example_complex.py took 0.058 seconds
[2022-09-20T17:18:51.043+0530] {processor.py:153} INFO - Started process (PID=29209) to work on /home/sayone/This PC/SayOne Technologies/Works/airflow_new/Airflow/venv/lib/python3.8/site-packages/airflow/example_dags/example_complex.py
[2022-09-20T17:18:51.046+0530] {processor.py:640} INFO - Processing file /home/sayone/This PC/SayOne Technologies/Works/airflow_new/Airflow/venv/lib/python3.8/site-packages/airflow/example_dags/example_complex.py for tasks to queue
[2022-09-20T17:18:51.047+0530] {logging_mixin.py:115} INFO - [2022-09-20T17:18:51.047+0530] {dagbag.py:508} INFO - Filling up the DagBag from /home/sayone/This PC/SayOne Technologies/Works/airflow_new/Airflow/venv/lib/python3.8/site-packages/airflow/example_dags/example_complex.py
[2022-09-20T17:18:51.059+0530] {processor.py:650} INFO - DAG(s) dict_keys(['example_complex']) retrieved from /home/sayone/This PC/SayOne Technologies/Works/airflow_new/Airflow/venv/lib/python3.8/site-packages/airflow/example_dags/example_complex.py
[2022-09-20T17:18:51.070+0530] {logging_mixin.py:115} INFO - [2022-09-20T17:18:51.070+0530] {dag.py:2429} INFO - Sync 1 DAGs
[2022-09-20T17:18:51.080+0530] {logging_mixin.py:115} INFO - [2022-09-20T17:18:51.080+0530] {dag.py:2977} INFO - Setting next_dagrun for example_complex to None, run_after=None
[2022-09-20T17:18:51.089+0530] {processor.py:161} INFO - Processing /home/sayone/This PC/SayOne Technologies/Works/airflow_new/Airflow/venv/lib/python3.8/site-packages/airflow/example_dags/example_complex.py took 0.049 seconds
[2022-09-20T17:19:24.891+0530] {processor.py:153} INFO - Started process (PID=29363) to work on /home/sayone/This PC/SayOne Technologies/Works/airflow_new/Airflow/venv/lib/python3.8/site-packages/airflow/example_dags/example_complex.py
[2022-09-20T17:19:24.894+0530] {processor.py:640} INFO - Processing file /home/sayone/This PC/SayOne Technologies/Works/airflow_new/Airflow/venv/lib/python3.8/site-packages/airflow/example_dags/example_complex.py for tasks to queue
[2022-09-20T17:19:24.894+0530] {logging_mixin.py:115} INFO - [2022-09-20T17:19:24.894+0530] {dagbag.py:508} INFO - Filling up the DagBag from /home/sayone/This PC/SayOne Technologies/Works/airflow_new/Airflow/venv/lib/python3.8/site-packages/airflow/example_dags/example_complex.py
[2022-09-20T17:19:24.903+0530] {processor.py:650} INFO - DAG(s) dict_keys(['example_complex']) retrieved from /home/sayone/This PC/SayOne Technologies/Works/airflow_new/Airflow/venv/lib/python3.8/site-packages/airflow/example_dags/example_complex.py
[2022-09-20T17:19:24.915+0530] {logging_mixin.py:115} INFO - [2022-09-20T17:19:24.915+0530] {dag.py:2429} INFO - Sync 1 DAGs
[2022-09-20T17:19:24.928+0530] {logging_mixin.py:115} INFO - [2022-09-20T17:19:24.927+0530] {dag.py:2977} INFO - Setting next_dagrun for example_complex to None, run_after=None
[2022-09-20T17:19:24.938+0530] {processor.py:161} INFO - Processing /home/sayone/This PC/SayOne Technologies/Works/airflow_new/Airflow/venv/lib/python3.8/site-packages/airflow/example_dags/example_complex.py took 0.050 seconds
[2022-09-20T17:20:21.731+0530] {processor.py:153} INFO - Started process (PID=29691) to work on /home/sayone/This PC/SayOne Technologies/Works/airflow_new/Airflow/venv/lib/python3.8/site-packages/airflow/example_dags/example_complex.py
[2022-09-20T17:20:21.734+0530] {processor.py:640} INFO - Processing file /home/sayone/This PC/SayOne Technologies/Works/airflow_new/Airflow/venv/lib/python3.8/site-packages/airflow/example_dags/example_complex.py for tasks to queue
[2022-09-20T17:20:21.735+0530] {logging_mixin.py:115} INFO - [2022-09-20T17:20:21.735+0530] {dagbag.py:508} INFO - Filling up the DagBag from /home/sayone/This PC/SayOne Technologies/Works/airflow_new/Airflow/venv/lib/python3.8/site-packages/airflow/example_dags/example_complex.py
[2022-09-20T17:20:21.745+0530] {processor.py:650} INFO - DAG(s) dict_keys(['example_complex']) retrieved from /home/sayone/This PC/SayOne Technologies/Works/airflow_new/Airflow/venv/lib/python3.8/site-packages/airflow/example_dags/example_complex.py
[2022-09-20T17:20:21.756+0530] {logging_mixin.py:115} INFO - [2022-09-20T17:20:21.756+0530] {dag.py:2429} INFO - Sync 1 DAGs
[2022-09-20T17:20:21.766+0530] {logging_mixin.py:115} INFO - [2022-09-20T17:20:21.766+0530] {dag.py:2977} INFO - Setting next_dagrun for example_complex to None, run_after=None
[2022-09-20T17:20:21.775+0530] {processor.py:161} INFO - Processing /home/sayone/This PC/SayOne Technologies/Works/airflow_new/Airflow/venv/lib/python3.8/site-packages/airflow/example_dags/example_complex.py took 0.048 seconds
[2022-09-20T17:20:58.987+0530] {processor.py:153} INFO - Started process (PID=29797) to work on /home/sayone/This PC/SayOne Technologies/Works/airflow_new/Airflow/venv/lib/python3.8/site-packages/airflow/example_dags/example_complex.py
[2022-09-20T17:20:58.990+0530] {processor.py:640} INFO - Processing file /home/sayone/This PC/SayOne Technologies/Works/airflow_new/Airflow/venv/lib/python3.8/site-packages/airflow/example_dags/example_complex.py for tasks to queue
[2022-09-20T17:20:58.991+0530] {logging_mixin.py:115} INFO - [2022-09-20T17:20:58.991+0530] {dagbag.py:508} INFO - Filling up the DagBag from /home/sayone/This PC/SayOne Technologies/Works/airflow_new/Airflow/venv/lib/python3.8/site-packages/airflow/example_dags/example_complex.py
[2022-09-20T17:20:59.002+0530] {processor.py:650} INFO - DAG(s) dict_keys(['example_complex']) retrieved from /home/sayone/This PC/SayOne Technologies/Works/airflow_new/Airflow/venv/lib/python3.8/site-packages/airflow/example_dags/example_complex.py
[2022-09-20T17:20:59.014+0530] {logging_mixin.py:115} INFO - [2022-09-20T17:20:59.014+0530] {dag.py:2429} INFO - Sync 1 DAGs
[2022-09-20T17:20:59.024+0530] {logging_mixin.py:115} INFO - [2022-09-20T17:20:59.024+0530] {dag.py:2977} INFO - Setting next_dagrun for example_complex to None, run_after=None
[2022-09-20T17:20:59.034+0530] {processor.py:161} INFO - Processing /home/sayone/This PC/SayOne Technologies/Works/airflow_new/Airflow/venv/lib/python3.8/site-packages/airflow/example_dags/example_complex.py took 0.051 seconds
[2022-09-20T17:21:32.721+0530] {processor.py:153} INFO - Started process (PID=29895) to work on /home/sayone/This PC/SayOne Technologies/Works/airflow_new/Airflow/venv/lib/python3.8/site-packages/airflow/example_dags/example_complex.py
[2022-09-20T17:21:32.724+0530] {processor.py:640} INFO - Processing file /home/sayone/This PC/SayOne Technologies/Works/airflow_new/Airflow/venv/lib/python3.8/site-packages/airflow/example_dags/example_complex.py for tasks to queue
[2022-09-20T17:21:32.725+0530] {logging_mixin.py:115} INFO - [2022-09-20T17:21:32.725+0530] {dagbag.py:508} INFO - Filling up the DagBag from /home/sayone/This PC/SayOne Technologies/Works/airflow_new/Airflow/venv/lib/python3.8/site-packages/airflow/example_dags/example_complex.py
[2022-09-20T17:21:32.739+0530] {processor.py:650} INFO - DAG(s) dict_keys(['example_complex']) retrieved from /home/sayone/This PC/SayOne Technologies/Works/airflow_new/Airflow/venv/lib/python3.8/site-packages/airflow/example_dags/example_complex.py
[2022-09-20T17:21:32.751+0530] {logging_mixin.py:115} INFO - [2022-09-20T17:21:32.751+0530] {dag.py:2429} INFO - Sync 1 DAGs
[2022-09-20T17:21:32.762+0530] {logging_mixin.py:115} INFO - [2022-09-20T17:21:32.762+0530] {dag.py:2977} INFO - Setting next_dagrun for example_complex to None, run_after=None
[2022-09-20T17:21:32.771+0530] {processor.py:161} INFO - Processing /home/sayone/This PC/SayOne Technologies/Works/airflow_new/Airflow/venv/lib/python3.8/site-packages/airflow/example_dags/example_complex.py took 0.054 seconds
[2022-09-20T17:22:11.069+0530] {processor.py:153} INFO - Started process (PID=30174) to work on /home/sayone/This PC/SayOne Technologies/Works/airflow_new/Airflow/venv/lib/python3.8/site-packages/airflow/example_dags/example_complex.py
[2022-09-20T17:22:11.071+0530] {processor.py:640} INFO - Processing file /home/sayone/This PC/SayOne Technologies/Works/airflow_new/Airflow/venv/lib/python3.8/site-packages/airflow/example_dags/example_complex.py for tasks to queue
[2022-09-20T17:22:11.072+0530] {logging_mixin.py:115} INFO - [2022-09-20T17:22:11.072+0530] {dagbag.py:508} INFO - Filling up the DagBag from /home/sayone/This PC/SayOne Technologies/Works/airflow_new/Airflow/venv/lib/python3.8/site-packages/airflow/example_dags/example_complex.py
[2022-09-20T17:22:11.082+0530] {processor.py:650} INFO - DAG(s) dict_keys(['example_complex']) retrieved from /home/sayone/This PC/SayOne Technologies/Works/airflow_new/Airflow/venv/lib/python3.8/site-packages/airflow/example_dags/example_complex.py
[2022-09-20T17:22:11.097+0530] {logging_mixin.py:115} INFO - [2022-09-20T17:22:11.097+0530] {dag.py:2429} INFO - Sync 1 DAGs
[2022-09-20T17:22:11.107+0530] {logging_mixin.py:115} INFO - [2022-09-20T17:22:11.107+0530] {dag.py:2977} INFO - Setting next_dagrun for example_complex to None, run_after=None
[2022-09-20T17:22:11.116+0530] {processor.py:161} INFO - Processing /home/sayone/This PC/SayOne Technologies/Works/airflow_new/Airflow/venv/lib/python3.8/site-packages/airflow/example_dags/example_complex.py took 0.050 seconds
[2022-09-20T17:22:44.767+0530] {processor.py:153} INFO - Started process (PID=30296) to work on /home/sayone/This PC/SayOne Technologies/Works/airflow_new/Airflow/venv/lib/python3.8/site-packages/airflow/example_dags/example_complex.py
[2022-09-20T17:22:44.770+0530] {processor.py:640} INFO - Processing file /home/sayone/This PC/SayOne Technologies/Works/airflow_new/Airflow/venv/lib/python3.8/site-packages/airflow/example_dags/example_complex.py for tasks to queue
[2022-09-20T17:22:44.771+0530] {logging_mixin.py:115} INFO - [2022-09-20T17:22:44.770+0530] {dagbag.py:508} INFO - Filling up the DagBag from /home/sayone/This PC/SayOne Technologies/Works/airflow_new/Airflow/venv/lib/python3.8/site-packages/airflow/example_dags/example_complex.py
[2022-09-20T17:22:44.783+0530] {processor.py:650} INFO - DAG(s) dict_keys(['example_complex']) retrieved from /home/sayone/This PC/SayOne Technologies/Works/airflow_new/Airflow/venv/lib/python3.8/site-packages/airflow/example_dags/example_complex.py
[2022-09-20T17:22:44.796+0530] {logging_mixin.py:115} INFO - [2022-09-20T17:22:44.796+0530] {dag.py:2429} INFO - Sync 1 DAGs
[2022-09-20T17:22:44.806+0530] {logging_mixin.py:115} INFO - [2022-09-20T17:22:44.806+0530] {dag.py:2977} INFO - Setting next_dagrun for example_complex to None, run_after=None
[2022-09-20T17:22:44.816+0530] {processor.py:161} INFO - Processing /home/sayone/This PC/SayOne Technologies/Works/airflow_new/Airflow/venv/lib/python3.8/site-packages/airflow/example_dags/example_complex.py took 0.054 seconds
[2022-09-20T17:23:47.105+0530] {processor.py:153} INFO - Started process (PID=30478) to work on /home/sayone/This PC/SayOne Technologies/Works/airflow_new/Airflow/venv/lib/python3.8/site-packages/airflow/example_dags/example_complex.py
[2022-09-20T17:23:47.107+0530] {processor.py:640} INFO - Processing file /home/sayone/This PC/SayOne Technologies/Works/airflow_new/Airflow/venv/lib/python3.8/site-packages/airflow/example_dags/example_complex.py for tasks to queue
[2022-09-20T17:23:47.108+0530] {logging_mixin.py:115} INFO - [2022-09-20T17:23:47.107+0530] {dagbag.py:508} INFO - Filling up the DagBag from /home/sayone/This PC/SayOne Technologies/Works/airflow_new/Airflow/venv/lib/python3.8/site-packages/airflow/example_dags/example_complex.py
[2022-09-20T17:23:47.117+0530] {processor.py:650} INFO - DAG(s) dict_keys(['example_complex']) retrieved from /home/sayone/This PC/SayOne Technologies/Works/airflow_new/Airflow/venv/lib/python3.8/site-packages/airflow/example_dags/example_complex.py
[2022-09-20T17:23:47.137+0530] {logging_mixin.py:115} INFO - [2022-09-20T17:23:47.137+0530] {dag.py:2429} INFO - Sync 1 DAGs
[2022-09-20T17:23:47.149+0530] {logging_mixin.py:115} INFO - [2022-09-20T17:23:47.149+0530] {dag.py:2977} INFO - Setting next_dagrun for example_complex to None, run_after=None
[2022-09-20T17:23:47.160+0530] {processor.py:161} INFO - Processing /home/sayone/This PC/SayOne Technologies/Works/airflow_new/Airflow/venv/lib/python3.8/site-packages/airflow/example_dags/example_complex.py took 0.057 seconds
[2022-09-20T17:24:23.085+0530] {processor.py:153} INFO - Started process (PID=30634) to work on /home/sayone/This PC/SayOne Technologies/Works/airflow_new/Airflow/venv/lib/python3.8/site-packages/airflow/example_dags/example_complex.py
[2022-09-20T17:24:23.088+0530] {processor.py:640} INFO - Processing file /home/sayone/This PC/SayOne Technologies/Works/airflow_new/Airflow/venv/lib/python3.8/site-packages/airflow/example_dags/example_complex.py for tasks to queue
[2022-09-20T17:24:23.088+0530] {logging_mixin.py:115} INFO - [2022-09-20T17:24:23.088+0530] {dagbag.py:508} INFO - Filling up the DagBag from /home/sayone/This PC/SayOne Technologies/Works/airflow_new/Airflow/venv/lib/python3.8/site-packages/airflow/example_dags/example_complex.py
[2022-09-20T17:24:23.099+0530] {processor.py:650} INFO - DAG(s) dict_keys(['example_complex']) retrieved from /home/sayone/This PC/SayOne Technologies/Works/airflow_new/Airflow/venv/lib/python3.8/site-packages/airflow/example_dags/example_complex.py
[2022-09-20T17:24:23.112+0530] {logging_mixin.py:115} INFO - [2022-09-20T17:24:23.111+0530] {dag.py:2429} INFO - Sync 1 DAGs
[2022-09-20T17:24:23.125+0530] {logging_mixin.py:115} INFO - [2022-09-20T17:24:23.125+0530] {dag.py:2977} INFO - Setting next_dagrun for example_complex to None, run_after=None
[2022-09-20T17:24:23.136+0530] {processor.py:161} INFO - Processing /home/sayone/This PC/SayOne Technologies/Works/airflow_new/Airflow/venv/lib/python3.8/site-packages/airflow/example_dags/example_complex.py took 0.053 seconds
[2022-09-20T17:24:58.340+0530] {processor.py:153} INFO - Started process (PID=30910) to work on /home/sayone/This PC/SayOne Technologies/Works/airflow_new/Airflow/venv/lib/python3.8/site-packages/airflow/example_dags/example_complex.py
[2022-09-20T17:24:58.343+0530] {processor.py:640} INFO - Processing file /home/sayone/This PC/SayOne Technologies/Works/airflow_new/Airflow/venv/lib/python3.8/site-packages/airflow/example_dags/example_complex.py for tasks to queue
[2022-09-20T17:24:58.343+0530] {logging_mixin.py:115} INFO - [2022-09-20T17:24:58.343+0530] {dagbag.py:508} INFO - Filling up the DagBag from /home/sayone/This PC/SayOne Technologies/Works/airflow_new/Airflow/venv/lib/python3.8/site-packages/airflow/example_dags/example_complex.py
[2022-09-20T17:24:58.352+0530] {processor.py:650} INFO - DAG(s) dict_keys(['example_complex']) retrieved from /home/sayone/This PC/SayOne Technologies/Works/airflow_new/Airflow/venv/lib/python3.8/site-packages/airflow/example_dags/example_complex.py
[2022-09-20T17:24:58.364+0530] {logging_mixin.py:115} INFO - [2022-09-20T17:24:58.364+0530] {dag.py:2429} INFO - Sync 1 DAGs
[2022-09-20T17:24:58.381+0530] {logging_mixin.py:115} INFO - [2022-09-20T17:24:58.381+0530] {dag.py:2977} INFO - Setting next_dagrun for example_complex to None, run_after=None
[2022-09-20T17:24:58.393+0530] {processor.py:161} INFO - Processing /home/sayone/This PC/SayOne Technologies/Works/airflow_new/Airflow/venv/lib/python3.8/site-packages/airflow/example_dags/example_complex.py took 0.055 seconds
[2022-09-20T17:25:34.185+0530] {processor.py:153} INFO - Started process (PID=31015) to work on /home/sayone/This PC/SayOne Technologies/Works/airflow_new/Airflow/venv/lib/python3.8/site-packages/airflow/example_dags/example_complex.py
[2022-09-20T17:25:34.187+0530] {processor.py:640} INFO - Processing file /home/sayone/This PC/SayOne Technologies/Works/airflow_new/Airflow/venv/lib/python3.8/site-packages/airflow/example_dags/example_complex.py for tasks to queue
[2022-09-20T17:25:34.187+0530] {logging_mixin.py:115} INFO - [2022-09-20T17:25:34.187+0530] {dagbag.py:508} INFO - Filling up the DagBag from /home/sayone/This PC/SayOne Technologies/Works/airflow_new/Airflow/venv/lib/python3.8/site-packages/airflow/example_dags/example_complex.py
[2022-09-20T17:25:34.196+0530] {processor.py:650} INFO - DAG(s) dict_keys(['example_complex']) retrieved from /home/sayone/This PC/SayOne Technologies/Works/airflow_new/Airflow/venv/lib/python3.8/site-packages/airflow/example_dags/example_complex.py
[2022-09-20T17:25:34.207+0530] {logging_mixin.py:115} INFO - [2022-09-20T17:25:34.207+0530] {dag.py:2429} INFO - Sync 1 DAGs
[2022-09-20T17:25:34.216+0530] {logging_mixin.py:115} INFO - [2022-09-20T17:25:34.216+0530] {dag.py:2977} INFO - Setting next_dagrun for example_complex to None, run_after=None
[2022-09-20T17:25:34.225+0530] {processor.py:161} INFO - Processing /home/sayone/This PC/SayOne Technologies/Works/airflow_new/Airflow/venv/lib/python3.8/site-packages/airflow/example_dags/example_complex.py took 0.042 seconds
[2022-09-20T17:26:10.468+0530] {processor.py:153} INFO - Started process (PID=31131) to work on /home/sayone/This PC/SayOne Technologies/Works/airflow_new/Airflow/venv/lib/python3.8/site-packages/airflow/example_dags/example_complex.py
[2022-09-20T17:26:10.471+0530] {processor.py:640} INFO - Processing file /home/sayone/This PC/SayOne Technologies/Works/airflow_new/Airflow/venv/lib/python3.8/site-packages/airflow/example_dags/example_complex.py for tasks to queue
[2022-09-20T17:26:10.472+0530] {logging_mixin.py:115} INFO - [2022-09-20T17:26:10.471+0530] {dagbag.py:508} INFO - Filling up the DagBag from /home/sayone/This PC/SayOne Technologies/Works/airflow_new/Airflow/venv/lib/python3.8/site-packages/airflow/example_dags/example_complex.py
[2022-09-20T17:26:10.481+0530] {processor.py:650} INFO - DAG(s) dict_keys(['example_complex']) retrieved from /home/sayone/This PC/SayOne Technologies/Works/airflow_new/Airflow/venv/lib/python3.8/site-packages/airflow/example_dags/example_complex.py
[2022-09-20T17:26:10.492+0530] {logging_mixin.py:115} INFO - [2022-09-20T17:26:10.492+0530] {dag.py:2429} INFO - Sync 1 DAGs
[2022-09-20T17:26:10.501+0530] {logging_mixin.py:115} INFO - [2022-09-20T17:26:10.501+0530] {dag.py:2977} INFO - Setting next_dagrun for example_complex to None, run_after=None
[2022-09-20T17:26:10.509+0530] {processor.py:161} INFO - Processing /home/sayone/This PC/SayOne Technologies/Works/airflow_new/Airflow/venv/lib/python3.8/site-packages/airflow/example_dags/example_complex.py took 0.042 seconds
[2022-09-20T17:26:47.080+0530] {processor.py:153} INFO - Started process (PID=31227) to work on /home/sayone/This PC/SayOne Technologies/Works/airflow_new/Airflow/venv/lib/python3.8/site-packages/airflow/example_dags/example_complex.py
[2022-09-20T17:26:47.082+0530] {processor.py:640} INFO - Processing file /home/sayone/This PC/SayOne Technologies/Works/airflow_new/Airflow/venv/lib/python3.8/site-packages/airflow/example_dags/example_complex.py for tasks to queue
[2022-09-20T17:26:47.083+0530] {logging_mixin.py:115} INFO - [2022-09-20T17:26:47.083+0530] {dagbag.py:508} INFO - Filling up the DagBag from /home/sayone/This PC/SayOne Technologies/Works/airflow_new/Airflow/venv/lib/python3.8/site-packages/airflow/example_dags/example_complex.py
[2022-09-20T17:26:47.098+0530] {processor.py:650} INFO - DAG(s) dict_keys(['example_complex']) retrieved from /home/sayone/This PC/SayOne Technologies/Works/airflow_new/Airflow/venv/lib/python3.8/site-packages/airflow/example_dags/example_complex.py
[2022-09-20T17:26:47.109+0530] {logging_mixin.py:115} INFO - [2022-09-20T17:26:47.109+0530] {dag.py:2429} INFO - Sync 1 DAGs
[2022-09-20T17:26:47.118+0530] {logging_mixin.py:115} INFO - [2022-09-20T17:26:47.118+0530] {dag.py:2977} INFO - Setting next_dagrun for example_complex to None, run_after=None
[2022-09-20T17:26:47.126+0530] {processor.py:161} INFO - Processing /home/sayone/This PC/SayOne Technologies/Works/airflow_new/Airflow/venv/lib/python3.8/site-packages/airflow/example_dags/example_complex.py took 0.047 seconds
[2022-09-20T17:27:23.583+0530] {processor.py:153} INFO - Started process (PID=31514) to work on /home/sayone/This PC/SayOne Technologies/Works/airflow_new/Airflow/venv/lib/python3.8/site-packages/airflow/example_dags/example_complex.py
[2022-09-20T17:27:23.586+0530] {processor.py:640} INFO - Processing file /home/sayone/This PC/SayOne Technologies/Works/airflow_new/Airflow/venv/lib/python3.8/site-packages/airflow/example_dags/example_complex.py for tasks to queue
[2022-09-20T17:27:23.587+0530] {logging_mixin.py:115} INFO - [2022-09-20T17:27:23.587+0530] {dagbag.py:508} INFO - Filling up the DagBag from /home/sayone/This PC/SayOne Technologies/Works/airflow_new/Airflow/venv/lib/python3.8/site-packages/airflow/example_dags/example_complex.py
[2022-09-20T17:27:23.603+0530] {processor.py:650} INFO - DAG(s) dict_keys(['example_complex']) retrieved from /home/sayone/This PC/SayOne Technologies/Works/airflow_new/Airflow/venv/lib/python3.8/site-packages/airflow/example_dags/example_complex.py
[2022-09-20T17:27:23.614+0530] {logging_mixin.py:115} INFO - [2022-09-20T17:27:23.614+0530] {dag.py:2429} INFO - Sync 1 DAGs
[2022-09-20T17:27:23.624+0530] {logging_mixin.py:115} INFO - [2022-09-20T17:27:23.624+0530] {dag.py:2977} INFO - Setting next_dagrun for example_complex to None, run_after=None
[2022-09-20T17:27:23.634+0530] {processor.py:161} INFO - Processing /home/sayone/This PC/SayOne Technologies/Works/airflow_new/Airflow/venv/lib/python3.8/site-packages/airflow/example_dags/example_complex.py took 0.054 seconds
[2022-09-20T17:27:59.481+0530] {processor.py:153} INFO - Started process (PID=31645) to work on /home/sayone/This PC/SayOne Technologies/Works/airflow_new/Airflow/venv/lib/python3.8/site-packages/airflow/example_dags/example_complex.py
[2022-09-20T17:27:59.484+0530] {processor.py:640} INFO - Processing file /home/sayone/This PC/SayOne Technologies/Works/airflow_new/Airflow/venv/lib/python3.8/site-packages/airflow/example_dags/example_complex.py for tasks to queue
[2022-09-20T17:27:59.485+0530] {logging_mixin.py:115} INFO - [2022-09-20T17:27:59.485+0530] {dagbag.py:508} INFO - Filling up the DagBag from /home/sayone/This PC/SayOne Technologies/Works/airflow_new/Airflow/venv/lib/python3.8/site-packages/airflow/example_dags/example_complex.py
[2022-09-20T17:27:59.500+0530] {processor.py:650} INFO - DAG(s) dict_keys(['example_complex']) retrieved from /home/sayone/This PC/SayOne Technologies/Works/airflow_new/Airflow/venv/lib/python3.8/site-packages/airflow/example_dags/example_complex.py
[2022-09-20T17:27:59.511+0530] {logging_mixin.py:115} INFO - [2022-09-20T17:27:59.511+0530] {dag.py:2429} INFO - Sync 1 DAGs
[2022-09-20T17:27:59.520+0530] {logging_mixin.py:115} INFO - [2022-09-20T17:27:59.520+0530] {dag.py:2977} INFO - Setting next_dagrun for example_complex to None, run_after=None
[2022-09-20T17:27:59.528+0530] {processor.py:161} INFO - Processing /home/sayone/This PC/SayOne Technologies/Works/airflow_new/Airflow/venv/lib/python3.8/site-packages/airflow/example_dags/example_complex.py took 0.049 seconds
[2022-09-20T17:28:35.527+0530] {processor.py:153} INFO - Started process (PID=31722) to work on /home/sayone/This PC/SayOne Technologies/Works/airflow_new/Airflow/venv/lib/python3.8/site-packages/airflow/example_dags/example_complex.py
[2022-09-20T17:28:35.529+0530] {processor.py:640} INFO - Processing file /home/sayone/This PC/SayOne Technologies/Works/airflow_new/Airflow/venv/lib/python3.8/site-packages/airflow/example_dags/example_complex.py for tasks to queue
[2022-09-20T17:28:35.529+0530] {logging_mixin.py:115} INFO - [2022-09-20T17:28:35.529+0530] {dagbag.py:508} INFO - Filling up the DagBag from /home/sayone/This PC/SayOne Technologies/Works/airflow_new/Airflow/venv/lib/python3.8/site-packages/airflow/example_dags/example_complex.py
[2022-09-20T17:28:35.544+0530] {processor.py:650} INFO - DAG(s) dict_keys(['example_complex']) retrieved from /home/sayone/This PC/SayOne Technologies/Works/airflow_new/Airflow/venv/lib/python3.8/site-packages/airflow/example_dags/example_complex.py
[2022-09-20T17:28:35.555+0530] {logging_mixin.py:115} INFO - [2022-09-20T17:28:35.555+0530] {dag.py:2429} INFO - Sync 1 DAGs
[2022-09-20T17:28:35.564+0530] {logging_mixin.py:115} INFO - [2022-09-20T17:28:35.564+0530] {dag.py:2977} INFO - Setting next_dagrun for example_complex to None, run_after=None
[2022-09-20T17:28:35.575+0530] {processor.py:161} INFO - Processing /home/sayone/This PC/SayOne Technologies/Works/airflow_new/Airflow/venv/lib/python3.8/site-packages/airflow/example_dags/example_complex.py took 0.051 seconds
[2022-09-20T17:29:12.769+0530] {processor.py:153} INFO - Started process (PID=31849) to work on /home/sayone/This PC/SayOne Technologies/Works/airflow_new/Airflow/venv/lib/python3.8/site-packages/airflow/example_dags/example_complex.py
[2022-09-20T17:29:12.771+0530] {processor.py:640} INFO - Processing file /home/sayone/This PC/SayOne Technologies/Works/airflow_new/Airflow/venv/lib/python3.8/site-packages/airflow/example_dags/example_complex.py for tasks to queue
[2022-09-20T17:29:12.772+0530] {logging_mixin.py:115} INFO - [2022-09-20T17:29:12.772+0530] {dagbag.py:508} INFO - Filling up the DagBag from /home/sayone/This PC/SayOne Technologies/Works/airflow_new/Airflow/venv/lib/python3.8/site-packages/airflow/example_dags/example_complex.py
[2022-09-20T17:29:12.785+0530] {processor.py:650} INFO - DAG(s) dict_keys(['example_complex']) retrieved from /home/sayone/This PC/SayOne Technologies/Works/airflow_new/Airflow/venv/lib/python3.8/site-packages/airflow/example_dags/example_complex.py
[2022-09-20T17:29:12.796+0530] {logging_mixin.py:115} INFO - [2022-09-20T17:29:12.796+0530] {dag.py:2429} INFO - Sync 1 DAGs
[2022-09-20T17:29:12.805+0530] {logging_mixin.py:115} INFO - [2022-09-20T17:29:12.805+0530] {dag.py:2977} INFO - Setting next_dagrun for example_complex to None, run_after=None
[2022-09-20T17:29:12.814+0530] {processor.py:161} INFO - Processing /home/sayone/This PC/SayOne Technologies/Works/airflow_new/Airflow/venv/lib/python3.8/site-packages/airflow/example_dags/example_complex.py took 0.048 seconds
[2022-09-20T17:29:47.363+0530] {processor.py:153} INFO - Started process (PID=32015) to work on /home/sayone/This PC/SayOne Technologies/Works/airflow_new/Airflow/venv/lib/python3.8/site-packages/airflow/example_dags/example_complex.py
[2022-09-20T17:29:47.366+0530] {processor.py:640} INFO - Processing file /home/sayone/This PC/SayOne Technologies/Works/airflow_new/Airflow/venv/lib/python3.8/site-packages/airflow/example_dags/example_complex.py for tasks to queue
[2022-09-20T17:29:47.367+0530] {logging_mixin.py:115} INFO - [2022-09-20T17:29:47.367+0530] {dagbag.py:508} INFO - Filling up the DagBag from /home/sayone/This PC/SayOne Technologies/Works/airflow_new/Airflow/venv/lib/python3.8/site-packages/airflow/example_dags/example_complex.py
[2022-09-20T17:29:47.381+0530] {processor.py:650} INFO - DAG(s) dict_keys(['example_complex']) retrieved from /home/sayone/This PC/SayOne Technologies/Works/airflow_new/Airflow/venv/lib/python3.8/site-packages/airflow/example_dags/example_complex.py
[2022-09-20T17:29:47.392+0530] {logging_mixin.py:115} INFO - [2022-09-20T17:29:47.392+0530] {dag.py:2429} INFO - Sync 1 DAGs
[2022-09-20T17:29:47.402+0530] {logging_mixin.py:115} INFO - [2022-09-20T17:29:47.402+0530] {dag.py:2977} INFO - Setting next_dagrun for example_complex to None, run_after=None
[2022-09-20T17:29:47.412+0530] {processor.py:161} INFO - Processing /home/sayone/This PC/SayOne Technologies/Works/airflow_new/Airflow/venv/lib/python3.8/site-packages/airflow/example_dags/example_complex.py took 0.053 seconds
[2022-09-20T17:30:24.549+0530] {processor.py:153} INFO - Started process (PID=32110) to work on /home/sayone/This PC/SayOne Technologies/Works/airflow_new/Airflow/venv/lib/python3.8/site-packages/airflow/example_dags/example_complex.py
[2022-09-20T17:30:24.552+0530] {processor.py:640} INFO - Processing file /home/sayone/This PC/SayOne Technologies/Works/airflow_new/Airflow/venv/lib/python3.8/site-packages/airflow/example_dags/example_complex.py for tasks to queue
[2022-09-20T17:30:24.553+0530] {logging_mixin.py:115} INFO - [2022-09-20T17:30:24.553+0530] {dagbag.py:508} INFO - Filling up the DagBag from /home/sayone/This PC/SayOne Technologies/Works/airflow_new/Airflow/venv/lib/python3.8/site-packages/airflow/example_dags/example_complex.py
[2022-09-20T17:30:24.567+0530] {processor.py:650} INFO - DAG(s) dict_keys(['example_complex']) retrieved from /home/sayone/This PC/SayOne Technologies/Works/airflow_new/Airflow/venv/lib/python3.8/site-packages/airflow/example_dags/example_complex.py
[2022-09-20T17:30:24.578+0530] {logging_mixin.py:115} INFO - [2022-09-20T17:30:24.578+0530] {dag.py:2429} INFO - Sync 1 DAGs
[2022-09-20T17:30:24.587+0530] {logging_mixin.py:115} INFO - [2022-09-20T17:30:24.587+0530] {dag.py:2977} INFO - Setting next_dagrun for example_complex to None, run_after=None
[2022-09-20T17:30:24.597+0530] {processor.py:161} INFO - Processing /home/sayone/This PC/SayOne Technologies/Works/airflow_new/Airflow/venv/lib/python3.8/site-packages/airflow/example_dags/example_complex.py took 0.050 seconds
[2022-09-20T17:31:00.493+0530] {processor.py:153} INFO - Started process (PID=32227) to work on /home/sayone/This PC/SayOne Technologies/Works/airflow_new/Airflow/venv/lib/python3.8/site-packages/airflow/example_dags/example_complex.py
[2022-09-20T17:31:00.495+0530] {processor.py:640} INFO - Processing file /home/sayone/This PC/SayOne Technologies/Works/airflow_new/Airflow/venv/lib/python3.8/site-packages/airflow/example_dags/example_complex.py for tasks to queue
[2022-09-20T17:31:00.495+0530] {logging_mixin.py:115} INFO - [2022-09-20T17:31:00.495+0530] {dagbag.py:508} INFO - Filling up the DagBag from /home/sayone/This PC/SayOne Technologies/Works/airflow_new/Airflow/venv/lib/python3.8/site-packages/airflow/example_dags/example_complex.py
[2022-09-20T17:31:00.509+0530] {processor.py:650} INFO - DAG(s) dict_keys(['example_complex']) retrieved from /home/sayone/This PC/SayOne Technologies/Works/airflow_new/Airflow/venv/lib/python3.8/site-packages/airflow/example_dags/example_complex.py
[2022-09-20T17:31:00.521+0530] {logging_mixin.py:115} INFO - [2022-09-20T17:31:00.521+0530] {dag.py:2429} INFO - Sync 1 DAGs
[2022-09-20T17:31:00.530+0530] {logging_mixin.py:115} INFO - [2022-09-20T17:31:00.530+0530] {dag.py:2977} INFO - Setting next_dagrun for example_complex to None, run_after=None
[2022-09-20T17:31:00.540+0530] {processor.py:161} INFO - Processing /home/sayone/This PC/SayOne Technologies/Works/airflow_new/Airflow/venv/lib/python3.8/site-packages/airflow/example_dags/example_complex.py took 0.049 seconds
[2022-09-20T17:31:37.281+0530] {processor.py:153} INFO - Started process (PID=32308) to work on /home/sayone/This PC/SayOne Technologies/Works/airflow_new/Airflow/venv/lib/python3.8/site-packages/airflow/example_dags/example_complex.py
[2022-09-20T17:31:37.283+0530] {processor.py:640} INFO - Processing file /home/sayone/This PC/SayOne Technologies/Works/airflow_new/Airflow/venv/lib/python3.8/site-packages/airflow/example_dags/example_complex.py for tasks to queue
[2022-09-20T17:31:37.283+0530] {logging_mixin.py:115} INFO - [2022-09-20T17:31:37.283+0530] {dagbag.py:508} INFO - Filling up the DagBag from /home/sayone/This PC/SayOne Technologies/Works/airflow_new/Airflow/venv/lib/python3.8/site-packages/airflow/example_dags/example_complex.py
[2022-09-20T17:31:37.296+0530] {processor.py:650} INFO - DAG(s) dict_keys(['example_complex']) retrieved from /home/sayone/This PC/SayOne Technologies/Works/airflow_new/Airflow/venv/lib/python3.8/site-packages/airflow/example_dags/example_complex.py
[2022-09-20T17:31:37.309+0530] {logging_mixin.py:115} INFO - [2022-09-20T17:31:37.308+0530] {dag.py:2429} INFO - Sync 1 DAGs
[2022-09-20T17:31:37.318+0530] {logging_mixin.py:115} INFO - [2022-09-20T17:31:37.318+0530] {dag.py:2977} INFO - Setting next_dagrun for example_complex to None, run_after=None
[2022-09-20T17:31:37.328+0530] {processor.py:161} INFO - Processing /home/sayone/This PC/SayOne Technologies/Works/airflow_new/Airflow/venv/lib/python3.8/site-packages/airflow/example_dags/example_complex.py took 0.049 seconds
[2022-09-20T17:32:12.454+0530] {processor.py:153} INFO - Started process (PID=32503) to work on /home/sayone/This PC/SayOne Technologies/Works/airflow_new/Airflow/venv/lib/python3.8/site-packages/airflow/example_dags/example_complex.py
[2022-09-20T17:32:12.457+0530] {processor.py:640} INFO - Processing file /home/sayone/This PC/SayOne Technologies/Works/airflow_new/Airflow/venv/lib/python3.8/site-packages/airflow/example_dags/example_complex.py for tasks to queue
[2022-09-20T17:32:12.458+0530] {logging_mixin.py:115} INFO - [2022-09-20T17:32:12.457+0530] {dagbag.py:508} INFO - Filling up the DagBag from /home/sayone/This PC/SayOne Technologies/Works/airflow_new/Airflow/venv/lib/python3.8/site-packages/airflow/example_dags/example_complex.py
[2022-09-20T17:32:12.471+0530] {processor.py:650} INFO - DAG(s) dict_keys(['example_complex']) retrieved from /home/sayone/This PC/SayOne Technologies/Works/airflow_new/Airflow/venv/lib/python3.8/site-packages/airflow/example_dags/example_complex.py
[2022-09-20T17:32:12.483+0530] {logging_mixin.py:115} INFO - [2022-09-20T17:32:12.483+0530] {dag.py:2429} INFO - Sync 1 DAGs
[2022-09-20T17:32:12.493+0530] {logging_mixin.py:115} INFO - [2022-09-20T17:32:12.493+0530] {dag.py:2977} INFO - Setting next_dagrun for example_complex to None, run_after=None
[2022-09-20T17:32:12.504+0530] {processor.py:161} INFO - Processing /home/sayone/This PC/SayOne Technologies/Works/airflow_new/Airflow/venv/lib/python3.8/site-packages/airflow/example_dags/example_complex.py took 0.052 seconds
[2022-09-20T17:32:48.445+0530] {processor.py:153} INFO - Started process (PID=32622) to work on /home/sayone/This PC/SayOne Technologies/Works/airflow_new/Airflow/venv/lib/python3.8/site-packages/airflow/example_dags/example_complex.py
[2022-09-20T17:32:48.448+0530] {processor.py:640} INFO - Processing file /home/sayone/This PC/SayOne Technologies/Works/airflow_new/Airflow/venv/lib/python3.8/site-packages/airflow/example_dags/example_complex.py for tasks to queue
[2022-09-20T17:32:48.449+0530] {logging_mixin.py:115} INFO - [2022-09-20T17:32:48.449+0530] {dagbag.py:508} INFO - Filling up the DagBag from /home/sayone/This PC/SayOne Technologies/Works/airflow_new/Airflow/venv/lib/python3.8/site-packages/airflow/example_dags/example_complex.py
[2022-09-20T17:32:48.464+0530] {processor.py:650} INFO - DAG(s) dict_keys(['example_complex']) retrieved from /home/sayone/This PC/SayOne Technologies/Works/airflow_new/Airflow/venv/lib/python3.8/site-packages/airflow/example_dags/example_complex.py
[2022-09-20T17:32:48.475+0530] {logging_mixin.py:115} INFO - [2022-09-20T17:32:48.475+0530] {dag.py:2429} INFO - Sync 1 DAGs
[2022-09-20T17:32:48.484+0530] {logging_mixin.py:115} INFO - [2022-09-20T17:32:48.484+0530] {dag.py:2977} INFO - Setting next_dagrun for example_complex to None, run_after=None
[2022-09-20T17:32:48.494+0530] {processor.py:161} INFO - Processing /home/sayone/This PC/SayOne Technologies/Works/airflow_new/Airflow/venv/lib/python3.8/site-packages/airflow/example_dags/example_complex.py took 0.052 seconds
[2022-09-20T17:33:23.269+0530] {processor.py:153} INFO - Started process (PID=32724) to work on /home/sayone/This PC/SayOne Technologies/Works/airflow_new/Airflow/venv/lib/python3.8/site-packages/airflow/example_dags/example_complex.py
[2022-09-20T17:33:23.271+0530] {processor.py:640} INFO - Processing file /home/sayone/This PC/SayOne Technologies/Works/airflow_new/Airflow/venv/lib/python3.8/site-packages/airflow/example_dags/example_complex.py for tasks to queue
[2022-09-20T17:33:23.271+0530] {logging_mixin.py:115} INFO - [2022-09-20T17:33:23.271+0530] {dagbag.py:508} INFO - Filling up the DagBag from /home/sayone/This PC/SayOne Technologies/Works/airflow_new/Airflow/venv/lib/python3.8/site-packages/airflow/example_dags/example_complex.py
[2022-09-20T17:33:23.286+0530] {processor.py:650} INFO - DAG(s) dict_keys(['example_complex']) retrieved from /home/sayone/This PC/SayOne Technologies/Works/airflow_new/Airflow/venv/lib/python3.8/site-packages/airflow/example_dags/example_complex.py
[2022-09-20T17:33:23.297+0530] {logging_mixin.py:115} INFO - [2022-09-20T17:33:23.297+0530] {dag.py:2429} INFO - Sync 1 DAGs
[2022-09-20T17:33:23.307+0530] {logging_mixin.py:115} INFO - [2022-09-20T17:33:23.307+0530] {dag.py:2977} INFO - Setting next_dagrun for example_complex to None, run_after=None
[2022-09-20T17:33:23.315+0530] {processor.py:161} INFO - Processing /home/sayone/This PC/SayOne Technologies/Works/airflow_new/Airflow/venv/lib/python3.8/site-packages/airflow/example_dags/example_complex.py took 0.050 seconds
[2022-09-20T17:34:00.449+0530] {processor.py:153} INFO - Started process (PID=32822) to work on /home/sayone/This PC/SayOne Technologies/Works/airflow_new/Airflow/venv/lib/python3.8/site-packages/airflow/example_dags/example_complex.py
[2022-09-20T17:34:00.452+0530] {processor.py:640} INFO - Processing file /home/sayone/This PC/SayOne Technologies/Works/airflow_new/Airflow/venv/lib/python3.8/site-packages/airflow/example_dags/example_complex.py for tasks to queue
[2022-09-20T17:34:00.452+0530] {logging_mixin.py:115} INFO - [2022-09-20T17:34:00.452+0530] {dagbag.py:508} INFO - Filling up the DagBag from /home/sayone/This PC/SayOne Technologies/Works/airflow_new/Airflow/venv/lib/python3.8/site-packages/airflow/example_dags/example_complex.py
[2022-09-20T17:34:00.467+0530] {processor.py:650} INFO - DAG(s) dict_keys(['example_complex']) retrieved from /home/sayone/This PC/SayOne Technologies/Works/airflow_new/Airflow/venv/lib/python3.8/site-packages/airflow/example_dags/example_complex.py
[2022-09-20T17:34:00.478+0530] {logging_mixin.py:115} INFO - [2022-09-20T17:34:00.478+0530] {dag.py:2429} INFO - Sync 1 DAGs
[2022-09-20T17:34:00.488+0530] {logging_mixin.py:115} INFO - [2022-09-20T17:34:00.488+0530] {dag.py:2977} INFO - Setting next_dagrun for example_complex to None, run_after=None
[2022-09-20T17:34:00.496+0530] {processor.py:161} INFO - Processing /home/sayone/This PC/SayOne Technologies/Works/airflow_new/Airflow/venv/lib/python3.8/site-packages/airflow/example_dags/example_complex.py took 0.050 seconds
[2022-09-20T17:34:36.846+0530] {processor.py:153} INFO - Started process (PID=33039) to work on /home/sayone/This PC/SayOne Technologies/Works/airflow_new/Airflow/venv/lib/python3.8/site-packages/airflow/example_dags/example_complex.py
[2022-09-20T17:34:36.848+0530] {processor.py:640} INFO - Processing file /home/sayone/This PC/SayOne Technologies/Works/airflow_new/Airflow/venv/lib/python3.8/site-packages/airflow/example_dags/example_complex.py for tasks to queue
[2022-09-20T17:34:36.849+0530] {logging_mixin.py:115} INFO - [2022-09-20T17:34:36.849+0530] {dagbag.py:508} INFO - Filling up the DagBag from /home/sayone/This PC/SayOne Technologies/Works/airflow_new/Airflow/venv/lib/python3.8/site-packages/airflow/example_dags/example_complex.py
[2022-09-20T17:34:36.864+0530] {processor.py:650} INFO - DAG(s) dict_keys(['example_complex']) retrieved from /home/sayone/This PC/SayOne Technologies/Works/airflow_new/Airflow/venv/lib/python3.8/site-packages/airflow/example_dags/example_complex.py
[2022-09-20T17:34:36.875+0530] {logging_mixin.py:115} INFO - [2022-09-20T17:34:36.874+0530] {dag.py:2429} INFO - Sync 1 DAGs
[2022-09-20T17:34:36.885+0530] {logging_mixin.py:115} INFO - [2022-09-20T17:34:36.885+0530] {dag.py:2977} INFO - Setting next_dagrun for example_complex to None, run_after=None
[2022-09-20T17:34:36.894+0530] {processor.py:161} INFO - Processing /home/sayone/This PC/SayOne Technologies/Works/airflow_new/Airflow/venv/lib/python3.8/site-packages/airflow/example_dags/example_complex.py took 0.051 seconds
[2022-09-20T17:35:13.585+0530] {processor.py:153} INFO - Started process (PID=33158) to work on /home/sayone/This PC/SayOne Technologies/Works/airflow_new/Airflow/venv/lib/python3.8/site-packages/airflow/example_dags/example_complex.py
[2022-09-20T17:35:13.588+0530] {processor.py:640} INFO - Processing file /home/sayone/This PC/SayOne Technologies/Works/airflow_new/Airflow/venv/lib/python3.8/site-packages/airflow/example_dags/example_complex.py for tasks to queue
[2022-09-20T17:35:13.589+0530] {logging_mixin.py:115} INFO - [2022-09-20T17:35:13.588+0530] {dagbag.py:508} INFO - Filling up the DagBag from /home/sayone/This PC/SayOne Technologies/Works/airflow_new/Airflow/venv/lib/python3.8/site-packages/airflow/example_dags/example_complex.py
[2022-09-20T17:35:13.602+0530] {processor.py:650} INFO - DAG(s) dict_keys(['example_complex']) retrieved from /home/sayone/This PC/SayOne Technologies/Works/airflow_new/Airflow/venv/lib/python3.8/site-packages/airflow/example_dags/example_complex.py
[2022-09-20T17:35:13.613+0530] {logging_mixin.py:115} INFO - [2022-09-20T17:35:13.613+0530] {dag.py:2429} INFO - Sync 1 DAGs
[2022-09-20T17:35:13.624+0530] {logging_mixin.py:115} INFO - [2022-09-20T17:35:13.624+0530] {dag.py:2977} INFO - Setting next_dagrun for example_complex to None, run_after=None
[2022-09-20T17:35:13.632+0530] {processor.py:161} INFO - Processing /home/sayone/This PC/SayOne Technologies/Works/airflow_new/Airflow/venv/lib/python3.8/site-packages/airflow/example_dags/example_complex.py took 0.049 seconds
[2022-09-20T17:35:48.500+0530] {processor.py:153} INFO - Started process (PID=33224) to work on /home/sayone/This PC/SayOne Technologies/Works/airflow_new/Airflow/venv/lib/python3.8/site-packages/airflow/example_dags/example_complex.py
[2022-09-20T17:35:48.503+0530] {processor.py:640} INFO - Processing file /home/sayone/This PC/SayOne Technologies/Works/airflow_new/Airflow/venv/lib/python3.8/site-packages/airflow/example_dags/example_complex.py for tasks to queue
[2022-09-20T17:35:48.504+0530] {logging_mixin.py:115} INFO - [2022-09-20T17:35:48.504+0530] {dagbag.py:508} INFO - Filling up the DagBag from /home/sayone/This PC/SayOne Technologies/Works/airflow_new/Airflow/venv/lib/python3.8/site-packages/airflow/example_dags/example_complex.py
[2022-09-20T17:35:48.518+0530] {processor.py:650} INFO - DAG(s) dict_keys(['example_complex']) retrieved from /home/sayone/This PC/SayOne Technologies/Works/airflow_new/Airflow/venv/lib/python3.8/site-packages/airflow/example_dags/example_complex.py
[2022-09-20T17:35:48.528+0530] {logging_mixin.py:115} INFO - [2022-09-20T17:35:48.528+0530] {dag.py:2429} INFO - Sync 1 DAGs
[2022-09-20T17:35:48.538+0530] {logging_mixin.py:115} INFO - [2022-09-20T17:35:48.538+0530] {dag.py:2977} INFO - Setting next_dagrun for example_complex to None, run_after=None
[2022-09-20T17:35:48.547+0530] {processor.py:161} INFO - Processing /home/sayone/This PC/SayOne Technologies/Works/airflow_new/Airflow/venv/lib/python3.8/site-packages/airflow/example_dags/example_complex.py took 0.051 seconds
[2022-09-20T17:36:27.025+0530] {processor.py:153} INFO - Started process (PID=33382) to work on /home/sayone/This PC/SayOne Technologies/Works/airflow_new/Airflow/venv/lib/python3.8/site-packages/airflow/example_dags/example_complex.py
[2022-09-20T17:36:27.028+0530] {processor.py:640} INFO - Processing file /home/sayone/This PC/SayOne Technologies/Works/airflow_new/Airflow/venv/lib/python3.8/site-packages/airflow/example_dags/example_complex.py for tasks to queue
[2022-09-20T17:36:27.029+0530] {logging_mixin.py:115} INFO - [2022-09-20T17:36:27.028+0530] {dagbag.py:508} INFO - Filling up the DagBag from /home/sayone/This PC/SayOne Technologies/Works/airflow_new/Airflow/venv/lib/python3.8/site-packages/airflow/example_dags/example_complex.py
[2022-09-20T17:36:27.042+0530] {processor.py:650} INFO - DAG(s) dict_keys(['example_complex']) retrieved from /home/sayone/This PC/SayOne Technologies/Works/airflow_new/Airflow/venv/lib/python3.8/site-packages/airflow/example_dags/example_complex.py
[2022-09-20T17:36:27.053+0530] {logging_mixin.py:115} INFO - [2022-09-20T17:36:27.053+0530] {dag.py:2429} INFO - Sync 1 DAGs
[2022-09-20T17:36:27.064+0530] {logging_mixin.py:115} INFO - [2022-09-20T17:36:27.064+0530] {dag.py:2977} INFO - Setting next_dagrun for example_complex to None, run_after=None
[2022-09-20T17:36:27.073+0530] {processor.py:161} INFO - Processing /home/sayone/This PC/SayOne Technologies/Works/airflow_new/Airflow/venv/lib/python3.8/site-packages/airflow/example_dags/example_complex.py took 0.053 seconds
[2022-09-20T17:37:01.652+0530] {processor.py:153} INFO - Started process (PID=33574) to work on /home/sayone/This PC/SayOne Technologies/Works/airflow_new/Airflow/venv/lib/python3.8/site-packages/airflow/example_dags/example_complex.py
[2022-09-20T17:37:01.654+0530] {processor.py:640} INFO - Processing file /home/sayone/This PC/SayOne Technologies/Works/airflow_new/Airflow/venv/lib/python3.8/site-packages/airflow/example_dags/example_complex.py for tasks to queue
[2022-09-20T17:37:01.655+0530] {logging_mixin.py:115} INFO - [2022-09-20T17:37:01.655+0530] {dagbag.py:508} INFO - Filling up the DagBag from /home/sayone/This PC/SayOne Technologies/Works/airflow_new/Airflow/venv/lib/python3.8/site-packages/airflow/example_dags/example_complex.py
[2022-09-20T17:37:01.665+0530] {processor.py:650} INFO - DAG(s) dict_keys(['example_complex']) retrieved from /home/sayone/This PC/SayOne Technologies/Works/airflow_new/Airflow/venv/lib/python3.8/site-packages/airflow/example_dags/example_complex.py
[2022-09-20T17:37:01.678+0530] {logging_mixin.py:115} INFO - [2022-09-20T17:37:01.678+0530] {dag.py:2429} INFO - Sync 1 DAGs
[2022-09-20T17:37:01.692+0530] {logging_mixin.py:115} INFO - [2022-09-20T17:37:01.692+0530] {dag.py:2977} INFO - Setting next_dagrun for example_complex to None, run_after=None
[2022-09-20T17:37:01.702+0530] {processor.py:161} INFO - Processing /home/sayone/This PC/SayOne Technologies/Works/airflow_new/Airflow/venv/lib/python3.8/site-packages/airflow/example_dags/example_complex.py took 0.052 seconds
[2022-09-20T17:37:39.171+0530] {processor.py:153} INFO - Started process (PID=33709) to work on /home/sayone/This PC/SayOne Technologies/Works/airflow_new/Airflow/venv/lib/python3.8/site-packages/airflow/example_dags/example_complex.py
[2022-09-20T17:37:39.174+0530] {processor.py:640} INFO - Processing file /home/sayone/This PC/SayOne Technologies/Works/airflow_new/Airflow/venv/lib/python3.8/site-packages/airflow/example_dags/example_complex.py for tasks to queue
[2022-09-20T17:37:39.175+0530] {logging_mixin.py:115} INFO - [2022-09-20T17:37:39.175+0530] {dagbag.py:508} INFO - Filling up the DagBag from /home/sayone/This PC/SayOne Technologies/Works/airflow_new/Airflow/venv/lib/python3.8/site-packages/airflow/example_dags/example_complex.py
[2022-09-20T17:37:39.188+0530] {processor.py:650} INFO - DAG(s) dict_keys(['example_complex']) retrieved from /home/sayone/This PC/SayOne Technologies/Works/airflow_new/Airflow/venv/lib/python3.8/site-packages/airflow/example_dags/example_complex.py
[2022-09-20T17:37:39.199+0530] {logging_mixin.py:115} INFO - [2022-09-20T17:37:39.199+0530] {dag.py:2429} INFO - Sync 1 DAGs
[2022-09-20T17:37:39.210+0530] {logging_mixin.py:115} INFO - [2022-09-20T17:37:39.210+0530] {dag.py:2977} INFO - Setting next_dagrun for example_complex to None, run_after=None
[2022-09-20T17:37:39.218+0530] {processor.py:161} INFO - Processing /home/sayone/This PC/SayOne Technologies/Works/airflow_new/Airflow/venv/lib/python3.8/site-packages/airflow/example_dags/example_complex.py took 0.051 seconds
[2022-09-20T17:38:25.327+0530] {processor.py:153} INFO - Started process (PID=33851) to work on /home/sayone/This PC/SayOne Technologies/Works/airflow_new/Airflow/venv/lib/python3.8/site-packages/airflow/example_dags/example_complex.py
[2022-09-20T17:38:25.328+0530] {processor.py:640} INFO - Processing file /home/sayone/This PC/SayOne Technologies/Works/airflow_new/Airflow/venv/lib/python3.8/site-packages/airflow/example_dags/example_complex.py for tasks to queue
[2022-09-20T17:38:25.329+0530] {logging_mixin.py:115} INFO - [2022-09-20T17:38:25.329+0530] {dagbag.py:508} INFO - Filling up the DagBag from /home/sayone/This PC/SayOne Technologies/Works/airflow_new/Airflow/venv/lib/python3.8/site-packages/airflow/example_dags/example_complex.py
[2022-09-20T17:38:25.340+0530] {processor.py:650} INFO - DAG(s) dict_keys(['example_complex']) retrieved from /home/sayone/This PC/SayOne Technologies/Works/airflow_new/Airflow/venv/lib/python3.8/site-packages/airflow/example_dags/example_complex.py
[2022-09-20T17:38:25.351+0530] {logging_mixin.py:115} INFO - [2022-09-20T17:38:25.351+0530] {dag.py:2429} INFO - Sync 1 DAGs
[2022-09-20T17:38:25.360+0530] {logging_mixin.py:115} INFO - [2022-09-20T17:38:25.360+0530] {dag.py:2977} INFO - Setting next_dagrun for example_complex to None, run_after=None
[2022-09-20T17:38:25.369+0530] {processor.py:161} INFO - Processing /home/sayone/This PC/SayOne Technologies/Works/airflow_new/Airflow/venv/lib/python3.8/site-packages/airflow/example_dags/example_complex.py took 0.045 seconds
[2022-09-20T17:39:03.628+0530] {processor.py:153} INFO - Started process (PID=33957) to work on /home/sayone/This PC/SayOne Technologies/Works/airflow_new/Airflow/venv/lib/python3.8/site-packages/airflow/example_dags/example_complex.py
[2022-09-20T17:39:03.630+0530] {processor.py:640} INFO - Processing file /home/sayone/This PC/SayOne Technologies/Works/airflow_new/Airflow/venv/lib/python3.8/site-packages/airflow/example_dags/example_complex.py for tasks to queue
[2022-09-20T17:39:03.631+0530] {logging_mixin.py:115} INFO - [2022-09-20T17:39:03.631+0530] {dagbag.py:508} INFO - Filling up the DagBag from /home/sayone/This PC/SayOne Technologies/Works/airflow_new/Airflow/venv/lib/python3.8/site-packages/airflow/example_dags/example_complex.py
[2022-09-20T17:39:03.644+0530] {processor.py:650} INFO - DAG(s) dict_keys(['example_complex']) retrieved from /home/sayone/This PC/SayOne Technologies/Works/airflow_new/Airflow/venv/lib/python3.8/site-packages/airflow/example_dags/example_complex.py
[2022-09-20T17:39:03.655+0530] {logging_mixin.py:115} INFO - [2022-09-20T17:39:03.655+0530] {dag.py:2429} INFO - Sync 1 DAGs
[2022-09-20T17:39:03.664+0530] {logging_mixin.py:115} INFO - [2022-09-20T17:39:03.664+0530] {dag.py:2977} INFO - Setting next_dagrun for example_complex to None, run_after=None
[2022-09-20T17:39:03.672+0530] {processor.py:161} INFO - Processing /home/sayone/This PC/SayOne Technologies/Works/airflow_new/Airflow/venv/lib/python3.8/site-packages/airflow/example_dags/example_complex.py took 0.047 seconds
[2022-09-20T17:39:36.244+0530] {processor.py:153} INFO - Started process (PID=34094) to work on /home/sayone/This PC/SayOne Technologies/Works/airflow_new/Airflow/venv/lib/python3.8/site-packages/airflow/example_dags/example_complex.py
[2022-09-20T17:39:36.245+0530] {processor.py:640} INFO - Processing file /home/sayone/This PC/SayOne Technologies/Works/airflow_new/Airflow/venv/lib/python3.8/site-packages/airflow/example_dags/example_complex.py for tasks to queue
[2022-09-20T17:39:36.246+0530] {logging_mixin.py:115} INFO - [2022-09-20T17:39:36.246+0530] {dagbag.py:508} INFO - Filling up the DagBag from /home/sayone/This PC/SayOne Technologies/Works/airflow_new/Airflow/venv/lib/python3.8/site-packages/airflow/example_dags/example_complex.py
[2022-09-20T17:39:36.258+0530] {processor.py:650} INFO - DAG(s) dict_keys(['example_complex']) retrieved from /home/sayone/This PC/SayOne Technologies/Works/airflow_new/Airflow/venv/lib/python3.8/site-packages/airflow/example_dags/example_complex.py
[2022-09-20T17:39:36.270+0530] {logging_mixin.py:115} INFO - [2022-09-20T17:39:36.270+0530] {dag.py:2429} INFO - Sync 1 DAGs
[2022-09-20T17:39:36.280+0530] {logging_mixin.py:115} INFO - [2022-09-20T17:39:36.280+0530] {dag.py:2977} INFO - Setting next_dagrun for example_complex to None, run_after=None
[2022-09-20T17:39:36.289+0530] {processor.py:161} INFO - Processing /home/sayone/This PC/SayOne Technologies/Works/airflow_new/Airflow/venv/lib/python3.8/site-packages/airflow/example_dags/example_complex.py took 0.049 seconds
[2022-09-20T17:40:14.561+0530] {processor.py:153} INFO - Started process (PID=34198) to work on /home/sayone/This PC/SayOne Technologies/Works/airflow_new/Airflow/venv/lib/python3.8/site-packages/airflow/example_dags/example_complex.py
[2022-09-20T17:40:14.566+0530] {processor.py:640} INFO - Processing file /home/sayone/This PC/SayOne Technologies/Works/airflow_new/Airflow/venv/lib/python3.8/site-packages/airflow/example_dags/example_complex.py for tasks to queue
[2022-09-20T17:40:14.567+0530] {logging_mixin.py:115} INFO - [2022-09-20T17:40:14.566+0530] {dagbag.py:508} INFO - Filling up the DagBag from /home/sayone/This PC/SayOne Technologies/Works/airflow_new/Airflow/venv/lib/python3.8/site-packages/airflow/example_dags/example_complex.py
[2022-09-20T17:40:14.576+0530] {processor.py:650} INFO - DAG(s) dict_keys(['example_complex']) retrieved from /home/sayone/This PC/SayOne Technologies/Works/airflow_new/Airflow/venv/lib/python3.8/site-packages/airflow/example_dags/example_complex.py
[2022-09-20T17:40:14.590+0530] {logging_mixin.py:115} INFO - [2022-09-20T17:40:14.590+0530] {dag.py:2429} INFO - Sync 1 DAGs
[2022-09-20T17:40:14.601+0530] {logging_mixin.py:115} INFO - [2022-09-20T17:40:14.601+0530] {dag.py:2977} INFO - Setting next_dagrun for example_complex to None, run_after=None
[2022-09-20T17:40:14.610+0530] {processor.py:161} INFO - Processing /home/sayone/This PC/SayOne Technologies/Works/airflow_new/Airflow/venv/lib/python3.8/site-packages/airflow/example_dags/example_complex.py took 0.053 seconds
[2022-09-20T17:40:49.350+0530] {processor.py:153} INFO - Started process (PID=34310) to work on /home/sayone/This PC/SayOne Technologies/Works/airflow_new/Airflow/venv/lib/python3.8/site-packages/airflow/example_dags/example_complex.py
[2022-09-20T17:40:49.354+0530] {processor.py:640} INFO - Processing file /home/sayone/This PC/SayOne Technologies/Works/airflow_new/Airflow/venv/lib/python3.8/site-packages/airflow/example_dags/example_complex.py for tasks to queue
[2022-09-20T17:40:49.354+0530] {logging_mixin.py:115} INFO - [2022-09-20T17:40:49.354+0530] {dagbag.py:508} INFO - Filling up the DagBag from /home/sayone/This PC/SayOne Technologies/Works/airflow_new/Airflow/venv/lib/python3.8/site-packages/airflow/example_dags/example_complex.py
[2022-09-20T17:40:49.367+0530] {processor.py:650} INFO - DAG(s) dict_keys(['example_complex']) retrieved from /home/sayone/This PC/SayOne Technologies/Works/airflow_new/Airflow/venv/lib/python3.8/site-packages/airflow/example_dags/example_complex.py
[2022-09-20T17:40:49.379+0530] {logging_mixin.py:115} INFO - [2022-09-20T17:40:49.379+0530] {dag.py:2429} INFO - Sync 1 DAGs
[2022-09-20T17:40:49.389+0530] {logging_mixin.py:115} INFO - [2022-09-20T17:40:49.389+0530] {dag.py:2977} INFO - Setting next_dagrun for example_complex to None, run_after=None
[2022-09-20T17:40:49.400+0530] {processor.py:161} INFO - Processing /home/sayone/This PC/SayOne Technologies/Works/airflow_new/Airflow/venv/lib/python3.8/site-packages/airflow/example_dags/example_complex.py took 0.054 seconds
[2022-09-20T17:41:27.637+0530] {processor.py:153} INFO - Started process (PID=34422) to work on /home/sayone/This PC/SayOne Technologies/Works/airflow_new/Airflow/venv/lib/python3.8/site-packages/airflow/example_dags/example_complex.py
[2022-09-20T17:41:27.640+0530] {processor.py:640} INFO - Processing file /home/sayone/This PC/SayOne Technologies/Works/airflow_new/Airflow/venv/lib/python3.8/site-packages/airflow/example_dags/example_complex.py for tasks to queue
[2022-09-20T17:41:27.641+0530] {logging_mixin.py:115} INFO - [2022-09-20T17:41:27.640+0530] {dagbag.py:508} INFO - Filling up the DagBag from /home/sayone/This PC/SayOne Technologies/Works/airflow_new/Airflow/venv/lib/python3.8/site-packages/airflow/example_dags/example_complex.py
[2022-09-20T17:41:27.653+0530] {processor.py:650} INFO - DAG(s) dict_keys(['example_complex']) retrieved from /home/sayone/This PC/SayOne Technologies/Works/airflow_new/Airflow/venv/lib/python3.8/site-packages/airflow/example_dags/example_complex.py
[2022-09-20T17:41:27.665+0530] {logging_mixin.py:115} INFO - [2022-09-20T17:41:27.665+0530] {dag.py:2429} INFO - Sync 1 DAGs
[2022-09-20T17:41:27.676+0530] {logging_mixin.py:115} INFO - [2022-09-20T17:41:27.675+0530] {dag.py:2977} INFO - Setting next_dagrun for example_complex to None, run_after=None
[2022-09-20T17:41:27.685+0530] {processor.py:161} INFO - Processing /home/sayone/This PC/SayOne Technologies/Works/airflow_new/Airflow/venv/lib/python3.8/site-packages/airflow/example_dags/example_complex.py took 0.049 seconds
[2022-09-20T17:45:53.876+0530] {processor.py:153} INFO - Started process (PID=34972) to work on /home/sayone/This PC/SayOne Technologies/Works/airflow_new/Airflow/venv/lib/python3.8/site-packages/airflow/example_dags/example_complex.py
[2022-09-20T17:45:53.879+0530] {processor.py:640} INFO - Processing file /home/sayone/This PC/SayOne Technologies/Works/airflow_new/Airflow/venv/lib/python3.8/site-packages/airflow/example_dags/example_complex.py for tasks to queue
[2022-09-20T17:45:53.879+0530] {logging_mixin.py:115} INFO - [2022-09-20T17:45:53.879+0530] {dagbag.py:508} INFO - Filling up the DagBag from /home/sayone/This PC/SayOne Technologies/Works/airflow_new/Airflow/venv/lib/python3.8/site-packages/airflow/example_dags/example_complex.py
[2022-09-20T17:45:53.893+0530] {processor.py:650} INFO - DAG(s) dict_keys(['example_complex']) retrieved from /home/sayone/This PC/SayOne Technologies/Works/airflow_new/Airflow/venv/lib/python3.8/site-packages/airflow/example_dags/example_complex.py
[2022-09-20T17:45:53.904+0530] {logging_mixin.py:115} INFO - [2022-09-20T17:45:53.904+0530] {dag.py:2429} INFO - Sync 1 DAGs
[2022-09-20T17:45:53.913+0530] {logging_mixin.py:115} INFO - [2022-09-20T17:45:53.913+0530] {dag.py:2977} INFO - Setting next_dagrun for example_complex to None, run_after=None
[2022-09-20T17:45:53.921+0530] {processor.py:161} INFO - Processing /home/sayone/This PC/SayOne Technologies/Works/airflow_new/Airflow/venv/lib/python3.8/site-packages/airflow/example_dags/example_complex.py took 0.048 seconds
[2022-09-20T17:46:49.191+0530] {processor.py:153} INFO - Started process (PID=35229) to work on /home/sayone/This PC/SayOne Technologies/Works/airflow_new/Airflow/venv/lib/python3.8/site-packages/airflow/example_dags/example_complex.py
[2022-09-20T17:46:49.194+0530] {processor.py:640} INFO - Processing file /home/sayone/This PC/SayOne Technologies/Works/airflow_new/Airflow/venv/lib/python3.8/site-packages/airflow/example_dags/example_complex.py for tasks to queue
[2022-09-20T17:46:49.195+0530] {logging_mixin.py:115} INFO - [2022-09-20T17:46:49.195+0530] {dagbag.py:508} INFO - Filling up the DagBag from /home/sayone/This PC/SayOne Technologies/Works/airflow_new/Airflow/venv/lib/python3.8/site-packages/airflow/example_dags/example_complex.py
[2022-09-20T17:46:49.209+0530] {processor.py:650} INFO - DAG(s) dict_keys(['example_complex']) retrieved from /home/sayone/This PC/SayOne Technologies/Works/airflow_new/Airflow/venv/lib/python3.8/site-packages/airflow/example_dags/example_complex.py
[2022-09-20T17:46:49.220+0530] {logging_mixin.py:115} INFO - [2022-09-20T17:46:49.220+0530] {dag.py:2429} INFO - Sync 1 DAGs
[2022-09-20T17:46:49.229+0530] {logging_mixin.py:115} INFO - [2022-09-20T17:46:49.229+0530] {dag.py:2977} INFO - Setting next_dagrun for example_complex to None, run_after=None
[2022-09-20T17:46:49.237+0530] {processor.py:161} INFO - Processing /home/sayone/This PC/SayOne Technologies/Works/airflow_new/Airflow/venv/lib/python3.8/site-packages/airflow/example_dags/example_complex.py took 0.050 seconds
[2022-09-20T17:47:25.264+0530] {processor.py:153} INFO - Started process (PID=35346) to work on /home/sayone/This PC/SayOne Technologies/Works/airflow_new/Airflow/venv/lib/python3.8/site-packages/airflow/example_dags/example_complex.py
[2022-09-20T17:47:25.267+0530] {processor.py:640} INFO - Processing file /home/sayone/This PC/SayOne Technologies/Works/airflow_new/Airflow/venv/lib/python3.8/site-packages/airflow/example_dags/example_complex.py for tasks to queue
[2022-09-20T17:47:25.268+0530] {logging_mixin.py:115} INFO - [2022-09-20T17:47:25.267+0530] {dagbag.py:508} INFO - Filling up the DagBag from /home/sayone/This PC/SayOne Technologies/Works/airflow_new/Airflow/venv/lib/python3.8/site-packages/airflow/example_dags/example_complex.py
[2022-09-20T17:47:25.281+0530] {processor.py:650} INFO - DAG(s) dict_keys(['example_complex']) retrieved from /home/sayone/This PC/SayOne Technologies/Works/airflow_new/Airflow/venv/lib/python3.8/site-packages/airflow/example_dags/example_complex.py
[2022-09-20T17:47:25.294+0530] {logging_mixin.py:115} INFO - [2022-09-20T17:47:25.294+0530] {dag.py:2429} INFO - Sync 1 DAGs
[2022-09-20T17:47:25.304+0530] {logging_mixin.py:115} INFO - [2022-09-20T17:47:25.304+0530] {dag.py:2977} INFO - Setting next_dagrun for example_complex to None, run_after=None
[2022-09-20T17:47:25.312+0530] {processor.py:161} INFO - Processing /home/sayone/This PC/SayOne Technologies/Works/airflow_new/Airflow/venv/lib/python3.8/site-packages/airflow/example_dags/example_complex.py took 0.053 seconds
[2022-09-20T17:48:02.588+0530] {processor.py:153} INFO - Started process (PID=35483) to work on /home/sayone/This PC/SayOne Technologies/Works/airflow_new/Airflow/venv/lib/python3.8/site-packages/airflow/example_dags/example_complex.py
[2022-09-20T17:48:02.590+0530] {processor.py:640} INFO - Processing file /home/sayone/This PC/SayOne Technologies/Works/airflow_new/Airflow/venv/lib/python3.8/site-packages/airflow/example_dags/example_complex.py for tasks to queue
[2022-09-20T17:48:02.590+0530] {logging_mixin.py:115} INFO - [2022-09-20T17:48:02.590+0530] {dagbag.py:508} INFO - Filling up the DagBag from /home/sayone/This PC/SayOne Technologies/Works/airflow_new/Airflow/venv/lib/python3.8/site-packages/airflow/example_dags/example_complex.py
[2022-09-20T17:48:02.597+0530] {processor.py:650} INFO - DAG(s) dict_keys(['example_complex']) retrieved from /home/sayone/This PC/SayOne Technologies/Works/airflow_new/Airflow/venv/lib/python3.8/site-packages/airflow/example_dags/example_complex.py
[2022-09-20T17:48:02.608+0530] {logging_mixin.py:115} INFO - [2022-09-20T17:48:02.608+0530] {dag.py:2429} INFO - Sync 1 DAGs
[2022-09-20T17:48:02.617+0530] {logging_mixin.py:115} INFO - [2022-09-20T17:48:02.617+0530] {dag.py:2977} INFO - Setting next_dagrun for example_complex to None, run_after=None
[2022-09-20T17:48:02.625+0530] {processor.py:161} INFO - Processing /home/sayone/This PC/SayOne Technologies/Works/airflow_new/Airflow/venv/lib/python3.8/site-packages/airflow/example_dags/example_complex.py took 0.039 seconds
[2022-09-20T17:48:38.938+0530] {processor.py:153} INFO - Started process (PID=35543) to work on /home/sayone/This PC/SayOne Technologies/Works/airflow_new/Airflow/venv/lib/python3.8/site-packages/airflow/example_dags/example_complex.py
[2022-09-20T17:48:38.939+0530] {processor.py:640} INFO - Processing file /home/sayone/This PC/SayOne Technologies/Works/airflow_new/Airflow/venv/lib/python3.8/site-packages/airflow/example_dags/example_complex.py for tasks to queue
[2022-09-20T17:48:38.940+0530] {logging_mixin.py:115} INFO - [2022-09-20T17:48:38.940+0530] {dagbag.py:508} INFO - Filling up the DagBag from /home/sayone/This PC/SayOne Technologies/Works/airflow_new/Airflow/venv/lib/python3.8/site-packages/airflow/example_dags/example_complex.py
[2022-09-20T17:48:38.952+0530] {processor.py:650} INFO - DAG(s) dict_keys(['example_complex']) retrieved from /home/sayone/This PC/SayOne Technologies/Works/airflow_new/Airflow/venv/lib/python3.8/site-packages/airflow/example_dags/example_complex.py
[2022-09-20T17:48:38.963+0530] {logging_mixin.py:115} INFO - [2022-09-20T17:48:38.963+0530] {dag.py:2429} INFO - Sync 1 DAGs
[2022-09-20T17:48:38.972+0530] {logging_mixin.py:115} INFO - [2022-09-20T17:48:38.972+0530] {dag.py:2977} INFO - Setting next_dagrun for example_complex to None, run_after=None
[2022-09-20T17:48:38.982+0530] {processor.py:161} INFO - Processing /home/sayone/This PC/SayOne Technologies/Works/airflow_new/Airflow/venv/lib/python3.8/site-packages/airflow/example_dags/example_complex.py took 0.049 seconds
[2022-09-20T17:49:17.022+0530] {processor.py:153} INFO - Started process (PID=35675) to work on /home/sayone/This PC/SayOne Technologies/Works/airflow_new/Airflow/venv/lib/python3.8/site-packages/airflow/example_dags/example_complex.py
[2022-09-20T17:49:17.025+0530] {processor.py:640} INFO - Processing file /home/sayone/This PC/SayOne Technologies/Works/airflow_new/Airflow/venv/lib/python3.8/site-packages/airflow/example_dags/example_complex.py for tasks to queue
[2022-09-20T17:49:17.026+0530] {logging_mixin.py:115} INFO - [2022-09-20T17:49:17.025+0530] {dagbag.py:508} INFO - Filling up the DagBag from /home/sayone/This PC/SayOne Technologies/Works/airflow_new/Airflow/venv/lib/python3.8/site-packages/airflow/example_dags/example_complex.py
[2022-09-20T17:49:17.039+0530] {processor.py:650} INFO - DAG(s) dict_keys(['example_complex']) retrieved from /home/sayone/This PC/SayOne Technologies/Works/airflow_new/Airflow/venv/lib/python3.8/site-packages/airflow/example_dags/example_complex.py
[2022-09-20T17:49:17.053+0530] {logging_mixin.py:115} INFO - [2022-09-20T17:49:17.053+0530] {dag.py:2429} INFO - Sync 1 DAGs
[2022-09-20T17:49:17.063+0530] {logging_mixin.py:115} INFO - [2022-09-20T17:49:17.063+0530] {dag.py:2977} INFO - Setting next_dagrun for example_complex to None, run_after=None
[2022-09-20T17:49:17.073+0530] {processor.py:161} INFO - Processing /home/sayone/This PC/SayOne Technologies/Works/airflow_new/Airflow/venv/lib/python3.8/site-packages/airflow/example_dags/example_complex.py took 0.055 seconds
[2022-09-20T17:49:53.818+0530] {processor.py:153} INFO - Started process (PID=35741) to work on /home/sayone/This PC/SayOne Technologies/Works/airflow_new/Airflow/venv/lib/python3.8/site-packages/airflow/example_dags/example_complex.py
[2022-09-20T17:49:53.820+0530] {processor.py:640} INFO - Processing file /home/sayone/This PC/SayOne Technologies/Works/airflow_new/Airflow/venv/lib/python3.8/site-packages/airflow/example_dags/example_complex.py for tasks to queue
[2022-09-20T17:49:53.821+0530] {logging_mixin.py:115} INFO - [2022-09-20T17:49:53.821+0530] {dagbag.py:508} INFO - Filling up the DagBag from /home/sayone/This PC/SayOne Technologies/Works/airflow_new/Airflow/venv/lib/python3.8/site-packages/airflow/example_dags/example_complex.py
[2022-09-20T17:49:53.834+0530] {processor.py:650} INFO - DAG(s) dict_keys(['example_complex']) retrieved from /home/sayone/This PC/SayOne Technologies/Works/airflow_new/Airflow/venv/lib/python3.8/site-packages/airflow/example_dags/example_complex.py
[2022-09-20T17:49:53.846+0530] {logging_mixin.py:115} INFO - [2022-09-20T17:49:53.846+0530] {dag.py:2429} INFO - Sync 1 DAGs
[2022-09-20T17:49:53.855+0530] {logging_mixin.py:115} INFO - [2022-09-20T17:49:53.855+0530] {dag.py:2977} INFO - Setting next_dagrun for example_complex to None, run_after=None
[2022-09-20T17:49:53.864+0530] {processor.py:161} INFO - Processing /home/sayone/This PC/SayOne Technologies/Works/airflow_new/Airflow/venv/lib/python3.8/site-packages/airflow/example_dags/example_complex.py took 0.048 seconds
[2022-09-20T17:50:30.078+0530] {processor.py:153} INFO - Started process (PID=35847) to work on /home/sayone/This PC/SayOne Technologies/Works/airflow_new/Airflow/venv/lib/python3.8/site-packages/airflow/example_dags/example_complex.py
[2022-09-20T17:50:30.080+0530] {processor.py:640} INFO - Processing file /home/sayone/This PC/SayOne Technologies/Works/airflow_new/Airflow/venv/lib/python3.8/site-packages/airflow/example_dags/example_complex.py for tasks to queue
[2022-09-20T17:50:30.081+0530] {logging_mixin.py:115} INFO - [2022-09-20T17:50:30.081+0530] {dagbag.py:508} INFO - Filling up the DagBag from /home/sayone/This PC/SayOne Technologies/Works/airflow_new/Airflow/venv/lib/python3.8/site-packages/airflow/example_dags/example_complex.py
[2022-09-20T17:50:30.094+0530] {processor.py:650} INFO - DAG(s) dict_keys(['example_complex']) retrieved from /home/sayone/This PC/SayOne Technologies/Works/airflow_new/Airflow/venv/lib/python3.8/site-packages/airflow/example_dags/example_complex.py
[2022-09-20T17:50:30.106+0530] {logging_mixin.py:115} INFO - [2022-09-20T17:50:30.105+0530] {dag.py:2429} INFO - Sync 1 DAGs
[2022-09-20T17:50:30.115+0530] {logging_mixin.py:115} INFO - [2022-09-20T17:50:30.115+0530] {dag.py:2977} INFO - Setting next_dagrun for example_complex to None, run_after=None
[2022-09-20T17:50:30.124+0530] {processor.py:161} INFO - Processing /home/sayone/This PC/SayOne Technologies/Works/airflow_new/Airflow/venv/lib/python3.8/site-packages/airflow/example_dags/example_complex.py took 0.049 seconds
[2022-09-20T17:51:06.518+0530] {processor.py:153} INFO - Started process (PID=35956) to work on /home/sayone/This PC/SayOne Technologies/Works/airflow_new/Airflow/venv/lib/python3.8/site-packages/airflow/example_dags/example_complex.py
[2022-09-20T17:51:06.521+0530] {processor.py:640} INFO - Processing file /home/sayone/This PC/SayOne Technologies/Works/airflow_new/Airflow/venv/lib/python3.8/site-packages/airflow/example_dags/example_complex.py for tasks to queue
[2022-09-20T17:51:06.522+0530] {logging_mixin.py:115} INFO - [2022-09-20T17:51:06.522+0530] {dagbag.py:508} INFO - Filling up the DagBag from /home/sayone/This PC/SayOne Technologies/Works/airflow_new/Airflow/venv/lib/python3.8/site-packages/airflow/example_dags/example_complex.py
[2022-09-20T17:51:06.537+0530] {processor.py:650} INFO - DAG(s) dict_keys(['example_complex']) retrieved from /home/sayone/This PC/SayOne Technologies/Works/airflow_new/Airflow/venv/lib/python3.8/site-packages/airflow/example_dags/example_complex.py
[2022-09-20T17:51:06.548+0530] {logging_mixin.py:115} INFO - [2022-09-20T17:51:06.548+0530] {dag.py:2429} INFO - Sync 1 DAGs
[2022-09-20T17:51:06.557+0530] {logging_mixin.py:115} INFO - [2022-09-20T17:51:06.557+0530] {dag.py:2977} INFO - Setting next_dagrun for example_complex to None, run_after=None
[2022-09-20T17:51:06.567+0530] {processor.py:161} INFO - Processing /home/sayone/This PC/SayOne Technologies/Works/airflow_new/Airflow/venv/lib/python3.8/site-packages/airflow/example_dags/example_complex.py took 0.050 seconds
[2022-09-20T17:51:44.012+0530] {processor.py:153} INFO - Started process (PID=36019) to work on /home/sayone/This PC/SayOne Technologies/Works/airflow_new/Airflow/venv/lib/python3.8/site-packages/airflow/example_dags/example_complex.py
[2022-09-20T17:51:44.013+0530] {processor.py:640} INFO - Processing file /home/sayone/This PC/SayOne Technologies/Works/airflow_new/Airflow/venv/lib/python3.8/site-packages/airflow/example_dags/example_complex.py for tasks to queue
[2022-09-20T17:51:44.014+0530] {logging_mixin.py:115} INFO - [2022-09-20T17:51:44.014+0530] {dagbag.py:508} INFO - Filling up the DagBag from /home/sayone/This PC/SayOne Technologies/Works/airflow_new/Airflow/venv/lib/python3.8/site-packages/airflow/example_dags/example_complex.py
[2022-09-20T17:51:44.025+0530] {processor.py:650} INFO - DAG(s) dict_keys(['example_complex']) retrieved from /home/sayone/This PC/SayOne Technologies/Works/airflow_new/Airflow/venv/lib/python3.8/site-packages/airflow/example_dags/example_complex.py
[2022-09-20T17:51:44.036+0530] {logging_mixin.py:115} INFO - [2022-09-20T17:51:44.036+0530] {dag.py:2429} INFO - Sync 1 DAGs
[2022-09-20T17:51:44.045+0530] {logging_mixin.py:115} INFO - [2022-09-20T17:51:44.045+0530] {dag.py:2977} INFO - Setting next_dagrun for example_complex to None, run_after=None
[2022-09-20T17:51:44.054+0530] {processor.py:161} INFO - Processing /home/sayone/This PC/SayOne Technologies/Works/airflow_new/Airflow/venv/lib/python3.8/site-packages/airflow/example_dags/example_complex.py took 0.045 seconds
[2022-09-20T17:52:22.201+0530] {processor.py:153} INFO - Started process (PID=36161) to work on /home/sayone/This PC/SayOne Technologies/Works/airflow_new/Airflow/venv/lib/python3.8/site-packages/airflow/example_dags/example_complex.py
[2022-09-20T17:52:22.204+0530] {processor.py:640} INFO - Processing file /home/sayone/This PC/SayOne Technologies/Works/airflow_new/Airflow/venv/lib/python3.8/site-packages/airflow/example_dags/example_complex.py for tasks to queue
[2022-09-20T17:52:22.205+0530] {logging_mixin.py:115} INFO - [2022-09-20T17:52:22.205+0530] {dagbag.py:508} INFO - Filling up the DagBag from /home/sayone/This PC/SayOne Technologies/Works/airflow_new/Airflow/venv/lib/python3.8/site-packages/airflow/example_dags/example_complex.py
[2022-09-20T17:52:22.218+0530] {processor.py:650} INFO - DAG(s) dict_keys(['example_complex']) retrieved from /home/sayone/This PC/SayOne Technologies/Works/airflow_new/Airflow/venv/lib/python3.8/site-packages/airflow/example_dags/example_complex.py
[2022-09-20T17:52:22.230+0530] {logging_mixin.py:115} INFO - [2022-09-20T17:52:22.230+0530] {dag.py:2429} INFO - Sync 1 DAGs
[2022-09-20T17:52:22.240+0530] {logging_mixin.py:115} INFO - [2022-09-20T17:52:22.240+0530] {dag.py:2977} INFO - Setting next_dagrun for example_complex to None, run_after=None
[2022-09-20T17:52:22.250+0530] {processor.py:161} INFO - Processing /home/sayone/This PC/SayOne Technologies/Works/airflow_new/Airflow/venv/lib/python3.8/site-packages/airflow/example_dags/example_complex.py took 0.053 seconds
[2022-09-20T17:52:59.042+0530] {processor.py:153} INFO - Started process (PID=36380) to work on /home/sayone/This PC/SayOne Technologies/Works/airflow_new/Airflow/venv/lib/python3.8/site-packages/airflow/example_dags/example_complex.py
[2022-09-20T17:52:59.045+0530] {processor.py:640} INFO - Processing file /home/sayone/This PC/SayOne Technologies/Works/airflow_new/Airflow/venv/lib/python3.8/site-packages/airflow/example_dags/example_complex.py for tasks to queue
[2022-09-20T17:52:59.046+0530] {logging_mixin.py:115} INFO - [2022-09-20T17:52:59.045+0530] {dagbag.py:508} INFO - Filling up the DagBag from /home/sayone/This PC/SayOne Technologies/Works/airflow_new/Airflow/venv/lib/python3.8/site-packages/airflow/example_dags/example_complex.py
[2022-09-20T17:52:59.059+0530] {processor.py:650} INFO - DAG(s) dict_keys(['example_complex']) retrieved from /home/sayone/This PC/SayOne Technologies/Works/airflow_new/Airflow/venv/lib/python3.8/site-packages/airflow/example_dags/example_complex.py
[2022-09-20T17:52:59.070+0530] {logging_mixin.py:115} INFO - [2022-09-20T17:52:59.070+0530] {dag.py:2429} INFO - Sync 1 DAGs
[2022-09-20T17:52:59.080+0530] {logging_mixin.py:115} INFO - [2022-09-20T17:52:59.080+0530] {dag.py:2977} INFO - Setting next_dagrun for example_complex to None, run_after=None
[2022-09-20T17:52:59.090+0530] {processor.py:161} INFO - Processing /home/sayone/This PC/SayOne Technologies/Works/airflow_new/Airflow/venv/lib/python3.8/site-packages/airflow/example_dags/example_complex.py took 0.053 seconds
[2022-09-20T17:53:35.340+0530] {processor.py:153} INFO - Started process (PID=36446) to work on /home/sayone/This PC/SayOne Technologies/Works/airflow_new/Airflow/venv/lib/python3.8/site-packages/airflow/example_dags/example_complex.py
[2022-09-20T17:53:35.343+0530] {processor.py:640} INFO - Processing file /home/sayone/This PC/SayOne Technologies/Works/airflow_new/Airflow/venv/lib/python3.8/site-packages/airflow/example_dags/example_complex.py for tasks to queue
[2022-09-20T17:53:35.344+0530] {logging_mixin.py:115} INFO - [2022-09-20T17:53:35.344+0530] {dagbag.py:508} INFO - Filling up the DagBag from /home/sayone/This PC/SayOne Technologies/Works/airflow_new/Airflow/venv/lib/python3.8/site-packages/airflow/example_dags/example_complex.py
[2022-09-20T17:53:35.358+0530] {processor.py:650} INFO - DAG(s) dict_keys(['example_complex']) retrieved from /home/sayone/This PC/SayOne Technologies/Works/airflow_new/Airflow/venv/lib/python3.8/site-packages/airflow/example_dags/example_complex.py
[2022-09-20T17:53:35.370+0530] {logging_mixin.py:115} INFO - [2022-09-20T17:53:35.370+0530] {dag.py:2429} INFO - Sync 1 DAGs
[2022-09-20T17:53:35.379+0530] {logging_mixin.py:115} INFO - [2022-09-20T17:53:35.379+0530] {dag.py:2977} INFO - Setting next_dagrun for example_complex to None, run_after=None
[2022-09-20T17:53:35.389+0530] {processor.py:161} INFO - Processing /home/sayone/This PC/SayOne Technologies/Works/airflow_new/Airflow/venv/lib/python3.8/site-packages/airflow/example_dags/example_complex.py took 0.053 seconds
