[2022-09-20T17:17:08.070+0530] {processor.py:153} INFO - Started process (PID=28803) to work on /home/sayone/This PC/SayOne Technologies/Works/airflow_new/Airflow/venv/lib/python3.8/site-packages/airflow/example_dags/example_python_operator.py
[2022-09-20T17:17:08.071+0530] {processor.py:640} INFO - Processing file /home/sayone/This PC/SayOne Technologies/Works/airflow_new/Airflow/venv/lib/python3.8/site-packages/airflow/example_dags/example_python_operator.py for tasks to queue
[2022-09-20T17:17:08.072+0530] {logging_mixin.py:115} INFO - [2022-09-20T17:17:08.072+0530] {dagbag.py:508} INFO - Filling up the DagBag from /home/sayone/This PC/SayOne Technologies/Works/airflow_new/Airflow/venv/lib/python3.8/site-packages/airflow/example_dags/example_python_operator.py
[2022-09-20T17:17:08.086+0530] {processor.py:650} INFO - DAG(s) dict_keys(['example_python_operator']) retrieved from /home/sayone/This PC/SayOne Technologies/Works/airflow_new/Airflow/venv/lib/python3.8/site-packages/airflow/example_dags/example_python_operator.py
[2022-09-20T17:17:08.146+0530] {logging_mixin.py:115} INFO - [2022-09-20T17:17:08.145+0530] {manager.py:508} INFO - Created Permission View: can edit on DAG:example_python_operator
[2022-09-20T17:17:08.157+0530] {logging_mixin.py:115} INFO - [2022-09-20T17:17:08.156+0530] {manager.py:508} INFO - Created Permission View: can read on DAG:example_python_operator
[2022-09-20T17:17:08.164+0530] {logging_mixin.py:115} INFO - [2022-09-20T17:17:08.164+0530] {manager.py:508} INFO - Created Permission View: can delete on DAG:example_python_operator
[2022-09-20T17:17:08.165+0530] {logging_mixin.py:115} INFO - [2022-09-20T17:17:08.165+0530] {dag.py:2429} INFO - Sync 1 DAGs
[2022-09-20T17:17:08.174+0530] {logging_mixin.py:115} INFO - [2022-09-20T17:17:08.174+0530] {dag.py:2448} INFO - Creating ORM DAG for example_python_operator
[2022-09-20T17:17:08.180+0530] {logging_mixin.py:115} INFO - [2022-09-20T17:17:08.180+0530] {dag.py:2977} INFO - Setting next_dagrun for example_python_operator to None, run_after=None
[2022-09-20T17:17:08.208+0530] {processor.py:161} INFO - Processing /home/sayone/This PC/SayOne Technologies/Works/airflow_new/Airflow/venv/lib/python3.8/site-packages/airflow/example_dags/example_python_operator.py took 0.141 seconds
[2022-09-20T17:17:44.610+0530] {processor.py:153} INFO - Started process (PID=28998) to work on /home/sayone/This PC/SayOne Technologies/Works/airflow_new/Airflow/venv/lib/python3.8/site-packages/airflow/example_dags/example_python_operator.py
[2022-09-20T17:17:44.611+0530] {processor.py:640} INFO - Processing file /home/sayone/This PC/SayOne Technologies/Works/airflow_new/Airflow/venv/lib/python3.8/site-packages/airflow/example_dags/example_python_operator.py for tasks to queue
[2022-09-20T17:17:44.612+0530] {logging_mixin.py:115} INFO - [2022-09-20T17:17:44.612+0530] {dagbag.py:508} INFO - Filling up the DagBag from /home/sayone/This PC/SayOne Technologies/Works/airflow_new/Airflow/venv/lib/python3.8/site-packages/airflow/example_dags/example_python_operator.py
[2022-09-20T17:17:44.632+0530] {processor.py:650} INFO - DAG(s) dict_keys(['example_python_operator']) retrieved from /home/sayone/This PC/SayOne Technologies/Works/airflow_new/Airflow/venv/lib/python3.8/site-packages/airflow/example_dags/example_python_operator.py
[2022-09-20T17:17:44.644+0530] {logging_mixin.py:115} INFO - [2022-09-20T17:17:44.644+0530] {dag.py:2429} INFO - Sync 1 DAGs
[2022-09-20T17:17:44.660+0530] {logging_mixin.py:115} INFO - [2022-09-20T17:17:44.660+0530] {dag.py:2977} INFO - Setting next_dagrun for example_python_operator to None, run_after=None
[2022-09-20T17:17:44.670+0530] {processor.py:161} INFO - Processing /home/sayone/This PC/SayOne Technologies/Works/airflow_new/Airflow/venv/lib/python3.8/site-packages/airflow/example_dags/example_python_operator.py took 0.062 seconds
[2022-09-20T17:18:17.801+0530] {processor.py:153} INFO - Started process (PID=29137) to work on /home/sayone/This PC/SayOne Technologies/Works/airflow_new/Airflow/venv/lib/python3.8/site-packages/airflow/example_dags/example_python_operator.py
[2022-09-20T17:18:17.802+0530] {processor.py:640} INFO - Processing file /home/sayone/This PC/SayOne Technologies/Works/airflow_new/Airflow/venv/lib/python3.8/site-packages/airflow/example_dags/example_python_operator.py for tasks to queue
[2022-09-20T17:18:17.803+0530] {logging_mixin.py:115} INFO - [2022-09-20T17:18:17.803+0530] {dagbag.py:508} INFO - Filling up the DagBag from /home/sayone/This PC/SayOne Technologies/Works/airflow_new/Airflow/venv/lib/python3.8/site-packages/airflow/example_dags/example_python_operator.py
[2022-09-20T17:18:17.818+0530] {processor.py:650} INFO - DAG(s) dict_keys(['example_python_operator']) retrieved from /home/sayone/This PC/SayOne Technologies/Works/airflow_new/Airflow/venv/lib/python3.8/site-packages/airflow/example_dags/example_python_operator.py
[2022-09-20T17:18:17.828+0530] {logging_mixin.py:115} INFO - [2022-09-20T17:18:17.828+0530] {dag.py:2429} INFO - Sync 1 DAGs
[2022-09-20T17:18:17.840+0530] {logging_mixin.py:115} INFO - [2022-09-20T17:18:17.840+0530] {dag.py:2977} INFO - Setting next_dagrun for example_python_operator to None, run_after=None
[2022-09-20T17:18:17.848+0530] {processor.py:161} INFO - Processing /home/sayone/This PC/SayOne Technologies/Works/airflow_new/Airflow/venv/lib/python3.8/site-packages/airflow/example_dags/example_python_operator.py took 0.051 seconds
[2022-09-20T17:18:54.490+0530] {processor.py:153} INFO - Started process (PID=29269) to work on /home/sayone/This PC/SayOne Technologies/Works/airflow_new/Airflow/venv/lib/python3.8/site-packages/airflow/example_dags/example_python_operator.py
[2022-09-20T17:18:54.493+0530] {processor.py:640} INFO - Processing file /home/sayone/This PC/SayOne Technologies/Works/airflow_new/Airflow/venv/lib/python3.8/site-packages/airflow/example_dags/example_python_operator.py for tasks to queue
[2022-09-20T17:18:54.493+0530] {logging_mixin.py:115} INFO - [2022-09-20T17:18:54.493+0530] {dagbag.py:508} INFO - Filling up the DagBag from /home/sayone/This PC/SayOne Technologies/Works/airflow_new/Airflow/venv/lib/python3.8/site-packages/airflow/example_dags/example_python_operator.py
[2022-09-20T17:18:54.507+0530] {processor.py:650} INFO - DAG(s) dict_keys(['example_python_operator']) retrieved from /home/sayone/This PC/SayOne Technologies/Works/airflow_new/Airflow/venv/lib/python3.8/site-packages/airflow/example_dags/example_python_operator.py
[2022-09-20T17:18:54.518+0530] {logging_mixin.py:115} INFO - [2022-09-20T17:18:54.518+0530] {dag.py:2429} INFO - Sync 1 DAGs
[2022-09-20T17:18:54.533+0530] {logging_mixin.py:115} INFO - [2022-09-20T17:18:54.533+0530] {dag.py:2977} INFO - Setting next_dagrun for example_python_operator to None, run_after=None
[2022-09-20T17:18:54.546+0530] {processor.py:161} INFO - Processing /home/sayone/This PC/SayOne Technologies/Works/airflow_new/Airflow/venv/lib/python3.8/site-packages/airflow/example_dags/example_python_operator.py took 0.062 seconds
[2022-09-20T17:19:28.612+0530] {processor.py:153} INFO - Started process (PID=29407) to work on /home/sayone/This PC/SayOne Technologies/Works/airflow_new/Airflow/venv/lib/python3.8/site-packages/airflow/example_dags/example_python_operator.py
[2022-09-20T17:19:28.615+0530] {processor.py:640} INFO - Processing file /home/sayone/This PC/SayOne Technologies/Works/airflow_new/Airflow/venv/lib/python3.8/site-packages/airflow/example_dags/example_python_operator.py for tasks to queue
[2022-09-20T17:19:28.615+0530] {logging_mixin.py:115} INFO - [2022-09-20T17:19:28.615+0530] {dagbag.py:508} INFO - Filling up the DagBag from /home/sayone/This PC/SayOne Technologies/Works/airflow_new/Airflow/venv/lib/python3.8/site-packages/airflow/example_dags/example_python_operator.py
[2022-09-20T17:19:28.628+0530] {processor.py:650} INFO - DAG(s) dict_keys(['example_python_operator']) retrieved from /home/sayone/This PC/SayOne Technologies/Works/airflow_new/Airflow/venv/lib/python3.8/site-packages/airflow/example_dags/example_python_operator.py
[2022-09-20T17:19:28.638+0530] {logging_mixin.py:115} INFO - [2022-09-20T17:19:28.638+0530] {dag.py:2429} INFO - Sync 1 DAGs
[2022-09-20T17:19:28.653+0530] {logging_mixin.py:115} INFO - [2022-09-20T17:19:28.653+0530] {dag.py:2977} INFO - Setting next_dagrun for example_python_operator to None, run_after=None
[2022-09-20T17:19:28.669+0530] {processor.py:161} INFO - Processing /home/sayone/This PC/SayOne Technologies/Works/airflow_new/Airflow/venv/lib/python3.8/site-packages/airflow/example_dags/example_python_operator.py took 0.058 seconds
[2022-09-20T17:20:24.589+0530] {processor.py:153} INFO - Started process (PID=29698) to work on /home/sayone/This PC/SayOne Technologies/Works/airflow_new/Airflow/venv/lib/python3.8/site-packages/airflow/example_dags/example_python_operator.py
[2022-09-20T17:20:24.592+0530] {processor.py:640} INFO - Processing file /home/sayone/This PC/SayOne Technologies/Works/airflow_new/Airflow/venv/lib/python3.8/site-packages/airflow/example_dags/example_python_operator.py for tasks to queue
[2022-09-20T17:20:24.592+0530] {logging_mixin.py:115} INFO - [2022-09-20T17:20:24.592+0530] {dagbag.py:508} INFO - Filling up the DagBag from /home/sayone/This PC/SayOne Technologies/Works/airflow_new/Airflow/venv/lib/python3.8/site-packages/airflow/example_dags/example_python_operator.py
[2022-09-20T17:20:24.604+0530] {processor.py:650} INFO - DAG(s) dict_keys(['example_python_operator']) retrieved from /home/sayone/This PC/SayOne Technologies/Works/airflow_new/Airflow/venv/lib/python3.8/site-packages/airflow/example_dags/example_python_operator.py
[2022-09-20T17:20:24.616+0530] {logging_mixin.py:115} INFO - [2022-09-20T17:20:24.616+0530] {dag.py:2429} INFO - Sync 1 DAGs
[2022-09-20T17:20:24.633+0530] {logging_mixin.py:115} INFO - [2022-09-20T17:20:24.633+0530] {dag.py:2977} INFO - Setting next_dagrun for example_python_operator to None, run_after=None
[2022-09-20T17:20:24.642+0530] {processor.py:161} INFO - Processing /home/sayone/This PC/SayOne Technologies/Works/airflow_new/Airflow/venv/lib/python3.8/site-packages/airflow/example_dags/example_python_operator.py took 0.055 seconds
[2022-09-20T17:21:02.982+0530] {processor.py:153} INFO - Started process (PID=29806) to work on /home/sayone/This PC/SayOne Technologies/Works/airflow_new/Airflow/venv/lib/python3.8/site-packages/airflow/example_dags/example_python_operator.py
[2022-09-20T17:21:02.985+0530] {processor.py:640} INFO - Processing file /home/sayone/This PC/SayOne Technologies/Works/airflow_new/Airflow/venv/lib/python3.8/site-packages/airflow/example_dags/example_python_operator.py for tasks to queue
[2022-09-20T17:21:02.985+0530] {logging_mixin.py:115} INFO - [2022-09-20T17:21:02.985+0530] {dagbag.py:508} INFO - Filling up the DagBag from /home/sayone/This PC/SayOne Technologies/Works/airflow_new/Airflow/venv/lib/python3.8/site-packages/airflow/example_dags/example_python_operator.py
[2022-09-20T17:21:02.997+0530] {processor.py:650} INFO - DAG(s) dict_keys(['example_python_operator']) retrieved from /home/sayone/This PC/SayOne Technologies/Works/airflow_new/Airflow/venv/lib/python3.8/site-packages/airflow/example_dags/example_python_operator.py
[2022-09-20T17:21:03.006+0530] {logging_mixin.py:115} INFO - [2022-09-20T17:21:03.006+0530] {dag.py:2429} INFO - Sync 1 DAGs
[2022-09-20T17:21:03.018+0530] {logging_mixin.py:115} INFO - [2022-09-20T17:21:03.018+0530] {dag.py:2977} INFO - Setting next_dagrun for example_python_operator to None, run_after=None
[2022-09-20T17:21:03.027+0530] {processor.py:161} INFO - Processing /home/sayone/This PC/SayOne Technologies/Works/airflow_new/Airflow/venv/lib/python3.8/site-packages/airflow/example_dags/example_python_operator.py took 0.048 seconds
[2022-09-20T17:21:36.722+0530] {processor.py:153} INFO - Started process (PID=29900) to work on /home/sayone/This PC/SayOne Technologies/Works/airflow_new/Airflow/venv/lib/python3.8/site-packages/airflow/example_dags/example_python_operator.py
[2022-09-20T17:21:36.725+0530] {processor.py:640} INFO - Processing file /home/sayone/This PC/SayOne Technologies/Works/airflow_new/Airflow/venv/lib/python3.8/site-packages/airflow/example_dags/example_python_operator.py for tasks to queue
[2022-09-20T17:21:36.726+0530] {logging_mixin.py:115} INFO - [2022-09-20T17:21:36.726+0530] {dagbag.py:508} INFO - Filling up the DagBag from /home/sayone/This PC/SayOne Technologies/Works/airflow_new/Airflow/venv/lib/python3.8/site-packages/airflow/example_dags/example_python_operator.py
[2022-09-20T17:21:36.742+0530] {processor.py:650} INFO - DAG(s) dict_keys(['example_python_operator']) retrieved from /home/sayone/This PC/SayOne Technologies/Works/airflow_new/Airflow/venv/lib/python3.8/site-packages/airflow/example_dags/example_python_operator.py
[2022-09-20T17:21:36.752+0530] {logging_mixin.py:115} INFO - [2022-09-20T17:21:36.752+0530] {dag.py:2429} INFO - Sync 1 DAGs
[2022-09-20T17:21:36.763+0530] {logging_mixin.py:115} INFO - [2022-09-20T17:21:36.763+0530] {dag.py:2977} INFO - Setting next_dagrun for example_python_operator to None, run_after=None
[2022-09-20T17:21:36.772+0530] {processor.py:161} INFO - Processing /home/sayone/This PC/SayOne Technologies/Works/airflow_new/Airflow/venv/lib/python3.8/site-packages/airflow/example_dags/example_python_operator.py took 0.055 seconds
[2022-09-20T17:22:15.102+0530] {processor.py:153} INFO - Started process (PID=30185) to work on /home/sayone/This PC/SayOne Technologies/Works/airflow_new/Airflow/venv/lib/python3.8/site-packages/airflow/example_dags/example_python_operator.py
[2022-09-20T17:22:15.103+0530] {processor.py:640} INFO - Processing file /home/sayone/This PC/SayOne Technologies/Works/airflow_new/Airflow/venv/lib/python3.8/site-packages/airflow/example_dags/example_python_operator.py for tasks to queue
[2022-09-20T17:22:15.103+0530] {logging_mixin.py:115} INFO - [2022-09-20T17:22:15.103+0530] {dagbag.py:508} INFO - Filling up the DagBag from /home/sayone/This PC/SayOne Technologies/Works/airflow_new/Airflow/venv/lib/python3.8/site-packages/airflow/example_dags/example_python_operator.py
[2022-09-20T17:22:15.114+0530] {processor.py:650} INFO - DAG(s) dict_keys(['example_python_operator']) retrieved from /home/sayone/This PC/SayOne Technologies/Works/airflow_new/Airflow/venv/lib/python3.8/site-packages/airflow/example_dags/example_python_operator.py
[2022-09-20T17:22:15.124+0530] {logging_mixin.py:115} INFO - [2022-09-20T17:22:15.124+0530] {dag.py:2429} INFO - Sync 1 DAGs
[2022-09-20T17:22:15.137+0530] {logging_mixin.py:115} INFO - [2022-09-20T17:22:15.137+0530] {dag.py:2977} INFO - Setting next_dagrun for example_python_operator to None, run_after=None
[2022-09-20T17:22:15.146+0530] {processor.py:161} INFO - Processing /home/sayone/This PC/SayOne Technologies/Works/airflow_new/Airflow/venv/lib/python3.8/site-packages/airflow/example_dags/example_python_operator.py took 0.049 seconds
[2022-09-20T17:22:48.767+0530] {processor.py:153} INFO - Started process (PID=30301) to work on /home/sayone/This PC/SayOne Technologies/Works/airflow_new/Airflow/venv/lib/python3.8/site-packages/airflow/example_dags/example_python_operator.py
[2022-09-20T17:22:48.771+0530] {processor.py:640} INFO - Processing file /home/sayone/This PC/SayOne Technologies/Works/airflow_new/Airflow/venv/lib/python3.8/site-packages/airflow/example_dags/example_python_operator.py for tasks to queue
[2022-09-20T17:22:48.772+0530] {logging_mixin.py:115} INFO - [2022-09-20T17:22:48.772+0530] {dagbag.py:508} INFO - Filling up the DagBag from /home/sayone/This PC/SayOne Technologies/Works/airflow_new/Airflow/venv/lib/python3.8/site-packages/airflow/example_dags/example_python_operator.py
[2022-09-20T17:22:48.785+0530] {processor.py:650} INFO - DAG(s) dict_keys(['example_python_operator']) retrieved from /home/sayone/This PC/SayOne Technologies/Works/airflow_new/Airflow/venv/lib/python3.8/site-packages/airflow/example_dags/example_python_operator.py
[2022-09-20T17:22:48.796+0530] {logging_mixin.py:115} INFO - [2022-09-20T17:22:48.796+0530] {dag.py:2429} INFO - Sync 1 DAGs
[2022-09-20T17:22:48.808+0530] {logging_mixin.py:115} INFO - [2022-09-20T17:22:48.808+0530] {dag.py:2977} INFO - Setting next_dagrun for example_python_operator to None, run_after=None
[2022-09-20T17:22:48.818+0530] {processor.py:161} INFO - Processing /home/sayone/This PC/SayOne Technologies/Works/airflow_new/Airflow/venv/lib/python3.8/site-packages/airflow/example_dags/example_python_operator.py took 0.056 seconds
[2022-09-20T17:23:49.979+0530] {processor.py:153} INFO - Started process (PID=30493) to work on /home/sayone/This PC/SayOne Technologies/Works/airflow_new/Airflow/venv/lib/python3.8/site-packages/airflow/example_dags/example_python_operator.py
[2022-09-20T17:23:49.980+0530] {processor.py:640} INFO - Processing file /home/sayone/This PC/SayOne Technologies/Works/airflow_new/Airflow/venv/lib/python3.8/site-packages/airflow/example_dags/example_python_operator.py for tasks to queue
[2022-09-20T17:23:49.981+0530] {logging_mixin.py:115} INFO - [2022-09-20T17:23:49.981+0530] {dagbag.py:508} INFO - Filling up the DagBag from /home/sayone/This PC/SayOne Technologies/Works/airflow_new/Airflow/venv/lib/python3.8/site-packages/airflow/example_dags/example_python_operator.py
[2022-09-20T17:23:50.001+0530] {processor.py:650} INFO - DAG(s) dict_keys(['example_python_operator']) retrieved from /home/sayone/This PC/SayOne Technologies/Works/airflow_new/Airflow/venv/lib/python3.8/site-packages/airflow/example_dags/example_python_operator.py
[2022-09-20T17:23:50.012+0530] {logging_mixin.py:115} INFO - [2022-09-20T17:23:50.012+0530] {dag.py:2429} INFO - Sync 1 DAGs
[2022-09-20T17:23:50.038+0530] {logging_mixin.py:115} INFO - [2022-09-20T17:23:50.038+0530] {dag.py:2977} INFO - Setting next_dagrun for example_python_operator to None, run_after=None
[2022-09-20T17:23:50.052+0530] {processor.py:161} INFO - Processing /home/sayone/This PC/SayOne Technologies/Works/airflow_new/Airflow/venv/lib/python3.8/site-packages/airflow/example_dags/example_python_operator.py took 0.075 seconds
[2022-09-20T17:24:27.205+0530] {processor.py:153} INFO - Started process (PID=30665) to work on /home/sayone/This PC/SayOne Technologies/Works/airflow_new/Airflow/venv/lib/python3.8/site-packages/airflow/example_dags/example_python_operator.py
[2022-09-20T17:24:27.207+0530] {processor.py:640} INFO - Processing file /home/sayone/This PC/SayOne Technologies/Works/airflow_new/Airflow/venv/lib/python3.8/site-packages/airflow/example_dags/example_python_operator.py for tasks to queue
[2022-09-20T17:24:27.207+0530] {logging_mixin.py:115} INFO - [2022-09-20T17:24:27.207+0530] {dagbag.py:508} INFO - Filling up the DagBag from /home/sayone/This PC/SayOne Technologies/Works/airflow_new/Airflow/venv/lib/python3.8/site-packages/airflow/example_dags/example_python_operator.py
[2022-09-20T17:24:27.218+0530] {processor.py:650} INFO - DAG(s) dict_keys(['example_python_operator']) retrieved from /home/sayone/This PC/SayOne Technologies/Works/airflow_new/Airflow/venv/lib/python3.8/site-packages/airflow/example_dags/example_python_operator.py
[2022-09-20T17:24:27.227+0530] {logging_mixin.py:115} INFO - [2022-09-20T17:24:27.226+0530] {dag.py:2429} INFO - Sync 1 DAGs
[2022-09-20T17:24:27.240+0530] {logging_mixin.py:115} INFO - [2022-09-20T17:24:27.240+0530] {dag.py:2977} INFO - Setting next_dagrun for example_python_operator to None, run_after=None
[2022-09-20T17:24:27.250+0530] {processor.py:161} INFO - Processing /home/sayone/This PC/SayOne Technologies/Works/airflow_new/Airflow/venv/lib/python3.8/site-packages/airflow/example_dags/example_python_operator.py took 0.047 seconds
[2022-09-20T17:25:01.924+0530] {processor.py:153} INFO - Started process (PID=30915) to work on /home/sayone/This PC/SayOne Technologies/Works/airflow_new/Airflow/venv/lib/python3.8/site-packages/airflow/example_dags/example_python_operator.py
[2022-09-20T17:25:01.927+0530] {processor.py:640} INFO - Processing file /home/sayone/This PC/SayOne Technologies/Works/airflow_new/Airflow/venv/lib/python3.8/site-packages/airflow/example_dags/example_python_operator.py for tasks to queue
[2022-09-20T17:25:01.928+0530] {logging_mixin.py:115} INFO - [2022-09-20T17:25:01.928+0530] {dagbag.py:508} INFO - Filling up the DagBag from /home/sayone/This PC/SayOne Technologies/Works/airflow_new/Airflow/venv/lib/python3.8/site-packages/airflow/example_dags/example_python_operator.py
[2022-09-20T17:25:01.941+0530] {processor.py:650} INFO - DAG(s) dict_keys(['example_python_operator']) retrieved from /home/sayone/This PC/SayOne Technologies/Works/airflow_new/Airflow/venv/lib/python3.8/site-packages/airflow/example_dags/example_python_operator.py
[2022-09-20T17:25:01.950+0530] {logging_mixin.py:115} INFO - [2022-09-20T17:25:01.950+0530] {dag.py:2429} INFO - Sync 1 DAGs
[2022-09-20T17:25:01.964+0530] {logging_mixin.py:115} INFO - [2022-09-20T17:25:01.964+0530] {dag.py:2977} INFO - Setting next_dagrun for example_python_operator to None, run_after=None
[2022-09-20T17:25:01.973+0530] {processor.py:161} INFO - Processing /home/sayone/This PC/SayOne Technologies/Works/airflow_new/Airflow/venv/lib/python3.8/site-packages/airflow/example_dags/example_python_operator.py took 0.052 seconds
[2022-09-20T17:25:37.947+0530] {processor.py:153} INFO - Started process (PID=31020) to work on /home/sayone/This PC/SayOne Technologies/Works/airflow_new/Airflow/venv/lib/python3.8/site-packages/airflow/example_dags/example_python_operator.py
[2022-09-20T17:25:37.949+0530] {processor.py:640} INFO - Processing file /home/sayone/This PC/SayOne Technologies/Works/airflow_new/Airflow/venv/lib/python3.8/site-packages/airflow/example_dags/example_python_operator.py for tasks to queue
[2022-09-20T17:25:37.950+0530] {logging_mixin.py:115} INFO - [2022-09-20T17:25:37.950+0530] {dagbag.py:508} INFO - Filling up the DagBag from /home/sayone/This PC/SayOne Technologies/Works/airflow_new/Airflow/venv/lib/python3.8/site-packages/airflow/example_dags/example_python_operator.py
[2022-09-20T17:25:37.963+0530] {processor.py:650} INFO - DAG(s) dict_keys(['example_python_operator']) retrieved from /home/sayone/This PC/SayOne Technologies/Works/airflow_new/Airflow/venv/lib/python3.8/site-packages/airflow/example_dags/example_python_operator.py
[2022-09-20T17:25:37.971+0530] {logging_mixin.py:115} INFO - [2022-09-20T17:25:37.971+0530] {dag.py:2429} INFO - Sync 1 DAGs
[2022-09-20T17:25:37.981+0530] {logging_mixin.py:115} INFO - [2022-09-20T17:25:37.981+0530] {dag.py:2977} INFO - Setting next_dagrun for example_python_operator to None, run_after=None
[2022-09-20T17:25:37.990+0530] {processor.py:161} INFO - Processing /home/sayone/This PC/SayOne Technologies/Works/airflow_new/Airflow/venv/lib/python3.8/site-packages/airflow/example_dags/example_python_operator.py took 0.044 seconds
[2022-09-20T17:26:15.030+0530] {processor.py:153} INFO - Started process (PID=31137) to work on /home/sayone/This PC/SayOne Technologies/Works/airflow_new/Airflow/venv/lib/python3.8/site-packages/airflow/example_dags/example_python_operator.py
[2022-09-20T17:26:15.033+0530] {processor.py:640} INFO - Processing file /home/sayone/This PC/SayOne Technologies/Works/airflow_new/Airflow/venv/lib/python3.8/site-packages/airflow/example_dags/example_python_operator.py for tasks to queue
[2022-09-20T17:26:15.034+0530] {logging_mixin.py:115} INFO - [2022-09-20T17:26:15.034+0530] {dagbag.py:508} INFO - Filling up the DagBag from /home/sayone/This PC/SayOne Technologies/Works/airflow_new/Airflow/venv/lib/python3.8/site-packages/airflow/example_dags/example_python_operator.py
[2022-09-20T17:26:15.051+0530] {processor.py:650} INFO - DAG(s) dict_keys(['example_python_operator']) retrieved from /home/sayone/This PC/SayOne Technologies/Works/airflow_new/Airflow/venv/lib/python3.8/site-packages/airflow/example_dags/example_python_operator.py
[2022-09-20T17:26:15.060+0530] {logging_mixin.py:115} INFO - [2022-09-20T17:26:15.060+0530] {dag.py:2429} INFO - Sync 1 DAGs
[2022-09-20T17:26:15.071+0530] {logging_mixin.py:115} INFO - [2022-09-20T17:26:15.070+0530] {dag.py:2977} INFO - Setting next_dagrun for example_python_operator to None, run_after=None
[2022-09-20T17:26:15.080+0530] {processor.py:161} INFO - Processing /home/sayone/This PC/SayOne Technologies/Works/airflow_new/Airflow/venv/lib/python3.8/site-packages/airflow/example_dags/example_python_operator.py took 0.051 seconds
[2022-09-20T17:26:50.927+0530] {processor.py:153} INFO - Started process (PID=31251) to work on /home/sayone/This PC/SayOne Technologies/Works/airflow_new/Airflow/venv/lib/python3.8/site-packages/airflow/example_dags/example_python_operator.py
[2022-09-20T17:26:50.930+0530] {processor.py:640} INFO - Processing file /home/sayone/This PC/SayOne Technologies/Works/airflow_new/Airflow/venv/lib/python3.8/site-packages/airflow/example_dags/example_python_operator.py for tasks to queue
[2022-09-20T17:26:50.930+0530] {logging_mixin.py:115} INFO - [2022-09-20T17:26:50.930+0530] {dagbag.py:508} INFO - Filling up the DagBag from /home/sayone/This PC/SayOne Technologies/Works/airflow_new/Airflow/venv/lib/python3.8/site-packages/airflow/example_dags/example_python_operator.py
[2022-09-20T17:26:50.948+0530] {processor.py:650} INFO - DAG(s) dict_keys(['example_python_operator']) retrieved from /home/sayone/This PC/SayOne Technologies/Works/airflow_new/Airflow/venv/lib/python3.8/site-packages/airflow/example_dags/example_python_operator.py
[2022-09-20T17:26:50.956+0530] {logging_mixin.py:115} INFO - [2022-09-20T17:26:50.956+0530] {dag.py:2429} INFO - Sync 1 DAGs
[2022-09-20T17:26:50.967+0530] {logging_mixin.py:115} INFO - [2022-09-20T17:26:50.967+0530] {dag.py:2977} INFO - Setting next_dagrun for example_python_operator to None, run_after=None
[2022-09-20T17:26:50.975+0530] {processor.py:161} INFO - Processing /home/sayone/This PC/SayOne Technologies/Works/airflow_new/Airflow/venv/lib/python3.8/site-packages/airflow/example_dags/example_python_operator.py took 0.050 seconds
[2022-09-20T17:27:28.122+0530] {processor.py:153} INFO - Started process (PID=31534) to work on /home/sayone/This PC/SayOne Technologies/Works/airflow_new/Airflow/venv/lib/python3.8/site-packages/airflow/example_dags/example_python_operator.py
[2022-09-20T17:27:28.125+0530] {processor.py:640} INFO - Processing file /home/sayone/This PC/SayOne Technologies/Works/airflow_new/Airflow/venv/lib/python3.8/site-packages/airflow/example_dags/example_python_operator.py for tasks to queue
[2022-09-20T17:27:28.125+0530] {logging_mixin.py:115} INFO - [2022-09-20T17:27:28.125+0530] {dagbag.py:508} INFO - Filling up the DagBag from /home/sayone/This PC/SayOne Technologies/Works/airflow_new/Airflow/venv/lib/python3.8/site-packages/airflow/example_dags/example_python_operator.py
[2022-09-20T17:27:28.141+0530] {processor.py:650} INFO - DAG(s) dict_keys(['example_python_operator']) retrieved from /home/sayone/This PC/SayOne Technologies/Works/airflow_new/Airflow/venv/lib/python3.8/site-packages/airflow/example_dags/example_python_operator.py
[2022-09-20T17:27:28.150+0530] {logging_mixin.py:115} INFO - [2022-09-20T17:27:28.150+0530] {dag.py:2429} INFO - Sync 1 DAGs
[2022-09-20T17:27:28.160+0530] {logging_mixin.py:115} INFO - [2022-09-20T17:27:28.160+0530] {dag.py:2977} INFO - Setting next_dagrun for example_python_operator to None, run_after=None
[2022-09-20T17:27:28.168+0530] {processor.py:161} INFO - Processing /home/sayone/This PC/SayOne Technologies/Works/airflow_new/Airflow/venv/lib/python3.8/site-packages/airflow/example_dags/example_python_operator.py took 0.048 seconds
[2022-09-20T17:28:04.040+0530] {processor.py:153} INFO - Started process (PID=31652) to work on /home/sayone/This PC/SayOne Technologies/Works/airflow_new/Airflow/venv/lib/python3.8/site-packages/airflow/example_dags/example_python_operator.py
[2022-09-20T17:28:04.043+0530] {processor.py:640} INFO - Processing file /home/sayone/This PC/SayOne Technologies/Works/airflow_new/Airflow/venv/lib/python3.8/site-packages/airflow/example_dags/example_python_operator.py for tasks to queue
[2022-09-20T17:28:04.044+0530] {logging_mixin.py:115} INFO - [2022-09-20T17:28:04.044+0530] {dagbag.py:508} INFO - Filling up the DagBag from /home/sayone/This PC/SayOne Technologies/Works/airflow_new/Airflow/venv/lib/python3.8/site-packages/airflow/example_dags/example_python_operator.py
[2022-09-20T17:28:04.062+0530] {processor.py:650} INFO - DAG(s) dict_keys(['example_python_operator']) retrieved from /home/sayone/This PC/SayOne Technologies/Works/airflow_new/Airflow/venv/lib/python3.8/site-packages/airflow/example_dags/example_python_operator.py
[2022-09-20T17:28:04.070+0530] {logging_mixin.py:115} INFO - [2022-09-20T17:28:04.070+0530] {dag.py:2429} INFO - Sync 1 DAGs
[2022-09-20T17:28:04.081+0530] {logging_mixin.py:115} INFO - [2022-09-20T17:28:04.081+0530] {dag.py:2977} INFO - Setting next_dagrun for example_python_operator to None, run_after=None
[2022-09-20T17:28:04.089+0530] {processor.py:161} INFO - Processing /home/sayone/This PC/SayOne Technologies/Works/airflow_new/Airflow/venv/lib/python3.8/site-packages/airflow/example_dags/example_python_operator.py took 0.050 seconds
[2022-09-20T17:28:40.062+0530] {processor.py:153} INFO - Started process (PID=31729) to work on /home/sayone/This PC/SayOne Technologies/Works/airflow_new/Airflow/venv/lib/python3.8/site-packages/airflow/example_dags/example_python_operator.py
[2022-09-20T17:28:40.066+0530] {processor.py:640} INFO - Processing file /home/sayone/This PC/SayOne Technologies/Works/airflow_new/Airflow/venv/lib/python3.8/site-packages/airflow/example_dags/example_python_operator.py for tasks to queue
[2022-09-20T17:28:40.067+0530] {logging_mixin.py:115} INFO - [2022-09-20T17:28:40.066+0530] {dagbag.py:508} INFO - Filling up the DagBag from /home/sayone/This PC/SayOne Technologies/Works/airflow_new/Airflow/venv/lib/python3.8/site-packages/airflow/example_dags/example_python_operator.py
[2022-09-20T17:28:40.085+0530] {processor.py:650} INFO - DAG(s) dict_keys(['example_python_operator']) retrieved from /home/sayone/This PC/SayOne Technologies/Works/airflow_new/Airflow/venv/lib/python3.8/site-packages/airflow/example_dags/example_python_operator.py
[2022-09-20T17:28:40.093+0530] {logging_mixin.py:115} INFO - [2022-09-20T17:28:40.093+0530] {dag.py:2429} INFO - Sync 1 DAGs
[2022-09-20T17:28:40.104+0530] {logging_mixin.py:115} INFO - [2022-09-20T17:28:40.104+0530] {dag.py:2977} INFO - Setting next_dagrun for example_python_operator to None, run_after=None
[2022-09-20T17:28:40.112+0530] {processor.py:161} INFO - Processing /home/sayone/This PC/SayOne Technologies/Works/airflow_new/Airflow/venv/lib/python3.8/site-packages/airflow/example_dags/example_python_operator.py took 0.051 seconds
[2022-09-20T17:29:16.474+0530] {processor.py:153} INFO - Started process (PID=31855) to work on /home/sayone/This PC/SayOne Technologies/Works/airflow_new/Airflow/venv/lib/python3.8/site-packages/airflow/example_dags/example_python_operator.py
[2022-09-20T17:29:16.476+0530] {processor.py:640} INFO - Processing file /home/sayone/This PC/SayOne Technologies/Works/airflow_new/Airflow/venv/lib/python3.8/site-packages/airflow/example_dags/example_python_operator.py for tasks to queue
[2022-09-20T17:29:16.477+0530] {logging_mixin.py:115} INFO - [2022-09-20T17:29:16.476+0530] {dagbag.py:508} INFO - Filling up the DagBag from /home/sayone/This PC/SayOne Technologies/Works/airflow_new/Airflow/venv/lib/python3.8/site-packages/airflow/example_dags/example_python_operator.py
[2022-09-20T17:29:16.493+0530] {processor.py:650} INFO - DAG(s) dict_keys(['example_python_operator']) retrieved from /home/sayone/This PC/SayOne Technologies/Works/airflow_new/Airflow/venv/lib/python3.8/site-packages/airflow/example_dags/example_python_operator.py
[2022-09-20T17:29:16.501+0530] {logging_mixin.py:115} INFO - [2022-09-20T17:29:16.501+0530] {dag.py:2429} INFO - Sync 1 DAGs
[2022-09-20T17:29:16.512+0530] {logging_mixin.py:115} INFO - [2022-09-20T17:29:16.512+0530] {dag.py:2977} INFO - Setting next_dagrun for example_python_operator to None, run_after=None
[2022-09-20T17:29:16.519+0530] {processor.py:161} INFO - Processing /home/sayone/This PC/SayOne Technologies/Works/airflow_new/Airflow/venv/lib/python3.8/site-packages/airflow/example_dags/example_python_operator.py took 0.050 seconds
[2022-09-20T17:29:51.299+0530] {processor.py:153} INFO - Started process (PID=32019) to work on /home/sayone/This PC/SayOne Technologies/Works/airflow_new/Airflow/venv/lib/python3.8/site-packages/airflow/example_dags/example_python_operator.py
[2022-09-20T17:29:51.302+0530] {processor.py:640} INFO - Processing file /home/sayone/This PC/SayOne Technologies/Works/airflow_new/Airflow/venv/lib/python3.8/site-packages/airflow/example_dags/example_python_operator.py for tasks to queue
[2022-09-20T17:29:51.303+0530] {logging_mixin.py:115} INFO - [2022-09-20T17:29:51.303+0530] {dagbag.py:508} INFO - Filling up the DagBag from /home/sayone/This PC/SayOne Technologies/Works/airflow_new/Airflow/venv/lib/python3.8/site-packages/airflow/example_dags/example_python_operator.py
[2022-09-20T17:29:51.321+0530] {processor.py:650} INFO - DAG(s) dict_keys(['example_python_operator']) retrieved from /home/sayone/This PC/SayOne Technologies/Works/airflow_new/Airflow/venv/lib/python3.8/site-packages/airflow/example_dags/example_python_operator.py
[2022-09-20T17:29:51.330+0530] {logging_mixin.py:115} INFO - [2022-09-20T17:29:51.330+0530] {dag.py:2429} INFO - Sync 1 DAGs
[2022-09-20T17:29:51.340+0530] {logging_mixin.py:115} INFO - [2022-09-20T17:29:51.340+0530] {dag.py:2977} INFO - Setting next_dagrun for example_python_operator to None, run_after=None
[2022-09-20T17:29:51.349+0530] {processor.py:161} INFO - Processing /home/sayone/This PC/SayOne Technologies/Works/airflow_new/Airflow/venv/lib/python3.8/site-packages/airflow/example_dags/example_python_operator.py took 0.053 seconds
[2022-09-20T17:30:28.551+0530] {processor.py:153} INFO - Started process (PID=32116) to work on /home/sayone/This PC/SayOne Technologies/Works/airflow_new/Airflow/venv/lib/python3.8/site-packages/airflow/example_dags/example_python_operator.py
[2022-09-20T17:30:28.554+0530] {processor.py:640} INFO - Processing file /home/sayone/This PC/SayOne Technologies/Works/airflow_new/Airflow/venv/lib/python3.8/site-packages/airflow/example_dags/example_python_operator.py for tasks to queue
[2022-09-20T17:30:28.555+0530] {logging_mixin.py:115} INFO - [2022-09-20T17:30:28.554+0530] {dagbag.py:508} INFO - Filling up the DagBag from /home/sayone/This PC/SayOne Technologies/Works/airflow_new/Airflow/venv/lib/python3.8/site-packages/airflow/example_dags/example_python_operator.py
[2022-09-20T17:30:28.572+0530] {processor.py:650} INFO - DAG(s) dict_keys(['example_python_operator']) retrieved from /home/sayone/This PC/SayOne Technologies/Works/airflow_new/Airflow/venv/lib/python3.8/site-packages/airflow/example_dags/example_python_operator.py
[2022-09-20T17:30:28.580+0530] {logging_mixin.py:115} INFO - [2022-09-20T17:30:28.580+0530] {dag.py:2429} INFO - Sync 1 DAGs
[2022-09-20T17:30:28.592+0530] {logging_mixin.py:115} INFO - [2022-09-20T17:30:28.592+0530] {dag.py:2977} INFO - Setting next_dagrun for example_python_operator to None, run_after=None
[2022-09-20T17:30:28.600+0530] {processor.py:161} INFO - Processing /home/sayone/This PC/SayOne Technologies/Works/airflow_new/Airflow/venv/lib/python3.8/site-packages/airflow/example_dags/example_python_operator.py took 0.053 seconds
[2022-09-20T17:31:04.166+0530] {processor.py:153} INFO - Started process (PID=32239) to work on /home/sayone/This PC/SayOne Technologies/Works/airflow_new/Airflow/venv/lib/python3.8/site-packages/airflow/example_dags/example_python_operator.py
[2022-09-20T17:31:04.169+0530] {processor.py:640} INFO - Processing file /home/sayone/This PC/SayOne Technologies/Works/airflow_new/Airflow/venv/lib/python3.8/site-packages/airflow/example_dags/example_python_operator.py for tasks to queue
[2022-09-20T17:31:04.170+0530] {logging_mixin.py:115} INFO - [2022-09-20T17:31:04.170+0530] {dagbag.py:508} INFO - Filling up the DagBag from /home/sayone/This PC/SayOne Technologies/Works/airflow_new/Airflow/venv/lib/python3.8/site-packages/airflow/example_dags/example_python_operator.py
[2022-09-20T17:31:04.188+0530] {processor.py:650} INFO - DAG(s) dict_keys(['example_python_operator']) retrieved from /home/sayone/This PC/SayOne Technologies/Works/airflow_new/Airflow/venv/lib/python3.8/site-packages/airflow/example_dags/example_python_operator.py
[2022-09-20T17:31:04.196+0530] {logging_mixin.py:115} INFO - [2022-09-20T17:31:04.196+0530] {dag.py:2429} INFO - Sync 1 DAGs
[2022-09-20T17:31:04.207+0530] {logging_mixin.py:115} INFO - [2022-09-20T17:31:04.207+0530] {dag.py:2977} INFO - Setting next_dagrun for example_python_operator to None, run_after=None
[2022-09-20T17:31:04.215+0530] {processor.py:161} INFO - Processing /home/sayone/This PC/SayOne Technologies/Works/airflow_new/Airflow/venv/lib/python3.8/site-packages/airflow/example_dags/example_python_operator.py took 0.052 seconds
[2022-09-20T17:31:41.652+0530] {processor.py:153} INFO - Started process (PID=32312) to work on /home/sayone/This PC/SayOne Technologies/Works/airflow_new/Airflow/venv/lib/python3.8/site-packages/airflow/example_dags/example_python_operator.py
[2022-09-20T17:31:41.654+0530] {processor.py:640} INFO - Processing file /home/sayone/This PC/SayOne Technologies/Works/airflow_new/Airflow/venv/lib/python3.8/site-packages/airflow/example_dags/example_python_operator.py for tasks to queue
[2022-09-20T17:31:41.655+0530] {logging_mixin.py:115} INFO - [2022-09-20T17:31:41.655+0530] {dagbag.py:508} INFO - Filling up the DagBag from /home/sayone/This PC/SayOne Technologies/Works/airflow_new/Airflow/venv/lib/python3.8/site-packages/airflow/example_dags/example_python_operator.py
[2022-09-20T17:31:41.673+0530] {processor.py:650} INFO - DAG(s) dict_keys(['example_python_operator']) retrieved from /home/sayone/This PC/SayOne Technologies/Works/airflow_new/Airflow/venv/lib/python3.8/site-packages/airflow/example_dags/example_python_operator.py
[2022-09-20T17:31:41.681+0530] {logging_mixin.py:115} INFO - [2022-09-20T17:31:41.681+0530] {dag.py:2429} INFO - Sync 1 DAGs
[2022-09-20T17:31:41.692+0530] {logging_mixin.py:115} INFO - [2022-09-20T17:31:41.692+0530] {dag.py:2977} INFO - Setting next_dagrun for example_python_operator to None, run_after=None
[2022-09-20T17:31:41.701+0530] {processor.py:161} INFO - Processing /home/sayone/This PC/SayOne Technologies/Works/airflow_new/Airflow/venv/lib/python3.8/site-packages/airflow/example_dags/example_python_operator.py took 0.051 seconds
[2022-09-20T17:32:16.122+0530] {processor.py:153} INFO - Started process (PID=32510) to work on /home/sayone/This PC/SayOne Technologies/Works/airflow_new/Airflow/venv/lib/python3.8/site-packages/airflow/example_dags/example_python_operator.py
[2022-09-20T17:32:16.123+0530] {processor.py:640} INFO - Processing file /home/sayone/This PC/SayOne Technologies/Works/airflow_new/Airflow/venv/lib/python3.8/site-packages/airflow/example_dags/example_python_operator.py for tasks to queue
[2022-09-20T17:32:16.124+0530] {logging_mixin.py:115} INFO - [2022-09-20T17:32:16.124+0530] {dagbag.py:508} INFO - Filling up the DagBag from /home/sayone/This PC/SayOne Technologies/Works/airflow_new/Airflow/venv/lib/python3.8/site-packages/airflow/example_dags/example_python_operator.py
[2022-09-20T17:32:16.141+0530] {processor.py:650} INFO - DAG(s) dict_keys(['example_python_operator']) retrieved from /home/sayone/This PC/SayOne Technologies/Works/airflow_new/Airflow/venv/lib/python3.8/site-packages/airflow/example_dags/example_python_operator.py
[2022-09-20T17:32:16.149+0530] {logging_mixin.py:115} INFO - [2022-09-20T17:32:16.149+0530] {dag.py:2429} INFO - Sync 1 DAGs
[2022-09-20T17:32:16.160+0530] {logging_mixin.py:115} INFO - [2022-09-20T17:32:16.160+0530] {dag.py:2977} INFO - Setting next_dagrun for example_python_operator to None, run_after=None
[2022-09-20T17:32:16.168+0530] {processor.py:161} INFO - Processing /home/sayone/This PC/SayOne Technologies/Works/airflow_new/Airflow/venv/lib/python3.8/site-packages/airflow/example_dags/example_python_operator.py took 0.048 seconds
[2022-09-20T17:32:52.442+0530] {processor.py:153} INFO - Started process (PID=32626) to work on /home/sayone/This PC/SayOne Technologies/Works/airflow_new/Airflow/venv/lib/python3.8/site-packages/airflow/example_dags/example_python_operator.py
[2022-09-20T17:32:52.445+0530] {processor.py:640} INFO - Processing file /home/sayone/This PC/SayOne Technologies/Works/airflow_new/Airflow/venv/lib/python3.8/site-packages/airflow/example_dags/example_python_operator.py for tasks to queue
[2022-09-20T17:32:52.447+0530] {logging_mixin.py:115} INFO - [2022-09-20T17:32:52.446+0530] {dagbag.py:508} INFO - Filling up the DagBag from /home/sayone/This PC/SayOne Technologies/Works/airflow_new/Airflow/venv/lib/python3.8/site-packages/airflow/example_dags/example_python_operator.py
[2022-09-20T17:32:52.459+0530] {processor.py:650} INFO - DAG(s) dict_keys(['example_python_operator']) retrieved from /home/sayone/This PC/SayOne Technologies/Works/airflow_new/Airflow/venv/lib/python3.8/site-packages/airflow/example_dags/example_python_operator.py
[2022-09-20T17:32:52.468+0530] {logging_mixin.py:115} INFO - [2022-09-20T17:32:52.468+0530] {dag.py:2429} INFO - Sync 1 DAGs
[2022-09-20T17:32:52.478+0530] {logging_mixin.py:115} INFO - [2022-09-20T17:32:52.478+0530] {dag.py:2977} INFO - Setting next_dagrun for example_python_operator to None, run_after=None
[2022-09-20T17:32:52.486+0530] {processor.py:161} INFO - Processing /home/sayone/This PC/SayOne Technologies/Works/airflow_new/Airflow/venv/lib/python3.8/site-packages/airflow/example_dags/example_python_operator.py took 0.046 seconds
[2022-09-20T17:33:27.084+0530] {processor.py:153} INFO - Started process (PID=32728) to work on /home/sayone/This PC/SayOne Technologies/Works/airflow_new/Airflow/venv/lib/python3.8/site-packages/airflow/example_dags/example_python_operator.py
[2022-09-20T17:33:27.087+0530] {processor.py:640} INFO - Processing file /home/sayone/This PC/SayOne Technologies/Works/airflow_new/Airflow/venv/lib/python3.8/site-packages/airflow/example_dags/example_python_operator.py for tasks to queue
[2022-09-20T17:33:27.087+0530] {logging_mixin.py:115} INFO - [2022-09-20T17:33:27.087+0530] {dagbag.py:508} INFO - Filling up the DagBag from /home/sayone/This PC/SayOne Technologies/Works/airflow_new/Airflow/venv/lib/python3.8/site-packages/airflow/example_dags/example_python_operator.py
[2022-09-20T17:33:27.103+0530] {processor.py:650} INFO - DAG(s) dict_keys(['example_python_operator']) retrieved from /home/sayone/This PC/SayOne Technologies/Works/airflow_new/Airflow/venv/lib/python3.8/site-packages/airflow/example_dags/example_python_operator.py
[2022-09-20T17:33:27.111+0530] {logging_mixin.py:115} INFO - [2022-09-20T17:33:27.111+0530] {dag.py:2429} INFO - Sync 1 DAGs
[2022-09-20T17:33:27.121+0530] {logging_mixin.py:115} INFO - [2022-09-20T17:33:27.121+0530] {dag.py:2977} INFO - Setting next_dagrun for example_python_operator to None, run_after=None
[2022-09-20T17:33:27.130+0530] {processor.py:161} INFO - Processing /home/sayone/This PC/SayOne Technologies/Works/airflow_new/Airflow/venv/lib/python3.8/site-packages/airflow/example_dags/example_python_operator.py took 0.047 seconds
[2022-09-20T17:34:04.448+0530] {processor.py:153} INFO - Started process (PID=32831) to work on /home/sayone/This PC/SayOne Technologies/Works/airflow_new/Airflow/venv/lib/python3.8/site-packages/airflow/example_dags/example_python_operator.py
[2022-09-20T17:34:04.451+0530] {processor.py:640} INFO - Processing file /home/sayone/This PC/SayOne Technologies/Works/airflow_new/Airflow/venv/lib/python3.8/site-packages/airflow/example_dags/example_python_operator.py for tasks to queue
[2022-09-20T17:34:04.452+0530] {logging_mixin.py:115} INFO - [2022-09-20T17:34:04.451+0530] {dagbag.py:508} INFO - Filling up the DagBag from /home/sayone/This PC/SayOne Technologies/Works/airflow_new/Airflow/venv/lib/python3.8/site-packages/airflow/example_dags/example_python_operator.py
[2022-09-20T17:34:04.469+0530] {processor.py:650} INFO - DAG(s) dict_keys(['example_python_operator']) retrieved from /home/sayone/This PC/SayOne Technologies/Works/airflow_new/Airflow/venv/lib/python3.8/site-packages/airflow/example_dags/example_python_operator.py
[2022-09-20T17:34:04.478+0530] {logging_mixin.py:115} INFO - [2022-09-20T17:34:04.478+0530] {dag.py:2429} INFO - Sync 1 DAGs
[2022-09-20T17:34:04.488+0530] {logging_mixin.py:115} INFO - [2022-09-20T17:34:04.488+0530] {dag.py:2977} INFO - Setting next_dagrun for example_python_operator to None, run_after=None
[2022-09-20T17:34:04.496+0530] {processor.py:161} INFO - Processing /home/sayone/This PC/SayOne Technologies/Works/airflow_new/Airflow/venv/lib/python3.8/site-packages/airflow/example_dags/example_python_operator.py took 0.052 seconds
[2022-09-20T17:34:40.402+0530] {processor.py:153} INFO - Started process (PID=33063) to work on /home/sayone/This PC/SayOne Technologies/Works/airflow_new/Airflow/venv/lib/python3.8/site-packages/airflow/example_dags/example_python_operator.py
[2022-09-20T17:34:40.405+0530] {processor.py:640} INFO - Processing file /home/sayone/This PC/SayOne Technologies/Works/airflow_new/Airflow/venv/lib/python3.8/site-packages/airflow/example_dags/example_python_operator.py for tasks to queue
[2022-09-20T17:34:40.405+0530] {logging_mixin.py:115} INFO - [2022-09-20T17:34:40.405+0530] {dagbag.py:508} INFO - Filling up the DagBag from /home/sayone/This PC/SayOne Technologies/Works/airflow_new/Airflow/venv/lib/python3.8/site-packages/airflow/example_dags/example_python_operator.py
[2022-09-20T17:34:40.420+0530] {processor.py:650} INFO - DAG(s) dict_keys(['example_python_operator']) retrieved from /home/sayone/This PC/SayOne Technologies/Works/airflow_new/Airflow/venv/lib/python3.8/site-packages/airflow/example_dags/example_python_operator.py
[2022-09-20T17:34:40.429+0530] {logging_mixin.py:115} INFO - [2022-09-20T17:34:40.429+0530] {dag.py:2429} INFO - Sync 1 DAGs
[2022-09-20T17:34:40.439+0530] {logging_mixin.py:115} INFO - [2022-09-20T17:34:40.439+0530] {dag.py:2977} INFO - Setting next_dagrun for example_python_operator to None, run_after=None
[2022-09-20T17:34:40.447+0530] {processor.py:161} INFO - Processing /home/sayone/This PC/SayOne Technologies/Works/airflow_new/Airflow/venv/lib/python3.8/site-packages/airflow/example_dags/example_python_operator.py took 0.047 seconds
[2022-09-20T17:35:16.455+0530] {processor.py:153} INFO - Started process (PID=33163) to work on /home/sayone/This PC/SayOne Technologies/Works/airflow_new/Airflow/venv/lib/python3.8/site-packages/airflow/example_dags/example_python_operator.py
[2022-09-20T17:35:16.457+0530] {processor.py:640} INFO - Processing file /home/sayone/This PC/SayOne Technologies/Works/airflow_new/Airflow/venv/lib/python3.8/site-packages/airflow/example_dags/example_python_operator.py for tasks to queue
[2022-09-20T17:35:16.458+0530] {logging_mixin.py:115} INFO - [2022-09-20T17:35:16.458+0530] {dagbag.py:508} INFO - Filling up the DagBag from /home/sayone/This PC/SayOne Technologies/Works/airflow_new/Airflow/venv/lib/python3.8/site-packages/airflow/example_dags/example_python_operator.py
[2022-09-20T17:35:16.475+0530] {processor.py:650} INFO - DAG(s) dict_keys(['example_python_operator']) retrieved from /home/sayone/This PC/SayOne Technologies/Works/airflow_new/Airflow/venv/lib/python3.8/site-packages/airflow/example_dags/example_python_operator.py
[2022-09-20T17:35:16.484+0530] {logging_mixin.py:115} INFO - [2022-09-20T17:35:16.484+0530] {dag.py:2429} INFO - Sync 1 DAGs
[2022-09-20T17:35:16.494+0530] {logging_mixin.py:115} INFO - [2022-09-20T17:35:16.494+0530] {dag.py:2977} INFO - Setting next_dagrun for example_python_operator to None, run_after=None
[2022-09-20T17:35:16.502+0530] {processor.py:161} INFO - Processing /home/sayone/This PC/SayOne Technologies/Works/airflow_new/Airflow/venv/lib/python3.8/site-packages/airflow/example_dags/example_python_operator.py took 0.049 seconds
[2022-09-20T17:35:52.497+0530] {processor.py:153} INFO - Started process (PID=33228) to work on /home/sayone/This PC/SayOne Technologies/Works/airflow_new/Airflow/venv/lib/python3.8/site-packages/airflow/example_dags/example_python_operator.py
[2022-09-20T17:35:52.499+0530] {processor.py:640} INFO - Processing file /home/sayone/This PC/SayOne Technologies/Works/airflow_new/Airflow/venv/lib/python3.8/site-packages/airflow/example_dags/example_python_operator.py for tasks to queue
[2022-09-20T17:35:52.499+0530] {logging_mixin.py:115} INFO - [2022-09-20T17:35:52.499+0530] {dagbag.py:508} INFO - Filling up the DagBag from /home/sayone/This PC/SayOne Technologies/Works/airflow_new/Airflow/venv/lib/python3.8/site-packages/airflow/example_dags/example_python_operator.py
[2022-09-20T17:35:52.515+0530] {processor.py:650} INFO - DAG(s) dict_keys(['example_python_operator']) retrieved from /home/sayone/This PC/SayOne Technologies/Works/airflow_new/Airflow/venv/lib/python3.8/site-packages/airflow/example_dags/example_python_operator.py
[2022-09-20T17:35:52.524+0530] {logging_mixin.py:115} INFO - [2022-09-20T17:35:52.524+0530] {dag.py:2429} INFO - Sync 1 DAGs
[2022-09-20T17:35:52.534+0530] {logging_mixin.py:115} INFO - [2022-09-20T17:35:52.534+0530] {dag.py:2977} INFO - Setting next_dagrun for example_python_operator to None, run_after=None
[2022-09-20T17:35:52.543+0530] {processor.py:161} INFO - Processing /home/sayone/This PC/SayOne Technologies/Works/airflow_new/Airflow/venv/lib/python3.8/site-packages/airflow/example_dags/example_python_operator.py took 0.048 seconds
[2022-09-20T17:36:30.742+0530] {processor.py:153} INFO - Started process (PID=33389) to work on /home/sayone/This PC/SayOne Technologies/Works/airflow_new/Airflow/venv/lib/python3.8/site-packages/airflow/example_dags/example_python_operator.py
[2022-09-20T17:36:30.745+0530] {processor.py:640} INFO - Processing file /home/sayone/This PC/SayOne Technologies/Works/airflow_new/Airflow/venv/lib/python3.8/site-packages/airflow/example_dags/example_python_operator.py for tasks to queue
[2022-09-20T17:36:30.746+0530] {logging_mixin.py:115} INFO - [2022-09-20T17:36:30.746+0530] {dagbag.py:508} INFO - Filling up the DagBag from /home/sayone/This PC/SayOne Technologies/Works/airflow_new/Airflow/venv/lib/python3.8/site-packages/airflow/example_dags/example_python_operator.py
[2022-09-20T17:36:30.759+0530] {processor.py:650} INFO - DAG(s) dict_keys(['example_python_operator']) retrieved from /home/sayone/This PC/SayOne Technologies/Works/airflow_new/Airflow/venv/lib/python3.8/site-packages/airflow/example_dags/example_python_operator.py
[2022-09-20T17:36:30.772+0530] {logging_mixin.py:115} INFO - [2022-09-20T17:36:30.772+0530] {dag.py:2429} INFO - Sync 1 DAGs
[2022-09-20T17:36:30.791+0530] {logging_mixin.py:115} INFO - [2022-09-20T17:36:30.791+0530] {dag.py:2977} INFO - Setting next_dagrun for example_python_operator to None, run_after=None
[2022-09-20T17:36:30.802+0530] {processor.py:161} INFO - Processing /home/sayone/This PC/SayOne Technologies/Works/airflow_new/Airflow/venv/lib/python3.8/site-packages/airflow/example_dags/example_python_operator.py took 0.065 seconds
[2022-09-20T17:37:05.653+0530] {processor.py:153} INFO - Started process (PID=33592) to work on /home/sayone/This PC/SayOne Technologies/Works/airflow_new/Airflow/venv/lib/python3.8/site-packages/airflow/example_dags/example_python_operator.py
[2022-09-20T17:37:05.656+0530] {processor.py:640} INFO - Processing file /home/sayone/This PC/SayOne Technologies/Works/airflow_new/Airflow/venv/lib/python3.8/site-packages/airflow/example_dags/example_python_operator.py for tasks to queue
[2022-09-20T17:37:05.657+0530] {logging_mixin.py:115} INFO - [2022-09-20T17:37:05.657+0530] {dagbag.py:508} INFO - Filling up the DagBag from /home/sayone/This PC/SayOne Technologies/Works/airflow_new/Airflow/venv/lib/python3.8/site-packages/airflow/example_dags/example_python_operator.py
[2022-09-20T17:37:05.673+0530] {processor.py:650} INFO - DAG(s) dict_keys(['example_python_operator']) retrieved from /home/sayone/This PC/SayOne Technologies/Works/airflow_new/Airflow/venv/lib/python3.8/site-packages/airflow/example_dags/example_python_operator.py
[2022-09-20T17:37:05.682+0530] {logging_mixin.py:115} INFO - [2022-09-20T17:37:05.682+0530] {dag.py:2429} INFO - Sync 1 DAGs
[2022-09-20T17:37:05.697+0530] {logging_mixin.py:115} INFO - [2022-09-20T17:37:05.697+0530] {dag.py:2977} INFO - Setting next_dagrun for example_python_operator to None, run_after=None
[2022-09-20T17:37:05.708+0530] {processor.py:161} INFO - Processing /home/sayone/This PC/SayOne Technologies/Works/airflow_new/Airflow/venv/lib/python3.8/site-packages/airflow/example_dags/example_python_operator.py took 0.059 seconds
[2022-09-20T17:37:42.844+0530] {processor.py:153} INFO - Started process (PID=33734) to work on /home/sayone/This PC/SayOne Technologies/Works/airflow_new/Airflow/venv/lib/python3.8/site-packages/airflow/example_dags/example_python_operator.py
[2022-09-20T17:37:42.846+0530] {processor.py:640} INFO - Processing file /home/sayone/This PC/SayOne Technologies/Works/airflow_new/Airflow/venv/lib/python3.8/site-packages/airflow/example_dags/example_python_operator.py for tasks to queue
[2022-09-20T17:37:42.847+0530] {logging_mixin.py:115} INFO - [2022-09-20T17:37:42.847+0530] {dagbag.py:508} INFO - Filling up the DagBag from /home/sayone/This PC/SayOne Technologies/Works/airflow_new/Airflow/venv/lib/python3.8/site-packages/airflow/example_dags/example_python_operator.py
[2022-09-20T17:37:42.865+0530] {processor.py:650} INFO - DAG(s) dict_keys(['example_python_operator']) retrieved from /home/sayone/This PC/SayOne Technologies/Works/airflow_new/Airflow/venv/lib/python3.8/site-packages/airflow/example_dags/example_python_operator.py
[2022-09-20T17:37:42.873+0530] {logging_mixin.py:115} INFO - [2022-09-20T17:37:42.873+0530] {dag.py:2429} INFO - Sync 1 DAGs
[2022-09-20T17:37:42.884+0530] {logging_mixin.py:115} INFO - [2022-09-20T17:37:42.884+0530] {dag.py:2977} INFO - Setting next_dagrun for example_python_operator to None, run_after=None
[2022-09-20T17:37:42.892+0530] {processor.py:161} INFO - Processing /home/sayone/This PC/SayOne Technologies/Works/airflow_new/Airflow/venv/lib/python3.8/site-packages/airflow/example_dags/example_python_operator.py took 0.050 seconds
[2022-09-20T17:38:29.331+0530] {processor.py:153} INFO - Started process (PID=33859) to work on /home/sayone/This PC/SayOne Technologies/Works/airflow_new/Airflow/venv/lib/python3.8/site-packages/airflow/example_dags/example_python_operator.py
[2022-09-20T17:38:29.333+0530] {processor.py:640} INFO - Processing file /home/sayone/This PC/SayOne Technologies/Works/airflow_new/Airflow/venv/lib/python3.8/site-packages/airflow/example_dags/example_python_operator.py for tasks to queue
[2022-09-20T17:38:29.334+0530] {logging_mixin.py:115} INFO - [2022-09-20T17:38:29.334+0530] {dagbag.py:508} INFO - Filling up the DagBag from /home/sayone/This PC/SayOne Technologies/Works/airflow_new/Airflow/venv/lib/python3.8/site-packages/airflow/example_dags/example_python_operator.py
[2022-09-20T17:38:29.348+0530] {processor.py:650} INFO - DAG(s) dict_keys(['example_python_operator']) retrieved from /home/sayone/This PC/SayOne Technologies/Works/airflow_new/Airflow/venv/lib/python3.8/site-packages/airflow/example_dags/example_python_operator.py
[2022-09-20T17:38:29.362+0530] {logging_mixin.py:115} INFO - [2022-09-20T17:38:29.362+0530] {dag.py:2429} INFO - Sync 1 DAGs
[2022-09-20T17:38:29.374+0530] {logging_mixin.py:115} INFO - [2022-09-20T17:38:29.373+0530] {dag.py:2977} INFO - Setting next_dagrun for example_python_operator to None, run_after=None
[2022-09-20T17:38:29.382+0530] {processor.py:161} INFO - Processing /home/sayone/This PC/SayOne Technologies/Works/airflow_new/Airflow/venv/lib/python3.8/site-packages/airflow/example_dags/example_python_operator.py took 0.053 seconds
[2022-09-20T17:39:07.635+0530] {processor.py:153} INFO - Started process (PID=33963) to work on /home/sayone/This PC/SayOne Technologies/Works/airflow_new/Airflow/venv/lib/python3.8/site-packages/airflow/example_dags/example_python_operator.py
[2022-09-20T17:39:07.638+0530] {processor.py:640} INFO - Processing file /home/sayone/This PC/SayOne Technologies/Works/airflow_new/Airflow/venv/lib/python3.8/site-packages/airflow/example_dags/example_python_operator.py for tasks to queue
[2022-09-20T17:39:07.639+0530] {logging_mixin.py:115} INFO - [2022-09-20T17:39:07.639+0530] {dagbag.py:508} INFO - Filling up the DagBag from /home/sayone/This PC/SayOne Technologies/Works/airflow_new/Airflow/venv/lib/python3.8/site-packages/airflow/example_dags/example_python_operator.py
[2022-09-20T17:39:07.654+0530] {processor.py:650} INFO - DAG(s) dict_keys(['example_python_operator']) retrieved from /home/sayone/This PC/SayOne Technologies/Works/airflow_new/Airflow/venv/lib/python3.8/site-packages/airflow/example_dags/example_python_operator.py
[2022-09-20T17:39:07.665+0530] {logging_mixin.py:115} INFO - [2022-09-20T17:39:07.664+0530] {dag.py:2429} INFO - Sync 1 DAGs
[2022-09-20T17:39:07.679+0530] {logging_mixin.py:115} INFO - [2022-09-20T17:39:07.679+0530] {dag.py:2977} INFO - Setting next_dagrun for example_python_operator to None, run_after=None
[2022-09-20T17:39:07.692+0530] {processor.py:161} INFO - Processing /home/sayone/This PC/SayOne Technologies/Works/airflow_new/Airflow/venv/lib/python3.8/site-packages/airflow/example_dags/example_python_operator.py took 0.061 seconds
[2022-09-20T17:39:40.245+0530] {processor.py:153} INFO - Started process (PID=34098) to work on /home/sayone/This PC/SayOne Technologies/Works/airflow_new/Airflow/venv/lib/python3.8/site-packages/airflow/example_dags/example_python_operator.py
[2022-09-20T17:39:40.248+0530] {processor.py:640} INFO - Processing file /home/sayone/This PC/SayOne Technologies/Works/airflow_new/Airflow/venv/lib/python3.8/site-packages/airflow/example_dags/example_python_operator.py for tasks to queue
[2022-09-20T17:39:40.249+0530] {logging_mixin.py:115} INFO - [2022-09-20T17:39:40.249+0530] {dagbag.py:508} INFO - Filling up the DagBag from /home/sayone/This PC/SayOne Technologies/Works/airflow_new/Airflow/venv/lib/python3.8/site-packages/airflow/example_dags/example_python_operator.py
[2022-09-20T17:39:40.264+0530] {processor.py:650} INFO - DAG(s) dict_keys(['example_python_operator']) retrieved from /home/sayone/This PC/SayOne Technologies/Works/airflow_new/Airflow/venv/lib/python3.8/site-packages/airflow/example_dags/example_python_operator.py
[2022-09-20T17:39:40.272+0530] {logging_mixin.py:115} INFO - [2022-09-20T17:39:40.272+0530] {dag.py:2429} INFO - Sync 1 DAGs
[2022-09-20T17:39:40.284+0530] {logging_mixin.py:115} INFO - [2022-09-20T17:39:40.284+0530] {dag.py:2977} INFO - Setting next_dagrun for example_python_operator to None, run_after=None
[2022-09-20T17:39:40.293+0530] {processor.py:161} INFO - Processing /home/sayone/This PC/SayOne Technologies/Works/airflow_new/Airflow/venv/lib/python3.8/site-packages/airflow/example_dags/example_python_operator.py took 0.053 seconds
[2022-09-20T17:40:18.566+0530] {processor.py:153} INFO - Started process (PID=34203) to work on /home/sayone/This PC/SayOne Technologies/Works/airflow_new/Airflow/venv/lib/python3.8/site-packages/airflow/example_dags/example_python_operator.py
[2022-09-20T17:40:18.569+0530] {processor.py:640} INFO - Processing file /home/sayone/This PC/SayOne Technologies/Works/airflow_new/Airflow/venv/lib/python3.8/site-packages/airflow/example_dags/example_python_operator.py for tasks to queue
[2022-09-20T17:40:18.570+0530] {logging_mixin.py:115} INFO - [2022-09-20T17:40:18.570+0530] {dagbag.py:508} INFO - Filling up the DagBag from /home/sayone/This PC/SayOne Technologies/Works/airflow_new/Airflow/venv/lib/python3.8/site-packages/airflow/example_dags/example_python_operator.py
[2022-09-20T17:40:18.586+0530] {processor.py:650} INFO - DAG(s) dict_keys(['example_python_operator']) retrieved from /home/sayone/This PC/SayOne Technologies/Works/airflow_new/Airflow/venv/lib/python3.8/site-packages/airflow/example_dags/example_python_operator.py
[2022-09-20T17:40:18.595+0530] {logging_mixin.py:115} INFO - [2022-09-20T17:40:18.595+0530] {dag.py:2429} INFO - Sync 1 DAGs
[2022-09-20T17:40:18.606+0530] {logging_mixin.py:115} INFO - [2022-09-20T17:40:18.606+0530] {dag.py:2977} INFO - Setting next_dagrun for example_python_operator to None, run_after=None
[2022-09-20T17:40:18.614+0530] {processor.py:161} INFO - Processing /home/sayone/This PC/SayOne Technologies/Works/airflow_new/Airflow/venv/lib/python3.8/site-packages/airflow/example_dags/example_python_operator.py took 0.052 seconds
[2022-09-20T17:40:53.346+0530] {processor.py:153} INFO - Started process (PID=34321) to work on /home/sayone/This PC/SayOne Technologies/Works/airflow_new/Airflow/venv/lib/python3.8/site-packages/airflow/example_dags/example_python_operator.py
[2022-09-20T17:40:53.349+0530] {processor.py:640} INFO - Processing file /home/sayone/This PC/SayOne Technologies/Works/airflow_new/Airflow/venv/lib/python3.8/site-packages/airflow/example_dags/example_python_operator.py for tasks to queue
[2022-09-20T17:40:53.349+0530] {logging_mixin.py:115} INFO - [2022-09-20T17:40:53.349+0530] {dagbag.py:508} INFO - Filling up the DagBag from /home/sayone/This PC/SayOne Technologies/Works/airflow_new/Airflow/venv/lib/python3.8/site-packages/airflow/example_dags/example_python_operator.py
[2022-09-20T17:40:53.366+0530] {processor.py:650} INFO - DAG(s) dict_keys(['example_python_operator']) retrieved from /home/sayone/This PC/SayOne Technologies/Works/airflow_new/Airflow/venv/lib/python3.8/site-packages/airflow/example_dags/example_python_operator.py
[2022-09-20T17:40:53.375+0530] {logging_mixin.py:115} INFO - [2022-09-20T17:40:53.375+0530] {dag.py:2429} INFO - Sync 1 DAGs
[2022-09-20T17:40:53.386+0530] {logging_mixin.py:115} INFO - [2022-09-20T17:40:53.386+0530] {dag.py:2977} INFO - Setting next_dagrun for example_python_operator to None, run_after=None
[2022-09-20T17:40:53.395+0530] {processor.py:161} INFO - Processing /home/sayone/This PC/SayOne Technologies/Works/airflow_new/Airflow/venv/lib/python3.8/site-packages/airflow/example_dags/example_python_operator.py took 0.051 seconds
[2022-09-20T17:41:31.048+0530] {processor.py:153} INFO - Started process (PID=34427) to work on /home/sayone/This PC/SayOne Technologies/Works/airflow_new/Airflow/venv/lib/python3.8/site-packages/airflow/example_dags/example_python_operator.py
[2022-09-20T17:41:31.051+0530] {processor.py:640} INFO - Processing file /home/sayone/This PC/SayOne Technologies/Works/airflow_new/Airflow/venv/lib/python3.8/site-packages/airflow/example_dags/example_python_operator.py for tasks to queue
[2022-09-20T17:41:31.052+0530] {logging_mixin.py:115} INFO - [2022-09-20T17:41:31.052+0530] {dagbag.py:508} INFO - Filling up the DagBag from /home/sayone/This PC/SayOne Technologies/Works/airflow_new/Airflow/venv/lib/python3.8/site-packages/airflow/example_dags/example_python_operator.py
[2022-09-20T17:41:31.067+0530] {processor.py:650} INFO - DAG(s) dict_keys(['example_python_operator']) retrieved from /home/sayone/This PC/SayOne Technologies/Works/airflow_new/Airflow/venv/lib/python3.8/site-packages/airflow/example_dags/example_python_operator.py
[2022-09-20T17:41:31.076+0530] {logging_mixin.py:115} INFO - [2022-09-20T17:41:31.076+0530] {dag.py:2429} INFO - Sync 1 DAGs
[2022-09-20T17:41:31.087+0530] {logging_mixin.py:115} INFO - [2022-09-20T17:41:31.087+0530] {dag.py:2977} INFO - Setting next_dagrun for example_python_operator to None, run_after=None
[2022-09-20T17:41:31.097+0530] {processor.py:161} INFO - Processing /home/sayone/This PC/SayOne Technologies/Works/airflow_new/Airflow/venv/lib/python3.8/site-packages/airflow/example_dags/example_python_operator.py took 0.052 seconds
[2022-09-20T17:45:58.424+0530] {processor.py:153} INFO - Started process (PID=35020) to work on /home/sayone/This PC/SayOne Technologies/Works/airflow_new/Airflow/venv/lib/python3.8/site-packages/airflow/example_dags/example_python_operator.py
[2022-09-20T17:45:58.428+0530] {processor.py:640} INFO - Processing file /home/sayone/This PC/SayOne Technologies/Works/airflow_new/Airflow/venv/lib/python3.8/site-packages/airflow/example_dags/example_python_operator.py for tasks to queue
[2022-09-20T17:45:58.429+0530] {logging_mixin.py:115} INFO - [2022-09-20T17:45:58.428+0530] {dagbag.py:508} INFO - Filling up the DagBag from /home/sayone/This PC/SayOne Technologies/Works/airflow_new/Airflow/venv/lib/python3.8/site-packages/airflow/example_dags/example_python_operator.py
[2022-09-20T17:45:58.441+0530] {processor.py:650} INFO - DAG(s) dict_keys(['example_python_operator']) retrieved from /home/sayone/This PC/SayOne Technologies/Works/airflow_new/Airflow/venv/lib/python3.8/site-packages/airflow/example_dags/example_python_operator.py
[2022-09-20T17:45:58.451+0530] {logging_mixin.py:115} INFO - [2022-09-20T17:45:58.451+0530] {dag.py:2429} INFO - Sync 1 DAGs
[2022-09-20T17:45:58.462+0530] {logging_mixin.py:115} INFO - [2022-09-20T17:45:58.462+0530] {dag.py:2977} INFO - Setting next_dagrun for example_python_operator to None, run_after=None
[2022-09-20T17:45:58.471+0530] {processor.py:161} INFO - Processing /home/sayone/This PC/SayOne Technologies/Works/airflow_new/Airflow/venv/lib/python3.8/site-packages/airflow/example_dags/example_python_operator.py took 0.048 seconds
[2022-09-20T17:46:51.903+0530] {processor.py:153} INFO - Started process (PID=35239) to work on /home/sayone/This PC/SayOne Technologies/Works/airflow_new/Airflow/venv/lib/python3.8/site-packages/airflow/example_dags/example_python_operator.py
[2022-09-20T17:46:51.907+0530] {processor.py:640} INFO - Processing file /home/sayone/This PC/SayOne Technologies/Works/airflow_new/Airflow/venv/lib/python3.8/site-packages/airflow/example_dags/example_python_operator.py for tasks to queue
[2022-09-20T17:46:51.907+0530] {logging_mixin.py:115} INFO - [2022-09-20T17:46:51.907+0530] {dagbag.py:508} INFO - Filling up the DagBag from /home/sayone/This PC/SayOne Technologies/Works/airflow_new/Airflow/venv/lib/python3.8/site-packages/airflow/example_dags/example_python_operator.py
[2022-09-20T17:46:51.924+0530] {processor.py:650} INFO - DAG(s) dict_keys(['example_python_operator']) retrieved from /home/sayone/This PC/SayOne Technologies/Works/airflow_new/Airflow/venv/lib/python3.8/site-packages/airflow/example_dags/example_python_operator.py
[2022-09-20T17:46:51.933+0530] {logging_mixin.py:115} INFO - [2022-09-20T17:46:51.933+0530] {dag.py:2429} INFO - Sync 1 DAGs
[2022-09-20T17:46:51.944+0530] {logging_mixin.py:115} INFO - [2022-09-20T17:46:51.944+0530] {dag.py:2977} INFO - Setting next_dagrun for example_python_operator to None, run_after=None
[2022-09-20T17:46:51.953+0530] {processor.py:161} INFO - Processing /home/sayone/This PC/SayOne Technologies/Works/airflow_new/Airflow/venv/lib/python3.8/site-packages/airflow/example_dags/example_python_operator.py took 0.053 seconds
[2022-09-20T17:47:29.122+0530] {processor.py:153} INFO - Started process (PID=35354) to work on /home/sayone/This PC/SayOne Technologies/Works/airflow_new/Airflow/venv/lib/python3.8/site-packages/airflow/example_dags/example_python_operator.py
[2022-09-20T17:47:29.125+0530] {processor.py:640} INFO - Processing file /home/sayone/This PC/SayOne Technologies/Works/airflow_new/Airflow/venv/lib/python3.8/site-packages/airflow/example_dags/example_python_operator.py for tasks to queue
[2022-09-20T17:47:29.126+0530] {logging_mixin.py:115} INFO - [2022-09-20T17:47:29.126+0530] {dagbag.py:508} INFO - Filling up the DagBag from /home/sayone/This PC/SayOne Technologies/Works/airflow_new/Airflow/venv/lib/python3.8/site-packages/airflow/example_dags/example_python_operator.py
[2022-09-20T17:47:29.142+0530] {processor.py:650} INFO - DAG(s) dict_keys(['example_python_operator']) retrieved from /home/sayone/This PC/SayOne Technologies/Works/airflow_new/Airflow/venv/lib/python3.8/site-packages/airflow/example_dags/example_python_operator.py
[2022-09-20T17:47:29.151+0530] {logging_mixin.py:115} INFO - [2022-09-20T17:47:29.151+0530] {dag.py:2429} INFO - Sync 1 DAGs
[2022-09-20T17:47:29.163+0530] {logging_mixin.py:115} INFO - [2022-09-20T17:47:29.162+0530] {dag.py:2977} INFO - Setting next_dagrun for example_python_operator to None, run_after=None
[2022-09-20T17:47:29.172+0530] {processor.py:161} INFO - Processing /home/sayone/This PC/SayOne Technologies/Works/airflow_new/Airflow/venv/lib/python3.8/site-packages/airflow/example_dags/example_python_operator.py took 0.054 seconds
[2022-09-20T17:48:05.968+0530] {processor.py:153} INFO - Started process (PID=35489) to work on /home/sayone/This PC/SayOne Technologies/Works/airflow_new/Airflow/venv/lib/python3.8/site-packages/airflow/example_dags/example_python_operator.py
[2022-09-20T17:48:05.971+0530] {processor.py:640} INFO - Processing file /home/sayone/This PC/SayOne Technologies/Works/airflow_new/Airflow/venv/lib/python3.8/site-packages/airflow/example_dags/example_python_operator.py for tasks to queue
[2022-09-20T17:48:05.972+0530] {logging_mixin.py:115} INFO - [2022-09-20T17:48:05.972+0530] {dagbag.py:508} INFO - Filling up the DagBag from /home/sayone/This PC/SayOne Technologies/Works/airflow_new/Airflow/venv/lib/python3.8/site-packages/airflow/example_dags/example_python_operator.py
[2022-09-20T17:48:05.988+0530] {processor.py:650} INFO - DAG(s) dict_keys(['example_python_operator']) retrieved from /home/sayone/This PC/SayOne Technologies/Works/airflow_new/Airflow/venv/lib/python3.8/site-packages/airflow/example_dags/example_python_operator.py
[2022-09-20T17:48:05.997+0530] {logging_mixin.py:115} INFO - [2022-09-20T17:48:05.997+0530] {dag.py:2429} INFO - Sync 1 DAGs
[2022-09-20T17:48:06.008+0530] {logging_mixin.py:115} INFO - [2022-09-20T17:48:06.008+0530] {dag.py:2977} INFO - Setting next_dagrun for example_python_operator to None, run_after=None
[2022-09-20T17:48:06.016+0530] {processor.py:161} INFO - Processing /home/sayone/This PC/SayOne Technologies/Works/airflow_new/Airflow/venv/lib/python3.8/site-packages/airflow/example_dags/example_python_operator.py took 0.052 seconds
[2022-09-20T17:48:42.995+0530] {processor.py:153} INFO - Started process (PID=35565) to work on /home/sayone/This PC/SayOne Technologies/Works/airflow_new/Airflow/venv/lib/python3.8/site-packages/airflow/example_dags/example_python_operator.py
[2022-09-20T17:48:42.996+0530] {processor.py:640} INFO - Processing file /home/sayone/This PC/SayOne Technologies/Works/airflow_new/Airflow/venv/lib/python3.8/site-packages/airflow/example_dags/example_python_operator.py for tasks to queue
[2022-09-20T17:48:42.996+0530] {logging_mixin.py:115} INFO - [2022-09-20T17:48:42.996+0530] {dagbag.py:508} INFO - Filling up the DagBag from /home/sayone/This PC/SayOne Technologies/Works/airflow_new/Airflow/venv/lib/python3.8/site-packages/airflow/example_dags/example_python_operator.py
[2022-09-20T17:48:43.008+0530] {processor.py:650} INFO - DAG(s) dict_keys(['example_python_operator']) retrieved from /home/sayone/This PC/SayOne Technologies/Works/airflow_new/Airflow/venv/lib/python3.8/site-packages/airflow/example_dags/example_python_operator.py
[2022-09-20T17:48:43.018+0530] {logging_mixin.py:115} INFO - [2022-09-20T17:48:43.018+0530] {dag.py:2429} INFO - Sync 1 DAGs
[2022-09-20T17:48:43.032+0530] {logging_mixin.py:115} INFO - [2022-09-20T17:48:43.032+0530] {dag.py:2977} INFO - Setting next_dagrun for example_python_operator to None, run_after=None
[2022-09-20T17:48:43.042+0530] {processor.py:161} INFO - Processing /home/sayone/This PC/SayOne Technologies/Works/airflow_new/Airflow/venv/lib/python3.8/site-packages/airflow/example_dags/example_python_operator.py took 0.048 seconds
[2022-09-20T17:49:20.535+0530] {processor.py:153} INFO - Started process (PID=35684) to work on /home/sayone/This PC/SayOne Technologies/Works/airflow_new/Airflow/venv/lib/python3.8/site-packages/airflow/example_dags/example_python_operator.py
[2022-09-20T17:49:20.538+0530] {processor.py:640} INFO - Processing file /home/sayone/This PC/SayOne Technologies/Works/airflow_new/Airflow/venv/lib/python3.8/site-packages/airflow/example_dags/example_python_operator.py for tasks to queue
[2022-09-20T17:49:20.538+0530] {logging_mixin.py:115} INFO - [2022-09-20T17:49:20.538+0530] {dagbag.py:508} INFO - Filling up the DagBag from /home/sayone/This PC/SayOne Technologies/Works/airflow_new/Airflow/venv/lib/python3.8/site-packages/airflow/example_dags/example_python_operator.py
[2022-09-20T17:49:20.551+0530] {processor.py:650} INFO - DAG(s) dict_keys(['example_python_operator']) retrieved from /home/sayone/This PC/SayOne Technologies/Works/airflow_new/Airflow/venv/lib/python3.8/site-packages/airflow/example_dags/example_python_operator.py
[2022-09-20T17:49:20.563+0530] {logging_mixin.py:115} INFO - [2022-09-20T17:49:20.563+0530] {dag.py:2429} INFO - Sync 1 DAGs
[2022-09-20T17:49:20.574+0530] {logging_mixin.py:115} INFO - [2022-09-20T17:49:20.574+0530] {dag.py:2977} INFO - Setting next_dagrun for example_python_operator to None, run_after=None
[2022-09-20T17:49:20.586+0530] {processor.py:161} INFO - Processing /home/sayone/This PC/SayOne Technologies/Works/airflow_new/Airflow/venv/lib/python3.8/site-packages/airflow/example_dags/example_python_operator.py took 0.053 seconds
[2022-09-20T17:49:58.253+0530] {processor.py:153} INFO - Started process (PID=35788) to work on /home/sayone/This PC/SayOne Technologies/Works/airflow_new/Airflow/venv/lib/python3.8/site-packages/airflow/example_dags/example_python_operator.py
[2022-09-20T17:49:58.256+0530] {processor.py:640} INFO - Processing file /home/sayone/This PC/SayOne Technologies/Works/airflow_new/Airflow/venv/lib/python3.8/site-packages/airflow/example_dags/example_python_operator.py for tasks to queue
[2022-09-20T17:49:58.258+0530] {logging_mixin.py:115} INFO - [2022-09-20T17:49:58.258+0530] {dagbag.py:508} INFO - Filling up the DagBag from /home/sayone/This PC/SayOne Technologies/Works/airflow_new/Airflow/venv/lib/python3.8/site-packages/airflow/example_dags/example_python_operator.py
[2022-09-20T17:49:58.274+0530] {processor.py:650} INFO - DAG(s) dict_keys(['example_python_operator']) retrieved from /home/sayone/This PC/SayOne Technologies/Works/airflow_new/Airflow/venv/lib/python3.8/site-packages/airflow/example_dags/example_python_operator.py
[2022-09-20T17:49:58.283+0530] {logging_mixin.py:115} INFO - [2022-09-20T17:49:58.282+0530] {dag.py:2429} INFO - Sync 1 DAGs
[2022-09-20T17:49:58.294+0530] {logging_mixin.py:115} INFO - [2022-09-20T17:49:58.294+0530] {dag.py:2977} INFO - Setting next_dagrun for example_python_operator to None, run_after=None
[2022-09-20T17:49:58.303+0530] {processor.py:161} INFO - Processing /home/sayone/This PC/SayOne Technologies/Works/airflow_new/Airflow/venv/lib/python3.8/site-packages/airflow/example_dags/example_python_operator.py took 0.052 seconds
[2022-09-20T17:50:33.208+0530] {processor.py:153} INFO - Started process (PID=35862) to work on /home/sayone/This PC/SayOne Technologies/Works/airflow_new/Airflow/venv/lib/python3.8/site-packages/airflow/example_dags/example_python_operator.py
[2022-09-20T17:50:33.211+0530] {processor.py:640} INFO - Processing file /home/sayone/This PC/SayOne Technologies/Works/airflow_new/Airflow/venv/lib/python3.8/site-packages/airflow/example_dags/example_python_operator.py for tasks to queue
[2022-09-20T17:50:33.211+0530] {logging_mixin.py:115} INFO - [2022-09-20T17:50:33.211+0530] {dagbag.py:508} INFO - Filling up the DagBag from /home/sayone/This PC/SayOne Technologies/Works/airflow_new/Airflow/venv/lib/python3.8/site-packages/airflow/example_dags/example_python_operator.py
[2022-09-20T17:50:33.221+0530] {processor.py:650} INFO - DAG(s) dict_keys(['example_python_operator']) retrieved from /home/sayone/This PC/SayOne Technologies/Works/airflow_new/Airflow/venv/lib/python3.8/site-packages/airflow/example_dags/example_python_operator.py
[2022-09-20T17:50:33.230+0530] {logging_mixin.py:115} INFO - [2022-09-20T17:50:33.229+0530] {dag.py:2429} INFO - Sync 1 DAGs
[2022-09-20T17:50:33.240+0530] {logging_mixin.py:115} INFO - [2022-09-20T17:50:33.240+0530] {dag.py:2977} INFO - Setting next_dagrun for example_python_operator to None, run_after=None
[2022-09-20T17:50:33.248+0530] {processor.py:161} INFO - Processing /home/sayone/This PC/SayOne Technologies/Works/airflow_new/Airflow/venv/lib/python3.8/site-packages/airflow/example_dags/example_python_operator.py took 0.042 seconds
[2022-09-20T17:51:11.074+0530] {processor.py:153} INFO - Started process (PID=35961) to work on /home/sayone/This PC/SayOne Technologies/Works/airflow_new/Airflow/venv/lib/python3.8/site-packages/airflow/example_dags/example_python_operator.py
[2022-09-20T17:51:11.076+0530] {processor.py:640} INFO - Processing file /home/sayone/This PC/SayOne Technologies/Works/airflow_new/Airflow/venv/lib/python3.8/site-packages/airflow/example_dags/example_python_operator.py for tasks to queue
[2022-09-20T17:51:11.076+0530] {logging_mixin.py:115} INFO - [2022-09-20T17:51:11.076+0530] {dagbag.py:508} INFO - Filling up the DagBag from /home/sayone/This PC/SayOne Technologies/Works/airflow_new/Airflow/venv/lib/python3.8/site-packages/airflow/example_dags/example_python_operator.py
[2022-09-20T17:51:11.092+0530] {processor.py:650} INFO - DAG(s) dict_keys(['example_python_operator']) retrieved from /home/sayone/This PC/SayOne Technologies/Works/airflow_new/Airflow/venv/lib/python3.8/site-packages/airflow/example_dags/example_python_operator.py
[2022-09-20T17:51:11.101+0530] {logging_mixin.py:115} INFO - [2022-09-20T17:51:11.101+0530] {dag.py:2429} INFO - Sync 1 DAGs
[2022-09-20T17:51:11.113+0530] {logging_mixin.py:115} INFO - [2022-09-20T17:51:11.113+0530] {dag.py:2977} INFO - Setting next_dagrun for example_python_operator to None, run_after=None
[2022-09-20T17:51:11.122+0530] {processor.py:161} INFO - Processing /home/sayone/This PC/SayOne Technologies/Works/airflow_new/Airflow/venv/lib/python3.8/site-packages/airflow/example_dags/example_python_operator.py took 0.050 seconds
[2022-09-20T17:51:48.213+0530] {processor.py:153} INFO - Started process (PID=36028) to work on /home/sayone/This PC/SayOne Technologies/Works/airflow_new/Airflow/venv/lib/python3.8/site-packages/airflow/example_dags/example_python_operator.py
[2022-09-20T17:51:48.216+0530] {processor.py:640} INFO - Processing file /home/sayone/This PC/SayOne Technologies/Works/airflow_new/Airflow/venv/lib/python3.8/site-packages/airflow/example_dags/example_python_operator.py for tasks to queue
[2022-09-20T17:51:48.217+0530] {logging_mixin.py:115} INFO - [2022-09-20T17:51:48.217+0530] {dagbag.py:508} INFO - Filling up the DagBag from /home/sayone/This PC/SayOne Technologies/Works/airflow_new/Airflow/venv/lib/python3.8/site-packages/airflow/example_dags/example_python_operator.py
[2022-09-20T17:51:48.235+0530] {processor.py:650} INFO - DAG(s) dict_keys(['example_python_operator']) retrieved from /home/sayone/This PC/SayOne Technologies/Works/airflow_new/Airflow/venv/lib/python3.8/site-packages/airflow/example_dags/example_python_operator.py
[2022-09-20T17:51:48.243+0530] {logging_mixin.py:115} INFO - [2022-09-20T17:51:48.243+0530] {dag.py:2429} INFO - Sync 1 DAGs
[2022-09-20T17:51:48.253+0530] {logging_mixin.py:115} INFO - [2022-09-20T17:51:48.253+0530] {dag.py:2977} INFO - Setting next_dagrun for example_python_operator to None, run_after=None
[2022-09-20T17:51:48.262+0530] {processor.py:161} INFO - Processing /home/sayone/This PC/SayOne Technologies/Works/airflow_new/Airflow/venv/lib/python3.8/site-packages/airflow/example_dags/example_python_operator.py took 0.052 seconds
[2022-09-20T17:52:25.887+0530] {processor.py:153} INFO - Started process (PID=36167) to work on /home/sayone/This PC/SayOne Technologies/Works/airflow_new/Airflow/venv/lib/python3.8/site-packages/airflow/example_dags/example_python_operator.py
[2022-09-20T17:52:25.890+0530] {processor.py:640} INFO - Processing file /home/sayone/This PC/SayOne Technologies/Works/airflow_new/Airflow/venv/lib/python3.8/site-packages/airflow/example_dags/example_python_operator.py for tasks to queue
[2022-09-20T17:52:25.891+0530] {logging_mixin.py:115} INFO - [2022-09-20T17:52:25.891+0530] {dagbag.py:508} INFO - Filling up the DagBag from /home/sayone/This PC/SayOne Technologies/Works/airflow_new/Airflow/venv/lib/python3.8/site-packages/airflow/example_dags/example_python_operator.py
[2022-09-20T17:52:25.907+0530] {processor.py:650} INFO - DAG(s) dict_keys(['example_python_operator']) retrieved from /home/sayone/This PC/SayOne Technologies/Works/airflow_new/Airflow/venv/lib/python3.8/site-packages/airflow/example_dags/example_python_operator.py
[2022-09-20T17:52:25.918+0530] {logging_mixin.py:115} INFO - [2022-09-20T17:52:25.918+0530] {dag.py:2429} INFO - Sync 1 DAGs
[2022-09-20T17:52:25.933+0530] {logging_mixin.py:115} INFO - [2022-09-20T17:52:25.932+0530] {dag.py:2977} INFO - Setting next_dagrun for example_python_operator to None, run_after=None
[2022-09-20T17:52:25.943+0530] {processor.py:161} INFO - Processing /home/sayone/This PC/SayOne Technologies/Works/airflow_new/Airflow/venv/lib/python3.8/site-packages/airflow/example_dags/example_python_operator.py took 0.061 seconds
[2022-09-20T17:53:03.628+0530] {processor.py:153} INFO - Started process (PID=36391) to work on /home/sayone/This PC/SayOne Technologies/Works/airflow_new/Airflow/venv/lib/python3.8/site-packages/airflow/example_dags/example_python_operator.py
[2022-09-20T17:53:03.631+0530] {processor.py:640} INFO - Processing file /home/sayone/This PC/SayOne Technologies/Works/airflow_new/Airflow/venv/lib/python3.8/site-packages/airflow/example_dags/example_python_operator.py for tasks to queue
[2022-09-20T17:53:03.632+0530] {logging_mixin.py:115} INFO - [2022-09-20T17:53:03.632+0530] {dagbag.py:508} INFO - Filling up the DagBag from /home/sayone/This PC/SayOne Technologies/Works/airflow_new/Airflow/venv/lib/python3.8/site-packages/airflow/example_dags/example_python_operator.py
[2022-09-20T17:53:03.648+0530] {processor.py:650} INFO - DAG(s) dict_keys(['example_python_operator']) retrieved from /home/sayone/This PC/SayOne Technologies/Works/airflow_new/Airflow/venv/lib/python3.8/site-packages/airflow/example_dags/example_python_operator.py
[2022-09-20T17:53:03.657+0530] {logging_mixin.py:115} INFO - [2022-09-20T17:53:03.657+0530] {dag.py:2429} INFO - Sync 1 DAGs
[2022-09-20T17:53:03.669+0530] {logging_mixin.py:115} INFO - [2022-09-20T17:53:03.669+0530] {dag.py:2977} INFO - Setting next_dagrun for example_python_operator to None, run_after=None
[2022-09-20T17:53:03.678+0530] {processor.py:161} INFO - Processing /home/sayone/This PC/SayOne Technologies/Works/airflow_new/Airflow/venv/lib/python3.8/site-packages/airflow/example_dags/example_python_operator.py took 0.054 seconds
[2022-09-20T17:53:38.365+0530] {processor.py:153} INFO - Started process (PID=36450) to work on /home/sayone/This PC/SayOne Technologies/Works/airflow_new/Airflow/venv/lib/python3.8/site-packages/airflow/example_dags/example_python_operator.py
[2022-09-20T17:53:38.367+0530] {processor.py:640} INFO - Processing file /home/sayone/This PC/SayOne Technologies/Works/airflow_new/Airflow/venv/lib/python3.8/site-packages/airflow/example_dags/example_python_operator.py for tasks to queue
[2022-09-20T17:53:38.367+0530] {logging_mixin.py:115} INFO - [2022-09-20T17:53:38.367+0530] {dagbag.py:508} INFO - Filling up the DagBag from /home/sayone/This PC/SayOne Technologies/Works/airflow_new/Airflow/venv/lib/python3.8/site-packages/airflow/example_dags/example_python_operator.py
[2022-09-20T17:53:38.384+0530] {processor.py:650} INFO - DAG(s) dict_keys(['example_python_operator']) retrieved from /home/sayone/This PC/SayOne Technologies/Works/airflow_new/Airflow/venv/lib/python3.8/site-packages/airflow/example_dags/example_python_operator.py
[2022-09-20T17:53:38.393+0530] {logging_mixin.py:115} INFO - [2022-09-20T17:53:38.393+0530] {dag.py:2429} INFO - Sync 1 DAGs
[2022-09-20T17:53:38.403+0530] {logging_mixin.py:115} INFO - [2022-09-20T17:53:38.403+0530] {dag.py:2977} INFO - Setting next_dagrun for example_python_operator to None, run_after=None
[2022-09-20T17:53:38.411+0530] {processor.py:161} INFO - Processing /home/sayone/This PC/SayOne Technologies/Works/airflow_new/Airflow/venv/lib/python3.8/site-packages/airflow/example_dags/example_python_operator.py took 0.048 seconds
