[2022-09-20T17:16:34.879+0530] {processor.py:153} INFO - Started process (PID=28585) to work on /home/sayone/This PC/SayOne Technologies/Works/airflow_new/Airflow/venv/lib/python3.8/site-packages/airflow/example_dags/tutorial_taskflow_api_etl.py
[2022-09-20T17:16:34.880+0530] {processor.py:640} INFO - Processing file /home/sayone/This PC/SayOne Technologies/Works/airflow_new/Airflow/venv/lib/python3.8/site-packages/airflow/example_dags/tutorial_taskflow_api_etl.py for tasks to queue
[2022-09-20T17:16:34.881+0530] {logging_mixin.py:115} INFO - [2022-09-20T17:16:34.881+0530] {dagbag.py:508} INFO - Filling up the DagBag from /home/sayone/This PC/SayOne Technologies/Works/airflow_new/Airflow/venv/lib/python3.8/site-packages/airflow/example_dags/tutorial_taskflow_api_etl.py
[2022-09-20T17:16:34.898+0530] {processor.py:650} INFO - DAG(s) dict_keys(['tutorial_taskflow_api_etl']) retrieved from /home/sayone/This PC/SayOne Technologies/Works/airflow_new/Airflow/venv/lib/python3.8/site-packages/airflow/example_dags/tutorial_taskflow_api_etl.py
[2022-09-20T17:16:34.943+0530] {logging_mixin.py:115} INFO - [2022-09-20T17:16:34.943+0530] {manager.py:508} INFO - Created Permission View: can edit on DAG:tutorial_taskflow_api_etl
[2022-09-20T17:16:34.950+0530] {logging_mixin.py:115} INFO - [2022-09-20T17:16:34.950+0530] {manager.py:508} INFO - Created Permission View: can read on DAG:tutorial_taskflow_api_etl
[2022-09-20T17:16:34.957+0530] {logging_mixin.py:115} INFO - [2022-09-20T17:16:34.957+0530] {manager.py:508} INFO - Created Permission View: can delete on DAG:tutorial_taskflow_api_etl
[2022-09-20T17:16:34.957+0530] {logging_mixin.py:115} INFO - [2022-09-20T17:16:34.957+0530] {dag.py:2429} INFO - Sync 1 DAGs
[2022-09-20T17:16:34.962+0530] {logging_mixin.py:115} INFO - [2022-09-20T17:16:34.961+0530] {dag.py:2448} INFO - Creating ORM DAG for tutorial_taskflow_api_etl
[2022-09-20T17:16:34.967+0530] {logging_mixin.py:115} INFO - [2022-09-20T17:16:34.967+0530] {dag.py:2977} INFO - Setting next_dagrun for tutorial_taskflow_api_etl to None, run_after=None
[2022-09-20T17:16:34.978+0530] {processor.py:161} INFO - Processing /home/sayone/This PC/SayOne Technologies/Works/airflow_new/Airflow/venv/lib/python3.8/site-packages/airflow/example_dags/tutorial_taskflow_api_etl.py took 0.103 seconds
[2022-09-20T17:17:13.731+0530] {processor.py:153} INFO - Started process (PID=28828) to work on /home/sayone/This PC/SayOne Technologies/Works/airflow_new/Airflow/venv/lib/python3.8/site-packages/airflow/example_dags/tutorial_taskflow_api_etl.py
[2022-09-20T17:17:13.732+0530] {processor.py:640} INFO - Processing file /home/sayone/This PC/SayOne Technologies/Works/airflow_new/Airflow/venv/lib/python3.8/site-packages/airflow/example_dags/tutorial_taskflow_api_etl.py for tasks to queue
[2022-09-20T17:17:13.732+0530] {logging_mixin.py:115} INFO - [2022-09-20T17:17:13.732+0530] {dagbag.py:508} INFO - Filling up the DagBag from /home/sayone/This PC/SayOne Technologies/Works/airflow_new/Airflow/venv/lib/python3.8/site-packages/airflow/example_dags/tutorial_taskflow_api_etl.py
[2022-09-20T17:17:13.747+0530] {processor.py:650} INFO - DAG(s) dict_keys(['tutorial_taskflow_api_etl']) retrieved from /home/sayone/This PC/SayOne Technologies/Works/airflow_new/Airflow/venv/lib/python3.8/site-packages/airflow/example_dags/tutorial_taskflow_api_etl.py
[2022-09-20T17:17:13.791+0530] {logging_mixin.py:115} INFO - [2022-09-20T17:17:13.791+0530] {dag.py:2429} INFO - Sync 1 DAGs
[2022-09-20T17:17:13.808+0530] {logging_mixin.py:115} INFO - [2022-09-20T17:17:13.808+0530] {dag.py:2977} INFO - Setting next_dagrun for tutorial_taskflow_api_etl to None, run_after=None
[2022-09-20T17:17:13.818+0530] {processor.py:161} INFO - Processing /home/sayone/This PC/SayOne Technologies/Works/airflow_new/Airflow/venv/lib/python3.8/site-packages/airflow/example_dags/tutorial_taskflow_api_etl.py took 0.089 seconds
[2022-09-20T17:17:48.142+0530] {processor.py:153} INFO - Started process (PID=29002) to work on /home/sayone/This PC/SayOne Technologies/Works/airflow_new/Airflow/venv/lib/python3.8/site-packages/airflow/example_dags/tutorial_taskflow_api_etl.py
[2022-09-20T17:17:48.143+0530] {processor.py:640} INFO - Processing file /home/sayone/This PC/SayOne Technologies/Works/airflow_new/Airflow/venv/lib/python3.8/site-packages/airflow/example_dags/tutorial_taskflow_api_etl.py for tasks to queue
[2022-09-20T17:17:48.143+0530] {logging_mixin.py:115} INFO - [2022-09-20T17:17:48.143+0530] {dagbag.py:508} INFO - Filling up the DagBag from /home/sayone/This PC/SayOne Technologies/Works/airflow_new/Airflow/venv/lib/python3.8/site-packages/airflow/example_dags/tutorial_taskflow_api_etl.py
[2022-09-20T17:17:48.155+0530] {processor.py:650} INFO - DAG(s) dict_keys(['tutorial_taskflow_api_etl']) retrieved from /home/sayone/This PC/SayOne Technologies/Works/airflow_new/Airflow/venv/lib/python3.8/site-packages/airflow/example_dags/tutorial_taskflow_api_etl.py
[2022-09-20T17:17:48.186+0530] {logging_mixin.py:115} INFO - [2022-09-20T17:17:48.186+0530] {dag.py:2429} INFO - Sync 1 DAGs
[2022-09-20T17:17:48.198+0530] {logging_mixin.py:115} INFO - [2022-09-20T17:17:48.198+0530] {dag.py:2977} INFO - Setting next_dagrun for tutorial_taskflow_api_etl to None, run_after=None
[2022-09-20T17:17:48.212+0530] {processor.py:161} INFO - Processing /home/sayone/This PC/SayOne Technologies/Works/airflow_new/Airflow/venv/lib/python3.8/site-packages/airflow/example_dags/tutorial_taskflow_api_etl.py took 0.072 seconds
[2022-09-20T17:18:24.076+0530] {processor.py:153} INFO - Started process (PID=29153) to work on /home/sayone/This PC/SayOne Technologies/Works/airflow_new/Airflow/venv/lib/python3.8/site-packages/airflow/example_dags/tutorial_taskflow_api_etl.py
[2022-09-20T17:18:24.078+0530] {processor.py:640} INFO - Processing file /home/sayone/This PC/SayOne Technologies/Works/airflow_new/Airflow/venv/lib/python3.8/site-packages/airflow/example_dags/tutorial_taskflow_api_etl.py for tasks to queue
[2022-09-20T17:18:24.079+0530] {logging_mixin.py:115} INFO - [2022-09-20T17:18:24.079+0530] {dagbag.py:508} INFO - Filling up the DagBag from /home/sayone/This PC/SayOne Technologies/Works/airflow_new/Airflow/venv/lib/python3.8/site-packages/airflow/example_dags/tutorial_taskflow_api_etl.py
[2022-09-20T17:18:24.089+0530] {processor.py:650} INFO - DAG(s) dict_keys(['tutorial_taskflow_api_etl']) retrieved from /home/sayone/This PC/SayOne Technologies/Works/airflow_new/Airflow/venv/lib/python3.8/site-packages/airflow/example_dags/tutorial_taskflow_api_etl.py
[2022-09-20T17:18:24.115+0530] {logging_mixin.py:115} INFO - [2022-09-20T17:18:24.115+0530] {dag.py:2429} INFO - Sync 1 DAGs
[2022-09-20T17:18:24.124+0530] {logging_mixin.py:115} INFO - [2022-09-20T17:18:24.124+0530] {dag.py:2977} INFO - Setting next_dagrun for tutorial_taskflow_api_etl to None, run_after=None
[2022-09-20T17:18:24.133+0530] {processor.py:161} INFO - Processing /home/sayone/This PC/SayOne Technologies/Works/airflow_new/Airflow/venv/lib/python3.8/site-packages/airflow/example_dags/tutorial_taskflow_api_etl.py took 0.059 seconds
[2022-09-20T17:18:59.028+0530] {processor.py:153} INFO - Started process (PID=29282) to work on /home/sayone/This PC/SayOne Technologies/Works/airflow_new/Airflow/venv/lib/python3.8/site-packages/airflow/example_dags/tutorial_taskflow_api_etl.py
[2022-09-20T17:18:59.029+0530] {processor.py:640} INFO - Processing file /home/sayone/This PC/SayOne Technologies/Works/airflow_new/Airflow/venv/lib/python3.8/site-packages/airflow/example_dags/tutorial_taskflow_api_etl.py for tasks to queue
[2022-09-20T17:18:59.029+0530] {logging_mixin.py:115} INFO - [2022-09-20T17:18:59.029+0530] {dagbag.py:508} INFO - Filling up the DagBag from /home/sayone/This PC/SayOne Technologies/Works/airflow_new/Airflow/venv/lib/python3.8/site-packages/airflow/example_dags/tutorial_taskflow_api_etl.py
[2022-09-20T17:18:59.041+0530] {processor.py:650} INFO - DAG(s) dict_keys(['tutorial_taskflow_api_etl']) retrieved from /home/sayone/This PC/SayOne Technologies/Works/airflow_new/Airflow/venv/lib/python3.8/site-packages/airflow/example_dags/tutorial_taskflow_api_etl.py
[2022-09-20T17:18:59.050+0530] {logging_mixin.py:115} INFO - [2022-09-20T17:18:59.050+0530] {dag.py:2429} INFO - Sync 1 DAGs
[2022-09-20T17:18:59.063+0530] {logging_mixin.py:115} INFO - [2022-09-20T17:18:59.063+0530] {dag.py:2977} INFO - Setting next_dagrun for tutorial_taskflow_api_etl to None, run_after=None
[2022-09-20T17:18:59.072+0530] {processor.py:161} INFO - Processing /home/sayone/This PC/SayOne Technologies/Works/airflow_new/Airflow/venv/lib/python3.8/site-packages/airflow/example_dags/tutorial_taskflow_api_etl.py took 0.047 seconds
[2022-09-20T17:19:34.183+0530] {processor.py:153} INFO - Started process (PID=29487) to work on /home/sayone/This PC/SayOne Technologies/Works/airflow_new/Airflow/venv/lib/python3.8/site-packages/airflow/example_dags/tutorial_taskflow_api_etl.py
[2022-09-20T17:19:34.186+0530] {processor.py:640} INFO - Processing file /home/sayone/This PC/SayOne Technologies/Works/airflow_new/Airflow/venv/lib/python3.8/site-packages/airflow/example_dags/tutorial_taskflow_api_etl.py for tasks to queue
[2022-09-20T17:19:34.187+0530] {logging_mixin.py:115} INFO - [2022-09-20T17:19:34.187+0530] {dagbag.py:508} INFO - Filling up the DagBag from /home/sayone/This PC/SayOne Technologies/Works/airflow_new/Airflow/venv/lib/python3.8/site-packages/airflow/example_dags/tutorial_taskflow_api_etl.py
[2022-09-20T17:19:34.204+0530] {processor.py:650} INFO - DAG(s) dict_keys(['tutorial_taskflow_api_etl']) retrieved from /home/sayone/This PC/SayOne Technologies/Works/airflow_new/Airflow/venv/lib/python3.8/site-packages/airflow/example_dags/tutorial_taskflow_api_etl.py
[2022-09-20T17:19:34.212+0530] {logging_mixin.py:115} INFO - [2022-09-20T17:19:34.212+0530] {dag.py:2429} INFO - Sync 1 DAGs
[2022-09-20T17:19:34.228+0530] {logging_mixin.py:115} INFO - [2022-09-20T17:19:34.228+0530] {dag.py:2977} INFO - Setting next_dagrun for tutorial_taskflow_api_etl to None, run_after=None
[2022-09-20T17:19:34.245+0530] {processor.py:161} INFO - Processing /home/sayone/This PC/SayOne Technologies/Works/airflow_new/Airflow/venv/lib/python3.8/site-packages/airflow/example_dags/tutorial_taskflow_api_etl.py took 0.066 seconds
[2022-09-20T17:19:57.182+0530] {processor.py:153} INFO - Started process (PID=29626) to work on /home/sayone/This PC/SayOne Technologies/Works/airflow_new/Airflow/venv/lib/python3.8/site-packages/airflow/example_dags/tutorial_taskflow_api_etl.py
[2022-09-20T17:19:57.183+0530] {processor.py:640} INFO - Processing file /home/sayone/This PC/SayOne Technologies/Works/airflow_new/Airflow/venv/lib/python3.8/site-packages/airflow/example_dags/tutorial_taskflow_api_etl.py for tasks to queue
[2022-09-20T17:19:57.183+0530] {logging_mixin.py:115} INFO - [2022-09-20T17:19:57.183+0530] {dagbag.py:508} INFO - Filling up the DagBag from /home/sayone/This PC/SayOne Technologies/Works/airflow_new/Airflow/venv/lib/python3.8/site-packages/airflow/example_dags/tutorial_taskflow_api_etl.py
[2022-09-20T17:19:57.200+0530] {processor.py:650} INFO - DAG(s) dict_keys(['tutorial_taskflow_api_etl']) retrieved from /home/sayone/This PC/SayOne Technologies/Works/airflow_new/Airflow/venv/lib/python3.8/site-packages/airflow/example_dags/tutorial_taskflow_api_etl.py
[2022-09-20T17:19:57.241+0530] {logging_mixin.py:115} INFO - [2022-09-20T17:19:57.241+0530] {dag.py:2429} INFO - Sync 1 DAGs
[2022-09-20T17:19:57.255+0530] {logging_mixin.py:115} INFO - [2022-09-20T17:19:57.255+0530] {dag.py:2977} INFO - Setting next_dagrun for tutorial_taskflow_api_etl to None, run_after=None
[2022-09-20T17:19:57.274+0530] {processor.py:161} INFO - Processing /home/sayone/This PC/SayOne Technologies/Works/airflow_new/Airflow/venv/lib/python3.8/site-packages/airflow/example_dags/tutorial_taskflow_api_etl.py took 0.095 seconds
[2022-09-20T17:20:32.014+0530] {processor.py:153} INFO - Started process (PID=29711) to work on /home/sayone/This PC/SayOne Technologies/Works/airflow_new/Airflow/venv/lib/python3.8/site-packages/airflow/example_dags/tutorial_taskflow_api_etl.py
[2022-09-20T17:20:32.017+0530] {processor.py:640} INFO - Processing file /home/sayone/This PC/SayOne Technologies/Works/airflow_new/Airflow/venv/lib/python3.8/site-packages/airflow/example_dags/tutorial_taskflow_api_etl.py for tasks to queue
[2022-09-20T17:20:32.017+0530] {logging_mixin.py:115} INFO - [2022-09-20T17:20:32.017+0530] {dagbag.py:508} INFO - Filling up the DagBag from /home/sayone/This PC/SayOne Technologies/Works/airflow_new/Airflow/venv/lib/python3.8/site-packages/airflow/example_dags/tutorial_taskflow_api_etl.py
[2022-09-20T17:20:32.031+0530] {processor.py:650} INFO - DAG(s) dict_keys(['tutorial_taskflow_api_etl']) retrieved from /home/sayone/This PC/SayOne Technologies/Works/airflow_new/Airflow/venv/lib/python3.8/site-packages/airflow/example_dags/tutorial_taskflow_api_etl.py
[2022-09-20T17:20:32.058+0530] {logging_mixin.py:115} INFO - [2022-09-20T17:20:32.058+0530] {dag.py:2429} INFO - Sync 1 DAGs
[2022-09-20T17:20:32.067+0530] {logging_mixin.py:115} INFO - [2022-09-20T17:20:32.067+0530] {dag.py:2977} INFO - Setting next_dagrun for tutorial_taskflow_api_etl to None, run_after=None
[2022-09-20T17:20:32.076+0530] {processor.py:161} INFO - Processing /home/sayone/This PC/SayOne Technologies/Works/airflow_new/Airflow/venv/lib/python3.8/site-packages/airflow/example_dags/tutorial_taskflow_api_etl.py took 0.066 seconds
[2022-09-20T17:21:06.996+0530] {processor.py:153} INFO - Started process (PID=29814) to work on /home/sayone/This PC/SayOne Technologies/Works/airflow_new/Airflow/venv/lib/python3.8/site-packages/airflow/example_dags/tutorial_taskflow_api_etl.py
[2022-09-20T17:21:06.997+0530] {processor.py:640} INFO - Processing file /home/sayone/This PC/SayOne Technologies/Works/airflow_new/Airflow/venv/lib/python3.8/site-packages/airflow/example_dags/tutorial_taskflow_api_etl.py for tasks to queue
[2022-09-20T17:21:06.998+0530] {logging_mixin.py:115} INFO - [2022-09-20T17:21:06.997+0530] {dagbag.py:508} INFO - Filling up the DagBag from /home/sayone/This PC/SayOne Technologies/Works/airflow_new/Airflow/venv/lib/python3.8/site-packages/airflow/example_dags/tutorial_taskflow_api_etl.py
[2022-09-20T17:21:07.012+0530] {processor.py:650} INFO - DAG(s) dict_keys(['tutorial_taskflow_api_etl']) retrieved from /home/sayone/This PC/SayOne Technologies/Works/airflow_new/Airflow/venv/lib/python3.8/site-packages/airflow/example_dags/tutorial_taskflow_api_etl.py
[2022-09-20T17:21:07.038+0530] {logging_mixin.py:115} INFO - [2022-09-20T17:21:07.038+0530] {dag.py:2429} INFO - Sync 1 DAGs
[2022-09-20T17:21:07.048+0530] {logging_mixin.py:115} INFO - [2022-09-20T17:21:07.047+0530] {dag.py:2977} INFO - Setting next_dagrun for tutorial_taskflow_api_etl to None, run_after=None
[2022-09-20T17:21:07.060+0530] {processor.py:161} INFO - Processing /home/sayone/This PC/SayOne Technologies/Works/airflow_new/Airflow/venv/lib/python3.8/site-packages/airflow/example_dags/tutorial_taskflow_api_etl.py took 0.067 seconds
[2022-09-20T17:21:44.150+0530] {processor.py:153} INFO - Started process (PID=29929) to work on /home/sayone/This PC/SayOne Technologies/Works/airflow_new/Airflow/venv/lib/python3.8/site-packages/airflow/example_dags/tutorial_taskflow_api_etl.py
[2022-09-20T17:21:44.153+0530] {processor.py:640} INFO - Processing file /home/sayone/This PC/SayOne Technologies/Works/airflow_new/Airflow/venv/lib/python3.8/site-packages/airflow/example_dags/tutorial_taskflow_api_etl.py for tasks to queue
[2022-09-20T17:21:44.154+0530] {logging_mixin.py:115} INFO - [2022-09-20T17:21:44.154+0530] {dagbag.py:508} INFO - Filling up the DagBag from /home/sayone/This PC/SayOne Technologies/Works/airflow_new/Airflow/venv/lib/python3.8/site-packages/airflow/example_dags/tutorial_taskflow_api_etl.py
[2022-09-20T17:21:44.169+0530] {processor.py:650} INFO - DAG(s) dict_keys(['tutorial_taskflow_api_etl']) retrieved from /home/sayone/This PC/SayOne Technologies/Works/airflow_new/Airflow/venv/lib/python3.8/site-packages/airflow/example_dags/tutorial_taskflow_api_etl.py
[2022-09-20T17:21:44.198+0530] {logging_mixin.py:115} INFO - [2022-09-20T17:21:44.198+0530] {dag.py:2429} INFO - Sync 1 DAGs
[2022-09-20T17:21:44.207+0530] {logging_mixin.py:115} INFO - [2022-09-20T17:21:44.207+0530] {dag.py:2977} INFO - Setting next_dagrun for tutorial_taskflow_api_etl to None, run_after=None
[2022-09-20T17:21:44.218+0530] {processor.py:161} INFO - Processing /home/sayone/This PC/SayOne Technologies/Works/airflow_new/Airflow/venv/lib/python3.8/site-packages/airflow/example_dags/tutorial_taskflow_api_etl.py took 0.069 seconds
[2022-09-20T17:22:17.953+0530] {processor.py:153} INFO - Started process (PID=30221) to work on /home/sayone/This PC/SayOne Technologies/Works/airflow_new/Airflow/venv/lib/python3.8/site-packages/airflow/example_dags/tutorial_taskflow_api_etl.py
[2022-09-20T17:22:17.955+0530] {processor.py:640} INFO - Processing file /home/sayone/This PC/SayOne Technologies/Works/airflow_new/Airflow/venv/lib/python3.8/site-packages/airflow/example_dags/tutorial_taskflow_api_etl.py for tasks to queue
[2022-09-20T17:22:17.956+0530] {logging_mixin.py:115} INFO - [2022-09-20T17:22:17.956+0530] {dagbag.py:508} INFO - Filling up the DagBag from /home/sayone/This PC/SayOne Technologies/Works/airflow_new/Airflow/venv/lib/python3.8/site-packages/airflow/example_dags/tutorial_taskflow_api_etl.py
[2022-09-20T17:22:17.971+0530] {processor.py:650} INFO - DAG(s) dict_keys(['tutorial_taskflow_api_etl']) retrieved from /home/sayone/This PC/SayOne Technologies/Works/airflow_new/Airflow/venv/lib/python3.8/site-packages/airflow/example_dags/tutorial_taskflow_api_etl.py
[2022-09-20T17:22:17.979+0530] {logging_mixin.py:115} INFO - [2022-09-20T17:22:17.979+0530] {dag.py:2429} INFO - Sync 1 DAGs
[2022-09-20T17:22:17.989+0530] {logging_mixin.py:115} INFO - [2022-09-20T17:22:17.989+0530] {dag.py:2977} INFO - Setting next_dagrun for tutorial_taskflow_api_etl to None, run_after=None
[2022-09-20T17:22:18.002+0530] {processor.py:161} INFO - Processing /home/sayone/This PC/SayOne Technologies/Works/airflow_new/Airflow/venv/lib/python3.8/site-packages/airflow/example_dags/tutorial_taskflow_api_etl.py took 0.053 seconds
[2022-09-20T17:22:55.066+0530] {processor.py:153} INFO - Started process (PID=30354) to work on /home/sayone/This PC/SayOne Technologies/Works/airflow_new/Airflow/venv/lib/python3.8/site-packages/airflow/example_dags/tutorial_taskflow_api_etl.py
[2022-09-20T17:22:55.069+0530] {processor.py:640} INFO - Processing file /home/sayone/This PC/SayOne Technologies/Works/airflow_new/Airflow/venv/lib/python3.8/site-packages/airflow/example_dags/tutorial_taskflow_api_etl.py for tasks to queue
[2022-09-20T17:22:55.070+0530] {logging_mixin.py:115} INFO - [2022-09-20T17:22:55.070+0530] {dagbag.py:508} INFO - Filling up the DagBag from /home/sayone/This PC/SayOne Technologies/Works/airflow_new/Airflow/venv/lib/python3.8/site-packages/airflow/example_dags/tutorial_taskflow_api_etl.py
[2022-09-20T17:22:55.082+0530] {processor.py:650} INFO - DAG(s) dict_keys(['tutorial_taskflow_api_etl']) retrieved from /home/sayone/This PC/SayOne Technologies/Works/airflow_new/Airflow/venv/lib/python3.8/site-packages/airflow/example_dags/tutorial_taskflow_api_etl.py
[2022-09-20T17:22:55.110+0530] {logging_mixin.py:115} INFO - [2022-09-20T17:22:55.109+0530] {dag.py:2429} INFO - Sync 1 DAGs
[2022-09-20T17:22:55.120+0530] {logging_mixin.py:115} INFO - [2022-09-20T17:22:55.119+0530] {dag.py:2977} INFO - Setting next_dagrun for tutorial_taskflow_api_etl to None, run_after=None
[2022-09-20T17:22:55.130+0530] {processor.py:161} INFO - Processing /home/sayone/This PC/SayOne Technologies/Works/airflow_new/Airflow/venv/lib/python3.8/site-packages/airflow/example_dags/tutorial_taskflow_api_etl.py took 0.069 seconds
[2022-09-20T17:23:20.651+0530] {processor.py:153} INFO - Started process (PID=30417) to work on /home/sayone/This PC/SayOne Technologies/Works/airflow_new/Airflow/venv/lib/python3.8/site-packages/airflow/example_dags/tutorial_taskflow_api_etl.py
[2022-09-20T17:23:20.651+0530] {processor.py:640} INFO - Processing file /home/sayone/This PC/SayOne Technologies/Works/airflow_new/Airflow/venv/lib/python3.8/site-packages/airflow/example_dags/tutorial_taskflow_api_etl.py for tasks to queue
[2022-09-20T17:23:20.652+0530] {logging_mixin.py:115} INFO - [2022-09-20T17:23:20.652+0530] {dagbag.py:508} INFO - Filling up the DagBag from /home/sayone/This PC/SayOne Technologies/Works/airflow_new/Airflow/venv/lib/python3.8/site-packages/airflow/example_dags/tutorial_taskflow_api_etl.py
[2022-09-20T17:23:20.673+0530] {processor.py:650} INFO - DAG(s) dict_keys(['tutorial_taskflow_api_etl']) retrieved from /home/sayone/This PC/SayOne Technologies/Works/airflow_new/Airflow/venv/lib/python3.8/site-packages/airflow/example_dags/tutorial_taskflow_api_etl.py
[2022-09-20T17:23:20.683+0530] {logging_mixin.py:115} INFO - [2022-09-20T17:23:20.683+0530] {dag.py:2429} INFO - Sync 1 DAGs
[2022-09-20T17:23:20.727+0530] {logging_mixin.py:115} INFO - [2022-09-20T17:23:20.727+0530] {dag.py:2977} INFO - Setting next_dagrun for tutorial_taskflow_api_etl to None, run_after=None
[2022-09-20T17:23:20.749+0530] {processor.py:161} INFO - Processing /home/sayone/This PC/SayOne Technologies/Works/airflow_new/Airflow/venv/lib/python3.8/site-packages/airflow/example_dags/tutorial_taskflow_api_etl.py took 0.102 seconds
[2022-09-20T17:23:57.391+0530] {processor.py:153} INFO - Started process (PID=30551) to work on /home/sayone/This PC/SayOne Technologies/Works/airflow_new/Airflow/venv/lib/python3.8/site-packages/airflow/example_dags/tutorial_taskflow_api_etl.py
[2022-09-20T17:23:57.393+0530] {processor.py:640} INFO - Processing file /home/sayone/This PC/SayOne Technologies/Works/airflow_new/Airflow/venv/lib/python3.8/site-packages/airflow/example_dags/tutorial_taskflow_api_etl.py for tasks to queue
[2022-09-20T17:23:57.394+0530] {logging_mixin.py:115} INFO - [2022-09-20T17:23:57.394+0530] {dagbag.py:508} INFO - Filling up the DagBag from /home/sayone/This PC/SayOne Technologies/Works/airflow_new/Airflow/venv/lib/python3.8/site-packages/airflow/example_dags/tutorial_taskflow_api_etl.py
[2022-09-20T17:23:57.405+0530] {processor.py:650} INFO - DAG(s) dict_keys(['tutorial_taskflow_api_etl']) retrieved from /home/sayone/This PC/SayOne Technologies/Works/airflow_new/Airflow/venv/lib/python3.8/site-packages/airflow/example_dags/tutorial_taskflow_api_etl.py
[2022-09-20T17:23:57.433+0530] {logging_mixin.py:115} INFO - [2022-09-20T17:23:57.433+0530] {dag.py:2429} INFO - Sync 1 DAGs
[2022-09-20T17:23:57.442+0530] {logging_mixin.py:115} INFO - [2022-09-20T17:23:57.442+0530] {dag.py:2977} INFO - Setting next_dagrun for tutorial_taskflow_api_etl to None, run_after=None
[2022-09-20T17:23:57.452+0530] {processor.py:161} INFO - Processing /home/sayone/This PC/SayOne Technologies/Works/airflow_new/Airflow/venv/lib/python3.8/site-packages/airflow/example_dags/tutorial_taskflow_api_etl.py took 0.064 seconds
[2022-09-20T17:24:32.268+0530] {processor.py:153} INFO - Started process (PID=30787) to work on /home/sayone/This PC/SayOne Technologies/Works/airflow_new/Airflow/venv/lib/python3.8/site-packages/airflow/example_dags/tutorial_taskflow_api_etl.py
[2022-09-20T17:24:32.271+0530] {processor.py:640} INFO - Processing file /home/sayone/This PC/SayOne Technologies/Works/airflow_new/Airflow/venv/lib/python3.8/site-packages/airflow/example_dags/tutorial_taskflow_api_etl.py for tasks to queue
[2022-09-20T17:24:32.271+0530] {logging_mixin.py:115} INFO - [2022-09-20T17:24:32.271+0530] {dagbag.py:508} INFO - Filling up the DagBag from /home/sayone/This PC/SayOne Technologies/Works/airflow_new/Airflow/venv/lib/python3.8/site-packages/airflow/example_dags/tutorial_taskflow_api_etl.py
[2022-09-20T17:24:32.283+0530] {processor.py:650} INFO - DAG(s) dict_keys(['tutorial_taskflow_api_etl']) retrieved from /home/sayone/This PC/SayOne Technologies/Works/airflow_new/Airflow/venv/lib/python3.8/site-packages/airflow/example_dags/tutorial_taskflow_api_etl.py
[2022-09-20T17:24:32.310+0530] {logging_mixin.py:115} INFO - [2022-09-20T17:24:32.310+0530] {dag.py:2429} INFO - Sync 1 DAGs
[2022-09-20T17:24:32.320+0530] {logging_mixin.py:115} INFO - [2022-09-20T17:24:32.320+0530] {dag.py:2977} INFO - Setting next_dagrun for tutorial_taskflow_api_etl to None, run_after=None
[2022-09-20T17:24:32.333+0530] {processor.py:161} INFO - Processing /home/sayone/This PC/SayOne Technologies/Works/airflow_new/Airflow/venv/lib/python3.8/site-packages/airflow/example_dags/tutorial_taskflow_api_etl.py took 0.067 seconds
[2022-09-20T17:25:08.476+0530] {processor.py:153} INFO - Started process (PID=30956) to work on /home/sayone/This PC/SayOne Technologies/Works/airflow_new/Airflow/venv/lib/python3.8/site-packages/airflow/example_dags/tutorial_taskflow_api_etl.py
[2022-09-20T17:25:08.479+0530] {processor.py:640} INFO - Processing file /home/sayone/This PC/SayOne Technologies/Works/airflow_new/Airflow/venv/lib/python3.8/site-packages/airflow/example_dags/tutorial_taskflow_api_etl.py for tasks to queue
[2022-09-20T17:25:08.479+0530] {logging_mixin.py:115} INFO - [2022-09-20T17:25:08.479+0530] {dagbag.py:508} INFO - Filling up the DagBag from /home/sayone/This PC/SayOne Technologies/Works/airflow_new/Airflow/venv/lib/python3.8/site-packages/airflow/example_dags/tutorial_taskflow_api_etl.py
[2022-09-20T17:25:08.491+0530] {processor.py:650} INFO - DAG(s) dict_keys(['tutorial_taskflow_api_etl']) retrieved from /home/sayone/This PC/SayOne Technologies/Works/airflow_new/Airflow/venv/lib/python3.8/site-packages/airflow/example_dags/tutorial_taskflow_api_etl.py
[2022-09-20T17:25:08.523+0530] {logging_mixin.py:115} INFO - [2022-09-20T17:25:08.523+0530] {dag.py:2429} INFO - Sync 1 DAGs
[2022-09-20T17:25:08.539+0530] {logging_mixin.py:115} INFO - [2022-09-20T17:25:08.538+0530] {dag.py:2977} INFO - Setting next_dagrun for tutorial_taskflow_api_etl to None, run_after=None
[2022-09-20T17:25:08.553+0530] {processor.py:161} INFO - Processing /home/sayone/This PC/SayOne Technologies/Works/airflow_new/Airflow/venv/lib/python3.8/site-packages/airflow/example_dags/tutorial_taskflow_api_etl.py took 0.080 seconds
[2022-09-20T17:25:43.090+0530] {processor.py:153} INFO - Started process (PID=31038) to work on /home/sayone/This PC/SayOne Technologies/Works/airflow_new/Airflow/venv/lib/python3.8/site-packages/airflow/example_dags/tutorial_taskflow_api_etl.py
[2022-09-20T17:25:43.092+0530] {processor.py:640} INFO - Processing file /home/sayone/This PC/SayOne Technologies/Works/airflow_new/Airflow/venv/lib/python3.8/site-packages/airflow/example_dags/tutorial_taskflow_api_etl.py for tasks to queue
[2022-09-20T17:25:43.093+0530] {logging_mixin.py:115} INFO - [2022-09-20T17:25:43.092+0530] {dagbag.py:508} INFO - Filling up the DagBag from /home/sayone/This PC/SayOne Technologies/Works/airflow_new/Airflow/venv/lib/python3.8/site-packages/airflow/example_dags/tutorial_taskflow_api_etl.py
[2022-09-20T17:25:43.109+0530] {processor.py:650} INFO - DAG(s) dict_keys(['tutorial_taskflow_api_etl']) retrieved from /home/sayone/This PC/SayOne Technologies/Works/airflow_new/Airflow/venv/lib/python3.8/site-packages/airflow/example_dags/tutorial_taskflow_api_etl.py
[2022-09-20T17:25:43.117+0530] {logging_mixin.py:115} INFO - [2022-09-20T17:25:43.117+0530] {dag.py:2429} INFO - Sync 1 DAGs
[2022-09-20T17:25:43.126+0530] {logging_mixin.py:115} INFO - [2022-09-20T17:25:43.126+0530] {dag.py:2977} INFO - Setting next_dagrun for tutorial_taskflow_api_etl to None, run_after=None
[2022-09-20T17:25:43.135+0530] {processor.py:161} INFO - Processing /home/sayone/This PC/SayOne Technologies/Works/airflow_new/Airflow/venv/lib/python3.8/site-packages/airflow/example_dags/tutorial_taskflow_api_etl.py took 0.048 seconds
[2022-09-20T17:26:21.746+0530] {processor.py:153} INFO - Started process (PID=31151) to work on /home/sayone/This PC/SayOne Technologies/Works/airflow_new/Airflow/venv/lib/python3.8/site-packages/airflow/example_dags/tutorial_taskflow_api_etl.py
[2022-09-20T17:26:21.749+0530] {processor.py:640} INFO - Processing file /home/sayone/This PC/SayOne Technologies/Works/airflow_new/Airflow/venv/lib/python3.8/site-packages/airflow/example_dags/tutorial_taskflow_api_etl.py for tasks to queue
[2022-09-20T17:26:21.750+0530] {logging_mixin.py:115} INFO - [2022-09-20T17:26:21.750+0530] {dagbag.py:508} INFO - Filling up the DagBag from /home/sayone/This PC/SayOne Technologies/Works/airflow_new/Airflow/venv/lib/python3.8/site-packages/airflow/example_dags/tutorial_taskflow_api_etl.py
[2022-09-20T17:26:21.762+0530] {processor.py:650} INFO - DAG(s) dict_keys(['tutorial_taskflow_api_etl']) retrieved from /home/sayone/This PC/SayOne Technologies/Works/airflow_new/Airflow/venv/lib/python3.8/site-packages/airflow/example_dags/tutorial_taskflow_api_etl.py
[2022-09-20T17:26:21.786+0530] {logging_mixin.py:115} INFO - [2022-09-20T17:26:21.786+0530] {dag.py:2429} INFO - Sync 1 DAGs
[2022-09-20T17:26:21.794+0530] {logging_mixin.py:115} INFO - [2022-09-20T17:26:21.793+0530] {dag.py:2977} INFO - Setting next_dagrun for tutorial_taskflow_api_etl to None, run_after=None
[2022-09-20T17:26:21.803+0530] {processor.py:161} INFO - Processing /home/sayone/This PC/SayOne Technologies/Works/airflow_new/Airflow/venv/lib/python3.8/site-packages/airflow/example_dags/tutorial_taskflow_api_etl.py took 0.059 seconds
[2022-09-20T17:26:56.229+0530] {processor.py:153} INFO - Started process (PID=31315) to work on /home/sayone/This PC/SayOne Technologies/Works/airflow_new/Airflow/venv/lib/python3.8/site-packages/airflow/example_dags/tutorial_taskflow_api_etl.py
[2022-09-20T17:26:56.232+0530] {processor.py:640} INFO - Processing file /home/sayone/This PC/SayOne Technologies/Works/airflow_new/Airflow/venv/lib/python3.8/site-packages/airflow/example_dags/tutorial_taskflow_api_etl.py for tasks to queue
[2022-09-20T17:26:56.233+0530] {logging_mixin.py:115} INFO - [2022-09-20T17:26:56.233+0530] {dagbag.py:508} INFO - Filling up the DagBag from /home/sayone/This PC/SayOne Technologies/Works/airflow_new/Airflow/venv/lib/python3.8/site-packages/airflow/example_dags/tutorial_taskflow_api_etl.py
[2022-09-20T17:26:56.249+0530] {processor.py:650} INFO - DAG(s) dict_keys(['tutorial_taskflow_api_etl']) retrieved from /home/sayone/This PC/SayOne Technologies/Works/airflow_new/Airflow/venv/lib/python3.8/site-packages/airflow/example_dags/tutorial_taskflow_api_etl.py
[2022-09-20T17:26:56.277+0530] {logging_mixin.py:115} INFO - [2022-09-20T17:26:56.277+0530] {dag.py:2429} INFO - Sync 1 DAGs
[2022-09-20T17:26:56.287+0530] {logging_mixin.py:115} INFO - [2022-09-20T17:26:56.287+0530] {dag.py:2977} INFO - Setting next_dagrun for tutorial_taskflow_api_etl to None, run_after=None
[2022-09-20T17:26:56.296+0530] {processor.py:161} INFO - Processing /home/sayone/This PC/SayOne Technologies/Works/airflow_new/Airflow/venv/lib/python3.8/site-packages/airflow/example_dags/tutorial_taskflow_api_etl.py took 0.070 seconds
[2022-09-20T17:27:34.171+0530] {processor.py:153} INFO - Started process (PID=31562) to work on /home/sayone/This PC/SayOne Technologies/Works/airflow_new/Airflow/venv/lib/python3.8/site-packages/airflow/example_dags/tutorial_taskflow_api_etl.py
[2022-09-20T17:27:34.174+0530] {processor.py:640} INFO - Processing file /home/sayone/This PC/SayOne Technologies/Works/airflow_new/Airflow/venv/lib/python3.8/site-packages/airflow/example_dags/tutorial_taskflow_api_etl.py for tasks to queue
[2022-09-20T17:27:34.174+0530] {logging_mixin.py:115} INFO - [2022-09-20T17:27:34.174+0530] {dagbag.py:508} INFO - Filling up the DagBag from /home/sayone/This PC/SayOne Technologies/Works/airflow_new/Airflow/venv/lib/python3.8/site-packages/airflow/example_dags/tutorial_taskflow_api_etl.py
[2022-09-20T17:27:34.191+0530] {processor.py:650} INFO - DAG(s) dict_keys(['tutorial_taskflow_api_etl']) retrieved from /home/sayone/This PC/SayOne Technologies/Works/airflow_new/Airflow/venv/lib/python3.8/site-packages/airflow/example_dags/tutorial_taskflow_api_etl.py
[2022-09-20T17:27:34.216+0530] {logging_mixin.py:115} INFO - [2022-09-20T17:27:34.216+0530] {dag.py:2429} INFO - Sync 1 DAGs
[2022-09-20T17:27:34.224+0530] {logging_mixin.py:115} INFO - [2022-09-20T17:27:34.224+0530] {dag.py:2977} INFO - Setting next_dagrun for tutorial_taskflow_api_etl to None, run_after=None
[2022-09-20T17:27:34.232+0530] {processor.py:161} INFO - Processing /home/sayone/This PC/SayOne Technologies/Works/airflow_new/Airflow/venv/lib/python3.8/site-packages/airflow/example_dags/tutorial_taskflow_api_etl.py took 0.062 seconds
[2022-09-20T17:28:08.042+0530] {processor.py:153} INFO - Started process (PID=31663) to work on /home/sayone/This PC/SayOne Technologies/Works/airflow_new/Airflow/venv/lib/python3.8/site-packages/airflow/example_dags/tutorial_taskflow_api_etl.py
[2022-09-20T17:28:08.044+0530] {processor.py:640} INFO - Processing file /home/sayone/This PC/SayOne Technologies/Works/airflow_new/Airflow/venv/lib/python3.8/site-packages/airflow/example_dags/tutorial_taskflow_api_etl.py for tasks to queue
[2022-09-20T17:28:08.045+0530] {logging_mixin.py:115} INFO - [2022-09-20T17:28:08.045+0530] {dagbag.py:508} INFO - Filling up the DagBag from /home/sayone/This PC/SayOne Technologies/Works/airflow_new/Airflow/venv/lib/python3.8/site-packages/airflow/example_dags/tutorial_taskflow_api_etl.py
[2022-09-20T17:28:08.063+0530] {processor.py:650} INFO - DAG(s) dict_keys(['tutorial_taskflow_api_etl']) retrieved from /home/sayone/This PC/SayOne Technologies/Works/airflow_new/Airflow/venv/lib/python3.8/site-packages/airflow/example_dags/tutorial_taskflow_api_etl.py
[2022-09-20T17:28:08.071+0530] {logging_mixin.py:115} INFO - [2022-09-20T17:28:08.071+0530] {dag.py:2429} INFO - Sync 1 DAGs
[2022-09-20T17:28:08.080+0530] {logging_mixin.py:115} INFO - [2022-09-20T17:28:08.080+0530] {dag.py:2977} INFO - Setting next_dagrun for tutorial_taskflow_api_etl to None, run_after=None
[2022-09-20T17:28:08.090+0530] {processor.py:161} INFO - Processing /home/sayone/This PC/SayOne Technologies/Works/airflow_new/Airflow/venv/lib/python3.8/site-packages/airflow/example_dags/tutorial_taskflow_api_etl.py took 0.049 seconds
[2022-09-20T17:28:46.897+0530] {processor.py:153} INFO - Started process (PID=31739) to work on /home/sayone/This PC/SayOne Technologies/Works/airflow_new/Airflow/venv/lib/python3.8/site-packages/airflow/example_dags/tutorial_taskflow_api_etl.py
[2022-09-20T17:28:46.900+0530] {processor.py:640} INFO - Processing file /home/sayone/This PC/SayOne Technologies/Works/airflow_new/Airflow/venv/lib/python3.8/site-packages/airflow/example_dags/tutorial_taskflow_api_etl.py for tasks to queue
[2022-09-20T17:28:46.901+0530] {logging_mixin.py:115} INFO - [2022-09-20T17:28:46.900+0530] {dagbag.py:508} INFO - Filling up the DagBag from /home/sayone/This PC/SayOne Technologies/Works/airflow_new/Airflow/venv/lib/python3.8/site-packages/airflow/example_dags/tutorial_taskflow_api_etl.py
[2022-09-20T17:28:46.918+0530] {processor.py:650} INFO - DAG(s) dict_keys(['tutorial_taskflow_api_etl']) retrieved from /home/sayone/This PC/SayOne Technologies/Works/airflow_new/Airflow/venv/lib/python3.8/site-packages/airflow/example_dags/tutorial_taskflow_api_etl.py
[2022-09-20T17:28:46.942+0530] {logging_mixin.py:115} INFO - [2022-09-20T17:28:46.942+0530] {dag.py:2429} INFO - Sync 1 DAGs
[2022-09-20T17:28:46.950+0530] {logging_mixin.py:115} INFO - [2022-09-20T17:28:46.949+0530] {dag.py:2977} INFO - Setting next_dagrun for tutorial_taskflow_api_etl to None, run_after=None
[2022-09-20T17:28:46.959+0530] {processor.py:161} INFO - Processing /home/sayone/This PC/SayOne Technologies/Works/airflow_new/Airflow/venv/lib/python3.8/site-packages/airflow/example_dags/tutorial_taskflow_api_etl.py took 0.065 seconds
[2022-09-20T17:29:21.625+0530] {processor.py:153} INFO - Started process (PID=31861) to work on /home/sayone/This PC/SayOne Technologies/Works/airflow_new/Airflow/venv/lib/python3.8/site-packages/airflow/example_dags/tutorial_taskflow_api_etl.py
[2022-09-20T17:29:21.627+0530] {processor.py:640} INFO - Processing file /home/sayone/This PC/SayOne Technologies/Works/airflow_new/Airflow/venv/lib/python3.8/site-packages/airflow/example_dags/tutorial_taskflow_api_etl.py for tasks to queue
[2022-09-20T17:29:21.628+0530] {logging_mixin.py:115} INFO - [2022-09-20T17:29:21.628+0530] {dagbag.py:508} INFO - Filling up the DagBag from /home/sayone/This PC/SayOne Technologies/Works/airflow_new/Airflow/venv/lib/python3.8/site-packages/airflow/example_dags/tutorial_taskflow_api_etl.py
[2022-09-20T17:29:21.644+0530] {processor.py:650} INFO - DAG(s) dict_keys(['tutorial_taskflow_api_etl']) retrieved from /home/sayone/This PC/SayOne Technologies/Works/airflow_new/Airflow/venv/lib/python3.8/site-packages/airflow/example_dags/tutorial_taskflow_api_etl.py
[2022-09-20T17:29:21.652+0530] {logging_mixin.py:115} INFO - [2022-09-20T17:29:21.652+0530] {dag.py:2429} INFO - Sync 1 DAGs
[2022-09-20T17:29:21.663+0530] {logging_mixin.py:115} INFO - [2022-09-20T17:29:21.663+0530] {dag.py:2977} INFO - Setting next_dagrun for tutorial_taskflow_api_etl to None, run_after=None
[2022-09-20T17:29:21.671+0530] {processor.py:161} INFO - Processing /home/sayone/This PC/SayOne Technologies/Works/airflow_new/Airflow/venv/lib/python3.8/site-packages/airflow/example_dags/tutorial_taskflow_api_etl.py took 0.049 seconds
[2022-09-20T17:29:57.664+0530] {processor.py:153} INFO - Started process (PID=32070) to work on /home/sayone/This PC/SayOne Technologies/Works/airflow_new/Airflow/venv/lib/python3.8/site-packages/airflow/example_dags/tutorial_taskflow_api_etl.py
[2022-09-20T17:29:57.666+0530] {processor.py:640} INFO - Processing file /home/sayone/This PC/SayOne Technologies/Works/airflow_new/Airflow/venv/lib/python3.8/site-packages/airflow/example_dags/tutorial_taskflow_api_etl.py for tasks to queue
[2022-09-20T17:29:57.667+0530] {logging_mixin.py:115} INFO - [2022-09-20T17:29:57.667+0530] {dagbag.py:508} INFO - Filling up the DagBag from /home/sayone/This PC/SayOne Technologies/Works/airflow_new/Airflow/venv/lib/python3.8/site-packages/airflow/example_dags/tutorial_taskflow_api_etl.py
[2022-09-20T17:29:57.681+0530] {processor.py:650} INFO - DAG(s) dict_keys(['tutorial_taskflow_api_etl']) retrieved from /home/sayone/This PC/SayOne Technologies/Works/airflow_new/Airflow/venv/lib/python3.8/site-packages/airflow/example_dags/tutorial_taskflow_api_etl.py
[2022-09-20T17:29:57.689+0530] {logging_mixin.py:115} INFO - [2022-09-20T17:29:57.689+0530] {dag.py:2429} INFO - Sync 1 DAGs
[2022-09-20T17:29:57.700+0530] {logging_mixin.py:115} INFO - [2022-09-20T17:29:57.700+0530] {dag.py:2977} INFO - Setting next_dagrun for tutorial_taskflow_api_etl to None, run_after=None
[2022-09-20T17:29:57.708+0530] {processor.py:161} INFO - Processing /home/sayone/This PC/SayOne Technologies/Works/airflow_new/Airflow/venv/lib/python3.8/site-packages/airflow/example_dags/tutorial_taskflow_api_etl.py took 0.046 seconds
[2022-09-20T17:30:33.695+0530] {processor.py:153} INFO - Started process (PID=32139) to work on /home/sayone/This PC/SayOne Technologies/Works/airflow_new/Airflow/venv/lib/python3.8/site-packages/airflow/example_dags/tutorial_taskflow_api_etl.py
[2022-09-20T17:30:33.698+0530] {processor.py:640} INFO - Processing file /home/sayone/This PC/SayOne Technologies/Works/airflow_new/Airflow/venv/lib/python3.8/site-packages/airflow/example_dags/tutorial_taskflow_api_etl.py for tasks to queue
[2022-09-20T17:30:33.698+0530] {logging_mixin.py:115} INFO - [2022-09-20T17:30:33.698+0530] {dagbag.py:508} INFO - Filling up the DagBag from /home/sayone/This PC/SayOne Technologies/Works/airflow_new/Airflow/venv/lib/python3.8/site-packages/airflow/example_dags/tutorial_taskflow_api_etl.py
[2022-09-20T17:30:33.715+0530] {processor.py:650} INFO - DAG(s) dict_keys(['tutorial_taskflow_api_etl']) retrieved from /home/sayone/This PC/SayOne Technologies/Works/airflow_new/Airflow/venv/lib/python3.8/site-packages/airflow/example_dags/tutorial_taskflow_api_etl.py
[2022-09-20T17:30:33.723+0530] {logging_mixin.py:115} INFO - [2022-09-20T17:30:33.723+0530] {dag.py:2429} INFO - Sync 1 DAGs
[2022-09-20T17:30:33.734+0530] {logging_mixin.py:115} INFO - [2022-09-20T17:30:33.734+0530] {dag.py:2977} INFO - Setting next_dagrun for tutorial_taskflow_api_etl to None, run_after=None
[2022-09-20T17:30:33.742+0530] {processor.py:161} INFO - Processing /home/sayone/This PC/SayOne Technologies/Works/airflow_new/Airflow/venv/lib/python3.8/site-packages/airflow/example_dags/tutorial_taskflow_api_etl.py took 0.050 seconds
[2022-09-20T17:31:09.634+0530] {processor.py:153} INFO - Started process (PID=32246) to work on /home/sayone/This PC/SayOne Technologies/Works/airflow_new/Airflow/venv/lib/python3.8/site-packages/airflow/example_dags/tutorial_taskflow_api_etl.py
[2022-09-20T17:31:09.636+0530] {processor.py:640} INFO - Processing file /home/sayone/This PC/SayOne Technologies/Works/airflow_new/Airflow/venv/lib/python3.8/site-packages/airflow/example_dags/tutorial_taskflow_api_etl.py for tasks to queue
[2022-09-20T17:31:09.637+0530] {logging_mixin.py:115} INFO - [2022-09-20T17:31:09.637+0530] {dagbag.py:508} INFO - Filling up the DagBag from /home/sayone/This PC/SayOne Technologies/Works/airflow_new/Airflow/venv/lib/python3.8/site-packages/airflow/example_dags/tutorial_taskflow_api_etl.py
[2022-09-20T17:31:09.654+0530] {processor.py:650} INFO - DAG(s) dict_keys(['tutorial_taskflow_api_etl']) retrieved from /home/sayone/This PC/SayOne Technologies/Works/airflow_new/Airflow/venv/lib/python3.8/site-packages/airflow/example_dags/tutorial_taskflow_api_etl.py
[2022-09-20T17:31:09.662+0530] {logging_mixin.py:115} INFO - [2022-09-20T17:31:09.661+0530] {dag.py:2429} INFO - Sync 1 DAGs
[2022-09-20T17:31:09.672+0530] {logging_mixin.py:115} INFO - [2022-09-20T17:31:09.672+0530] {dag.py:2977} INFO - Setting next_dagrun for tutorial_taskflow_api_etl to None, run_after=None
[2022-09-20T17:31:09.681+0530] {processor.py:161} INFO - Processing /home/sayone/This PC/SayOne Technologies/Works/airflow_new/Airflow/venv/lib/python3.8/site-packages/airflow/example_dags/tutorial_taskflow_api_etl.py took 0.048 seconds
[2022-09-20T17:31:46.802+0530] {processor.py:153} INFO - Started process (PID=32322) to work on /home/sayone/This PC/SayOne Technologies/Works/airflow_new/Airflow/venv/lib/python3.8/site-packages/airflow/example_dags/tutorial_taskflow_api_etl.py
[2022-09-20T17:31:46.805+0530] {processor.py:640} INFO - Processing file /home/sayone/This PC/SayOne Technologies/Works/airflow_new/Airflow/venv/lib/python3.8/site-packages/airflow/example_dags/tutorial_taskflow_api_etl.py for tasks to queue
[2022-09-20T17:31:46.806+0530] {logging_mixin.py:115} INFO - [2022-09-20T17:31:46.806+0530] {dagbag.py:508} INFO - Filling up the DagBag from /home/sayone/This PC/SayOne Technologies/Works/airflow_new/Airflow/venv/lib/python3.8/site-packages/airflow/example_dags/tutorial_taskflow_api_etl.py
[2022-09-20T17:31:46.823+0530] {processor.py:650} INFO - DAG(s) dict_keys(['tutorial_taskflow_api_etl']) retrieved from /home/sayone/This PC/SayOne Technologies/Works/airflow_new/Airflow/venv/lib/python3.8/site-packages/airflow/example_dags/tutorial_taskflow_api_etl.py
[2022-09-20T17:31:46.846+0530] {logging_mixin.py:115} INFO - [2022-09-20T17:31:46.846+0530] {dag.py:2429} INFO - Sync 1 DAGs
[2022-09-20T17:31:46.854+0530] {logging_mixin.py:115} INFO - [2022-09-20T17:31:46.854+0530] {dag.py:2977} INFO - Setting next_dagrun for tutorial_taskflow_api_etl to None, run_after=None
[2022-09-20T17:31:46.863+0530] {processor.py:161} INFO - Processing /home/sayone/This PC/SayOne Technologies/Works/airflow_new/Airflow/venv/lib/python3.8/site-packages/airflow/example_dags/tutorial_taskflow_api_etl.py took 0.066 seconds
[2022-09-20T17:32:22.713+0530] {processor.py:153} INFO - Started process (PID=32563) to work on /home/sayone/This PC/SayOne Technologies/Works/airflow_new/Airflow/venv/lib/python3.8/site-packages/airflow/example_dags/tutorial_taskflow_api_etl.py
[2022-09-20T17:32:22.716+0530] {processor.py:640} INFO - Processing file /home/sayone/This PC/SayOne Technologies/Works/airflow_new/Airflow/venv/lib/python3.8/site-packages/airflow/example_dags/tutorial_taskflow_api_etl.py for tasks to queue
[2022-09-20T17:32:22.717+0530] {logging_mixin.py:115} INFO - [2022-09-20T17:32:22.717+0530] {dagbag.py:508} INFO - Filling up the DagBag from /home/sayone/This PC/SayOne Technologies/Works/airflow_new/Airflow/venv/lib/python3.8/site-packages/airflow/example_dags/tutorial_taskflow_api_etl.py
[2022-09-20T17:32:22.733+0530] {processor.py:650} INFO - DAG(s) dict_keys(['tutorial_taskflow_api_etl']) retrieved from /home/sayone/This PC/SayOne Technologies/Works/airflow_new/Airflow/venv/lib/python3.8/site-packages/airflow/example_dags/tutorial_taskflow_api_etl.py
[2022-09-20T17:32:22.741+0530] {logging_mixin.py:115} INFO - [2022-09-20T17:32:22.741+0530] {dag.py:2429} INFO - Sync 1 DAGs
[2022-09-20T17:32:22.752+0530] {logging_mixin.py:115} INFO - [2022-09-20T17:32:22.752+0530] {dag.py:2977} INFO - Setting next_dagrun for tutorial_taskflow_api_etl to None, run_after=None
[2022-09-20T17:32:22.760+0530] {processor.py:161} INFO - Processing /home/sayone/This PC/SayOne Technologies/Works/airflow_new/Airflow/venv/lib/python3.8/site-packages/airflow/example_dags/tutorial_taskflow_api_etl.py took 0.051 seconds
[2022-09-20T17:32:57.594+0530] {processor.py:153} INFO - Started process (PID=32676) to work on /home/sayone/This PC/SayOne Technologies/Works/airflow_new/Airflow/venv/lib/python3.8/site-packages/airflow/example_dags/tutorial_taskflow_api_etl.py
[2022-09-20T17:32:57.595+0530] {processor.py:640} INFO - Processing file /home/sayone/This PC/SayOne Technologies/Works/airflow_new/Airflow/venv/lib/python3.8/site-packages/airflow/example_dags/tutorial_taskflow_api_etl.py for tasks to queue
[2022-09-20T17:32:57.596+0530] {logging_mixin.py:115} INFO - [2022-09-20T17:32:57.596+0530] {dagbag.py:508} INFO - Filling up the DagBag from /home/sayone/This PC/SayOne Technologies/Works/airflow_new/Airflow/venv/lib/python3.8/site-packages/airflow/example_dags/tutorial_taskflow_api_etl.py
[2022-09-20T17:32:57.604+0530] {processor.py:650} INFO - DAG(s) dict_keys(['tutorial_taskflow_api_etl']) retrieved from /home/sayone/This PC/SayOne Technologies/Works/airflow_new/Airflow/venv/lib/python3.8/site-packages/airflow/example_dags/tutorial_taskflow_api_etl.py
[2022-09-20T17:32:57.612+0530] {logging_mixin.py:115} INFO - [2022-09-20T17:32:57.612+0530] {dag.py:2429} INFO - Sync 1 DAGs
[2022-09-20T17:32:57.623+0530] {logging_mixin.py:115} INFO - [2022-09-20T17:32:57.622+0530] {dag.py:2977} INFO - Setting next_dagrun for tutorial_taskflow_api_etl to None, run_after=None
[2022-09-20T17:32:57.632+0530] {processor.py:161} INFO - Processing /home/sayone/This PC/SayOne Technologies/Works/airflow_new/Airflow/venv/lib/python3.8/site-packages/airflow/example_dags/tutorial_taskflow_api_etl.py took 0.040 seconds
[2022-09-20T17:33:33.563+0530] {processor.py:153} INFO - Started process (PID=32744) to work on /home/sayone/This PC/SayOne Technologies/Works/airflow_new/Airflow/venv/lib/python3.8/site-packages/airflow/example_dags/tutorial_taskflow_api_etl.py
[2022-09-20T17:33:33.566+0530] {processor.py:640} INFO - Processing file /home/sayone/This PC/SayOne Technologies/Works/airflow_new/Airflow/venv/lib/python3.8/site-packages/airflow/example_dags/tutorial_taskflow_api_etl.py for tasks to queue
[2022-09-20T17:33:33.566+0530] {logging_mixin.py:115} INFO - [2022-09-20T17:33:33.566+0530] {dagbag.py:508} INFO - Filling up the DagBag from /home/sayone/This PC/SayOne Technologies/Works/airflow_new/Airflow/venv/lib/python3.8/site-packages/airflow/example_dags/tutorial_taskflow_api_etl.py
[2022-09-20T17:33:33.583+0530] {processor.py:650} INFO - DAG(s) dict_keys(['tutorial_taskflow_api_etl']) retrieved from /home/sayone/This PC/SayOne Technologies/Works/airflow_new/Airflow/venv/lib/python3.8/site-packages/airflow/example_dags/tutorial_taskflow_api_etl.py
[2022-09-20T17:33:33.607+0530] {logging_mixin.py:115} INFO - [2022-09-20T17:33:33.607+0530] {dag.py:2429} INFO - Sync 1 DAGs
[2022-09-20T17:33:33.615+0530] {logging_mixin.py:115} INFO - [2022-09-20T17:33:33.615+0530] {dag.py:2977} INFO - Setting next_dagrun for tutorial_taskflow_api_etl to None, run_after=None
[2022-09-20T17:33:33.624+0530] {processor.py:161} INFO - Processing /home/sayone/This PC/SayOne Technologies/Works/airflow_new/Airflow/venv/lib/python3.8/site-packages/airflow/example_dags/tutorial_taskflow_api_etl.py took 0.064 seconds
[2022-09-20T17:34:09.584+0530] {processor.py:153} INFO - Started process (PID=32837) to work on /home/sayone/This PC/SayOne Technologies/Works/airflow_new/Airflow/venv/lib/python3.8/site-packages/airflow/example_dags/tutorial_taskflow_api_etl.py
[2022-09-20T17:34:09.587+0530] {processor.py:640} INFO - Processing file /home/sayone/This PC/SayOne Technologies/Works/airflow_new/Airflow/venv/lib/python3.8/site-packages/airflow/example_dags/tutorial_taskflow_api_etl.py for tasks to queue
[2022-09-20T17:34:09.587+0530] {logging_mixin.py:115} INFO - [2022-09-20T17:34:09.587+0530] {dagbag.py:508} INFO - Filling up the DagBag from /home/sayone/This PC/SayOne Technologies/Works/airflow_new/Airflow/venv/lib/python3.8/site-packages/airflow/example_dags/tutorial_taskflow_api_etl.py
[2022-09-20T17:34:09.598+0530] {processor.py:650} INFO - DAG(s) dict_keys(['tutorial_taskflow_api_etl']) retrieved from /home/sayone/This PC/SayOne Technologies/Works/airflow_new/Airflow/venv/lib/python3.8/site-packages/airflow/example_dags/tutorial_taskflow_api_etl.py
[2022-09-20T17:34:09.606+0530] {logging_mixin.py:115} INFO - [2022-09-20T17:34:09.606+0530] {dag.py:2429} INFO - Sync 1 DAGs
[2022-09-20T17:34:09.617+0530] {logging_mixin.py:115} INFO - [2022-09-20T17:34:09.617+0530] {dag.py:2977} INFO - Setting next_dagrun for tutorial_taskflow_api_etl to None, run_after=None
[2022-09-20T17:34:09.625+0530] {processor.py:161} INFO - Processing /home/sayone/This PC/SayOne Technologies/Works/airflow_new/Airflow/venv/lib/python3.8/site-packages/airflow/example_dags/tutorial_taskflow_api_etl.py took 0.042 seconds
[2022-09-20T17:34:46.984+0530] {processor.py:153} INFO - Started process (PID=33078) to work on /home/sayone/This PC/SayOne Technologies/Works/airflow_new/Airflow/venv/lib/python3.8/site-packages/airflow/example_dags/tutorial_taskflow_api_etl.py
[2022-09-20T17:34:46.985+0530] {processor.py:640} INFO - Processing file /home/sayone/This PC/SayOne Technologies/Works/airflow_new/Airflow/venv/lib/python3.8/site-packages/airflow/example_dags/tutorial_taskflow_api_etl.py for tasks to queue
[2022-09-20T17:34:46.986+0530] {logging_mixin.py:115} INFO - [2022-09-20T17:34:46.986+0530] {dagbag.py:508} INFO - Filling up the DagBag from /home/sayone/This PC/SayOne Technologies/Works/airflow_new/Airflow/venv/lib/python3.8/site-packages/airflow/example_dags/tutorial_taskflow_api_etl.py
[2022-09-20T17:34:46.997+0530] {processor.py:650} INFO - DAG(s) dict_keys(['tutorial_taskflow_api_etl']) retrieved from /home/sayone/This PC/SayOne Technologies/Works/airflow_new/Airflow/venv/lib/python3.8/site-packages/airflow/example_dags/tutorial_taskflow_api_etl.py
[2022-09-20T17:34:47.006+0530] {logging_mixin.py:115} INFO - [2022-09-20T17:34:47.006+0530] {dag.py:2429} INFO - Sync 1 DAGs
[2022-09-20T17:34:47.016+0530] {logging_mixin.py:115} INFO - [2022-09-20T17:34:47.016+0530] {dag.py:2977} INFO - Setting next_dagrun for tutorial_taskflow_api_etl to None, run_after=None
[2022-09-20T17:34:47.025+0530] {processor.py:161} INFO - Processing /home/sayone/This PC/SayOne Technologies/Works/airflow_new/Airflow/venv/lib/python3.8/site-packages/airflow/example_dags/tutorial_taskflow_api_etl.py took 0.042 seconds
[2022-09-20T17:35:21.605+0530] {processor.py:153} INFO - Started process (PID=33169) to work on /home/sayone/This PC/SayOne Technologies/Works/airflow_new/Airflow/venv/lib/python3.8/site-packages/airflow/example_dags/tutorial_taskflow_api_etl.py
[2022-09-20T17:35:21.608+0530] {processor.py:640} INFO - Processing file /home/sayone/This PC/SayOne Technologies/Works/airflow_new/Airflow/venv/lib/python3.8/site-packages/airflow/example_dags/tutorial_taskflow_api_etl.py for tasks to queue
[2022-09-20T17:35:21.609+0530] {logging_mixin.py:115} INFO - [2022-09-20T17:35:21.609+0530] {dagbag.py:508} INFO - Filling up the DagBag from /home/sayone/This PC/SayOne Technologies/Works/airflow_new/Airflow/venv/lib/python3.8/site-packages/airflow/example_dags/tutorial_taskflow_api_etl.py
[2022-09-20T17:35:21.626+0530] {processor.py:650} INFO - DAG(s) dict_keys(['tutorial_taskflow_api_etl']) retrieved from /home/sayone/This PC/SayOne Technologies/Works/airflow_new/Airflow/venv/lib/python3.8/site-packages/airflow/example_dags/tutorial_taskflow_api_etl.py
[2022-09-20T17:35:21.634+0530] {logging_mixin.py:115} INFO - [2022-09-20T17:35:21.634+0530] {dag.py:2429} INFO - Sync 1 DAGs
[2022-09-20T17:35:21.644+0530] {logging_mixin.py:115} INFO - [2022-09-20T17:35:21.644+0530] {dag.py:2977} INFO - Setting next_dagrun for tutorial_taskflow_api_etl to None, run_after=None
[2022-09-20T17:35:21.652+0530] {processor.py:161} INFO - Processing /home/sayone/This PC/SayOne Technologies/Works/airflow_new/Airflow/venv/lib/python3.8/site-packages/airflow/example_dags/tutorial_taskflow_api_etl.py took 0.050 seconds
[2022-09-20T17:35:59.927+0530] {processor.py:153} INFO - Started process (PID=33281) to work on /home/sayone/This PC/SayOne Technologies/Works/airflow_new/Airflow/venv/lib/python3.8/site-packages/airflow/example_dags/tutorial_taskflow_api_etl.py
[2022-09-20T17:35:59.930+0530] {processor.py:640} INFO - Processing file /home/sayone/This PC/SayOne Technologies/Works/airflow_new/Airflow/venv/lib/python3.8/site-packages/airflow/example_dags/tutorial_taskflow_api_etl.py for tasks to queue
[2022-09-20T17:35:59.930+0530] {logging_mixin.py:115} INFO - [2022-09-20T17:35:59.930+0530] {dagbag.py:508} INFO - Filling up the DagBag from /home/sayone/This PC/SayOne Technologies/Works/airflow_new/Airflow/venv/lib/python3.8/site-packages/airflow/example_dags/tutorial_taskflow_api_etl.py
[2022-09-20T17:35:59.945+0530] {processor.py:650} INFO - DAG(s) dict_keys(['tutorial_taskflow_api_etl']) retrieved from /home/sayone/This PC/SayOne Technologies/Works/airflow_new/Airflow/venv/lib/python3.8/site-packages/airflow/example_dags/tutorial_taskflow_api_etl.py
[2022-09-20T17:35:59.954+0530] {logging_mixin.py:115} INFO - [2022-09-20T17:35:59.953+0530] {dag.py:2429} INFO - Sync 1 DAGs
[2022-09-20T17:35:59.965+0530] {logging_mixin.py:115} INFO - [2022-09-20T17:35:59.965+0530] {dag.py:2977} INFO - Setting next_dagrun for tutorial_taskflow_api_etl to None, run_after=None
[2022-09-20T17:35:59.973+0530] {processor.py:161} INFO - Processing /home/sayone/This PC/SayOne Technologies/Works/airflow_new/Airflow/venv/lib/python3.8/site-packages/airflow/example_dags/tutorial_taskflow_api_etl.py took 0.049 seconds
[2022-09-20T17:36:35.896+0530] {processor.py:153} INFO - Started process (PID=33402) to work on /home/sayone/This PC/SayOne Technologies/Works/airflow_new/Airflow/venv/lib/python3.8/site-packages/airflow/example_dags/tutorial_taskflow_api_etl.py
[2022-09-20T17:36:35.898+0530] {processor.py:640} INFO - Processing file /home/sayone/This PC/SayOne Technologies/Works/airflow_new/Airflow/venv/lib/python3.8/site-packages/airflow/example_dags/tutorial_taskflow_api_etl.py for tasks to queue
[2022-09-20T17:36:35.899+0530] {logging_mixin.py:115} INFO - [2022-09-20T17:36:35.899+0530] {dagbag.py:508} INFO - Filling up the DagBag from /home/sayone/This PC/SayOne Technologies/Works/airflow_new/Airflow/venv/lib/python3.8/site-packages/airflow/example_dags/tutorial_taskflow_api_etl.py
[2022-09-20T17:36:35.916+0530] {processor.py:650} INFO - DAG(s) dict_keys(['tutorial_taskflow_api_etl']) retrieved from /home/sayone/This PC/SayOne Technologies/Works/airflow_new/Airflow/venv/lib/python3.8/site-packages/airflow/example_dags/tutorial_taskflow_api_etl.py
[2022-09-20T17:36:35.925+0530] {logging_mixin.py:115} INFO - [2022-09-20T17:36:35.925+0530] {dag.py:2429} INFO - Sync 1 DAGs
[2022-09-20T17:36:35.935+0530] {logging_mixin.py:115} INFO - [2022-09-20T17:36:35.935+0530] {dag.py:2977} INFO - Setting next_dagrun for tutorial_taskflow_api_etl to None, run_after=None
[2022-09-20T17:36:35.944+0530] {processor.py:161} INFO - Processing /home/sayone/This PC/SayOne Technologies/Works/airflow_new/Airflow/venv/lib/python3.8/site-packages/airflow/example_dags/tutorial_taskflow_api_etl.py took 0.050 seconds
[2022-09-20T17:37:11.923+0530] {processor.py:153} INFO - Started process (PID=33615) to work on /home/sayone/This PC/SayOne Technologies/Works/airflow_new/Airflow/venv/lib/python3.8/site-packages/airflow/example_dags/tutorial_taskflow_api_etl.py
[2022-09-20T17:37:11.926+0530] {processor.py:640} INFO - Processing file /home/sayone/This PC/SayOne Technologies/Works/airflow_new/Airflow/venv/lib/python3.8/site-packages/airflow/example_dags/tutorial_taskflow_api_etl.py for tasks to queue
[2022-09-20T17:37:11.926+0530] {logging_mixin.py:115} INFO - [2022-09-20T17:37:11.926+0530] {dagbag.py:508} INFO - Filling up the DagBag from /home/sayone/This PC/SayOne Technologies/Works/airflow_new/Airflow/venv/lib/python3.8/site-packages/airflow/example_dags/tutorial_taskflow_api_etl.py
[2022-09-20T17:37:11.938+0530] {processor.py:650} INFO - DAG(s) dict_keys(['tutorial_taskflow_api_etl']) retrieved from /home/sayone/This PC/SayOne Technologies/Works/airflow_new/Airflow/venv/lib/python3.8/site-packages/airflow/example_dags/tutorial_taskflow_api_etl.py
[2022-09-20T17:37:11.951+0530] {logging_mixin.py:115} INFO - [2022-09-20T17:37:11.950+0530] {dag.py:2429} INFO - Sync 1 DAGs
[2022-09-20T17:37:11.971+0530] {logging_mixin.py:115} INFO - [2022-09-20T17:37:11.970+0530] {dag.py:2977} INFO - Setting next_dagrun for tutorial_taskflow_api_etl to None, run_after=None
[2022-09-20T17:37:11.985+0530] {processor.py:161} INFO - Processing /home/sayone/This PC/SayOne Technologies/Works/airflow_new/Airflow/venv/lib/python3.8/site-packages/airflow/example_dags/tutorial_taskflow_api_etl.py took 0.063 seconds
[2022-09-20T17:37:47.989+0530] {processor.py:153} INFO - Started process (PID=33742) to work on /home/sayone/This PC/SayOne Technologies/Works/airflow_new/Airflow/venv/lib/python3.8/site-packages/airflow/example_dags/tutorial_taskflow_api_etl.py
[2022-09-20T17:37:47.992+0530] {processor.py:640} INFO - Processing file /home/sayone/This PC/SayOne Technologies/Works/airflow_new/Airflow/venv/lib/python3.8/site-packages/airflow/example_dags/tutorial_taskflow_api_etl.py for tasks to queue
[2022-09-20T17:37:47.994+0530] {logging_mixin.py:115} INFO - [2022-09-20T17:37:47.994+0530] {dagbag.py:508} INFO - Filling up the DagBag from /home/sayone/This PC/SayOne Technologies/Works/airflow_new/Airflow/venv/lib/python3.8/site-packages/airflow/example_dags/tutorial_taskflow_api_etl.py
[2022-09-20T17:37:48.006+0530] {processor.py:650} INFO - DAG(s) dict_keys(['tutorial_taskflow_api_etl']) retrieved from /home/sayone/This PC/SayOne Technologies/Works/airflow_new/Airflow/venv/lib/python3.8/site-packages/airflow/example_dags/tutorial_taskflow_api_etl.py
[2022-09-20T17:37:48.033+0530] {logging_mixin.py:115} INFO - [2022-09-20T17:37:48.033+0530] {dag.py:2429} INFO - Sync 1 DAGs
[2022-09-20T17:37:48.042+0530] {logging_mixin.py:115} INFO - [2022-09-20T17:37:48.042+0530] {dag.py:2977} INFO - Setting next_dagrun for tutorial_taskflow_api_etl to None, run_after=None
[2022-09-20T17:37:48.051+0530] {processor.py:161} INFO - Processing /home/sayone/This PC/SayOne Technologies/Works/airflow_new/Airflow/venv/lib/python3.8/site-packages/airflow/example_dags/tutorial_taskflow_api_etl.py took 0.065 seconds
[2022-09-20T17:38:00.800+0530] {processor.py:153} INFO - Started process (PID=33809) to work on /home/sayone/This PC/SayOne Technologies/Works/airflow_new/Airflow/venv/lib/python3.8/site-packages/airflow/example_dags/tutorial_taskflow_api_etl.py
[2022-09-20T17:38:00.800+0530] {processor.py:640} INFO - Processing file /home/sayone/This PC/SayOne Technologies/Works/airflow_new/Airflow/venv/lib/python3.8/site-packages/airflow/example_dags/tutorial_taskflow_api_etl.py for tasks to queue
[2022-09-20T17:38:00.801+0530] {logging_mixin.py:115} INFO - [2022-09-20T17:38:00.801+0530] {dagbag.py:508} INFO - Filling up the DagBag from /home/sayone/This PC/SayOne Technologies/Works/airflow_new/Airflow/venv/lib/python3.8/site-packages/airflow/example_dags/tutorial_taskflow_api_etl.py
[2022-09-20T17:38:00.813+0530] {processor.py:650} INFO - DAG(s) dict_keys(['tutorial_taskflow_api_etl']) retrieved from /home/sayone/This PC/SayOne Technologies/Works/airflow_new/Airflow/venv/lib/python3.8/site-packages/airflow/example_dags/tutorial_taskflow_api_etl.py
[2022-09-20T17:38:00.821+0530] {logging_mixin.py:115} INFO - [2022-09-20T17:38:00.821+0530] {dag.py:2429} INFO - Sync 1 DAGs
[2022-09-20T17:38:00.841+0530] {logging_mixin.py:115} INFO - [2022-09-20T17:38:00.840+0530] {dag.py:2977} INFO - Setting next_dagrun for tutorial_taskflow_api_etl to None, run_after=None
[2022-09-20T17:38:00.878+0530] {processor.py:161} INFO - Processing /home/sayone/This PC/SayOne Technologies/Works/airflow_new/Airflow/venv/lib/python3.8/site-packages/airflow/example_dags/tutorial_taskflow_api_etl.py took 0.080 seconds
[2022-09-20T17:38:36.764+0530] {processor.py:153} INFO - Started process (PID=33871) to work on /home/sayone/This PC/SayOne Technologies/Works/airflow_new/Airflow/venv/lib/python3.8/site-packages/airflow/example_dags/tutorial_taskflow_api_etl.py
[2022-09-20T17:38:36.766+0530] {processor.py:640} INFO - Processing file /home/sayone/This PC/SayOne Technologies/Works/airflow_new/Airflow/venv/lib/python3.8/site-packages/airflow/example_dags/tutorial_taskflow_api_etl.py for tasks to queue
[2022-09-20T17:38:36.767+0530] {logging_mixin.py:115} INFO - [2022-09-20T17:38:36.767+0530] {dagbag.py:508} INFO - Filling up the DagBag from /home/sayone/This PC/SayOne Technologies/Works/airflow_new/Airflow/venv/lib/python3.8/site-packages/airflow/example_dags/tutorial_taskflow_api_etl.py
[2022-09-20T17:38:36.783+0530] {processor.py:650} INFO - DAG(s) dict_keys(['tutorial_taskflow_api_etl']) retrieved from /home/sayone/This PC/SayOne Technologies/Works/airflow_new/Airflow/venv/lib/python3.8/site-packages/airflow/example_dags/tutorial_taskflow_api_etl.py
[2022-09-20T17:38:36.807+0530] {logging_mixin.py:115} INFO - [2022-09-20T17:38:36.807+0530] {dag.py:2429} INFO - Sync 1 DAGs
[2022-09-20T17:38:36.815+0530] {logging_mixin.py:115} INFO - [2022-09-20T17:38:36.815+0530] {dag.py:2977} INFO - Setting next_dagrun for tutorial_taskflow_api_etl to None, run_after=None
[2022-09-20T17:38:36.826+0530] {processor.py:161} INFO - Processing /home/sayone/This PC/SayOne Technologies/Works/airflow_new/Airflow/venv/lib/python3.8/site-packages/airflow/example_dags/tutorial_taskflow_api_etl.py took 0.065 seconds
[2022-09-20T17:39:11.633+0530] {processor.py:153} INFO - Started process (PID=33968) to work on /home/sayone/This PC/SayOne Technologies/Works/airflow_new/Airflow/venv/lib/python3.8/site-packages/airflow/example_dags/tutorial_taskflow_api_etl.py
[2022-09-20T17:39:11.637+0530] {processor.py:640} INFO - Processing file /home/sayone/This PC/SayOne Technologies/Works/airflow_new/Airflow/venv/lib/python3.8/site-packages/airflow/example_dags/tutorial_taskflow_api_etl.py for tasks to queue
[2022-09-20T17:39:11.637+0530] {logging_mixin.py:115} INFO - [2022-09-20T17:39:11.637+0530] {dagbag.py:508} INFO - Filling up the DagBag from /home/sayone/This PC/SayOne Technologies/Works/airflow_new/Airflow/venv/lib/python3.8/site-packages/airflow/example_dags/tutorial_taskflow_api_etl.py
[2022-09-20T17:39:11.653+0530] {processor.py:650} INFO - DAG(s) dict_keys(['tutorial_taskflow_api_etl']) retrieved from /home/sayone/This PC/SayOne Technologies/Works/airflow_new/Airflow/venv/lib/python3.8/site-packages/airflow/example_dags/tutorial_taskflow_api_etl.py
[2022-09-20T17:39:11.678+0530] {logging_mixin.py:115} INFO - [2022-09-20T17:39:11.678+0530] {dag.py:2429} INFO - Sync 1 DAGs
[2022-09-20T17:39:11.687+0530] {logging_mixin.py:115} INFO - [2022-09-20T17:39:11.687+0530] {dag.py:2977} INFO - Setting next_dagrun for tutorial_taskflow_api_etl to None, run_after=None
[2022-09-20T17:39:11.696+0530] {processor.py:161} INFO - Processing /home/sayone/This PC/SayOne Technologies/Works/airflow_new/Airflow/venv/lib/python3.8/site-packages/airflow/example_dags/tutorial_taskflow_api_etl.py took 0.067 seconds
[2022-09-20T17:39:47.679+0530] {processor.py:153} INFO - Started process (PID=34122) to work on /home/sayone/This PC/SayOne Technologies/Works/airflow_new/Airflow/venv/lib/python3.8/site-packages/airflow/example_dags/tutorial_taskflow_api_etl.py
[2022-09-20T17:39:47.682+0530] {processor.py:640} INFO - Processing file /home/sayone/This PC/SayOne Technologies/Works/airflow_new/Airflow/venv/lib/python3.8/site-packages/airflow/example_dags/tutorial_taskflow_api_etl.py for tasks to queue
[2022-09-20T17:39:47.683+0530] {logging_mixin.py:115} INFO - [2022-09-20T17:39:47.683+0530] {dagbag.py:508} INFO - Filling up the DagBag from /home/sayone/This PC/SayOne Technologies/Works/airflow_new/Airflow/venv/lib/python3.8/site-packages/airflow/example_dags/tutorial_taskflow_api_etl.py
[2022-09-20T17:39:47.699+0530] {processor.py:650} INFO - DAG(s) dict_keys(['tutorial_taskflow_api_etl']) retrieved from /home/sayone/This PC/SayOne Technologies/Works/airflow_new/Airflow/venv/lib/python3.8/site-packages/airflow/example_dags/tutorial_taskflow_api_etl.py
[2022-09-20T17:39:47.723+0530] {logging_mixin.py:115} INFO - [2022-09-20T17:39:47.723+0530] {dag.py:2429} INFO - Sync 1 DAGs
[2022-09-20T17:39:47.732+0530] {logging_mixin.py:115} INFO - [2022-09-20T17:39:47.732+0530] {dag.py:2977} INFO - Setting next_dagrun for tutorial_taskflow_api_etl to None, run_after=None
[2022-09-20T17:39:47.742+0530] {processor.py:161} INFO - Processing /home/sayone/This PC/SayOne Technologies/Works/airflow_new/Airflow/venv/lib/python3.8/site-packages/airflow/example_dags/tutorial_taskflow_api_etl.py took 0.068 seconds
[2022-09-20T17:40:23.612+0530] {processor.py:153} INFO - Started process (PID=34211) to work on /home/sayone/This PC/SayOne Technologies/Works/airflow_new/Airflow/venv/lib/python3.8/site-packages/airflow/example_dags/tutorial_taskflow_api_etl.py
[2022-09-20T17:40:23.615+0530] {processor.py:640} INFO - Processing file /home/sayone/This PC/SayOne Technologies/Works/airflow_new/Airflow/venv/lib/python3.8/site-packages/airflow/example_dags/tutorial_taskflow_api_etl.py for tasks to queue
[2022-09-20T17:40:23.616+0530] {logging_mixin.py:115} INFO - [2022-09-20T17:40:23.615+0530] {dagbag.py:508} INFO - Filling up the DagBag from /home/sayone/This PC/SayOne Technologies/Works/airflow_new/Airflow/venv/lib/python3.8/site-packages/airflow/example_dags/tutorial_taskflow_api_etl.py
[2022-09-20T17:40:23.632+0530] {processor.py:650} INFO - DAG(s) dict_keys(['tutorial_taskflow_api_etl']) retrieved from /home/sayone/This PC/SayOne Technologies/Works/airflow_new/Airflow/venv/lib/python3.8/site-packages/airflow/example_dags/tutorial_taskflow_api_etl.py
[2022-09-20T17:40:23.687+0530] {logging_mixin.py:115} INFO - [2022-09-20T17:40:23.687+0530] {dag.py:2429} INFO - Sync 1 DAGs
[2022-09-20T17:40:23.703+0530] {logging_mixin.py:115} INFO - [2022-09-20T17:40:23.702+0530] {dag.py:2977} INFO - Setting next_dagrun for tutorial_taskflow_api_etl to None, run_after=None
[2022-09-20T17:40:23.718+0530] {processor.py:161} INFO - Processing /home/sayone/This PC/SayOne Technologies/Works/airflow_new/Airflow/venv/lib/python3.8/site-packages/airflow/example_dags/tutorial_taskflow_api_etl.py took 0.110 seconds
[2022-09-20T17:40:59.490+0530] {processor.py:153} INFO - Started process (PID=34378) to work on /home/sayone/This PC/SayOne Technologies/Works/airflow_new/Airflow/venv/lib/python3.8/site-packages/airflow/example_dags/tutorial_taskflow_api_etl.py
[2022-09-20T17:40:59.493+0530] {processor.py:640} INFO - Processing file /home/sayone/This PC/SayOne Technologies/Works/airflow_new/Airflow/venv/lib/python3.8/site-packages/airflow/example_dags/tutorial_taskflow_api_etl.py for tasks to queue
[2022-09-20T17:40:59.494+0530] {logging_mixin.py:115} INFO - [2022-09-20T17:40:59.494+0530] {dagbag.py:508} INFO - Filling up the DagBag from /home/sayone/This PC/SayOne Technologies/Works/airflow_new/Airflow/venv/lib/python3.8/site-packages/airflow/example_dags/tutorial_taskflow_api_etl.py
[2022-09-20T17:40:59.511+0530] {processor.py:650} INFO - DAG(s) dict_keys(['tutorial_taskflow_api_etl']) retrieved from /home/sayone/This PC/SayOne Technologies/Works/airflow_new/Airflow/venv/lib/python3.8/site-packages/airflow/example_dags/tutorial_taskflow_api_etl.py
[2022-09-20T17:40:59.536+0530] {logging_mixin.py:115} INFO - [2022-09-20T17:40:59.536+0530] {dag.py:2429} INFO - Sync 1 DAGs
[2022-09-20T17:40:59.545+0530] {logging_mixin.py:115} INFO - [2022-09-20T17:40:59.545+0530] {dag.py:2977} INFO - Setting next_dagrun for tutorial_taskflow_api_etl to None, run_after=None
[2022-09-20T17:40:59.554+0530] {processor.py:161} INFO - Processing /home/sayone/This PC/SayOne Technologies/Works/airflow_new/Airflow/venv/lib/python3.8/site-packages/airflow/example_dags/tutorial_taskflow_api_etl.py took 0.066 seconds
[2022-09-20T17:41:36.736+0530] {processor.py:153} INFO - Started process (PID=34439) to work on /home/sayone/This PC/SayOne Technologies/Works/airflow_new/Airflow/venv/lib/python3.8/site-packages/airflow/example_dags/tutorial_taskflow_api_etl.py
[2022-09-20T17:41:36.739+0530] {processor.py:640} INFO - Processing file /home/sayone/This PC/SayOne Technologies/Works/airflow_new/Airflow/venv/lib/python3.8/site-packages/airflow/example_dags/tutorial_taskflow_api_etl.py for tasks to queue
[2022-09-20T17:41:36.740+0530] {logging_mixin.py:115} INFO - [2022-09-20T17:41:36.739+0530] {dagbag.py:508} INFO - Filling up the DagBag from /home/sayone/This PC/SayOne Technologies/Works/airflow_new/Airflow/venv/lib/python3.8/site-packages/airflow/example_dags/tutorial_taskflow_api_etl.py
[2022-09-20T17:41:36.757+0530] {processor.py:650} INFO - DAG(s) dict_keys(['tutorial_taskflow_api_etl']) retrieved from /home/sayone/This PC/SayOne Technologies/Works/airflow_new/Airflow/venv/lib/python3.8/site-packages/airflow/example_dags/tutorial_taskflow_api_etl.py
[2022-09-20T17:41:36.780+0530] {logging_mixin.py:115} INFO - [2022-09-20T17:41:36.780+0530] {dag.py:2429} INFO - Sync 1 DAGs
[2022-09-20T17:41:36.788+0530] {logging_mixin.py:115} INFO - [2022-09-20T17:41:36.788+0530] {dag.py:2977} INFO - Setting next_dagrun for tutorial_taskflow_api_etl to None, run_after=None
[2022-09-20T17:41:36.797+0530] {processor.py:161} INFO - Processing /home/sayone/This PC/SayOne Technologies/Works/airflow_new/Airflow/venv/lib/python3.8/site-packages/airflow/example_dags/tutorial_taskflow_api_etl.py took 0.065 seconds
[2022-09-20T17:41:58.218+0530] {processor.py:153} INFO - Started process (PID=34529) to work on /home/sayone/This PC/SayOne Technologies/Works/airflow_new/Airflow/venv/lib/python3.8/site-packages/airflow/example_dags/tutorial_taskflow_api_etl.py
[2022-09-20T17:41:58.221+0530] {processor.py:640} INFO - Processing file /home/sayone/This PC/SayOne Technologies/Works/airflow_new/Airflow/venv/lib/python3.8/site-packages/airflow/example_dags/tutorial_taskflow_api_etl.py for tasks to queue
[2022-09-20T17:41:58.223+0530] {logging_mixin.py:115} INFO - [2022-09-20T17:41:58.223+0530] {dagbag.py:508} INFO - Filling up the DagBag from /home/sayone/This PC/SayOne Technologies/Works/airflow_new/Airflow/venv/lib/python3.8/site-packages/airflow/example_dags/tutorial_taskflow_api_etl.py
[2022-09-20T17:41:58.238+0530] {processor.py:650} INFO - DAG(s) dict_keys(['tutorial_taskflow_api_etl']) retrieved from /home/sayone/This PC/SayOne Technologies/Works/airflow_new/Airflow/venv/lib/python3.8/site-packages/airflow/example_dags/tutorial_taskflow_api_etl.py
[2022-09-20T17:41:58.243+0530] {logging_mixin.py:115} INFO - [2022-09-20T17:41:58.243+0530] {dag.py:2429} INFO - Sync 1 DAGs
[2022-09-20T17:41:58.257+0530] {logging_mixin.py:115} INFO - [2022-09-20T17:41:58.257+0530] {dag.py:2977} INFO - Setting next_dagrun for tutorial_taskflow_api_etl to None, run_after=None
[2022-09-20T17:41:58.267+0530] {processor.py:161} INFO - Processing /home/sayone/This PC/SayOne Technologies/Works/airflow_new/Airflow/venv/lib/python3.8/site-packages/airflow/example_dags/tutorial_taskflow_api_etl.py took 0.053 seconds
[2022-09-20T17:45:27.917+0530] {processor.py:153} INFO - Started process (PID=34913) to work on /home/sayone/This PC/SayOne Technologies/Works/airflow_new/Airflow/venv/lib/python3.8/site-packages/airflow/example_dags/tutorial_taskflow_api_etl.py
[2022-09-20T17:45:27.920+0530] {processor.py:640} INFO - Processing file /home/sayone/This PC/SayOne Technologies/Works/airflow_new/Airflow/venv/lib/python3.8/site-packages/airflow/example_dags/tutorial_taskflow_api_etl.py for tasks to queue
[2022-09-20T17:45:27.921+0530] {logging_mixin.py:115} INFO - [2022-09-20T17:45:27.921+0530] {dagbag.py:508} INFO - Filling up the DagBag from /home/sayone/This PC/SayOne Technologies/Works/airflow_new/Airflow/venv/lib/python3.8/site-packages/airflow/example_dags/tutorial_taskflow_api_etl.py
[2022-09-20T17:45:27.938+0530] {processor.py:650} INFO - DAG(s) dict_keys(['tutorial_taskflow_api_etl']) retrieved from /home/sayone/This PC/SayOne Technologies/Works/airflow_new/Airflow/venv/lib/python3.8/site-packages/airflow/example_dags/tutorial_taskflow_api_etl.py
[2022-09-20T17:45:27.962+0530] {logging_mixin.py:115} INFO - [2022-09-20T17:45:27.962+0530] {dag.py:2429} INFO - Sync 1 DAGs
[2022-09-20T17:45:27.970+0530] {logging_mixin.py:115} INFO - [2022-09-20T17:45:27.970+0530] {dag.py:2977} INFO - Setting next_dagrun for tutorial_taskflow_api_etl to None, run_after=None
[2022-09-20T17:45:27.978+0530] {processor.py:161} INFO - Processing /home/sayone/This PC/SayOne Technologies/Works/airflow_new/Airflow/venv/lib/python3.8/site-packages/airflow/example_dags/tutorial_taskflow_api_etl.py took 0.062 seconds
[2022-09-20T17:46:05.295+0530] {processor.py:153} INFO - Started process (PID=35035) to work on /home/sayone/This PC/SayOne Technologies/Works/airflow_new/Airflow/venv/lib/python3.8/site-packages/airflow/example_dags/tutorial_taskflow_api_etl.py
[2022-09-20T17:46:05.296+0530] {processor.py:640} INFO - Processing file /home/sayone/This PC/SayOne Technologies/Works/airflow_new/Airflow/venv/lib/python3.8/site-packages/airflow/example_dags/tutorial_taskflow_api_etl.py for tasks to queue
[2022-09-20T17:46:05.296+0530] {logging_mixin.py:115} INFO - [2022-09-20T17:46:05.296+0530] {dagbag.py:508} INFO - Filling up the DagBag from /home/sayone/This PC/SayOne Technologies/Works/airflow_new/Airflow/venv/lib/python3.8/site-packages/airflow/example_dags/tutorial_taskflow_api_etl.py
[2022-09-20T17:46:05.305+0530] {processor.py:650} INFO - DAG(s) dict_keys(['tutorial_taskflow_api_etl']) retrieved from /home/sayone/This PC/SayOne Technologies/Works/airflow_new/Airflow/venv/lib/python3.8/site-packages/airflow/example_dags/tutorial_taskflow_api_etl.py
[2022-09-20T17:46:05.330+0530] {logging_mixin.py:115} INFO - [2022-09-20T17:46:05.330+0530] {dag.py:2429} INFO - Sync 1 DAGs
[2022-09-20T17:46:05.339+0530] {logging_mixin.py:115} INFO - [2022-09-20T17:46:05.339+0530] {dag.py:2977} INFO - Setting next_dagrun for tutorial_taskflow_api_etl to None, run_after=None
[2022-09-20T17:46:05.347+0530] {processor.py:161} INFO - Processing /home/sayone/This PC/SayOne Technologies/Works/airflow_new/Airflow/venv/lib/python3.8/site-packages/airflow/example_dags/tutorial_taskflow_api_etl.py took 0.055 seconds
[2022-09-20T17:46:24.049+0530] {processor.py:153} INFO - Started process (PID=35065) to work on /home/sayone/This PC/SayOne Technologies/Works/airflow_new/Airflow/venv/lib/python3.8/site-packages/airflow/example_dags/tutorial_taskflow_api_etl.py
[2022-09-20T17:46:24.052+0530] {processor.py:640} INFO - Processing file /home/sayone/This PC/SayOne Technologies/Works/airflow_new/Airflow/venv/lib/python3.8/site-packages/airflow/example_dags/tutorial_taskflow_api_etl.py for tasks to queue
[2022-09-20T17:46:24.053+0530] {logging_mixin.py:115} INFO - [2022-09-20T17:46:24.053+0530] {dagbag.py:508} INFO - Filling up the DagBag from /home/sayone/This PC/SayOne Technologies/Works/airflow_new/Airflow/venv/lib/python3.8/site-packages/airflow/example_dags/tutorial_taskflow_api_etl.py
[2022-09-20T17:46:24.069+0530] {processor.py:650} INFO - DAG(s) dict_keys(['tutorial_taskflow_api_etl']) retrieved from /home/sayone/This PC/SayOne Technologies/Works/airflow_new/Airflow/venv/lib/python3.8/site-packages/airflow/example_dags/tutorial_taskflow_api_etl.py
[2022-09-20T17:46:24.075+0530] {logging_mixin.py:115} INFO - [2022-09-20T17:46:24.075+0530] {dag.py:2429} INFO - Sync 1 DAGs
[2022-09-20T17:46:24.085+0530] {logging_mixin.py:115} INFO - [2022-09-20T17:46:24.084+0530] {dag.py:2977} INFO - Setting next_dagrun for tutorial_taskflow_api_etl to None, run_after=None
[2022-09-20T17:46:24.095+0530] {processor.py:161} INFO - Processing /home/sayone/This PC/SayOne Technologies/Works/airflow_new/Airflow/venv/lib/python3.8/site-packages/airflow/example_dags/tutorial_taskflow_api_etl.py took 0.050 seconds
[2022-09-20T17:46:59.308+0530] {processor.py:153} INFO - Started process (PID=35294) to work on /home/sayone/This PC/SayOne Technologies/Works/airflow_new/Airflow/venv/lib/python3.8/site-packages/airflow/example_dags/tutorial_taskflow_api_etl.py
[2022-09-20T17:46:59.311+0530] {processor.py:640} INFO - Processing file /home/sayone/This PC/SayOne Technologies/Works/airflow_new/Airflow/venv/lib/python3.8/site-packages/airflow/example_dags/tutorial_taskflow_api_etl.py for tasks to queue
[2022-09-20T17:46:59.311+0530] {logging_mixin.py:115} INFO - [2022-09-20T17:46:59.311+0530] {dagbag.py:508} INFO - Filling up the DagBag from /home/sayone/This PC/SayOne Technologies/Works/airflow_new/Airflow/venv/lib/python3.8/site-packages/airflow/example_dags/tutorial_taskflow_api_etl.py
[2022-09-20T17:46:59.323+0530] {processor.py:650} INFO - DAG(s) dict_keys(['tutorial_taskflow_api_etl']) retrieved from /home/sayone/This PC/SayOne Technologies/Works/airflow_new/Airflow/venv/lib/python3.8/site-packages/airflow/example_dags/tutorial_taskflow_api_etl.py
[2022-09-20T17:46:59.349+0530] {logging_mixin.py:115} INFO - [2022-09-20T17:46:59.349+0530] {dag.py:2429} INFO - Sync 1 DAGs
[2022-09-20T17:46:59.358+0530] {logging_mixin.py:115} INFO - [2022-09-20T17:46:59.358+0530] {dag.py:2977} INFO - Setting next_dagrun for tutorial_taskflow_api_etl to None, run_after=None
[2022-09-20T17:46:59.367+0530] {processor.py:161} INFO - Processing /home/sayone/This PC/SayOne Technologies/Works/airflow_new/Airflow/venv/lib/python3.8/site-packages/airflow/example_dags/tutorial_taskflow_api_etl.py took 0.060 seconds
[2022-09-20T17:47:36.832+0530] {processor.py:153} INFO - Started process (PID=35375) to work on /home/sayone/This PC/SayOne Technologies/Works/airflow_new/Airflow/venv/lib/python3.8/site-packages/airflow/example_dags/tutorial_taskflow_api_etl.py
[2022-09-20T17:47:36.835+0530] {processor.py:640} INFO - Processing file /home/sayone/This PC/SayOne Technologies/Works/airflow_new/Airflow/venv/lib/python3.8/site-packages/airflow/example_dags/tutorial_taskflow_api_etl.py for tasks to queue
[2022-09-20T17:47:36.836+0530] {logging_mixin.py:115} INFO - [2022-09-20T17:47:36.836+0530] {dagbag.py:508} INFO - Filling up the DagBag from /home/sayone/This PC/SayOne Technologies/Works/airflow_new/Airflow/venv/lib/python3.8/site-packages/airflow/example_dags/tutorial_taskflow_api_etl.py
[2022-09-20T17:47:36.851+0530] {processor.py:650} INFO - DAG(s) dict_keys(['tutorial_taskflow_api_etl']) retrieved from /home/sayone/This PC/SayOne Technologies/Works/airflow_new/Airflow/venv/lib/python3.8/site-packages/airflow/example_dags/tutorial_taskflow_api_etl.py
[2022-09-20T17:47:36.876+0530] {logging_mixin.py:115} INFO - [2022-09-20T17:47:36.876+0530] {dag.py:2429} INFO - Sync 1 DAGs
[2022-09-20T17:47:36.884+0530] {logging_mixin.py:115} INFO - [2022-09-20T17:47:36.884+0530] {dag.py:2977} INFO - Setting next_dagrun for tutorial_taskflow_api_etl to None, run_after=None
[2022-09-20T17:47:36.894+0530] {processor.py:161} INFO - Processing /home/sayone/This PC/SayOne Technologies/Works/airflow_new/Airflow/venv/lib/python3.8/site-packages/airflow/example_dags/tutorial_taskflow_api_etl.py took 0.066 seconds
[2022-09-20T17:48:13.183+0530] {processor.py:153} INFO - Started process (PID=35499) to work on /home/sayone/This PC/SayOne Technologies/Works/airflow_new/Airflow/venv/lib/python3.8/site-packages/airflow/example_dags/tutorial_taskflow_api_etl.py
[2022-09-20T17:48:13.187+0530] {processor.py:640} INFO - Processing file /home/sayone/This PC/SayOne Technologies/Works/airflow_new/Airflow/venv/lib/python3.8/site-packages/airflow/example_dags/tutorial_taskflow_api_etl.py for tasks to queue
[2022-09-20T17:48:13.187+0530] {logging_mixin.py:115} INFO - [2022-09-20T17:48:13.187+0530] {dagbag.py:508} INFO - Filling up the DagBag from /home/sayone/This PC/SayOne Technologies/Works/airflow_new/Airflow/venv/lib/python3.8/site-packages/airflow/example_dags/tutorial_taskflow_api_etl.py
[2022-09-20T17:48:13.203+0530] {processor.py:650} INFO - DAG(s) dict_keys(['tutorial_taskflow_api_etl']) retrieved from /home/sayone/This PC/SayOne Technologies/Works/airflow_new/Airflow/venv/lib/python3.8/site-packages/airflow/example_dags/tutorial_taskflow_api_etl.py
[2022-09-20T17:48:13.228+0530] {logging_mixin.py:115} INFO - [2022-09-20T17:48:13.228+0530] {dag.py:2429} INFO - Sync 1 DAGs
[2022-09-20T17:48:13.236+0530] {logging_mixin.py:115} INFO - [2022-09-20T17:48:13.236+0530] {dag.py:2977} INFO - Setting next_dagrun for tutorial_taskflow_api_etl to None, run_after=None
[2022-09-20T17:48:13.245+0530] {processor.py:161} INFO - Processing /home/sayone/This PC/SayOne Technologies/Works/airflow_new/Airflow/venv/lib/python3.8/site-packages/airflow/example_dags/tutorial_taskflow_api_etl.py took 0.066 seconds
[2022-09-20T17:48:50.247+0530] {processor.py:153} INFO - Started process (PID=35582) to work on /home/sayone/This PC/SayOne Technologies/Works/airflow_new/Airflow/venv/lib/python3.8/site-packages/airflow/example_dags/tutorial_taskflow_api_etl.py
[2022-09-20T17:48:50.250+0530] {processor.py:640} INFO - Processing file /home/sayone/This PC/SayOne Technologies/Works/airflow_new/Airflow/venv/lib/python3.8/site-packages/airflow/example_dags/tutorial_taskflow_api_etl.py for tasks to queue
[2022-09-20T17:48:50.251+0530] {logging_mixin.py:115} INFO - [2022-09-20T17:48:50.251+0530] {dagbag.py:508} INFO - Filling up the DagBag from /home/sayone/This PC/SayOne Technologies/Works/airflow_new/Airflow/venv/lib/python3.8/site-packages/airflow/example_dags/tutorial_taskflow_api_etl.py
[2022-09-20T17:48:50.263+0530] {processor.py:650} INFO - DAG(s) dict_keys(['tutorial_taskflow_api_etl']) retrieved from /home/sayone/This PC/SayOne Technologies/Works/airflow_new/Airflow/venv/lib/python3.8/site-packages/airflow/example_dags/tutorial_taskflow_api_etl.py
[2022-09-20T17:48:50.290+0530] {logging_mixin.py:115} INFO - [2022-09-20T17:48:50.289+0530] {dag.py:2429} INFO - Sync 1 DAGs
[2022-09-20T17:48:50.298+0530] {logging_mixin.py:115} INFO - [2022-09-20T17:48:50.298+0530] {dag.py:2977} INFO - Setting next_dagrun for tutorial_taskflow_api_etl to None, run_after=None
[2022-09-20T17:48:50.307+0530] {processor.py:161} INFO - Processing /home/sayone/This PC/SayOne Technologies/Works/airflow_new/Airflow/venv/lib/python3.8/site-packages/airflow/example_dags/tutorial_taskflow_api_etl.py took 0.062 seconds
[2022-09-20T17:49:27.418+0530] {processor.py:153} INFO - Started process (PID=35693) to work on /home/sayone/This PC/SayOne Technologies/Works/airflow_new/Airflow/venv/lib/python3.8/site-packages/airflow/example_dags/tutorial_taskflow_api_etl.py
[2022-09-20T17:49:27.421+0530] {processor.py:640} INFO - Processing file /home/sayone/This PC/SayOne Technologies/Works/airflow_new/Airflow/venv/lib/python3.8/site-packages/airflow/example_dags/tutorial_taskflow_api_etl.py for tasks to queue
[2022-09-20T17:49:27.422+0530] {logging_mixin.py:115} INFO - [2022-09-20T17:49:27.422+0530] {dagbag.py:508} INFO - Filling up the DagBag from /home/sayone/This PC/SayOne Technologies/Works/airflow_new/Airflow/venv/lib/python3.8/site-packages/airflow/example_dags/tutorial_taskflow_api_etl.py
[2022-09-20T17:49:27.437+0530] {processor.py:650} INFO - DAG(s) dict_keys(['tutorial_taskflow_api_etl']) retrieved from /home/sayone/This PC/SayOne Technologies/Works/airflow_new/Airflow/venv/lib/python3.8/site-packages/airflow/example_dags/tutorial_taskflow_api_etl.py
[2022-09-20T17:49:27.449+0530] {logging_mixin.py:115} INFO - [2022-09-20T17:49:27.448+0530] {dag.py:2429} INFO - Sync 1 DAGs
[2022-09-20T17:49:27.460+0530] {logging_mixin.py:115} INFO - [2022-09-20T17:49:27.460+0530] {dag.py:2977} INFO - Setting next_dagrun for tutorial_taskflow_api_etl to None, run_after=None
[2022-09-20T17:49:27.469+0530] {processor.py:161} INFO - Processing /home/sayone/This PC/SayOne Technologies/Works/airflow_new/Airflow/venv/lib/python3.8/site-packages/airflow/example_dags/tutorial_taskflow_api_etl.py took 0.056 seconds
[2022-09-20T17:50:05.090+0530] {processor.py:153} INFO - Started process (PID=35804) to work on /home/sayone/This PC/SayOne Technologies/Works/airflow_new/Airflow/venv/lib/python3.8/site-packages/airflow/example_dags/tutorial_taskflow_api_etl.py
[2022-09-20T17:50:05.093+0530] {processor.py:640} INFO - Processing file /home/sayone/This PC/SayOne Technologies/Works/airflow_new/Airflow/venv/lib/python3.8/site-packages/airflow/example_dags/tutorial_taskflow_api_etl.py for tasks to queue
[2022-09-20T17:50:05.094+0530] {logging_mixin.py:115} INFO - [2022-09-20T17:50:05.093+0530] {dagbag.py:508} INFO - Filling up the DagBag from /home/sayone/This PC/SayOne Technologies/Works/airflow_new/Airflow/venv/lib/python3.8/site-packages/airflow/example_dags/tutorial_taskflow_api_etl.py
[2022-09-20T17:50:05.110+0530] {processor.py:650} INFO - DAG(s) dict_keys(['tutorial_taskflow_api_etl']) retrieved from /home/sayone/This PC/SayOne Technologies/Works/airflow_new/Airflow/venv/lib/python3.8/site-packages/airflow/example_dags/tutorial_taskflow_api_etl.py
[2022-09-20T17:50:05.136+0530] {logging_mixin.py:115} INFO - [2022-09-20T17:50:05.136+0530] {dag.py:2429} INFO - Sync 1 DAGs
[2022-09-20T17:50:05.144+0530] {logging_mixin.py:115} INFO - [2022-09-20T17:50:05.144+0530] {dag.py:2977} INFO - Setting next_dagrun for tutorial_taskflow_api_etl to None, run_after=None
[2022-09-20T17:50:05.153+0530] {processor.py:161} INFO - Processing /home/sayone/This PC/SayOne Technologies/Works/airflow_new/Airflow/venv/lib/python3.8/site-packages/airflow/example_dags/tutorial_taskflow_api_etl.py took 0.066 seconds
[2022-09-20T17:50:40.366+0530] {processor.py:153} INFO - Started process (PID=35871) to work on /home/sayone/This PC/SayOne Technologies/Works/airflow_new/Airflow/venv/lib/python3.8/site-packages/airflow/example_dags/tutorial_taskflow_api_etl.py
[2022-09-20T17:50:40.369+0530] {processor.py:640} INFO - Processing file /home/sayone/This PC/SayOne Technologies/Works/airflow_new/Airflow/venv/lib/python3.8/site-packages/airflow/example_dags/tutorial_taskflow_api_etl.py for tasks to queue
[2022-09-20T17:50:40.369+0530] {logging_mixin.py:115} INFO - [2022-09-20T17:50:40.369+0530] {dagbag.py:508} INFO - Filling up the DagBag from /home/sayone/This PC/SayOne Technologies/Works/airflow_new/Airflow/venv/lib/python3.8/site-packages/airflow/example_dags/tutorial_taskflow_api_etl.py
[2022-09-20T17:50:40.385+0530] {processor.py:650} INFO - DAG(s) dict_keys(['tutorial_taskflow_api_etl']) retrieved from /home/sayone/This PC/SayOne Technologies/Works/airflow_new/Airflow/venv/lib/python3.8/site-packages/airflow/example_dags/tutorial_taskflow_api_etl.py
[2022-09-20T17:50:40.393+0530] {logging_mixin.py:115} INFO - [2022-09-20T17:50:40.393+0530] {dag.py:2429} INFO - Sync 1 DAGs
[2022-09-20T17:50:40.404+0530] {logging_mixin.py:115} INFO - [2022-09-20T17:50:40.404+0530] {dag.py:2977} INFO - Setting next_dagrun for tutorial_taskflow_api_etl to None, run_after=None
[2022-09-20T17:50:40.412+0530] {processor.py:161} INFO - Processing /home/sayone/This PC/SayOne Technologies/Works/airflow_new/Airflow/venv/lib/python3.8/site-packages/airflow/example_dags/tutorial_taskflow_api_etl.py took 0.048 seconds
[2022-09-20T17:51:17.355+0530] {processor.py:153} INFO - Started process (PID=35978) to work on /home/sayone/This PC/SayOne Technologies/Works/airflow_new/Airflow/venv/lib/python3.8/site-packages/airflow/example_dags/tutorial_taskflow_api_etl.py
[2022-09-20T17:51:17.358+0530] {processor.py:640} INFO - Processing file /home/sayone/This PC/SayOne Technologies/Works/airflow_new/Airflow/venv/lib/python3.8/site-packages/airflow/example_dags/tutorial_taskflow_api_etl.py for tasks to queue
[2022-09-20T17:51:17.359+0530] {logging_mixin.py:115} INFO - [2022-09-20T17:51:17.359+0530] {dagbag.py:508} INFO - Filling up the DagBag from /home/sayone/This PC/SayOne Technologies/Works/airflow_new/Airflow/venv/lib/python3.8/site-packages/airflow/example_dags/tutorial_taskflow_api_etl.py
[2022-09-20T17:51:17.372+0530] {processor.py:650} INFO - DAG(s) dict_keys(['tutorial_taskflow_api_etl']) retrieved from /home/sayone/This PC/SayOne Technologies/Works/airflow_new/Airflow/venv/lib/python3.8/site-packages/airflow/example_dags/tutorial_taskflow_api_etl.py
[2022-09-20T17:51:17.380+0530] {logging_mixin.py:115} INFO - [2022-09-20T17:51:17.380+0530] {dag.py:2429} INFO - Sync 1 DAGs
[2022-09-20T17:51:17.391+0530] {logging_mixin.py:115} INFO - [2022-09-20T17:51:17.391+0530] {dag.py:2977} INFO - Setting next_dagrun for tutorial_taskflow_api_etl to None, run_after=None
[2022-09-20T17:51:17.399+0530] {processor.py:161} INFO - Processing /home/sayone/This PC/SayOne Technologies/Works/airflow_new/Airflow/venv/lib/python3.8/site-packages/airflow/example_dags/tutorial_taskflow_api_etl.py took 0.045 seconds
[2022-09-20T17:51:55.095+0530] {processor.py:153} INFO - Started process (PID=36038) to work on /home/sayone/This PC/SayOne Technologies/Works/airflow_new/Airflow/venv/lib/python3.8/site-packages/airflow/example_dags/tutorial_taskflow_api_etl.py
[2022-09-20T17:51:55.097+0530] {processor.py:640} INFO - Processing file /home/sayone/This PC/SayOne Technologies/Works/airflow_new/Airflow/venv/lib/python3.8/site-packages/airflow/example_dags/tutorial_taskflow_api_etl.py for tasks to queue
[2022-09-20T17:51:55.098+0530] {logging_mixin.py:115} INFO - [2022-09-20T17:51:55.098+0530] {dagbag.py:508} INFO - Filling up the DagBag from /home/sayone/This PC/SayOne Technologies/Works/airflow_new/Airflow/venv/lib/python3.8/site-packages/airflow/example_dags/tutorial_taskflow_api_etl.py
[2022-09-20T17:51:55.115+0530] {processor.py:650} INFO - DAG(s) dict_keys(['tutorial_taskflow_api_etl']) retrieved from /home/sayone/This PC/SayOne Technologies/Works/airflow_new/Airflow/venv/lib/python3.8/site-packages/airflow/example_dags/tutorial_taskflow_api_etl.py
[2022-09-20T17:51:55.140+0530] {logging_mixin.py:115} INFO - [2022-09-20T17:51:55.139+0530] {dag.py:2429} INFO - Sync 1 DAGs
[2022-09-20T17:51:55.148+0530] {logging_mixin.py:115} INFO - [2022-09-20T17:51:55.148+0530] {dag.py:2977} INFO - Setting next_dagrun for tutorial_taskflow_api_etl to None, run_after=None
[2022-09-20T17:51:55.157+0530] {processor.py:161} INFO - Processing /home/sayone/This PC/SayOne Technologies/Works/airflow_new/Airflow/venv/lib/python3.8/site-packages/airflow/example_dags/tutorial_taskflow_api_etl.py took 0.064 seconds
