[2022-09-20T17:16:40.970+0530] {processor.py:153} INFO - Started process (PID=28597) to work on /home/sayone/This PC/SayOne Technologies/Works/airflow_new/Airflow/venv/lib/python3.8/site-packages/airflow/example_dags/tutorial.py
[2022-09-20T17:16:40.971+0530] {processor.py:640} INFO - Processing file /home/sayone/This PC/SayOne Technologies/Works/airflow_new/Airflow/venv/lib/python3.8/site-packages/airflow/example_dags/tutorial.py for tasks to queue
[2022-09-20T17:16:40.971+0530] {logging_mixin.py:115} INFO - [2022-09-20T17:16:40.971+0530] {dagbag.py:508} INFO - Filling up the DagBag from /home/sayone/This PC/SayOne Technologies/Works/airflow_new/Airflow/venv/lib/python3.8/site-packages/airflow/example_dags/tutorial.py
[2022-09-20T17:16:40.977+0530] {processor.py:650} INFO - DAG(s) dict_keys(['tutorial']) retrieved from /home/sayone/This PC/SayOne Technologies/Works/airflow_new/Airflow/venv/lib/python3.8/site-packages/airflow/example_dags/tutorial.py
[2022-09-20T17:16:41.052+0530] {logging_mixin.py:115} INFO - [2022-09-20T17:16:41.051+0530] {manager.py:508} INFO - Created Permission View: can edit on DAG:tutorial
[2022-09-20T17:16:41.062+0530] {logging_mixin.py:115} INFO - [2022-09-20T17:16:41.062+0530] {manager.py:508} INFO - Created Permission View: can read on DAG:tutorial
[2022-09-20T17:16:41.073+0530] {logging_mixin.py:115} INFO - [2022-09-20T17:16:41.073+0530] {manager.py:508} INFO - Created Permission View: can delete on DAG:tutorial
[2022-09-20T17:16:41.074+0530] {logging_mixin.py:115} INFO - [2022-09-20T17:16:41.074+0530] {dag.py:2429} INFO - Sync 1 DAGs
[2022-09-20T17:16:41.082+0530] {logging_mixin.py:115} INFO - [2022-09-20T17:16:41.082+0530] {dag.py:2448} INFO - Creating ORM DAG for tutorial
[2022-09-20T17:16:41.090+0530] {logging_mixin.py:115} INFO - [2022-09-20T17:16:41.090+0530] {dag.py:2977} INFO - Setting next_dagrun for tutorial to 2022-09-19T11:46:41.090255+00:00, run_after=2022-09-20T11:46:41.090255+00:00
[2022-09-20T17:16:41.106+0530] {processor.py:161} INFO - Processing /home/sayone/This PC/SayOne Technologies/Works/airflow_new/Airflow/venv/lib/python3.8/site-packages/airflow/example_dags/tutorial.py took 0.137 seconds
[2022-09-20T17:17:18.884+0530] {processor.py:153} INFO - Started process (PID=28888) to work on /home/sayone/This PC/SayOne Technologies/Works/airflow_new/Airflow/venv/lib/python3.8/site-packages/airflow/example_dags/tutorial.py
[2022-09-20T17:17:18.885+0530] {processor.py:640} INFO - Processing file /home/sayone/This PC/SayOne Technologies/Works/airflow_new/Airflow/venv/lib/python3.8/site-packages/airflow/example_dags/tutorial.py for tasks to queue
[2022-09-20T17:17:18.886+0530] {logging_mixin.py:115} INFO - [2022-09-20T17:17:18.886+0530] {dagbag.py:508} INFO - Filling up the DagBag from /home/sayone/This PC/SayOne Technologies/Works/airflow_new/Airflow/venv/lib/python3.8/site-packages/airflow/example_dags/tutorial.py
[2022-09-20T17:17:18.893+0530] {processor.py:650} INFO - DAG(s) dict_keys(['tutorial']) retrieved from /home/sayone/This PC/SayOne Technologies/Works/airflow_new/Airflow/venv/lib/python3.8/site-packages/airflow/example_dags/tutorial.py
[2022-09-20T17:17:18.914+0530] {logging_mixin.py:115} INFO - [2022-09-20T17:17:18.913+0530] {dag.py:2429} INFO - Sync 1 DAGs
[2022-09-20T17:17:18.933+0530] {logging_mixin.py:115} INFO - [2022-09-20T17:17:18.933+0530] {dag.py:2977} INFO - Setting next_dagrun for tutorial to 2022-09-19T11:47:18.932869+00:00, run_after=2022-09-20T11:47:18.932869+00:00
[2022-09-20T17:17:18.946+0530] {processor.py:161} INFO - Processing /home/sayone/This PC/SayOne Technologies/Works/airflow_new/Airflow/venv/lib/python3.8/site-packages/airflow/example_dags/tutorial.py took 0.069 seconds
[2022-09-20T17:17:53.289+0530] {processor.py:153} INFO - Started process (PID=29055) to work on /home/sayone/This PC/SayOne Technologies/Works/airflow_new/Airflow/venv/lib/python3.8/site-packages/airflow/example_dags/tutorial.py
[2022-09-20T17:17:53.293+0530] {processor.py:640} INFO - Processing file /home/sayone/This PC/SayOne Technologies/Works/airflow_new/Airflow/venv/lib/python3.8/site-packages/airflow/example_dags/tutorial.py for tasks to queue
[2022-09-20T17:17:53.294+0530] {logging_mixin.py:115} INFO - [2022-09-20T17:17:53.294+0530] {dagbag.py:508} INFO - Filling up the DagBag from /home/sayone/This PC/SayOne Technologies/Works/airflow_new/Airflow/venv/lib/python3.8/site-packages/airflow/example_dags/tutorial.py
[2022-09-20T17:17:53.300+0530] {processor.py:650} INFO - DAG(s) dict_keys(['tutorial']) retrieved from /home/sayone/This PC/SayOne Technologies/Works/airflow_new/Airflow/venv/lib/python3.8/site-packages/airflow/example_dags/tutorial.py
[2022-09-20T17:17:53.310+0530] {logging_mixin.py:115} INFO - [2022-09-20T17:17:53.310+0530] {dag.py:2429} INFO - Sync 1 DAGs
[2022-09-20T17:17:53.329+0530] {logging_mixin.py:115} INFO - [2022-09-20T17:17:53.329+0530] {dag.py:2977} INFO - Setting next_dagrun for tutorial to 2022-09-19T11:47:53.329354+00:00, run_after=2022-09-20T11:47:53.329354+00:00
[2022-09-20T17:17:53.345+0530] {processor.py:161} INFO - Processing /home/sayone/This PC/SayOne Technologies/Works/airflow_new/Airflow/venv/lib/python3.8/site-packages/airflow/example_dags/tutorial.py took 0.058 seconds
[2022-09-20T17:18:29.321+0530] {processor.py:153} INFO - Started process (PID=29166) to work on /home/sayone/This PC/SayOne Technologies/Works/airflow_new/Airflow/venv/lib/python3.8/site-packages/airflow/example_dags/tutorial.py
[2022-09-20T17:18:29.324+0530] {processor.py:640} INFO - Processing file /home/sayone/This PC/SayOne Technologies/Works/airflow_new/Airflow/venv/lib/python3.8/site-packages/airflow/example_dags/tutorial.py for tasks to queue
[2022-09-20T17:18:29.325+0530] {logging_mixin.py:115} INFO - [2022-09-20T17:18:29.325+0530] {dagbag.py:508} INFO - Filling up the DagBag from /home/sayone/This PC/SayOne Technologies/Works/airflow_new/Airflow/venv/lib/python3.8/site-packages/airflow/example_dags/tutorial.py
[2022-09-20T17:18:29.329+0530] {processor.py:650} INFO - DAG(s) dict_keys(['tutorial']) retrieved from /home/sayone/This PC/SayOne Technologies/Works/airflow_new/Airflow/venv/lib/python3.8/site-packages/airflow/example_dags/tutorial.py
[2022-09-20T17:18:29.339+0530] {logging_mixin.py:115} INFO - [2022-09-20T17:18:29.339+0530] {dag.py:2429} INFO - Sync 1 DAGs
[2022-09-20T17:18:29.353+0530] {logging_mixin.py:115} INFO - [2022-09-20T17:18:29.353+0530] {dag.py:2977} INFO - Setting next_dagrun for tutorial to 2022-09-19T11:48:29.353153+00:00, run_after=2022-09-20T11:48:29.353153+00:00
[2022-09-20T17:18:29.362+0530] {processor.py:161} INFO - Processing /home/sayone/This PC/SayOne Technologies/Works/airflow_new/Airflow/venv/lib/python3.8/site-packages/airflow/example_dags/tutorial.py took 0.044 seconds
[2022-09-20T17:19:03.909+0530] {processor.py:153} INFO - Started process (PID=29304) to work on /home/sayone/This PC/SayOne Technologies/Works/airflow_new/Airflow/venv/lib/python3.8/site-packages/airflow/example_dags/tutorial.py
[2022-09-20T17:19:03.910+0530] {processor.py:640} INFO - Processing file /home/sayone/This PC/SayOne Technologies/Works/airflow_new/Airflow/venv/lib/python3.8/site-packages/airflow/example_dags/tutorial.py for tasks to queue
[2022-09-20T17:19:03.911+0530] {logging_mixin.py:115} INFO - [2022-09-20T17:19:03.910+0530] {dagbag.py:508} INFO - Filling up the DagBag from /home/sayone/This PC/SayOne Technologies/Works/airflow_new/Airflow/venv/lib/python3.8/site-packages/airflow/example_dags/tutorial.py
[2022-09-20T17:19:03.916+0530] {processor.py:650} INFO - DAG(s) dict_keys(['tutorial']) retrieved from /home/sayone/This PC/SayOne Technologies/Works/airflow_new/Airflow/venv/lib/python3.8/site-packages/airflow/example_dags/tutorial.py
[2022-09-20T17:19:03.925+0530] {logging_mixin.py:115} INFO - [2022-09-20T17:19:03.925+0530] {dag.py:2429} INFO - Sync 1 DAGs
[2022-09-20T17:19:03.938+0530] {logging_mixin.py:115} INFO - [2022-09-20T17:19:03.938+0530] {dag.py:2977} INFO - Setting next_dagrun for tutorial to 2022-09-19T11:49:03.938530+00:00, run_after=2022-09-20T11:49:03.938530+00:00
[2022-09-20T17:19:03.948+0530] {processor.py:161} INFO - Processing /home/sayone/This PC/SayOne Technologies/Works/airflow_new/Airflow/venv/lib/python3.8/site-packages/airflow/example_dags/tutorial.py took 0.044 seconds
[2022-09-20T17:19:38.905+0530] {processor.py:153} INFO - Started process (PID=29518) to work on /home/sayone/This PC/SayOne Technologies/Works/airflow_new/Airflow/venv/lib/python3.8/site-packages/airflow/example_dags/tutorial.py
[2022-09-20T17:19:38.906+0530] {processor.py:640} INFO - Processing file /home/sayone/This PC/SayOne Technologies/Works/airflow_new/Airflow/venv/lib/python3.8/site-packages/airflow/example_dags/tutorial.py for tasks to queue
[2022-09-20T17:19:38.906+0530] {logging_mixin.py:115} INFO - [2022-09-20T17:19:38.906+0530] {dagbag.py:508} INFO - Filling up the DagBag from /home/sayone/This PC/SayOne Technologies/Works/airflow_new/Airflow/venv/lib/python3.8/site-packages/airflow/example_dags/tutorial.py
[2022-09-20T17:19:38.909+0530] {processor.py:650} INFO - DAG(s) dict_keys(['tutorial']) retrieved from /home/sayone/This PC/SayOne Technologies/Works/airflow_new/Airflow/venv/lib/python3.8/site-packages/airflow/example_dags/tutorial.py
[2022-09-20T17:19:38.918+0530] {logging_mixin.py:115} INFO - [2022-09-20T17:19:38.918+0530] {dag.py:2429} INFO - Sync 1 DAGs
[2022-09-20T17:19:38.929+0530] {logging_mixin.py:115} INFO - [2022-09-20T17:19:38.929+0530] {dag.py:2977} INFO - Setting next_dagrun for tutorial to 2022-09-19T11:49:38.929445+00:00, run_after=2022-09-20T11:49:38.929445+00:00
[2022-09-20T17:19:38.938+0530] {processor.py:161} INFO - Processing /home/sayone/This PC/SayOne Technologies/Works/airflow_new/Airflow/venv/lib/python3.8/site-packages/airflow/example_dags/tutorial.py took 0.035 seconds
[2022-09-20T17:20:02.318+0530] {processor.py:153} INFO - Started process (PID=29655) to work on /home/sayone/This PC/SayOne Technologies/Works/airflow_new/Airflow/venv/lib/python3.8/site-packages/airflow/example_dags/tutorial.py
[2022-09-20T17:20:02.321+0530] {processor.py:640} INFO - Processing file /home/sayone/This PC/SayOne Technologies/Works/airflow_new/Airflow/venv/lib/python3.8/site-packages/airflow/example_dags/tutorial.py for tasks to queue
[2022-09-20T17:20:02.322+0530] {logging_mixin.py:115} INFO - [2022-09-20T17:20:02.322+0530] {dagbag.py:508} INFO - Filling up the DagBag from /home/sayone/This PC/SayOne Technologies/Works/airflow_new/Airflow/venv/lib/python3.8/site-packages/airflow/example_dags/tutorial.py
[2022-09-20T17:20:02.325+0530] {processor.py:650} INFO - DAG(s) dict_keys(['tutorial']) retrieved from /home/sayone/This PC/SayOne Technologies/Works/airflow_new/Airflow/venv/lib/python3.8/site-packages/airflow/example_dags/tutorial.py
[2022-09-20T17:20:02.335+0530] {logging_mixin.py:115} INFO - [2022-09-20T17:20:02.335+0530] {dag.py:2429} INFO - Sync 1 DAGs
[2022-09-20T17:20:02.345+0530] {logging_mixin.py:115} INFO - [2022-09-20T17:20:02.345+0530] {dag.py:2977} INFO - Setting next_dagrun for tutorial to 2022-09-19T11:50:02.345121+00:00, run_after=2022-09-20T11:50:02.345121+00:00
[2022-09-20T17:20:02.356+0530] {processor.py:161} INFO - Processing /home/sayone/This PC/SayOne Technologies/Works/airflow_new/Airflow/venv/lib/python3.8/site-packages/airflow/example_dags/tutorial.py took 0.041 seconds
[2022-09-20T17:20:37.157+0530] {processor.py:153} INFO - Started process (PID=29722) to work on /home/sayone/This PC/SayOne Technologies/Works/airflow_new/Airflow/venv/lib/python3.8/site-packages/airflow/example_dags/tutorial.py
[2022-09-20T17:20:37.160+0530] {processor.py:640} INFO - Processing file /home/sayone/This PC/SayOne Technologies/Works/airflow_new/Airflow/venv/lib/python3.8/site-packages/airflow/example_dags/tutorial.py for tasks to queue
[2022-09-20T17:20:37.160+0530] {logging_mixin.py:115} INFO - [2022-09-20T17:20:37.160+0530] {dagbag.py:508} INFO - Filling up the DagBag from /home/sayone/This PC/SayOne Technologies/Works/airflow_new/Airflow/venv/lib/python3.8/site-packages/airflow/example_dags/tutorial.py
[2022-09-20T17:20:37.164+0530] {processor.py:650} INFO - DAG(s) dict_keys(['tutorial']) retrieved from /home/sayone/This PC/SayOne Technologies/Works/airflow_new/Airflow/venv/lib/python3.8/site-packages/airflow/example_dags/tutorial.py
[2022-09-20T17:20:37.174+0530] {logging_mixin.py:115} INFO - [2022-09-20T17:20:37.174+0530] {dag.py:2429} INFO - Sync 1 DAGs
[2022-09-20T17:20:37.185+0530] {logging_mixin.py:115} INFO - [2022-09-20T17:20:37.184+0530] {dag.py:2977} INFO - Setting next_dagrun for tutorial to 2022-09-19T11:50:37.184697+00:00, run_after=2022-09-20T11:50:37.184697+00:00
[2022-09-20T17:20:37.199+0530] {processor.py:161} INFO - Processing /home/sayone/This PC/SayOne Technologies/Works/airflow_new/Airflow/venv/lib/python3.8/site-packages/airflow/example_dags/tutorial.py took 0.044 seconds
[2022-09-20T17:21:12.139+0530] {processor.py:153} INFO - Started process (PID=29826) to work on /home/sayone/This PC/SayOne Technologies/Works/airflow_new/Airflow/venv/lib/python3.8/site-packages/airflow/example_dags/tutorial.py
[2022-09-20T17:21:12.140+0530] {processor.py:640} INFO - Processing file /home/sayone/This PC/SayOne Technologies/Works/airflow_new/Airflow/venv/lib/python3.8/site-packages/airflow/example_dags/tutorial.py for tasks to queue
[2022-09-20T17:21:12.141+0530] {logging_mixin.py:115} INFO - [2022-09-20T17:21:12.141+0530] {dagbag.py:508} INFO - Filling up the DagBag from /home/sayone/This PC/SayOne Technologies/Works/airflow_new/Airflow/venv/lib/python3.8/site-packages/airflow/example_dags/tutorial.py
[2022-09-20T17:21:12.146+0530] {processor.py:650} INFO - DAG(s) dict_keys(['tutorial']) retrieved from /home/sayone/This PC/SayOne Technologies/Works/airflow_new/Airflow/venv/lib/python3.8/site-packages/airflow/example_dags/tutorial.py
[2022-09-20T17:21:12.160+0530] {logging_mixin.py:115} INFO - [2022-09-20T17:21:12.160+0530] {dag.py:2429} INFO - Sync 1 DAGs
[2022-09-20T17:21:12.171+0530] {logging_mixin.py:115} INFO - [2022-09-20T17:21:12.171+0530] {dag.py:2977} INFO - Setting next_dagrun for tutorial to 2022-09-19T11:51:12.171161+00:00, run_after=2022-09-20T11:51:12.171161+00:00
[2022-09-20T17:21:12.179+0530] {processor.py:161} INFO - Processing /home/sayone/This PC/SayOne Technologies/Works/airflow_new/Airflow/venv/lib/python3.8/site-packages/airflow/example_dags/tutorial.py took 0.045 seconds
[2022-09-20T17:21:49.292+0530] {processor.py:153} INFO - Started process (PID=29941) to work on /home/sayone/This PC/SayOne Technologies/Works/airflow_new/Airflow/venv/lib/python3.8/site-packages/airflow/example_dags/tutorial.py
[2022-09-20T17:21:49.296+0530] {processor.py:640} INFO - Processing file /home/sayone/This PC/SayOne Technologies/Works/airflow_new/Airflow/venv/lib/python3.8/site-packages/airflow/example_dags/tutorial.py for tasks to queue
[2022-09-20T17:21:49.296+0530] {logging_mixin.py:115} INFO - [2022-09-20T17:21:49.296+0530] {dagbag.py:508} INFO - Filling up the DagBag from /home/sayone/This PC/SayOne Technologies/Works/airflow_new/Airflow/venv/lib/python3.8/site-packages/airflow/example_dags/tutorial.py
[2022-09-20T17:21:49.303+0530] {processor.py:650} INFO - DAG(s) dict_keys(['tutorial']) retrieved from /home/sayone/This PC/SayOne Technologies/Works/airflow_new/Airflow/venv/lib/python3.8/site-packages/airflow/example_dags/tutorial.py
[2022-09-20T17:21:49.317+0530] {logging_mixin.py:115} INFO - [2022-09-20T17:21:49.317+0530] {dag.py:2429} INFO - Sync 1 DAGs
[2022-09-20T17:21:49.331+0530] {logging_mixin.py:115} INFO - [2022-09-20T17:21:49.331+0530] {dag.py:2977} INFO - Setting next_dagrun for tutorial to 2022-09-19T11:51:49.330834+00:00, run_after=2022-09-20T11:51:49.330834+00:00
[2022-09-20T17:21:49.341+0530] {processor.py:161} INFO - Processing /home/sayone/This PC/SayOne Technologies/Works/airflow_new/Airflow/venv/lib/python3.8/site-packages/airflow/example_dags/tutorial.py took 0.050 seconds
[2022-09-20T17:22:23.094+0530] {processor.py:153} INFO - Started process (PID=30231) to work on /home/sayone/This PC/SayOne Technologies/Works/airflow_new/Airflow/venv/lib/python3.8/site-packages/airflow/example_dags/tutorial.py
[2022-09-20T17:22:23.097+0530] {processor.py:640} INFO - Processing file /home/sayone/This PC/SayOne Technologies/Works/airflow_new/Airflow/venv/lib/python3.8/site-packages/airflow/example_dags/tutorial.py for tasks to queue
[2022-09-20T17:22:23.097+0530] {logging_mixin.py:115} INFO - [2022-09-20T17:22:23.097+0530] {dagbag.py:508} INFO - Filling up the DagBag from /home/sayone/This PC/SayOne Technologies/Works/airflow_new/Airflow/venv/lib/python3.8/site-packages/airflow/example_dags/tutorial.py
[2022-09-20T17:22:23.100+0530] {processor.py:650} INFO - DAG(s) dict_keys(['tutorial']) retrieved from /home/sayone/This PC/SayOne Technologies/Works/airflow_new/Airflow/venv/lib/python3.8/site-packages/airflow/example_dags/tutorial.py
[2022-09-20T17:22:23.110+0530] {logging_mixin.py:115} INFO - [2022-09-20T17:22:23.110+0530] {dag.py:2429} INFO - Sync 1 DAGs
[2022-09-20T17:22:23.122+0530] {logging_mixin.py:115} INFO - [2022-09-20T17:22:23.122+0530] {dag.py:2977} INFO - Setting next_dagrun for tutorial to 2022-09-19T11:52:23.121920+00:00, run_after=2022-09-20T11:52:23.121920+00:00
[2022-09-20T17:22:23.132+0530] {processor.py:161} INFO - Processing /home/sayone/This PC/SayOne Technologies/Works/airflow_new/Airflow/venv/lib/python3.8/site-packages/airflow/example_dags/tutorial.py took 0.040 seconds
[2022-09-20T17:22:59.056+0530] {processor.py:153} INFO - Started process (PID=30365) to work on /home/sayone/This PC/SayOne Technologies/Works/airflow_new/Airflow/venv/lib/python3.8/site-packages/airflow/example_dags/tutorial.py
[2022-09-20T17:22:59.059+0530] {processor.py:640} INFO - Processing file /home/sayone/This PC/SayOne Technologies/Works/airflow_new/Airflow/venv/lib/python3.8/site-packages/airflow/example_dags/tutorial.py for tasks to queue
[2022-09-20T17:22:59.060+0530] {logging_mixin.py:115} INFO - [2022-09-20T17:22:59.059+0530] {dagbag.py:508} INFO - Filling up the DagBag from /home/sayone/This PC/SayOne Technologies/Works/airflow_new/Airflow/venv/lib/python3.8/site-packages/airflow/example_dags/tutorial.py
[2022-09-20T17:22:59.063+0530] {processor.py:650} INFO - DAG(s) dict_keys(['tutorial']) retrieved from /home/sayone/This PC/SayOne Technologies/Works/airflow_new/Airflow/venv/lib/python3.8/site-packages/airflow/example_dags/tutorial.py
[2022-09-20T17:22:59.079+0530] {logging_mixin.py:115} INFO - [2022-09-20T17:22:59.079+0530] {dag.py:2429} INFO - Sync 1 DAGs
[2022-09-20T17:22:59.090+0530] {logging_mixin.py:115} INFO - [2022-09-20T17:22:59.090+0530] {dag.py:2977} INFO - Setting next_dagrun for tutorial to 2022-09-19T11:52:59.089907+00:00, run_after=2022-09-20T11:52:59.089907+00:00
[2022-09-20T17:22:59.102+0530] {processor.py:161} INFO - Processing /home/sayone/This PC/SayOne Technologies/Works/airflow_new/Airflow/venv/lib/python3.8/site-packages/airflow/example_dags/tutorial.py took 0.048 seconds
[2022-09-20T17:23:26.592+0530] {processor.py:153} INFO - Started process (PID=30432) to work on /home/sayone/This PC/SayOne Technologies/Works/airflow_new/Airflow/venv/lib/python3.8/site-packages/airflow/example_dags/tutorial.py
[2022-09-20T17:23:26.593+0530] {processor.py:640} INFO - Processing file /home/sayone/This PC/SayOne Technologies/Works/airflow_new/Airflow/venv/lib/python3.8/site-packages/airflow/example_dags/tutorial.py for tasks to queue
[2022-09-20T17:23:26.594+0530] {logging_mixin.py:115} INFO - [2022-09-20T17:23:26.594+0530] {dagbag.py:508} INFO - Filling up the DagBag from /home/sayone/This PC/SayOne Technologies/Works/airflow_new/Airflow/venv/lib/python3.8/site-packages/airflow/example_dags/tutorial.py
[2022-09-20T17:23:26.600+0530] {processor.py:650} INFO - DAG(s) dict_keys(['tutorial']) retrieved from /home/sayone/This PC/SayOne Technologies/Works/airflow_new/Airflow/venv/lib/python3.8/site-packages/airflow/example_dags/tutorial.py
[2022-09-20T17:23:26.618+0530] {logging_mixin.py:115} INFO - [2022-09-20T17:23:26.618+0530] {dag.py:2429} INFO - Sync 1 DAGs
[2022-09-20T17:23:26.630+0530] {logging_mixin.py:115} INFO - [2022-09-20T17:23:26.630+0530] {dag.py:2977} INFO - Setting next_dagrun for tutorial to 2022-09-19T11:53:26.630556+00:00, run_after=2022-09-20T11:53:26.630556+00:00
[2022-09-20T17:23:26.640+0530] {processor.py:161} INFO - Processing /home/sayone/This PC/SayOne Technologies/Works/airflow_new/Airflow/venv/lib/python3.8/site-packages/airflow/example_dags/tutorial.py took 0.051 seconds
[2022-09-20T17:24:01.404+0530] {processor.py:153} INFO - Started process (PID=30558) to work on /home/sayone/This PC/SayOne Technologies/Works/airflow_new/Airflow/venv/lib/python3.8/site-packages/airflow/example_dags/tutorial.py
[2022-09-20T17:24:01.407+0530] {processor.py:640} INFO - Processing file /home/sayone/This PC/SayOne Technologies/Works/airflow_new/Airflow/venv/lib/python3.8/site-packages/airflow/example_dags/tutorial.py for tasks to queue
[2022-09-20T17:24:01.408+0530] {logging_mixin.py:115} INFO - [2022-09-20T17:24:01.407+0530] {dagbag.py:508} INFO - Filling up the DagBag from /home/sayone/This PC/SayOne Technologies/Works/airflow_new/Airflow/venv/lib/python3.8/site-packages/airflow/example_dags/tutorial.py
[2022-09-20T17:24:01.414+0530] {processor.py:650} INFO - DAG(s) dict_keys(['tutorial']) retrieved from /home/sayone/This PC/SayOne Technologies/Works/airflow_new/Airflow/venv/lib/python3.8/site-packages/airflow/example_dags/tutorial.py
[2022-09-20T17:24:01.426+0530] {logging_mixin.py:115} INFO - [2022-09-20T17:24:01.426+0530] {dag.py:2429} INFO - Sync 1 DAGs
[2022-09-20T17:24:01.436+0530] {logging_mixin.py:115} INFO - [2022-09-20T17:24:01.436+0530] {dag.py:2977} INFO - Setting next_dagrun for tutorial to 2022-09-19T11:54:01.436579+00:00, run_after=2022-09-20T11:54:01.436579+00:00
[2022-09-20T17:24:01.446+0530] {processor.py:161} INFO - Processing /home/sayone/This PC/SayOne Technologies/Works/airflow_new/Airflow/venv/lib/python3.8/site-packages/airflow/example_dags/tutorial.py took 0.047 seconds
[2022-09-20T17:24:36.266+0530] {processor.py:153} INFO - Started process (PID=30808) to work on /home/sayone/This PC/SayOne Technologies/Works/airflow_new/Airflow/venv/lib/python3.8/site-packages/airflow/example_dags/tutorial.py
[2022-09-20T17:24:36.268+0530] {processor.py:640} INFO - Processing file /home/sayone/This PC/SayOne Technologies/Works/airflow_new/Airflow/venv/lib/python3.8/site-packages/airflow/example_dags/tutorial.py for tasks to queue
[2022-09-20T17:24:36.268+0530] {logging_mixin.py:115} INFO - [2022-09-20T17:24:36.268+0530] {dagbag.py:508} INFO - Filling up the DagBag from /home/sayone/This PC/SayOne Technologies/Works/airflow_new/Airflow/venv/lib/python3.8/site-packages/airflow/example_dags/tutorial.py
[2022-09-20T17:24:36.273+0530] {processor.py:650} INFO - DAG(s) dict_keys(['tutorial']) retrieved from /home/sayone/This PC/SayOne Technologies/Works/airflow_new/Airflow/venv/lib/python3.8/site-packages/airflow/example_dags/tutorial.py
[2022-09-20T17:24:36.283+0530] {logging_mixin.py:115} INFO - [2022-09-20T17:24:36.283+0530] {dag.py:2429} INFO - Sync 1 DAGs
[2022-09-20T17:24:36.295+0530] {logging_mixin.py:115} INFO - [2022-09-20T17:24:36.295+0530] {dag.py:2977} INFO - Setting next_dagrun for tutorial to 2022-09-19T11:54:36.294969+00:00, run_after=2022-09-20T11:54:36.294969+00:00
[2022-09-20T17:24:36.304+0530] {processor.py:161} INFO - Processing /home/sayone/This PC/SayOne Technologies/Works/airflow_new/Airflow/venv/lib/python3.8/site-packages/airflow/example_dags/tutorial.py took 0.040 seconds
[2022-09-20T17:25:13.342+0530] {processor.py:153} INFO - Started process (PID=30973) to work on /home/sayone/This PC/SayOne Technologies/Works/airflow_new/Airflow/venv/lib/python3.8/site-packages/airflow/example_dags/tutorial.py
[2022-09-20T17:25:13.345+0530] {processor.py:640} INFO - Processing file /home/sayone/This PC/SayOne Technologies/Works/airflow_new/Airflow/venv/lib/python3.8/site-packages/airflow/example_dags/tutorial.py for tasks to queue
[2022-09-20T17:25:13.345+0530] {logging_mixin.py:115} INFO - [2022-09-20T17:25:13.345+0530] {dagbag.py:508} INFO - Filling up the DagBag from /home/sayone/This PC/SayOne Technologies/Works/airflow_new/Airflow/venv/lib/python3.8/site-packages/airflow/example_dags/tutorial.py
[2022-09-20T17:25:13.351+0530] {processor.py:650} INFO - DAG(s) dict_keys(['tutorial']) retrieved from /home/sayone/This PC/SayOne Technologies/Works/airflow_new/Airflow/venv/lib/python3.8/site-packages/airflow/example_dags/tutorial.py
[2022-09-20T17:25:13.361+0530] {logging_mixin.py:115} INFO - [2022-09-20T17:25:13.360+0530] {dag.py:2429} INFO - Sync 1 DAGs
[2022-09-20T17:25:13.371+0530] {logging_mixin.py:115} INFO - [2022-09-20T17:25:13.371+0530] {dag.py:2977} INFO - Setting next_dagrun for tutorial to 2022-09-19T11:55:13.371001+00:00, run_after=2022-09-20T11:55:13.371001+00:00
[2022-09-20T17:25:13.380+0530] {processor.py:161} INFO - Processing /home/sayone/This PC/SayOne Technologies/Works/airflow_new/Airflow/venv/lib/python3.8/site-packages/airflow/example_dags/tutorial.py took 0.042 seconds
[2022-09-20T17:25:48.183+0530] {processor.py:153} INFO - Started process (PID=31054) to work on /home/sayone/This PC/SayOne Technologies/Works/airflow_new/Airflow/venv/lib/python3.8/site-packages/airflow/example_dags/tutorial.py
[2022-09-20T17:25:48.186+0530] {processor.py:640} INFO - Processing file /home/sayone/This PC/SayOne Technologies/Works/airflow_new/Airflow/venv/lib/python3.8/site-packages/airflow/example_dags/tutorial.py for tasks to queue
[2022-09-20T17:25:48.187+0530] {logging_mixin.py:115} INFO - [2022-09-20T17:25:48.187+0530] {dagbag.py:508} INFO - Filling up the DagBag from /home/sayone/This PC/SayOne Technologies/Works/airflow_new/Airflow/venv/lib/python3.8/site-packages/airflow/example_dags/tutorial.py
[2022-09-20T17:25:48.192+0530] {processor.py:650} INFO - DAG(s) dict_keys(['tutorial']) retrieved from /home/sayone/This PC/SayOne Technologies/Works/airflow_new/Airflow/venv/lib/python3.8/site-packages/airflow/example_dags/tutorial.py
[2022-09-20T17:25:48.201+0530] {logging_mixin.py:115} INFO - [2022-09-20T17:25:48.201+0530] {dag.py:2429} INFO - Sync 1 DAGs
[2022-09-20T17:25:48.211+0530] {logging_mixin.py:115} INFO - [2022-09-20T17:25:48.211+0530] {dag.py:2977} INFO - Setting next_dagrun for tutorial to 2022-09-19T11:55:48.210967+00:00, run_after=2022-09-20T11:55:48.210967+00:00
[2022-09-20T17:25:48.220+0530] {processor.py:161} INFO - Processing /home/sayone/This PC/SayOne Technologies/Works/airflow_new/Airflow/venv/lib/python3.8/site-packages/airflow/example_dags/tutorial.py took 0.038 seconds
[2022-09-20T17:26:26.456+0530] {processor.py:153} INFO - Started process (PID=31161) to work on /home/sayone/This PC/SayOne Technologies/Works/airflow_new/Airflow/venv/lib/python3.8/site-packages/airflow/example_dags/tutorial.py
[2022-09-20T17:26:26.459+0530] {processor.py:640} INFO - Processing file /home/sayone/This PC/SayOne Technologies/Works/airflow_new/Airflow/venv/lib/python3.8/site-packages/airflow/example_dags/tutorial.py for tasks to queue
[2022-09-20T17:26:26.460+0530] {logging_mixin.py:115} INFO - [2022-09-20T17:26:26.460+0530] {dagbag.py:508} INFO - Filling up the DagBag from /home/sayone/This PC/SayOne Technologies/Works/airflow_new/Airflow/venv/lib/python3.8/site-packages/airflow/example_dags/tutorial.py
[2022-09-20T17:26:26.468+0530] {processor.py:650} INFO - DAG(s) dict_keys(['tutorial']) retrieved from /home/sayone/This PC/SayOne Technologies/Works/airflow_new/Airflow/venv/lib/python3.8/site-packages/airflow/example_dags/tutorial.py
[2022-09-20T17:26:26.478+0530] {logging_mixin.py:115} INFO - [2022-09-20T17:26:26.478+0530] {dag.py:2429} INFO - Sync 1 DAGs
[2022-09-20T17:26:26.488+0530] {logging_mixin.py:115} INFO - [2022-09-20T17:26:26.488+0530] {dag.py:2977} INFO - Setting next_dagrun for tutorial to 2022-09-19T11:56:26.488133+00:00, run_after=2022-09-20T11:56:26.488133+00:00
[2022-09-20T17:26:26.496+0530] {processor.py:161} INFO - Processing /home/sayone/This PC/SayOne Technologies/Works/airflow_new/Airflow/venv/lib/python3.8/site-packages/airflow/example_dags/tutorial.py took 0.041 seconds
[2022-09-20T17:27:01.060+0530] {processor.py:153} INFO - Started process (PID=31415) to work on /home/sayone/This PC/SayOne Technologies/Works/airflow_new/Airflow/venv/lib/python3.8/site-packages/airflow/example_dags/tutorial.py
[2022-09-20T17:27:01.063+0530] {processor.py:640} INFO - Processing file /home/sayone/This PC/SayOne Technologies/Works/airflow_new/Airflow/venv/lib/python3.8/site-packages/airflow/example_dags/tutorial.py for tasks to queue
[2022-09-20T17:27:01.063+0530] {logging_mixin.py:115} INFO - [2022-09-20T17:27:01.063+0530] {dagbag.py:508} INFO - Filling up the DagBag from /home/sayone/This PC/SayOne Technologies/Works/airflow_new/Airflow/venv/lib/python3.8/site-packages/airflow/example_dags/tutorial.py
[2022-09-20T17:27:01.066+0530] {processor.py:650} INFO - DAG(s) dict_keys(['tutorial']) retrieved from /home/sayone/This PC/SayOne Technologies/Works/airflow_new/Airflow/venv/lib/python3.8/site-packages/airflow/example_dags/tutorial.py
[2022-09-20T17:27:01.074+0530] {logging_mixin.py:115} INFO - [2022-09-20T17:27:01.074+0530] {dag.py:2429} INFO - Sync 1 DAGs
[2022-09-20T17:27:01.085+0530] {logging_mixin.py:115} INFO - [2022-09-20T17:27:01.085+0530] {dag.py:2977} INFO - Setting next_dagrun for tutorial to 2022-09-19T11:57:01.085294+00:00, run_after=2022-09-20T11:57:01.085294+00:00
[2022-09-20T17:27:01.096+0530] {processor.py:161} INFO - Processing /home/sayone/This PC/SayOne Technologies/Works/airflow_new/Airflow/venv/lib/python3.8/site-packages/airflow/example_dags/tutorial.py took 0.037 seconds
[2022-09-20T17:27:38.877+0530] {processor.py:153} INFO - Started process (PID=31573) to work on /home/sayone/This PC/SayOne Technologies/Works/airflow_new/Airflow/venv/lib/python3.8/site-packages/airflow/example_dags/tutorial.py
[2022-09-20T17:27:38.879+0530] {processor.py:640} INFO - Processing file /home/sayone/This PC/SayOne Technologies/Works/airflow_new/Airflow/venv/lib/python3.8/site-packages/airflow/example_dags/tutorial.py for tasks to queue
[2022-09-20T17:27:38.880+0530] {logging_mixin.py:115} INFO - [2022-09-20T17:27:38.880+0530] {dagbag.py:508} INFO - Filling up the DagBag from /home/sayone/This PC/SayOne Technologies/Works/airflow_new/Airflow/venv/lib/python3.8/site-packages/airflow/example_dags/tutorial.py
[2022-09-20T17:27:38.888+0530] {processor.py:650} INFO - DAG(s) dict_keys(['tutorial']) retrieved from /home/sayone/This PC/SayOne Technologies/Works/airflow_new/Airflow/venv/lib/python3.8/site-packages/airflow/example_dags/tutorial.py
[2022-09-20T17:27:38.899+0530] {logging_mixin.py:115} INFO - [2022-09-20T17:27:38.899+0530] {dag.py:2429} INFO - Sync 1 DAGs
[2022-09-20T17:27:38.908+0530] {logging_mixin.py:115} INFO - [2022-09-20T17:27:38.908+0530] {dag.py:2977} INFO - Setting next_dagrun for tutorial to 2022-09-19T11:57:38.908263+00:00, run_after=2022-09-20T11:57:38.908263+00:00
[2022-09-20T17:27:38.916+0530] {processor.py:161} INFO - Processing /home/sayone/This PC/SayOne Technologies/Works/airflow_new/Airflow/venv/lib/python3.8/site-packages/airflow/example_dags/tutorial.py took 0.042 seconds
[2022-09-20T17:28:13.043+0530] {processor.py:153} INFO - Started process (PID=31682) to work on /home/sayone/This PC/SayOne Technologies/Works/airflow_new/Airflow/venv/lib/python3.8/site-packages/airflow/example_dags/tutorial.py
[2022-09-20T17:28:13.046+0530] {processor.py:640} INFO - Processing file /home/sayone/This PC/SayOne Technologies/Works/airflow_new/Airflow/venv/lib/python3.8/site-packages/airflow/example_dags/tutorial.py for tasks to queue
[2022-09-20T17:28:13.047+0530] {logging_mixin.py:115} INFO - [2022-09-20T17:28:13.047+0530] {dagbag.py:508} INFO - Filling up the DagBag from /home/sayone/This PC/SayOne Technologies/Works/airflow_new/Airflow/venv/lib/python3.8/site-packages/airflow/example_dags/tutorial.py
[2022-09-20T17:28:13.055+0530] {processor.py:650} INFO - DAG(s) dict_keys(['tutorial']) retrieved from /home/sayone/This PC/SayOne Technologies/Works/airflow_new/Airflow/venv/lib/python3.8/site-packages/airflow/example_dags/tutorial.py
[2022-09-20T17:28:13.066+0530] {logging_mixin.py:115} INFO - [2022-09-20T17:28:13.066+0530] {dag.py:2429} INFO - Sync 1 DAGs
[2022-09-20T17:28:13.076+0530] {logging_mixin.py:115} INFO - [2022-09-20T17:28:13.076+0530] {dag.py:2977} INFO - Setting next_dagrun for tutorial to 2022-09-19T11:58:13.076050+00:00, run_after=2022-09-20T11:58:13.076050+00:00
[2022-09-20T17:28:13.084+0530] {processor.py:161} INFO - Processing /home/sayone/This PC/SayOne Technologies/Works/airflow_new/Airflow/venv/lib/python3.8/site-packages/airflow/example_dags/tutorial.py took 0.043 seconds
[2022-09-20T17:28:51.330+0530] {processor.py:153} INFO - Started process (PID=31754) to work on /home/sayone/This PC/SayOne Technologies/Works/airflow_new/Airflow/venv/lib/python3.8/site-packages/airflow/example_dags/tutorial.py
[2022-09-20T17:28:51.333+0530] {processor.py:640} INFO - Processing file /home/sayone/This PC/SayOne Technologies/Works/airflow_new/Airflow/venv/lib/python3.8/site-packages/airflow/example_dags/tutorial.py for tasks to queue
[2022-09-20T17:28:51.334+0530] {logging_mixin.py:115} INFO - [2022-09-20T17:28:51.334+0530] {dagbag.py:508} INFO - Filling up the DagBag from /home/sayone/This PC/SayOne Technologies/Works/airflow_new/Airflow/venv/lib/python3.8/site-packages/airflow/example_dags/tutorial.py
[2022-09-20T17:28:51.342+0530] {processor.py:650} INFO - DAG(s) dict_keys(['tutorial']) retrieved from /home/sayone/This PC/SayOne Technologies/Works/airflow_new/Airflow/venv/lib/python3.8/site-packages/airflow/example_dags/tutorial.py
[2022-09-20T17:28:51.353+0530] {logging_mixin.py:115} INFO - [2022-09-20T17:28:51.353+0530] {dag.py:2429} INFO - Sync 1 DAGs
[2022-09-20T17:28:51.363+0530] {logging_mixin.py:115} INFO - [2022-09-20T17:28:51.363+0530] {dag.py:2977} INFO - Setting next_dagrun for tutorial to 2022-09-19T11:58:51.362969+00:00, run_after=2022-09-20T11:58:51.362969+00:00
[2022-09-20T17:28:51.373+0530] {processor.py:161} INFO - Processing /home/sayone/This PC/SayOne Technologies/Works/airflow_new/Airflow/venv/lib/python3.8/site-packages/airflow/example_dags/tutorial.py took 0.047 seconds
[2022-09-20T17:29:26.779+0530] {processor.py:153} INFO - Started process (PID=31882) to work on /home/sayone/This PC/SayOne Technologies/Works/airflow_new/Airflow/venv/lib/python3.8/site-packages/airflow/example_dags/tutorial.py
[2022-09-20T17:29:26.782+0530] {processor.py:640} INFO - Processing file /home/sayone/This PC/SayOne Technologies/Works/airflow_new/Airflow/venv/lib/python3.8/site-packages/airflow/example_dags/tutorial.py for tasks to queue
[2022-09-20T17:29:26.783+0530] {logging_mixin.py:115} INFO - [2022-09-20T17:29:26.783+0530] {dagbag.py:508} INFO - Filling up the DagBag from /home/sayone/This PC/SayOne Technologies/Works/airflow_new/Airflow/venv/lib/python3.8/site-packages/airflow/example_dags/tutorial.py
[2022-09-20T17:29:26.790+0530] {processor.py:650} INFO - DAG(s) dict_keys(['tutorial']) retrieved from /home/sayone/This PC/SayOne Technologies/Works/airflow_new/Airflow/venv/lib/python3.8/site-packages/airflow/example_dags/tutorial.py
[2022-09-20T17:29:26.801+0530] {logging_mixin.py:115} INFO - [2022-09-20T17:29:26.801+0530] {dag.py:2429} INFO - Sync 1 DAGs
[2022-09-20T17:29:26.814+0530] {logging_mixin.py:115} INFO - [2022-09-20T17:29:26.814+0530] {dag.py:2977} INFO - Setting next_dagrun for tutorial to 2022-09-19T11:59:26.814541+00:00, run_after=2022-09-20T11:59:26.814541+00:00
[2022-09-20T17:29:26.826+0530] {processor.py:161} INFO - Processing /home/sayone/This PC/SayOne Technologies/Works/airflow_new/Airflow/venv/lib/python3.8/site-packages/airflow/example_dags/tutorial.py took 0.051 seconds
[2022-09-20T17:30:02.803+0530] {processor.py:153} INFO - Started process (PID=32080) to work on /home/sayone/This PC/SayOne Technologies/Works/airflow_new/Airflow/venv/lib/python3.8/site-packages/airflow/example_dags/tutorial.py
[2022-09-20T17:30:02.806+0530] {processor.py:640} INFO - Processing file /home/sayone/This PC/SayOne Technologies/Works/airflow_new/Airflow/venv/lib/python3.8/site-packages/airflow/example_dags/tutorial.py for tasks to queue
[2022-09-20T17:30:02.807+0530] {logging_mixin.py:115} INFO - [2022-09-20T17:30:02.807+0530] {dagbag.py:508} INFO - Filling up the DagBag from /home/sayone/This PC/SayOne Technologies/Works/airflow_new/Airflow/venv/lib/python3.8/site-packages/airflow/example_dags/tutorial.py
[2022-09-20T17:30:02.812+0530] {processor.py:650} INFO - DAG(s) dict_keys(['tutorial']) retrieved from /home/sayone/This PC/SayOne Technologies/Works/airflow_new/Airflow/venv/lib/python3.8/site-packages/airflow/example_dags/tutorial.py
[2022-09-20T17:30:02.821+0530] {logging_mixin.py:115} INFO - [2022-09-20T17:30:02.821+0530] {dag.py:2429} INFO - Sync 1 DAGs
[2022-09-20T17:30:02.830+0530] {logging_mixin.py:115} INFO - [2022-09-20T17:30:02.830+0530] {dag.py:2977} INFO - Setting next_dagrun for tutorial to 2022-09-19T12:00:02.830105+00:00, run_after=2022-09-20T12:00:02.830105+00:00
[2022-09-20T17:30:02.839+0530] {processor.py:161} INFO - Processing /home/sayone/This PC/SayOne Technologies/Works/airflow_new/Airflow/venv/lib/python3.8/site-packages/airflow/example_dags/tutorial.py took 0.038 seconds
[2022-09-20T17:30:38.837+0530] {processor.py:153} INFO - Started process (PID=32144) to work on /home/sayone/This PC/SayOne Technologies/Works/airflow_new/Airflow/venv/lib/python3.8/site-packages/airflow/example_dags/tutorial.py
[2022-09-20T17:30:38.838+0530] {processor.py:640} INFO - Processing file /home/sayone/This PC/SayOne Technologies/Works/airflow_new/Airflow/venv/lib/python3.8/site-packages/airflow/example_dags/tutorial.py for tasks to queue
[2022-09-20T17:30:38.838+0530] {logging_mixin.py:115} INFO - [2022-09-20T17:30:38.838+0530] {dagbag.py:508} INFO - Filling up the DagBag from /home/sayone/This PC/SayOne Technologies/Works/airflow_new/Airflow/venv/lib/python3.8/site-packages/airflow/example_dags/tutorial.py
[2022-09-20T17:30:38.841+0530] {processor.py:650} INFO - DAG(s) dict_keys(['tutorial']) retrieved from /home/sayone/This PC/SayOne Technologies/Works/airflow_new/Airflow/venv/lib/python3.8/site-packages/airflow/example_dags/tutorial.py
[2022-09-20T17:30:38.849+0530] {logging_mixin.py:115} INFO - [2022-09-20T17:30:38.849+0530] {dag.py:2429} INFO - Sync 1 DAGs
[2022-09-20T17:30:38.858+0530] {logging_mixin.py:115} INFO - [2022-09-20T17:30:38.858+0530] {dag.py:2977} INFO - Setting next_dagrun for tutorial to 2022-09-19T12:00:38.858387+00:00, run_after=2022-09-20T12:00:38.858387+00:00
[2022-09-20T17:30:38.867+0530] {processor.py:161} INFO - Processing /home/sayone/This PC/SayOne Technologies/Works/airflow_new/Airflow/venv/lib/python3.8/site-packages/airflow/example_dags/tutorial.py took 0.033 seconds
[2022-09-20T17:31:14.773+0530] {processor.py:153} INFO - Started process (PID=32254) to work on /home/sayone/This PC/SayOne Technologies/Works/airflow_new/Airflow/venv/lib/python3.8/site-packages/airflow/example_dags/tutorial.py
[2022-09-20T17:31:14.775+0530] {processor.py:640} INFO - Processing file /home/sayone/This PC/SayOne Technologies/Works/airflow_new/Airflow/venv/lib/python3.8/site-packages/airflow/example_dags/tutorial.py for tasks to queue
[2022-09-20T17:31:14.776+0530] {logging_mixin.py:115} INFO - [2022-09-20T17:31:14.776+0530] {dagbag.py:508} INFO - Filling up the DagBag from /home/sayone/This PC/SayOne Technologies/Works/airflow_new/Airflow/venv/lib/python3.8/site-packages/airflow/example_dags/tutorial.py
[2022-09-20T17:31:14.782+0530] {processor.py:650} INFO - DAG(s) dict_keys(['tutorial']) retrieved from /home/sayone/This PC/SayOne Technologies/Works/airflow_new/Airflow/venv/lib/python3.8/site-packages/airflow/example_dags/tutorial.py
[2022-09-20T17:31:14.791+0530] {logging_mixin.py:115} INFO - [2022-09-20T17:31:14.790+0530] {dag.py:2429} INFO - Sync 1 DAGs
[2022-09-20T17:31:14.800+0530] {logging_mixin.py:115} INFO - [2022-09-20T17:31:14.800+0530] {dag.py:2977} INFO - Setting next_dagrun for tutorial to 2022-09-19T12:01:14.800597+00:00, run_after=2022-09-20T12:01:14.800597+00:00
[2022-09-20T17:31:14.810+0530] {processor.py:161} INFO - Processing /home/sayone/This PC/SayOne Technologies/Works/airflow_new/Airflow/venv/lib/python3.8/site-packages/airflow/example_dags/tutorial.py took 0.039 seconds
[2022-09-20T17:31:51.281+0530] {processor.py:153} INFO - Started process (PID=32330) to work on /home/sayone/This PC/SayOne Technologies/Works/airflow_new/Airflow/venv/lib/python3.8/site-packages/airflow/example_dags/tutorial.py
[2022-09-20T17:31:51.283+0530] {processor.py:640} INFO - Processing file /home/sayone/This PC/SayOne Technologies/Works/airflow_new/Airflow/venv/lib/python3.8/site-packages/airflow/example_dags/tutorial.py for tasks to queue
[2022-09-20T17:31:51.285+0530] {logging_mixin.py:115} INFO - [2022-09-20T17:31:51.284+0530] {dagbag.py:508} INFO - Filling up the DagBag from /home/sayone/This PC/SayOne Technologies/Works/airflow_new/Airflow/venv/lib/python3.8/site-packages/airflow/example_dags/tutorial.py
[2022-09-20T17:31:51.292+0530] {processor.py:650} INFO - DAG(s) dict_keys(['tutorial']) retrieved from /home/sayone/This PC/SayOne Technologies/Works/airflow_new/Airflow/venv/lib/python3.8/site-packages/airflow/example_dags/tutorial.py
[2022-09-20T17:31:51.304+0530] {logging_mixin.py:115} INFO - [2022-09-20T17:31:51.303+0530] {dag.py:2429} INFO - Sync 1 DAGs
[2022-09-20T17:31:51.313+0530] {logging_mixin.py:115} INFO - [2022-09-20T17:31:51.313+0530] {dag.py:2977} INFO - Setting next_dagrun for tutorial to 2022-09-19T12:01:51.313161+00:00, run_after=2022-09-20T12:01:51.313161+00:00
[2022-09-20T17:31:51.323+0530] {processor.py:161} INFO - Processing /home/sayone/This PC/SayOne Technologies/Works/airflow_new/Airflow/venv/lib/python3.8/site-packages/airflow/example_dags/tutorial.py took 0.044 seconds
[2022-09-20T17:32:26.712+0530] {processor.py:153} INFO - Started process (PID=32579) to work on /home/sayone/This PC/SayOne Technologies/Works/airflow_new/Airflow/venv/lib/python3.8/site-packages/airflow/example_dags/tutorial.py
[2022-09-20T17:32:26.715+0530] {processor.py:640} INFO - Processing file /home/sayone/This PC/SayOne Technologies/Works/airflow_new/Airflow/venv/lib/python3.8/site-packages/airflow/example_dags/tutorial.py for tasks to queue
[2022-09-20T17:32:26.716+0530] {logging_mixin.py:115} INFO - [2022-09-20T17:32:26.716+0530] {dagbag.py:508} INFO - Filling up the DagBag from /home/sayone/This PC/SayOne Technologies/Works/airflow_new/Airflow/venv/lib/python3.8/site-packages/airflow/example_dags/tutorial.py
[2022-09-20T17:32:26.723+0530] {processor.py:650} INFO - DAG(s) dict_keys(['tutorial']) retrieved from /home/sayone/This PC/SayOne Technologies/Works/airflow_new/Airflow/venv/lib/python3.8/site-packages/airflow/example_dags/tutorial.py
[2022-09-20T17:32:26.733+0530] {logging_mixin.py:115} INFO - [2022-09-20T17:32:26.733+0530] {dag.py:2429} INFO - Sync 1 DAGs
[2022-09-20T17:32:26.742+0530] {logging_mixin.py:115} INFO - [2022-09-20T17:32:26.742+0530] {dag.py:2977} INFO - Setting next_dagrun for tutorial to 2022-09-19T12:02:26.742592+00:00, run_after=2022-09-20T12:02:26.742592+00:00
[2022-09-20T17:32:26.752+0530] {processor.py:161} INFO - Processing /home/sayone/This PC/SayOne Technologies/Works/airflow_new/Airflow/venv/lib/python3.8/site-packages/airflow/example_dags/tutorial.py took 0.044 seconds
[2022-09-20T17:33:02.745+0530] {processor.py:153} INFO - Started process (PID=32683) to work on /home/sayone/This PC/SayOne Technologies/Works/airflow_new/Airflow/venv/lib/python3.8/site-packages/airflow/example_dags/tutorial.py
[2022-09-20T17:33:02.747+0530] {processor.py:640} INFO - Processing file /home/sayone/This PC/SayOne Technologies/Works/airflow_new/Airflow/venv/lib/python3.8/site-packages/airflow/example_dags/tutorial.py for tasks to queue
[2022-09-20T17:33:02.747+0530] {logging_mixin.py:115} INFO - [2022-09-20T17:33:02.747+0530] {dagbag.py:508} INFO - Filling up the DagBag from /home/sayone/This PC/SayOne Technologies/Works/airflow_new/Airflow/venv/lib/python3.8/site-packages/airflow/example_dags/tutorial.py
[2022-09-20T17:33:02.750+0530] {processor.py:650} INFO - DAG(s) dict_keys(['tutorial']) retrieved from /home/sayone/This PC/SayOne Technologies/Works/airflow_new/Airflow/venv/lib/python3.8/site-packages/airflow/example_dags/tutorial.py
[2022-09-20T17:33:02.758+0530] {logging_mixin.py:115} INFO - [2022-09-20T17:33:02.758+0530] {dag.py:2429} INFO - Sync 1 DAGs
[2022-09-20T17:33:02.768+0530] {logging_mixin.py:115} INFO - [2022-09-20T17:33:02.768+0530] {dag.py:2977} INFO - Setting next_dagrun for tutorial to 2022-09-19T12:03:02.767881+00:00, run_after=2022-09-20T12:03:02.767881+00:00
[2022-09-20T17:33:02.777+0530] {processor.py:161} INFO - Processing /home/sayone/This PC/SayOne Technologies/Works/airflow_new/Airflow/venv/lib/python3.8/site-packages/airflow/example_dags/tutorial.py took 0.034 seconds
[2022-09-20T17:33:38.367+0530] {processor.py:153} INFO - Started process (PID=32749) to work on /home/sayone/This PC/SayOne Technologies/Works/airflow_new/Airflow/venv/lib/python3.8/site-packages/airflow/example_dags/tutorial.py
[2022-09-20T17:33:38.370+0530] {processor.py:640} INFO - Processing file /home/sayone/This PC/SayOne Technologies/Works/airflow_new/Airflow/venv/lib/python3.8/site-packages/airflow/example_dags/tutorial.py for tasks to queue
[2022-09-20T17:33:38.371+0530] {logging_mixin.py:115} INFO - [2022-09-20T17:33:38.371+0530] {dagbag.py:508} INFO - Filling up the DagBag from /home/sayone/This PC/SayOne Technologies/Works/airflow_new/Airflow/venv/lib/python3.8/site-packages/airflow/example_dags/tutorial.py
[2022-09-20T17:33:38.377+0530] {processor.py:650} INFO - DAG(s) dict_keys(['tutorial']) retrieved from /home/sayone/This PC/SayOne Technologies/Works/airflow_new/Airflow/venv/lib/python3.8/site-packages/airflow/example_dags/tutorial.py
[2022-09-20T17:33:38.385+0530] {logging_mixin.py:115} INFO - [2022-09-20T17:33:38.385+0530] {dag.py:2429} INFO - Sync 1 DAGs
[2022-09-20T17:33:38.394+0530] {logging_mixin.py:115} INFO - [2022-09-20T17:33:38.394+0530] {dag.py:2977} INFO - Setting next_dagrun for tutorial to 2022-09-19T12:03:38.394690+00:00, run_after=2022-09-20T12:03:38.394690+00:00
[2022-09-20T17:33:38.405+0530] {processor.py:161} INFO - Processing /home/sayone/This PC/SayOne Technologies/Works/airflow_new/Airflow/venv/lib/python3.8/site-packages/airflow/example_dags/tutorial.py took 0.040 seconds
[2022-09-20T17:34:14.735+0530] {processor.py:153} INFO - Started process (PID=32844) to work on /home/sayone/This PC/SayOne Technologies/Works/airflow_new/Airflow/venv/lib/python3.8/site-packages/airflow/example_dags/tutorial.py
[2022-09-20T17:34:14.738+0530] {processor.py:640} INFO - Processing file /home/sayone/This PC/SayOne Technologies/Works/airflow_new/Airflow/venv/lib/python3.8/site-packages/airflow/example_dags/tutorial.py for tasks to queue
[2022-09-20T17:34:14.739+0530] {logging_mixin.py:115} INFO - [2022-09-20T17:34:14.739+0530] {dagbag.py:508} INFO - Filling up the DagBag from /home/sayone/This PC/SayOne Technologies/Works/airflow_new/Airflow/venv/lib/python3.8/site-packages/airflow/example_dags/tutorial.py
[2022-09-20T17:34:14.745+0530] {processor.py:650} INFO - DAG(s) dict_keys(['tutorial']) retrieved from /home/sayone/This PC/SayOne Technologies/Works/airflow_new/Airflow/venv/lib/python3.8/site-packages/airflow/example_dags/tutorial.py
[2022-09-20T17:34:14.753+0530] {logging_mixin.py:115} INFO - [2022-09-20T17:34:14.753+0530] {dag.py:2429} INFO - Sync 1 DAGs
[2022-09-20T17:34:14.762+0530] {logging_mixin.py:115} INFO - [2022-09-20T17:34:14.762+0530] {dag.py:2977} INFO - Setting next_dagrun for tutorial to 2022-09-19T12:04:14.762240+00:00, run_after=2022-09-20T12:04:14.762240+00:00
[2022-09-20T17:34:14.771+0530] {processor.py:161} INFO - Processing /home/sayone/This PC/SayOne Technologies/Works/airflow_new/Airflow/venv/lib/python3.8/site-packages/airflow/example_dags/tutorial.py took 0.038 seconds
[2022-09-20T17:34:51.849+0530] {processor.py:153} INFO - Started process (PID=33083) to work on /home/sayone/This PC/SayOne Technologies/Works/airflow_new/Airflow/venv/lib/python3.8/site-packages/airflow/example_dags/tutorial.py
[2022-09-20T17:34:51.852+0530] {processor.py:640} INFO - Processing file /home/sayone/This PC/SayOne Technologies/Works/airflow_new/Airflow/venv/lib/python3.8/site-packages/airflow/example_dags/tutorial.py for tasks to queue
[2022-09-20T17:34:51.852+0530] {logging_mixin.py:115} INFO - [2022-09-20T17:34:51.852+0530] {dagbag.py:508} INFO - Filling up the DagBag from /home/sayone/This PC/SayOne Technologies/Works/airflow_new/Airflow/venv/lib/python3.8/site-packages/airflow/example_dags/tutorial.py
[2022-09-20T17:34:51.860+0530] {processor.py:650} INFO - DAG(s) dict_keys(['tutorial']) retrieved from /home/sayone/This PC/SayOne Technologies/Works/airflow_new/Airflow/venv/lib/python3.8/site-packages/airflow/example_dags/tutorial.py
[2022-09-20T17:34:51.870+0530] {logging_mixin.py:115} INFO - [2022-09-20T17:34:51.870+0530] {dag.py:2429} INFO - Sync 1 DAGs
[2022-09-20T17:34:51.879+0530] {logging_mixin.py:115} INFO - [2022-09-20T17:34:51.879+0530] {dag.py:2977} INFO - Setting next_dagrun for tutorial to 2022-09-19T12:04:51.879670+00:00, run_after=2022-09-20T12:04:51.879670+00:00
[2022-09-20T17:34:51.889+0530] {processor.py:161} INFO - Processing /home/sayone/This PC/SayOne Technologies/Works/airflow_new/Airflow/venv/lib/python3.8/site-packages/airflow/example_dags/tutorial.py took 0.041 seconds
[2022-09-20T17:35:26.300+0530] {processor.py:153} INFO - Started process (PID=33176) to work on /home/sayone/This PC/SayOne Technologies/Works/airflow_new/Airflow/venv/lib/python3.8/site-packages/airflow/example_dags/tutorial.py
[2022-09-20T17:35:26.302+0530] {processor.py:640} INFO - Processing file /home/sayone/This PC/SayOne Technologies/Works/airflow_new/Airflow/venv/lib/python3.8/site-packages/airflow/example_dags/tutorial.py for tasks to queue
[2022-09-20T17:35:26.303+0530] {logging_mixin.py:115} INFO - [2022-09-20T17:35:26.303+0530] {dagbag.py:508} INFO - Filling up the DagBag from /home/sayone/This PC/SayOne Technologies/Works/airflow_new/Airflow/venv/lib/python3.8/site-packages/airflow/example_dags/tutorial.py
[2022-09-20T17:35:26.308+0530] {processor.py:650} INFO - DAG(s) dict_keys(['tutorial']) retrieved from /home/sayone/This PC/SayOne Technologies/Works/airflow_new/Airflow/venv/lib/python3.8/site-packages/airflow/example_dags/tutorial.py
[2022-09-20T17:35:26.319+0530] {logging_mixin.py:115} INFO - [2022-09-20T17:35:26.319+0530] {dag.py:2429} INFO - Sync 1 DAGs
[2022-09-20T17:35:26.328+0530] {logging_mixin.py:115} INFO - [2022-09-20T17:35:26.328+0530] {dag.py:2977} INFO - Setting next_dagrun for tutorial to 2022-09-19T12:05:26.328163+00:00, run_after=2022-09-20T12:05:26.328163+00:00
[2022-09-20T17:35:26.338+0530] {processor.py:161} INFO - Processing /home/sayone/This PC/SayOne Technologies/Works/airflow_new/Airflow/venv/lib/python3.8/site-packages/airflow/example_dags/tutorial.py took 0.040 seconds
[2022-09-20T17:36:05.094+0530] {processor.py:153} INFO - Started process (PID=33298) to work on /home/sayone/This PC/SayOne Technologies/Works/airflow_new/Airflow/venv/lib/python3.8/site-packages/airflow/example_dags/tutorial.py
[2022-09-20T17:36:05.097+0530] {processor.py:640} INFO - Processing file /home/sayone/This PC/SayOne Technologies/Works/airflow_new/Airflow/venv/lib/python3.8/site-packages/airflow/example_dags/tutorial.py for tasks to queue
[2022-09-20T17:36:05.098+0530] {logging_mixin.py:115} INFO - [2022-09-20T17:36:05.098+0530] {dagbag.py:508} INFO - Filling up the DagBag from /home/sayone/This PC/SayOne Technologies/Works/airflow_new/Airflow/venv/lib/python3.8/site-packages/airflow/example_dags/tutorial.py
[2022-09-20T17:36:05.103+0530] {processor.py:650} INFO - DAG(s) dict_keys(['tutorial']) retrieved from /home/sayone/This PC/SayOne Technologies/Works/airflow_new/Airflow/venv/lib/python3.8/site-packages/airflow/example_dags/tutorial.py
[2022-09-20T17:36:05.114+0530] {logging_mixin.py:115} INFO - [2022-09-20T17:36:05.114+0530] {dag.py:2429} INFO - Sync 1 DAGs
[2022-09-20T17:36:05.126+0530] {logging_mixin.py:115} INFO - [2022-09-20T17:36:05.126+0530] {dag.py:2977} INFO - Setting next_dagrun for tutorial to 2022-09-19T12:06:05.126640+00:00, run_after=2022-09-20T12:06:05.126640+00:00
[2022-09-20T17:36:05.138+0530] {processor.py:161} INFO - Processing /home/sayone/This PC/SayOne Technologies/Works/airflow_new/Airflow/venv/lib/python3.8/site-packages/airflow/example_dags/tutorial.py took 0.048 seconds
[2022-09-20T17:36:39.905+0530] {processor.py:153} INFO - Started process (PID=33407) to work on /home/sayone/This PC/SayOne Technologies/Works/airflow_new/Airflow/venv/lib/python3.8/site-packages/airflow/example_dags/tutorial.py
[2022-09-20T17:36:39.908+0530] {processor.py:640} INFO - Processing file /home/sayone/This PC/SayOne Technologies/Works/airflow_new/Airflow/venv/lib/python3.8/site-packages/airflow/example_dags/tutorial.py for tasks to queue
[2022-09-20T17:36:39.910+0530] {logging_mixin.py:115} INFO - [2022-09-20T17:36:39.909+0530] {dagbag.py:508} INFO - Filling up the DagBag from /home/sayone/This PC/SayOne Technologies/Works/airflow_new/Airflow/venv/lib/python3.8/site-packages/airflow/example_dags/tutorial.py
[2022-09-20T17:36:39.914+0530] {processor.py:650} INFO - DAG(s) dict_keys(['tutorial']) retrieved from /home/sayone/This PC/SayOne Technologies/Works/airflow_new/Airflow/venv/lib/python3.8/site-packages/airflow/example_dags/tutorial.py
[2022-09-20T17:36:39.928+0530] {logging_mixin.py:115} INFO - [2022-09-20T17:36:39.928+0530] {dag.py:2429} INFO - Sync 1 DAGs
[2022-09-20T17:36:39.941+0530] {logging_mixin.py:115} INFO - [2022-09-20T17:36:39.941+0530] {dag.py:2977} INFO - Setting next_dagrun for tutorial to 2022-09-19T12:06:39.940659+00:00, run_after=2022-09-20T12:06:39.940659+00:00
[2022-09-20T17:36:39.960+0530] {processor.py:161} INFO - Processing /home/sayone/This PC/SayOne Technologies/Works/airflow_new/Airflow/venv/lib/python3.8/site-packages/airflow/example_dags/tutorial.py took 0.057 seconds
[2022-09-20T17:37:17.095+0530] {processor.py:153} INFO - Started process (PID=33681) to work on /home/sayone/This PC/SayOne Technologies/Works/airflow_new/Airflow/venv/lib/python3.8/site-packages/airflow/example_dags/tutorial.py
[2022-09-20T17:37:17.099+0530] {processor.py:640} INFO - Processing file /home/sayone/This PC/SayOne Technologies/Works/airflow_new/Airflow/venv/lib/python3.8/site-packages/airflow/example_dags/tutorial.py for tasks to queue
[2022-09-20T17:37:17.101+0530] {logging_mixin.py:115} INFO - [2022-09-20T17:37:17.100+0530] {dagbag.py:508} INFO - Filling up the DagBag from /home/sayone/This PC/SayOne Technologies/Works/airflow_new/Airflow/venv/lib/python3.8/site-packages/airflow/example_dags/tutorial.py
[2022-09-20T17:37:17.105+0530] {processor.py:650} INFO - DAG(s) dict_keys(['tutorial']) retrieved from /home/sayone/This PC/SayOne Technologies/Works/airflow_new/Airflow/venv/lib/python3.8/site-packages/airflow/example_dags/tutorial.py
[2022-09-20T17:37:17.117+0530] {logging_mixin.py:115} INFO - [2022-09-20T17:37:17.117+0530] {dag.py:2429} INFO - Sync 1 DAGs
[2022-09-20T17:37:17.127+0530] {logging_mixin.py:115} INFO - [2022-09-20T17:37:17.127+0530] {dag.py:2977} INFO - Setting next_dagrun for tutorial to 2022-09-19T12:07:17.126827+00:00, run_after=2022-09-20T12:07:17.126827+00:00
[2022-09-20T17:37:17.140+0530] {processor.py:161} INFO - Processing /home/sayone/This PC/SayOne Technologies/Works/airflow_new/Airflow/venv/lib/python3.8/site-packages/airflow/example_dags/tutorial.py took 0.050 seconds
[2022-09-20T17:38:05.872+0530] {processor.py:153} INFO - Started process (PID=33818) to work on /home/sayone/This PC/SayOne Technologies/Works/airflow_new/Airflow/venv/lib/python3.8/site-packages/airflow/example_dags/tutorial.py
[2022-09-20T17:38:05.873+0530] {processor.py:640} INFO - Processing file /home/sayone/This PC/SayOne Technologies/Works/airflow_new/Airflow/venv/lib/python3.8/site-packages/airflow/example_dags/tutorial.py for tasks to queue
[2022-09-20T17:38:05.873+0530] {logging_mixin.py:115} INFO - [2022-09-20T17:38:05.873+0530] {dagbag.py:508} INFO - Filling up the DagBag from /home/sayone/This PC/SayOne Technologies/Works/airflow_new/Airflow/venv/lib/python3.8/site-packages/airflow/example_dags/tutorial.py
[2022-09-20T17:38:05.879+0530] {processor.py:650} INFO - DAG(s) dict_keys(['tutorial']) retrieved from /home/sayone/This PC/SayOne Technologies/Works/airflow_new/Airflow/venv/lib/python3.8/site-packages/airflow/example_dags/tutorial.py
[2022-09-20T17:38:05.895+0530] {logging_mixin.py:115} INFO - [2022-09-20T17:38:05.895+0530] {dag.py:2429} INFO - Sync 1 DAGs
[2022-09-20T17:38:05.912+0530] {logging_mixin.py:115} INFO - [2022-09-20T17:38:05.912+0530] {dag.py:2977} INFO - Setting next_dagrun for tutorial to 2022-09-19T12:08:05.911867+00:00, run_after=2022-09-20T12:08:05.911867+00:00
[2022-09-20T17:38:05.935+0530] {processor.py:161} INFO - Processing /home/sayone/This PC/SayOne Technologies/Works/airflow_new/Airflow/venv/lib/python3.8/site-packages/airflow/example_dags/tutorial.py took 0.065 seconds
[2022-09-20T17:38:41.905+0530] {processor.py:153} INFO - Started process (PID=33876) to work on /home/sayone/This PC/SayOne Technologies/Works/airflow_new/Airflow/venv/lib/python3.8/site-packages/airflow/example_dags/tutorial.py
[2022-09-20T17:38:41.908+0530] {processor.py:640} INFO - Processing file /home/sayone/This PC/SayOne Technologies/Works/airflow_new/Airflow/venv/lib/python3.8/site-packages/airflow/example_dags/tutorial.py for tasks to queue
[2022-09-20T17:38:41.910+0530] {logging_mixin.py:115} INFO - [2022-09-20T17:38:41.909+0530] {dagbag.py:508} INFO - Filling up the DagBag from /home/sayone/This PC/SayOne Technologies/Works/airflow_new/Airflow/venv/lib/python3.8/site-packages/airflow/example_dags/tutorial.py
[2022-09-20T17:38:41.916+0530] {processor.py:650} INFO - DAG(s) dict_keys(['tutorial']) retrieved from /home/sayone/This PC/SayOne Technologies/Works/airflow_new/Airflow/venv/lib/python3.8/site-packages/airflow/example_dags/tutorial.py
[2022-09-20T17:38:41.925+0530] {logging_mixin.py:115} INFO - [2022-09-20T17:38:41.925+0530] {dag.py:2429} INFO - Sync 1 DAGs
[2022-09-20T17:38:41.937+0530] {logging_mixin.py:115} INFO - [2022-09-20T17:38:41.937+0530] {dag.py:2977} INFO - Setting next_dagrun for tutorial to 2022-09-19T12:08:41.937303+00:00, run_after=2022-09-20T12:08:41.937303+00:00
[2022-09-20T17:38:41.948+0530] {processor.py:161} INFO - Processing /home/sayone/This PC/SayOne Technologies/Works/airflow_new/Airflow/venv/lib/python3.8/site-packages/airflow/example_dags/tutorial.py took 0.047 seconds
[2022-09-20T17:39:15.653+0530] {processor.py:153} INFO - Started process (PID=33976) to work on /home/sayone/This PC/SayOne Technologies/Works/airflow_new/Airflow/venv/lib/python3.8/site-packages/airflow/example_dags/tutorial.py
[2022-09-20T17:39:15.656+0530] {processor.py:640} INFO - Processing file /home/sayone/This PC/SayOne Technologies/Works/airflow_new/Airflow/venv/lib/python3.8/site-packages/airflow/example_dags/tutorial.py for tasks to queue
[2022-09-20T17:39:15.656+0530] {logging_mixin.py:115} INFO - [2022-09-20T17:39:15.656+0530] {dagbag.py:508} INFO - Filling up the DagBag from /home/sayone/This PC/SayOne Technologies/Works/airflow_new/Airflow/venv/lib/python3.8/site-packages/airflow/example_dags/tutorial.py
[2022-09-20T17:39:15.664+0530] {processor.py:650} INFO - DAG(s) dict_keys(['tutorial']) retrieved from /home/sayone/This PC/SayOne Technologies/Works/airflow_new/Airflow/venv/lib/python3.8/site-packages/airflow/example_dags/tutorial.py
[2022-09-20T17:39:15.676+0530] {logging_mixin.py:115} INFO - [2022-09-20T17:39:15.676+0530] {dag.py:2429} INFO - Sync 1 DAGs
[2022-09-20T17:39:15.685+0530] {logging_mixin.py:115} INFO - [2022-09-20T17:39:15.685+0530] {dag.py:2977} INFO - Setting next_dagrun for tutorial to 2022-09-19T12:09:15.685329+00:00, run_after=2022-09-20T12:09:15.685329+00:00
[2022-09-20T17:39:15.693+0530] {processor.py:161} INFO - Processing /home/sayone/This PC/SayOne Technologies/Works/airflow_new/Airflow/venv/lib/python3.8/site-packages/airflow/example_dags/tutorial.py took 0.042 seconds
[2022-09-20T17:39:52.815+0530] {processor.py:153} INFO - Started process (PID=34129) to work on /home/sayone/This PC/SayOne Technologies/Works/airflow_new/Airflow/venv/lib/python3.8/site-packages/airflow/example_dags/tutorial.py
[2022-09-20T17:39:52.816+0530] {processor.py:640} INFO - Processing file /home/sayone/This PC/SayOne Technologies/Works/airflow_new/Airflow/venv/lib/python3.8/site-packages/airflow/example_dags/tutorial.py for tasks to queue
[2022-09-20T17:39:52.816+0530] {logging_mixin.py:115} INFO - [2022-09-20T17:39:52.816+0530] {dagbag.py:508} INFO - Filling up the DagBag from /home/sayone/This PC/SayOne Technologies/Works/airflow_new/Airflow/venv/lib/python3.8/site-packages/airflow/example_dags/tutorial.py
[2022-09-20T17:39:52.819+0530] {processor.py:650} INFO - DAG(s) dict_keys(['tutorial']) retrieved from /home/sayone/This PC/SayOne Technologies/Works/airflow_new/Airflow/venv/lib/python3.8/site-packages/airflow/example_dags/tutorial.py
[2022-09-20T17:39:52.827+0530] {logging_mixin.py:115} INFO - [2022-09-20T17:39:52.827+0530] {dag.py:2429} INFO - Sync 1 DAGs
[2022-09-20T17:39:52.837+0530] {logging_mixin.py:115} INFO - [2022-09-20T17:39:52.837+0530] {dag.py:2977} INFO - Setting next_dagrun for tutorial to 2022-09-19T12:09:52.836993+00:00, run_after=2022-09-20T12:09:52.836993+00:00
[2022-09-20T17:39:52.845+0530] {processor.py:161} INFO - Processing /home/sayone/This PC/SayOne Technologies/Works/airflow_new/Airflow/venv/lib/python3.8/site-packages/airflow/example_dags/tutorial.py took 0.032 seconds
[2022-09-20T17:40:28.555+0530] {processor.py:153} INFO - Started process (PID=34229) to work on /home/sayone/This PC/SayOne Technologies/Works/airflow_new/Airflow/venv/lib/python3.8/site-packages/airflow/example_dags/tutorial.py
[2022-09-20T17:40:28.558+0530] {processor.py:640} INFO - Processing file /home/sayone/This PC/SayOne Technologies/Works/airflow_new/Airflow/venv/lib/python3.8/site-packages/airflow/example_dags/tutorial.py for tasks to queue
[2022-09-20T17:40:28.559+0530] {logging_mixin.py:115} INFO - [2022-09-20T17:40:28.559+0530] {dagbag.py:508} INFO - Filling up the DagBag from /home/sayone/This PC/SayOne Technologies/Works/airflow_new/Airflow/venv/lib/python3.8/site-packages/airflow/example_dags/tutorial.py
[2022-09-20T17:40:28.565+0530] {processor.py:650} INFO - DAG(s) dict_keys(['tutorial']) retrieved from /home/sayone/This PC/SayOne Technologies/Works/airflow_new/Airflow/venv/lib/python3.8/site-packages/airflow/example_dags/tutorial.py
[2022-09-20T17:40:28.577+0530] {logging_mixin.py:115} INFO - [2022-09-20T17:40:28.577+0530] {dag.py:2429} INFO - Sync 1 DAGs
[2022-09-20T17:40:28.588+0530] {logging_mixin.py:115} INFO - [2022-09-20T17:40:28.588+0530] {dag.py:2977} INFO - Setting next_dagrun for tutorial to 2022-09-19T12:10:28.588046+00:00, run_after=2022-09-20T12:10:28.588046+00:00
[2022-09-20T17:40:28.598+0530] {processor.py:161} INFO - Processing /home/sayone/This PC/SayOne Technologies/Works/airflow_new/Airflow/venv/lib/python3.8/site-packages/airflow/example_dags/tutorial.py took 0.046 seconds
[2022-09-20T17:41:04.785+0530] {processor.py:153} INFO - Started process (PID=34388) to work on /home/sayone/This PC/SayOne Technologies/Works/airflow_new/Airflow/venv/lib/python3.8/site-packages/airflow/example_dags/tutorial.py
[2022-09-20T17:41:04.788+0530] {processor.py:640} INFO - Processing file /home/sayone/This PC/SayOne Technologies/Works/airflow_new/Airflow/venv/lib/python3.8/site-packages/airflow/example_dags/tutorial.py for tasks to queue
[2022-09-20T17:41:04.788+0530] {logging_mixin.py:115} INFO - [2022-09-20T17:41:04.788+0530] {dagbag.py:508} INFO - Filling up the DagBag from /home/sayone/This PC/SayOne Technologies/Works/airflow_new/Airflow/venv/lib/python3.8/site-packages/airflow/example_dags/tutorial.py
[2022-09-20T17:41:04.793+0530] {processor.py:650} INFO - DAG(s) dict_keys(['tutorial']) retrieved from /home/sayone/This PC/SayOne Technologies/Works/airflow_new/Airflow/venv/lib/python3.8/site-packages/airflow/example_dags/tutorial.py
[2022-09-20T17:41:04.806+0530] {logging_mixin.py:115} INFO - [2022-09-20T17:41:04.806+0530] {dag.py:2429} INFO - Sync 1 DAGs
[2022-09-20T17:41:04.822+0530] {logging_mixin.py:115} INFO - [2022-09-20T17:41:04.822+0530] {dag.py:2977} INFO - Setting next_dagrun for tutorial to 2022-09-19T12:11:04.821885+00:00, run_after=2022-09-20T12:11:04.821885+00:00
[2022-09-20T17:41:04.836+0530] {processor.py:161} INFO - Processing /home/sayone/This PC/SayOne Technologies/Works/airflow_new/Airflow/venv/lib/python3.8/site-packages/airflow/example_dags/tutorial.py took 0.053 seconds
[2022-09-20T17:42:03.213+0530] {processor.py:153} INFO - Started process (PID=34542) to work on /home/sayone/This PC/SayOne Technologies/Works/airflow_new/Airflow/venv/lib/python3.8/site-packages/airflow/example_dags/tutorial.py
[2022-09-20T17:42:03.216+0530] {processor.py:640} INFO - Processing file /home/sayone/This PC/SayOne Technologies/Works/airflow_new/Airflow/venv/lib/python3.8/site-packages/airflow/example_dags/tutorial.py for tasks to queue
[2022-09-20T17:42:03.216+0530] {logging_mixin.py:115} INFO - [2022-09-20T17:42:03.216+0530] {dagbag.py:508} INFO - Filling up the DagBag from /home/sayone/This PC/SayOne Technologies/Works/airflow_new/Airflow/venv/lib/python3.8/site-packages/airflow/example_dags/tutorial.py
[2022-09-20T17:42:03.219+0530] {processor.py:650} INFO - DAG(s) dict_keys(['tutorial']) retrieved from /home/sayone/This PC/SayOne Technologies/Works/airflow_new/Airflow/venv/lib/python3.8/site-packages/airflow/example_dags/tutorial.py
[2022-09-20T17:42:03.237+0530] {logging_mixin.py:115} INFO - [2022-09-20T17:42:03.237+0530] {dag.py:2429} INFO - Sync 1 DAGs
[2022-09-20T17:42:03.252+0530] {logging_mixin.py:115} INFO - [2022-09-20T17:42:03.252+0530] {dag.py:2977} INFO - Setting next_dagrun for tutorial to 2022-09-19T12:12:03.251814+00:00, run_after=2022-09-20T12:12:03.251814+00:00
[2022-09-20T17:42:03.265+0530] {processor.py:161} INFO - Processing /home/sayone/This PC/SayOne Technologies/Works/airflow_new/Airflow/venv/lib/python3.8/site-packages/airflow/example_dags/tutorial.py took 0.053 seconds
[2022-09-20T17:45:32.918+0530] {processor.py:153} INFO - Started process (PID=34934) to work on /home/sayone/This PC/SayOne Technologies/Works/airflow_new/Airflow/venv/lib/python3.8/site-packages/airflow/example_dags/tutorial.py
[2022-09-20T17:45:32.920+0530] {processor.py:640} INFO - Processing file /home/sayone/This PC/SayOne Technologies/Works/airflow_new/Airflow/venv/lib/python3.8/site-packages/airflow/example_dags/tutorial.py for tasks to queue
[2022-09-20T17:45:32.920+0530] {logging_mixin.py:115} INFO - [2022-09-20T17:45:32.920+0530] {dagbag.py:508} INFO - Filling up the DagBag from /home/sayone/This PC/SayOne Technologies/Works/airflow_new/Airflow/venv/lib/python3.8/site-packages/airflow/example_dags/tutorial.py
[2022-09-20T17:45:32.924+0530] {processor.py:650} INFO - DAG(s) dict_keys(['tutorial']) retrieved from /home/sayone/This PC/SayOne Technologies/Works/airflow_new/Airflow/venv/lib/python3.8/site-packages/airflow/example_dags/tutorial.py
[2022-09-20T17:45:32.936+0530] {logging_mixin.py:115} INFO - [2022-09-20T17:45:32.935+0530] {dag.py:2429} INFO - Sync 1 DAGs
[2022-09-20T17:45:32.947+0530] {logging_mixin.py:115} INFO - [2022-09-20T17:45:32.947+0530] {dag.py:2977} INFO - Setting next_dagrun for tutorial to 2022-09-19T12:15:32.947702+00:00, run_after=2022-09-20T12:15:32.947702+00:00
[2022-09-20T17:45:32.956+0530] {processor.py:161} INFO - Processing /home/sayone/This PC/SayOne Technologies/Works/airflow_new/Airflow/venv/lib/python3.8/site-packages/airflow/example_dags/tutorial.py took 0.040 seconds
[2022-09-20T17:46:29.046+0530] {processor.py:153} INFO - Started process (PID=35070) to work on /home/sayone/This PC/SayOne Technologies/Works/airflow_new/Airflow/venv/lib/python3.8/site-packages/airflow/example_dags/tutorial.py
[2022-09-20T17:46:29.048+0530] {processor.py:640} INFO - Processing file /home/sayone/This PC/SayOne Technologies/Works/airflow_new/Airflow/venv/lib/python3.8/site-packages/airflow/example_dags/tutorial.py for tasks to queue
[2022-09-20T17:46:29.049+0530] {logging_mixin.py:115} INFO - [2022-09-20T17:46:29.049+0530] {dagbag.py:508} INFO - Filling up the DagBag from /home/sayone/This PC/SayOne Technologies/Works/airflow_new/Airflow/venv/lib/python3.8/site-packages/airflow/example_dags/tutorial.py
[2022-09-20T17:46:29.057+0530] {processor.py:650} INFO - DAG(s) dict_keys(['tutorial']) retrieved from /home/sayone/This PC/SayOne Technologies/Works/airflow_new/Airflow/venv/lib/python3.8/site-packages/airflow/example_dags/tutorial.py
[2022-09-20T17:46:29.068+0530] {logging_mixin.py:115} INFO - [2022-09-20T17:46:29.068+0530] {dag.py:2429} INFO - Sync 1 DAGs
[2022-09-20T17:46:29.077+0530] {logging_mixin.py:115} INFO - [2022-09-20T17:46:29.077+0530] {dag.py:2977} INFO - Setting next_dagrun for tutorial to 2022-09-19T12:16:29.077756+00:00, run_after=2022-09-20T12:16:29.077756+00:00
[2022-09-20T17:46:29.085+0530] {processor.py:161} INFO - Processing /home/sayone/This PC/SayOne Technologies/Works/airflow_new/Airflow/venv/lib/python3.8/site-packages/airflow/example_dags/tutorial.py took 0.042 seconds
[2022-09-20T17:47:03.418+0530] {processor.py:153} INFO - Started process (PID=35303) to work on /home/sayone/This PC/SayOne Technologies/Works/airflow_new/Airflow/venv/lib/python3.8/site-packages/airflow/example_dags/tutorial.py
[2022-09-20T17:47:03.421+0530] {processor.py:640} INFO - Processing file /home/sayone/This PC/SayOne Technologies/Works/airflow_new/Airflow/venv/lib/python3.8/site-packages/airflow/example_dags/tutorial.py for tasks to queue
[2022-09-20T17:47:03.422+0530] {logging_mixin.py:115} INFO - [2022-09-20T17:47:03.422+0530] {dagbag.py:508} INFO - Filling up the DagBag from /home/sayone/This PC/SayOne Technologies/Works/airflow_new/Airflow/venv/lib/python3.8/site-packages/airflow/example_dags/tutorial.py
[2022-09-20T17:47:03.429+0530] {processor.py:650} INFO - DAG(s) dict_keys(['tutorial']) retrieved from /home/sayone/This PC/SayOne Technologies/Works/airflow_new/Airflow/venv/lib/python3.8/site-packages/airflow/example_dags/tutorial.py
[2022-09-20T17:47:03.444+0530] {logging_mixin.py:115} INFO - [2022-09-20T17:47:03.444+0530] {dag.py:2429} INFO - Sync 1 DAGs
[2022-09-20T17:47:03.458+0530] {logging_mixin.py:115} INFO - [2022-09-20T17:47:03.458+0530] {dag.py:2977} INFO - Setting next_dagrun for tutorial to 2022-09-19T12:17:03.457856+00:00, run_after=2022-09-20T12:17:03.457856+00:00
[2022-09-20T17:47:03.468+0530] {processor.py:161} INFO - Processing /home/sayone/This PC/SayOne Technologies/Works/airflow_new/Airflow/venv/lib/python3.8/site-packages/airflow/example_dags/tutorial.py took 0.055 seconds
[2022-09-20T17:47:41.158+0530] {processor.py:153} INFO - Started process (PID=35403) to work on /home/sayone/This PC/SayOne Technologies/Works/airflow_new/Airflow/venv/lib/python3.8/site-packages/airflow/example_dags/tutorial.py
[2022-09-20T17:47:41.161+0530] {processor.py:640} INFO - Processing file /home/sayone/This PC/SayOne Technologies/Works/airflow_new/Airflow/venv/lib/python3.8/site-packages/airflow/example_dags/tutorial.py for tasks to queue
[2022-09-20T17:47:41.162+0530] {logging_mixin.py:115} INFO - [2022-09-20T17:47:41.161+0530] {dagbag.py:508} INFO - Filling up the DagBag from /home/sayone/This PC/SayOne Technologies/Works/airflow_new/Airflow/venv/lib/python3.8/site-packages/airflow/example_dags/tutorial.py
[2022-09-20T17:47:41.169+0530] {processor.py:650} INFO - DAG(s) dict_keys(['tutorial']) retrieved from /home/sayone/This PC/SayOne Technologies/Works/airflow_new/Airflow/venv/lib/python3.8/site-packages/airflow/example_dags/tutorial.py
[2022-09-20T17:47:41.179+0530] {logging_mixin.py:115} INFO - [2022-09-20T17:47:41.179+0530] {dag.py:2429} INFO - Sync 1 DAGs
[2022-09-20T17:47:41.189+0530] {logging_mixin.py:115} INFO - [2022-09-20T17:47:41.188+0530] {dag.py:2977} INFO - Setting next_dagrun for tutorial to 2022-09-19T12:17:41.188776+00:00, run_after=2022-09-20T12:17:41.188776+00:00
[2022-09-20T17:47:41.197+0530] {processor.py:161} INFO - Processing /home/sayone/This PC/SayOne Technologies/Works/airflow_new/Airflow/venv/lib/python3.8/site-packages/airflow/example_dags/tutorial.py took 0.044 seconds
[2022-09-20T17:48:18.333+0530] {processor.py:153} INFO - Started process (PID=35506) to work on /home/sayone/This PC/SayOne Technologies/Works/airflow_new/Airflow/venv/lib/python3.8/site-packages/airflow/example_dags/tutorial.py
[2022-09-20T17:48:18.335+0530] {processor.py:640} INFO - Processing file /home/sayone/This PC/SayOne Technologies/Works/airflow_new/Airflow/venv/lib/python3.8/site-packages/airflow/example_dags/tutorial.py for tasks to queue
[2022-09-20T17:48:18.335+0530] {logging_mixin.py:115} INFO - [2022-09-20T17:48:18.335+0530] {dagbag.py:508} INFO - Filling up the DagBag from /home/sayone/This PC/SayOne Technologies/Works/airflow_new/Airflow/venv/lib/python3.8/site-packages/airflow/example_dags/tutorial.py
[2022-09-20T17:48:18.343+0530] {processor.py:650} INFO - DAG(s) dict_keys(['tutorial']) retrieved from /home/sayone/This PC/SayOne Technologies/Works/airflow_new/Airflow/venv/lib/python3.8/site-packages/airflow/example_dags/tutorial.py
[2022-09-20T17:48:18.354+0530] {logging_mixin.py:115} INFO - [2022-09-20T17:48:18.354+0530] {dag.py:2429} INFO - Sync 1 DAGs
[2022-09-20T17:48:18.363+0530] {logging_mixin.py:115} INFO - [2022-09-20T17:48:18.363+0530] {dag.py:2977} INFO - Setting next_dagrun for tutorial to 2022-09-19T12:18:18.363228+00:00, run_after=2022-09-20T12:18:18.363228+00:00
[2022-09-20T17:48:18.371+0530] {processor.py:161} INFO - Processing /home/sayone/This PC/SayOne Technologies/Works/airflow_new/Airflow/venv/lib/python3.8/site-packages/airflow/example_dags/tutorial.py took 0.042 seconds
[2022-09-20T17:48:55.408+0530] {processor.py:153} INFO - Started process (PID=35631) to work on /home/sayone/This PC/SayOne Technologies/Works/airflow_new/Airflow/venv/lib/python3.8/site-packages/airflow/example_dags/tutorial.py
[2022-09-20T17:48:55.410+0530] {processor.py:640} INFO - Processing file /home/sayone/This PC/SayOne Technologies/Works/airflow_new/Airflow/venv/lib/python3.8/site-packages/airflow/example_dags/tutorial.py for tasks to queue
[2022-09-20T17:48:55.411+0530] {logging_mixin.py:115} INFO - [2022-09-20T17:48:55.410+0530] {dagbag.py:508} INFO - Filling up the DagBag from /home/sayone/This PC/SayOne Technologies/Works/airflow_new/Airflow/venv/lib/python3.8/site-packages/airflow/example_dags/tutorial.py
[2022-09-20T17:48:55.414+0530] {processor.py:650} INFO - DAG(s) dict_keys(['tutorial']) retrieved from /home/sayone/This PC/SayOne Technologies/Works/airflow_new/Airflow/venv/lib/python3.8/site-packages/airflow/example_dags/tutorial.py
[2022-09-20T17:48:55.423+0530] {logging_mixin.py:115} INFO - [2022-09-20T17:48:55.423+0530] {dag.py:2429} INFO - Sync 1 DAGs
[2022-09-20T17:48:55.432+0530] {logging_mixin.py:115} INFO - [2022-09-20T17:48:55.432+0530] {dag.py:2977} INFO - Setting next_dagrun for tutorial to 2022-09-19T12:18:55.432502+00:00, run_after=2022-09-20T12:18:55.432502+00:00
[2022-09-20T17:48:55.441+0530] {processor.py:161} INFO - Processing /home/sayone/This PC/SayOne Technologies/Works/airflow_new/Airflow/venv/lib/python3.8/site-packages/airflow/example_dags/tutorial.py took 0.034 seconds
[2022-09-20T17:49:32.404+0530] {processor.py:153} INFO - Started process (PID=35704) to work on /home/sayone/This PC/SayOne Technologies/Works/airflow_new/Airflow/venv/lib/python3.8/site-packages/airflow/example_dags/tutorial.py
[2022-09-20T17:49:32.407+0530] {processor.py:640} INFO - Processing file /home/sayone/This PC/SayOne Technologies/Works/airflow_new/Airflow/venv/lib/python3.8/site-packages/airflow/example_dags/tutorial.py for tasks to queue
[2022-09-20T17:49:32.408+0530] {logging_mixin.py:115} INFO - [2022-09-20T17:49:32.408+0530] {dagbag.py:508} INFO - Filling up the DagBag from /home/sayone/This PC/SayOne Technologies/Works/airflow_new/Airflow/venv/lib/python3.8/site-packages/airflow/example_dags/tutorial.py
[2022-09-20T17:49:32.415+0530] {processor.py:650} INFO - DAG(s) dict_keys(['tutorial']) retrieved from /home/sayone/This PC/SayOne Technologies/Works/airflow_new/Airflow/venv/lib/python3.8/site-packages/airflow/example_dags/tutorial.py
[2022-09-20T17:49:32.424+0530] {logging_mixin.py:115} INFO - [2022-09-20T17:49:32.424+0530] {dag.py:2429} INFO - Sync 1 DAGs
[2022-09-20T17:49:32.434+0530] {logging_mixin.py:115} INFO - [2022-09-20T17:49:32.434+0530] {dag.py:2977} INFO - Setting next_dagrun for tutorial to 2022-09-19T12:19:32.434080+00:00, run_after=2022-09-20T12:19:32.434080+00:00
[2022-09-20T17:49:32.442+0530] {processor.py:161} INFO - Processing /home/sayone/This PC/SayOne Technologies/Works/airflow_new/Airflow/venv/lib/python3.8/site-packages/airflow/example_dags/tutorial.py took 0.041 seconds
[2022-09-20T17:50:09.536+0530] {processor.py:153} INFO - Started process (PID=35810) to work on /home/sayone/This PC/SayOne Technologies/Works/airflow_new/Airflow/venv/lib/python3.8/site-packages/airflow/example_dags/tutorial.py
[2022-09-20T17:50:09.539+0530] {processor.py:640} INFO - Processing file /home/sayone/This PC/SayOne Technologies/Works/airflow_new/Airflow/venv/lib/python3.8/site-packages/airflow/example_dags/tutorial.py for tasks to queue
[2022-09-20T17:50:09.540+0530] {logging_mixin.py:115} INFO - [2022-09-20T17:50:09.540+0530] {dagbag.py:508} INFO - Filling up the DagBag from /home/sayone/This PC/SayOne Technologies/Works/airflow_new/Airflow/venv/lib/python3.8/site-packages/airflow/example_dags/tutorial.py
[2022-09-20T17:50:09.546+0530] {processor.py:650} INFO - DAG(s) dict_keys(['tutorial']) retrieved from /home/sayone/This PC/SayOne Technologies/Works/airflow_new/Airflow/venv/lib/python3.8/site-packages/airflow/example_dags/tutorial.py
[2022-09-20T17:50:09.556+0530] {logging_mixin.py:115} INFO - [2022-09-20T17:50:09.556+0530] {dag.py:2429} INFO - Sync 1 DAGs
[2022-09-20T17:50:09.566+0530] {logging_mixin.py:115} INFO - [2022-09-20T17:50:09.566+0530] {dag.py:2977} INFO - Setting next_dagrun for tutorial to 2022-09-19T12:20:09.566468+00:00, run_after=2022-09-20T12:20:09.566468+00:00
[2022-09-20T17:50:09.575+0530] {processor.py:161} INFO - Processing /home/sayone/This PC/SayOne Technologies/Works/airflow_new/Airflow/venv/lib/python3.8/site-packages/airflow/example_dags/tutorial.py took 0.042 seconds
[2022-09-20T17:50:45.502+0530] {processor.py:153} INFO - Started process (PID=35880) to work on /home/sayone/This PC/SayOne Technologies/Works/airflow_new/Airflow/venv/lib/python3.8/site-packages/airflow/example_dags/tutorial.py
[2022-09-20T17:50:45.504+0530] {processor.py:640} INFO - Processing file /home/sayone/This PC/SayOne Technologies/Works/airflow_new/Airflow/venv/lib/python3.8/site-packages/airflow/example_dags/tutorial.py for tasks to queue
[2022-09-20T17:50:45.505+0530] {logging_mixin.py:115} INFO - [2022-09-20T17:50:45.505+0530] {dagbag.py:508} INFO - Filling up the DagBag from /home/sayone/This PC/SayOne Technologies/Works/airflow_new/Airflow/venv/lib/python3.8/site-packages/airflow/example_dags/tutorial.py
[2022-09-20T17:50:45.510+0530] {processor.py:650} INFO - DAG(s) dict_keys(['tutorial']) retrieved from /home/sayone/This PC/SayOne Technologies/Works/airflow_new/Airflow/venv/lib/python3.8/site-packages/airflow/example_dags/tutorial.py
[2022-09-20T17:50:45.522+0530] {logging_mixin.py:115} INFO - [2022-09-20T17:50:45.522+0530] {dag.py:2429} INFO - Sync 1 DAGs
[2022-09-20T17:50:45.531+0530] {logging_mixin.py:115} INFO - [2022-09-20T17:50:45.531+0530] {dag.py:2977} INFO - Setting next_dagrun for tutorial to 2022-09-19T12:20:45.531541+00:00, run_after=2022-09-20T12:20:45.531541+00:00
[2022-09-20T17:50:45.540+0530] {processor.py:161} INFO - Processing /home/sayone/This PC/SayOne Technologies/Works/airflow_new/Airflow/venv/lib/python3.8/site-packages/airflow/example_dags/tutorial.py took 0.040 seconds
[2022-09-20T17:51:21.665+0530] {processor.py:153} INFO - Started process (PID=35986) to work on /home/sayone/This PC/SayOne Technologies/Works/airflow_new/Airflow/venv/lib/python3.8/site-packages/airflow/example_dags/tutorial.py
[2022-09-20T17:51:21.668+0530] {processor.py:640} INFO - Processing file /home/sayone/This PC/SayOne Technologies/Works/airflow_new/Airflow/venv/lib/python3.8/site-packages/airflow/example_dags/tutorial.py for tasks to queue
[2022-09-20T17:51:21.669+0530] {logging_mixin.py:115} INFO - [2022-09-20T17:51:21.669+0530] {dagbag.py:508} INFO - Filling up the DagBag from /home/sayone/This PC/SayOne Technologies/Works/airflow_new/Airflow/venv/lib/python3.8/site-packages/airflow/example_dags/tutorial.py
[2022-09-20T17:51:21.676+0530] {processor.py:650} INFO - DAG(s) dict_keys(['tutorial']) retrieved from /home/sayone/This PC/SayOne Technologies/Works/airflow_new/Airflow/venv/lib/python3.8/site-packages/airflow/example_dags/tutorial.py
[2022-09-20T17:51:21.688+0530] {logging_mixin.py:115} INFO - [2022-09-20T17:51:21.688+0530] {dag.py:2429} INFO - Sync 1 DAGs
[2022-09-20T17:51:21.703+0530] {logging_mixin.py:115} INFO - [2022-09-20T17:51:21.703+0530] {dag.py:2977} INFO - Setting next_dagrun for tutorial to 2022-09-19T12:21:21.703291+00:00, run_after=2022-09-20T12:21:21.703291+00:00
[2022-09-20T17:51:21.715+0530] {processor.py:161} INFO - Processing /home/sayone/This PC/SayOne Technologies/Works/airflow_new/Airflow/venv/lib/python3.8/site-packages/airflow/example_dags/tutorial.py took 0.054 seconds
[2022-09-20T17:52:00.238+0530] {processor.py:153} INFO - Started process (PID=36085) to work on /home/sayone/This PC/SayOne Technologies/Works/airflow_new/Airflow/venv/lib/python3.8/site-packages/airflow/example_dags/tutorial.py
[2022-09-20T17:52:00.240+0530] {processor.py:640} INFO - Processing file /home/sayone/This PC/SayOne Technologies/Works/airflow_new/Airflow/venv/lib/python3.8/site-packages/airflow/example_dags/tutorial.py for tasks to queue
[2022-09-20T17:52:00.241+0530] {logging_mixin.py:115} INFO - [2022-09-20T17:52:00.241+0530] {dagbag.py:508} INFO - Filling up the DagBag from /home/sayone/This PC/SayOne Technologies/Works/airflow_new/Airflow/venv/lib/python3.8/site-packages/airflow/example_dags/tutorial.py
[2022-09-20T17:52:00.248+0530] {processor.py:650} INFO - DAG(s) dict_keys(['tutorial']) retrieved from /home/sayone/This PC/SayOne Technologies/Works/airflow_new/Airflow/venv/lib/python3.8/site-packages/airflow/example_dags/tutorial.py
[2022-09-20T17:52:00.259+0530] {logging_mixin.py:115} INFO - [2022-09-20T17:52:00.259+0530] {dag.py:2429} INFO - Sync 1 DAGs
[2022-09-20T17:52:00.269+0530] {logging_mixin.py:115} INFO - [2022-09-20T17:52:00.269+0530] {dag.py:2977} INFO - Setting next_dagrun for tutorial to 2022-09-19T12:22:00.269309+00:00, run_after=2022-09-20T12:22:00.269309+00:00
[2022-09-20T17:52:00.278+0530] {processor.py:161} INFO - Processing /home/sayone/This PC/SayOne Technologies/Works/airflow_new/Airflow/venv/lib/python3.8/site-packages/airflow/example_dags/tutorial.py took 0.043 seconds
