[2022-09-20T17:16:36.107+0530] {processor.py:153} INFO - Started process (PID=28588) to work on /home/sayone/This PC/SayOne Technologies/Works/airflow_new/Airflow/venv/lib/python3.8/site-packages/airflow/example_dags/tutorial_etl_dag.py
[2022-09-20T17:16:36.108+0530] {processor.py:640} INFO - Processing file /home/sayone/This PC/SayOne Technologies/Works/airflow_new/Airflow/venv/lib/python3.8/site-packages/airflow/example_dags/tutorial_etl_dag.py for tasks to queue
[2022-09-20T17:16:36.109+0530] {logging_mixin.py:115} INFO - [2022-09-20T17:16:36.109+0530] {dagbag.py:508} INFO - Filling up the DagBag from /home/sayone/This PC/SayOne Technologies/Works/airflow_new/Airflow/venv/lib/python3.8/site-packages/airflow/example_dags/tutorial_etl_dag.py
[2022-09-20T17:16:36.114+0530] {processor.py:650} INFO - DAG(s) dict_keys(['tutorial_etl_dag']) retrieved from /home/sayone/This PC/SayOne Technologies/Works/airflow_new/Airflow/venv/lib/python3.8/site-packages/airflow/example_dags/tutorial_etl_dag.py
[2022-09-20T17:16:36.159+0530] {logging_mixin.py:115} INFO - [2022-09-20T17:16:36.159+0530] {manager.py:508} INFO - Created Permission View: can edit on DAG:tutorial_etl_dag
[2022-09-20T17:16:36.168+0530] {logging_mixin.py:115} INFO - [2022-09-20T17:16:36.168+0530] {manager.py:508} INFO - Created Permission View: can read on DAG:tutorial_etl_dag
[2022-09-20T17:16:36.175+0530] {logging_mixin.py:115} INFO - [2022-09-20T17:16:36.175+0530] {manager.py:508} INFO - Created Permission View: can delete on DAG:tutorial_etl_dag
[2022-09-20T17:16:36.175+0530] {logging_mixin.py:115} INFO - [2022-09-20T17:16:36.175+0530] {dag.py:2429} INFO - Sync 1 DAGs
[2022-09-20T17:16:36.180+0530] {logging_mixin.py:115} INFO - [2022-09-20T17:16:36.180+0530] {dag.py:2448} INFO - Creating ORM DAG for tutorial_etl_dag
[2022-09-20T17:16:36.186+0530] {logging_mixin.py:115} INFO - [2022-09-20T17:16:36.186+0530] {dag.py:2977} INFO - Setting next_dagrun for tutorial_etl_dag to None, run_after=None
[2022-09-20T17:16:36.197+0530] {processor.py:161} INFO - Processing /home/sayone/This PC/SayOne Technologies/Works/airflow_new/Airflow/venv/lib/python3.8/site-packages/airflow/example_dags/tutorial_etl_dag.py took 0.093 seconds
[2022-09-20T17:17:14.874+0530] {processor.py:153} INFO - Started process (PID=28830) to work on /home/sayone/This PC/SayOne Technologies/Works/airflow_new/Airflow/venv/lib/python3.8/site-packages/airflow/example_dags/tutorial_etl_dag.py
[2022-09-20T17:17:14.877+0530] {processor.py:640} INFO - Processing file /home/sayone/This PC/SayOne Technologies/Works/airflow_new/Airflow/venv/lib/python3.8/site-packages/airflow/example_dags/tutorial_etl_dag.py for tasks to queue
[2022-09-20T17:17:14.877+0530] {logging_mixin.py:115} INFO - [2022-09-20T17:17:14.877+0530] {dagbag.py:508} INFO - Filling up the DagBag from /home/sayone/This PC/SayOne Technologies/Works/airflow_new/Airflow/venv/lib/python3.8/site-packages/airflow/example_dags/tutorial_etl_dag.py
[2022-09-20T17:17:14.883+0530] {processor.py:650} INFO - DAG(s) dict_keys(['tutorial_etl_dag']) retrieved from /home/sayone/This PC/SayOne Technologies/Works/airflow_new/Airflow/venv/lib/python3.8/site-packages/airflow/example_dags/tutorial_etl_dag.py
[2022-09-20T17:17:14.895+0530] {logging_mixin.py:115} INFO - [2022-09-20T17:17:14.895+0530] {dag.py:2429} INFO - Sync 1 DAGs
[2022-09-20T17:17:14.909+0530] {logging_mixin.py:115} INFO - [2022-09-20T17:17:14.908+0530] {dag.py:2977} INFO - Setting next_dagrun for tutorial_etl_dag to None, run_after=None
[2022-09-20T17:17:14.922+0530] {processor.py:161} INFO - Processing /home/sayone/This PC/SayOne Technologies/Works/airflow_new/Airflow/venv/lib/python3.8/site-packages/airflow/example_dags/tutorial_etl_dag.py took 0.050 seconds
[2022-09-20T17:17:49.277+0530] {processor.py:153} INFO - Started process (PID=29003) to work on /home/sayone/This PC/SayOne Technologies/Works/airflow_new/Airflow/venv/lib/python3.8/site-packages/airflow/example_dags/tutorial_etl_dag.py
[2022-09-20T17:17:49.280+0530] {processor.py:640} INFO - Processing file /home/sayone/This PC/SayOne Technologies/Works/airflow_new/Airflow/venv/lib/python3.8/site-packages/airflow/example_dags/tutorial_etl_dag.py for tasks to queue
[2022-09-20T17:17:49.280+0530] {logging_mixin.py:115} INFO - [2022-09-20T17:17:49.280+0530] {dagbag.py:508} INFO - Filling up the DagBag from /home/sayone/This PC/SayOne Technologies/Works/airflow_new/Airflow/venv/lib/python3.8/site-packages/airflow/example_dags/tutorial_etl_dag.py
[2022-09-20T17:17:49.287+0530] {processor.py:650} INFO - DAG(s) dict_keys(['tutorial_etl_dag']) retrieved from /home/sayone/This PC/SayOne Technologies/Works/airflow_new/Airflow/venv/lib/python3.8/site-packages/airflow/example_dags/tutorial_etl_dag.py
[2022-09-20T17:17:49.296+0530] {logging_mixin.py:115} INFO - [2022-09-20T17:17:49.296+0530] {dag.py:2429} INFO - Sync 1 DAGs
[2022-09-20T17:17:49.307+0530] {logging_mixin.py:115} INFO - [2022-09-20T17:17:49.307+0530] {dag.py:2977} INFO - Setting next_dagrun for tutorial_etl_dag to None, run_after=None
[2022-09-20T17:17:49.319+0530] {processor.py:161} INFO - Processing /home/sayone/This PC/SayOne Technologies/Works/airflow_new/Airflow/venv/lib/python3.8/site-packages/airflow/example_dags/tutorial_etl_dag.py took 0.045 seconds
[2022-09-20T17:18:25.203+0530] {processor.py:153} INFO - Started process (PID=29154) to work on /home/sayone/This PC/SayOne Technologies/Works/airflow_new/Airflow/venv/lib/python3.8/site-packages/airflow/example_dags/tutorial_etl_dag.py
[2022-09-20T17:18:25.205+0530] {processor.py:640} INFO - Processing file /home/sayone/This PC/SayOne Technologies/Works/airflow_new/Airflow/venv/lib/python3.8/site-packages/airflow/example_dags/tutorial_etl_dag.py for tasks to queue
[2022-09-20T17:18:25.206+0530] {logging_mixin.py:115} INFO - [2022-09-20T17:18:25.206+0530] {dagbag.py:508} INFO - Filling up the DagBag from /home/sayone/This PC/SayOne Technologies/Works/airflow_new/Airflow/venv/lib/python3.8/site-packages/airflow/example_dags/tutorial_etl_dag.py
[2022-09-20T17:18:25.211+0530] {processor.py:650} INFO - DAG(s) dict_keys(['tutorial_etl_dag']) retrieved from /home/sayone/This PC/SayOne Technologies/Works/airflow_new/Airflow/venv/lib/python3.8/site-packages/airflow/example_dags/tutorial_etl_dag.py
[2022-09-20T17:18:25.222+0530] {logging_mixin.py:115} INFO - [2022-09-20T17:18:25.222+0530] {dag.py:2429} INFO - Sync 1 DAGs
[2022-09-20T17:18:25.233+0530] {logging_mixin.py:115} INFO - [2022-09-20T17:18:25.233+0530] {dag.py:2977} INFO - Setting next_dagrun for tutorial_etl_dag to None, run_after=None
[2022-09-20T17:18:25.242+0530] {processor.py:161} INFO - Processing /home/sayone/This PC/SayOne Technologies/Works/airflow_new/Airflow/venv/lib/python3.8/site-packages/airflow/example_dags/tutorial_etl_dag.py took 0.041 seconds
[2022-09-20T17:19:00.158+0530] {processor.py:153} INFO - Started process (PID=29283) to work on /home/sayone/This PC/SayOne Technologies/Works/airflow_new/Airflow/venv/lib/python3.8/site-packages/airflow/example_dags/tutorial_etl_dag.py
[2022-09-20T17:19:00.160+0530] {processor.py:640} INFO - Processing file /home/sayone/This PC/SayOne Technologies/Works/airflow_new/Airflow/venv/lib/python3.8/site-packages/airflow/example_dags/tutorial_etl_dag.py for tasks to queue
[2022-09-20T17:19:00.161+0530] {logging_mixin.py:115} INFO - [2022-09-20T17:19:00.161+0530] {dagbag.py:508} INFO - Filling up the DagBag from /home/sayone/This PC/SayOne Technologies/Works/airflow_new/Airflow/venv/lib/python3.8/site-packages/airflow/example_dags/tutorial_etl_dag.py
[2022-09-20T17:19:00.166+0530] {processor.py:650} INFO - DAG(s) dict_keys(['tutorial_etl_dag']) retrieved from /home/sayone/This PC/SayOne Technologies/Works/airflow_new/Airflow/venv/lib/python3.8/site-packages/airflow/example_dags/tutorial_etl_dag.py
[2022-09-20T17:19:00.177+0530] {logging_mixin.py:115} INFO - [2022-09-20T17:19:00.177+0530] {dag.py:2429} INFO - Sync 1 DAGs
[2022-09-20T17:19:00.193+0530] {logging_mixin.py:115} INFO - [2022-09-20T17:19:00.193+0530] {dag.py:2977} INFO - Setting next_dagrun for tutorial_etl_dag to None, run_after=None
[2022-09-20T17:19:00.205+0530] {processor.py:161} INFO - Processing /home/sayone/This PC/SayOne Technologies/Works/airflow_new/Airflow/venv/lib/python3.8/site-packages/airflow/example_dags/tutorial_etl_dag.py took 0.049 seconds
[2022-09-20T17:19:35.025+0530] {processor.py:153} INFO - Started process (PID=29502) to work on /home/sayone/This PC/SayOne Technologies/Works/airflow_new/Airflow/venv/lib/python3.8/site-packages/airflow/example_dags/tutorial_etl_dag.py
[2022-09-20T17:19:35.026+0530] {processor.py:640} INFO - Processing file /home/sayone/This PC/SayOne Technologies/Works/airflow_new/Airflow/venv/lib/python3.8/site-packages/airflow/example_dags/tutorial_etl_dag.py for tasks to queue
[2022-09-20T17:19:35.027+0530] {logging_mixin.py:115} INFO - [2022-09-20T17:19:35.027+0530] {dagbag.py:508} INFO - Filling up the DagBag from /home/sayone/This PC/SayOne Technologies/Works/airflow_new/Airflow/venv/lib/python3.8/site-packages/airflow/example_dags/tutorial_etl_dag.py
[2022-09-20T17:19:35.033+0530] {processor.py:650} INFO - DAG(s) dict_keys(['tutorial_etl_dag']) retrieved from /home/sayone/This PC/SayOne Technologies/Works/airflow_new/Airflow/venv/lib/python3.8/site-packages/airflow/example_dags/tutorial_etl_dag.py
[2022-09-20T17:19:35.042+0530] {logging_mixin.py:115} INFO - [2022-09-20T17:19:35.042+0530] {dag.py:2429} INFO - Sync 1 DAGs
[2022-09-20T17:19:35.054+0530] {logging_mixin.py:115} INFO - [2022-09-20T17:19:35.054+0530] {dag.py:2977} INFO - Setting next_dagrun for tutorial_etl_dag to None, run_after=None
[2022-09-20T17:19:35.063+0530] {processor.py:161} INFO - Processing /home/sayone/This PC/SayOne Technologies/Works/airflow_new/Airflow/venv/lib/python3.8/site-packages/airflow/example_dags/tutorial_etl_dag.py took 0.043 seconds
[2022-09-20T17:19:58.314+0530] {processor.py:153} INFO - Started process (PID=29627) to work on /home/sayone/This PC/SayOne Technologies/Works/airflow_new/Airflow/venv/lib/python3.8/site-packages/airflow/example_dags/tutorial_etl_dag.py
[2022-09-20T17:19:58.316+0530] {processor.py:640} INFO - Processing file /home/sayone/This PC/SayOne Technologies/Works/airflow_new/Airflow/venv/lib/python3.8/site-packages/airflow/example_dags/tutorial_etl_dag.py for tasks to queue
[2022-09-20T17:19:58.317+0530] {logging_mixin.py:115} INFO - [2022-09-20T17:19:58.317+0530] {dagbag.py:508} INFO - Filling up the DagBag from /home/sayone/This PC/SayOne Technologies/Works/airflow_new/Airflow/venv/lib/python3.8/site-packages/airflow/example_dags/tutorial_etl_dag.py
[2022-09-20T17:19:58.321+0530] {processor.py:650} INFO - DAG(s) dict_keys(['tutorial_etl_dag']) retrieved from /home/sayone/This PC/SayOne Technologies/Works/airflow_new/Airflow/venv/lib/python3.8/site-packages/airflow/example_dags/tutorial_etl_dag.py
[2022-09-20T17:19:58.330+0530] {logging_mixin.py:115} INFO - [2022-09-20T17:19:58.330+0530] {dag.py:2429} INFO - Sync 1 DAGs
[2022-09-20T17:19:58.340+0530] {logging_mixin.py:115} INFO - [2022-09-20T17:19:58.340+0530] {dag.py:2977} INFO - Setting next_dagrun for tutorial_etl_dag to None, run_after=None
[2022-09-20T17:19:58.350+0530] {processor.py:161} INFO - Processing /home/sayone/This PC/SayOne Technologies/Works/airflow_new/Airflow/venv/lib/python3.8/site-packages/airflow/example_dags/tutorial_etl_dag.py took 0.038 seconds
[2022-09-20T17:20:33.140+0530] {processor.py:153} INFO - Started process (PID=29715) to work on /home/sayone/This PC/SayOne Technologies/Works/airflow_new/Airflow/venv/lib/python3.8/site-packages/airflow/example_dags/tutorial_etl_dag.py
[2022-09-20T17:20:33.143+0530] {processor.py:640} INFO - Processing file /home/sayone/This PC/SayOne Technologies/Works/airflow_new/Airflow/venv/lib/python3.8/site-packages/airflow/example_dags/tutorial_etl_dag.py for tasks to queue
[2022-09-20T17:20:33.143+0530] {logging_mixin.py:115} INFO - [2022-09-20T17:20:33.143+0530] {dagbag.py:508} INFO - Filling up the DagBag from /home/sayone/This PC/SayOne Technologies/Works/airflow_new/Airflow/venv/lib/python3.8/site-packages/airflow/example_dags/tutorial_etl_dag.py
[2022-09-20T17:20:33.149+0530] {processor.py:650} INFO - DAG(s) dict_keys(['tutorial_etl_dag']) retrieved from /home/sayone/This PC/SayOne Technologies/Works/airflow_new/Airflow/venv/lib/python3.8/site-packages/airflow/example_dags/tutorial_etl_dag.py
[2022-09-20T17:20:33.158+0530] {logging_mixin.py:115} INFO - [2022-09-20T17:20:33.158+0530] {dag.py:2429} INFO - Sync 1 DAGs
[2022-09-20T17:20:33.169+0530] {logging_mixin.py:115} INFO - [2022-09-20T17:20:33.169+0530] {dag.py:2977} INFO - Setting next_dagrun for tutorial_etl_dag to None, run_after=None
[2022-09-20T17:20:33.177+0530] {processor.py:161} INFO - Processing /home/sayone/This PC/SayOne Technologies/Works/airflow_new/Airflow/venv/lib/python3.8/site-packages/airflow/example_dags/tutorial_etl_dag.py took 0.040 seconds
[2022-09-20T17:21:08.133+0530] {processor.py:153} INFO - Started process (PID=29815) to work on /home/sayone/This PC/SayOne Technologies/Works/airflow_new/Airflow/venv/lib/python3.8/site-packages/airflow/example_dags/tutorial_etl_dag.py
[2022-09-20T17:21:08.136+0530] {processor.py:640} INFO - Processing file /home/sayone/This PC/SayOne Technologies/Works/airflow_new/Airflow/venv/lib/python3.8/site-packages/airflow/example_dags/tutorial_etl_dag.py for tasks to queue
[2022-09-20T17:21:08.136+0530] {logging_mixin.py:115} INFO - [2022-09-20T17:21:08.136+0530] {dagbag.py:508} INFO - Filling up the DagBag from /home/sayone/This PC/SayOne Technologies/Works/airflow_new/Airflow/venv/lib/python3.8/site-packages/airflow/example_dags/tutorial_etl_dag.py
[2022-09-20T17:21:08.141+0530] {processor.py:650} INFO - DAG(s) dict_keys(['tutorial_etl_dag']) retrieved from /home/sayone/This PC/SayOne Technologies/Works/airflow_new/Airflow/venv/lib/python3.8/site-packages/airflow/example_dags/tutorial_etl_dag.py
[2022-09-20T17:21:08.151+0530] {logging_mixin.py:115} INFO - [2022-09-20T17:21:08.150+0530] {dag.py:2429} INFO - Sync 1 DAGs
[2022-09-20T17:21:08.164+0530] {logging_mixin.py:115} INFO - [2022-09-20T17:21:08.164+0530] {dag.py:2977} INFO - Setting next_dagrun for tutorial_etl_dag to None, run_after=None
[2022-09-20T17:21:08.173+0530] {processor.py:161} INFO - Processing /home/sayone/This PC/SayOne Technologies/Works/airflow_new/Airflow/venv/lib/python3.8/site-packages/airflow/example_dags/tutorial_etl_dag.py took 0.043 seconds
[2022-09-20T17:21:45.100+0530] {processor.py:153} INFO - Started process (PID=29930) to work on /home/sayone/This PC/SayOne Technologies/Works/airflow_new/Airflow/venv/lib/python3.8/site-packages/airflow/example_dags/tutorial_etl_dag.py
[2022-09-20T17:21:45.103+0530] {processor.py:640} INFO - Processing file /home/sayone/This PC/SayOne Technologies/Works/airflow_new/Airflow/venv/lib/python3.8/site-packages/airflow/example_dags/tutorial_etl_dag.py for tasks to queue
[2022-09-20T17:21:45.104+0530] {logging_mixin.py:115} INFO - [2022-09-20T17:21:45.104+0530] {dagbag.py:508} INFO - Filling up the DagBag from /home/sayone/This PC/SayOne Technologies/Works/airflow_new/Airflow/venv/lib/python3.8/site-packages/airflow/example_dags/tutorial_etl_dag.py
[2022-09-20T17:21:45.111+0530] {processor.py:650} INFO - DAG(s) dict_keys(['tutorial_etl_dag']) retrieved from /home/sayone/This PC/SayOne Technologies/Works/airflow_new/Airflow/venv/lib/python3.8/site-packages/airflow/example_dags/tutorial_etl_dag.py
[2022-09-20T17:21:45.125+0530] {logging_mixin.py:115} INFO - [2022-09-20T17:21:45.125+0530] {dag.py:2429} INFO - Sync 1 DAGs
[2022-09-20T17:21:45.143+0530] {logging_mixin.py:115} INFO - [2022-09-20T17:21:45.142+0530] {dag.py:2977} INFO - Setting next_dagrun for tutorial_etl_dag to None, run_after=None
[2022-09-20T17:21:45.157+0530] {processor.py:161} INFO - Processing /home/sayone/This PC/SayOne Technologies/Works/airflow_new/Airflow/venv/lib/python3.8/site-packages/airflow/example_dags/tutorial_etl_dag.py took 0.059 seconds
[2022-09-20T17:22:19.102+0530] {processor.py:153} INFO - Started process (PID=30222) to work on /home/sayone/This PC/SayOne Technologies/Works/airflow_new/Airflow/venv/lib/python3.8/site-packages/airflow/example_dags/tutorial_etl_dag.py
[2022-09-20T17:22:19.106+0530] {processor.py:640} INFO - Processing file /home/sayone/This PC/SayOne Technologies/Works/airflow_new/Airflow/venv/lib/python3.8/site-packages/airflow/example_dags/tutorial_etl_dag.py for tasks to queue
[2022-09-20T17:22:19.106+0530] {logging_mixin.py:115} INFO - [2022-09-20T17:22:19.106+0530] {dagbag.py:508} INFO - Filling up the DagBag from /home/sayone/This PC/SayOne Technologies/Works/airflow_new/Airflow/venv/lib/python3.8/site-packages/airflow/example_dags/tutorial_etl_dag.py
[2022-09-20T17:22:19.113+0530] {processor.py:650} INFO - DAG(s) dict_keys(['tutorial_etl_dag']) retrieved from /home/sayone/This PC/SayOne Technologies/Works/airflow_new/Airflow/venv/lib/python3.8/site-packages/airflow/example_dags/tutorial_etl_dag.py
[2022-09-20T17:22:19.123+0530] {logging_mixin.py:115} INFO - [2022-09-20T17:22:19.123+0530] {dag.py:2429} INFO - Sync 1 DAGs
[2022-09-20T17:22:19.135+0530] {logging_mixin.py:115} INFO - [2022-09-20T17:22:19.135+0530] {dag.py:2977} INFO - Setting next_dagrun for tutorial_etl_dag to None, run_after=None
[2022-09-20T17:22:19.144+0530] {processor.py:161} INFO - Processing /home/sayone/This PC/SayOne Technologies/Works/airflow_new/Airflow/venv/lib/python3.8/site-packages/airflow/example_dags/tutorial_etl_dag.py took 0.045 seconds
[2022-09-20T17:22:55.344+0530] {processor.py:153} INFO - Started process (PID=30355) to work on /home/sayone/This PC/SayOne Technologies/Works/airflow_new/Airflow/venv/lib/python3.8/site-packages/airflow/example_dags/tutorial_etl_dag.py
[2022-09-20T17:22:55.347+0530] {processor.py:640} INFO - Processing file /home/sayone/This PC/SayOne Technologies/Works/airflow_new/Airflow/venv/lib/python3.8/site-packages/airflow/example_dags/tutorial_etl_dag.py for tasks to queue
[2022-09-20T17:22:55.347+0530] {logging_mixin.py:115} INFO - [2022-09-20T17:22:55.347+0530] {dagbag.py:508} INFO - Filling up the DagBag from /home/sayone/This PC/SayOne Technologies/Works/airflow_new/Airflow/venv/lib/python3.8/site-packages/airflow/example_dags/tutorial_etl_dag.py
[2022-09-20T17:22:55.351+0530] {processor.py:650} INFO - DAG(s) dict_keys(['tutorial_etl_dag']) retrieved from /home/sayone/This PC/SayOne Technologies/Works/airflow_new/Airflow/venv/lib/python3.8/site-packages/airflow/example_dags/tutorial_etl_dag.py
[2022-09-20T17:22:55.360+0530] {logging_mixin.py:115} INFO - [2022-09-20T17:22:55.360+0530] {dag.py:2429} INFO - Sync 1 DAGs
[2022-09-20T17:22:55.371+0530] {logging_mixin.py:115} INFO - [2022-09-20T17:22:55.371+0530] {dag.py:2977} INFO - Setting next_dagrun for tutorial_etl_dag to None, run_after=None
[2022-09-20T17:22:55.383+0530] {processor.py:161} INFO - Processing /home/sayone/This PC/SayOne Technologies/Works/airflow_new/Airflow/venv/lib/python3.8/site-packages/airflow/example_dags/tutorial_etl_dag.py took 0.043 seconds
[2022-09-20T17:23:21.908+0530] {processor.py:153} INFO - Started process (PID=30424) to work on /home/sayone/This PC/SayOne Technologies/Works/airflow_new/Airflow/venv/lib/python3.8/site-packages/airflow/example_dags/tutorial_etl_dag.py
[2022-09-20T17:23:21.909+0530] {processor.py:640} INFO - Processing file /home/sayone/This PC/SayOne Technologies/Works/airflow_new/Airflow/venv/lib/python3.8/site-packages/airflow/example_dags/tutorial_etl_dag.py for tasks to queue
[2022-09-20T17:23:21.909+0530] {logging_mixin.py:115} INFO - [2022-09-20T17:23:21.909+0530] {dagbag.py:508} INFO - Filling up the DagBag from /home/sayone/This PC/SayOne Technologies/Works/airflow_new/Airflow/venv/lib/python3.8/site-packages/airflow/example_dags/tutorial_etl_dag.py
[2022-09-20T17:23:21.917+0530] {processor.py:650} INFO - DAG(s) dict_keys(['tutorial_etl_dag']) retrieved from /home/sayone/This PC/SayOne Technologies/Works/airflow_new/Airflow/venv/lib/python3.8/site-packages/airflow/example_dags/tutorial_etl_dag.py
[2022-09-20T17:23:21.940+0530] {logging_mixin.py:115} INFO - [2022-09-20T17:23:21.939+0530] {dag.py:2429} INFO - Sync 1 DAGs
[2022-09-20T17:23:21.959+0530] {logging_mixin.py:115} INFO - [2022-09-20T17:23:21.958+0530] {dag.py:2977} INFO - Setting next_dagrun for tutorial_etl_dag to None, run_after=None
[2022-09-20T17:23:21.978+0530] {processor.py:161} INFO - Processing /home/sayone/This PC/SayOne Technologies/Works/airflow_new/Airflow/venv/lib/python3.8/site-packages/airflow/example_dags/tutorial_etl_dag.py took 0.071 seconds
[2022-09-20T17:23:57.530+0530] {processor.py:153} INFO - Started process (PID=30552) to work on /home/sayone/This PC/SayOne Technologies/Works/airflow_new/Airflow/venv/lib/python3.8/site-packages/airflow/example_dags/tutorial_etl_dag.py
[2022-09-20T17:23:57.531+0530] {processor.py:640} INFO - Processing file /home/sayone/This PC/SayOne Technologies/Works/airflow_new/Airflow/venv/lib/python3.8/site-packages/airflow/example_dags/tutorial_etl_dag.py for tasks to queue
[2022-09-20T17:23:57.531+0530] {logging_mixin.py:115} INFO - [2022-09-20T17:23:57.531+0530] {dagbag.py:508} INFO - Filling up the DagBag from /home/sayone/This PC/SayOne Technologies/Works/airflow_new/Airflow/venv/lib/python3.8/site-packages/airflow/example_dags/tutorial_etl_dag.py
[2022-09-20T17:23:57.537+0530] {processor.py:650} INFO - DAG(s) dict_keys(['tutorial_etl_dag']) retrieved from /home/sayone/This PC/SayOne Technologies/Works/airflow_new/Airflow/venv/lib/python3.8/site-packages/airflow/example_dags/tutorial_etl_dag.py
[2022-09-20T17:23:57.551+0530] {logging_mixin.py:115} INFO - [2022-09-20T17:23:57.551+0530] {dag.py:2429} INFO - Sync 1 DAGs
[2022-09-20T17:23:57.563+0530] {logging_mixin.py:115} INFO - [2022-09-20T17:23:57.563+0530] {dag.py:2977} INFO - Setting next_dagrun for tutorial_etl_dag to None, run_after=None
[2022-09-20T17:23:57.573+0530] {processor.py:161} INFO - Processing /home/sayone/This PC/SayOne Technologies/Works/airflow_new/Airflow/venv/lib/python3.8/site-packages/airflow/example_dags/tutorial_etl_dag.py took 0.044 seconds
[2022-09-20T17:24:32.503+0530] {processor.py:153} INFO - Started process (PID=30788) to work on /home/sayone/This PC/SayOne Technologies/Works/airflow_new/Airflow/venv/lib/python3.8/site-packages/airflow/example_dags/tutorial_etl_dag.py
[2022-09-20T17:24:32.504+0530] {processor.py:640} INFO - Processing file /home/sayone/This PC/SayOne Technologies/Works/airflow_new/Airflow/venv/lib/python3.8/site-packages/airflow/example_dags/tutorial_etl_dag.py for tasks to queue
[2022-09-20T17:24:32.504+0530] {logging_mixin.py:115} INFO - [2022-09-20T17:24:32.504+0530] {dagbag.py:508} INFO - Filling up the DagBag from /home/sayone/This PC/SayOne Technologies/Works/airflow_new/Airflow/venv/lib/python3.8/site-packages/airflow/example_dags/tutorial_etl_dag.py
[2022-09-20T17:24:32.508+0530] {processor.py:650} INFO - DAG(s) dict_keys(['tutorial_etl_dag']) retrieved from /home/sayone/This PC/SayOne Technologies/Works/airflow_new/Airflow/venv/lib/python3.8/site-packages/airflow/example_dags/tutorial_etl_dag.py
[2022-09-20T17:24:32.517+0530] {logging_mixin.py:115} INFO - [2022-09-20T17:24:32.517+0530] {dag.py:2429} INFO - Sync 1 DAGs
[2022-09-20T17:24:32.528+0530] {logging_mixin.py:115} INFO - [2022-09-20T17:24:32.528+0530] {dag.py:2977} INFO - Setting next_dagrun for tutorial_etl_dag to None, run_after=None
[2022-09-20T17:24:32.537+0530] {processor.py:161} INFO - Processing /home/sayone/This PC/SayOne Technologies/Works/airflow_new/Airflow/venv/lib/python3.8/site-packages/airflow/example_dags/tutorial_etl_dag.py took 0.035 seconds
[2022-09-20T17:25:09.616+0530] {processor.py:153} INFO - Started process (PID=30957) to work on /home/sayone/This PC/SayOne Technologies/Works/airflow_new/Airflow/venv/lib/python3.8/site-packages/airflow/example_dags/tutorial_etl_dag.py
[2022-09-20T17:25:09.619+0530] {processor.py:640} INFO - Processing file /home/sayone/This PC/SayOne Technologies/Works/airflow_new/Airflow/venv/lib/python3.8/site-packages/airflow/example_dags/tutorial_etl_dag.py for tasks to queue
[2022-09-20T17:25:09.620+0530] {logging_mixin.py:115} INFO - [2022-09-20T17:25:09.620+0530] {dagbag.py:508} INFO - Filling up the DagBag from /home/sayone/This PC/SayOne Technologies/Works/airflow_new/Airflow/venv/lib/python3.8/site-packages/airflow/example_dags/tutorial_etl_dag.py
[2022-09-20T17:25:09.628+0530] {processor.py:650} INFO - DAG(s) dict_keys(['tutorial_etl_dag']) retrieved from /home/sayone/This PC/SayOne Technologies/Works/airflow_new/Airflow/venv/lib/python3.8/site-packages/airflow/example_dags/tutorial_etl_dag.py
[2022-09-20T17:25:09.637+0530] {logging_mixin.py:115} INFO - [2022-09-20T17:25:09.636+0530] {dag.py:2429} INFO - Sync 1 DAGs
[2022-09-20T17:25:09.647+0530] {logging_mixin.py:115} INFO - [2022-09-20T17:25:09.647+0530] {dag.py:2977} INFO - Setting next_dagrun for tutorial_etl_dag to None, run_after=None
[2022-09-20T17:25:09.656+0530] {processor.py:161} INFO - Processing /home/sayone/This PC/SayOne Technologies/Works/airflow_new/Airflow/venv/lib/python3.8/site-packages/airflow/example_dags/tutorial_etl_dag.py took 0.044 seconds
[2022-09-20T17:25:44.221+0530] {processor.py:153} INFO - Started process (PID=31040) to work on /home/sayone/This PC/SayOne Technologies/Works/airflow_new/Airflow/venv/lib/python3.8/site-packages/airflow/example_dags/tutorial_etl_dag.py
[2022-09-20T17:25:44.224+0530] {processor.py:640} INFO - Processing file /home/sayone/This PC/SayOne Technologies/Works/airflow_new/Airflow/venv/lib/python3.8/site-packages/airflow/example_dags/tutorial_etl_dag.py for tasks to queue
[2022-09-20T17:25:44.224+0530] {logging_mixin.py:115} INFO - [2022-09-20T17:25:44.224+0530] {dagbag.py:508} INFO - Filling up the DagBag from /home/sayone/This PC/SayOne Technologies/Works/airflow_new/Airflow/venv/lib/python3.8/site-packages/airflow/example_dags/tutorial_etl_dag.py
[2022-09-20T17:25:44.234+0530] {processor.py:650} INFO - DAG(s) dict_keys(['tutorial_etl_dag']) retrieved from /home/sayone/This PC/SayOne Technologies/Works/airflow_new/Airflow/venv/lib/python3.8/site-packages/airflow/example_dags/tutorial_etl_dag.py
[2022-09-20T17:25:44.244+0530] {logging_mixin.py:115} INFO - [2022-09-20T17:25:44.244+0530] {dag.py:2429} INFO - Sync 1 DAGs
[2022-09-20T17:25:44.253+0530] {logging_mixin.py:115} INFO - [2022-09-20T17:25:44.253+0530] {dag.py:2977} INFO - Setting next_dagrun for tutorial_etl_dag to None, run_after=None
[2022-09-20T17:25:44.261+0530] {processor.py:161} INFO - Processing /home/sayone/This PC/SayOne Technologies/Works/airflow_new/Airflow/venv/lib/python3.8/site-packages/airflow/example_dags/tutorial_etl_dag.py took 0.044 seconds
[2022-09-20T17:26:21.915+0530] {processor.py:153} INFO - Started process (PID=31152) to work on /home/sayone/This PC/SayOne Technologies/Works/airflow_new/Airflow/venv/lib/python3.8/site-packages/airflow/example_dags/tutorial_etl_dag.py
[2022-09-20T17:26:21.918+0530] {processor.py:640} INFO - Processing file /home/sayone/This PC/SayOne Technologies/Works/airflow_new/Airflow/venv/lib/python3.8/site-packages/airflow/example_dags/tutorial_etl_dag.py for tasks to queue
[2022-09-20T17:26:21.919+0530] {logging_mixin.py:115} INFO - [2022-09-20T17:26:21.919+0530] {dagbag.py:508} INFO - Filling up the DagBag from /home/sayone/This PC/SayOne Technologies/Works/airflow_new/Airflow/venv/lib/python3.8/site-packages/airflow/example_dags/tutorial_etl_dag.py
[2022-09-20T17:26:21.928+0530] {processor.py:650} INFO - DAG(s) dict_keys(['tutorial_etl_dag']) retrieved from /home/sayone/This PC/SayOne Technologies/Works/airflow_new/Airflow/venv/lib/python3.8/site-packages/airflow/example_dags/tutorial_etl_dag.py
[2022-09-20T17:26:21.938+0530] {logging_mixin.py:115} INFO - [2022-09-20T17:26:21.937+0530] {dag.py:2429} INFO - Sync 1 DAGs
[2022-09-20T17:26:21.947+0530] {logging_mixin.py:115} INFO - [2022-09-20T17:26:21.947+0530] {dag.py:2977} INFO - Setting next_dagrun for tutorial_etl_dag to None, run_after=None
[2022-09-20T17:26:21.955+0530] {processor.py:161} INFO - Processing /home/sayone/This PC/SayOne Technologies/Works/airflow_new/Airflow/venv/lib/python3.8/site-packages/airflow/example_dags/tutorial_etl_dag.py took 0.044 seconds
[2022-09-20T17:26:57.355+0530] {processor.py:153} INFO - Started process (PID=31359) to work on /home/sayone/This PC/SayOne Technologies/Works/airflow_new/Airflow/venv/lib/python3.8/site-packages/airflow/example_dags/tutorial_etl_dag.py
[2022-09-20T17:26:57.358+0530] {processor.py:640} INFO - Processing file /home/sayone/This PC/SayOne Technologies/Works/airflow_new/Airflow/venv/lib/python3.8/site-packages/airflow/example_dags/tutorial_etl_dag.py for tasks to queue
[2022-09-20T17:26:57.358+0530] {logging_mixin.py:115} INFO - [2022-09-20T17:26:57.358+0530] {dagbag.py:508} INFO - Filling up the DagBag from /home/sayone/This PC/SayOne Technologies/Works/airflow_new/Airflow/venv/lib/python3.8/site-packages/airflow/example_dags/tutorial_etl_dag.py
[2022-09-20T17:26:57.363+0530] {processor.py:650} INFO - DAG(s) dict_keys(['tutorial_etl_dag']) retrieved from /home/sayone/This PC/SayOne Technologies/Works/airflow_new/Airflow/venv/lib/python3.8/site-packages/airflow/example_dags/tutorial_etl_dag.py
[2022-09-20T17:26:57.375+0530] {logging_mixin.py:115} INFO - [2022-09-20T17:26:57.375+0530] {dag.py:2429} INFO - Sync 1 DAGs
[2022-09-20T17:26:57.395+0530] {logging_mixin.py:115} INFO - [2022-09-20T17:26:57.395+0530] {dag.py:2977} INFO - Setting next_dagrun for tutorial_etl_dag to None, run_after=None
[2022-09-20T17:26:57.406+0530] {processor.py:161} INFO - Processing /home/sayone/This PC/SayOne Technologies/Works/airflow_new/Airflow/venv/lib/python3.8/site-packages/airflow/example_dags/tutorial_etl_dag.py took 0.055 seconds
[2022-09-20T17:27:35.308+0530] {processor.py:153} INFO - Started process (PID=31569) to work on /home/sayone/This PC/SayOne Technologies/Works/airflow_new/Airflow/venv/lib/python3.8/site-packages/airflow/example_dags/tutorial_etl_dag.py
[2022-09-20T17:27:35.311+0530] {processor.py:640} INFO - Processing file /home/sayone/This PC/SayOne Technologies/Works/airflow_new/Airflow/venv/lib/python3.8/site-packages/airflow/example_dags/tutorial_etl_dag.py for tasks to queue
[2022-09-20T17:27:35.312+0530] {logging_mixin.py:115} INFO - [2022-09-20T17:27:35.312+0530] {dagbag.py:508} INFO - Filling up the DagBag from /home/sayone/This PC/SayOne Technologies/Works/airflow_new/Airflow/venv/lib/python3.8/site-packages/airflow/example_dags/tutorial_etl_dag.py
[2022-09-20T17:27:35.318+0530] {processor.py:650} INFO - DAG(s) dict_keys(['tutorial_etl_dag']) retrieved from /home/sayone/This PC/SayOne Technologies/Works/airflow_new/Airflow/venv/lib/python3.8/site-packages/airflow/example_dags/tutorial_etl_dag.py
[2022-09-20T17:27:35.327+0530] {logging_mixin.py:115} INFO - [2022-09-20T17:27:35.326+0530] {dag.py:2429} INFO - Sync 1 DAGs
[2022-09-20T17:27:35.336+0530] {logging_mixin.py:115} INFO - [2022-09-20T17:27:35.336+0530] {dag.py:2977} INFO - Setting next_dagrun for tutorial_etl_dag to None, run_after=None
[2022-09-20T17:27:35.344+0530] {processor.py:161} INFO - Processing /home/sayone/This PC/SayOne Technologies/Works/airflow_new/Airflow/venv/lib/python3.8/site-packages/airflow/example_dags/tutorial_etl_dag.py took 0.039 seconds
[2022-09-20T17:28:09.175+0530] {processor.py:153} INFO - Started process (PID=31664) to work on /home/sayone/This PC/SayOne Technologies/Works/airflow_new/Airflow/venv/lib/python3.8/site-packages/airflow/example_dags/tutorial_etl_dag.py
[2022-09-20T17:28:09.178+0530] {processor.py:640} INFO - Processing file /home/sayone/This PC/SayOne Technologies/Works/airflow_new/Airflow/venv/lib/python3.8/site-packages/airflow/example_dags/tutorial_etl_dag.py for tasks to queue
[2022-09-20T17:28:09.178+0530] {logging_mixin.py:115} INFO - [2022-09-20T17:28:09.178+0530] {dagbag.py:508} INFO - Filling up the DagBag from /home/sayone/This PC/SayOne Technologies/Works/airflow_new/Airflow/venv/lib/python3.8/site-packages/airflow/example_dags/tutorial_etl_dag.py
[2022-09-20T17:28:09.186+0530] {processor.py:650} INFO - DAG(s) dict_keys(['tutorial_etl_dag']) retrieved from /home/sayone/This PC/SayOne Technologies/Works/airflow_new/Airflow/venv/lib/python3.8/site-packages/airflow/example_dags/tutorial_etl_dag.py
[2022-09-20T17:28:09.196+0530] {logging_mixin.py:115} INFO - [2022-09-20T17:28:09.196+0530] {dag.py:2429} INFO - Sync 1 DAGs
[2022-09-20T17:28:09.205+0530] {logging_mixin.py:115} INFO - [2022-09-20T17:28:09.205+0530] {dag.py:2977} INFO - Setting next_dagrun for tutorial_etl_dag to None, run_after=None
[2022-09-20T17:28:09.213+0530] {processor.py:161} INFO - Processing /home/sayone/This PC/SayOne Technologies/Works/airflow_new/Airflow/venv/lib/python3.8/site-packages/airflow/example_dags/tutorial_etl_dag.py took 0.041 seconds
[2022-09-20T17:28:48.028+0530] {processor.py:153} INFO - Started process (PID=31741) to work on /home/sayone/This PC/SayOne Technologies/Works/airflow_new/Airflow/venv/lib/python3.8/site-packages/airflow/example_dags/tutorial_etl_dag.py
[2022-09-20T17:28:48.028+0530] {processor.py:640} INFO - Processing file /home/sayone/This PC/SayOne Technologies/Works/airflow_new/Airflow/venv/lib/python3.8/site-packages/airflow/example_dags/tutorial_etl_dag.py for tasks to queue
[2022-09-20T17:28:48.029+0530] {logging_mixin.py:115} INFO - [2022-09-20T17:28:48.029+0530] {dagbag.py:508} INFO - Filling up the DagBag from /home/sayone/This PC/SayOne Technologies/Works/airflow_new/Airflow/venv/lib/python3.8/site-packages/airflow/example_dags/tutorial_etl_dag.py
[2022-09-20T17:28:48.032+0530] {processor.py:650} INFO - DAG(s) dict_keys(['tutorial_etl_dag']) retrieved from /home/sayone/This PC/SayOne Technologies/Works/airflow_new/Airflow/venv/lib/python3.8/site-packages/airflow/example_dags/tutorial_etl_dag.py
[2022-09-20T17:28:48.040+0530] {logging_mixin.py:115} INFO - [2022-09-20T17:28:48.040+0530] {dag.py:2429} INFO - Sync 1 DAGs
[2022-09-20T17:28:48.049+0530] {logging_mixin.py:115} INFO - [2022-09-20T17:28:48.049+0530] {dag.py:2977} INFO - Setting next_dagrun for tutorial_etl_dag to None, run_after=None
[2022-09-20T17:28:48.059+0530] {processor.py:161} INFO - Processing /home/sayone/This PC/SayOne Technologies/Works/airflow_new/Airflow/venv/lib/python3.8/site-packages/airflow/example_dags/tutorial_etl_dag.py took 0.034 seconds
[2022-09-20T17:29:22.777+0530] {processor.py:153} INFO - Started process (PID=31864) to work on /home/sayone/This PC/SayOne Technologies/Works/airflow_new/Airflow/venv/lib/python3.8/site-packages/airflow/example_dags/tutorial_etl_dag.py
[2022-09-20T17:29:22.780+0530] {processor.py:640} INFO - Processing file /home/sayone/This PC/SayOne Technologies/Works/airflow_new/Airflow/venv/lib/python3.8/site-packages/airflow/example_dags/tutorial_etl_dag.py for tasks to queue
[2022-09-20T17:29:22.781+0530] {logging_mixin.py:115} INFO - [2022-09-20T17:29:22.781+0530] {dagbag.py:508} INFO - Filling up the DagBag from /home/sayone/This PC/SayOne Technologies/Works/airflow_new/Airflow/venv/lib/python3.8/site-packages/airflow/example_dags/tutorial_etl_dag.py
[2022-09-20T17:29:22.790+0530] {processor.py:650} INFO - DAG(s) dict_keys(['tutorial_etl_dag']) retrieved from /home/sayone/This PC/SayOne Technologies/Works/airflow_new/Airflow/venv/lib/python3.8/site-packages/airflow/example_dags/tutorial_etl_dag.py
[2022-09-20T17:29:22.800+0530] {logging_mixin.py:115} INFO - [2022-09-20T17:29:22.800+0530] {dag.py:2429} INFO - Sync 1 DAGs
[2022-09-20T17:29:22.810+0530] {logging_mixin.py:115} INFO - [2022-09-20T17:29:22.810+0530] {dag.py:2977} INFO - Setting next_dagrun for tutorial_etl_dag to None, run_after=None
[2022-09-20T17:29:22.819+0530] {processor.py:161} INFO - Processing /home/sayone/This PC/SayOne Technologies/Works/airflow_new/Airflow/venv/lib/python3.8/site-packages/airflow/example_dags/tutorial_etl_dag.py took 0.045 seconds
[2022-09-20T17:29:58.807+0530] {processor.py:153} INFO - Started process (PID=32071) to work on /home/sayone/This PC/SayOne Technologies/Works/airflow_new/Airflow/venv/lib/python3.8/site-packages/airflow/example_dags/tutorial_etl_dag.py
[2022-09-20T17:29:58.810+0530] {processor.py:640} INFO - Processing file /home/sayone/This PC/SayOne Technologies/Works/airflow_new/Airflow/venv/lib/python3.8/site-packages/airflow/example_dags/tutorial_etl_dag.py for tasks to queue
[2022-09-20T17:29:58.811+0530] {logging_mixin.py:115} INFO - [2022-09-20T17:29:58.811+0530] {dagbag.py:508} INFO - Filling up the DagBag from /home/sayone/This PC/SayOne Technologies/Works/airflow_new/Airflow/venv/lib/python3.8/site-packages/airflow/example_dags/tutorial_etl_dag.py
[2022-09-20T17:29:58.820+0530] {processor.py:650} INFO - DAG(s) dict_keys(['tutorial_etl_dag']) retrieved from /home/sayone/This PC/SayOne Technologies/Works/airflow_new/Airflow/venv/lib/python3.8/site-packages/airflow/example_dags/tutorial_etl_dag.py
[2022-09-20T17:29:58.830+0530] {logging_mixin.py:115} INFO - [2022-09-20T17:29:58.830+0530] {dag.py:2429} INFO - Sync 1 DAGs
[2022-09-20T17:29:58.839+0530] {logging_mixin.py:115} INFO - [2022-09-20T17:29:58.839+0530] {dag.py:2977} INFO - Setting next_dagrun for tutorial_etl_dag to None, run_after=None
[2022-09-20T17:29:58.849+0530] {processor.py:161} INFO - Processing /home/sayone/This PC/SayOne Technologies/Works/airflow_new/Airflow/venv/lib/python3.8/site-packages/airflow/example_dags/tutorial_etl_dag.py took 0.044 seconds
[2022-09-20T17:30:34.838+0530] {processor.py:153} INFO - Started process (PID=32140) to work on /home/sayone/This PC/SayOne Technologies/Works/airflow_new/Airflow/venv/lib/python3.8/site-packages/airflow/example_dags/tutorial_etl_dag.py
[2022-09-20T17:30:34.841+0530] {processor.py:640} INFO - Processing file /home/sayone/This PC/SayOne Technologies/Works/airflow_new/Airflow/venv/lib/python3.8/site-packages/airflow/example_dags/tutorial_etl_dag.py for tasks to queue
[2022-09-20T17:30:34.841+0530] {logging_mixin.py:115} INFO - [2022-09-20T17:30:34.841+0530] {dagbag.py:508} INFO - Filling up the DagBag from /home/sayone/This PC/SayOne Technologies/Works/airflow_new/Airflow/venv/lib/python3.8/site-packages/airflow/example_dags/tutorial_etl_dag.py
[2022-09-20T17:30:34.850+0530] {processor.py:650} INFO - DAG(s) dict_keys(['tutorial_etl_dag']) retrieved from /home/sayone/This PC/SayOne Technologies/Works/airflow_new/Airflow/venv/lib/python3.8/site-packages/airflow/example_dags/tutorial_etl_dag.py
[2022-09-20T17:30:34.861+0530] {logging_mixin.py:115} INFO - [2022-09-20T17:30:34.861+0530] {dag.py:2429} INFO - Sync 1 DAGs
[2022-09-20T17:30:34.870+0530] {logging_mixin.py:115} INFO - [2022-09-20T17:30:34.870+0530] {dag.py:2977} INFO - Setting next_dagrun for tutorial_etl_dag to None, run_after=None
[2022-09-20T17:30:34.879+0530] {processor.py:161} INFO - Processing /home/sayone/This PC/SayOne Technologies/Works/airflow_new/Airflow/venv/lib/python3.8/site-packages/airflow/example_dags/tutorial_etl_dag.py took 0.044 seconds
[2022-09-20T17:31:10.773+0530] {processor.py:153} INFO - Started process (PID=32248) to work on /home/sayone/This PC/SayOne Technologies/Works/airflow_new/Airflow/venv/lib/python3.8/site-packages/airflow/example_dags/tutorial_etl_dag.py
[2022-09-20T17:31:10.776+0530] {processor.py:640} INFO - Processing file /home/sayone/This PC/SayOne Technologies/Works/airflow_new/Airflow/venv/lib/python3.8/site-packages/airflow/example_dags/tutorial_etl_dag.py for tasks to queue
[2022-09-20T17:31:10.777+0530] {logging_mixin.py:115} INFO - [2022-09-20T17:31:10.777+0530] {dagbag.py:508} INFO - Filling up the DagBag from /home/sayone/This PC/SayOne Technologies/Works/airflow_new/Airflow/venv/lib/python3.8/site-packages/airflow/example_dags/tutorial_etl_dag.py
[2022-09-20T17:31:10.787+0530] {processor.py:650} INFO - DAG(s) dict_keys(['tutorial_etl_dag']) retrieved from /home/sayone/This PC/SayOne Technologies/Works/airflow_new/Airflow/venv/lib/python3.8/site-packages/airflow/example_dags/tutorial_etl_dag.py
[2022-09-20T17:31:10.798+0530] {logging_mixin.py:115} INFO - [2022-09-20T17:31:10.798+0530] {dag.py:2429} INFO - Sync 1 DAGs
[2022-09-20T17:31:10.808+0530] {logging_mixin.py:115} INFO - [2022-09-20T17:31:10.807+0530] {dag.py:2977} INFO - Setting next_dagrun for tutorial_etl_dag to None, run_after=None
[2022-09-20T17:31:10.817+0530] {processor.py:161} INFO - Processing /home/sayone/This PC/SayOne Technologies/Works/airflow_new/Airflow/venv/lib/python3.8/site-packages/airflow/example_dags/tutorial_etl_dag.py took 0.046 seconds
[2022-09-20T17:31:47.930+0530] {processor.py:153} INFO - Started process (PID=32325) to work on /home/sayone/This PC/SayOne Technologies/Works/airflow_new/Airflow/venv/lib/python3.8/site-packages/airflow/example_dags/tutorial_etl_dag.py
[2022-09-20T17:31:47.932+0530] {processor.py:640} INFO - Processing file /home/sayone/This PC/SayOne Technologies/Works/airflow_new/Airflow/venv/lib/python3.8/site-packages/airflow/example_dags/tutorial_etl_dag.py for tasks to queue
[2022-09-20T17:31:47.933+0530] {logging_mixin.py:115} INFO - [2022-09-20T17:31:47.933+0530] {dagbag.py:508} INFO - Filling up the DagBag from /home/sayone/This PC/SayOne Technologies/Works/airflow_new/Airflow/venv/lib/python3.8/site-packages/airflow/example_dags/tutorial_etl_dag.py
[2022-09-20T17:31:47.942+0530] {processor.py:650} INFO - DAG(s) dict_keys(['tutorial_etl_dag']) retrieved from /home/sayone/This PC/SayOne Technologies/Works/airflow_new/Airflow/venv/lib/python3.8/site-packages/airflow/example_dags/tutorial_etl_dag.py
[2022-09-20T17:31:47.952+0530] {logging_mixin.py:115} INFO - [2022-09-20T17:31:47.952+0530] {dag.py:2429} INFO - Sync 1 DAGs
[2022-09-20T17:31:47.961+0530] {logging_mixin.py:115} INFO - [2022-09-20T17:31:47.961+0530] {dag.py:2977} INFO - Setting next_dagrun for tutorial_etl_dag to None, run_after=None
[2022-09-20T17:31:47.971+0530] {processor.py:161} INFO - Processing /home/sayone/This PC/SayOne Technologies/Works/airflow_new/Airflow/venv/lib/python3.8/site-packages/airflow/example_dags/tutorial_etl_dag.py took 0.043 seconds
[2022-09-20T17:32:23.850+0530] {processor.py:153} INFO - Started process (PID=32564) to work on /home/sayone/This PC/SayOne Technologies/Works/airflow_new/Airflow/venv/lib/python3.8/site-packages/airflow/example_dags/tutorial_etl_dag.py
[2022-09-20T17:32:23.851+0530] {processor.py:640} INFO - Processing file /home/sayone/This PC/SayOne Technologies/Works/airflow_new/Airflow/venv/lib/python3.8/site-packages/airflow/example_dags/tutorial_etl_dag.py for tasks to queue
[2022-09-20T17:32:23.851+0530] {logging_mixin.py:115} INFO - [2022-09-20T17:32:23.851+0530] {dagbag.py:508} INFO - Filling up the DagBag from /home/sayone/This PC/SayOne Technologies/Works/airflow_new/Airflow/venv/lib/python3.8/site-packages/airflow/example_dags/tutorial_etl_dag.py
[2022-09-20T17:32:23.856+0530] {processor.py:650} INFO - DAG(s) dict_keys(['tutorial_etl_dag']) retrieved from /home/sayone/This PC/SayOne Technologies/Works/airflow_new/Airflow/venv/lib/python3.8/site-packages/airflow/example_dags/tutorial_etl_dag.py
[2022-09-20T17:32:23.867+0530] {logging_mixin.py:115} INFO - [2022-09-20T17:32:23.866+0530] {dag.py:2429} INFO - Sync 1 DAGs
[2022-09-20T17:32:23.876+0530] {logging_mixin.py:115} INFO - [2022-09-20T17:32:23.876+0530] {dag.py:2977} INFO - Setting next_dagrun for tutorial_etl_dag to None, run_after=None
[2022-09-20T17:32:23.886+0530] {processor.py:161} INFO - Processing /home/sayone/This PC/SayOne Technologies/Works/airflow_new/Airflow/venv/lib/python3.8/site-packages/airflow/example_dags/tutorial_etl_dag.py took 0.039 seconds
[2022-09-20T17:32:58.747+0530] {processor.py:153} INFO - Started process (PID=32677) to work on /home/sayone/This PC/SayOne Technologies/Works/airflow_new/Airflow/venv/lib/python3.8/site-packages/airflow/example_dags/tutorial_etl_dag.py
[2022-09-20T17:32:58.751+0530] {processor.py:640} INFO - Processing file /home/sayone/This PC/SayOne Technologies/Works/airflow_new/Airflow/venv/lib/python3.8/site-packages/airflow/example_dags/tutorial_etl_dag.py for tasks to queue
[2022-09-20T17:32:58.751+0530] {logging_mixin.py:115} INFO - [2022-09-20T17:32:58.751+0530] {dagbag.py:508} INFO - Filling up the DagBag from /home/sayone/This PC/SayOne Technologies/Works/airflow_new/Airflow/venv/lib/python3.8/site-packages/airflow/example_dags/tutorial_etl_dag.py
[2022-09-20T17:32:58.760+0530] {processor.py:650} INFO - DAG(s) dict_keys(['tutorial_etl_dag']) retrieved from /home/sayone/This PC/SayOne Technologies/Works/airflow_new/Airflow/venv/lib/python3.8/site-packages/airflow/example_dags/tutorial_etl_dag.py
[2022-09-20T17:32:58.770+0530] {logging_mixin.py:115} INFO - [2022-09-20T17:32:58.770+0530] {dag.py:2429} INFO - Sync 1 DAGs
[2022-09-20T17:32:58.779+0530] {logging_mixin.py:115} INFO - [2022-09-20T17:32:58.779+0530] {dag.py:2977} INFO - Setting next_dagrun for tutorial_etl_dag to None, run_after=None
[2022-09-20T17:32:58.789+0530] {processor.py:161} INFO - Processing /home/sayone/This PC/SayOne Technologies/Works/airflow_new/Airflow/venv/lib/python3.8/site-packages/airflow/example_dags/tutorial_etl_dag.py took 0.046 seconds
[2022-09-20T17:33:34.714+0530] {processor.py:153} INFO - Started process (PID=32745) to work on /home/sayone/This PC/SayOne Technologies/Works/airflow_new/Airflow/venv/lib/python3.8/site-packages/airflow/example_dags/tutorial_etl_dag.py
[2022-09-20T17:33:34.717+0530] {processor.py:640} INFO - Processing file /home/sayone/This PC/SayOne Technologies/Works/airflow_new/Airflow/venv/lib/python3.8/site-packages/airflow/example_dags/tutorial_etl_dag.py for tasks to queue
[2022-09-20T17:33:34.717+0530] {logging_mixin.py:115} INFO - [2022-09-20T17:33:34.717+0530] {dagbag.py:508} INFO - Filling up the DagBag from /home/sayone/This PC/SayOne Technologies/Works/airflow_new/Airflow/venv/lib/python3.8/site-packages/airflow/example_dags/tutorial_etl_dag.py
[2022-09-20T17:33:34.725+0530] {processor.py:650} INFO - DAG(s) dict_keys(['tutorial_etl_dag']) retrieved from /home/sayone/This PC/SayOne Technologies/Works/airflow_new/Airflow/venv/lib/python3.8/site-packages/airflow/example_dags/tutorial_etl_dag.py
[2022-09-20T17:33:34.735+0530] {logging_mixin.py:115} INFO - [2022-09-20T17:33:34.735+0530] {dag.py:2429} INFO - Sync 1 DAGs
[2022-09-20T17:33:34.744+0530] {logging_mixin.py:115} INFO - [2022-09-20T17:33:34.744+0530] {dag.py:2977} INFO - Setting next_dagrun for tutorial_etl_dag to None, run_after=None
[2022-09-20T17:33:34.754+0530] {processor.py:161} INFO - Processing /home/sayone/This PC/SayOne Technologies/Works/airflow_new/Airflow/venv/lib/python3.8/site-packages/airflow/example_dags/tutorial_etl_dag.py took 0.043 seconds
[2022-09-20T17:34:10.735+0530] {processor.py:153} INFO - Started process (PID=32838) to work on /home/sayone/This PC/SayOne Technologies/Works/airflow_new/Airflow/venv/lib/python3.8/site-packages/airflow/example_dags/tutorial_etl_dag.py
[2022-09-20T17:34:10.738+0530] {processor.py:640} INFO - Processing file /home/sayone/This PC/SayOne Technologies/Works/airflow_new/Airflow/venv/lib/python3.8/site-packages/airflow/example_dags/tutorial_etl_dag.py for tasks to queue
[2022-09-20T17:34:10.739+0530] {logging_mixin.py:115} INFO - [2022-09-20T17:34:10.739+0530] {dagbag.py:508} INFO - Filling up the DagBag from /home/sayone/This PC/SayOne Technologies/Works/airflow_new/Airflow/venv/lib/python3.8/site-packages/airflow/example_dags/tutorial_etl_dag.py
[2022-09-20T17:34:10.749+0530] {processor.py:650} INFO - DAG(s) dict_keys(['tutorial_etl_dag']) retrieved from /home/sayone/This PC/SayOne Technologies/Works/airflow_new/Airflow/venv/lib/python3.8/site-packages/airflow/example_dags/tutorial_etl_dag.py
[2022-09-20T17:34:10.759+0530] {logging_mixin.py:115} INFO - [2022-09-20T17:34:10.759+0530] {dag.py:2429} INFO - Sync 1 DAGs
[2022-09-20T17:34:10.768+0530] {logging_mixin.py:115} INFO - [2022-09-20T17:34:10.768+0530] {dag.py:2977} INFO - Setting next_dagrun for tutorial_etl_dag to None, run_after=None
[2022-09-20T17:34:10.778+0530] {processor.py:161} INFO - Processing /home/sayone/This PC/SayOne Technologies/Works/airflow_new/Airflow/venv/lib/python3.8/site-packages/airflow/example_dags/tutorial_etl_dag.py took 0.044 seconds
[2022-09-20T17:34:48.127+0530] {processor.py:153} INFO - Started process (PID=33079) to work on /home/sayone/This PC/SayOne Technologies/Works/airflow_new/Airflow/venv/lib/python3.8/site-packages/airflow/example_dags/tutorial_etl_dag.py
[2022-09-20T17:34:48.129+0530] {processor.py:640} INFO - Processing file /home/sayone/This PC/SayOne Technologies/Works/airflow_new/Airflow/venv/lib/python3.8/site-packages/airflow/example_dags/tutorial_etl_dag.py for tasks to queue
[2022-09-20T17:34:48.130+0530] {logging_mixin.py:115} INFO - [2022-09-20T17:34:48.130+0530] {dagbag.py:508} INFO - Filling up the DagBag from /home/sayone/This PC/SayOne Technologies/Works/airflow_new/Airflow/venv/lib/python3.8/site-packages/airflow/example_dags/tutorial_etl_dag.py
[2022-09-20T17:34:48.139+0530] {processor.py:650} INFO - DAG(s) dict_keys(['tutorial_etl_dag']) retrieved from /home/sayone/This PC/SayOne Technologies/Works/airflow_new/Airflow/venv/lib/python3.8/site-packages/airflow/example_dags/tutorial_etl_dag.py
[2022-09-20T17:34:48.148+0530] {logging_mixin.py:115} INFO - [2022-09-20T17:34:48.148+0530] {dag.py:2429} INFO - Sync 1 DAGs
[2022-09-20T17:34:48.158+0530] {logging_mixin.py:115} INFO - [2022-09-20T17:34:48.157+0530] {dag.py:2977} INFO - Setting next_dagrun for tutorial_etl_dag to None, run_after=None
[2022-09-20T17:34:48.168+0530] {processor.py:161} INFO - Processing /home/sayone/This PC/SayOne Technologies/Works/airflow_new/Airflow/venv/lib/python3.8/site-packages/airflow/example_dags/tutorial_etl_dag.py took 0.043 seconds
[2022-09-20T17:35:22.760+0530] {processor.py:153} INFO - Started process (PID=33172) to work on /home/sayone/This PC/SayOne Technologies/Works/airflow_new/Airflow/venv/lib/python3.8/site-packages/airflow/example_dags/tutorial_etl_dag.py
[2022-09-20T17:35:22.762+0530] {processor.py:640} INFO - Processing file /home/sayone/This PC/SayOne Technologies/Works/airflow_new/Airflow/venv/lib/python3.8/site-packages/airflow/example_dags/tutorial_etl_dag.py for tasks to queue
[2022-09-20T17:35:22.763+0530] {logging_mixin.py:115} INFO - [2022-09-20T17:35:22.763+0530] {dagbag.py:508} INFO - Filling up the DagBag from /home/sayone/This PC/SayOne Technologies/Works/airflow_new/Airflow/venv/lib/python3.8/site-packages/airflow/example_dags/tutorial_etl_dag.py
[2022-09-20T17:35:22.771+0530] {processor.py:650} INFO - DAG(s) dict_keys(['tutorial_etl_dag']) retrieved from /home/sayone/This PC/SayOne Technologies/Works/airflow_new/Airflow/venv/lib/python3.8/site-packages/airflow/example_dags/tutorial_etl_dag.py
[2022-09-20T17:35:22.779+0530] {logging_mixin.py:115} INFO - [2022-09-20T17:35:22.779+0530] {dag.py:2429} INFO - Sync 1 DAGs
[2022-09-20T17:35:22.788+0530] {logging_mixin.py:115} INFO - [2022-09-20T17:35:22.788+0530] {dag.py:2977} INFO - Setting next_dagrun for tutorial_etl_dag to None, run_after=None
[2022-09-20T17:35:22.798+0530] {processor.py:161} INFO - Processing /home/sayone/This PC/SayOne Technologies/Works/airflow_new/Airflow/venv/lib/python3.8/site-packages/airflow/example_dags/tutorial_etl_dag.py took 0.042 seconds
[2022-09-20T17:36:01.069+0530] {processor.py:153} INFO - Started process (PID=33282) to work on /home/sayone/This PC/SayOne Technologies/Works/airflow_new/Airflow/venv/lib/python3.8/site-packages/airflow/example_dags/tutorial_etl_dag.py
[2022-09-20T17:36:01.071+0530] {processor.py:640} INFO - Processing file /home/sayone/This PC/SayOne Technologies/Works/airflow_new/Airflow/venv/lib/python3.8/site-packages/airflow/example_dags/tutorial_etl_dag.py for tasks to queue
[2022-09-20T17:36:01.072+0530] {logging_mixin.py:115} INFO - [2022-09-20T17:36:01.072+0530] {dagbag.py:508} INFO - Filling up the DagBag from /home/sayone/This PC/SayOne Technologies/Works/airflow_new/Airflow/venv/lib/python3.8/site-packages/airflow/example_dags/tutorial_etl_dag.py
[2022-09-20T17:36:01.082+0530] {processor.py:650} INFO - DAG(s) dict_keys(['tutorial_etl_dag']) retrieved from /home/sayone/This PC/SayOne Technologies/Works/airflow_new/Airflow/venv/lib/python3.8/site-packages/airflow/example_dags/tutorial_etl_dag.py
[2022-09-20T17:36:01.092+0530] {logging_mixin.py:115} INFO - [2022-09-20T17:36:01.092+0530] {dag.py:2429} INFO - Sync 1 DAGs
[2022-09-20T17:36:01.101+0530] {logging_mixin.py:115} INFO - [2022-09-20T17:36:01.101+0530] {dag.py:2977} INFO - Setting next_dagrun for tutorial_etl_dag to None, run_after=None
[2022-09-20T17:36:01.110+0530] {processor.py:161} INFO - Processing /home/sayone/This PC/SayOne Technologies/Works/airflow_new/Airflow/venv/lib/python3.8/site-packages/airflow/example_dags/tutorial_etl_dag.py took 0.043 seconds
[2022-09-20T17:36:37.024+0530] {processor.py:153} INFO - Started process (PID=33403) to work on /home/sayone/This PC/SayOne Technologies/Works/airflow_new/Airflow/venv/lib/python3.8/site-packages/airflow/example_dags/tutorial_etl_dag.py
[2022-09-20T17:36:37.028+0530] {processor.py:640} INFO - Processing file /home/sayone/This PC/SayOne Technologies/Works/airflow_new/Airflow/venv/lib/python3.8/site-packages/airflow/example_dags/tutorial_etl_dag.py for tasks to queue
[2022-09-20T17:36:37.029+0530] {logging_mixin.py:115} INFO - [2022-09-20T17:36:37.028+0530] {dagbag.py:508} INFO - Filling up the DagBag from /home/sayone/This PC/SayOne Technologies/Works/airflow_new/Airflow/venv/lib/python3.8/site-packages/airflow/example_dags/tutorial_etl_dag.py
[2022-09-20T17:36:37.034+0530] {processor.py:650} INFO - DAG(s) dict_keys(['tutorial_etl_dag']) retrieved from /home/sayone/This PC/SayOne Technologies/Works/airflow_new/Airflow/venv/lib/python3.8/site-packages/airflow/example_dags/tutorial_etl_dag.py
[2022-09-20T17:36:37.047+0530] {logging_mixin.py:115} INFO - [2022-09-20T17:36:37.047+0530] {dag.py:2429} INFO - Sync 1 DAGs
[2022-09-20T17:36:37.060+0530] {logging_mixin.py:115} INFO - [2022-09-20T17:36:37.060+0530] {dag.py:2977} INFO - Setting next_dagrun for tutorial_etl_dag to None, run_after=None
[2022-09-20T17:36:37.071+0530] {processor.py:161} INFO - Processing /home/sayone/This PC/SayOne Technologies/Works/airflow_new/Airflow/venv/lib/python3.8/site-packages/airflow/example_dags/tutorial_etl_dag.py took 0.049 seconds
[2022-09-20T17:37:13.054+0530] {processor.py:153} INFO - Started process (PID=33618) to work on /home/sayone/This PC/SayOne Technologies/Works/airflow_new/Airflow/venv/lib/python3.8/site-packages/airflow/example_dags/tutorial_etl_dag.py
[2022-09-20T17:37:13.056+0530] {processor.py:640} INFO - Processing file /home/sayone/This PC/SayOne Technologies/Works/airflow_new/Airflow/venv/lib/python3.8/site-packages/airflow/example_dags/tutorial_etl_dag.py for tasks to queue
[2022-09-20T17:37:13.057+0530] {logging_mixin.py:115} INFO - [2022-09-20T17:37:13.057+0530] {dagbag.py:508} INFO - Filling up the DagBag from /home/sayone/This PC/SayOne Technologies/Works/airflow_new/Airflow/venv/lib/python3.8/site-packages/airflow/example_dags/tutorial_etl_dag.py
[2022-09-20T17:37:13.068+0530] {processor.py:650} INFO - DAG(s) dict_keys(['tutorial_etl_dag']) retrieved from /home/sayone/This PC/SayOne Technologies/Works/airflow_new/Airflow/venv/lib/python3.8/site-packages/airflow/example_dags/tutorial_etl_dag.py
[2022-09-20T17:37:13.079+0530] {logging_mixin.py:115} INFO - [2022-09-20T17:37:13.079+0530] {dag.py:2429} INFO - Sync 1 DAGs
[2022-09-20T17:37:13.090+0530] {logging_mixin.py:115} INFO - [2022-09-20T17:37:13.090+0530] {dag.py:2977} INFO - Setting next_dagrun for tutorial_etl_dag to None, run_after=None
[2022-09-20T17:37:13.100+0530] {processor.py:161} INFO - Processing /home/sayone/This PC/SayOne Technologies/Works/airflow_new/Airflow/venv/lib/python3.8/site-packages/airflow/example_dags/tutorial_etl_dag.py took 0.048 seconds
[2022-09-20T17:37:48.170+0530] {processor.py:153} INFO - Started process (PID=33743) to work on /home/sayone/This PC/SayOne Technologies/Works/airflow_new/Airflow/venv/lib/python3.8/site-packages/airflow/example_dags/tutorial_etl_dag.py
[2022-09-20T17:37:48.173+0530] {processor.py:640} INFO - Processing file /home/sayone/This PC/SayOne Technologies/Works/airflow_new/Airflow/venv/lib/python3.8/site-packages/airflow/example_dags/tutorial_etl_dag.py for tasks to queue
[2022-09-20T17:37:48.174+0530] {logging_mixin.py:115} INFO - [2022-09-20T17:37:48.174+0530] {dagbag.py:508} INFO - Filling up the DagBag from /home/sayone/This PC/SayOne Technologies/Works/airflow_new/Airflow/venv/lib/python3.8/site-packages/airflow/example_dags/tutorial_etl_dag.py
[2022-09-20T17:37:48.183+0530] {processor.py:650} INFO - DAG(s) dict_keys(['tutorial_etl_dag']) retrieved from /home/sayone/This PC/SayOne Technologies/Works/airflow_new/Airflow/venv/lib/python3.8/site-packages/airflow/example_dags/tutorial_etl_dag.py
[2022-09-20T17:37:48.192+0530] {logging_mixin.py:115} INFO - [2022-09-20T17:37:48.192+0530] {dag.py:2429} INFO - Sync 1 DAGs
[2022-09-20T17:37:48.202+0530] {logging_mixin.py:115} INFO - [2022-09-20T17:37:48.202+0530] {dag.py:2977} INFO - Setting next_dagrun for tutorial_etl_dag to None, run_after=None
[2022-09-20T17:37:48.212+0530] {processor.py:161} INFO - Processing /home/sayone/This PC/SayOne Technologies/Works/airflow_new/Airflow/venv/lib/python3.8/site-packages/airflow/example_dags/tutorial_etl_dag.py took 0.046 seconds
[2022-09-20T17:38:01.927+0530] {processor.py:153} INFO - Started process (PID=33810) to work on /home/sayone/This PC/SayOne Technologies/Works/airflow_new/Airflow/venv/lib/python3.8/site-packages/airflow/example_dags/tutorial_etl_dag.py
[2022-09-20T17:38:01.930+0530] {processor.py:640} INFO - Processing file /home/sayone/This PC/SayOne Technologies/Works/airflow_new/Airflow/venv/lib/python3.8/site-packages/airflow/example_dags/tutorial_etl_dag.py for tasks to queue
[2022-09-20T17:38:01.931+0530] {logging_mixin.py:115} INFO - [2022-09-20T17:38:01.931+0530] {dagbag.py:508} INFO - Filling up the DagBag from /home/sayone/This PC/SayOne Technologies/Works/airflow_new/Airflow/venv/lib/python3.8/site-packages/airflow/example_dags/tutorial_etl_dag.py
[2022-09-20T17:38:01.937+0530] {processor.py:650} INFO - DAG(s) dict_keys(['tutorial_etl_dag']) retrieved from /home/sayone/This PC/SayOne Technologies/Works/airflow_new/Airflow/venv/lib/python3.8/site-packages/airflow/example_dags/tutorial_etl_dag.py
[2022-09-20T17:38:01.949+0530] {logging_mixin.py:115} INFO - [2022-09-20T17:38:01.948+0530] {dag.py:2429} INFO - Sync 1 DAGs
[2022-09-20T17:38:01.964+0530] {logging_mixin.py:115} INFO - [2022-09-20T17:38:01.963+0530] {dag.py:2977} INFO - Setting next_dagrun for tutorial_etl_dag to None, run_after=None
[2022-09-20T17:38:01.977+0530] {processor.py:161} INFO - Processing /home/sayone/This PC/SayOne Technologies/Works/airflow_new/Airflow/venv/lib/python3.8/site-packages/airflow/example_dags/tutorial_etl_dag.py took 0.052 seconds
[2022-09-20T17:38:37.654+0530] {processor.py:153} INFO - Started process (PID=33872) to work on /home/sayone/This PC/SayOne Technologies/Works/airflow_new/Airflow/venv/lib/python3.8/site-packages/airflow/example_dags/tutorial_etl_dag.py
[2022-09-20T17:38:37.657+0530] {processor.py:640} INFO - Processing file /home/sayone/This PC/SayOne Technologies/Works/airflow_new/Airflow/venv/lib/python3.8/site-packages/airflow/example_dags/tutorial_etl_dag.py for tasks to queue
[2022-09-20T17:38:37.658+0530] {logging_mixin.py:115} INFO - [2022-09-20T17:38:37.658+0530] {dagbag.py:508} INFO - Filling up the DagBag from /home/sayone/This PC/SayOne Technologies/Works/airflow_new/Airflow/venv/lib/python3.8/site-packages/airflow/example_dags/tutorial_etl_dag.py
[2022-09-20T17:38:37.667+0530] {processor.py:650} INFO - DAG(s) dict_keys(['tutorial_etl_dag']) retrieved from /home/sayone/This PC/SayOne Technologies/Works/airflow_new/Airflow/venv/lib/python3.8/site-packages/airflow/example_dags/tutorial_etl_dag.py
[2022-09-20T17:38:37.676+0530] {logging_mixin.py:115} INFO - [2022-09-20T17:38:37.676+0530] {dag.py:2429} INFO - Sync 1 DAGs
[2022-09-20T17:38:37.688+0530] {logging_mixin.py:115} INFO - [2022-09-20T17:38:37.688+0530] {dag.py:2977} INFO - Setting next_dagrun for tutorial_etl_dag to None, run_after=None
[2022-09-20T17:38:37.699+0530] {processor.py:161} INFO - Processing /home/sayone/This PC/SayOne Technologies/Works/airflow_new/Airflow/venv/lib/python3.8/site-packages/airflow/example_dags/tutorial_etl_dag.py took 0.049 seconds
[2022-09-20T17:39:12.771+0530] {processor.py:153} INFO - Started process (PID=33971) to work on /home/sayone/This PC/SayOne Technologies/Works/airflow_new/Airflow/venv/lib/python3.8/site-packages/airflow/example_dags/tutorial_etl_dag.py
[2022-09-20T17:39:12.774+0530] {processor.py:640} INFO - Processing file /home/sayone/This PC/SayOne Technologies/Works/airflow_new/Airflow/venv/lib/python3.8/site-packages/airflow/example_dags/tutorial_etl_dag.py for tasks to queue
[2022-09-20T17:39:12.775+0530] {logging_mixin.py:115} INFO - [2022-09-20T17:39:12.775+0530] {dagbag.py:508} INFO - Filling up the DagBag from /home/sayone/This PC/SayOne Technologies/Works/airflow_new/Airflow/venv/lib/python3.8/site-packages/airflow/example_dags/tutorial_etl_dag.py
[2022-09-20T17:39:12.784+0530] {processor.py:650} INFO - DAG(s) dict_keys(['tutorial_etl_dag']) retrieved from /home/sayone/This PC/SayOne Technologies/Works/airflow_new/Airflow/venv/lib/python3.8/site-packages/airflow/example_dags/tutorial_etl_dag.py
[2022-09-20T17:39:12.794+0530] {logging_mixin.py:115} INFO - [2022-09-20T17:39:12.794+0530] {dag.py:2429} INFO - Sync 1 DAGs
[2022-09-20T17:39:12.804+0530] {logging_mixin.py:115} INFO - [2022-09-20T17:39:12.804+0530] {dag.py:2977} INFO - Setting next_dagrun for tutorial_etl_dag to None, run_after=None
[2022-09-20T17:39:12.814+0530] {processor.py:161} INFO - Processing /home/sayone/This PC/SayOne Technologies/Works/airflow_new/Airflow/venv/lib/python3.8/site-packages/airflow/example_dags/tutorial_etl_dag.py took 0.047 seconds
[2022-09-20T17:39:48.630+0530] {processor.py:153} INFO - Started process (PID=34123) to work on /home/sayone/This PC/SayOne Technologies/Works/airflow_new/Airflow/venv/lib/python3.8/site-packages/airflow/example_dags/tutorial_etl_dag.py
[2022-09-20T17:39:48.633+0530] {processor.py:640} INFO - Processing file /home/sayone/This PC/SayOne Technologies/Works/airflow_new/Airflow/venv/lib/python3.8/site-packages/airflow/example_dags/tutorial_etl_dag.py for tasks to queue
[2022-09-20T17:39:48.634+0530] {logging_mixin.py:115} INFO - [2022-09-20T17:39:48.634+0530] {dagbag.py:508} INFO - Filling up the DagBag from /home/sayone/This PC/SayOne Technologies/Works/airflow_new/Airflow/venv/lib/python3.8/site-packages/airflow/example_dags/tutorial_etl_dag.py
[2022-09-20T17:39:48.642+0530] {processor.py:650} INFO - DAG(s) dict_keys(['tutorial_etl_dag']) retrieved from /home/sayone/This PC/SayOne Technologies/Works/airflow_new/Airflow/venv/lib/python3.8/site-packages/airflow/example_dags/tutorial_etl_dag.py
[2022-09-20T17:39:48.651+0530] {logging_mixin.py:115} INFO - [2022-09-20T17:39:48.651+0530] {dag.py:2429} INFO - Sync 1 DAGs
[2022-09-20T17:39:48.663+0530] {logging_mixin.py:115} INFO - [2022-09-20T17:39:48.662+0530] {dag.py:2977} INFO - Setting next_dagrun for tutorial_etl_dag to None, run_after=None
[2022-09-20T17:39:48.673+0530] {processor.py:161} INFO - Processing /home/sayone/This PC/SayOne Technologies/Works/airflow_new/Airflow/venv/lib/python3.8/site-packages/airflow/example_dags/tutorial_etl_dag.py took 0.047 seconds
[2022-09-20T17:40:24.850+0530] {processor.py:153} INFO - Started process (PID=34224) to work on /home/sayone/This PC/SayOne Technologies/Works/airflow_new/Airflow/venv/lib/python3.8/site-packages/airflow/example_dags/tutorial_etl_dag.py
[2022-09-20T17:40:24.853+0530] {processor.py:640} INFO - Processing file /home/sayone/This PC/SayOne Technologies/Works/airflow_new/Airflow/venv/lib/python3.8/site-packages/airflow/example_dags/tutorial_etl_dag.py for tasks to queue
[2022-09-20T17:40:24.854+0530] {logging_mixin.py:115} INFO - [2022-09-20T17:40:24.854+0530] {dagbag.py:508} INFO - Filling up the DagBag from /home/sayone/This PC/SayOne Technologies/Works/airflow_new/Airflow/venv/lib/python3.8/site-packages/airflow/example_dags/tutorial_etl_dag.py
[2022-09-20T17:40:24.860+0530] {processor.py:650} INFO - DAG(s) dict_keys(['tutorial_etl_dag']) retrieved from /home/sayone/This PC/SayOne Technologies/Works/airflow_new/Airflow/venv/lib/python3.8/site-packages/airflow/example_dags/tutorial_etl_dag.py
[2022-09-20T17:40:24.870+0530] {logging_mixin.py:115} INFO - [2022-09-20T17:40:24.869+0530] {dag.py:2429} INFO - Sync 1 DAGs
[2022-09-20T17:40:24.880+0530] {logging_mixin.py:115} INFO - [2022-09-20T17:40:24.880+0530] {dag.py:2977} INFO - Setting next_dagrun for tutorial_etl_dag to None, run_after=None
[2022-09-20T17:40:24.889+0530] {processor.py:161} INFO - Processing /home/sayone/This PC/SayOne Technologies/Works/airflow_new/Airflow/venv/lib/python3.8/site-packages/airflow/example_dags/tutorial_etl_dag.py took 0.041 seconds
[2022-09-20T17:41:00.631+0530] {processor.py:153} INFO - Started process (PID=34379) to work on /home/sayone/This PC/SayOne Technologies/Works/airflow_new/Airflow/venv/lib/python3.8/site-packages/airflow/example_dags/tutorial_etl_dag.py
[2022-09-20T17:41:00.634+0530] {processor.py:640} INFO - Processing file /home/sayone/This PC/SayOne Technologies/Works/airflow_new/Airflow/venv/lib/python3.8/site-packages/airflow/example_dags/tutorial_etl_dag.py for tasks to queue
[2022-09-20T17:41:00.634+0530] {logging_mixin.py:115} INFO - [2022-09-20T17:41:00.634+0530] {dagbag.py:508} INFO - Filling up the DagBag from /home/sayone/This PC/SayOne Technologies/Works/airflow_new/Airflow/venv/lib/python3.8/site-packages/airflow/example_dags/tutorial_etl_dag.py
[2022-09-20T17:41:00.640+0530] {processor.py:650} INFO - DAG(s) dict_keys(['tutorial_etl_dag']) retrieved from /home/sayone/This PC/SayOne Technologies/Works/airflow_new/Airflow/venv/lib/python3.8/site-packages/airflow/example_dags/tutorial_etl_dag.py
[2022-09-20T17:41:00.650+0530] {logging_mixin.py:115} INFO - [2022-09-20T17:41:00.650+0530] {dag.py:2429} INFO - Sync 1 DAGs
[2022-09-20T17:41:00.660+0530] {logging_mixin.py:115} INFO - [2022-09-20T17:41:00.659+0530] {dag.py:2977} INFO - Setting next_dagrun for tutorial_etl_dag to None, run_after=None
[2022-09-20T17:41:00.668+0530] {processor.py:161} INFO - Processing /home/sayone/This PC/SayOne Technologies/Works/airflow_new/Airflow/venv/lib/python3.8/site-packages/airflow/example_dags/tutorial_etl_dag.py took 0.040 seconds
[2022-09-20T17:41:37.878+0530] {processor.py:153} INFO - Started process (PID=34440) to work on /home/sayone/This PC/SayOne Technologies/Works/airflow_new/Airflow/venv/lib/python3.8/site-packages/airflow/example_dags/tutorial_etl_dag.py
[2022-09-20T17:41:37.880+0530] {processor.py:640} INFO - Processing file /home/sayone/This PC/SayOne Technologies/Works/airflow_new/Airflow/venv/lib/python3.8/site-packages/airflow/example_dags/tutorial_etl_dag.py for tasks to queue
[2022-09-20T17:41:37.881+0530] {logging_mixin.py:115} INFO - [2022-09-20T17:41:37.881+0530] {dagbag.py:508} INFO - Filling up the DagBag from /home/sayone/This PC/SayOne Technologies/Works/airflow_new/Airflow/venv/lib/python3.8/site-packages/airflow/example_dags/tutorial_etl_dag.py
[2022-09-20T17:41:37.891+0530] {processor.py:650} INFO - DAG(s) dict_keys(['tutorial_etl_dag']) retrieved from /home/sayone/This PC/SayOne Technologies/Works/airflow_new/Airflow/venv/lib/python3.8/site-packages/airflow/example_dags/tutorial_etl_dag.py
[2022-09-20T17:41:37.901+0530] {logging_mixin.py:115} INFO - [2022-09-20T17:41:37.901+0530] {dag.py:2429} INFO - Sync 1 DAGs
[2022-09-20T17:41:37.910+0530] {logging_mixin.py:115} INFO - [2022-09-20T17:41:37.910+0530] {dag.py:2977} INFO - Setting next_dagrun for tutorial_etl_dag to None, run_after=None
[2022-09-20T17:41:37.919+0530] {processor.py:161} INFO - Processing /home/sayone/This PC/SayOne Technologies/Works/airflow_new/Airflow/venv/lib/python3.8/site-packages/airflow/example_dags/tutorial_etl_dag.py took 0.043 seconds
[2022-09-20T17:41:59.361+0530] {processor.py:153} INFO - Started process (PID=34533) to work on /home/sayone/This PC/SayOne Technologies/Works/airflow_new/Airflow/venv/lib/python3.8/site-packages/airflow/example_dags/tutorial_etl_dag.py
[2022-09-20T17:41:59.362+0530] {processor.py:640} INFO - Processing file /home/sayone/This PC/SayOne Technologies/Works/airflow_new/Airflow/venv/lib/python3.8/site-packages/airflow/example_dags/tutorial_etl_dag.py for tasks to queue
[2022-09-20T17:41:59.362+0530] {logging_mixin.py:115} INFO - [2022-09-20T17:41:59.362+0530] {dagbag.py:508} INFO - Filling up the DagBag from /home/sayone/This PC/SayOne Technologies/Works/airflow_new/Airflow/venv/lib/python3.8/site-packages/airflow/example_dags/tutorial_etl_dag.py
[2022-09-20T17:41:59.367+0530] {processor.py:650} INFO - DAG(s) dict_keys(['tutorial_etl_dag']) retrieved from /home/sayone/This PC/SayOne Technologies/Works/airflow_new/Airflow/venv/lib/python3.8/site-packages/airflow/example_dags/tutorial_etl_dag.py
[2022-09-20T17:41:59.383+0530] {logging_mixin.py:115} INFO - [2022-09-20T17:41:59.383+0530] {dag.py:2429} INFO - Sync 1 DAGs
[2022-09-20T17:41:59.404+0530] {logging_mixin.py:115} INFO - [2022-09-20T17:41:59.404+0530] {dag.py:2977} INFO - Setting next_dagrun for tutorial_etl_dag to None, run_after=None
[2022-09-20T17:41:59.453+0530] {processor.py:161} INFO - Processing /home/sayone/This PC/SayOne Technologies/Works/airflow_new/Airflow/venv/lib/python3.8/site-packages/airflow/example_dags/tutorial_etl_dag.py took 0.095 seconds
[2022-09-20T17:45:29.073+0530] {processor.py:153} INFO - Started process (PID=34915) to work on /home/sayone/This PC/SayOne Technologies/Works/airflow_new/Airflow/venv/lib/python3.8/site-packages/airflow/example_dags/tutorial_etl_dag.py
[2022-09-20T17:45:29.076+0530] {processor.py:640} INFO - Processing file /home/sayone/This PC/SayOne Technologies/Works/airflow_new/Airflow/venv/lib/python3.8/site-packages/airflow/example_dags/tutorial_etl_dag.py for tasks to queue
[2022-09-20T17:45:29.077+0530] {logging_mixin.py:115} INFO - [2022-09-20T17:45:29.076+0530] {dagbag.py:508} INFO - Filling up the DagBag from /home/sayone/This PC/SayOne Technologies/Works/airflow_new/Airflow/venv/lib/python3.8/site-packages/airflow/example_dags/tutorial_etl_dag.py
[2022-09-20T17:45:29.086+0530] {processor.py:650} INFO - DAG(s) dict_keys(['tutorial_etl_dag']) retrieved from /home/sayone/This PC/SayOne Technologies/Works/airflow_new/Airflow/venv/lib/python3.8/site-packages/airflow/example_dags/tutorial_etl_dag.py
[2022-09-20T17:45:29.096+0530] {logging_mixin.py:115} INFO - [2022-09-20T17:45:29.096+0530] {dag.py:2429} INFO - Sync 1 DAGs
[2022-09-20T17:45:29.108+0530] {logging_mixin.py:115} INFO - [2022-09-20T17:45:29.108+0530] {dag.py:2977} INFO - Setting next_dagrun for tutorial_etl_dag to None, run_after=None
[2022-09-20T17:45:29.116+0530] {processor.py:161} INFO - Processing /home/sayone/This PC/SayOne Technologies/Works/airflow_new/Airflow/venv/lib/python3.8/site-packages/airflow/example_dags/tutorial_etl_dag.py took 0.045 seconds
[2022-09-20T17:46:25.189+0530] {processor.py:153} INFO - Started process (PID=35066) to work on /home/sayone/This PC/SayOne Technologies/Works/airflow_new/Airflow/venv/lib/python3.8/site-packages/airflow/example_dags/tutorial_etl_dag.py
[2022-09-20T17:46:25.191+0530] {processor.py:640} INFO - Processing file /home/sayone/This PC/SayOne Technologies/Works/airflow_new/Airflow/venv/lib/python3.8/site-packages/airflow/example_dags/tutorial_etl_dag.py for tasks to queue
[2022-09-20T17:46:25.192+0530] {logging_mixin.py:115} INFO - [2022-09-20T17:46:25.192+0530] {dagbag.py:508} INFO - Filling up the DagBag from /home/sayone/This PC/SayOne Technologies/Works/airflow_new/Airflow/venv/lib/python3.8/site-packages/airflow/example_dags/tutorial_etl_dag.py
[2022-09-20T17:46:25.198+0530] {processor.py:650} INFO - DAG(s) dict_keys(['tutorial_etl_dag']) retrieved from /home/sayone/This PC/SayOne Technologies/Works/airflow_new/Airflow/venv/lib/python3.8/site-packages/airflow/example_dags/tutorial_etl_dag.py
[2022-09-20T17:46:25.209+0530] {logging_mixin.py:115} INFO - [2022-09-20T17:46:25.209+0530] {dag.py:2429} INFO - Sync 1 DAGs
[2022-09-20T17:46:25.219+0530] {logging_mixin.py:115} INFO - [2022-09-20T17:46:25.219+0530] {dag.py:2977} INFO - Setting next_dagrun for tutorial_etl_dag to None, run_after=None
[2022-09-20T17:46:25.228+0530] {processor.py:161} INFO - Processing /home/sayone/This PC/SayOne Technologies/Works/airflow_new/Airflow/venv/lib/python3.8/site-packages/airflow/example_dags/tutorial_etl_dag.py took 0.040 seconds
[2022-09-20T17:46:59.477+0530] {processor.py:153} INFO - Started process (PID=35295) to work on /home/sayone/This PC/SayOne Technologies/Works/airflow_new/Airflow/venv/lib/python3.8/site-packages/airflow/example_dags/tutorial_etl_dag.py
[2022-09-20T17:46:59.480+0530] {processor.py:640} INFO - Processing file /home/sayone/This PC/SayOne Technologies/Works/airflow_new/Airflow/venv/lib/python3.8/site-packages/airflow/example_dags/tutorial_etl_dag.py for tasks to queue
[2022-09-20T17:46:59.480+0530] {logging_mixin.py:115} INFO - [2022-09-20T17:46:59.480+0530] {dagbag.py:508} INFO - Filling up the DagBag from /home/sayone/This PC/SayOne Technologies/Works/airflow_new/Airflow/venv/lib/python3.8/site-packages/airflow/example_dags/tutorial_etl_dag.py
[2022-09-20T17:46:59.484+0530] {processor.py:650} INFO - DAG(s) dict_keys(['tutorial_etl_dag']) retrieved from /home/sayone/This PC/SayOne Technologies/Works/airflow_new/Airflow/venv/lib/python3.8/site-packages/airflow/example_dags/tutorial_etl_dag.py
[2022-09-20T17:46:59.493+0530] {logging_mixin.py:115} INFO - [2022-09-20T17:46:59.493+0530] {dag.py:2429} INFO - Sync 1 DAGs
[2022-09-20T17:46:59.505+0530] {logging_mixin.py:115} INFO - [2022-09-20T17:46:59.505+0530] {dag.py:2977} INFO - Setting next_dagrun for tutorial_etl_dag to None, run_after=None
[2022-09-20T17:46:59.514+0530] {processor.py:161} INFO - Processing /home/sayone/This PC/SayOne Technologies/Works/airflow_new/Airflow/venv/lib/python3.8/site-packages/airflow/example_dags/tutorial_etl_dag.py took 0.038 seconds
[2022-09-20T17:47:37.262+0530] {processor.py:153} INFO - Started process (PID=35376) to work on /home/sayone/This PC/SayOne Technologies/Works/airflow_new/Airflow/venv/lib/python3.8/site-packages/airflow/example_dags/tutorial_etl_dag.py
[2022-09-20T17:47:37.263+0530] {processor.py:640} INFO - Processing file /home/sayone/This PC/SayOne Technologies/Works/airflow_new/Airflow/venv/lib/python3.8/site-packages/airflow/example_dags/tutorial_etl_dag.py for tasks to queue
[2022-09-20T17:47:37.263+0530] {logging_mixin.py:115} INFO - [2022-09-20T17:47:37.263+0530] {dagbag.py:508} INFO - Filling up the DagBag from /home/sayone/This PC/SayOne Technologies/Works/airflow_new/Airflow/venv/lib/python3.8/site-packages/airflow/example_dags/tutorial_etl_dag.py
[2022-09-20T17:47:37.270+0530] {processor.py:650} INFO - DAG(s) dict_keys(['tutorial_etl_dag']) retrieved from /home/sayone/This PC/SayOne Technologies/Works/airflow_new/Airflow/venv/lib/python3.8/site-packages/airflow/example_dags/tutorial_etl_dag.py
[2022-09-20T17:47:37.280+0530] {logging_mixin.py:115} INFO - [2022-09-20T17:47:37.280+0530] {dag.py:2429} INFO - Sync 1 DAGs
[2022-09-20T17:47:37.290+0530] {logging_mixin.py:115} INFO - [2022-09-20T17:47:37.289+0530] {dag.py:2977} INFO - Setting next_dagrun for tutorial_etl_dag to None, run_after=None
[2022-09-20T17:47:37.298+0530] {processor.py:161} INFO - Processing /home/sayone/This PC/SayOne Technologies/Works/airflow_new/Airflow/venv/lib/python3.8/site-packages/airflow/example_dags/tutorial_etl_dag.py took 0.037 seconds
[2022-09-20T17:48:14.332+0530] {processor.py:153} INFO - Started process (PID=35500) to work on /home/sayone/This PC/SayOne Technologies/Works/airflow_new/Airflow/venv/lib/python3.8/site-packages/airflow/example_dags/tutorial_etl_dag.py
[2022-09-20T17:48:14.333+0530] {processor.py:640} INFO - Processing file /home/sayone/This PC/SayOne Technologies/Works/airflow_new/Airflow/venv/lib/python3.8/site-packages/airflow/example_dags/tutorial_etl_dag.py for tasks to queue
[2022-09-20T17:48:14.334+0530] {logging_mixin.py:115} INFO - [2022-09-20T17:48:14.333+0530] {dagbag.py:508} INFO - Filling up the DagBag from /home/sayone/This PC/SayOne Technologies/Works/airflow_new/Airflow/venv/lib/python3.8/site-packages/airflow/example_dags/tutorial_etl_dag.py
[2022-09-20T17:48:14.340+0530] {processor.py:650} INFO - DAG(s) dict_keys(['tutorial_etl_dag']) retrieved from /home/sayone/This PC/SayOne Technologies/Works/airflow_new/Airflow/venv/lib/python3.8/site-packages/airflow/example_dags/tutorial_etl_dag.py
[2022-09-20T17:48:14.349+0530] {logging_mixin.py:115} INFO - [2022-09-20T17:48:14.349+0530] {dag.py:2429} INFO - Sync 1 DAGs
[2022-09-20T17:48:14.359+0530] {logging_mixin.py:115} INFO - [2022-09-20T17:48:14.358+0530] {dag.py:2977} INFO - Setting next_dagrun for tutorial_etl_dag to None, run_after=None
[2022-09-20T17:48:14.367+0530] {processor.py:161} INFO - Processing /home/sayone/This PC/SayOne Technologies/Works/airflow_new/Airflow/venv/lib/python3.8/site-packages/airflow/example_dags/tutorial_etl_dag.py took 0.038 seconds
[2022-09-20T17:48:50.866+0530] {processor.py:153} INFO - Started process (PID=35583) to work on /home/sayone/This PC/SayOne Technologies/Works/airflow_new/Airflow/venv/lib/python3.8/site-packages/airflow/example_dags/tutorial_etl_dag.py
[2022-09-20T17:48:50.868+0530] {processor.py:640} INFO - Processing file /home/sayone/This PC/SayOne Technologies/Works/airflow_new/Airflow/venv/lib/python3.8/site-packages/airflow/example_dags/tutorial_etl_dag.py for tasks to queue
[2022-09-20T17:48:50.869+0530] {logging_mixin.py:115} INFO - [2022-09-20T17:48:50.869+0530] {dagbag.py:508} INFO - Filling up the DagBag from /home/sayone/This PC/SayOne Technologies/Works/airflow_new/Airflow/venv/lib/python3.8/site-packages/airflow/example_dags/tutorial_etl_dag.py
[2022-09-20T17:48:50.879+0530] {processor.py:650} INFO - DAG(s) dict_keys(['tutorial_etl_dag']) retrieved from /home/sayone/This PC/SayOne Technologies/Works/airflow_new/Airflow/venv/lib/python3.8/site-packages/airflow/example_dags/tutorial_etl_dag.py
[2022-09-20T17:48:50.891+0530] {logging_mixin.py:115} INFO - [2022-09-20T17:48:50.891+0530] {dag.py:2429} INFO - Sync 1 DAGs
[2022-09-20T17:48:50.900+0530] {logging_mixin.py:115} INFO - [2022-09-20T17:48:50.900+0530] {dag.py:2977} INFO - Setting next_dagrun for tutorial_etl_dag to None, run_after=None
[2022-09-20T17:48:50.908+0530] {processor.py:161} INFO - Processing /home/sayone/This PC/SayOne Technologies/Works/airflow_new/Airflow/venv/lib/python3.8/site-packages/airflow/example_dags/tutorial_etl_dag.py took 0.044 seconds
[2022-09-20T17:49:28.557+0530] {processor.py:153} INFO - Started process (PID=35696) to work on /home/sayone/This PC/SayOne Technologies/Works/airflow_new/Airflow/venv/lib/python3.8/site-packages/airflow/example_dags/tutorial_etl_dag.py
[2022-09-20T17:49:28.559+0530] {processor.py:640} INFO - Processing file /home/sayone/This PC/SayOne Technologies/Works/airflow_new/Airflow/venv/lib/python3.8/site-packages/airflow/example_dags/tutorial_etl_dag.py for tasks to queue
[2022-09-20T17:49:28.560+0530] {logging_mixin.py:115} INFO - [2022-09-20T17:49:28.560+0530] {dagbag.py:508} INFO - Filling up the DagBag from /home/sayone/This PC/SayOne Technologies/Works/airflow_new/Airflow/venv/lib/python3.8/site-packages/airflow/example_dags/tutorial_etl_dag.py
[2022-09-20T17:49:28.567+0530] {processor.py:650} INFO - DAG(s) dict_keys(['tutorial_etl_dag']) retrieved from /home/sayone/This PC/SayOne Technologies/Works/airflow_new/Airflow/venv/lib/python3.8/site-packages/airflow/example_dags/tutorial_etl_dag.py
[2022-09-20T17:49:28.579+0530] {logging_mixin.py:115} INFO - [2022-09-20T17:49:28.579+0530] {dag.py:2429} INFO - Sync 1 DAGs
[2022-09-20T17:49:28.592+0530] {logging_mixin.py:115} INFO - [2022-09-20T17:49:28.591+0530] {dag.py:2977} INFO - Setting next_dagrun for tutorial_etl_dag to None, run_after=None
[2022-09-20T17:49:28.600+0530] {processor.py:161} INFO - Processing /home/sayone/This PC/SayOne Technologies/Works/airflow_new/Airflow/venv/lib/python3.8/site-packages/airflow/example_dags/tutorial_etl_dag.py took 0.048 seconds
[2022-09-20T17:50:05.964+0530] {processor.py:153} INFO - Started process (PID=35805) to work on /home/sayone/This PC/SayOne Technologies/Works/airflow_new/Airflow/venv/lib/python3.8/site-packages/airflow/example_dags/tutorial_etl_dag.py
[2022-09-20T17:50:05.966+0530] {processor.py:640} INFO - Processing file /home/sayone/This PC/SayOne Technologies/Works/airflow_new/Airflow/venv/lib/python3.8/site-packages/airflow/example_dags/tutorial_etl_dag.py for tasks to queue
[2022-09-20T17:50:05.967+0530] {logging_mixin.py:115} INFO - [2022-09-20T17:50:05.966+0530] {dagbag.py:508} INFO - Filling up the DagBag from /home/sayone/This PC/SayOne Technologies/Works/airflow_new/Airflow/venv/lib/python3.8/site-packages/airflow/example_dags/tutorial_etl_dag.py
[2022-09-20T17:50:05.974+0530] {processor.py:650} INFO - DAG(s) dict_keys(['tutorial_etl_dag']) retrieved from /home/sayone/This PC/SayOne Technologies/Works/airflow_new/Airflow/venv/lib/python3.8/site-packages/airflow/example_dags/tutorial_etl_dag.py
[2022-09-20T17:50:05.983+0530] {logging_mixin.py:115} INFO - [2022-09-20T17:50:05.983+0530] {dag.py:2429} INFO - Sync 1 DAGs
[2022-09-20T17:50:05.993+0530] {logging_mixin.py:115} INFO - [2022-09-20T17:50:05.993+0530] {dag.py:2977} INFO - Setting next_dagrun for tutorial_etl_dag to None, run_after=None
[2022-09-20T17:50:06.002+0530] {processor.py:161} INFO - Processing /home/sayone/This PC/SayOne Technologies/Works/airflow_new/Airflow/venv/lib/python3.8/site-packages/airflow/example_dags/tutorial_etl_dag.py took 0.042 seconds
[2022-09-20T17:50:41.509+0530] {processor.py:153} INFO - Started process (PID=35872) to work on /home/sayone/This PC/SayOne Technologies/Works/airflow_new/Airflow/venv/lib/python3.8/site-packages/airflow/example_dags/tutorial_etl_dag.py
[2022-09-20T17:50:41.512+0530] {processor.py:640} INFO - Processing file /home/sayone/This PC/SayOne Technologies/Works/airflow_new/Airflow/venv/lib/python3.8/site-packages/airflow/example_dags/tutorial_etl_dag.py for tasks to queue
[2022-09-20T17:50:41.513+0530] {logging_mixin.py:115} INFO - [2022-09-20T17:50:41.513+0530] {dagbag.py:508} INFO - Filling up the DagBag from /home/sayone/This PC/SayOne Technologies/Works/airflow_new/Airflow/venv/lib/python3.8/site-packages/airflow/example_dags/tutorial_etl_dag.py
[2022-09-20T17:50:41.522+0530] {processor.py:650} INFO - DAG(s) dict_keys(['tutorial_etl_dag']) retrieved from /home/sayone/This PC/SayOne Technologies/Works/airflow_new/Airflow/venv/lib/python3.8/site-packages/airflow/example_dags/tutorial_etl_dag.py
[2022-09-20T17:50:41.532+0530] {logging_mixin.py:115} INFO - [2022-09-20T17:50:41.532+0530] {dag.py:2429} INFO - Sync 1 DAGs
[2022-09-20T17:50:41.541+0530] {logging_mixin.py:115} INFO - [2022-09-20T17:50:41.541+0530] {dag.py:2977} INFO - Setting next_dagrun for tutorial_etl_dag to None, run_after=None
[2022-09-20T17:50:41.550+0530] {processor.py:161} INFO - Processing /home/sayone/This PC/SayOne Technologies/Works/airflow_new/Airflow/venv/lib/python3.8/site-packages/airflow/example_dags/tutorial_etl_dag.py took 0.045 seconds
[2022-09-20T17:51:18.484+0530] {processor.py:153} INFO - Started process (PID=35981) to work on /home/sayone/This PC/SayOne Technologies/Works/airflow_new/Airflow/venv/lib/python3.8/site-packages/airflow/example_dags/tutorial_etl_dag.py
[2022-09-20T17:51:18.487+0530] {processor.py:640} INFO - Processing file /home/sayone/This PC/SayOne Technologies/Works/airflow_new/Airflow/venv/lib/python3.8/site-packages/airflow/example_dags/tutorial_etl_dag.py for tasks to queue
[2022-09-20T17:51:18.488+0530] {logging_mixin.py:115} INFO - [2022-09-20T17:51:18.488+0530] {dagbag.py:508} INFO - Filling up the DagBag from /home/sayone/This PC/SayOne Technologies/Works/airflow_new/Airflow/venv/lib/python3.8/site-packages/airflow/example_dags/tutorial_etl_dag.py
[2022-09-20T17:51:18.494+0530] {processor.py:650} INFO - DAG(s) dict_keys(['tutorial_etl_dag']) retrieved from /home/sayone/This PC/SayOne Technologies/Works/airflow_new/Airflow/venv/lib/python3.8/site-packages/airflow/example_dags/tutorial_etl_dag.py
[2022-09-20T17:51:18.502+0530] {logging_mixin.py:115} INFO - [2022-09-20T17:51:18.502+0530] {dag.py:2429} INFO - Sync 1 DAGs
[2022-09-20T17:51:18.511+0530] {logging_mixin.py:115} INFO - [2022-09-20T17:51:18.511+0530] {dag.py:2977} INFO - Setting next_dagrun for tutorial_etl_dag to None, run_after=None
[2022-09-20T17:51:18.520+0530] {processor.py:161} INFO - Processing /home/sayone/This PC/SayOne Technologies/Works/airflow_new/Airflow/venv/lib/python3.8/site-packages/airflow/example_dags/tutorial_etl_dag.py took 0.037 seconds
[2022-09-20T17:51:56.239+0530] {processor.py:153} INFO - Started process (PID=36081) to work on /home/sayone/This PC/SayOne Technologies/Works/airflow_new/Airflow/venv/lib/python3.8/site-packages/airflow/example_dags/tutorial_etl_dag.py
[2022-09-20T17:51:56.242+0530] {processor.py:640} INFO - Processing file /home/sayone/This PC/SayOne Technologies/Works/airflow_new/Airflow/venv/lib/python3.8/site-packages/airflow/example_dags/tutorial_etl_dag.py for tasks to queue
[2022-09-20T17:51:56.243+0530] {logging_mixin.py:115} INFO - [2022-09-20T17:51:56.243+0530] {dagbag.py:508} INFO - Filling up the DagBag from /home/sayone/This PC/SayOne Technologies/Works/airflow_new/Airflow/venv/lib/python3.8/site-packages/airflow/example_dags/tutorial_etl_dag.py
[2022-09-20T17:51:56.252+0530] {processor.py:650} INFO - DAG(s) dict_keys(['tutorial_etl_dag']) retrieved from /home/sayone/This PC/SayOne Technologies/Works/airflow_new/Airflow/venv/lib/python3.8/site-packages/airflow/example_dags/tutorial_etl_dag.py
[2022-09-20T17:51:56.262+0530] {logging_mixin.py:115} INFO - [2022-09-20T17:51:56.262+0530] {dag.py:2429} INFO - Sync 1 DAGs
[2022-09-20T17:51:56.271+0530] {logging_mixin.py:115} INFO - [2022-09-20T17:51:56.271+0530] {dag.py:2977} INFO - Setting next_dagrun for tutorial_etl_dag to None, run_after=None
[2022-09-20T17:51:56.281+0530] {processor.py:161} INFO - Processing /home/sayone/This PC/SayOne Technologies/Works/airflow_new/Airflow/venv/lib/python3.8/site-packages/airflow/example_dags/tutorial_etl_dag.py took 0.044 seconds
[2022-09-20T17:52:34.438+0530] {processor.py:153} INFO - Started process (PID=36288) to work on /home/sayone/This PC/SayOne Technologies/Works/airflow_new/Airflow/venv/lib/python3.8/site-packages/airflow/example_dags/tutorial_etl_dag.py
[2022-09-20T17:52:34.439+0530] {processor.py:640} INFO - Processing file /home/sayone/This PC/SayOne Technologies/Works/airflow_new/Airflow/venv/lib/python3.8/site-packages/airflow/example_dags/tutorial_etl_dag.py for tasks to queue
[2022-09-20T17:52:34.440+0530] {logging_mixin.py:115} INFO - [2022-09-20T17:52:34.440+0530] {dagbag.py:508} INFO - Filling up the DagBag from /home/sayone/This PC/SayOne Technologies/Works/airflow_new/Airflow/venv/lib/python3.8/site-packages/airflow/example_dags/tutorial_etl_dag.py
[2022-09-20T17:52:34.447+0530] {processor.py:650} INFO - DAG(s) dict_keys(['tutorial_etl_dag']) retrieved from /home/sayone/This PC/SayOne Technologies/Works/airflow_new/Airflow/venv/lib/python3.8/site-packages/airflow/example_dags/tutorial_etl_dag.py
[2022-09-20T17:52:34.461+0530] {logging_mixin.py:115} INFO - [2022-09-20T17:52:34.461+0530] {dag.py:2429} INFO - Sync 1 DAGs
[2022-09-20T17:52:34.473+0530] {logging_mixin.py:115} INFO - [2022-09-20T17:52:34.473+0530] {dag.py:2977} INFO - Setting next_dagrun for tutorial_etl_dag to None, run_after=None
[2022-09-20T17:52:34.484+0530] {processor.py:161} INFO - Processing /home/sayone/This PC/SayOne Technologies/Works/airflow_new/Airflow/venv/lib/python3.8/site-packages/airflow/example_dags/tutorial_etl_dag.py took 0.050 seconds
[2022-09-20T17:53:10.901+0530] {processor.py:153} INFO - Started process (PID=36402) to work on /home/sayone/This PC/SayOne Technologies/Works/airflow_new/Airflow/venv/lib/python3.8/site-packages/airflow/example_dags/tutorial_etl_dag.py
[2022-09-20T17:53:10.903+0530] {processor.py:640} INFO - Processing file /home/sayone/This PC/SayOne Technologies/Works/airflow_new/Airflow/venv/lib/python3.8/site-packages/airflow/example_dags/tutorial_etl_dag.py for tasks to queue
[2022-09-20T17:53:10.904+0530] {logging_mixin.py:115} INFO - [2022-09-20T17:53:10.904+0530] {dagbag.py:508} INFO - Filling up the DagBag from /home/sayone/This PC/SayOne Technologies/Works/airflow_new/Airflow/venv/lib/python3.8/site-packages/airflow/example_dags/tutorial_etl_dag.py
[2022-09-20T17:53:10.911+0530] {processor.py:650} INFO - DAG(s) dict_keys(['tutorial_etl_dag']) retrieved from /home/sayone/This PC/SayOne Technologies/Works/airflow_new/Airflow/venv/lib/python3.8/site-packages/airflow/example_dags/tutorial_etl_dag.py
[2022-09-20T17:53:10.922+0530] {logging_mixin.py:115} INFO - [2022-09-20T17:53:10.922+0530] {dag.py:2429} INFO - Sync 1 DAGs
[2022-09-20T17:53:10.932+0530] {logging_mixin.py:115} INFO - [2022-09-20T17:53:10.932+0530] {dag.py:2977} INFO - Setting next_dagrun for tutorial_etl_dag to None, run_after=None
[2022-09-20T17:53:10.943+0530] {processor.py:161} INFO - Processing /home/sayone/This PC/SayOne Technologies/Works/airflow_new/Airflow/venv/lib/python3.8/site-packages/airflow/example_dags/tutorial_etl_dag.py took 0.044 seconds
[2022-09-20T17:53:46.629+0530] {processor.py:153} INFO - Started process (PID=36465) to work on /home/sayone/This PC/SayOne Technologies/Works/airflow_new/Airflow/venv/lib/python3.8/site-packages/airflow/example_dags/tutorial_etl_dag.py
[2022-09-20T17:53:46.632+0530] {processor.py:640} INFO - Processing file /home/sayone/This PC/SayOne Technologies/Works/airflow_new/Airflow/venv/lib/python3.8/site-packages/airflow/example_dags/tutorial_etl_dag.py for tasks to queue
[2022-09-20T17:53:46.633+0530] {logging_mixin.py:115} INFO - [2022-09-20T17:53:46.633+0530] {dagbag.py:508} INFO - Filling up the DagBag from /home/sayone/This PC/SayOne Technologies/Works/airflow_new/Airflow/venv/lib/python3.8/site-packages/airflow/example_dags/tutorial_etl_dag.py
[2022-09-20T17:53:46.641+0530] {processor.py:650} INFO - DAG(s) dict_keys(['tutorial_etl_dag']) retrieved from /home/sayone/This PC/SayOne Technologies/Works/airflow_new/Airflow/venv/lib/python3.8/site-packages/airflow/example_dags/tutorial_etl_dag.py
[2022-09-20T17:53:46.650+0530] {logging_mixin.py:115} INFO - [2022-09-20T17:53:46.650+0530] {dag.py:2429} INFO - Sync 1 DAGs
[2022-09-20T17:53:46.660+0530] {logging_mixin.py:115} INFO - [2022-09-20T17:53:46.660+0530] {dag.py:2977} INFO - Setting next_dagrun for tutorial_etl_dag to None, run_after=None
[2022-09-20T17:53:46.670+0530] {processor.py:161} INFO - Processing /home/sayone/This PC/SayOne Technologies/Works/airflow_new/Airflow/venv/lib/python3.8/site-packages/airflow/example_dags/tutorial_etl_dag.py took 0.045 seconds
