[2022-09-20T17:17:10.956+0530] {processor.py:153} INFO - Started process (PID=28823) to work on /home/sayone/This PC/SayOne Technologies/Works/airflow_new/Airflow/dags/hello_world.py
[2022-09-20T17:17:10.956+0530] {processor.py:640} INFO - Processing file /home/sayone/This PC/SayOne Technologies/Works/airflow_new/Airflow/dags/hello_world.py for tasks to queue
[2022-09-20T17:17:10.956+0530] {logging_mixin.py:115} INFO - [2022-09-20T17:17:10.956+0530] {dagbag.py:508} INFO - Filling up the DagBag from /home/sayone/This PC/SayOne Technologies/Works/airflow_new/Airflow/dags/hello_world.py
[2022-09-20T17:17:10.964+0530] {processor.py:650} INFO - DAG(s) dict_keys(['hello_world']) retrieved from /home/sayone/This PC/SayOne Technologies/Works/airflow_new/Airflow/dags/hello_world.py
[2022-09-20T17:17:11.012+0530] {logging_mixin.py:115} INFO - [2022-09-20T17:17:11.012+0530] {manager.py:508} INFO - Created Permission View: can edit on DAG:hello_world
[2022-09-20T17:17:11.021+0530] {logging_mixin.py:115} INFO - [2022-09-20T17:17:11.020+0530] {manager.py:508} INFO - Created Permission View: can read on DAG:hello_world
[2022-09-20T17:17:11.028+0530] {logging_mixin.py:115} INFO - [2022-09-20T17:17:11.027+0530] {manager.py:508} INFO - Created Permission View: can delete on DAG:hello_world
[2022-09-20T17:17:11.028+0530] {logging_mixin.py:115} INFO - [2022-09-20T17:17:11.028+0530] {dag.py:2429} INFO - Sync 1 DAGs
[2022-09-20T17:17:11.033+0530] {logging_mixin.py:115} INFO - [2022-09-20T17:17:11.033+0530] {dag.py:2448} INFO - Creating ORM DAG for hello_world
[2022-09-20T17:17:11.046+0530] {logging_mixin.py:115} INFO - [2022-09-20T17:17:11.046+0530] {dag.py:2977} INFO - Setting next_dagrun for hello_world to 2022-09-20T11:46:00+00:00, run_after=2022-09-20T11:47:00+00:00
[2022-09-20T17:17:11.057+0530] {processor.py:161} INFO - Processing /home/sayone/This PC/SayOne Technologies/Works/airflow_new/Airflow/dags/hello_world.py took 0.104 seconds
[2022-09-20T17:18:20.662+0530] {processor.py:153} INFO - Started process (PID=29141) to work on /home/sayone/This PC/SayOne Technologies/Works/airflow_new/Airflow/dags/hello_world.py
[2022-09-20T17:18:20.665+0530] {processor.py:640} INFO - Processing file /home/sayone/This PC/SayOne Technologies/Works/airflow_new/Airflow/dags/hello_world.py for tasks to queue
[2022-09-20T17:18:20.667+0530] {logging_mixin.py:115} INFO - [2022-09-20T17:18:20.666+0530] {dagbag.py:508} INFO - Filling up the DagBag from /home/sayone/This PC/SayOne Technologies/Works/airflow_new/Airflow/dags/hello_world.py
[2022-09-20T17:18:20.673+0530] {processor.py:650} INFO - DAG(s) dict_keys(['hello_world']) retrieved from /home/sayone/This PC/SayOne Technologies/Works/airflow_new/Airflow/dags/hello_world.py
[2022-09-20T17:18:20.694+0530] {logging_mixin.py:115} INFO - [2022-09-20T17:18:20.694+0530] {dag.py:2429} INFO - Sync 1 DAGs
[2022-09-20T17:18:20.716+0530] {logging_mixin.py:115} INFO - [2022-09-20T17:18:20.716+0530] {dag.py:2977} INFO - Setting next_dagrun for hello_world to 2022-09-20T11:47:00+00:00, run_after=2022-09-20T11:48:00+00:00
[2022-09-20T17:18:20.729+0530] {processor.py:161} INFO - Processing /home/sayone/This PC/SayOne Technologies/Works/airflow_new/Airflow/dags/hello_world.py took 0.071 seconds
[2022-09-20T17:19:32.013+0530] {processor.py:153} INFO - Started process (PID=29481) to work on /home/sayone/This PC/SayOne Technologies/Works/airflow_new/Airflow/dags/hello_world.py
[2022-09-20T17:19:32.016+0530] {processor.py:640} INFO - Processing file /home/sayone/This PC/SayOne Technologies/Works/airflow_new/Airflow/dags/hello_world.py for tasks to queue
[2022-09-20T17:19:32.017+0530] {logging_mixin.py:115} INFO - [2022-09-20T17:19:32.017+0530] {dagbag.py:508} INFO - Filling up the DagBag from /home/sayone/This PC/SayOne Technologies/Works/airflow_new/Airflow/dags/hello_world.py
[2022-09-20T17:19:32.028+0530] {processor.py:650} INFO - DAG(s) dict_keys(['hello_world']) retrieved from /home/sayone/This PC/SayOne Technologies/Works/airflow_new/Airflow/dags/hello_world.py
[2022-09-20T17:19:32.038+0530] {logging_mixin.py:115} INFO - [2022-09-20T17:19:32.038+0530] {dag.py:2429} INFO - Sync 1 DAGs
[2022-09-20T17:19:32.056+0530] {logging_mixin.py:115} INFO - [2022-09-20T17:19:32.056+0530] {dag.py:2977} INFO - Setting next_dagrun for hello_world to 2022-09-20T11:48:00+00:00, run_after=2022-09-20T11:49:00+00:00
[2022-09-20T17:19:32.066+0530] {processor.py:161} INFO - Processing /home/sayone/This PC/SayOne Technologies/Works/airflow_new/Airflow/dags/hello_world.py took 0.057 seconds
[2022-09-20T17:20:28.001+0530] {processor.py:153} INFO - Started process (PID=29702) to work on /home/sayone/This PC/SayOne Technologies/Works/airflow_new/Airflow/dags/hello_world.py
[2022-09-20T17:20:28.003+0530] {processor.py:640} INFO - Processing file /home/sayone/This PC/SayOne Technologies/Works/airflow_new/Airflow/dags/hello_world.py for tasks to queue
[2022-09-20T17:20:28.004+0530] {logging_mixin.py:115} INFO - [2022-09-20T17:20:28.003+0530] {dagbag.py:508} INFO - Filling up the DagBag from /home/sayone/This PC/SayOne Technologies/Works/airflow_new/Airflow/dags/hello_world.py
[2022-09-20T17:20:28.014+0530] {processor.py:650} INFO - DAG(s) dict_keys(['hello_world']) retrieved from /home/sayone/This PC/SayOne Technologies/Works/airflow_new/Airflow/dags/hello_world.py
[2022-09-20T17:20:28.029+0530] {logging_mixin.py:115} INFO - [2022-09-20T17:20:28.028+0530] {dag.py:2429} INFO - Sync 1 DAGs
[2022-09-20T17:20:28.043+0530] {logging_mixin.py:115} INFO - [2022-09-20T17:20:28.043+0530] {dag.py:2977} INFO - Setting next_dagrun for hello_world to 2022-09-20T11:49:00+00:00, run_after=2022-09-20T11:50:00+00:00
[2022-09-20T17:20:28.053+0530] {processor.py:161} INFO - Processing /home/sayone/This PC/SayOne Technologies/Works/airflow_new/Airflow/dags/hello_world.py took 0.056 seconds
[2022-09-20T17:21:39.664+0530] {processor.py:153} INFO - Started process (PID=29909) to work on /home/sayone/This PC/SayOne Technologies/Works/airflow_new/Airflow/dags/hello_world.py
[2022-09-20T17:21:39.668+0530] {processor.py:640} INFO - Processing file /home/sayone/This PC/SayOne Technologies/Works/airflow_new/Airflow/dags/hello_world.py for tasks to queue
[2022-09-20T17:21:39.668+0530] {logging_mixin.py:115} INFO - [2022-09-20T17:21:39.668+0530] {dagbag.py:508} INFO - Filling up the DagBag from /home/sayone/This PC/SayOne Technologies/Works/airflow_new/Airflow/dags/hello_world.py
[2022-09-20T17:21:39.675+0530] {processor.py:650} INFO - DAG(s) dict_keys(['hello_world']) retrieved from /home/sayone/This PC/SayOne Technologies/Works/airflow_new/Airflow/dags/hello_world.py
[2022-09-20T17:21:39.690+0530] {logging_mixin.py:115} INFO - [2022-09-20T17:21:39.690+0530] {dag.py:2429} INFO - Sync 1 DAGs
[2022-09-20T17:21:39.705+0530] {logging_mixin.py:115} INFO - [2022-09-20T17:21:39.705+0530] {dag.py:2977} INFO - Setting next_dagrun for hello_world to 2022-09-20T11:50:00+00:00, run_after=2022-09-20T11:51:00+00:00
[2022-09-20T17:21:39.715+0530] {processor.py:161} INFO - Processing /home/sayone/This PC/SayOne Technologies/Works/airflow_new/Airflow/dags/hello_world.py took 0.053 seconds
[2022-09-20T17:22:52.273+0530] {processor.py:153} INFO - Started process (PID=30308) to work on /home/sayone/This PC/SayOne Technologies/Works/airflow_new/Airflow/dags/hello_world.py
[2022-09-20T17:22:52.276+0530] {processor.py:640} INFO - Processing file /home/sayone/This PC/SayOne Technologies/Works/airflow_new/Airflow/dags/hello_world.py for tasks to queue
[2022-09-20T17:22:52.276+0530] {logging_mixin.py:115} INFO - [2022-09-20T17:22:52.276+0530] {dagbag.py:508} INFO - Filling up the DagBag from /home/sayone/This PC/SayOne Technologies/Works/airflow_new/Airflow/dags/hello_world.py
[2022-09-20T17:22:52.282+0530] {processor.py:650} INFO - DAG(s) dict_keys(['hello_world']) retrieved from /home/sayone/This PC/SayOne Technologies/Works/airflow_new/Airflow/dags/hello_world.py
[2022-09-20T17:22:52.292+0530] {logging_mixin.py:115} INFO - [2022-09-20T17:22:52.292+0530] {dag.py:2429} INFO - Sync 1 DAGs
[2022-09-20T17:22:52.308+0530] {logging_mixin.py:115} INFO - [2022-09-20T17:22:52.308+0530] {dag.py:2977} INFO - Setting next_dagrun for hello_world to 2022-09-20T11:51:00+00:00, run_after=2022-09-20T11:52:00+00:00
[2022-09-20T17:22:52.317+0530] {processor.py:161} INFO - Processing /home/sayone/This PC/SayOne Technologies/Works/airflow_new/Airflow/dags/hello_world.py took 0.046 seconds
[2022-09-20T17:23:52.855+0530] {processor.py:153} INFO - Started process (PID=30505) to work on /home/sayone/This PC/SayOne Technologies/Works/airflow_new/Airflow/dags/hello_world.py
[2022-09-20T17:23:52.858+0530] {processor.py:640} INFO - Processing file /home/sayone/This PC/SayOne Technologies/Works/airflow_new/Airflow/dags/hello_world.py for tasks to queue
[2022-09-20T17:23:52.859+0530] {logging_mixin.py:115} INFO - [2022-09-20T17:23:52.859+0530] {dagbag.py:508} INFO - Filling up the DagBag from /home/sayone/This PC/SayOne Technologies/Works/airflow_new/Airflow/dags/hello_world.py
[2022-09-20T17:23:52.869+0530] {processor.py:650} INFO - DAG(s) dict_keys(['hello_world']) retrieved from /home/sayone/This PC/SayOne Technologies/Works/airflow_new/Airflow/dags/hello_world.py
[2022-09-20T17:23:52.880+0530] {logging_mixin.py:115} INFO - [2022-09-20T17:23:52.879+0530] {dag.py:2429} INFO - Sync 1 DAGs
[2022-09-20T17:23:52.896+0530] {logging_mixin.py:115} INFO - [2022-09-20T17:23:52.895+0530] {dag.py:2977} INFO - Setting next_dagrun for hello_world to 2022-09-20T11:52:00+00:00, run_after=2022-09-20T11:53:00+00:00
[2022-09-20T17:23:52.908+0530] {processor.py:161} INFO - Processing /home/sayone/This PC/SayOne Technologies/Works/airflow_new/Airflow/dags/hello_world.py took 0.056 seconds
[2022-09-20T17:25:04.787+0530] {processor.py:153} INFO - Started process (PID=30950) to work on /home/sayone/This PC/SayOne Technologies/Works/airflow_new/Airflow/dags/hello_world.py
[2022-09-20T17:25:04.789+0530] {processor.py:640} INFO - Processing file /home/sayone/This PC/SayOne Technologies/Works/airflow_new/Airflow/dags/hello_world.py for tasks to queue
[2022-09-20T17:25:04.790+0530] {logging_mixin.py:115} INFO - [2022-09-20T17:25:04.790+0530] {dagbag.py:508} INFO - Filling up the DagBag from /home/sayone/This PC/SayOne Technologies/Works/airflow_new/Airflow/dags/hello_world.py
[2022-09-20T17:25:04.802+0530] {processor.py:650} INFO - DAG(s) dict_keys(['hello_world']) retrieved from /home/sayone/This PC/SayOne Technologies/Works/airflow_new/Airflow/dags/hello_world.py
[2022-09-20T17:25:04.818+0530] {logging_mixin.py:115} INFO - [2022-09-20T17:25:04.818+0530] {dag.py:2429} INFO - Sync 1 DAGs
[2022-09-20T17:25:04.845+0530] {logging_mixin.py:115} INFO - [2022-09-20T17:25:04.845+0530] {dag.py:2977} INFO - Setting next_dagrun for hello_world to 2022-09-20T11:54:00+00:00, run_after=2022-09-20T11:55:00+00:00
[2022-09-20T17:25:04.867+0530] {processor.py:161} INFO - Processing /home/sayone/This PC/SayOne Technologies/Works/airflow_new/Airflow/dags/hello_world.py took 0.082 seconds
[2022-09-20T17:26:17.916+0530] {processor.py:153} INFO - Started process (PID=31147) to work on /home/sayone/This PC/SayOne Technologies/Works/airflow_new/Airflow/dags/hello_world.py
[2022-09-20T17:26:17.919+0530] {processor.py:640} INFO - Processing file /home/sayone/This PC/SayOne Technologies/Works/airflow_new/Airflow/dags/hello_world.py for tasks to queue
[2022-09-20T17:26:17.920+0530] {logging_mixin.py:115} INFO - [2022-09-20T17:26:17.920+0530] {dagbag.py:508} INFO - Filling up the DagBag from /home/sayone/This PC/SayOne Technologies/Works/airflow_new/Airflow/dags/hello_world.py
[2022-09-20T17:26:17.931+0530] {processor.py:650} INFO - DAG(s) dict_keys(['hello_world']) retrieved from /home/sayone/This PC/SayOne Technologies/Works/airflow_new/Airflow/dags/hello_world.py
[2022-09-20T17:26:17.938+0530] {logging_mixin.py:115} INFO - [2022-09-20T17:26:17.938+0530] {dag.py:2429} INFO - Sync 1 DAGs
[2022-09-20T17:26:17.950+0530] {logging_mixin.py:115} INFO - [2022-09-20T17:26:17.950+0530] {dag.py:2977} INFO - Setting next_dagrun for hello_world to 2022-09-20T11:55:00+00:00, run_after=2022-09-20T11:56:00+00:00
[2022-09-20T17:26:17.959+0530] {processor.py:161} INFO - Processing /home/sayone/This PC/SayOne Technologies/Works/airflow_new/Airflow/dags/hello_world.py took 0.046 seconds
[2022-09-20T17:27:30.323+0530] {processor.py:153} INFO - Started process (PID=31544) to work on /home/sayone/This PC/SayOne Technologies/Works/airflow_new/Airflow/dags/hello_world.py
[2022-09-20T17:27:30.326+0530] {processor.py:640} INFO - Processing file /home/sayone/This PC/SayOne Technologies/Works/airflow_new/Airflow/dags/hello_world.py for tasks to queue
[2022-09-20T17:27:30.327+0530] {logging_mixin.py:115} INFO - [2022-09-20T17:27:30.327+0530] {dagbag.py:508} INFO - Filling up the DagBag from /home/sayone/This PC/SayOne Technologies/Works/airflow_new/Airflow/dags/hello_world.py
[2022-09-20T17:27:30.339+0530] {processor.py:650} INFO - DAG(s) dict_keys(['hello_world']) retrieved from /home/sayone/This PC/SayOne Technologies/Works/airflow_new/Airflow/dags/hello_world.py
[2022-09-20T17:27:30.348+0530] {logging_mixin.py:115} INFO - [2022-09-20T17:27:30.348+0530] {dag.py:2429} INFO - Sync 1 DAGs
[2022-09-20T17:27:30.360+0530] {logging_mixin.py:115} INFO - [2022-09-20T17:27:30.360+0530] {dag.py:2977} INFO - Setting next_dagrun for hello_world to 2022-09-20T11:56:00+00:00, run_after=2022-09-20T11:57:00+00:00
[2022-09-20T17:27:30.368+0530] {processor.py:161} INFO - Processing /home/sayone/This PC/SayOne Technologies/Works/airflow_new/Airflow/dags/hello_world.py took 0.049 seconds
[2022-09-20T17:28:42.326+0530] {processor.py:153} INFO - Started process (PID=31732) to work on /home/sayone/This PC/SayOne Technologies/Works/airflow_new/Airflow/dags/hello_world.py
[2022-09-20T17:28:42.329+0530] {processor.py:640} INFO - Processing file /home/sayone/This PC/SayOne Technologies/Works/airflow_new/Airflow/dags/hello_world.py for tasks to queue
[2022-09-20T17:28:42.330+0530] {logging_mixin.py:115} INFO - [2022-09-20T17:28:42.330+0530] {dagbag.py:508} INFO - Filling up the DagBag from /home/sayone/This PC/SayOne Technologies/Works/airflow_new/Airflow/dags/hello_world.py
[2022-09-20T17:28:42.337+0530] {processor.py:650} INFO - DAG(s) dict_keys(['hello_world']) retrieved from /home/sayone/This PC/SayOne Technologies/Works/airflow_new/Airflow/dags/hello_world.py
[2022-09-20T17:28:42.346+0530] {logging_mixin.py:115} INFO - [2022-09-20T17:28:42.346+0530] {dag.py:2429} INFO - Sync 1 DAGs
[2022-09-20T17:28:42.362+0530] {logging_mixin.py:115} INFO - [2022-09-20T17:28:42.362+0530] {dag.py:2977} INFO - Setting next_dagrun for hello_world to 2022-09-20T11:57:00+00:00, run_after=2022-09-20T11:58:00+00:00
[2022-09-20T17:28:42.373+0530] {processor.py:161} INFO - Processing /home/sayone/This PC/SayOne Technologies/Works/airflow_new/Airflow/dags/hello_world.py took 0.048 seconds
[2022-09-20T17:29:53.666+0530] {processor.py:153} INFO - Started process (PID=32066) to work on /home/sayone/This PC/SayOne Technologies/Works/airflow_new/Airflow/dags/hello_world.py
[2022-09-20T17:29:53.669+0530] {processor.py:640} INFO - Processing file /home/sayone/This PC/SayOne Technologies/Works/airflow_new/Airflow/dags/hello_world.py for tasks to queue
[2022-09-20T17:29:53.670+0530] {logging_mixin.py:115} INFO - [2022-09-20T17:29:53.670+0530] {dagbag.py:508} INFO - Filling up the DagBag from /home/sayone/This PC/SayOne Technologies/Works/airflow_new/Airflow/dags/hello_world.py
[2022-09-20T17:29:53.681+0530] {processor.py:650} INFO - DAG(s) dict_keys(['hello_world']) retrieved from /home/sayone/This PC/SayOne Technologies/Works/airflow_new/Airflow/dags/hello_world.py
[2022-09-20T17:29:53.691+0530] {logging_mixin.py:115} INFO - [2022-09-20T17:29:53.690+0530] {dag.py:2429} INFO - Sync 1 DAGs
[2022-09-20T17:29:53.703+0530] {logging_mixin.py:115} INFO - [2022-09-20T17:29:53.703+0530] {dag.py:2977} INFO - Setting next_dagrun for hello_world to 2022-09-20T11:58:00+00:00, run_after=2022-09-20T11:59:00+00:00
[2022-09-20T17:29:53.713+0530] {processor.py:161} INFO - Processing /home/sayone/This PC/SayOne Technologies/Works/airflow_new/Airflow/dags/hello_world.py took 0.051 seconds
[2022-09-20T17:31:05.852+0530] {processor.py:153} INFO - Started process (PID=32242) to work on /home/sayone/This PC/SayOne Technologies/Works/airflow_new/Airflow/dags/hello_world.py
[2022-09-20T17:31:05.855+0530] {processor.py:640} INFO - Processing file /home/sayone/This PC/SayOne Technologies/Works/airflow_new/Airflow/dags/hello_world.py for tasks to queue
[2022-09-20T17:31:05.856+0530] {logging_mixin.py:115} INFO - [2022-09-20T17:31:05.856+0530] {dagbag.py:508} INFO - Filling up the DagBag from /home/sayone/This PC/SayOne Technologies/Works/airflow_new/Airflow/dags/hello_world.py
[2022-09-20T17:31:05.868+0530] {processor.py:650} INFO - DAG(s) dict_keys(['hello_world']) retrieved from /home/sayone/This PC/SayOne Technologies/Works/airflow_new/Airflow/dags/hello_world.py
[2022-09-20T17:31:05.877+0530] {logging_mixin.py:115} INFO - [2022-09-20T17:31:05.877+0530] {dag.py:2429} INFO - Sync 1 DAGs
[2022-09-20T17:31:05.889+0530] {logging_mixin.py:115} INFO - [2022-09-20T17:31:05.889+0530] {dag.py:2977} INFO - Setting next_dagrun for hello_world to 2022-09-20T12:00:00+00:00, run_after=2022-09-20T12:01:00+00:00
[2022-09-20T17:31:05.899+0530] {processor.py:161} INFO - Processing /home/sayone/This PC/SayOne Technologies/Works/airflow_new/Airflow/dags/hello_world.py took 0.051 seconds
[2022-09-20T17:32:18.733+0530] {processor.py:153} INFO - Started process (PID=32550) to work on /home/sayone/This PC/SayOne Technologies/Works/airflow_new/Airflow/dags/hello_world.py
[2022-09-20T17:32:18.735+0530] {processor.py:640} INFO - Processing file /home/sayone/This PC/SayOne Technologies/Works/airflow_new/Airflow/dags/hello_world.py for tasks to queue
[2022-09-20T17:32:18.735+0530] {logging_mixin.py:115} INFO - [2022-09-20T17:32:18.735+0530] {dagbag.py:508} INFO - Filling up the DagBag from /home/sayone/This PC/SayOne Technologies/Works/airflow_new/Airflow/dags/hello_world.py
[2022-09-20T17:32:18.747+0530] {processor.py:650} INFO - DAG(s) dict_keys(['hello_world']) retrieved from /home/sayone/This PC/SayOne Technologies/Works/airflow_new/Airflow/dags/hello_world.py
[2022-09-20T17:32:18.756+0530] {logging_mixin.py:115} INFO - [2022-09-20T17:32:18.756+0530] {dag.py:2429} INFO - Sync 1 DAGs
[2022-09-20T17:32:18.768+0530] {logging_mixin.py:115} INFO - [2022-09-20T17:32:18.768+0530] {dag.py:2977} INFO - Setting next_dagrun for hello_world to 2022-09-20T12:01:00+00:00, run_after=2022-09-20T12:02:00+00:00
[2022-09-20T17:32:18.778+0530] {processor.py:161} INFO - Processing /home/sayone/This PC/SayOne Technologies/Works/airflow_new/Airflow/dags/hello_world.py took 0.047 seconds
[2022-09-20T17:33:29.562+0530] {processor.py:153} INFO - Started process (PID=32731) to work on /home/sayone/This PC/SayOne Technologies/Works/airflow_new/Airflow/dags/hello_world.py
[2022-09-20T17:33:29.564+0530] {processor.py:640} INFO - Processing file /home/sayone/This PC/SayOne Technologies/Works/airflow_new/Airflow/dags/hello_world.py for tasks to queue
[2022-09-20T17:33:29.565+0530] {logging_mixin.py:115} INFO - [2022-09-20T17:33:29.565+0530] {dagbag.py:508} INFO - Filling up the DagBag from /home/sayone/This PC/SayOne Technologies/Works/airflow_new/Airflow/dags/hello_world.py
[2022-09-20T17:33:29.573+0530] {processor.py:650} INFO - DAG(s) dict_keys(['hello_world']) retrieved from /home/sayone/This PC/SayOne Technologies/Works/airflow_new/Airflow/dags/hello_world.py
[2022-09-20T17:33:29.582+0530] {logging_mixin.py:115} INFO - [2022-09-20T17:33:29.581+0530] {dag.py:2429} INFO - Sync 1 DAGs
[2022-09-20T17:33:29.594+0530] {logging_mixin.py:115} INFO - [2022-09-20T17:33:29.594+0530] {dag.py:2977} INFO - Setting next_dagrun for hello_world to 2022-09-20T12:02:00+00:00, run_after=2022-09-20T12:03:00+00:00
[2022-09-20T17:33:29.603+0530] {processor.py:161} INFO - Processing /home/sayone/This PC/SayOne Technologies/Works/airflow_new/Airflow/dags/hello_world.py took 0.043 seconds
[2022-09-20T17:34:43.821+0530] {processor.py:153} INFO - Started process (PID=33073) to work on /home/sayone/This PC/SayOne Technologies/Works/airflow_new/Airflow/dags/hello_world.py
[2022-09-20T17:34:43.824+0530] {processor.py:640} INFO - Processing file /home/sayone/This PC/SayOne Technologies/Works/airflow_new/Airflow/dags/hello_world.py for tasks to queue
[2022-09-20T17:34:43.825+0530] {logging_mixin.py:115} INFO - [2022-09-20T17:34:43.825+0530] {dagbag.py:508} INFO - Filling up the DagBag from /home/sayone/This PC/SayOne Technologies/Works/airflow_new/Airflow/dags/hello_world.py
[2022-09-20T17:34:43.837+0530] {processor.py:650} INFO - DAG(s) dict_keys(['hello_world']) retrieved from /home/sayone/This PC/SayOne Technologies/Works/airflow_new/Airflow/dags/hello_world.py
[2022-09-20T17:34:43.845+0530] {logging_mixin.py:115} INFO - [2022-09-20T17:34:43.845+0530] {dag.py:2429} INFO - Sync 1 DAGs
[2022-09-20T17:34:43.858+0530] {logging_mixin.py:115} INFO - [2022-09-20T17:34:43.857+0530] {dag.py:2977} INFO - Setting next_dagrun for hello_world to 2022-09-20T12:03:00+00:00, run_after=2022-09-20T12:04:00+00:00
[2022-09-20T17:34:43.868+0530] {processor.py:161} INFO - Processing /home/sayone/This PC/SayOne Technologies/Works/airflow_new/Airflow/dags/hello_world.py took 0.050 seconds
[2022-09-20T17:35:55.609+0530] {processor.py:153} INFO - Started process (PID=33275) to work on /home/sayone/This PC/SayOne Technologies/Works/airflow_new/Airflow/dags/hello_world.py
[2022-09-20T17:35:55.612+0530] {processor.py:640} INFO - Processing file /home/sayone/This PC/SayOne Technologies/Works/airflow_new/Airflow/dags/hello_world.py for tasks to queue
[2022-09-20T17:35:55.613+0530] {logging_mixin.py:115} INFO - [2022-09-20T17:35:55.613+0530] {dagbag.py:508} INFO - Filling up the DagBag from /home/sayone/This PC/SayOne Technologies/Works/airflow_new/Airflow/dags/hello_world.py
[2022-09-20T17:35:55.621+0530] {processor.py:650} INFO - DAG(s) dict_keys(['hello_world']) retrieved from /home/sayone/This PC/SayOne Technologies/Works/airflow_new/Airflow/dags/hello_world.py
[2022-09-20T17:35:55.629+0530] {logging_mixin.py:115} INFO - [2022-09-20T17:35:55.629+0530] {dag.py:2429} INFO - Sync 1 DAGs
[2022-09-20T17:35:55.641+0530] {logging_mixin.py:115} INFO - [2022-09-20T17:35:55.641+0530] {dag.py:2977} INFO - Setting next_dagrun for hello_world to 2022-09-20T12:04:00+00:00, run_after=2022-09-20T12:05:00+00:00
[2022-09-20T17:35:55.650+0530] {processor.py:161} INFO - Processing /home/sayone/This PC/SayOne Technologies/Works/airflow_new/Airflow/dags/hello_world.py took 0.043 seconds
[2022-09-20T17:37:08.747+0530] {processor.py:153} INFO - Started process (PID=33609) to work on /home/sayone/This PC/SayOne Technologies/Works/airflow_new/Airflow/dags/hello_world.py
[2022-09-20T17:37:08.747+0530] {processor.py:640} INFO - Processing file /home/sayone/This PC/SayOne Technologies/Works/airflow_new/Airflow/dags/hello_world.py for tasks to queue
[2022-09-20T17:37:08.749+0530] {logging_mixin.py:115} INFO - [2022-09-20T17:37:08.748+0530] {dagbag.py:508} INFO - Filling up the DagBag from /home/sayone/This PC/SayOne Technologies/Works/airflow_new/Airflow/dags/hello_world.py
[2022-09-20T17:37:08.757+0530] {processor.py:650} INFO - DAG(s) dict_keys(['hello_world']) retrieved from /home/sayone/This PC/SayOne Technologies/Works/airflow_new/Airflow/dags/hello_world.py
[2022-09-20T17:37:08.769+0530] {logging_mixin.py:115} INFO - [2022-09-20T17:37:08.769+0530] {dag.py:2429} INFO - Sync 1 DAGs
[2022-09-20T17:37:08.783+0530] {logging_mixin.py:115} INFO - [2022-09-20T17:37:08.783+0530] {dag.py:2977} INFO - Setting next_dagrun for hello_world to 2022-09-20T12:06:00+00:00, run_after=2022-09-20T12:07:00+00:00
[2022-09-20T17:37:08.795+0530] {processor.py:161} INFO - Processing /home/sayone/This PC/SayOne Technologies/Works/airflow_new/Airflow/dags/hello_world.py took 0.050 seconds
[2022-09-20T17:38:32.716+0530] {processor.py:153} INFO - Started process (PID=33867) to work on /home/sayone/This PC/SayOne Technologies/Works/airflow_new/Airflow/dags/hello_world.py
[2022-09-20T17:38:32.719+0530] {processor.py:640} INFO - Processing file /home/sayone/This PC/SayOne Technologies/Works/airflow_new/Airflow/dags/hello_world.py for tasks to queue
[2022-09-20T17:38:32.719+0530] {logging_mixin.py:115} INFO - [2022-09-20T17:38:32.719+0530] {dagbag.py:508} INFO - Filling up the DagBag from /home/sayone/This PC/SayOne Technologies/Works/airflow_new/Airflow/dags/hello_world.py
[2022-09-20T17:38:32.730+0530] {processor.py:650} INFO - DAG(s) dict_keys(['hello_world']) retrieved from /home/sayone/This PC/SayOne Technologies/Works/airflow_new/Airflow/dags/hello_world.py
[2022-09-20T17:38:32.741+0530] {logging_mixin.py:115} INFO - [2022-09-20T17:38:32.741+0530] {dag.py:2429} INFO - Sync 1 DAGs
[2022-09-20T17:38:32.754+0530] {logging_mixin.py:115} INFO - [2022-09-20T17:38:32.753+0530] {dag.py:2977} INFO - Setting next_dagrun for hello_world to 2022-09-20T12:07:00+00:00, run_after=2022-09-20T12:08:00+00:00
[2022-09-20T17:38:32.762+0530] {processor.py:161} INFO - Processing /home/sayone/This PC/SayOne Technologies/Works/airflow_new/Airflow/dags/hello_world.py took 0.047 seconds
[2022-09-20T17:39:43.208+0530] {processor.py:153} INFO - Started process (PID=34108) to work on /home/sayone/This PC/SayOne Technologies/Works/airflow_new/Airflow/dags/hello_world.py
[2022-09-20T17:39:43.211+0530] {processor.py:640} INFO - Processing file /home/sayone/This PC/SayOne Technologies/Works/airflow_new/Airflow/dags/hello_world.py for tasks to queue
[2022-09-20T17:39:43.212+0530] {logging_mixin.py:115} INFO - [2022-09-20T17:39:43.212+0530] {dagbag.py:508} INFO - Filling up the DagBag from /home/sayone/This PC/SayOne Technologies/Works/airflow_new/Airflow/dags/hello_world.py
[2022-09-20T17:39:43.222+0530] {processor.py:650} INFO - DAG(s) dict_keys(['hello_world']) retrieved from /home/sayone/This PC/SayOne Technologies/Works/airflow_new/Airflow/dags/hello_world.py
[2022-09-20T17:39:43.230+0530] {logging_mixin.py:115} INFO - [2022-09-20T17:39:43.230+0530] {dag.py:2429} INFO - Sync 1 DAGs
[2022-09-20T17:39:43.244+0530] {logging_mixin.py:115} INFO - [2022-09-20T17:39:43.244+0530] {dag.py:2977} INFO - Setting next_dagrun for hello_world to 2022-09-20T12:08:00+00:00, run_after=2022-09-20T12:09:00+00:00
[2022-09-20T17:39:43.253+0530] {processor.py:161} INFO - Processing /home/sayone/This PC/SayOne Technologies/Works/airflow_new/Airflow/dags/hello_world.py took 0.050 seconds
[2022-09-20T17:40:56.749+0530] {processor.py:153} INFO - Started process (PID=34370) to work on /home/sayone/This PC/SayOne Technologies/Works/airflow_new/Airflow/dags/hello_world.py
[2022-09-20T17:40:56.752+0530] {processor.py:640} INFO - Processing file /home/sayone/This PC/SayOne Technologies/Works/airflow_new/Airflow/dags/hello_world.py for tasks to queue
[2022-09-20T17:40:56.753+0530] {logging_mixin.py:115} INFO - [2022-09-20T17:40:56.753+0530] {dagbag.py:508} INFO - Filling up the DagBag from /home/sayone/This PC/SayOne Technologies/Works/airflow_new/Airflow/dags/hello_world.py
[2022-09-20T17:40:56.766+0530] {processor.py:650} INFO - DAG(s) dict_keys(['hello_world']) retrieved from /home/sayone/This PC/SayOne Technologies/Works/airflow_new/Airflow/dags/hello_world.py
[2022-09-20T17:40:56.774+0530] {logging_mixin.py:115} INFO - [2022-09-20T17:40:56.774+0530] {dag.py:2429} INFO - Sync 1 DAGs
[2022-09-20T17:40:56.786+0530] {logging_mixin.py:115} INFO - [2022-09-20T17:40:56.786+0530] {dag.py:2977} INFO - Setting next_dagrun for hello_world to 2022-09-20T12:09:00+00:00, run_after=2022-09-20T12:10:00+00:00
[2022-09-20T17:40:56.794+0530] {processor.py:161} INFO - Processing /home/sayone/This PC/SayOne Technologies/Works/airflow_new/Airflow/dags/hello_world.py took 0.049 seconds
[2022-09-20T17:41:55.527+0530] {processor.py:153} INFO - Started process (PID=34525) to work on /home/sayone/This PC/SayOne Technologies/Works/airflow_new/Airflow/dags/hello_world.py
[2022-09-20T17:41:55.529+0530] {processor.py:640} INFO - Processing file /home/sayone/This PC/SayOne Technologies/Works/airflow_new/Airflow/dags/hello_world.py for tasks to queue
[2022-09-20T17:41:55.530+0530] {logging_mixin.py:115} INFO - [2022-09-20T17:41:55.530+0530] {dagbag.py:508} INFO - Filling up the DagBag from /home/sayone/This PC/SayOne Technologies/Works/airflow_new/Airflow/dags/hello_world.py
[2022-09-20T17:41:55.539+0530] {processor.py:650} INFO - DAG(s) dict_keys(['hello_world']) retrieved from /home/sayone/This PC/SayOne Technologies/Works/airflow_new/Airflow/dags/hello_world.py
[2022-09-20T17:41:55.566+0530] {logging_mixin.py:115} INFO - [2022-09-20T17:41:55.566+0530] {dag.py:2429} INFO - Sync 1 DAGs
[2022-09-20T17:41:55.579+0530] {logging_mixin.py:115} INFO - [2022-09-20T17:41:55.578+0530] {dag.py:2977} INFO - Setting next_dagrun for hello_world to 2022-09-20T12:10:00+00:00, run_after=2022-09-20T12:11:00+00:00
[2022-09-20T17:41:55.590+0530] {processor.py:161} INFO - Processing /home/sayone/This PC/SayOne Technologies/Works/airflow_new/Airflow/dags/hello_world.py took 0.066 seconds
[2022-09-20T17:45:25.250+0530] {processor.py:153} INFO - Started process (PID=34910) to work on /home/sayone/This PC/SayOne Technologies/Works/airflow_new/Airflow/dags/hello_world.py
[2022-09-20T17:45:25.253+0530] {processor.py:640} INFO - Processing file /home/sayone/This PC/SayOne Technologies/Works/airflow_new/Airflow/dags/hello_world.py for tasks to queue
[2022-09-20T17:45:25.253+0530] {logging_mixin.py:115} INFO - [2022-09-20T17:45:25.253+0530] {dagbag.py:508} INFO - Filling up the DagBag from /home/sayone/This PC/SayOne Technologies/Works/airflow_new/Airflow/dags/hello_world.py
[2022-09-20T17:45:25.266+0530] {processor.py:650} INFO - DAG(s) dict_keys(['hello_world']) retrieved from /home/sayone/This PC/SayOne Technologies/Works/airflow_new/Airflow/dags/hello_world.py
[2022-09-20T17:45:25.274+0530] {logging_mixin.py:115} INFO - [2022-09-20T17:45:25.274+0530] {dag.py:2429} INFO - Sync 1 DAGs
[2022-09-20T17:45:25.288+0530] {logging_mixin.py:115} INFO - [2022-09-20T17:45:25.288+0530] {dag.py:2977} INFO - Setting next_dagrun for hello_world to 2022-09-20T12:14:00+00:00, run_after=2022-09-20T12:15:00+00:00
[2022-09-20T17:45:25.296+0530] {processor.py:161} INFO - Processing /home/sayone/This PC/SayOne Technologies/Works/airflow_new/Airflow/dags/hello_world.py took 0.049 seconds
[2022-09-20T17:46:02.550+0530] {processor.py:153} INFO - Started process (PID=35024) to work on /home/sayone/This PC/SayOne Technologies/Works/airflow_new/Airflow/dags/hello_world.py
[2022-09-20T17:46:02.553+0530] {processor.py:640} INFO - Processing file /home/sayone/This PC/SayOne Technologies/Works/airflow_new/Airflow/dags/hello_world.py for tasks to queue
[2022-09-20T17:46:02.554+0530] {logging_mixin.py:115} INFO - [2022-09-20T17:46:02.554+0530] {dagbag.py:508} INFO - Filling up the DagBag from /home/sayone/This PC/SayOne Technologies/Works/airflow_new/Airflow/dags/hello_world.py
[2022-09-20T17:46:02.567+0530] {processor.py:650} INFO - DAG(s) dict_keys(['hello_world']) retrieved from /home/sayone/This PC/SayOne Technologies/Works/airflow_new/Airflow/dags/hello_world.py
[2022-09-20T17:46:02.575+0530] {logging_mixin.py:115} INFO - [2022-09-20T17:46:02.575+0530] {dag.py:2429} INFO - Sync 1 DAGs
[2022-09-20T17:46:02.587+0530] {logging_mixin.py:115} INFO - [2022-09-20T17:46:02.587+0530] {dag.py:2977} INFO - Setting next_dagrun for hello_world to 2022-09-20T12:15:00+00:00, run_after=2022-09-20T12:16:00+00:00
[2022-09-20T17:46:02.595+0530] {processor.py:161} INFO - Processing /home/sayone/This PC/SayOne Technologies/Works/airflow_new/Airflow/dags/hello_world.py took 0.047 seconds
[2022-09-20T17:46:21.355+0530] {processor.py:153} INFO - Started process (PID=35060) to work on /home/sayone/This PC/SayOne Technologies/Works/airflow_new/Airflow/dags/hello_world.py
[2022-09-20T17:46:21.356+0530] {processor.py:640} INFO - Processing file /home/sayone/This PC/SayOne Technologies/Works/airflow_new/Airflow/dags/hello_world.py for tasks to queue
[2022-09-20T17:46:21.357+0530] {logging_mixin.py:115} INFO - [2022-09-20T17:46:21.357+0530] {dagbag.py:508} INFO - Filling up the DagBag from /home/sayone/This PC/SayOne Technologies/Works/airflow_new/Airflow/dags/hello_world.py
[2022-09-20T17:46:21.368+0530] {processor.py:650} INFO - DAG(s) dict_keys(['hello_world']) retrieved from /home/sayone/This PC/SayOne Technologies/Works/airflow_new/Airflow/dags/hello_world.py
[2022-09-20T17:46:21.377+0530] {logging_mixin.py:115} INFO - [2022-09-20T17:46:21.377+0530] {dag.py:2429} INFO - Sync 1 DAGs
[2022-09-20T17:46:21.390+0530] {logging_mixin.py:115} INFO - [2022-09-20T17:46:21.390+0530] {dag.py:2977} INFO - Setting next_dagrun for hello_world to 2022-09-20T12:15:00+00:00, run_after=2022-09-20T12:16:00+00:00
[2022-09-20T17:46:21.398+0530] {processor.py:161} INFO - Processing /home/sayone/This PC/SayOne Technologies/Works/airflow_new/Airflow/dags/hello_world.py took 0.046 seconds
[2022-09-20T17:46:55.886+0530] {processor.py:153} INFO - Started process (PID=35289) to work on /home/sayone/This PC/SayOne Technologies/Works/airflow_new/Airflow/dags/hello_world.py
[2022-09-20T17:46:55.887+0530] {processor.py:640} INFO - Processing file /home/sayone/This PC/SayOne Technologies/Works/airflow_new/Airflow/dags/hello_world.py for tasks to queue
[2022-09-20T17:46:55.887+0530] {logging_mixin.py:115} INFO - [2022-09-20T17:46:55.887+0530] {dagbag.py:508} INFO - Filling up the DagBag from /home/sayone/This PC/SayOne Technologies/Works/airflow_new/Airflow/dags/hello_world.py
[2022-09-20T17:46:55.897+0530] {processor.py:650} INFO - DAG(s) dict_keys(['hello_world']) retrieved from /home/sayone/This PC/SayOne Technologies/Works/airflow_new/Airflow/dags/hello_world.py
[2022-09-20T17:46:55.905+0530] {logging_mixin.py:115} INFO - [2022-09-20T17:46:55.905+0530] {dag.py:2429} INFO - Sync 1 DAGs
[2022-09-20T17:46:55.917+0530] {logging_mixin.py:115} INFO - [2022-09-20T17:46:55.917+0530] {dag.py:2977} INFO - Setting next_dagrun for hello_world to 2022-09-20T12:15:00+00:00, run_after=2022-09-20T12:16:00+00:00
[2022-09-20T17:46:55.926+0530] {processor.py:161} INFO - Processing /home/sayone/This PC/SayOne Technologies/Works/airflow_new/Airflow/dags/hello_world.py took 0.043 seconds
[2022-09-20T17:47:33.400+0530] {processor.py:153} INFO - Started process (PID=35371) to work on /home/sayone/This PC/SayOne Technologies/Works/airflow_new/Airflow/dags/hello_world.py
[2022-09-20T17:47:33.404+0530] {processor.py:640} INFO - Processing file /home/sayone/This PC/SayOne Technologies/Works/airflow_new/Airflow/dags/hello_world.py for tasks to queue
[2022-09-20T17:47:33.404+0530] {logging_mixin.py:115} INFO - [2022-09-20T17:47:33.404+0530] {dagbag.py:508} INFO - Filling up the DagBag from /home/sayone/This PC/SayOne Technologies/Works/airflow_new/Airflow/dags/hello_world.py
[2022-09-20T17:47:33.412+0530] {processor.py:650} INFO - DAG(s) dict_keys(['hello_world']) retrieved from /home/sayone/This PC/SayOne Technologies/Works/airflow_new/Airflow/dags/hello_world.py
[2022-09-20T17:47:33.420+0530] {logging_mixin.py:115} INFO - [2022-09-20T17:47:33.420+0530] {dag.py:2429} INFO - Sync 1 DAGs
[2022-09-20T17:47:33.432+0530] {logging_mixin.py:115} INFO - [2022-09-20T17:47:33.432+0530] {dag.py:2977} INFO - Setting next_dagrun for hello_world to 2022-09-20T12:16:00+00:00, run_after=2022-09-20T12:17:00+00:00
[2022-09-20T17:47:33.441+0530] {processor.py:161} INFO - Processing /home/sayone/This PC/SayOne Technologies/Works/airflow_new/Airflow/dags/hello_world.py took 0.042 seconds
[2022-09-20T17:48:10.313+0530] {processor.py:153} INFO - Started process (PID=35494) to work on /home/sayone/This PC/SayOne Technologies/Works/airflow_new/Airflow/dags/hello_world.py
[2022-09-20T17:48:10.316+0530] {processor.py:640} INFO - Processing file /home/sayone/This PC/SayOne Technologies/Works/airflow_new/Airflow/dags/hello_world.py for tasks to queue
[2022-09-20T17:48:10.317+0530] {logging_mixin.py:115} INFO - [2022-09-20T17:48:10.317+0530] {dagbag.py:508} INFO - Filling up the DagBag from /home/sayone/This PC/SayOne Technologies/Works/airflow_new/Airflow/dags/hello_world.py
[2022-09-20T17:48:10.328+0530] {processor.py:650} INFO - DAG(s) dict_keys(['hello_world']) retrieved from /home/sayone/This PC/SayOne Technologies/Works/airflow_new/Airflow/dags/hello_world.py
[2022-09-20T17:48:10.337+0530] {logging_mixin.py:115} INFO - [2022-09-20T17:48:10.337+0530] {dag.py:2429} INFO - Sync 1 DAGs
[2022-09-20T17:48:10.350+0530] {logging_mixin.py:115} INFO - [2022-09-20T17:48:10.350+0530] {dag.py:2977} INFO - Setting next_dagrun for hello_world to 2022-09-20T12:17:00+00:00, run_after=2022-09-20T12:18:00+00:00
[2022-09-20T17:48:10.359+0530] {processor.py:161} INFO - Processing /home/sayone/This PC/SayOne Technologies/Works/airflow_new/Airflow/dags/hello_world.py took 0.050 seconds
[2022-09-20T17:48:47.505+0530] {processor.py:153} INFO - Started process (PID=35579) to work on /home/sayone/This PC/SayOne Technologies/Works/airflow_new/Airflow/dags/hello_world.py
[2022-09-20T17:48:47.507+0530] {processor.py:640} INFO - Processing file /home/sayone/This PC/SayOne Technologies/Works/airflow_new/Airflow/dags/hello_world.py for tasks to queue
[2022-09-20T17:48:47.508+0530] {logging_mixin.py:115} INFO - [2022-09-20T17:48:47.508+0530] {dagbag.py:508} INFO - Filling up the DagBag from /home/sayone/This PC/SayOne Technologies/Works/airflow_new/Airflow/dags/hello_world.py
[2022-09-20T17:48:47.518+0530] {processor.py:650} INFO - DAG(s) dict_keys(['hello_world']) retrieved from /home/sayone/This PC/SayOne Technologies/Works/airflow_new/Airflow/dags/hello_world.py
[2022-09-20T17:48:47.527+0530] {logging_mixin.py:115} INFO - [2022-09-20T17:48:47.527+0530] {dag.py:2429} INFO - Sync 1 DAGs
[2022-09-20T17:48:47.540+0530] {logging_mixin.py:115} INFO - [2022-09-20T17:48:47.540+0530] {dag.py:2977} INFO - Setting next_dagrun for hello_world to 2022-09-20T12:17:00+00:00, run_after=2022-09-20T12:18:00+00:00
[2022-09-20T17:48:47.549+0530] {processor.py:161} INFO - Processing /home/sayone/This PC/SayOne Technologies/Works/airflow_new/Airflow/dags/hello_world.py took 0.046 seconds
[2022-09-20T17:49:24.542+0530] {processor.py:153} INFO - Started process (PID=35690) to work on /home/sayone/This PC/SayOne Technologies/Works/airflow_new/Airflow/dags/hello_world.py
[2022-09-20T17:49:24.543+0530] {processor.py:640} INFO - Processing file /home/sayone/This PC/SayOne Technologies/Works/airflow_new/Airflow/dags/hello_world.py for tasks to queue
[2022-09-20T17:49:24.544+0530] {logging_mixin.py:115} INFO - [2022-09-20T17:49:24.544+0530] {dagbag.py:508} INFO - Filling up the DagBag from /home/sayone/This PC/SayOne Technologies/Works/airflow_new/Airflow/dags/hello_world.py
[2022-09-20T17:49:24.554+0530] {processor.py:650} INFO - DAG(s) dict_keys(['hello_world']) retrieved from /home/sayone/This PC/SayOne Technologies/Works/airflow_new/Airflow/dags/hello_world.py
[2022-09-20T17:49:24.563+0530] {logging_mixin.py:115} INFO - [2022-09-20T17:49:24.563+0530] {dag.py:2429} INFO - Sync 1 DAGs
[2022-09-20T17:49:24.576+0530] {logging_mixin.py:115} INFO - [2022-09-20T17:49:24.576+0530] {dag.py:2977} INFO - Setting next_dagrun for hello_world to 2022-09-20T12:18:00+00:00, run_after=2022-09-20T12:19:00+00:00
[2022-09-20T17:49:24.585+0530] {processor.py:161} INFO - Processing /home/sayone/This PC/SayOne Technologies/Works/airflow_new/Airflow/dags/hello_world.py took 0.047 seconds
[2022-09-20T17:50:02.247+0530] {processor.py:153} INFO - Started process (PID=35797) to work on /home/sayone/This PC/SayOne Technologies/Works/airflow_new/Airflow/dags/hello_world.py
[2022-09-20T17:50:02.248+0530] {processor.py:640} INFO - Processing file /home/sayone/This PC/SayOne Technologies/Works/airflow_new/Airflow/dags/hello_world.py for tasks to queue
[2022-09-20T17:50:02.249+0530] {logging_mixin.py:115} INFO - [2022-09-20T17:50:02.248+0530] {dagbag.py:508} INFO - Filling up the DagBag from /home/sayone/This PC/SayOne Technologies/Works/airflow_new/Airflow/dags/hello_world.py
[2022-09-20T17:50:02.257+0530] {processor.py:650} INFO - DAG(s) dict_keys(['hello_world']) retrieved from /home/sayone/This PC/SayOne Technologies/Works/airflow_new/Airflow/dags/hello_world.py
[2022-09-20T17:50:02.265+0530] {logging_mixin.py:115} INFO - [2022-09-20T17:50:02.265+0530] {dag.py:2429} INFO - Sync 1 DAGs
[2022-09-20T17:50:02.277+0530] {logging_mixin.py:115} INFO - [2022-09-20T17:50:02.277+0530] {dag.py:2977} INFO - Setting next_dagrun for hello_world to 2022-09-20T12:19:00+00:00, run_after=2022-09-20T12:20:00+00:00
[2022-09-20T17:50:02.285+0530] {processor.py:161} INFO - Processing /home/sayone/This PC/SayOne Technologies/Works/airflow_new/Airflow/dags/hello_world.py took 0.041 seconds
[2022-09-20T17:50:37.387+0530] {processor.py:153} INFO - Started process (PID=35867) to work on /home/sayone/This PC/SayOne Technologies/Works/airflow_new/Airflow/dags/hello_world.py
[2022-09-20T17:50:37.390+0530] {processor.py:640} INFO - Processing file /home/sayone/This PC/SayOne Technologies/Works/airflow_new/Airflow/dags/hello_world.py for tasks to queue
[2022-09-20T17:50:37.391+0530] {logging_mixin.py:115} INFO - [2022-09-20T17:50:37.391+0530] {dagbag.py:508} INFO - Filling up the DagBag from /home/sayone/This PC/SayOne Technologies/Works/airflow_new/Airflow/dags/hello_world.py
[2022-09-20T17:50:37.403+0530] {processor.py:650} INFO - DAG(s) dict_keys(['hello_world']) retrieved from /home/sayone/This PC/SayOne Technologies/Works/airflow_new/Airflow/dags/hello_world.py
[2022-09-20T17:50:37.412+0530] {logging_mixin.py:115} INFO - [2022-09-20T17:50:37.412+0530] {dag.py:2429} INFO - Sync 1 DAGs
[2022-09-20T17:50:37.424+0530] {logging_mixin.py:115} INFO - [2022-09-20T17:50:37.424+0530] {dag.py:2977} INFO - Setting next_dagrun for hello_world to 2022-09-20T12:19:00+00:00, run_after=2022-09-20T12:20:00+00:00
[2022-09-20T17:50:37.432+0530] {processor.py:161} INFO - Processing /home/sayone/This PC/SayOne Technologies/Works/airflow_new/Airflow/dags/hello_world.py took 0.049 seconds
[2022-09-20T17:51:13.933+0530] {processor.py:153} INFO - Started process (PID=35973) to work on /home/sayone/This PC/SayOne Technologies/Works/airflow_new/Airflow/dags/hello_world.py
[2022-09-20T17:51:13.935+0530] {processor.py:640} INFO - Processing file /home/sayone/This PC/SayOne Technologies/Works/airflow_new/Airflow/dags/hello_world.py for tasks to queue
[2022-09-20T17:51:13.936+0530] {logging_mixin.py:115} INFO - [2022-09-20T17:51:13.936+0530] {dagbag.py:508} INFO - Filling up the DagBag from /home/sayone/This PC/SayOne Technologies/Works/airflow_new/Airflow/dags/hello_world.py
[2022-09-20T17:51:13.944+0530] {processor.py:650} INFO - DAG(s) dict_keys(['hello_world']) retrieved from /home/sayone/This PC/SayOne Technologies/Works/airflow_new/Airflow/dags/hello_world.py
[2022-09-20T17:51:13.955+0530] {logging_mixin.py:115} INFO - [2022-09-20T17:51:13.955+0530] {dag.py:2429} INFO - Sync 1 DAGs
[2022-09-20T17:51:13.969+0530] {logging_mixin.py:115} INFO - [2022-09-20T17:51:13.969+0530] {dag.py:2977} INFO - Setting next_dagrun for hello_world to 2022-09-20T12:20:00+00:00, run_after=2022-09-20T12:21:00+00:00
[2022-09-20T17:51:13.977+0530] {processor.py:161} INFO - Processing /home/sayone/This PC/SayOne Technologies/Works/airflow_new/Airflow/dags/hello_world.py took 0.046 seconds
[2022-09-20T17:51:51.920+0530] {processor.py:153} INFO - Started process (PID=36033) to work on /home/sayone/This PC/SayOne Technologies/Works/airflow_new/Airflow/dags/hello_world.py
[2022-09-20T17:51:51.923+0530] {processor.py:640} INFO - Processing file /home/sayone/This PC/SayOne Technologies/Works/airflow_new/Airflow/dags/hello_world.py for tasks to queue
[2022-09-20T17:51:51.924+0530] {logging_mixin.py:115} INFO - [2022-09-20T17:51:51.924+0530] {dagbag.py:508} INFO - Filling up the DagBag from /home/sayone/This PC/SayOne Technologies/Works/airflow_new/Airflow/dags/hello_world.py
[2022-09-20T17:51:51.934+0530] {processor.py:650} INFO - DAG(s) dict_keys(['hello_world']) retrieved from /home/sayone/This PC/SayOne Technologies/Works/airflow_new/Airflow/dags/hello_world.py
[2022-09-20T17:51:51.944+0530] {logging_mixin.py:115} INFO - [2022-09-20T17:51:51.943+0530] {dag.py:2429} INFO - Sync 1 DAGs
[2022-09-20T17:51:51.956+0530] {logging_mixin.py:115} INFO - [2022-09-20T17:51:51.956+0530] {dag.py:2977} INFO - Setting next_dagrun for hello_world to 2022-09-20T12:20:00+00:00, run_after=2022-09-20T12:21:00+00:00
[2022-09-20T17:51:51.967+0530] {processor.py:161} INFO - Processing /home/sayone/This PC/SayOne Technologies/Works/airflow_new/Airflow/dags/hello_world.py took 0.051 seconds
[2022-09-20T17:52:30.415+0530] {processor.py:153} INFO - Started process (PID=36258) to work on /home/sayone/This PC/SayOne Technologies/Works/airflow_new/Airflow/dags/hello_world.py
[2022-09-20T17:52:30.418+0530] {processor.py:640} INFO - Processing file /home/sayone/This PC/SayOne Technologies/Works/airflow_new/Airflow/dags/hello_world.py for tasks to queue
[2022-09-20T17:52:30.419+0530] {logging_mixin.py:115} INFO - [2022-09-20T17:52:30.418+0530] {dagbag.py:508} INFO - Filling up the DagBag from /home/sayone/This PC/SayOne Technologies/Works/airflow_new/Airflow/dags/hello_world.py
[2022-09-20T17:52:30.426+0530] {processor.py:650} INFO - DAG(s) dict_keys(['hello_world']) retrieved from /home/sayone/This PC/SayOne Technologies/Works/airflow_new/Airflow/dags/hello_world.py
[2022-09-20T17:52:30.436+0530] {logging_mixin.py:115} INFO - [2022-09-20T17:52:30.435+0530] {dag.py:2429} INFO - Sync 1 DAGs
[2022-09-20T17:52:30.450+0530] {logging_mixin.py:115} INFO - [2022-09-20T17:52:30.450+0530] {dag.py:2977} INFO - Setting next_dagrun for hello_world to 2022-09-20T12:21:00+00:00, run_after=2022-09-20T12:22:00+00:00
[2022-09-20T17:52:30.460+0530] {processor.py:161} INFO - Processing /home/sayone/This PC/SayOne Technologies/Works/airflow_new/Airflow/dags/hello_world.py took 0.049 seconds
[2022-09-20T17:53:07.283+0530] {processor.py:153} INFO - Started process (PID=36398) to work on /home/sayone/This PC/SayOne Technologies/Works/airflow_new/Airflow/dags/hello_world.py
[2022-09-20T17:53:07.284+0530] {processor.py:640} INFO - Processing file /home/sayone/This PC/SayOne Technologies/Works/airflow_new/Airflow/dags/hello_world.py for tasks to queue
[2022-09-20T17:53:07.285+0530] {logging_mixin.py:115} INFO - [2022-09-20T17:53:07.285+0530] {dagbag.py:508} INFO - Filling up the DagBag from /home/sayone/This PC/SayOne Technologies/Works/airflow_new/Airflow/dags/hello_world.py
[2022-09-20T17:53:07.293+0530] {processor.py:650} INFO - DAG(s) dict_keys(['hello_world']) retrieved from /home/sayone/This PC/SayOne Technologies/Works/airflow_new/Airflow/dags/hello_world.py
[2022-09-20T17:53:07.303+0530] {logging_mixin.py:115} INFO - [2022-09-20T17:53:07.302+0530] {dag.py:2429} INFO - Sync 1 DAGs
[2022-09-20T17:53:07.315+0530] {logging_mixin.py:115} INFO - [2022-09-20T17:53:07.315+0530] {dag.py:2977} INFO - Setting next_dagrun for hello_world to 2022-09-20T12:22:00+00:00, run_after=2022-09-20T12:23:00+00:00
[2022-09-20T17:53:07.324+0530] {processor.py:161} INFO - Processing /home/sayone/This PC/SayOne Technologies/Works/airflow_new/Airflow/dags/hello_world.py took 0.043 seconds
[2022-09-20T17:53:42.919+0530] {processor.py:153} INFO - Started process (PID=36457) to work on /home/sayone/This PC/SayOne Technologies/Works/airflow_new/Airflow/dags/hello_world.py
[2022-09-20T17:53:42.921+0530] {processor.py:640} INFO - Processing file /home/sayone/This PC/SayOne Technologies/Works/airflow_new/Airflow/dags/hello_world.py for tasks to queue
[2022-09-20T17:53:42.922+0530] {logging_mixin.py:115} INFO - [2022-09-20T17:53:42.922+0530] {dagbag.py:508} INFO - Filling up the DagBag from /home/sayone/This PC/SayOne Technologies/Works/airflow_new/Airflow/dags/hello_world.py
[2022-09-20T17:53:42.934+0530] {processor.py:650} INFO - DAG(s) dict_keys(['hello_world']) retrieved from /home/sayone/This PC/SayOne Technologies/Works/airflow_new/Airflow/dags/hello_world.py
[2022-09-20T17:53:42.942+0530] {logging_mixin.py:115} INFO - [2022-09-20T17:53:42.942+0530] {dag.py:2429} INFO - Sync 1 DAGs
[2022-09-20T17:53:42.954+0530] {logging_mixin.py:115} INFO - [2022-09-20T17:53:42.954+0530] {dag.py:2977} INFO - Setting next_dagrun for hello_world to 2022-09-20T12:22:00+00:00, run_after=2022-09-20T12:23:00+00:00
[2022-09-20T17:53:42.964+0530] {processor.py:161} INFO - Processing /home/sayone/This PC/SayOne Technologies/Works/airflow_new/Airflow/dags/hello_world.py took 0.047 seconds
