[2022-09-20T17:16:48.769+0530] {processor.py:153} INFO - Started process (PID=28621) to work on /home/sayone/This PC/SayOne Technologies/Works/airflow_new/Airflow/venv/lib/python3.8/site-packages/airflow/example_dags/plugins/workday.py
[2022-09-20T17:16:48.770+0530] {processor.py:640} INFO - Processing file /home/sayone/This PC/SayOne Technologies/Works/airflow_new/Airflow/venv/lib/python3.8/site-packages/airflow/example_dags/plugins/workday.py for tasks to queue
[2022-09-20T17:16:48.770+0530] {logging_mixin.py:115} INFO - [2022-09-20T17:16:48.770+0530] {dagbag.py:508} INFO - Filling up the DagBag from /home/sayone/This PC/SayOne Technologies/Works/airflow_new/Airflow/venv/lib/python3.8/site-packages/airflow/example_dags/plugins/workday.py
[2022-09-20T17:16:48.772+0530] {processor.py:652} WARNING - No viable dags retrieved from /home/sayone/This PC/SayOne Technologies/Works/airflow_new/Airflow/venv/lib/python3.8/site-packages/airflow/example_dags/plugins/workday.py
[2022-09-20T17:16:48.780+0530] {processor.py:161} INFO - Processing /home/sayone/This PC/SayOne Technologies/Works/airflow_new/Airflow/venv/lib/python3.8/site-packages/airflow/example_dags/plugins/workday.py took 0.013 seconds
[2022-09-20T17:17:26.414+0530] {processor.py:153} INFO - Started process (PID=28930) to work on /home/sayone/This PC/SayOne Technologies/Works/airflow_new/Airflow/venv/lib/python3.8/site-packages/airflow/example_dags/plugins/workday.py
[2022-09-20T17:17:26.417+0530] {processor.py:640} INFO - Processing file /home/sayone/This PC/SayOne Technologies/Works/airflow_new/Airflow/venv/lib/python3.8/site-packages/airflow/example_dags/plugins/workday.py for tasks to queue
[2022-09-20T17:17:26.420+0530] {logging_mixin.py:115} INFO - [2022-09-20T17:17:26.419+0530] {dagbag.py:508} INFO - Filling up the DagBag from /home/sayone/This PC/SayOne Technologies/Works/airflow_new/Airflow/venv/lib/python3.8/site-packages/airflow/example_dags/plugins/workday.py
[2022-09-20T17:17:26.422+0530] {processor.py:652} WARNING - No viable dags retrieved from /home/sayone/This PC/SayOne Technologies/Works/airflow_new/Airflow/venv/lib/python3.8/site-packages/airflow/example_dags/plugins/workday.py
[2022-09-20T17:17:26.434+0530] {processor.py:161} INFO - Processing /home/sayone/This PC/SayOne Technologies/Works/airflow_new/Airflow/venv/lib/python3.8/site-packages/airflow/example_dags/plugins/workday.py took 0.022 seconds
[2022-09-20T17:18:00.070+0530] {processor.py:153} INFO - Started process (PID=29078) to work on /home/sayone/This PC/SayOne Technologies/Works/airflow_new/Airflow/venv/lib/python3.8/site-packages/airflow/example_dags/plugins/workday.py
[2022-09-20T17:18:00.073+0530] {processor.py:640} INFO - Processing file /home/sayone/This PC/SayOne Technologies/Works/airflow_new/Airflow/venv/lib/python3.8/site-packages/airflow/example_dags/plugins/workday.py for tasks to queue
[2022-09-20T17:18:00.073+0530] {logging_mixin.py:115} INFO - [2022-09-20T17:18:00.073+0530] {dagbag.py:508} INFO - Filling up the DagBag from /home/sayone/This PC/SayOne Technologies/Works/airflow_new/Airflow/venv/lib/python3.8/site-packages/airflow/example_dags/plugins/workday.py
[2022-09-20T17:18:00.075+0530] {processor.py:652} WARNING - No viable dags retrieved from /home/sayone/This PC/SayOne Technologies/Works/airflow_new/Airflow/venv/lib/python3.8/site-packages/airflow/example_dags/plugins/workday.py
[2022-09-20T17:18:00.082+0530] {processor.py:161} INFO - Processing /home/sayone/This PC/SayOne Technologies/Works/airflow_new/Airflow/venv/lib/python3.8/site-packages/airflow/example_dags/plugins/workday.py took 0.014 seconds
[2022-09-20T17:18:35.344+0530] {processor.py:153} INFO - Started process (PID=29179) to work on /home/sayone/This PC/SayOne Technologies/Works/airflow_new/Airflow/venv/lib/python3.8/site-packages/airflow/example_dags/plugins/workday.py
[2022-09-20T17:18:35.346+0530] {processor.py:640} INFO - Processing file /home/sayone/This PC/SayOne Technologies/Works/airflow_new/Airflow/venv/lib/python3.8/site-packages/airflow/example_dags/plugins/workday.py for tasks to queue
[2022-09-20T17:18:35.347+0530] {logging_mixin.py:115} INFO - [2022-09-20T17:18:35.347+0530] {dagbag.py:508} INFO - Filling up the DagBag from /home/sayone/This PC/SayOne Technologies/Works/airflow_new/Airflow/venv/lib/python3.8/site-packages/airflow/example_dags/plugins/workday.py
[2022-09-20T17:18:35.349+0530] {processor.py:652} WARNING - No viable dags retrieved from /home/sayone/This PC/SayOne Technologies/Works/airflow_new/Airflow/venv/lib/python3.8/site-packages/airflow/example_dags/plugins/workday.py
[2022-09-20T17:18:35.355+0530] {processor.py:161} INFO - Processing /home/sayone/This PC/SayOne Technologies/Works/airflow_new/Airflow/venv/lib/python3.8/site-packages/airflow/example_dags/plugins/workday.py took 0.015 seconds
[2022-09-20T17:19:11.417+0530] {processor.py:153} INFO - Started process (PID=29322) to work on /home/sayone/This PC/SayOne Technologies/Works/airflow_new/Airflow/venv/lib/python3.8/site-packages/airflow/example_dags/plugins/workday.py
[2022-09-20T17:19:11.419+0530] {processor.py:640} INFO - Processing file /home/sayone/This PC/SayOne Technologies/Works/airflow_new/Airflow/venv/lib/python3.8/site-packages/airflow/example_dags/plugins/workday.py for tasks to queue
[2022-09-20T17:19:11.420+0530] {logging_mixin.py:115} INFO - [2022-09-20T17:19:11.420+0530] {dagbag.py:508} INFO - Filling up the DagBag from /home/sayone/This PC/SayOne Technologies/Works/airflow_new/Airflow/venv/lib/python3.8/site-packages/airflow/example_dags/plugins/workday.py
[2022-09-20T17:19:11.421+0530] {processor.py:652} WARNING - No viable dags retrieved from /home/sayone/This PC/SayOne Technologies/Works/airflow_new/Airflow/venv/lib/python3.8/site-packages/airflow/example_dags/plugins/workday.py
[2022-09-20T17:19:11.429+0530] {processor.py:161} INFO - Processing /home/sayone/This PC/SayOne Technologies/Works/airflow_new/Airflow/venv/lib/python3.8/site-packages/airflow/example_dags/plugins/workday.py took 0.014 seconds
[2022-09-20T17:19:46.288+0530] {processor.py:153} INFO - Started process (PID=29547) to work on /home/sayone/This PC/SayOne Technologies/Works/airflow_new/Airflow/venv/lib/python3.8/site-packages/airflow/example_dags/plugins/workday.py
[2022-09-20T17:19:46.291+0530] {processor.py:640} INFO - Processing file /home/sayone/This PC/SayOne Technologies/Works/airflow_new/Airflow/venv/lib/python3.8/site-packages/airflow/example_dags/plugins/workday.py for tasks to queue
[2022-09-20T17:19:46.292+0530] {logging_mixin.py:115} INFO - [2022-09-20T17:19:46.292+0530] {dagbag.py:508} INFO - Filling up the DagBag from /home/sayone/This PC/SayOne Technologies/Works/airflow_new/Airflow/venv/lib/python3.8/site-packages/airflow/example_dags/plugins/workday.py
[2022-09-20T17:19:46.294+0530] {processor.py:652} WARNING - No viable dags retrieved from /home/sayone/This PC/SayOne Technologies/Works/airflow_new/Airflow/venv/lib/python3.8/site-packages/airflow/example_dags/plugins/workday.py
[2022-09-20T17:19:46.304+0530] {processor.py:161} INFO - Processing /home/sayone/This PC/SayOne Technologies/Works/airflow_new/Airflow/venv/lib/python3.8/site-packages/airflow/example_dags/plugins/workday.py took 0.017 seconds
[2022-09-20T17:20:08.578+0530] {processor.py:153} INFO - Started process (PID=29667) to work on /home/sayone/This PC/SayOne Technologies/Works/airflow_new/Airflow/venv/lib/python3.8/site-packages/airflow/example_dags/plugins/workday.py
[2022-09-20T17:20:08.579+0530] {processor.py:640} INFO - Processing file /home/sayone/This PC/SayOne Technologies/Works/airflow_new/Airflow/venv/lib/python3.8/site-packages/airflow/example_dags/plugins/workday.py for tasks to queue
[2022-09-20T17:20:08.579+0530] {logging_mixin.py:115} INFO - [2022-09-20T17:20:08.579+0530] {dagbag.py:508} INFO - Filling up the DagBag from /home/sayone/This PC/SayOne Technologies/Works/airflow_new/Airflow/venv/lib/python3.8/site-packages/airflow/example_dags/plugins/workday.py
[2022-09-20T17:20:08.581+0530] {processor.py:652} WARNING - No viable dags retrieved from /home/sayone/This PC/SayOne Technologies/Works/airflow_new/Airflow/venv/lib/python3.8/site-packages/airflow/example_dags/plugins/workday.py
[2022-09-20T17:20:08.592+0530] {processor.py:161} INFO - Processing /home/sayone/This PC/SayOne Technologies/Works/airflow_new/Airflow/venv/lib/python3.8/site-packages/airflow/example_dags/plugins/workday.py took 0.016 seconds
[2022-09-20T17:20:44.283+0530] {processor.py:153} INFO - Started process (PID=29734) to work on /home/sayone/This PC/SayOne Technologies/Works/airflow_new/Airflow/venv/lib/python3.8/site-packages/airflow/example_dags/plugins/workday.py
[2022-09-20T17:20:44.286+0530] {processor.py:640} INFO - Processing file /home/sayone/This PC/SayOne Technologies/Works/airflow_new/Airflow/venv/lib/python3.8/site-packages/airflow/example_dags/plugins/workday.py for tasks to queue
[2022-09-20T17:20:44.287+0530] {logging_mixin.py:115} INFO - [2022-09-20T17:20:44.287+0530] {dagbag.py:508} INFO - Filling up the DagBag from /home/sayone/This PC/SayOne Technologies/Works/airflow_new/Airflow/venv/lib/python3.8/site-packages/airflow/example_dags/plugins/workday.py
[2022-09-20T17:20:44.290+0530] {processor.py:652} WARNING - No viable dags retrieved from /home/sayone/This PC/SayOne Technologies/Works/airflow_new/Airflow/venv/lib/python3.8/site-packages/airflow/example_dags/plugins/workday.py
[2022-09-20T17:20:44.300+0530] {processor.py:161} INFO - Processing /home/sayone/This PC/SayOne Technologies/Works/airflow_new/Airflow/venv/lib/python3.8/site-packages/airflow/example_dags/plugins/workday.py took 0.021 seconds
[2022-09-20T17:21:18.399+0530] {processor.py:153} INFO - Started process (PID=29845) to work on /home/sayone/This PC/SayOne Technologies/Works/airflow_new/Airflow/venv/lib/python3.8/site-packages/airflow/example_dags/plugins/workday.py
[2022-09-20T17:21:18.402+0530] {processor.py:640} INFO - Processing file /home/sayone/This PC/SayOne Technologies/Works/airflow_new/Airflow/venv/lib/python3.8/site-packages/airflow/example_dags/plugins/workday.py for tasks to queue
[2022-09-20T17:21:18.402+0530] {logging_mixin.py:115} INFO - [2022-09-20T17:21:18.402+0530] {dagbag.py:508} INFO - Filling up the DagBag from /home/sayone/This PC/SayOne Technologies/Works/airflow_new/Airflow/venv/lib/python3.8/site-packages/airflow/example_dags/plugins/workday.py
[2022-09-20T17:21:18.403+0530] {processor.py:652} WARNING - No viable dags retrieved from /home/sayone/This PC/SayOne Technologies/Works/airflow_new/Airflow/venv/lib/python3.8/site-packages/airflow/example_dags/plugins/workday.py
[2022-09-20T17:21:18.410+0530] {processor.py:161} INFO - Processing /home/sayone/This PC/SayOne Technologies/Works/airflow_new/Airflow/venv/lib/python3.8/site-packages/airflow/example_dags/plugins/workday.py took 0.012 seconds
[2022-09-20T17:21:55.240+0530] {processor.py:153} INFO - Started process (PID=30001) to work on /home/sayone/This PC/SayOne Technologies/Works/airflow_new/Airflow/venv/lib/python3.8/site-packages/airflow/example_dags/plugins/workday.py
[2022-09-20T17:21:55.243+0530] {processor.py:640} INFO - Processing file /home/sayone/This PC/SayOne Technologies/Works/airflow_new/Airflow/venv/lib/python3.8/site-packages/airflow/example_dags/plugins/workday.py for tasks to queue
[2022-09-20T17:21:55.244+0530] {logging_mixin.py:115} INFO - [2022-09-20T17:21:55.244+0530] {dagbag.py:508} INFO - Filling up the DagBag from /home/sayone/This PC/SayOne Technologies/Works/airflow_new/Airflow/venv/lib/python3.8/site-packages/airflow/example_dags/plugins/workday.py
[2022-09-20T17:21:55.246+0530] {processor.py:652} WARNING - No viable dags retrieved from /home/sayone/This PC/SayOne Technologies/Works/airflow_new/Airflow/venv/lib/python3.8/site-packages/airflow/example_dags/plugins/workday.py
[2022-09-20T17:21:55.254+0530] {processor.py:161} INFO - Processing /home/sayone/This PC/SayOne Technologies/Works/airflow_new/Airflow/venv/lib/python3.8/site-packages/airflow/example_dags/plugins/workday.py took 0.018 seconds
[2022-09-20T17:22:29.380+0530] {processor.py:153} INFO - Started process (PID=30251) to work on /home/sayone/This PC/SayOne Technologies/Works/airflow_new/Airflow/venv/lib/python3.8/site-packages/airflow/example_dags/plugins/workday.py
[2022-09-20T17:22:29.382+0530] {processor.py:640} INFO - Processing file /home/sayone/This PC/SayOne Technologies/Works/airflow_new/Airflow/venv/lib/python3.8/site-packages/airflow/example_dags/plugins/workday.py for tasks to queue
[2022-09-20T17:22:29.383+0530] {logging_mixin.py:115} INFO - [2022-09-20T17:22:29.383+0530] {dagbag.py:508} INFO - Filling up the DagBag from /home/sayone/This PC/SayOne Technologies/Works/airflow_new/Airflow/venv/lib/python3.8/site-packages/airflow/example_dags/plugins/workday.py
[2022-09-20T17:22:29.384+0530] {processor.py:652} WARNING - No viable dags retrieved from /home/sayone/This PC/SayOne Technologies/Works/airflow_new/Airflow/venv/lib/python3.8/site-packages/airflow/example_dags/plugins/workday.py
[2022-09-20T17:22:29.390+0530] {processor.py:161} INFO - Processing /home/sayone/This PC/SayOne Technologies/Works/airflow_new/Airflow/venv/lib/python3.8/site-packages/airflow/example_dags/plugins/workday.py took 0.012 seconds
[2022-09-20T17:23:32.268+0530] {processor.py:153} INFO - Started process (PID=30449) to work on /home/sayone/This PC/SayOne Technologies/Works/airflow_new/Airflow/venv/lib/python3.8/site-packages/airflow/example_dags/plugins/workday.py
[2022-09-20T17:23:32.271+0530] {processor.py:640} INFO - Processing file /home/sayone/This PC/SayOne Technologies/Works/airflow_new/Airflow/venv/lib/python3.8/site-packages/airflow/example_dags/plugins/workday.py for tasks to queue
[2022-09-20T17:23:32.272+0530] {logging_mixin.py:115} INFO - [2022-09-20T17:23:32.272+0530] {dagbag.py:508} INFO - Filling up the DagBag from /home/sayone/This PC/SayOne Technologies/Works/airflow_new/Airflow/venv/lib/python3.8/site-packages/airflow/example_dags/plugins/workday.py
[2022-09-20T17:23:32.274+0530] {processor.py:652} WARNING - No viable dags retrieved from /home/sayone/This PC/SayOne Technologies/Works/airflow_new/Airflow/venv/lib/python3.8/site-packages/airflow/example_dags/plugins/workday.py
[2022-09-20T17:23:32.281+0530] {processor.py:161} INFO - Processing /home/sayone/This PC/SayOne Technologies/Works/airflow_new/Airflow/venv/lib/python3.8/site-packages/airflow/example_dags/plugins/workday.py took 0.017 seconds
[2022-09-20T17:24:08.267+0530] {processor.py:153} INFO - Started process (PID=30568) to work on /home/sayone/This PC/SayOne Technologies/Works/airflow_new/Airflow/venv/lib/python3.8/site-packages/airflow/example_dags/plugins/workday.py
[2022-09-20T17:24:08.270+0530] {processor.py:640} INFO - Processing file /home/sayone/This PC/SayOne Technologies/Works/airflow_new/Airflow/venv/lib/python3.8/site-packages/airflow/example_dags/plugins/workday.py for tasks to queue
[2022-09-20T17:24:08.271+0530] {logging_mixin.py:115} INFO - [2022-09-20T17:24:08.271+0530] {dagbag.py:508} INFO - Filling up the DagBag from /home/sayone/This PC/SayOne Technologies/Works/airflow_new/Airflow/venv/lib/python3.8/site-packages/airflow/example_dags/plugins/workday.py
[2022-09-20T17:24:08.273+0530] {processor.py:652} WARNING - No viable dags retrieved from /home/sayone/This PC/SayOne Technologies/Works/airflow_new/Airflow/venv/lib/python3.8/site-packages/airflow/example_dags/plugins/workday.py
[2022-09-20T17:24:08.280+0530] {processor.py:161} INFO - Processing /home/sayone/This PC/SayOne Technologies/Works/airflow_new/Airflow/venv/lib/python3.8/site-packages/airflow/example_dags/plugins/workday.py took 0.015 seconds
[2022-09-20T17:24:43.667+0530] {processor.py:153} INFO - Started process (PID=30844) to work on /home/sayone/This PC/SayOne Technologies/Works/airflow_new/Airflow/venv/lib/python3.8/site-packages/airflow/example_dags/plugins/workday.py
[2022-09-20T17:24:43.670+0530] {processor.py:640} INFO - Processing file /home/sayone/This PC/SayOne Technologies/Works/airflow_new/Airflow/venv/lib/python3.8/site-packages/airflow/example_dags/plugins/workday.py for tasks to queue
[2022-09-20T17:24:43.671+0530] {logging_mixin.py:115} INFO - [2022-09-20T17:24:43.671+0530] {dagbag.py:508} INFO - Filling up the DagBag from /home/sayone/This PC/SayOne Technologies/Works/airflow_new/Airflow/venv/lib/python3.8/site-packages/airflow/example_dags/plugins/workday.py
[2022-09-20T17:24:43.674+0530] {processor.py:652} WARNING - No viable dags retrieved from /home/sayone/This PC/SayOne Technologies/Works/airflow_new/Airflow/venv/lib/python3.8/site-packages/airflow/example_dags/plugins/workday.py
[2022-09-20T17:24:43.683+0530] {processor.py:161} INFO - Processing /home/sayone/This PC/SayOne Technologies/Works/airflow_new/Airflow/venv/lib/python3.8/site-packages/airflow/example_dags/plugins/workday.py took 0.019 seconds
[2022-09-20T17:25:19.852+0530] {processor.py:153} INFO - Started process (PID=30983) to work on /home/sayone/This PC/SayOne Technologies/Works/airflow_new/Airflow/venv/lib/python3.8/site-packages/airflow/example_dags/plugins/workday.py
[2022-09-20T17:25:19.855+0530] {processor.py:640} INFO - Processing file /home/sayone/This PC/SayOne Technologies/Works/airflow_new/Airflow/venv/lib/python3.8/site-packages/airflow/example_dags/plugins/workday.py for tasks to queue
[2022-09-20T17:25:19.856+0530] {logging_mixin.py:115} INFO - [2022-09-20T17:25:19.856+0530] {dagbag.py:508} INFO - Filling up the DagBag from /home/sayone/This PC/SayOne Technologies/Works/airflow_new/Airflow/venv/lib/python3.8/site-packages/airflow/example_dags/plugins/workday.py
[2022-09-20T17:25:19.858+0530] {processor.py:652} WARNING - No viable dags retrieved from /home/sayone/This PC/SayOne Technologies/Works/airflow_new/Airflow/venv/lib/python3.8/site-packages/airflow/example_dags/plugins/workday.py
[2022-09-20T17:25:19.869+0530] {processor.py:161} INFO - Processing /home/sayone/This PC/SayOne Technologies/Works/airflow_new/Airflow/venv/lib/python3.8/site-packages/airflow/example_dags/plugins/workday.py took 0.019 seconds
[2022-09-20T17:25:55.624+0530] {processor.py:153} INFO - Started process (PID=31105) to work on /home/sayone/This PC/SayOne Technologies/Works/airflow_new/Airflow/venv/lib/python3.8/site-packages/airflow/example_dags/plugins/workday.py
[2022-09-20T17:25:55.627+0530] {processor.py:640} INFO - Processing file /home/sayone/This PC/SayOne Technologies/Works/airflow_new/Airflow/venv/lib/python3.8/site-packages/airflow/example_dags/plugins/workday.py for tasks to queue
[2022-09-20T17:25:55.628+0530] {logging_mixin.py:115} INFO - [2022-09-20T17:25:55.627+0530] {dagbag.py:508} INFO - Filling up the DagBag from /home/sayone/This PC/SayOne Technologies/Works/airflow_new/Airflow/venv/lib/python3.8/site-packages/airflow/example_dags/plugins/workday.py
[2022-09-20T17:25:55.631+0530] {processor.py:652} WARNING - No viable dags retrieved from /home/sayone/This PC/SayOne Technologies/Works/airflow_new/Airflow/venv/lib/python3.8/site-packages/airflow/example_dags/plugins/workday.py
[2022-09-20T17:25:55.641+0530] {processor.py:161} INFO - Processing /home/sayone/This PC/SayOne Technologies/Works/airflow_new/Airflow/venv/lib/python3.8/site-packages/airflow/example_dags/plugins/workday.py took 0.020 seconds
[2022-09-20T17:26:32.207+0530] {processor.py:153} INFO - Started process (PID=31177) to work on /home/sayone/This PC/SayOne Technologies/Works/airflow_new/Airflow/venv/lib/python3.8/site-packages/airflow/example_dags/plugins/workday.py
[2022-09-20T17:26:32.210+0530] {processor.py:640} INFO - Processing file /home/sayone/This PC/SayOne Technologies/Works/airflow_new/Airflow/venv/lib/python3.8/site-packages/airflow/example_dags/plugins/workday.py for tasks to queue
[2022-09-20T17:26:32.210+0530] {logging_mixin.py:115} INFO - [2022-09-20T17:26:32.210+0530] {dagbag.py:508} INFO - Filling up the DagBag from /home/sayone/This PC/SayOne Technologies/Works/airflow_new/Airflow/venv/lib/python3.8/site-packages/airflow/example_dags/plugins/workday.py
[2022-09-20T17:26:32.211+0530] {processor.py:652} WARNING - No viable dags retrieved from /home/sayone/This PC/SayOne Technologies/Works/airflow_new/Airflow/venv/lib/python3.8/site-packages/airflow/example_dags/plugins/workday.py
[2022-09-20T17:26:32.222+0530] {processor.py:161} INFO - Processing /home/sayone/This PC/SayOne Technologies/Works/airflow_new/Airflow/venv/lib/python3.8/site-packages/airflow/example_dags/plugins/workday.py took 0.016 seconds
[2022-09-20T17:27:08.245+0530] {processor.py:153} INFO - Started process (PID=31440) to work on /home/sayone/This PC/SayOne Technologies/Works/airflow_new/Airflow/venv/lib/python3.8/site-packages/airflow/example_dags/plugins/workday.py
[2022-09-20T17:27:08.248+0530] {processor.py:640} INFO - Processing file /home/sayone/This PC/SayOne Technologies/Works/airflow_new/Airflow/venv/lib/python3.8/site-packages/airflow/example_dags/plugins/workday.py for tasks to queue
[2022-09-20T17:27:08.249+0530] {logging_mixin.py:115} INFO - [2022-09-20T17:27:08.249+0530] {dagbag.py:508} INFO - Filling up the DagBag from /home/sayone/This PC/SayOne Technologies/Works/airflow_new/Airflow/venv/lib/python3.8/site-packages/airflow/example_dags/plugins/workday.py
[2022-09-20T17:27:08.252+0530] {processor.py:652} WARNING - No viable dags retrieved from /home/sayone/This PC/SayOne Technologies/Works/airflow_new/Airflow/venv/lib/python3.8/site-packages/airflow/example_dags/plugins/workday.py
[2022-09-20T17:27:08.263+0530] {processor.py:161} INFO - Processing /home/sayone/This PC/SayOne Technologies/Works/airflow_new/Airflow/venv/lib/python3.8/site-packages/airflow/example_dags/plugins/workday.py took 0.021 seconds
[2022-09-20T17:27:45.182+0530] {processor.py:153} INFO - Started process (PID=31583) to work on /home/sayone/This PC/SayOne Technologies/Works/airflow_new/Airflow/venv/lib/python3.8/site-packages/airflow/example_dags/plugins/workday.py
[2022-09-20T17:27:45.185+0530] {processor.py:640} INFO - Processing file /home/sayone/This PC/SayOne Technologies/Works/airflow_new/Airflow/venv/lib/python3.8/site-packages/airflow/example_dags/plugins/workday.py for tasks to queue
[2022-09-20T17:27:45.186+0530] {logging_mixin.py:115} INFO - [2022-09-20T17:27:45.186+0530] {dagbag.py:508} INFO - Filling up the DagBag from /home/sayone/This PC/SayOne Technologies/Works/airflow_new/Airflow/venv/lib/python3.8/site-packages/airflow/example_dags/plugins/workday.py
[2022-09-20T17:27:45.189+0530] {processor.py:652} WARNING - No viable dags retrieved from /home/sayone/This PC/SayOne Technologies/Works/airflow_new/Airflow/venv/lib/python3.8/site-packages/airflow/example_dags/plugins/workday.py
[2022-09-20T17:27:45.200+0530] {processor.py:161} INFO - Processing /home/sayone/This PC/SayOne Technologies/Works/airflow_new/Airflow/venv/lib/python3.8/site-packages/airflow/example_dags/plugins/workday.py took 0.022 seconds
[2022-09-20T17:28:20.062+0530] {processor.py:153} INFO - Started process (PID=31690) to work on /home/sayone/This PC/SayOne Technologies/Works/airflow_new/Airflow/venv/lib/python3.8/site-packages/airflow/example_dags/plugins/workday.py
[2022-09-20T17:28:20.066+0530] {processor.py:640} INFO - Processing file /home/sayone/This PC/SayOne Technologies/Works/airflow_new/Airflow/venv/lib/python3.8/site-packages/airflow/example_dags/plugins/workday.py for tasks to queue
[2022-09-20T17:28:20.067+0530] {logging_mixin.py:115} INFO - [2022-09-20T17:28:20.066+0530] {dagbag.py:508} INFO - Filling up the DagBag from /home/sayone/This PC/SayOne Technologies/Works/airflow_new/Airflow/venv/lib/python3.8/site-packages/airflow/example_dags/plugins/workday.py
[2022-09-20T17:28:20.069+0530] {processor.py:652} WARNING - No viable dags retrieved from /home/sayone/This PC/SayOne Technologies/Works/airflow_new/Airflow/venv/lib/python3.8/site-packages/airflow/example_dags/plugins/workday.py
[2022-09-20T17:28:20.075+0530] {processor.py:161} INFO - Processing /home/sayone/This PC/SayOne Technologies/Works/airflow_new/Airflow/venv/lib/python3.8/site-packages/airflow/example_dags/plugins/workday.py took 0.015 seconds
[2022-09-20T17:28:59.300+0530] {processor.py:153} INFO - Started process (PID=31825) to work on /home/sayone/This PC/SayOne Technologies/Works/airflow_new/Airflow/venv/lib/python3.8/site-packages/airflow/example_dags/plugins/workday.py
[2022-09-20T17:28:59.303+0530] {processor.py:640} INFO - Processing file /home/sayone/This PC/SayOne Technologies/Works/airflow_new/Airflow/venv/lib/python3.8/site-packages/airflow/example_dags/plugins/workday.py for tasks to queue
[2022-09-20T17:28:59.304+0530] {logging_mixin.py:115} INFO - [2022-09-20T17:28:59.303+0530] {dagbag.py:508} INFO - Filling up the DagBag from /home/sayone/This PC/SayOne Technologies/Works/airflow_new/Airflow/venv/lib/python3.8/site-packages/airflow/example_dags/plugins/workday.py
[2022-09-20T17:28:59.306+0530] {processor.py:652} WARNING - No viable dags retrieved from /home/sayone/This PC/SayOne Technologies/Works/airflow_new/Airflow/venv/lib/python3.8/site-packages/airflow/example_dags/plugins/workday.py
[2022-09-20T17:28:59.317+0530] {processor.py:161} INFO - Processing /home/sayone/This PC/SayOne Technologies/Works/airflow_new/Airflow/venv/lib/python3.8/site-packages/airflow/example_dags/plugins/workday.py took 0.018 seconds
[2022-09-20T17:29:33.067+0530] {processor.py:153} INFO - Started process (PID=31924) to work on /home/sayone/This PC/SayOne Technologies/Works/airflow_new/Airflow/venv/lib/python3.8/site-packages/airflow/example_dags/plugins/workday.py
[2022-09-20T17:29:33.068+0530] {processor.py:640} INFO - Processing file /home/sayone/This PC/SayOne Technologies/Works/airflow_new/Airflow/venv/lib/python3.8/site-packages/airflow/example_dags/plugins/workday.py for tasks to queue
[2022-09-20T17:29:33.069+0530] {logging_mixin.py:115} INFO - [2022-09-20T17:29:33.069+0530] {dagbag.py:508} INFO - Filling up the DagBag from /home/sayone/This PC/SayOne Technologies/Works/airflow_new/Airflow/venv/lib/python3.8/site-packages/airflow/example_dags/plugins/workday.py
[2022-09-20T17:29:33.072+0530] {processor.py:652} WARNING - No viable dags retrieved from /home/sayone/This PC/SayOne Technologies/Works/airflow_new/Airflow/venv/lib/python3.8/site-packages/airflow/example_dags/plugins/workday.py
[2022-09-20T17:29:33.081+0530] {processor.py:161} INFO - Processing /home/sayone/This PC/SayOne Technologies/Works/airflow_new/Airflow/venv/lib/python3.8/site-packages/airflow/example_dags/plugins/workday.py took 0.019 seconds
[2022-09-20T17:30:09.116+0530] {processor.py:153} INFO - Started process (PID=32088) to work on /home/sayone/This PC/SayOne Technologies/Works/airflow_new/Airflow/venv/lib/python3.8/site-packages/airflow/example_dags/plugins/workday.py
[2022-09-20T17:30:09.118+0530] {processor.py:640} INFO - Processing file /home/sayone/This PC/SayOne Technologies/Works/airflow_new/Airflow/venv/lib/python3.8/site-packages/airflow/example_dags/plugins/workday.py for tasks to queue
[2022-09-20T17:30:09.119+0530] {logging_mixin.py:115} INFO - [2022-09-20T17:30:09.119+0530] {dagbag.py:508} INFO - Filling up the DagBag from /home/sayone/This PC/SayOne Technologies/Works/airflow_new/Airflow/venv/lib/python3.8/site-packages/airflow/example_dags/plugins/workday.py
[2022-09-20T17:30:09.122+0530] {processor.py:652} WARNING - No viable dags retrieved from /home/sayone/This PC/SayOne Technologies/Works/airflow_new/Airflow/venv/lib/python3.8/site-packages/airflow/example_dags/plugins/workday.py
[2022-09-20T17:30:09.132+0530] {processor.py:161} INFO - Processing /home/sayone/This PC/SayOne Technologies/Works/airflow_new/Airflow/venv/lib/python3.8/site-packages/airflow/example_dags/plugins/workday.py took 0.018 seconds
[2022-09-20T17:30:46.169+0530] {processor.py:153} INFO - Started process (PID=32161) to work on /home/sayone/This PC/SayOne Technologies/Works/airflow_new/Airflow/venv/lib/python3.8/site-packages/airflow/example_dags/plugins/workday.py
[2022-09-20T17:30:46.172+0530] {processor.py:640} INFO - Processing file /home/sayone/This PC/SayOne Technologies/Works/airflow_new/Airflow/venv/lib/python3.8/site-packages/airflow/example_dags/plugins/workday.py for tasks to queue
[2022-09-20T17:30:46.173+0530] {logging_mixin.py:115} INFO - [2022-09-20T17:30:46.172+0530] {dagbag.py:508} INFO - Filling up the DagBag from /home/sayone/This PC/SayOne Technologies/Works/airflow_new/Airflow/venv/lib/python3.8/site-packages/airflow/example_dags/plugins/workday.py
[2022-09-20T17:30:46.176+0530] {processor.py:652} WARNING - No viable dags retrieved from /home/sayone/This PC/SayOne Technologies/Works/airflow_new/Airflow/venv/lib/python3.8/site-packages/airflow/example_dags/plugins/workday.py
[2022-09-20T17:30:46.182+0530] {processor.py:161} INFO - Processing /home/sayone/This PC/SayOne Technologies/Works/airflow_new/Airflow/venv/lib/python3.8/site-packages/airflow/example_dags/plugins/workday.py took 0.014 seconds
[2022-09-20T17:31:22.137+0530] {processor.py:153} INFO - Started process (PID=32268) to work on /home/sayone/This PC/SayOne Technologies/Works/airflow_new/Airflow/venv/lib/python3.8/site-packages/airflow/example_dags/plugins/workday.py
[2022-09-20T17:31:22.140+0530] {processor.py:640} INFO - Processing file /home/sayone/This PC/SayOne Technologies/Works/airflow_new/Airflow/venv/lib/python3.8/site-packages/airflow/example_dags/plugins/workday.py for tasks to queue
[2022-09-20T17:31:22.141+0530] {logging_mixin.py:115} INFO - [2022-09-20T17:31:22.141+0530] {dagbag.py:508} INFO - Filling up the DagBag from /home/sayone/This PC/SayOne Technologies/Works/airflow_new/Airflow/venv/lib/python3.8/site-packages/airflow/example_dags/plugins/workday.py
[2022-09-20T17:31:22.144+0530] {processor.py:652} WARNING - No viable dags retrieved from /home/sayone/This PC/SayOne Technologies/Works/airflow_new/Airflow/venv/lib/python3.8/site-packages/airflow/example_dags/plugins/workday.py
[2022-09-20T17:31:22.154+0530] {processor.py:161} INFO - Processing /home/sayone/This PC/SayOne Technologies/Works/airflow_new/Airflow/venv/lib/python3.8/site-packages/airflow/example_dags/plugins/workday.py took 0.021 seconds
[2022-09-20T17:31:59.246+0530] {processor.py:153} INFO - Started process (PID=32443) to work on /home/sayone/This PC/SayOne Technologies/Works/airflow_new/Airflow/venv/lib/python3.8/site-packages/airflow/example_dags/plugins/workday.py
[2022-09-20T17:31:59.248+0530] {processor.py:640} INFO - Processing file /home/sayone/This PC/SayOne Technologies/Works/airflow_new/Airflow/venv/lib/python3.8/site-packages/airflow/example_dags/plugins/workday.py for tasks to queue
[2022-09-20T17:31:59.248+0530] {logging_mixin.py:115} INFO - [2022-09-20T17:31:59.248+0530] {dagbag.py:508} INFO - Filling up the DagBag from /home/sayone/This PC/SayOne Technologies/Works/airflow_new/Airflow/venv/lib/python3.8/site-packages/airflow/example_dags/plugins/workday.py
[2022-09-20T17:31:59.249+0530] {processor.py:652} WARNING - No viable dags retrieved from /home/sayone/This PC/SayOne Technologies/Works/airflow_new/Airflow/venv/lib/python3.8/site-packages/airflow/example_dags/plugins/workday.py
[2022-09-20T17:31:59.255+0530] {processor.py:161} INFO - Processing /home/sayone/This PC/SayOne Technologies/Works/airflow_new/Airflow/venv/lib/python3.8/site-packages/airflow/example_dags/plugins/workday.py took 0.011 seconds
[2022-09-20T17:32:34.114+0530] {processor.py:153} INFO - Started process (PID=32599) to work on /home/sayone/This PC/SayOne Technologies/Works/airflow_new/Airflow/venv/lib/python3.8/site-packages/airflow/example_dags/plugins/workday.py
[2022-09-20T17:32:34.117+0530] {processor.py:640} INFO - Processing file /home/sayone/This PC/SayOne Technologies/Works/airflow_new/Airflow/venv/lib/python3.8/site-packages/airflow/example_dags/plugins/workday.py for tasks to queue
[2022-09-20T17:32:34.118+0530] {logging_mixin.py:115} INFO - [2022-09-20T17:32:34.118+0530] {dagbag.py:508} INFO - Filling up the DagBag from /home/sayone/This PC/SayOne Technologies/Works/airflow_new/Airflow/venv/lib/python3.8/site-packages/airflow/example_dags/plugins/workday.py
[2022-09-20T17:32:34.119+0530] {processor.py:652} WARNING - No viable dags retrieved from /home/sayone/This PC/SayOne Technologies/Works/airflow_new/Airflow/venv/lib/python3.8/site-packages/airflow/example_dags/plugins/workday.py
[2022-09-20T17:32:34.125+0530] {processor.py:161} INFO - Processing /home/sayone/This PC/SayOne Technologies/Works/airflow_new/Airflow/venv/lib/python3.8/site-packages/airflow/example_dags/plugins/workday.py took 0.014 seconds
[2022-09-20T17:33:09.050+0530] {processor.py:153} INFO - Started process (PID=32692) to work on /home/sayone/This PC/SayOne Technologies/Works/airflow_new/Airflow/venv/lib/python3.8/site-packages/airflow/example_dags/plugins/workday.py
[2022-09-20T17:33:09.053+0530] {processor.py:640} INFO - Processing file /home/sayone/This PC/SayOne Technologies/Works/airflow_new/Airflow/venv/lib/python3.8/site-packages/airflow/example_dags/plugins/workday.py for tasks to queue
[2022-09-20T17:33:09.054+0530] {logging_mixin.py:115} INFO - [2022-09-20T17:33:09.054+0530] {dagbag.py:508} INFO - Filling up the DagBag from /home/sayone/This PC/SayOne Technologies/Works/airflow_new/Airflow/venv/lib/python3.8/site-packages/airflow/example_dags/plugins/workday.py
[2022-09-20T17:33:09.057+0530] {processor.py:652} WARNING - No viable dags retrieved from /home/sayone/This PC/SayOne Technologies/Works/airflow_new/Airflow/venv/lib/python3.8/site-packages/airflow/example_dags/plugins/workday.py
[2022-09-20T17:33:09.067+0530] {processor.py:161} INFO - Processing /home/sayone/This PC/SayOne Technologies/Works/airflow_new/Airflow/venv/lib/python3.8/site-packages/airflow/example_dags/plugins/workday.py took 0.018 seconds
[2022-09-20T17:33:44.999+0530] {processor.py:153} INFO - Started process (PID=32759) to work on /home/sayone/This PC/SayOne Technologies/Works/airflow_new/Airflow/venv/lib/python3.8/site-packages/airflow/example_dags/plugins/workday.py
[2022-09-20T17:33:45.002+0530] {processor.py:640} INFO - Processing file /home/sayone/This PC/SayOne Technologies/Works/airflow_new/Airflow/venv/lib/python3.8/site-packages/airflow/example_dags/plugins/workday.py for tasks to queue
[2022-09-20T17:33:45.003+0530] {logging_mixin.py:115} INFO - [2022-09-20T17:33:45.003+0530] {dagbag.py:508} INFO - Filling up the DagBag from /home/sayone/This PC/SayOne Technologies/Works/airflow_new/Airflow/venv/lib/python3.8/site-packages/airflow/example_dags/plugins/workday.py
[2022-09-20T17:33:45.006+0530] {processor.py:652} WARNING - No viable dags retrieved from /home/sayone/This PC/SayOne Technologies/Works/airflow_new/Airflow/venv/lib/python3.8/site-packages/airflow/example_dags/plugins/workday.py
[2022-09-20T17:33:45.012+0530] {processor.py:161} INFO - Processing /home/sayone/This PC/SayOne Technologies/Works/airflow_new/Airflow/venv/lib/python3.8/site-packages/airflow/example_dags/plugins/workday.py took 0.014 seconds
[2022-09-20T17:34:22.161+0530] {processor.py:153} INFO - Started process (PID=32856) to work on /home/sayone/This PC/SayOne Technologies/Works/airflow_new/Airflow/venv/lib/python3.8/site-packages/airflow/example_dags/plugins/workday.py
[2022-09-20T17:34:22.163+0530] {processor.py:640} INFO - Processing file /home/sayone/This PC/SayOne Technologies/Works/airflow_new/Airflow/venv/lib/python3.8/site-packages/airflow/example_dags/plugins/workday.py for tasks to queue
[2022-09-20T17:34:22.164+0530] {logging_mixin.py:115} INFO - [2022-09-20T17:34:22.163+0530] {dagbag.py:508} INFO - Filling up the DagBag from /home/sayone/This PC/SayOne Technologies/Works/airflow_new/Airflow/venv/lib/python3.8/site-packages/airflow/example_dags/plugins/workday.py
[2022-09-20T17:34:22.166+0530] {processor.py:652} WARNING - No viable dags retrieved from /home/sayone/This PC/SayOne Technologies/Works/airflow_new/Airflow/venv/lib/python3.8/site-packages/airflow/example_dags/plugins/workday.py
[2022-09-20T17:34:22.175+0530] {processor.py:161} INFO - Processing /home/sayone/This PC/SayOne Technologies/Works/airflow_new/Airflow/venv/lib/python3.8/site-packages/airflow/example_dags/plugins/workday.py took 0.017 seconds
[2022-09-20T17:34:59.278+0530] {processor.py:153} INFO - Started process (PID=33136) to work on /home/sayone/This PC/SayOne Technologies/Works/airflow_new/Airflow/venv/lib/python3.8/site-packages/airflow/example_dags/plugins/workday.py
[2022-09-20T17:34:59.280+0530] {processor.py:640} INFO - Processing file /home/sayone/This PC/SayOne Technologies/Works/airflow_new/Airflow/venv/lib/python3.8/site-packages/airflow/example_dags/plugins/workday.py for tasks to queue
[2022-09-20T17:34:59.281+0530] {logging_mixin.py:115} INFO - [2022-09-20T17:34:59.281+0530] {dagbag.py:508} INFO - Filling up the DagBag from /home/sayone/This PC/SayOne Technologies/Works/airflow_new/Airflow/venv/lib/python3.8/site-packages/airflow/example_dags/plugins/workday.py
[2022-09-20T17:34:59.284+0530] {processor.py:652} WARNING - No viable dags retrieved from /home/sayone/This PC/SayOne Technologies/Works/airflow_new/Airflow/venv/lib/python3.8/site-packages/airflow/example_dags/plugins/workday.py
[2022-09-20T17:34:59.294+0530] {processor.py:161} INFO - Processing /home/sayone/This PC/SayOne Technologies/Works/airflow_new/Airflow/venv/lib/python3.8/site-packages/airflow/example_dags/plugins/workday.py took 0.018 seconds
[2022-09-20T17:35:33.055+0530] {processor.py:153} INFO - Started process (PID=33195) to work on /home/sayone/This PC/SayOne Technologies/Works/airflow_new/Airflow/venv/lib/python3.8/site-packages/airflow/example_dags/plugins/workday.py
[2022-09-20T17:35:33.055+0530] {processor.py:640} INFO - Processing file /home/sayone/This PC/SayOne Technologies/Works/airflow_new/Airflow/venv/lib/python3.8/site-packages/airflow/example_dags/plugins/workday.py for tasks to queue
[2022-09-20T17:35:33.056+0530] {logging_mixin.py:115} INFO - [2022-09-20T17:35:33.056+0530] {dagbag.py:508} INFO - Filling up the DagBag from /home/sayone/This PC/SayOne Technologies/Works/airflow_new/Airflow/venv/lib/python3.8/site-packages/airflow/example_dags/plugins/workday.py
[2022-09-20T17:35:33.057+0530] {processor.py:652} WARNING - No viable dags retrieved from /home/sayone/This PC/SayOne Technologies/Works/airflow_new/Airflow/venv/lib/python3.8/site-packages/airflow/example_dags/plugins/workday.py
[2022-09-20T17:35:33.067+0530] {processor.py:161} INFO - Processing /home/sayone/This PC/SayOne Technologies/Works/airflow_new/Airflow/venv/lib/python3.8/site-packages/airflow/example_dags/plugins/workday.py took 0.014 seconds
[2022-09-20T17:36:11.884+0530] {processor.py:153} INFO - Started process (PID=33341) to work on /home/sayone/This PC/SayOne Technologies/Works/airflow_new/Airflow/venv/lib/python3.8/site-packages/airflow/example_dags/plugins/workday.py
[2022-09-20T17:36:11.887+0530] {processor.py:640} INFO - Processing file /home/sayone/This PC/SayOne Technologies/Works/airflow_new/Airflow/venv/lib/python3.8/site-packages/airflow/example_dags/plugins/workday.py for tasks to queue
[2022-09-20T17:36:11.888+0530] {logging_mixin.py:115} INFO - [2022-09-20T17:36:11.887+0530] {dagbag.py:508} INFO - Filling up the DagBag from /home/sayone/This PC/SayOne Technologies/Works/airflow_new/Airflow/venv/lib/python3.8/site-packages/airflow/example_dags/plugins/workday.py
[2022-09-20T17:36:11.890+0530] {processor.py:652} WARNING - No viable dags retrieved from /home/sayone/This PC/SayOne Technologies/Works/airflow_new/Airflow/venv/lib/python3.8/site-packages/airflow/example_dags/plugins/workday.py
[2022-09-20T17:36:11.896+0530] {processor.py:161} INFO - Processing /home/sayone/This PC/SayOne Technologies/Works/airflow_new/Airflow/venv/lib/python3.8/site-packages/airflow/example_dags/plugins/workday.py took 0.016 seconds
[2022-09-20T17:36:47.328+0530] {processor.py:153} INFO - Started process (PID=33417) to work on /home/sayone/This PC/SayOne Technologies/Works/airflow_new/Airflow/venv/lib/python3.8/site-packages/airflow/example_dags/plugins/workday.py
[2022-09-20T17:36:47.331+0530] {processor.py:640} INFO - Processing file /home/sayone/This PC/SayOne Technologies/Works/airflow_new/Airflow/venv/lib/python3.8/site-packages/airflow/example_dags/plugins/workday.py for tasks to queue
[2022-09-20T17:36:47.332+0530] {logging_mixin.py:115} INFO - [2022-09-20T17:36:47.332+0530] {dagbag.py:508} INFO - Filling up the DagBag from /home/sayone/This PC/SayOne Technologies/Works/airflow_new/Airflow/venv/lib/python3.8/site-packages/airflow/example_dags/plugins/workday.py
[2022-09-20T17:36:47.334+0530] {processor.py:652} WARNING - No viable dags retrieved from /home/sayone/This PC/SayOne Technologies/Works/airflow_new/Airflow/venv/lib/python3.8/site-packages/airflow/example_dags/plugins/workday.py
[2022-09-20T17:36:47.344+0530] {processor.py:161} INFO - Processing /home/sayone/This PC/SayOne Technologies/Works/airflow_new/Airflow/venv/lib/python3.8/site-packages/airflow/example_dags/plugins/workday.py took 0.020 seconds
[2022-09-20T17:37:24.186+0530] {processor.py:153} INFO - Started process (PID=33691) to work on /home/sayone/This PC/SayOne Technologies/Works/airflow_new/Airflow/venv/lib/python3.8/site-packages/airflow/example_dags/plugins/workday.py
[2022-09-20T17:37:24.187+0530] {processor.py:640} INFO - Processing file /home/sayone/This PC/SayOne Technologies/Works/airflow_new/Airflow/venv/lib/python3.8/site-packages/airflow/example_dags/plugins/workday.py for tasks to queue
[2022-09-20T17:37:24.188+0530] {logging_mixin.py:115} INFO - [2022-09-20T17:37:24.187+0530] {dagbag.py:508} INFO - Filling up the DagBag from /home/sayone/This PC/SayOne Technologies/Works/airflow_new/Airflow/venv/lib/python3.8/site-packages/airflow/example_dags/plugins/workday.py
[2022-09-20T17:37:24.189+0530] {processor.py:652} WARNING - No viable dags retrieved from /home/sayone/This PC/SayOne Technologies/Works/airflow_new/Airflow/venv/lib/python3.8/site-packages/airflow/example_dags/plugins/workday.py
[2022-09-20T17:37:24.287+0530] {processor.py:161} INFO - Processing /home/sayone/This PC/SayOne Technologies/Works/airflow_new/Airflow/venv/lib/python3.8/site-packages/airflow/example_dags/plugins/workday.py took 0.102 seconds
[2022-09-20T17:38:12.154+0530] {processor.py:153} INFO - Started process (PID=33831) to work on /home/sayone/This PC/SayOne Technologies/Works/airflow_new/Airflow/venv/lib/python3.8/site-packages/airflow/example_dags/plugins/workday.py
[2022-09-20T17:38:12.157+0530] {processor.py:640} INFO - Processing file /home/sayone/This PC/SayOne Technologies/Works/airflow_new/Airflow/venv/lib/python3.8/site-packages/airflow/example_dags/plugins/workday.py for tasks to queue
[2022-09-20T17:38:12.158+0530] {logging_mixin.py:115} INFO - [2022-09-20T17:38:12.158+0530] {dagbag.py:508} INFO - Filling up the DagBag from /home/sayone/This PC/SayOne Technologies/Works/airflow_new/Airflow/venv/lib/python3.8/site-packages/airflow/example_dags/plugins/workday.py
[2022-09-20T17:38:12.161+0530] {processor.py:652} WARNING - No viable dags retrieved from /home/sayone/This PC/SayOne Technologies/Works/airflow_new/Airflow/venv/lib/python3.8/site-packages/airflow/example_dags/plugins/workday.py
[2022-09-20T17:38:12.171+0530] {processor.py:161} INFO - Processing /home/sayone/This PC/SayOne Technologies/Works/airflow_new/Airflow/venv/lib/python3.8/site-packages/airflow/example_dags/plugins/workday.py took 0.021 seconds
[2022-09-20T17:38:48.765+0530] {processor.py:153} INFO - Started process (PID=33894) to work on /home/sayone/This PC/SayOne Technologies/Works/airflow_new/Airflow/venv/lib/python3.8/site-packages/airflow/example_dags/plugins/workday.py
[2022-09-20T17:38:48.768+0530] {processor.py:640} INFO - Processing file /home/sayone/This PC/SayOne Technologies/Works/airflow_new/Airflow/venv/lib/python3.8/site-packages/airflow/example_dags/plugins/workday.py for tasks to queue
[2022-09-20T17:38:48.769+0530] {logging_mixin.py:115} INFO - [2022-09-20T17:38:48.768+0530] {dagbag.py:508} INFO - Filling up the DagBag from /home/sayone/This PC/SayOne Technologies/Works/airflow_new/Airflow/venv/lib/python3.8/site-packages/airflow/example_dags/plugins/workday.py
[2022-09-20T17:38:48.772+0530] {processor.py:652} WARNING - No viable dags retrieved from /home/sayone/This PC/SayOne Technologies/Works/airflow_new/Airflow/venv/lib/python3.8/site-packages/airflow/example_dags/plugins/workday.py
[2022-09-20T17:38:48.783+0530] {processor.py:161} INFO - Processing /home/sayone/This PC/SayOne Technologies/Works/airflow_new/Airflow/venv/lib/python3.8/site-packages/airflow/example_dags/plugins/workday.py took 0.020 seconds
[2022-09-20T17:39:21.927+0530] {processor.py:153} INFO - Started process (PID=33986) to work on /home/sayone/This PC/SayOne Technologies/Works/airflow_new/Airflow/venv/lib/python3.8/site-packages/airflow/example_dags/plugins/workday.py
[2022-09-20T17:39:21.930+0530] {processor.py:640} INFO - Processing file /home/sayone/This PC/SayOne Technologies/Works/airflow_new/Airflow/venv/lib/python3.8/site-packages/airflow/example_dags/plugins/workday.py for tasks to queue
[2022-09-20T17:39:21.931+0530] {logging_mixin.py:115} INFO - [2022-09-20T17:39:21.930+0530] {dagbag.py:508} INFO - Filling up the DagBag from /home/sayone/This PC/SayOne Technologies/Works/airflow_new/Airflow/venv/lib/python3.8/site-packages/airflow/example_dags/plugins/workday.py
[2022-09-20T17:39:21.934+0530] {processor.py:652} WARNING - No viable dags retrieved from /home/sayone/This PC/SayOne Technologies/Works/airflow_new/Airflow/venv/lib/python3.8/site-packages/airflow/example_dags/plugins/workday.py
[2022-09-20T17:39:21.945+0530] {processor.py:161} INFO - Processing /home/sayone/This PC/SayOne Technologies/Works/airflow_new/Airflow/venv/lib/python3.8/site-packages/airflow/example_dags/plugins/workday.py took 0.019 seconds
[2022-09-20T17:39:58.774+0530] {processor.py:153} INFO - Started process (PID=34178) to work on /home/sayone/This PC/SayOne Technologies/Works/airflow_new/Airflow/venv/lib/python3.8/site-packages/airflow/example_dags/plugins/workday.py
[2022-09-20T17:39:58.778+0530] {processor.py:640} INFO - Processing file /home/sayone/This PC/SayOne Technologies/Works/airflow_new/Airflow/venv/lib/python3.8/site-packages/airflow/example_dags/plugins/workday.py for tasks to queue
[2022-09-20T17:39:58.779+0530] {logging_mixin.py:115} INFO - [2022-09-20T17:39:58.778+0530] {dagbag.py:508} INFO - Filling up the DagBag from /home/sayone/This PC/SayOne Technologies/Works/airflow_new/Airflow/venv/lib/python3.8/site-packages/airflow/example_dags/plugins/workday.py
[2022-09-20T17:39:58.781+0530] {processor.py:652} WARNING - No viable dags retrieved from /home/sayone/This PC/SayOne Technologies/Works/airflow_new/Airflow/venv/lib/python3.8/site-packages/airflow/example_dags/plugins/workday.py
[2022-09-20T17:39:58.791+0530] {processor.py:161} INFO - Processing /home/sayone/This PC/SayOne Technologies/Works/airflow_new/Airflow/venv/lib/python3.8/site-packages/airflow/example_dags/plugins/workday.py took 0.021 seconds
[2022-09-20T17:40:35.133+0530] {processor.py:153} INFO - Started process (PID=34253) to work on /home/sayone/This PC/SayOne Technologies/Works/airflow_new/Airflow/venv/lib/python3.8/site-packages/airflow/example_dags/plugins/workday.py
[2022-09-20T17:40:35.136+0530] {processor.py:640} INFO - Processing file /home/sayone/This PC/SayOne Technologies/Works/airflow_new/Airflow/venv/lib/python3.8/site-packages/airflow/example_dags/plugins/workday.py for tasks to queue
[2022-09-20T17:40:35.137+0530] {logging_mixin.py:115} INFO - [2022-09-20T17:40:35.136+0530] {dagbag.py:508} INFO - Filling up the DagBag from /home/sayone/This PC/SayOne Technologies/Works/airflow_new/Airflow/venv/lib/python3.8/site-packages/airflow/example_dags/plugins/workday.py
[2022-09-20T17:40:35.139+0530] {processor.py:652} WARNING - No viable dags retrieved from /home/sayone/This PC/SayOne Technologies/Works/airflow_new/Airflow/venv/lib/python3.8/site-packages/airflow/example_dags/plugins/workday.py
[2022-09-20T17:40:35.150+0530] {processor.py:161} INFO - Processing /home/sayone/This PC/SayOne Technologies/Works/airflow_new/Airflow/venv/lib/python3.8/site-packages/airflow/example_dags/plugins/workday.py took 0.021 seconds
[2022-09-20T17:41:11.892+0530] {processor.py:153} INFO - Started process (PID=34396) to work on /home/sayone/This PC/SayOne Technologies/Works/airflow_new/Airflow/venv/lib/python3.8/site-packages/airflow/example_dags/plugins/workday.py
[2022-09-20T17:41:11.895+0530] {processor.py:640} INFO - Processing file /home/sayone/This PC/SayOne Technologies/Works/airflow_new/Airflow/venv/lib/python3.8/site-packages/airflow/example_dags/plugins/workday.py for tasks to queue
[2022-09-20T17:41:11.895+0530] {logging_mixin.py:115} INFO - [2022-09-20T17:41:11.895+0530] {dagbag.py:508} INFO - Filling up the DagBag from /home/sayone/This PC/SayOne Technologies/Works/airflow_new/Airflow/venv/lib/python3.8/site-packages/airflow/example_dags/plugins/workday.py
[2022-09-20T17:41:11.897+0530] {processor.py:652} WARNING - No viable dags retrieved from /home/sayone/This PC/SayOne Technologies/Works/airflow_new/Airflow/venv/lib/python3.8/site-packages/airflow/example_dags/plugins/workday.py
[2022-09-20T17:41:11.909+0530] {processor.py:161} INFO - Processing /home/sayone/This PC/SayOne Technologies/Works/airflow_new/Airflow/venv/lib/python3.8/site-packages/airflow/example_dags/plugins/workday.py took 0.019 seconds
[2022-09-20T17:42:08.500+0530] {processor.py:153} INFO - Started process (PID=34552) to work on /home/sayone/This PC/SayOne Technologies/Works/airflow_new/Airflow/venv/lib/python3.8/site-packages/airflow/example_dags/plugins/workday.py
[2022-09-20T17:42:08.502+0530] {processor.py:640} INFO - Processing file /home/sayone/This PC/SayOne Technologies/Works/airflow_new/Airflow/venv/lib/python3.8/site-packages/airflow/example_dags/plugins/workday.py for tasks to queue
[2022-09-20T17:42:08.503+0530] {logging_mixin.py:115} INFO - [2022-09-20T17:42:08.502+0530] {dagbag.py:508} INFO - Filling up the DagBag from /home/sayone/This PC/SayOne Technologies/Works/airflow_new/Airflow/venv/lib/python3.8/site-packages/airflow/example_dags/plugins/workday.py
[2022-09-20T17:42:08.505+0530] {processor.py:652} WARNING - No viable dags retrieved from /home/sayone/This PC/SayOne Technologies/Works/airflow_new/Airflow/venv/lib/python3.8/site-packages/airflow/example_dags/plugins/workday.py
[2022-09-20T17:42:08.514+0530] {processor.py:161} INFO - Processing /home/sayone/This PC/SayOne Technologies/Works/airflow_new/Airflow/venv/lib/python3.8/site-packages/airflow/example_dags/plugins/workday.py took 0.017 seconds
[2022-09-20T17:45:39.578+0530] {processor.py:153} INFO - Started process (PID=34946) to work on /home/sayone/This PC/SayOne Technologies/Works/airflow_new/Airflow/venv/lib/python3.8/site-packages/airflow/example_dags/plugins/workday.py
[2022-09-20T17:45:39.580+0530] {processor.py:640} INFO - Processing file /home/sayone/This PC/SayOne Technologies/Works/airflow_new/Airflow/venv/lib/python3.8/site-packages/airflow/example_dags/plugins/workday.py for tasks to queue
[2022-09-20T17:45:39.581+0530] {logging_mixin.py:115} INFO - [2022-09-20T17:45:39.581+0530] {dagbag.py:508} INFO - Filling up the DagBag from /home/sayone/This PC/SayOne Technologies/Works/airflow_new/Airflow/venv/lib/python3.8/site-packages/airflow/example_dags/plugins/workday.py
[2022-09-20T17:45:39.584+0530] {processor.py:652} WARNING - No viable dags retrieved from /home/sayone/This PC/SayOne Technologies/Works/airflow_new/Airflow/venv/lib/python3.8/site-packages/airflow/example_dags/plugins/workday.py
[2022-09-20T17:45:39.596+0530] {processor.py:161} INFO - Processing /home/sayone/This PC/SayOne Technologies/Works/airflow_new/Airflow/venv/lib/python3.8/site-packages/airflow/example_dags/plugins/workday.py took 0.020 seconds
[2022-09-20T17:46:35.339+0530] {processor.py:153} INFO - Started process (PID=35081) to work on /home/sayone/This PC/SayOne Technologies/Works/airflow_new/Airflow/venv/lib/python3.8/site-packages/airflow/example_dags/plugins/workday.py
[2022-09-20T17:46:35.342+0530] {processor.py:640} INFO - Processing file /home/sayone/This PC/SayOne Technologies/Works/airflow_new/Airflow/venv/lib/python3.8/site-packages/airflow/example_dags/plugins/workday.py for tasks to queue
[2022-09-20T17:46:35.342+0530] {logging_mixin.py:115} INFO - [2022-09-20T17:46:35.342+0530] {dagbag.py:508} INFO - Filling up the DagBag from /home/sayone/This PC/SayOne Technologies/Works/airflow_new/Airflow/venv/lib/python3.8/site-packages/airflow/example_dags/plugins/workday.py
[2022-09-20T17:46:35.343+0530] {processor.py:652} WARNING - No viable dags retrieved from /home/sayone/This PC/SayOne Technologies/Works/airflow_new/Airflow/venv/lib/python3.8/site-packages/airflow/example_dags/plugins/workday.py
[2022-09-20T17:46:35.349+0530] {processor.py:161} INFO - Processing /home/sayone/This PC/SayOne Technologies/Works/airflow_new/Airflow/venv/lib/python3.8/site-packages/airflow/example_dags/plugins/workday.py took 0.011 seconds
[2022-09-20T17:47:10.276+0530] {processor.py:153} INFO - Started process (PID=35312) to work on /home/sayone/This PC/SayOne Technologies/Works/airflow_new/Airflow/venv/lib/python3.8/site-packages/airflow/example_dags/plugins/workday.py
[2022-09-20T17:47:10.279+0530] {processor.py:640} INFO - Processing file /home/sayone/This PC/SayOne Technologies/Works/airflow_new/Airflow/venv/lib/python3.8/site-packages/airflow/example_dags/plugins/workday.py for tasks to queue
[2022-09-20T17:47:10.279+0530] {logging_mixin.py:115} INFO - [2022-09-20T17:47:10.279+0530] {dagbag.py:508} INFO - Filling up the DagBag from /home/sayone/This PC/SayOne Technologies/Works/airflow_new/Airflow/venv/lib/python3.8/site-packages/airflow/example_dags/plugins/workday.py
[2022-09-20T17:47:10.281+0530] {processor.py:652} WARNING - No viable dags retrieved from /home/sayone/This PC/SayOne Technologies/Works/airflow_new/Airflow/venv/lib/python3.8/site-packages/airflow/example_dags/plugins/workday.py
[2022-09-20T17:47:10.292+0530] {processor.py:161} INFO - Processing /home/sayone/This PC/SayOne Technologies/Works/airflow_new/Airflow/venv/lib/python3.8/site-packages/airflow/example_dags/plugins/workday.py took 0.020 seconds
[2022-09-20T17:47:48.577+0530] {processor.py:153} INFO - Started process (PID=35419) to work on /home/sayone/This PC/SayOne Technologies/Works/airflow_new/Airflow/venv/lib/python3.8/site-packages/airflow/example_dags/plugins/workday.py
[2022-09-20T17:47:48.580+0530] {processor.py:640} INFO - Processing file /home/sayone/This PC/SayOne Technologies/Works/airflow_new/Airflow/venv/lib/python3.8/site-packages/airflow/example_dags/plugins/workday.py for tasks to queue
[2022-09-20T17:47:48.580+0530] {logging_mixin.py:115} INFO - [2022-09-20T17:47:48.580+0530] {dagbag.py:508} INFO - Filling up the DagBag from /home/sayone/This PC/SayOne Technologies/Works/airflow_new/Airflow/venv/lib/python3.8/site-packages/airflow/example_dags/plugins/workday.py
[2022-09-20T17:47:48.581+0530] {processor.py:652} WARNING - No viable dags retrieved from /home/sayone/This PC/SayOne Technologies/Works/airflow_new/Airflow/venv/lib/python3.8/site-packages/airflow/example_dags/plugins/workday.py
[2022-09-20T17:47:48.592+0530] {processor.py:161} INFO - Processing /home/sayone/This PC/SayOne Technologies/Works/airflow_new/Airflow/venv/lib/python3.8/site-packages/airflow/example_dags/plugins/workday.py took 0.018 seconds
[2022-09-20T17:48:24.631+0530] {processor.py:153} INFO - Started process (PID=35520) to work on /home/sayone/This PC/SayOne Technologies/Works/airflow_new/Airflow/venv/lib/python3.8/site-packages/airflow/example_dags/plugins/workday.py
[2022-09-20T17:48:24.634+0530] {processor.py:640} INFO - Processing file /home/sayone/This PC/SayOne Technologies/Works/airflow_new/Airflow/venv/lib/python3.8/site-packages/airflow/example_dags/plugins/workday.py for tasks to queue
[2022-09-20T17:48:24.635+0530] {logging_mixin.py:115} INFO - [2022-09-20T17:48:24.635+0530] {dagbag.py:508} INFO - Filling up the DagBag from /home/sayone/This PC/SayOne Technologies/Works/airflow_new/Airflow/venv/lib/python3.8/site-packages/airflow/example_dags/plugins/workday.py
[2022-09-20T17:48:24.638+0530] {processor.py:652} WARNING - No viable dags retrieved from /home/sayone/This PC/SayOne Technologies/Works/airflow_new/Airflow/venv/lib/python3.8/site-packages/airflow/example_dags/plugins/workday.py
[2022-09-20T17:48:24.649+0530] {processor.py:161} INFO - Processing /home/sayone/This PC/SayOne Technologies/Works/airflow_new/Airflow/venv/lib/python3.8/site-packages/airflow/example_dags/plugins/workday.py took 0.022 seconds
[2022-09-20T17:49:02.124+0530] {processor.py:153} INFO - Started process (PID=35642) to work on /home/sayone/This PC/SayOne Technologies/Works/airflow_new/Airflow/venv/lib/python3.8/site-packages/airflow/example_dags/plugins/workday.py
[2022-09-20T17:49:02.127+0530] {processor.py:640} INFO - Processing file /home/sayone/This PC/SayOne Technologies/Works/airflow_new/Airflow/venv/lib/python3.8/site-packages/airflow/example_dags/plugins/workday.py for tasks to queue
[2022-09-20T17:49:02.128+0530] {logging_mixin.py:115} INFO - [2022-09-20T17:49:02.127+0530] {dagbag.py:508} INFO - Filling up the DagBag from /home/sayone/This PC/SayOne Technologies/Works/airflow_new/Airflow/venv/lib/python3.8/site-packages/airflow/example_dags/plugins/workday.py
[2022-09-20T17:49:02.130+0530] {processor.py:652} WARNING - No viable dags retrieved from /home/sayone/This PC/SayOne Technologies/Works/airflow_new/Airflow/venv/lib/python3.8/site-packages/airflow/example_dags/plugins/workday.py
[2022-09-20T17:49:02.142+0530] {processor.py:161} INFO - Processing /home/sayone/This PC/SayOne Technologies/Works/airflow_new/Airflow/venv/lib/python3.8/site-packages/airflow/example_dags/plugins/workday.py took 0.020 seconds
[2022-09-20T17:49:39.075+0530] {processor.py:153} INFO - Started process (PID=35715) to work on /home/sayone/This PC/SayOne Technologies/Works/airflow_new/Airflow/venv/lib/python3.8/site-packages/airflow/example_dags/plugins/workday.py
[2022-09-20T17:49:39.078+0530] {processor.py:640} INFO - Processing file /home/sayone/This PC/SayOne Technologies/Works/airflow_new/Airflow/venv/lib/python3.8/site-packages/airflow/example_dags/plugins/workday.py for tasks to queue
[2022-09-20T17:49:39.079+0530] {logging_mixin.py:115} INFO - [2022-09-20T17:49:39.078+0530] {dagbag.py:508} INFO - Filling up the DagBag from /home/sayone/This PC/SayOne Technologies/Works/airflow_new/Airflow/venv/lib/python3.8/site-packages/airflow/example_dags/plugins/workday.py
[2022-09-20T17:49:39.081+0530] {processor.py:652} WARNING - No viable dags retrieved from /home/sayone/This PC/SayOne Technologies/Works/airflow_new/Airflow/venv/lib/python3.8/site-packages/airflow/example_dags/plugins/workday.py
[2022-09-20T17:49:39.091+0530] {processor.py:161} INFO - Processing /home/sayone/This PC/SayOne Technologies/Works/airflow_new/Airflow/venv/lib/python3.8/site-packages/airflow/example_dags/plugins/workday.py took 0.021 seconds
[2022-09-20T17:50:16.352+0530] {processor.py:153} INFO - Started process (PID=35823) to work on /home/sayone/This PC/SayOne Technologies/Works/airflow_new/Airflow/venv/lib/python3.8/site-packages/airflow/example_dags/plugins/workday.py
[2022-09-20T17:50:16.356+0530] {processor.py:640} INFO - Processing file /home/sayone/This PC/SayOne Technologies/Works/airflow_new/Airflow/venv/lib/python3.8/site-packages/airflow/example_dags/plugins/workday.py for tasks to queue
[2022-09-20T17:50:16.356+0530] {logging_mixin.py:115} INFO - [2022-09-20T17:50:16.356+0530] {dagbag.py:508} INFO - Filling up the DagBag from /home/sayone/This PC/SayOne Technologies/Works/airflow_new/Airflow/venv/lib/python3.8/site-packages/airflow/example_dags/plugins/workday.py
[2022-09-20T17:50:16.359+0530] {processor.py:652} WARNING - No viable dags retrieved from /home/sayone/This PC/SayOne Technologies/Works/airflow_new/Airflow/venv/lib/python3.8/site-packages/airflow/example_dags/plugins/workday.py
[2022-09-20T17:50:16.370+0530] {processor.py:161} INFO - Processing /home/sayone/This PC/SayOne Technologies/Works/airflow_new/Airflow/venv/lib/python3.8/site-packages/airflow/example_dags/plugins/workday.py took 0.021 seconds
[2022-09-20T17:50:52.523+0530] {processor.py:153} INFO - Started process (PID=35888) to work on /home/sayone/This PC/SayOne Technologies/Works/airflow_new/Airflow/venv/lib/python3.8/site-packages/airflow/example_dags/plugins/workday.py
[2022-09-20T17:50:52.526+0530] {processor.py:640} INFO - Processing file /home/sayone/This PC/SayOne Technologies/Works/airflow_new/Airflow/venv/lib/python3.8/site-packages/airflow/example_dags/plugins/workday.py for tasks to queue
[2022-09-20T17:50:52.526+0530] {logging_mixin.py:115} INFO - [2022-09-20T17:50:52.526+0530] {dagbag.py:508} INFO - Filling up the DagBag from /home/sayone/This PC/SayOne Technologies/Works/airflow_new/Airflow/venv/lib/python3.8/site-packages/airflow/example_dags/plugins/workday.py
[2022-09-20T17:50:52.528+0530] {processor.py:652} WARNING - No viable dags retrieved from /home/sayone/This PC/SayOne Technologies/Works/airflow_new/Airflow/venv/lib/python3.8/site-packages/airflow/example_dags/plugins/workday.py
[2022-09-20T17:50:52.539+0530] {processor.py:161} INFO - Processing /home/sayone/This PC/SayOne Technologies/Works/airflow_new/Airflow/venv/lib/python3.8/site-packages/airflow/example_dags/plugins/workday.py took 0.018 seconds
[2022-09-20T17:51:28.750+0530] {processor.py:153} INFO - Started process (PID=35997) to work on /home/sayone/This PC/SayOne Technologies/Works/airflow_new/Airflow/venv/lib/python3.8/site-packages/airflow/example_dags/plugins/workday.py
[2022-09-20T17:51:28.752+0530] {processor.py:640} INFO - Processing file /home/sayone/This PC/SayOne Technologies/Works/airflow_new/Airflow/venv/lib/python3.8/site-packages/airflow/example_dags/plugins/workday.py for tasks to queue
[2022-09-20T17:51:28.753+0530] {logging_mixin.py:115} INFO - [2022-09-20T17:51:28.753+0530] {dagbag.py:508} INFO - Filling up the DagBag from /home/sayone/This PC/SayOne Technologies/Works/airflow_new/Airflow/venv/lib/python3.8/site-packages/airflow/example_dags/plugins/workday.py
[2022-09-20T17:51:28.756+0530] {processor.py:652} WARNING - No viable dags retrieved from /home/sayone/This PC/SayOne Technologies/Works/airflow_new/Airflow/venv/lib/python3.8/site-packages/airflow/example_dags/plugins/workday.py
[2022-09-20T17:51:28.766+0530] {processor.py:161} INFO - Processing /home/sayone/This PC/SayOne Technologies/Works/airflow_new/Airflow/venv/lib/python3.8/site-packages/airflow/example_dags/plugins/workday.py took 0.019 seconds
[2022-09-20T17:52:07.062+0530] {processor.py:153} INFO - Started process (PID=36099) to work on /home/sayone/This PC/SayOne Technologies/Works/airflow_new/Airflow/venv/lib/python3.8/site-packages/airflow/example_dags/plugins/workday.py
[2022-09-20T17:52:07.066+0530] {processor.py:640} INFO - Processing file /home/sayone/This PC/SayOne Technologies/Works/airflow_new/Airflow/venv/lib/python3.8/site-packages/airflow/example_dags/plugins/workday.py for tasks to queue
[2022-09-20T17:52:07.067+0530] {logging_mixin.py:115} INFO - [2022-09-20T17:52:07.066+0530] {dagbag.py:508} INFO - Filling up the DagBag from /home/sayone/This PC/SayOne Technologies/Works/airflow_new/Airflow/venv/lib/python3.8/site-packages/airflow/example_dags/plugins/workday.py
[2022-09-20T17:52:07.069+0530] {processor.py:652} WARNING - No viable dags retrieved from /home/sayone/This PC/SayOne Technologies/Works/airflow_new/Airflow/venv/lib/python3.8/site-packages/airflow/example_dags/plugins/workday.py
[2022-09-20T17:52:07.081+0530] {processor.py:161} INFO - Processing /home/sayone/This PC/SayOne Technologies/Works/airflow_new/Airflow/venv/lib/python3.8/site-packages/airflow/example_dags/plugins/workday.py took 0.020 seconds
[2022-09-20T17:52:44.722+0530] {processor.py:153} INFO - Started process (PID=36301) to work on /home/sayone/This PC/SayOne Technologies/Works/airflow_new/Airflow/venv/lib/python3.8/site-packages/airflow/example_dags/plugins/workday.py
[2022-09-20T17:52:44.725+0530] {processor.py:640} INFO - Processing file /home/sayone/This PC/SayOne Technologies/Works/airflow_new/Airflow/venv/lib/python3.8/site-packages/airflow/example_dags/plugins/workday.py for tasks to queue
[2022-09-20T17:52:44.726+0530] {logging_mixin.py:115} INFO - [2022-09-20T17:52:44.726+0530] {dagbag.py:508} INFO - Filling up the DagBag from /home/sayone/This PC/SayOne Technologies/Works/airflow_new/Airflow/venv/lib/python3.8/site-packages/airflow/example_dags/plugins/workday.py
[2022-09-20T17:52:44.729+0530] {processor.py:652} WARNING - No viable dags retrieved from /home/sayone/This PC/SayOne Technologies/Works/airflow_new/Airflow/venv/lib/python3.8/site-packages/airflow/example_dags/plugins/workday.py
[2022-09-20T17:52:44.738+0530] {processor.py:161} INFO - Processing /home/sayone/This PC/SayOne Technologies/Works/airflow_new/Airflow/venv/lib/python3.8/site-packages/airflow/example_dags/plugins/workday.py took 0.020 seconds
[2022-09-20T17:53:21.203+0530] {processor.py:153} INFO - Started process (PID=36420) to work on /home/sayone/This PC/SayOne Technologies/Works/airflow_new/Airflow/venv/lib/python3.8/site-packages/airflow/example_dags/plugins/workday.py
[2022-09-20T17:53:21.207+0530] {processor.py:640} INFO - Processing file /home/sayone/This PC/SayOne Technologies/Works/airflow_new/Airflow/venv/lib/python3.8/site-packages/airflow/example_dags/plugins/workday.py for tasks to queue
[2022-09-20T17:53:21.208+0530] {logging_mixin.py:115} INFO - [2022-09-20T17:53:21.208+0530] {dagbag.py:508} INFO - Filling up the DagBag from /home/sayone/This PC/SayOne Technologies/Works/airflow_new/Airflow/venv/lib/python3.8/site-packages/airflow/example_dags/plugins/workday.py
[2022-09-20T17:53:21.211+0530] {processor.py:652} WARNING - No viable dags retrieved from /home/sayone/This PC/SayOne Technologies/Works/airflow_new/Airflow/venv/lib/python3.8/site-packages/airflow/example_dags/plugins/workday.py
[2022-09-20T17:53:21.222+0530] {processor.py:161} INFO - Processing /home/sayone/This PC/SayOne Technologies/Works/airflow_new/Airflow/venv/lib/python3.8/site-packages/airflow/example_dags/plugins/workday.py took 0.023 seconds
